╭────────────┬───────────┬────────┬────────┬──────────┬────────┬────────┬────────┬────────┬────────┬────────┬────────╮
│            ┆ Anastasia ┆  Asena ┆  Emmy  ┆ Gabriela ┆  Jenny ┆ LauraL ┆ LauraM ┆  Linda ┆  Nadja ┆  Tara  ┆  Dana  │
╞════════════╪═══════════╪════════╪════════╪══════════╪════════╪════════╪════════╪════════╪════════╪════════╪════════╡
│ Alex       ┆ 10.000    ┆ 10.000 ┆ 10.000 ┆ 10.000   ┆ 10.000 ┆ 10.000 ┆ 10.000 ┆ 10.000 ┆ 10.000 ┆ 10.000 ┆ 10.000 │
│ Antonino   ┆ 10.000    ┆ 10.000 ┆ 10.000 ┆ 10.000   ┆ 10.000 ┆ 10.000 ┆ 10.000 ┆ 10.000 ┆ 10.000 ┆ 10.000 ┆ 10.000 │
│ Chris      ┆ 10.000    ┆ 10.000 ┆ 10.000 ┆ 10.000   ┆ 10.000 ┆ 10.000 ┆ 10.000 ┆ 10.000 ┆ 10.000 ┆ 10.000 ┆ 10.000 │
│ Kaan       ┆ 10.000    ┆ 10.000 ┆ 10.000 ┆ 10.000   ┆ 10.000 ┆ 10.000 ┆ 10.000 ┆ 10.000 ┆ 10.000 ┆ 10.000 ┆ 10.000 │
│ Lars       ┆ 10.000    ┆ 10.000 ┆ 10.000 ┆ 10.000   ┆ 10.000 ┆ 10.000 ┆ 10.000 ┆ 10.000 ┆ 10.000 ┆ 10.000 ┆ 10.000 │
│ Lukas      ┆ 10.000    ┆ 10.000 ┆ 10.000 ┆ 10.000   ┆ 10.000 ┆ 10.000 ┆ 10.000 ┆ 10.000 ┆ 10.000 ┆ 10.000 ┆ 10.000 │
│ Marc-Robin ┆ 10.000    ┆ 10.000 ┆ 10.000 ┆ 10.000   ┆ 10.000 ┆ 10.000 ┆ 10.000 ┆ 10.000 ┆ 10.000 ┆ 10.000 ┆ 10.000 │
│ Nikola     ┆ 10.000    ┆ 10.000 ┆ 10.000 ┆ 10.000   ┆ 10.000 ┆ 10.000 ┆ 10.000 ┆ 10.000 ┆ 10.000 ┆ 10.000 ┆ 10.000 │
│ Ozan       ┆ 10.000    ┆ 10.000 ┆ 10.000 ┆ 10.000   ┆ 10.000 ┆ 10.000 ┆ 10.000 ┆ 10.000 ┆ 10.000 ┆ 10.000 ┆ 10.000 │
│ Tim        ┆ 10.000    ┆ 10.000 ┆ 10.000 ┆ 10.000   ┆ 10.000 ┆ 10.000 ┆ 10.000 ┆ 10.000 ┆ 10.000 ┆ 10.000 ┆ 10.000 │
╰────────────┴───────────┴────────┴────────┴──────────┴────────┴────────┴────────┴────────┴────────┴────────┴────────╯
36288000 left -> 25.112989209604315 bits left

0 MB#1.0 E03
Marc-Robin -> LauraL
-> I = 0.15200309344504995
╭────────────┬───────────┬────────┬────────┬──────────┬────────┬────────┬────────┬────────┬────────┬────────┬────────╮
│            ┆ Anastasia ┆  Asena ┆  Emmy  ┆ Gabriela ┆  Jenny ┆ LauraL ┆ LauraM ┆  Linda ┆  Nadja ┆  Tara  ┆  Dana  │
╞════════════╪═══════════╪════════╪════════╪══════════╪════════╪════════╪════════╪════════╪════════╪════════╪════════╡
│ Alex       ┆ 9.877     ┆ 9.877  ┆ 9.877  ┆ 9.877    ┆ 9.877  ┆ 11.111 ┆ 9.877  ┆ 9.877  ┆ 9.877  ┆ 9.877  ┆ 10.000 │
│ Antonino   ┆ 9.877     ┆ 9.877  ┆ 9.877  ┆ 9.877    ┆ 9.877  ┆ 11.111 ┆ 9.877  ┆ 9.877  ┆ 9.877  ┆ 9.877  ┆ 10.000 │
│ Chris      ┆ 9.877     ┆ 9.877  ┆ 9.877  ┆ 9.877    ┆ 9.877  ┆ 11.111 ┆ 9.877  ┆ 9.877  ┆ 9.877  ┆ 9.877  ┆ 10.000 │
│ Kaan       ┆ 9.877     ┆ 9.877  ┆ 9.877  ┆ 9.877    ┆ 9.877  ┆ 11.111 ┆ 9.877  ┆ 9.877  ┆ 9.877  ┆ 9.877  ┆ 10.000 │
│ Lars       ┆ 9.877     ┆ 9.877  ┆ 9.877  ┆ 9.877    ┆ 9.877  ┆ 11.111 ┆ 9.877  ┆ 9.877  ┆ 9.877  ┆ 9.877  ┆ 10.000 │
│ Lukas      ┆ 9.877     ┆ 9.877  ┆ 9.877  ┆ 9.877    ┆ 9.877  ┆ 11.111 ┆ 9.877  ┆ 9.877  ┆ 9.877  ┆ 9.877  ┆ 10.000 │
│ Marc-Robin ┆ 11.111    ┆ 11.111 ┆ 11.111 ┆ 11.111   ┆ 11.111 ┆ 0.000  ┆ 11.111 ┆ 11.111 ┆ 11.111 ┆ 11.111 ┆ 10.000 │
│ Nikola     ┆ 9.877     ┆ 9.877  ┆ 9.877  ┆ 9.877    ┆ 9.877  ┆ 11.111 ┆ 9.877  ┆ 9.877  ┆ 9.877  ┆ 9.877  ┆ 10.000 │
│ Ozan       ┆ 9.877     ┆ 9.877  ┆ 9.877  ┆ 9.877    ┆ 9.877  ┆ 11.111 ┆ 9.877  ┆ 9.877  ┆ 9.877  ┆ 9.877  ┆ 10.000 │
│ Tim        ┆ 9.877     ┆ 9.877  ┆ 9.877  ┆ 9.877    ┆ 9.877  ┆ 11.111 ┆ 9.877  ┆ 9.877  ┆ 9.877  ┆ 9.877  ┆ 10.000 │
╰────────────┴───────────┴────────┴────────┴──────────┴────────┴────────┴────────┴────────┴────────┴────────┴────────╯
32659200 left -> 24.960986116159265 bits left

2 MN#1.0 E04
Marc-Robin -> Anastasia
Lukas -> Jenny
Alex -> LauraL
Tim -> Linda
Ozan -> Gabriela
Lars -> Nadja
Nikola -> Tara
Chris -> Emmy
Antonino -> LauraM
Kaan -> Asena
-> I = 2.424983222224046
╭────────────┬───────────┬────────┬────────┬──────────┬────────┬────────┬────────┬────────┬────────┬────────┬────────╮
│            ┆ Anastasia ┆  Asena ┆  Emmy  ┆ Gabriela ┆  Jenny ┆ LauraL ┆ LauraM ┆  Linda ┆  Nadja ┆  Tara  ┆  Dana  │
╞════════════╪═══════════╪════════╪════════╪══════════╪════════╪════════╪════════╪════════╪════════╪════════╪════════╡
│ Alex       ┆ 8.536     ┆ 8.689  ┆ 8.689  ┆ 8.689    ┆ 8.689  ┆ 21.951 ┆ 8.689  ┆ 8.689  ┆ 8.689  ┆ 8.689  ┆ 10.000 │
│ Antonino   ┆ 8.689     ┆ 8.863  ┆ 8.863  ┆ 8.863    ┆ 8.863  ┆ 9.756  ┆ 19.512 ┆ 8.863  ┆ 8.863  ┆ 8.863  ┆ 10.000 │
│ Chris      ┆ 8.689     ┆ 8.863  ┆ 19.512 ┆ 8.863    ┆ 8.863  ┆ 9.756  ┆ 8.863  ┆ 8.863  ┆ 8.863  ┆ 8.863  ┆ 10.000 │
│ Kaan       ┆ 8.689     ┆ 19.512 ┆ 8.863  ┆ 8.863    ┆ 8.863  ┆ 9.756  ┆ 8.863  ┆ 8.863  ┆ 8.863  ┆ 8.863  ┆ 10.000 │
│ Lars       ┆ 8.689     ┆ 8.863  ┆ 8.863  ┆ 8.863    ┆ 8.863  ┆ 9.756  ┆ 8.863  ┆ 8.863  ┆ 19.512 ┆ 8.863  ┆ 10.000 │
│ Lukas      ┆ 8.689     ┆ 8.863  ┆ 8.863  ┆ 8.863    ┆ 19.512 ┆ 9.756  ┆ 8.863  ┆ 8.863  ┆ 8.863  ┆ 8.863  ┆ 10.000 │
│ Marc-Robin ┆ 21.951    ┆ 9.756  ┆ 9.756  ┆ 9.756    ┆ 9.756  ┆ 0.000  ┆ 9.756  ┆ 9.756  ┆ 9.756  ┆ 9.756  ┆ 10.000 │
│ Nikola     ┆ 8.689     ┆ 8.863  ┆ 8.863  ┆ 8.863    ┆ 8.863  ┆ 9.756  ┆ 8.863  ┆ 8.863  ┆ 8.863  ┆ 19.512 ┆ 10.000 │
│ Ozan       ┆ 8.689     ┆ 8.863  ┆ 8.863  ┆ 19.512   ┆ 8.863  ┆ 9.756  ┆ 8.863  ┆ 8.863  ┆ 8.863  ┆ 8.863  ┆ 10.000 │
│ Tim        ┆ 8.689     ┆ 8.863  ┆ 8.863  ┆ 8.863    ┆ 8.863  ┆ 9.756  ┆ 8.863  ┆ 19.512 ┆ 8.863  ┆ 8.863  ┆ 10.000 │
╰────────────┴───────────┴────────┴────────┴──────────┴────────┴────────┴────────┴────────┴────────┴────────┴────────╯
6081530 left -> 22.53600289393522 bits left

╭────────┬───┬────────┬──────────┬───────┬───────┬───────┬───────┬────────────┬────────┬──────────┬───────┬───┬─────────────────────╮
│        ┆ L ┆  Alex  ┆ Antonino ┆ Chris ┆  Kaan ┆  Lars ┆ Lukas ┆ Marc-Robin ┆ Nikola ┆   Ozan   ┆  Tim  ┆   ┆          I          │
╞════════╪═══╪════════╪══════════╪═══════╪═══════╪═══════╪═══════╪════════════╪════════╪══════════╪═══════╪═══╪═════════════════════╡
│ MB#1.0 ┆ 0 ┆        ┆          ┆       ┆       ┆       ┆       ┆ LauraL     ┆        ┆          ┆       ┆   ┆ 0.15200309344504995 │
│ MN#1.0 ┆ 2 ┆ LauraL ┆ LauraM   ┆ Emmy  ┆ Asena ┆ Nadja ┆ Jenny ┆ Anastasia  ┆ Tara   ┆ Gabriela ┆ Linda ┆   ┆ 2.424983222224046   │
╰────────┴───┴────────┴──────────┴───────┴───────┴───────┴───────┴────────────┴────────┴──────────┴───────┴───┴─────────────────────╯
Total permutations: 36288000  Permutations left: 6081530  Initial combinations for each pair: 3628800

Ran in 10.07s
