Could use cache file: None
Writing to cache file: None
╭──────────┬──────┬─────────┬────────┬──────┬───────┬────────┬──────┬───────┬──────┬──────╮
│          ┆[48;2;74;68;89m Cach [49m┆[48;2;74;68;89m Charlie [49m┆[48;2;74;68;89m Ismail [49m┆[48;2;74;68;89m Jack [49m┆[48;2;74;68;89m Jacob [49m┆[48;2;74;68;89m Jordan [49m┆[48;2;74;68;89m Josh [49m┆[48;2;74;68;89m Joshy [49m┆[48;2;74;68;89m Juan [49m┆[48;2;74;68;89m Theo [49m│
╞══════════╪══════╪═════════╪════════╪══════╪═══════╪════════╪══════╪═══════╪══════╪══════╡
│[48;2;69;76;102m Libby    [49m┆[48;2;65;77;71m 10   [49m┆[48;2;65;77;71m 10      [49m┆[48;2;65;77;71m 10     [49m┆[48;2;65;77;71m 10   [49m┆[48;2;65;77;71m 10    [49m┆[48;2;65;77;71m 10     [49m┆[48;2;65;77;71m 10   [49m┆[48;2;65;77;71m 10    [49m┆[48;2;65;77;71m 10   [49m┆[48;2;65;77;71m 10   [49m│
│[48;2;69;76;102m Olivia   [49m┆[48;2;65;77;71m 10   [49m┆[48;2;65;77;71m 10      [49m┆[48;2;65;77;71m 10     [49m┆[48;2;65;77;71m 10   [49m┆[48;2;65;77;71m 10    [49m┆[48;2;65;77;71m 10     [49m┆[48;2;65;77;71m 10   [49m┆[48;2;65;77;71m 10    [49m┆[48;2;65;77;71m 10   [49m┆[48;2;65;77;71m 10   [49m│
│[48;2;69;76;102m Robyn    [49m┆[48;2;65;77;71m 10   [49m┆[48;2;65;77;71m 10      [49m┆[48;2;65;77;71m 10     [49m┆[48;2;65;77;71m 10   [49m┆[48;2;65;77;71m 10    [49m┆[48;2;65;77;71m 10     [49m┆[48;2;65;77;71m 10   [49m┆[48;2;65;77;71m 10    [49m┆[48;2;65;77;71m 10   [49m┆[48;2;65;77;71m 10   [49m│
│[48;2;69;76;102m Sapphia  [49m┆[48;2;65;77;71m 10   [49m┆[48;2;65;77;71m 10      [49m┆[48;2;65;77;71m 10     [49m┆[48;2;65;77;71m 10   [49m┆[48;2;65;77;71m 10    [49m┆[48;2;65;77;71m 10     [49m┆[48;2;65;77;71m 10   [49m┆[48;2;65;77;71m 10    [49m┆[48;2;65;77;71m 10   [49m┆[48;2;65;77;71m 10   [49m│
│[48;2;69;76;102m Shae     [49m┆[48;2;65;77;71m 10   [49m┆[48;2;65;77;71m 10      [49m┆[48;2;65;77;71m 10     [49m┆[48;2;65;77;71m 10   [49m┆[48;2;65;77;71m 10    [49m┆[48;2;65;77;71m 10     [49m┆[48;2;65;77;71m 10   [49m┆[48;2;65;77;71m 10    [49m┆[48;2;65;77;71m 10   [49m┆[48;2;65;77;71m 10   [49m│
│[48;2;69;76;102m Taofiqah [49m┆[48;2;65;77;71m 10   [49m┆[48;2;65;77;71m 10      [49m┆[48;2;65;77;71m 10     [49m┆[48;2;65;77;71m 10   [49m┆[48;2;65;77;71m 10    [49m┆[48;2;65;77;71m 10     [49m┆[48;2;65;77;71m 10   [49m┆[48;2;65;77;71m 10    [49m┆[48;2;65;77;71m 10   [49m┆[48;2;65;77;71m 10   [49m│
│[48;2;69;76;102m Tasha    [49m┆[48;2;65;77;71m 10   [49m┆[48;2;65;77;71m 10      [49m┆[48;2;65;77;71m 10     [49m┆[48;2;65;77;71m 10   [49m┆[48;2;65;77;71m 10    [49m┆[48;2;65;77;71m 10     [49m┆[48;2;65;77;71m 10   [49m┆[48;2;65;77;71m 10    [49m┆[48;2;65;77;71m 10   [49m┆[48;2;65;77;71m 10   [49m│
│[48;2;69;76;102m Thea     [49m┆[48;2;65;77;71m 10   [49m┆[48;2;65;77;71m 10      [49m┆[48;2;65;77;71m 10     [49m┆[48;2;65;77;71m 10   [49m┆[48;2;65;77;71m 10    [49m┆[48;2;65;77;71m 10     [49m┆[48;2;65;77;71m 10   [49m┆[48;2;65;77;71m 10    [49m┆[48;2;65;77;71m 10   [49m┆[48;2;65;77;71m 10   [49m│
│[48;2;69;76;102m Therese  [49m┆[48;2;65;77;71m 10   [49m┆[48;2;65;77;71m 10      [49m┆[48;2;65;77;71m 10     [49m┆[48;2;65;77;71m 10   [49m┆[48;2;65;77;71m 10    [49m┆[48;2;65;77;71m 10     [49m┆[48;2;65;77;71m 10   [49m┆[48;2;65;77;71m 10    [49m┆[48;2;65;77;71m 10   [49m┆[48;2;65;77;71m 10   [49m│
│[48;2;69;76;102m Vic      [49m┆[48;2;65;77;71m 10   [49m┆[48;2;65;77;71m 10      [49m┆[48;2;65;77;71m 10     [49m┆[48;2;65;77;71m 10   [49m┆[48;2;65;77;71m 10    [49m┆[48;2;65;77;71m 10     [49m┆[48;2;65;77;71m 10   [49m┆[48;2;65;77;71m 10    [49m┆[48;2;65;77;71m 10   [49m┆[48;2;65;77;71m 10   [49m│
╰──────────┴──────┴─────────┴────────┴──────┴───────┴────────┴──────┴───────┴──────┴──────╯
3628800 left -> 21.7911 bits left

MB#1 E01
Tasha → Joshy 
---
-> I[l]/bits: {0: 0.15, 1: 3.32}
-> E[I]/bits: 0.47 = H
0 lights => I = 0.152 bits
╭──────────┬────────┬─────────┬────────┬────────┬────────┬────────┬────────┬────────┬────────┬────────╮
│          ┆[48;2;74;68;89m  Cach  [49m┆[48;2;74;68;89m Charlie [49m┆[48;2;74;68;89m Ismail [49m┆[48;2;74;68;89m  Jack  [49m┆[48;2;74;68;89m  Jacob [49m┆[48;2;74;68;89m Jordan [49m┆[48;2;74;68;89m  Josh  [49m┆[48;2;74;68;89m  Joshy [49m┆[48;2;74;68;89m  Juan  [49m┆[48;2;74;68;89m  Theo  [49m│
╞══════════╪════════╪═════════╪════════╪════════╪════════╪════════╪════════╪════════╪════════╪════════╡
│[48;2;69;76;102m Libby    [49m┆[48;2;41;44;60m  9.877 [49m┆[48;2;41;44;60m  9.877  [49m┆[48;2;41;44;60m  9.877 [49m┆[48;2;41;44;60m  9.877 [49m┆[48;2;41;44;60m  9.877 [49m┆[48;2;41;44;60m  9.877 [49m┆[48;2;41;44;60m  9.877 [49m┆[48;2;65;77;71m 11.111 [49m┆[48;2;41;44;60m  9.877 [49m┆[48;2;41;44;60m  9.877 [49m│
│[48;2;69;76;102m Olivia   [49m┆  9.877 ┆  9.877  ┆  9.877 ┆  9.877 ┆  9.877 ┆  9.877 ┆  9.877 ┆[48;2;65;77;71m 11.111 [49m┆  9.877 ┆  9.877 │
│[48;2;69;76;102m Robyn    [49m┆[48;2;41;44;60m  9.877 [49m┆[48;2;41;44;60m  9.877  [49m┆[48;2;41;44;60m  9.877 [49m┆[48;2;41;44;60m  9.877 [49m┆[48;2;41;44;60m  9.877 [49m┆[48;2;41;44;60m  9.877 [49m┆[48;2;41;44;60m  9.877 [49m┆[48;2;65;77;71m 11.111 [49m┆[48;2;41;44;60m  9.877 [49m┆[48;2;41;44;60m  9.877 [49m│
│[48;2;69;76;102m Sapphia  [49m┆  9.877 ┆  9.877  ┆  9.877 ┆  9.877 ┆  9.877 ┆  9.877 ┆  9.877 ┆[48;2;65;77;71m 11.111 [49m┆  9.877 ┆  9.877 │
│[48;2;69;76;102m Shae     [49m┆[48;2;41;44;60m  9.877 [49m┆[48;2;41;44;60m  9.877  [49m┆[48;2;41;44;60m  9.877 [49m┆[48;2;41;44;60m  9.877 [49m┆[48;2;41;44;60m  9.877 [49m┆[48;2;41;44;60m  9.877 [49m┆[48;2;41;44;60m  9.877 [49m┆[48;2;65;77;71m 11.111 [49m┆[48;2;41;44;60m  9.877 [49m┆[48;2;41;44;60m  9.877 [49m│
│[48;2;69;76;102m Taofiqah [49m┆  9.877 ┆  9.877  ┆  9.877 ┆  9.877 ┆  9.877 ┆  9.877 ┆  9.877 ┆[48;2;65;77;71m 11.111 [49m┆  9.877 ┆  9.877 │
│[48;2;69;76;102m Tasha    [49m┆[48;2;65;77;71m 11.111 [49m┆[48;2;65;77;71m 11.111  [49m┆[48;2;65;77;71m 11.111 [49m┆[48;2;65;77;71m 11.111 [49m┆[48;2;65;77;71m 11.111 [49m┆[48;2;65;77;71m 11.111 [49m┆[48;2;65;77;71m 11.111 [49m┆[48;2;41;44;60m[38;5;9m  0     [49m[39m┆[48;2;65;77;71m 11.111 [49m┆[48;2;65;77;71m 11.111 [49m│
│[48;2;69;76;102m Thea     [49m┆  9.877 ┆  9.877  ┆  9.877 ┆  9.877 ┆  9.877 ┆  9.877 ┆  9.877 ┆[48;2;65;77;71m 11.111 [49m┆  9.877 ┆  9.877 │
│[48;2;69;76;102m Therese  [49m┆[48;2;41;44;60m  9.877 [49m┆[48;2;41;44;60m  9.877  [49m┆[48;2;41;44;60m  9.877 [49m┆[48;2;41;44;60m  9.877 [49m┆[48;2;41;44;60m  9.877 [49m┆[48;2;41;44;60m  9.877 [49m┆[48;2;41;44;60m  9.877 [49m┆[48;2;65;77;71m 11.111 [49m┆[48;2;41;44;60m  9.877 [49m┆[48;2;41;44;60m  9.877 [49m│
│[48;2;69;76;102m Vic      [49m┆  9.877 ┆  9.877  ┆  9.877 ┆  9.877 ┆  9.877 ┆  9.877 ┆  9.877 ┆[48;2;65;77;71m 11.111 [49m┆  9.877 ┆  9.877 │
╰──────────┴────────┴─────────┴────────┴────────┴────────┴────────┴────────┴────────┴────────┴────────╯
3265920 left -> 21.6391 bits left

MN#1 E01
0x Libby    → Joshy   
0x Olivia   → Ismail  
0x Robyn    → Jordan  
0x Sapphia  → Cach    
0x Shae     → Jack    
0x Taofiqah → Josh    
0x Tasha    → Theo    
0x Thea     → Charlie 
0x Therese  → Juan    
0x Vic      → Jacob   
---
-> I[l]/bits: {0: 1.46, 1: 1.44, 2: 2.42, 3: 3.99, 4: 5.97, 5: 8.28, 6: 10.82, 7: 13.78, 8: 16.18, 10: 21.64}
-> E[I]/bits: 1.89 = H
2 lights => I = 2.425 bits
╭──────────┬────────┬─────────┬────────┬────────┬────────┬────────┬────────┬────────┬────────┬────────╮
│          ┆[48;2;74;68;89m  Cach  [49m┆[48;2;74;68;89m Charlie [49m┆[48;2;74;68;89m Ismail [49m┆[48;2;74;68;89m  Jack  [49m┆[48;2;74;68;89m  Jacob [49m┆[48;2;74;68;89m Jordan [49m┆[48;2;74;68;89m  Josh  [49m┆[48;2;74;68;89m  Joshy [49m┆[48;2;74;68;89m  Juan  [49m┆[48;2;74;68;89m  Theo  [49m│
╞══════════╪════════╪═════════╪════════╪════════╪════════╪════════╪════════╪════════╪════════╪════════╡
│[48;2;69;76;102m Libby    [49m┆[48;2;41;44;60m  8.689 [49m┆[48;2;41;44;60m  8.689  [49m┆[48;2;41;44;60m  8.689 [49m┆[48;2;41;44;60m  8.689 [49m┆[48;2;41;44;60m  8.689 [49m┆[48;2;41;44;60m  8.689 [49m┆[48;2;41;44;60m  8.689 [49m┆[48;2;65;77;71m 21.951 [49m┆[48;2;41;44;60m  8.689 [49m┆[48;2;41;44;60m  8.536 [49m│
│[48;2;69;76;102m Olivia   [49m┆  8.863 ┆  8.863  ┆[48;2;65;77;71m 19.512 [49m┆  8.863 ┆  8.863 ┆  8.863 ┆  8.863 ┆  9.756 ┆  8.863 ┆  8.689 │
│[48;2;69;76;102m Robyn    [49m┆[48;2;41;44;60m  8.863 [49m┆[48;2;41;44;60m  8.863  [49m┆[48;2;41;44;60m  8.863 [49m┆[48;2;41;44;60m  8.863 [49m┆[48;2;41;44;60m  8.863 [49m┆[48;2;65;77;71m 19.512 [49m┆[48;2;41;44;60m  8.863 [49m┆[48;2;41;44;60m  9.756 [49m┆[48;2;41;44;60m  8.863 [49m┆[48;2;41;44;60m  8.689 [49m│
│[48;2;69;76;102m Sapphia  [49m┆[48;2;65;77;71m 19.512 [49m┆  8.863  ┆  8.863 ┆  8.863 ┆  8.863 ┆  8.863 ┆  8.863 ┆  9.756 ┆  8.863 ┆  8.689 │
│[48;2;69;76;102m Shae     [49m┆[48;2;41;44;60m  8.863 [49m┆[48;2;41;44;60m  8.863  [49m┆[48;2;41;44;60m  8.863 [49m┆[48;2;65;77;71m 19.512 [49m┆[48;2;41;44;60m  8.863 [49m┆[48;2;41;44;60m  8.863 [49m┆[48;2;41;44;60m  8.863 [49m┆[48;2;41;44;60m  9.756 [49m┆[48;2;41;44;60m  8.863 [49m┆[48;2;41;44;60m  8.689 [49m│
│[48;2;69;76;102m Taofiqah [49m┆  8.863 ┆  8.863  ┆  8.863 ┆  8.863 ┆  8.863 ┆  8.863 ┆[48;2;65;77;71m 19.512 [49m┆  9.756 ┆  8.863 ┆  8.689 │
│[48;2;69;76;102m Tasha    [49m┆[48;2;41;44;60m  9.756 [49m┆[48;2;41;44;60m  9.756  [49m┆[48;2;41;44;60m  9.756 [49m┆[48;2;41;44;60m  9.756 [49m┆[48;2;41;44;60m  9.756 [49m┆[48;2;41;44;60m  9.756 [49m┆[48;2;41;44;60m  9.756 [49m┆[48;2;41;44;60m[38;5;9m  0     [49m[39m┆[48;2;41;44;60m  9.756 [49m┆[48;2;65;77;71m 21.951 [49m│
│[48;2;69;76;102m Thea     [49m┆  8.863 ┆[48;2;65;77;71m 19.512  [49m┆  8.863 ┆  8.863 ┆  8.863 ┆  8.863 ┆  8.863 ┆  9.756 ┆  8.863 ┆  8.689 │
│[48;2;69;76;102m Therese  [49m┆[48;2;41;44;60m  8.863 [49m┆[48;2;41;44;60m  8.863  [49m┆[48;2;41;44;60m  8.863 [49m┆[48;2;41;44;60m  8.863 [49m┆[48;2;41;44;60m  8.863 [49m┆[48;2;41;44;60m  8.863 [49m┆[48;2;41;44;60m  8.863 [49m┆[48;2;41;44;60m  9.756 [49m┆[48;2;65;77;71m 19.512 [49m┆[48;2;41;44;60m  8.689 [49m│
│[48;2;69;76;102m Vic      [49m┆  8.863 ┆  8.863  ┆  8.863 ┆  8.863 ┆[48;2;65;77;71m 19.512 [49m┆  8.863 ┆  8.863 ┆  9.756 ┆  8.863 ┆  8.689 │
╰──────────┴────────┴─────────┴────────┴────────┴────────┴────────┴────────┴────────┴────────┴────────╯
608153 left -> 19.2141 bits left

MB#2 E02
Taofiqah → Josh 
---
-> I[l]/bits: {0: 0.31, 1: 2.36}
-> E[I]/bits: 0.71 = H
0 lights => I = 0.3132 bits
╭──────────┬────────┬─────────┬────────┬────────┬────────┬────────┬────────┬────────┬────────┬────────╮
│          ┆[48;2;74;68;89m  Cach  [49m┆[48;2;74;68;89m Charlie [49m┆[48;2;74;68;89m Ismail [49m┆[48;2;74;68;89m  Jack  [49m┆[48;2;74;68;89m  Jacob [49m┆[48;2;74;68;89m Jordan [49m┆[48;2;74;68;89m  Josh  [49m┆[48;2;74;68;89m  Joshy [49m┆[48;2;74;68;89m  Juan  [49m┆[48;2;74;68;89m  Theo  [49m│
╞══════════╪════════╪═════════╪════════╪════════╪════════╪════════╪════════╪════════╪════════╪════════╡
│[48;2;69;76;102m Libby    [49m┆[48;2;41;44;60m  8.144 [49m┆[48;2;41;44;60m  8.144  [49m┆[48;2;41;44;60m  8.144 [49m┆[48;2;41;44;60m  8.144 [49m┆[48;2;41;44;60m  8.144 [49m┆[48;2;41;44;60m  8.144 [49m┆[48;2;41;44;60m 10.796 [49m┆[48;2;65;77;71m 24.242 [49m┆[48;2;41;44;60m  8.144 [49m┆[48;2;41;44;60m  7.954 [49m│
│[48;2;69;76;102m Olivia   [49m┆  8.351 ┆  8.351  ┆[48;2;65;77;71m 21.645 [49m┆  8.351 ┆  8.351 ┆  8.351 ┆ 11.012 ┆  9.091 ┆  8.351 ┆  8.144 │
│[48;2;69;76;102m Robyn    [49m┆[48;2;41;44;60m  8.351 [49m┆[48;2;41;44;60m  8.351  [49m┆[48;2;41;44;60m  8.351 [49m┆[48;2;41;44;60m  8.351 [49m┆[48;2;41;44;60m  8.351 [49m┆[48;2;65;77;71m 21.645 [49m┆[48;2;41;44;60m 11.012 [49m┆[48;2;41;44;60m  9.091 [49m┆[48;2;41;44;60m  8.351 [49m┆[48;2;41;44;60m  8.144 [49m│
│[48;2;69;76;102m Sapphia  [49m┆[48;2;65;77;71m 21.645 [49m┆  8.351  ┆  8.351 ┆  8.351 ┆  8.351 ┆  8.351 ┆ 11.012 ┆  9.091 ┆  8.351 ┆  8.144 │
│[48;2;69;76;102m Shae     [49m┆[48;2;41;44;60m  8.351 [49m┆[48;2;41;44;60m  8.351  [49m┆[48;2;41;44;60m  8.351 [49m┆[48;2;65;77;71m 21.645 [49m┆[48;2;41;44;60m  8.351 [49m┆[48;2;41;44;60m  8.351 [49m┆[48;2;41;44;60m 11.012 [49m┆[48;2;41;44;60m  9.091 [49m┆[48;2;41;44;60m  8.351 [49m┆[48;2;41;44;60m  8.144 [49m│
│[48;2;69;76;102m Taofiqah [49m┆ 11.012 ┆ 11.012  ┆ 11.012 ┆ 11.012 ┆ 11.012 ┆ 11.012 ┆[38;5;9m  0     [39m┆[48;2;69;76;102m 12.121 [49m┆ 11.012 ┆ 10.796 │
│[48;2;69;76;102m Tasha    [49m┆[48;2;41;44;60m  9.091 [49m┆[48;2;41;44;60m  9.091  [49m┆[48;2;41;44;60m  9.091 [49m┆[48;2;41;44;60m  9.091 [49m┆[48;2;41;44;60m  9.091 [49m┆[48;2;41;44;60m  9.091 [49m┆[48;2;74;68;89m 12.121 [49m┆[48;2;41;44;60m[38;5;9m  0     [49m[39m┆[48;2;41;44;60m  9.091 [49m┆[48;2;65;77;71m 24.242 [49m│
│[48;2;69;76;102m Thea     [49m┆  8.351 ┆[48;2;65;77;71m 21.645  [49m┆  8.351 ┆  8.351 ┆  8.351 ┆  8.351 ┆ 11.012 ┆  9.091 ┆  8.351 ┆  8.144 │
│[48;2;69;76;102m Therese  [49m┆[48;2;41;44;60m  8.351 [49m┆[48;2;41;44;60m  8.351  [49m┆[48;2;41;44;60m  8.351 [49m┆[48;2;41;44;60m  8.351 [49m┆[48;2;41;44;60m  8.351 [49m┆[48;2;41;44;60m  8.351 [49m┆[48;2;41;44;60m 11.012 [49m┆[48;2;41;44;60m  9.091 [49m┆[48;2;65;77;71m 21.645 [49m┆[48;2;41;44;60m  8.144 [49m│
│[48;2;69;76;102m Vic      [49m┆  8.351 ┆  8.351  ┆  8.351 ┆  8.351 ┆[48;2;65;77;71m 21.645 [49m┆  8.351 ┆ 11.012 ┆  9.091 ┆  8.351 ┆  8.144 │
╰──────────┴────────┴─────────┴────────┴────────┴────────┴────────┴────────┴────────┴────────┴────────╯
489489 left -> 18.9009 bits left

MN#2 E02
0x Libby    → Josh    
1x Olivia   → Ismail  
0x Robyn    → Joshy   
0x Sapphia  → Jordan  
0x Shae     → Charlie 
0x Taofiqah → Cach    
1x Tasha    → Theo    
0x Thea     → Juan    
0x Therese  → Jack    
1x Vic      → Jacob   
---
-> I[l]/bits: {0: 2.01, 1: 1.43, 2: 2.04, 3: 3.33, 4: 5.07, 5: 7.16, 6: 9.51, 7: 12.26, 8: 14.58}
-> E[I]/bits: 2.07 = H
3 lights => I = 3.3282 bits
╭──────────┬────────┬─────────┬────────┬────────┬────────┬────────┬────────┬────────┬────────┬────────╮
│          ┆[48;2;74;68;89m  Cach  [49m┆[48;2;74;68;89m Charlie [49m┆[48;2;74;68;89m Ismail [49m┆[48;2;74;68;89m  Jack  [49m┆[48;2;74;68;89m  Jacob [49m┆[48;2;74;68;89m Jordan [49m┆[48;2;74;68;89m  Josh  [49m┆[48;2;74;68;89m  Joshy [49m┆[48;2;74;68;89m  Juan  [49m┆[48;2;74;68;89m  Theo  [49m│
╞══════════╪════════╪═════════╪════════╪════════╪════════╪════════╪════════╪════════╪════════╪════════╡
│[48;2;69;76;102m Libby    [49m┆[48;2;41;44;60m  7.877 [49m┆[48;2;41;44;60m  8.375  [49m┆[48;2;41;44;60m  6.358 [49m┆[48;2;41;44;60m  8.375 [49m┆[48;2;41;44;60m  6.358 [49m┆[48;2;41;44;60m  8.306 [49m┆[48;2;65;77;71m 27.471 [49m┆[48;2;41;44;60m 12.586 [49m┆[48;2;41;44;60m  8.375 [49m┆[48;2;41;44;60m  5.917 [49m│
│[48;2;69;76;102m Olivia   [49m┆  6.414 ┆  6.902  ┆[48;2;65;77;71m 41.703 [49m┆  6.902 ┆  4.916 ┆  6.812 ┆  7.821 ┆  7.169 ┆  6.902 ┆  4.459 │
│[48;2;69;76;102m Robyn    [49m┆[48;2;41;44;60m  8.246 [49m┆[48;2;41;44;60m  8.817  [49m┆[48;2;41;44;60m  6.713 [49m┆[48;2;41;44;60m  8.817 [49m┆[48;2;41;44;60m  6.713 [49m┆[48;2;41;44;60m 11.373 [49m┆[48;2;41;44;60m  9.578 [49m┆[48;2;65;77;71m 24.72  [49m┆[48;2;41;44;60m  8.817 [49m┆[48;2;41;44;60m  6.207 [49m│
│[48;2;69;76;102m Sapphia  [49m┆ 11.504 ┆  8.845  ┆  6.791 ┆  8.845 ┆  6.791 ┆[48;2;65;77;71m 22.859 [49m┆  9.723 ┆  9.461 ┆  8.845 ┆  6.334 │
│[48;2;69;76;102m Shae     [49m┆[48;2;41;44;60m  8.369 [49m┆[48;2;65;77;71m 22.619  [49m┆[48;2;41;44;60m  6.902 [49m┆[48;2;41;44;60m 11.72  [49m┆[48;2;41;44;60m  6.902 [49m┆[48;2;41;44;60m  8.966 [49m┆[48;2;41;44;60m  9.775 [49m┆[48;2;41;44;60m  9.498 [49m┆[48;2;41;44;60m  8.796 [49m┆[48;2;41;44;60m  6.453 [49m│
│[48;2;69;76;102m Taofiqah [49m┆[48;2;65;77;71m 27.716 [49m┆  9.732  ┆  7.805 ┆  9.732 ┆  7.805 ┆  9.783 ┆[38;5;9m  0     [39m┆ 10.403 ┆  9.732 ┆  7.294 │
│[48;2;69;76;102m Tasha    [49m┆[48;2;41;44;60m  6.722 [49m┆[48;2;41;44;60m  7.292  [49m┆[48;2;41;44;60m  5.006 [49m┆[48;2;41;44;60m  7.292 [49m┆[48;2;41;44;60m  5.006 [49m┆[48;2;41;44;60m  7.157 [49m┆[48;2;41;44;60m  8.26  [49m┆[48;2;41;44;60m[38;5;9m  0     [49m[39m┆[48;2;41;44;60m  7.292 [49m┆[48;2;65;77;71m[38;5;11m 45.972 [49m[39m│
│[48;2;69;76;102m Thea     [49m┆  8.369 ┆ 11.72   ┆  6.902 ┆  8.796 ┆  6.902 ┆  8.966 ┆  9.775 ┆  9.498 ┆[48;2;65;77;71m 22.619 [49m┆  6.453 │
│[48;2;69;76;102m Therese  [49m┆[48;2;41;44;60m  8.369 [49m┆[48;2;41;44;60m  8.796  [49m┆[48;2;41;44;60m  6.902 [49m┆[48;2;65;77;71m 22.619 [49m┆[48;2;41;44;60m  6.902 [49m┆[48;2;41;44;60m  8.966 [49m┆[48;2;41;44;60m  9.775 [49m┆[48;2;41;44;60m  9.498 [49m┆[48;2;41;44;60m 11.72  [49m┆[48;2;41;44;60m  6.453 [49m│
│[48;2;69;76;102m Vic      [49m┆  6.414 ┆  6.902  ┆  4.916 ┆  6.902 ┆[48;2;65;77;71m 41.703 [49m┆  6.812 ┆  7.821 ┆  7.169 ┆  6.902 ┆  4.459 │
╰──────────┴────────┴─────────┴────────┴────────┴────────┴────────┴────────┴────────┴────────┴────────╯
48738 left -> 15.5728 bits left

MB#3 E03
Robyn → Theo 
---
-> I[l]/bits: {0: 0.09, 1: 4.01}
-> E[I]/bits: 0.34 = H
0 lights => I = 0.0924 bits
╭──────────┬────────┬─────────┬────────┬────────┬────────┬────────┬────────┬────────┬────────┬────────╮
│          ┆[48;2;74;68;89m  Cach  [49m┆[48;2;74;68;89m Charlie [49m┆[48;2;74;68;89m Ismail [49m┆[48;2;74;68;89m  Jack  [49m┆[48;2;74;68;89m  Jacob [49m┆[48;2;74;68;89m Jordan [49m┆[48;2;74;68;89m  Josh  [49m┆[48;2;74;68;89m  Joshy [49m┆[48;2;74;68;89m  Juan  [49m┆[48;2;74;68;89m  Theo  [49m│
╞══════════╪════════╪═════════╪════════╪════════╪════════╪════════╪════════╪════════╪════════╪════════╡
│[48;2;69;76;102m Libby    [49m┆[48;2;41;44;60m  7.996 [49m┆[48;2;41;44;60m  8.466  [49m┆[48;2;41;44;60m  6.504 [49m┆[48;2;41;44;60m  8.466 [49m┆[48;2;41;44;60m  6.504 [49m┆[48;2;41;44;60m  8.335 [49m┆[48;2;65;77;71m 27.089 [49m┆[48;2;41;44;60m 11.868 [49m┆[48;2;41;44;60m  8.466 [49m┆[48;2;41;44;60m  6.309 [49m│
│[48;2;69;76;102m Olivia   [49m┆  6.543 ┆  7.007  ┆[48;2;65;77;71m 40.503 [49m┆  7.007 ┆  5.174 ┆  6.915 ┆  7.921 ┆  7.171 ┆  7.007 ┆  4.754 │
│[48;2;69;76;102m Robyn    [49m┆[48;2;41;44;60m  8.792 [49m┆[48;2;41;44;60m  9.4    [49m┆[48;2;41;44;60m  7.158 [49m┆[48;2;41;44;60m  9.4   [49m┆[48;2;41;44;60m  7.158 [49m┆[48;2;41;44;60m 12.126 [49m┆[48;2;41;44;60m 10.212 [49m┆[48;2;65;77;71m 26.356 [49m┆[48;2;41;44;60m  9.4   [49m┆[48;2;41;44;60m[38;5;9m  0     [49m[39m│
│[48;2;69;76;102m Sapphia  [49m┆ 11.323 ┆  8.881  ┆  6.932 ┆  8.881 ┆  6.932 ┆[48;2;65;77;71m 22.337 [49m┆  9.75  ┆  9.328 ┆  8.881 ┆  6.753 │
│[48;2;69;76;102m Shae     [49m┆[48;2;41;44;60m  8.4   [49m┆[48;2;65;77;71m 22.315  [49m┆[48;2;41;44;60m  7.007 [49m┆[48;2;41;44;60m 11.555 [49m┆[48;2;41;44;60m  7.007 [49m┆[48;2;41;44;60m  8.962 [49m┆[48;2;41;44;60m  9.781 [49m┆[48;2;41;44;60m  9.319 [49m┆[48;2;41;44;60m  8.774 [49m┆[48;2;41;44;60m  6.88  [49m│
│[48;2;69;76;102m Taofiqah [49m┆[48;2;65;77;71m 27.253 [49m┆  9.726  ┆  7.939 ┆  9.726 ┆  7.939 ┆  9.765 ┆[38;5;9m  0     [39m┆ 10.15  ┆  9.726 ┆  7.777 │
│[48;2;69;76;102m Tasha    [49m┆[48;2;41;44;60m  6.35  [49m┆[48;2;41;44;60m  6.869  [49m┆[48;2;41;44;60m  4.771 [49m┆[48;2;41;44;60m  6.869 [49m┆[48;2;41;44;60m  4.771 [49m┆[48;2;41;44;60m  6.72  [49m┆[48;2;41;44;60m  7.766 [49m┆[48;2;41;44;60m[38;5;9m  0     [49m[39m┆[48;2;41;44;60m  6.869 [49m┆[48;2;65;77;71m[38;5;11m 49.015 [49m[39m│
│[48;2;69;76;102m Thea     [49m┆  8.4   ┆ 11.555  ┆  7.007 ┆  8.774 ┆  7.007 ┆  8.962 ┆  9.781 ┆  9.319 ┆[48;2;65;77;71m 22.315 [49m┆  6.88  │
│[48;2;69;76;102m Therese  [49m┆[48;2;41;44;60m  8.4   [49m┆[48;2;41;44;60m  8.774  [49m┆[48;2;41;44;60m  7.007 [49m┆[48;2;65;77;71m 22.315 [49m┆[48;2;41;44;60m  7.007 [49m┆[48;2;41;44;60m  8.962 [49m┆[48;2;41;44;60m  9.781 [49m┆[48;2;41;44;60m  9.319 [49m┆[48;2;41;44;60m 11.555 [49m┆[48;2;41;44;60m  6.88  [49m│
│[48;2;69;76;102m Vic      [49m┆  6.543 ┆  7.007  ┆  5.174 ┆  7.007 ┆[48;2;65;77;71m 40.503 [49m┆  6.915 ┆  7.921 ┆  7.171 ┆  7.007 ┆  4.754 │
╰──────────┴────────┴─────────┴────────┴────────┴────────┴────────┴────────┴────────┴────────┴────────╯
45713 left -> 15.4803 bits left

MN#3 E03
0x Libby    → Jack    
2x Olivia   → Ismail  
1x Robyn    → Joshy   
1x Sapphia  → Cach    
1x Shae     → Charlie 
0x Taofiqah → Theo    
0x Tasha    → Jordan  
1x Thea     → Juan    
0x Therese  → Josh    
2x Vic      → Jacob   
---
-> I[l]/bits: {0: 3.76, 1: 1.68, 2: 1.61, 3: 2.40, 4: 3.81, 5: 5.62, 6: 7.51, 7: 10.12, 8: 12.90}
-> E[I]/bits: 2.22 = H
2 lights => I = 1.6118 bits
╭──────────┬────────┬─────────┬────────┬────────┬────────┬────────┬────────┬────────┬────────┬────────╮
│          ┆[48;2;74;68;89m  Cach  [49m┆[48;2;74;68;89m Charlie [49m┆[48;2;74;68;89m Ismail [49m┆[48;2;74;68;89m  Jack  [49m┆[48;2;74;68;89m  Jacob [49m┆[48;2;74;68;89m Jordan [49m┆[48;2;74;68;89m  Josh  [49m┆[48;2;74;68;89m  Joshy [49m┆[48;2;74;68;89m  Juan  [49m┆[48;2;74;68;89m  Theo  [49m│
╞══════════╪════════╪═════════╪════════╪════════╪════════╪════════╪════════╪════════╪════════╪════════╡
│[48;2;69;76;102m Libby    [49m┆[48;2;41;44;60m 10.069 [49m┆[48;2;41;44;60m  8.906  [49m┆[48;2;41;44;60m  6.679 [49m┆[48;2;41;44;60m  6.686 [49m┆[48;2;41;44;60m  6.679 [49m┆[48;2;41;44;60m 10.289 [49m┆[48;2;65;77;71m 22.083 [49m┆[48;2;41;44;60m 11.767 [49m┆[48;2;41;44;60m  9.039 [49m┆[48;2;41;44;60m  7.802 [49m│
│[48;2;69;76;102m Olivia   [49m┆  5.95  ┆  6.031  ┆[48;2;65;77;71m[38;5;11m 45.116 [49m[39m┆  7.027 ┆  3.671 ┆  6.672 ┆  8.13  ┆  6.104 ┆  6.077 ┆  5.222 │
│[48;2;69;76;102m Robyn    [49m┆[48;2;41;44;60m  8.05  [49m┆[48;2;41;44;60m  8.718  [49m┆[48;2;41;44;60m  6.118 [49m┆[48;2;41;44;60m  9.741 [49m┆[48;2;41;44;60m  6.118 [49m┆[48;2;41;44;60m 12.195 [49m┆[48;2;41;44;60m 11.098 [49m┆[48;2;65;77;71m 29.458 [49m┆[48;2;41;44;60m  8.504 [49m┆[48;2;41;44;60m[38;5;9m  0     [49m[39m│
│[48;2;69;76;102m Sapphia  [49m┆  9.166 ┆  7.996  ┆  6.118 ┆ 11.085 ┆  6.118 ┆[48;2;65;77;71m 20.673 [49m┆ 12.148 ┆  8.732 ┆  8.404 ┆  9.561 │
│[48;2;69;76;102m Shae     [49m┆[48;2;41;44;60m  8.11  [49m┆[48;2;65;77;71m 25.393  [49m┆[48;2;41;44;60m  6.077 [49m┆[48;2;41;44;60m 11.072 [49m┆[48;2;41;44;60m  6.077 [49m┆[48;2;41;44;60m  8.979 [49m┆[48;2;41;44;60m 10.463 [49m┆[48;2;41;44;60m  8.491 [49m┆[48;2;41;44;60m  7.328 [49m┆[48;2;41;44;60m  8.01  [49m│
│[48;2;69;76;102m Taofiqah [49m┆[48;2;65;77;71m 25.386 [49m┆  9.915  ┆  8.123 ┆ 12.589 ┆  8.123 ┆ 11.346 ┆[38;5;9m  0     [39m┆ 10.965 ┆ 10.323 ┆  3.229 │
│[48;2;69;76;102m Tasha    [49m┆[48;2;41;44;60m  8.892 [49m┆[48;2;41;44;60m  7.896  [49m┆[48;2;41;44;60m  5.054 [49m┆[48;2;41;44;60m  8.544 [49m┆[48;2;41;44;60m  5.054 [49m┆[48;2;41;44;60m  2.895 [49m┆[48;2;41;44;60m  9.862 [49m┆[48;2;41;44;60m[38;5;9m  0     [49m[39m┆[48;2;41;44;60m  7.715 [49m┆[48;2;65;77;71m 44.086 [49m│
│[48;2;69;76;102m Thea     [49m┆  7.822 ┆ 10.249  ┆  6.077 ┆  8.839 ┆  6.077 ┆  8.979 ┆ 10.443 ┆  8.391 ┆[48;2;65;77;71m 25.299 [49m┆  7.822 │
│[48;2;69;76;102m Therese  [49m┆[48;2;41;44;60m 10.604 [49m┆[48;2;41;44;60m  8.865  [49m┆[48;2;41;44;60m  6.967 [49m┆[48;2;65;77;71m 17.39  [49m┆[48;2;41;44;60m  6.967 [49m┆[48;2;41;44;60m 11.299 [49m┆[48;2;41;44;60m  7.642 [49m┆[48;2;41;44;60m  9.989 [49m┆[48;2;41;44;60m 11.232 [49m┆[48;2;41;44;60m  9.046 [49m│
│[48;2;69;76;102m Vic      [49m┆  5.95  ┆  6.031  ┆  3.671 ┆  7.027 ┆[48;2;65;77;71m[38;5;11m 45.116 [49m[39m┆  6.672 ┆  8.13  ┆  6.104 ┆  6.077 ┆  5.222 │
╰──────────┴────────┴─────────┴────────┴────────┴────────┴────────┴────────┴────────┴────────┴────────╯
14957 left -> 13.8685 bits left

MB#4 E04 + Jack left
Thea → Juan 
---
-> I[l]/bits: {0: 0.42, 1: 1.98}
-> E[I]/bits: 0.82 = H
0 lights => I = 0.4208 bits
╭──────────┬────────┬─────────┬────────┬────────┬────────┬────────┬────────┬────────┬────────┬────────╮
│          ┆[48;2;74;68;89m  Cach  [49m┆[48;2;74;68;89m Charlie [49m┆[48;2;74;68;89m Ismail [49m┆[48;2;74;68;89m  Jack  [49m┆[48;2;74;68;89m  Jacob [49m┆[48;2;74;68;89m Jordan [49m┆[48;2;74;68;89m  Josh  [49m┆[48;2;74;68;89m  Joshy [49m┆[48;2;74;68;89m  Juan  [49m┆[48;2;74;68;89m  Theo  [49m│
╞══════════╪════════╪═════════╪════════╪════════╪════════╪════════╪════════╪════════╪════════╪════════╡
│[48;2;69;76;102m Libby    [49m┆[48;2;41;44;60m  9.29  [49m┆[48;2;41;44;60m  7.724  [49m┆[48;2;41;44;60m  6.14  [49m┆[48;2;41;44;60m  8.476 [49m┆[48;2;41;44;60m  6.14  [49m┆[48;2;41;44;60m 10.015 [49m┆[48;2;65;77;71m 23.789 [49m┆[48;2;41;44;60m  7.957 [49m┆[48;2;41;44;60m 12.101 [49m┆[48;2;41;44;60m  8.368 [49m│
│[48;2;69;76;102m Olivia   [49m┆  5.397 ┆  5.039  ┆[48;2;65;77;71m[38;5;11m 48.411 [49m[39m┆  6.381 ┆  3.079 ┆  6.229 ┆  7.25  ┆  5.111 ┆  8.136 ┆  4.967 │
│[48;2;69;76;102m Robyn    [49m┆[48;2;41;44;60m  7.16  [49m┆[48;2;41;44;60m  7.187  [49m┆[48;2;41;44;60m  5.137 [49m┆[48;2;41;44;60m  8.753 [49m┆[48;2;41;44;60m  5.137 [49m┆[48;2;41;44;60m  7.751 [49m┆[48;2;41;44;60m  9.451 [49m┆[48;2;65;77;71m 38.038 [49m┆[48;2;41;44;60m 11.385 [49m┆[48;2;41;44;60m[38;5;9m  0     [49m[39m│
│[48;2;69;76;102m Sapphia  [49m┆  8.61  ┆  6.945  ┆  5.558 ┆ 10.328 ┆  5.558 ┆[48;2;65;77;71m 23.664 [49m┆ 10.865 ┆  7.661 ┆ 11.25  ┆  9.559 │
│[48;2;69;76;102m Shae     [49m┆[48;2;41;44;60m  7.276 [49m┆[48;2;65;77;71m 31.308  [49m┆[48;2;41;44;60m  5.218 [49m┆[48;2;41;44;60m  9.12  [49m┆[48;2;41;44;60m  5.218 [49m┆[48;2;41;44;60m  8.44  [49m┆[48;2;41;44;60m  9.093 [49m┆[48;2;41;44;60m  6.972 [49m┆[48;2;41;44;60m  9.809 [49m┆[48;2;41;44;60m  7.545 [49m│
│[48;2;69;76;102m Taofiqah [49m┆[48;2;65;77;71m 27.423 [49m┆  8.154  ┆  7.187 ┆ 11.796 ┆  7.187 ┆ 10.892 ┆[38;5;9m  0     [39m┆  9.219 ┆ 13.819 ┆  4.323 │
│[48;2;69;76;102m Tasha    [49m┆[48;2;41;44;60m  9.022 [49m┆[48;2;41;44;60m  7.285  [49m┆[48;2;41;44;60m  4.887 [49m┆[48;2;41;44;60m  8.959 [49m┆[48;2;41;44;60m  4.887 [49m┆[48;2;41;44;60m  3.875 [49m┆[48;2;41;44;60m  9.774 [49m┆[48;2;41;44;60m[38;5;9m  0     [49m[39m┆[48;2;41;44;60m 10.328 [49m┆[48;2;65;77;71m 40.983 [49m│
│[48;2;69;76;102m Thea     [49m┆ 10.472 ┆ 13.721  ┆  8.136 ┆ 11.832 ┆  8.136 ┆ 12.02  ┆[48;2;69;76;102m 13.98  [49m┆ 11.232 ┆[38;5;9m  0     [39m┆ 10.472 │
│[48;2;69;76;102m Therese  [49m┆[48;2;41;44;60m  9.953 [49m┆[48;2;41;44;60m  7.599  [49m┆[48;2;41;44;60m  6.247 [49m┆[48;2;65;77;71m 17.972 [49m┆[48;2;41;44;60m  6.247 [49m┆[48;2;41;44;60m 10.883 [49m┆[48;2;41;44;60m  8.547 [49m┆[48;2;41;44;60m  8.7   [49m┆[48;2;74;68;89m 15.036 [49m┆[48;2;41;44;60m  8.816 [49m│
│[48;2;69;76;102m Vic      [49m┆  5.397 ┆  5.039  ┆  3.079 ┆  6.381 ┆[48;2;65;77;71m[38;5;11m 48.411 [49m[39m┆  6.229 ┆  7.25  ┆  5.111 ┆  8.136 ┆  4.967 │
╰──────────┴────────┴─────────┴────────┴────────┴────────┴────────┴────────┴────────┴────────┴────────╯
11173 left -> 13.4477 bits left

MN#4 E04
0x Libby    → Jordan  
3x Olivia   → Ismail  
0x Robyn    → Jacob   
0x Sapphia  → Theo    
0x Shae     → Cach    
0x Taofiqah → Jack    
0x Tasha    → Juan    
1x Thea     → Charlie 
1x Therese  → Josh    
0x Vic      → Joshy   
---
-> I[l]/bits: {0: 2.07, 1: 1.37, 2: 2.00, 3: 3.37, 4: 5.38, 5: 7.75, 6: 11.86}
-> E[I]/bits: 2.02 = H
3 lights => I = 3.3696 bits
╭──────────┬────────┬─────────┬────────┬────────┬────────┬────────┬────────┬────────┬────────┬────────╮
│          ┆[48;2;74;68;89m  Cach  [49m┆[48;2;74;68;89m Charlie [49m┆[48;2;74;68;89m Ismail [49m┆[48;2;74;68;89m  Jack  [49m┆[48;2;74;68;89m  Jacob [49m┆[48;2;74;68;89m Jordan [49m┆[48;2;74;68;89m  Josh  [49m┆[48;2;74;68;89m  Joshy [49m┆[48;2;74;68;89m  Juan  [49m┆[48;2;74;68;89m  Theo  [49m│
╞══════════╪════════╪═════════╪════════╪════════╪════════╪════════╪════════╪════════╪════════╪════════╡
│[48;2;69;76;102m Libby    [49m┆[48;2;41;44;60m  7.031 [49m┆[48;2;41;44;60m  6.753  [49m┆[48;2;41;44;60m  1.943 [49m┆[48;2;41;44;60m  2.868 [49m┆[48;2;41;44;60m  8.048 [49m┆[48;2;41;44;60m 24.052 [49m┆[48;2;65;77;71m 27.197 [49m┆[48;2;41;44;60m  5.273 [49m┆[48;2;41;44;60m  9.806 [49m┆[48;2;41;44;60m  7.031 [49m│
│[48;2;69;76;102m Olivia   [49m┆  1.573 ┆[38;5;9m  0.463  [39m┆[48;2;65;77;71m[38;5;10m 86.957 [49m[39m┆  1.758 ┆  1.295 ┆  1.11  ┆  1.573 ┆  1.11  ┆  2.868 ┆  1.295 │
│[48;2;69;76;102m Robyn    [49m┆[48;2;41;44;60m  7.678 [49m┆[48;2;41;44;60m  8.603  [49m┆[48;2;41;44;60m[38;5;9m  0.833 [49m[39m┆[48;2;41;44;60m  8.141 [49m┆[48;2;41;44;60m 16.096 [49m┆[48;2;41;44;60m  5.18  [49m┆[48;2;41;44;60m  8.048 [49m┆[48;2;65;77;71m 36.17  [49m┆[48;2;41;44;60m  9.251 [49m┆[48;2;41;44;60m[38;5;9m  0     [49m[39m│
│[48;2;69;76;102m Sapphia  [49m┆  1.758 ┆  4.995  ┆  1.11  ┆  7.956 ┆  6.753 ┆[48;2;74;68;89m 26.549 [49m┆  9.158 ┆  6.383 ┆  8.696 ┆[48;2;69;76;102m 26.642 [49m│
│[48;2;69;76;102m Shae     [49m┆[48;2;69;76;102m 21.369 [49m┆[48;2;41;44;60m 20.167  [49m┆[48;2;41;44;60m  1.85  [49m┆[48;2;41;44;60m  4.625 [49m┆[48;2;41;44;60m  8.881 [49m┆[48;2;41;44;60m  6.938 [49m┆[48;2;41;44;60m  8.233 [49m┆[48;2;41;44;60m  9.436 [49m┆[48;2;41;44;60m 10.638 [49m┆[48;2;41;44;60m  7.863 [49m│
│[48;2;69;76;102m Taofiqah [49m┆[48;2;74;68;89m 27.66  [49m┆  5.18   ┆  1.665 ┆[48;2;65;77;71m 28.585 [49m┆  7.031 ┆  8.511 ┆[38;5;9m  0     [39m┆  6.198 ┆  9.806 ┆  5.365 │
│[48;2;69;76;102m Tasha    [49m┆[48;2;41;44;60m  7.678 [49m┆[48;2;41;44;60m  5.643  [49m┆[48;2;41;44;60m  1.018 [49m┆[48;2;41;44;60m  6.753 [49m┆[48;2;41;44;60m  6.938 [49m┆[48;2;41;44;60m  4.718 [49m┆[48;2;41;44;60m  9.621 [49m┆[48;2;41;44;60m[38;5;9m  0     [49m[39m┆[48;2;65;77;71m 29.602 [49m┆[48;2;74;68;89m 28.03  [49m│
│[48;2;69;76;102m Thea     [49m┆  8.048 ┆[48;2;65;77;71m 34.043  [49m┆  1.11  ┆  8.973 ┆  9.158 ┆  8.603 ┆ 11.378 ┆ 11.193 ┆[38;5;9m  0     [39m┆  7.493 │
│[48;2;69;76;102m Therese  [49m┆[48;2;41;44;60m  9.066 [49m┆[48;2;41;44;60m  7.401  [49m┆[48;2;41;44;60m  2.128 [49m┆[48;2;69;76;102m 21.369 [49m┆[48;2;41;44;60m  9.898 [49m┆[48;2;41;44;60m  8.326 [49m┆[48;2;41;44;60m 16.096 [49m┆[48;2;41;44;60m  7.678 [49m┆[48;2;41;44;60m  8.233 [49m┆[48;2;41;44;60m  9.806 [49m│
│[48;2;69;76;102m Vic      [49m┆  8.141 ┆  6.753  ┆  1.388 ┆  8.973 ┆[48;2;65;77;71m 25.902 [49m┆  6.013 ┆  8.696 ┆ 16.559 ┆ 11.101 ┆  6.475 │
╰──────────┴────────┴─────────┴────────┴────────┴────────┴────────┴────────┴────────┴────────┴────────╯
1081 left -> 10.0782 bits left

MB#5 E05
Olivia → Ismail 
---
-> I[l]/bits: {0: 2.94, 1: 0.20}
-> E[I]/bits: 0.56 = H
1 lights => I = 0.2016 bits
╭──────────┬────────┬─────────┬────────┬────────┬────────┬────────┬────────┬────────┬────────┬────────╮
│          ┆[48;2;74;68;89m  Cach  [49m┆[48;2;74;68;89m Charlie [49m┆[48;2;74;68;89m[38;5;10m Ismail [49m[39m┆[48;2;74;68;89m  Jack  [49m┆[48;2;74;68;89m  Jacob [49m┆[48;2;74;68;89m Jordan [49m┆[48;2;74;68;89m  Josh  [49m┆[48;2;74;68;89m  Joshy [49m┆[48;2;74;68;89m  Juan  [49m┆[48;2;74;68;89m  Theo  [49m│
╞══════════╪════════╪═════════╪════════╪════════╪════════╪════════╪════════╪════════╪════════╪════════╡
│[48;2;69;76;102m Libby    [49m┆[48;2;41;44;60m  7.128 [49m┆[48;2;41;44;60m  7.553  [49m┆[48;2;41;44;60m[38;5;9m  0     [49m[39m┆[48;2;41;44;60m  2.66  [49m┆[48;2;41;44;60m  8.511 [49m┆[48;2;41;44;60m 23.511 [49m┆[48;2;65;77;71m 27.447 [49m┆[48;2;41;44;60m  5.745 [49m┆[48;2;41;44;60m 10.213 [49m┆[48;2;41;44;60m  7.234 [49m│
│[48;2;69;76;102m[38;5;10m Olivia   [49m[39m┆[38;5;9m  0     [39m┆[38;5;9m  0      [39m┆[48;2;65;77;71m[38;5;10m 100    [49m[39m┆[38;5;9m  0     [39m┆[38;5;9m  0     [39m┆[38;5;9m  0     [39m┆[38;5;9m  0     [39m┆[38;5;9m  0     [39m┆[38;5;9m  0     [39m┆[38;5;9m  0     [39m│
│[48;2;69;76;102m Robyn    [49m┆[48;2;41;44;60m  8.83  [49m┆[48;2;41;44;60m  9.681  [49m┆[48;2;41;44;60m[38;5;9m  0     [49m[39m┆[48;2;41;44;60m  8.936 [49m┆[48;2;41;44;60m 17.447 [49m┆[48;2;41;44;60m  5.532 [49m┆[48;2;41;44;60m  9.149 [49m┆[48;2;65;77;71m 30.213 [49m┆[48;2;41;44;60m 10.213 [49m┆[48;2;41;44;60m[38;5;9m  0     [49m[39m│
│[48;2;69;76;102m Sapphia  [49m┆  1.596 ┆  5.638  ┆[38;5;9m  0     [39m┆  8.191 ┆  7.447 ┆[48;2;74;68;89m 24.574 [49m┆  9.787 ┆  7.234 ┆  9.255 ┆[48;2;69;76;102m 26.277 [49m│
│[48;2;69;76;102m Shae     [49m┆[48;2;41;44;60m 19.043 [49m┆[48;2;69;76;102m 22.021  [49m┆[48;2;41;44;60m[38;5;9m  0     [49m[39m┆[48;2;41;44;60m  4.787 [49m┆[48;2;41;44;60m  9.255 [49m┆[48;2;41;44;60m  7.34  [49m┆[48;2;41;44;60m  8.191 [49m┆[48;2;41;44;60m 10.532 [49m┆[48;2;41;44;60m 10.638 [49m┆[48;2;41;44;60m  8.191 [49m│
│[48;2;69;76;102m Taofiqah [49m┆[48;2;65;77;71m 27.979 [49m┆  5.957  ┆[38;5;9m  0     [39m┆[48;2;74;68;89m 26.809 [49m┆  7.766 ┆  8.723 ┆[38;5;9m  0     [39m┆  7.021 ┆ 10     ┆  5.745 │
│[48;2;69;76;102m Tasha    [49m┆[48;2;41;44;60m  8.191 [49m┆[48;2;41;44;60m  6.383  [49m┆[48;2;41;44;60m[38;5;9m  0     [49m[39m┆[48;2;41;44;60m  7.234 [49m┆[48;2;41;44;60m  7.979 [49m┆[48;2;41;44;60m  5.106 [49m┆[48;2;41;44;60m  9.894 [49m┆[48;2;41;44;60m[38;5;9m  0     [49m[39m┆[48;2;65;77;71m 28.723 [49m┆[48;2;74;68;89m 26.489 [49m│
│[48;2;69;76;102m Thea     [49m┆  9.043 ┆[48;2;65;77;71m 26.915  [49m┆[38;5;9m  0     [39m┆ 10.319 ┆ 10.532 ┆  9.681 ┆ 12.553 ┆ 12.34  ┆[38;5;9m  0     [39m┆  8.617 │
│[48;2;69;76;102m Therese  [49m┆[48;2;41;44;60m  9.362 [49m┆[48;2;41;44;60m  8.085  [49m┆[48;2;41;44;60m[38;5;9m  0     [49m[39m┆[48;2;69;76;102m 21.596 [49m┆[48;2;41;44;60m 11.383 [49m┆[48;2;41;44;60m  8.617 [49m┆[48;2;41;44;60m 12.979 [49m┆[48;2;41;44;60m  8.617 [49m┆[48;2;41;44;60m  9.255 [49m┆[48;2;41;44;60m 10.106 [49m│
│[48;2;69;76;102m Vic      [49m┆  8.83  ┆  7.766  ┆[38;5;9m  0     [39m┆  9.468 ┆[48;2;65;77;71m 19.681 [49m┆  6.915 ┆ 10     ┆ 18.298 ┆ 11.702 ┆  7.34  │
╰──────────┴────────┴─────────┴────────┴────────┴────────┴────────┴────────┴────────┴────────┴────────╯
940 left -> 9.8765 bits left

MN#5 E05
0x Libby    → Theo    
4x Olivia   → Ismail  
2x Robyn    → Joshy   
0x Sapphia  → Charlie 
0x Shae     → Jordan  
1x Taofiqah → Cach    
1x Tasha    → Juan    
0x Thea     → Josh    
1x Therese  → Jack    
3x Vic      → Jacob   
---
-> I[l]/bits: {1: 2.56, 2: 1.62, 3: 1.72, 4: 2.81, 5: 4.48, 6: 6.18}
-> E[I]/bits: 2.17 = H
3 lights => I = 1.7166 bits
╭──────────┬────────┬─────────┬────────┬────────┬────────┬────────┬────────┬────────┬────────┬────────╮
│          ┆[48;2;74;68;89m  Cach  [49m┆[48;2;74;68;89m Charlie [49m┆[48;2;74;68;89m[38;5;10m Ismail [49m[39m┆[48;2;74;68;89m  Jack  [49m┆[48;2;74;68;89m  Jacob [49m┆[48;2;74;68;89m Jordan [49m┆[48;2;74;68;89m  Josh  [49m┆[48;2;74;68;89m  Joshy [49m┆[48;2;74;68;89m  Juan  [49m┆[48;2;74;68;89m  Theo  [49m│
╞══════════╪════════╪═════════╪════════╪════════╪════════╪════════╪════════╪════════╪════════╪════════╡
│[48;2;69;76;102m Libby    [49m┆[48;2;41;44;60m  5.245 [49m┆[48;2;41;44;60m  6.294  [49m┆[48;2;41;44;60m[38;5;9m  0     [49m[39m┆[48;2;41;44;60m  1.049 [49m┆[48;2;41;44;60m  8.392 [49m┆[48;2;65;77;71m 27.273 [49m┆[48;2;74;68;89m 23.776 [49m┆[48;2;41;44;60m 10.839 [49m┆[48;2;41;44;60m 10.839 [49m┆[48;2;41;44;60m  6.294 [49m│
│[48;2;69;76;102m[38;5;10m Olivia   [49m[39m┆[38;5;9m  0     [39m┆[38;5;9m  0      [39m┆[48;2;65;77;71m[38;5;10m 100    [49m[39m┆[38;5;9m  0     [39m┆[38;5;9m  0     [39m┆[38;5;9m  0     [39m┆[38;5;9m  0     [39m┆[38;5;9m  0     [39m┆[38;5;9m  0     [39m┆[38;5;9m  0     [39m│
│[48;2;69;76;102m Robyn    [49m┆[48;2;41;44;60m  5.245 [49m┆[48;2;41;44;60m 10.14   [49m┆[48;2;41;44;60m[38;5;9m  0     [49m[39m┆[48;2;41;44;60m  5.944 [49m┆[48;2;41;44;60m 12.937 [49m┆[48;2;41;44;60m  4.196 [49m┆[48;2;41;44;60m 10.14  [49m┆[48;2;65;77;71m 43.357 [49m┆[48;2;41;44;60m  8.042 [49m┆[48;2;41;44;60m[38;5;9m  0     [49m[39m│
│[48;2;69;76;102m Sapphia  [49m┆  3.497 ┆  6.294  ┆[38;5;9m  0     [39m┆  8.392 ┆  7.343 ┆ 16.084 ┆  7.343 ┆  6.294 ┆  9.441 ┆[48;2;65;77;71m 35.315 [49m│
│[48;2;69;76;102m Shae     [49m┆[48;2;69;76;102m 18.531 [49m┆[48;2;41;44;60m 12.587  [49m┆[48;2;41;44;60m[38;5;9m  0     [49m[39m┆[48;2;41;44;60m  5.245 [49m┆[48;2;41;44;60m  9.441 [49m┆[48;2;41;44;60m 10.14  [49m┆[48;2;41;44;60m 12.238 [49m┆[48;2;41;44;60m 10.14  [49m┆[48;2;41;44;60m 10.14  [49m┆[48;2;41;44;60m 11.538 [49m│
│[48;2;69;76;102m Taofiqah [49m┆[48;2;65;77;71m 33.916 [49m┆  6.643  ┆[38;5;9m  0     [39m┆ 18.881 ┆  8.392 ┆ 13.287 ┆[38;5;9m  0     [39m┆  5.245 ┆  9.091 ┆  4.545 │
│[48;2;69;76;102m Tasha    [49m┆[48;2;41;44;60m  9.79  [49m┆[48;2;41;44;60m  8.042  [49m┆[48;2;41;44;60m[38;5;9m  0     [49m[39m┆[48;2;41;44;60m  7.692 [49m┆[48;2;41;44;60m  9.091 [49m┆[48;2;41;44;60m  3.147 [49m┆[48;2;41;44;60m 13.636 [49m┆[48;2;41;44;60m[38;5;9m  0     [49m[39m┆[48;2;65;77;71m 33.916 [49m┆[48;2;41;44;60m 14.685 [49m│
│[48;2;69;76;102m Thea     [49m┆  8.042 ┆[48;2;65;77;71m 32.867  [49m┆[38;5;9m  0     [39m┆  9.091 ┆ 10.839 ┆  9.441 ┆ 10.49  ┆ 10.49  ┆[38;5;9m  0     [39m┆  8.741 │
│[48;2;69;76;102m Therese  [49m┆[48;2;41;44;60m  7.692 [49m┆[48;2;41;44;60m  8.042  [49m┆[48;2;41;44;60m[38;5;9m  0     [49m[39m┆[48;2;65;77;71m 33.916 [49m┆[48;2;41;44;60m 11.888 [49m┆[48;2;41;44;60m  8.392 [49m┆[48;2;41;44;60m 10.14  [49m┆[48;2;41;44;60m  3.497 [49m┆[48;2;41;44;60m  6.993 [49m┆[48;2;41;44;60m  9.441 [49m│
│[48;2;69;76;102m Vic      [49m┆  8.042 ┆  9.091  ┆[38;5;9m  0     [39m┆  9.79  ┆[48;2;65;77;71m 21.678 [49m┆  8.042 ┆ 12.238 ┆ 10.14  ┆ 11.538 ┆  9.441 │
╰──────────┴────────┴─────────┴────────┴────────┴────────┴────────┴────────┴────────┴────────┴────────╯
286 left -> 8.1599 bits left

MB#6 E06
Thea → Cach 
---
-> I[l]/bits: {0: 0.12, 1: 3.64}
-> E[I]/bits: 0.40 = H
0 lights => I = 0.121 bits
╭──────────┬────────┬─────────┬────────┬────────┬────────┬────────┬────────┬────────┬────────┬────────╮
│          ┆[48;2;74;68;89m  Cach  [49m┆[48;2;74;68;89m Charlie [49m┆[48;2;74;68;89m[38;5;10m Ismail [49m[39m┆[48;2;74;68;89m  Jack  [49m┆[48;2;74;68;89m  Jacob [49m┆[48;2;74;68;89m Jordan [49m┆[48;2;74;68;89m  Josh  [49m┆[48;2;74;68;89m  Joshy [49m┆[48;2;74;68;89m  Juan  [49m┆[48;2;74;68;89m  Theo  [49m│
╞══════════╪════════╪═════════╪════════╪════════╪════════╪════════╪════════╪════════╪════════╪════════╡
│[48;2;69;76;102m Libby    [49m┆[48;2;41;44;60m  5.703 [49m┆[48;2;41;44;60m  6.084  [49m┆[48;2;41;44;60m[38;5;9m  0     [49m[39m┆[48;2;41;44;60m  1.141 [49m┆[48;2;41;44;60m  8.745 [49m┆[48;2;65;77;71m 26.616 [49m┆[48;2;74;68;89m 22.433 [49m┆[48;2;41;44;60m 10.646 [49m┆[48;2;41;44;60m 11.787 [49m┆[48;2;41;44;60m  6.844 [49m│
│[48;2;69;76;102m[38;5;10m Olivia   [49m[39m┆[38;5;9m  0     [39m┆[38;5;9m  0      [39m┆[48;2;65;77;71m[38;5;10m 100    [49m[39m┆[38;5;9m  0     [39m┆[38;5;9m  0     [39m┆[38;5;9m  0     [39m┆[38;5;9m  0     [39m┆[38;5;9m  0     [39m┆[38;5;9m  0     [39m┆[38;5;9m  0     [39m│
│[48;2;69;76;102m Robyn    [49m┆[48;2;41;44;60m  5.703 [49m┆[48;2;41;44;60m  9.886  [49m┆[48;2;41;44;60m[38;5;9m  0     [49m[39m┆[48;2;41;44;60m  5.703 [49m┆[48;2;41;44;60m 13.308 [49m┆[48;2;41;44;60m  4.183 [49m┆[48;2;41;44;60m  9.125 [49m┆[48;2;65;77;71m 44.487 [49m┆[48;2;41;44;60m  7.605 [49m┆[48;2;41;44;60m[38;5;9m  0     [49m[39m│
│[48;2;69;76;102m Sapphia  [49m┆  3.802 ┆  6.084  ┆[38;5;9m  0     [39m┆  9.125 ┆  7.985 ┆ 16.35  ┆  7.605 ┆  6.464 ┆ 10.266 ┆[48;2;65;77;71m 32.319 [49m│
│[48;2;69;76;102m Shae     [49m┆[48;2;69;76;102m 20.152 [49m┆[48;2;41;44;60m 12.548  [49m┆[48;2;41;44;60m[38;5;9m  0     [49m[39m┆[48;2;41;44;60m  4.183 [49m┆[48;2;41;44;60m 10.266 [49m┆[48;2;41;44;60m 10.266 [49m┆[48;2;41;44;60m 12.167 [49m┆[48;2;41;44;60m  8.745 [49m┆[48;2;41;44;60m  9.886 [49m┆[48;2;41;44;60m 11.787 [49m│
│[48;2;69;76;102m Taofiqah [49m┆[48;2;65;77;71m 36.882 [49m┆  6.084  ┆[38;5;9m  0     [39m┆ 17.871 ┆  7.985 ┆ 13.308 ┆[38;5;9m  0     [39m┆  4.183 ┆  9.125 ┆  4.563 │
│[48;2;69;76;102m Tasha    [49m┆[48;2;41;44;60m 10.646 [49m┆[48;2;41;44;60m  7.224  [49m┆[48;2;41;44;60m[38;5;9m  0     [49m[39m┆[48;2;41;44;60m  8.365 [49m┆[48;2;41;44;60m  9.506 [49m┆[48;2;41;44;60m  3.422 [49m┆[48;2;41;44;60m 13.688 [49m┆[48;2;41;44;60m[38;5;9m  0     [49m[39m┆[48;2;65;77;71m 31.939 [49m┆[48;2;41;44;60m 15.209 [49m│
│[48;2;69;76;102m Thea     [49m┆[38;5;9m  0     [39m┆[48;2;65;77;71m 35.741  [49m┆[38;5;9m  0     [39m┆  9.886 ┆ 11.787 ┆ 10.266 ┆ 11.407 ┆ 11.407 ┆[38;5;9m  0     [39m┆  9.506 │
│[48;2;69;76;102m Therese  [49m┆[48;2;41;44;60m  8.365 [49m┆[48;2;41;44;60m  7.985  [49m┆[48;2;41;44;60m[38;5;9m  0     [49m[39m┆[48;2;65;77;71m 33.08  [49m┆[48;2;41;44;60m 11.407 [49m┆[48;2;41;44;60m  7.985 [49m┆[48;2;41;44;60m 11.027 [49m┆[48;2;41;44;60m  3.042 [49m┆[48;2;41;44;60m  7.224 [49m┆[48;2;41;44;60m  9.886 [49m│
│[48;2;69;76;102m Vic      [49m┆  8.745 ┆  8.365  ┆[38;5;9m  0     [39m┆ 10.646 ┆[48;2;65;77;71m 19.011 [49m┆  7.605 ┆ 12.548 ┆ 11.027 ┆ 12.167 ┆  9.886 │
╰──────────┴────────┴─────────┴────────┴────────┴────────┴────────┴────────┴────────┴────────┴────────╯
263 left -> 8.0389 bits left

MN#6 E06
0x Libby    → Charlie 
5x Olivia   → Ismail  
1x Robyn    → Jordan  
0x Sapphia  → Jack    
1x Shae     → Cach    
0x Taofiqah → Juan    
0x Tasha    → Josh    
0x Thea     → Joshy   
0x Therese  → Jacob   
0x Vic      → Theo    
---
-> I[l]/bits: {1: 1.32, 2: 1.56, 3: 2.40, 4: 4.13, 5: 6.04}
-> E[I]/bits: 1.84 = H
2 lights => I = 1.5632 bits
╭──────────┬────────┬─────────┬────────┬────────┬────────┬────────┬────────┬────────┬────────┬────────╮
│          ┆[48;2;74;68;89m  Cach  [49m┆[48;2;74;68;89m Charlie [49m┆[48;2;74;68;89m[38;5;10m Ismail [49m[39m┆[48;2;74;68;89m  Jack  [49m┆[48;2;74;68;89m  Jacob [49m┆[48;2;74;68;89m Jordan [49m┆[48;2;74;68;89m  Josh  [49m┆[48;2;74;68;89m  Joshy [49m┆[48;2;74;68;89m  Juan  [49m┆[48;2;74;68;89m  Theo  [49m│
╞══════════╪════════╪═════════╪════════╪════════╪════════╪════════╪════════╪════════╪════════╪════════╡
│[48;2;69;76;102m Libby    [49m┆[48;2;41;44;60m  7.865 [49m┆[48;2;41;44;60m  5.618  [49m┆[48;2;41;44;60m[38;5;9m  0     [49m[39m┆[48;2;41;44;60m  1.124 [49m┆[48;2;41;44;60m  7.865 [49m┆[48;2;65;77;71m 28.09  [49m┆[48;2;74;68;89m 19.101 [49m┆[48;2;41;44;60m 12.36  [49m┆[48;2;41;44;60m 12.36  [49m┆[48;2;41;44;60m  5.618 [49m│
│[48;2;69;76;102m[38;5;10m Olivia   [49m[39m┆[38;5;9m  0     [39m┆[38;5;9m  0      [39m┆[48;2;65;77;71m[38;5;10m 100    [49m[39m┆[38;5;9m  0     [39m┆[38;5;9m  0     [39m┆[38;5;9m  0     [39m┆[38;5;9m  0     [39m┆[38;5;9m  0     [39m┆[38;5;9m  0     [39m┆[38;5;9m  0     [39m│
│[48;2;69;76;102m Robyn    [49m┆[48;2;41;44;60m  1.124 [49m┆[48;2;41;44;60m  6.742  [49m┆[48;2;41;44;60m[38;5;9m  0     [49m[39m┆[48;2;41;44;60m  6.742 [49m┆[48;2;41;44;60m 15.73  [49m┆[48;2;41;44;60m  5.618 [49m┆[48;2;41;44;60m 11.236 [49m┆[48;2;65;77;71m 43.82  [49m┆[48;2;41;44;60m  8.989 [49m┆[48;2;41;44;60m[38;5;9m  0     [49m[39m│
│[48;2;69;76;102m Sapphia  [49m┆  4.494 ┆  4.494  ┆[38;5;9m  0     [39m┆  8.989 ┆  5.618 ┆ 15.73  ┆  8.989 ┆  7.865 ┆ 11.236 ┆[48;2;65;77;71m 32.584 [49m│
│[48;2;69;76;102m Shae     [49m┆[48;2;69;76;102m 20.225 [49m┆[48;2;41;44;60m 14.607  [49m┆[48;2;41;44;60m[38;5;9m  0     [49m[39m┆[48;2;41;44;60m  3.371 [49m┆[48;2;41;44;60m 12.36  [49m┆[48;2;41;44;60m 10.112 [49m┆[48;2;41;44;60m 12.36  [49m┆[48;2;41;44;60m  4.494 [49m┆[48;2;41;44;60m 11.236 [49m┆[48;2;41;44;60m 11.236 [49m│
│[48;2;69;76;102m Taofiqah [49m┆[48;2;65;77;71m 39.326 [49m┆  7.865  ┆[38;5;9m  0     [39m┆ 19.101 ┆ 10.112 ┆  7.865 ┆[38;5;9m  0     [39m┆  4.494 ┆  7.865 ┆  3.371 │
│[48;2;69;76;102m Tasha    [49m┆[48;2;41;44;60m 12.36  [49m┆[48;2;41;44;60m  8.989  [49m┆[48;2;41;44;60m[38;5;9m  0     [49m[39m┆[48;2;41;44;60m  6.742 [49m┆[48;2;41;44;60m  7.865 [49m┆[48;2;41;44;60m  2.247 [49m┆[48;2;41;44;60m 15.73  [49m┆[48;2;41;44;60m[38;5;9m  0     [49m[39m┆[48;2;65;77;71m 32.584 [49m┆[48;2;41;44;60m 13.483 [49m│
│[48;2;69;76;102m Thea     [49m┆[38;5;9m  0     [39m┆[48;2;65;77;71m 34.831  [49m┆[38;5;9m  0     [39m┆ 12.36  ┆  8.989 ┆  7.865 ┆ 10.112 ┆ 14.607 ┆[38;5;9m  0     [39m┆ 11.236 │
│[48;2;69;76;102m Therese  [49m┆[48;2;41;44;60m  6.742 [49m┆[48;2;41;44;60m 11.236  [49m┆[48;2;41;44;60m[38;5;9m  0     [49m[39m┆[48;2;65;77;71m 32.584 [49m┆[48;2;41;44;60m 10.112 [49m┆[48;2;41;44;60m 10.112 [49m┆[48;2;41;44;60m  8.989 [49m┆[48;2;41;44;60m  4.494 [49m┆[48;2;41;44;60m  4.494 [49m┆[48;2;41;44;60m 11.236 [49m│
│[48;2;69;76;102m Vic      [49m┆  7.865 ┆  5.618  ┆[38;5;9m  0     [39m┆  8.989 ┆[48;2;65;77;71m 21.348 [49m┆ 12.36  ┆ 13.483 ┆  7.865 ┆ 11.236 ┆ 11.236 │
╰──────────┴────────┴─────────┴────────┴────────┴────────┴────────┴────────┴────────┴────────┴────────╯
89 left -> 6.4757 bits left

MB#7 E07
Thea → Charlie 
---
-> I[l]/bits: {0: 0.62, 1: 1.52}
-> E[I]/bits: 0.93 = H
0 lights => I = 0.6178 bits
╭──────────┬────────┬─────────┬────────┬────────┬────────┬────────┬────────┬────────┬────────┬────────╮
│          ┆[48;2;74;68;89m  Cach  [49m┆[48;2;74;68;89m Charlie [49m┆[48;2;74;68;89m[38;5;10m Ismail [49m[39m┆[48;2;74;68;89m  Jack  [49m┆[48;2;74;68;89m  Jacob [49m┆[48;2;74;68;89m Jordan [49m┆[48;2;74;68;89m  Josh  [49m┆[48;2;74;68;89m  Joshy [49m┆[48;2;74;68;89m  Juan  [49m┆[48;2;74;68;89m  Theo  [49m│
╞══════════╪════════╪═════════╪════════╪════════╪════════╪════════╪════════╪════════╪════════╪════════╡
│[48;2;69;76;102m Libby    [49m┆[48;2;41;44;60m  6.897 [49m┆[48;2;41;44;60m  8.621  [49m┆[48;2;41;44;60m[38;5;9m  0     [49m[39m┆[48;2;41;44;60m[38;5;9m  0     [49m[39m┆[48;2;41;44;60m  6.897 [49m┆[48;2;65;77;71m 24.138 [49m┆[48;2;74;68;89m 20.69  [49m┆[48;2;41;44;60m 18.966 [49m┆[48;2;41;44;60m 10.345 [49m┆[48;2;41;44;60m  3.448 [49m│
│[48;2;69;76;102m[38;5;10m Olivia   [49m[39m┆[38;5;9m  0     [39m┆[38;5;9m  0      [39m┆[48;2;65;77;71m[38;5;10m 100    [49m[39m┆[38;5;9m  0     [39m┆[38;5;9m  0     [39m┆[38;5;9m  0     [39m┆[38;5;9m  0     [39m┆[38;5;9m  0     [39m┆[38;5;9m  0     [39m┆[38;5;9m  0     [39m│
│[48;2;69;76;102m Robyn    [49m┆[48;2;41;44;60m  1.724 [49m┆[48;2;41;44;60m 10.345  [49m┆[48;2;41;44;60m[38;5;9m  0     [49m[39m┆[48;2;41;44;60m 10.345 [49m┆[48;2;69;76;102m 20.69  [49m┆[48;2;41;44;60m  8.621 [49m┆[48;2;41;44;60m 15.517 [49m┆[48;2;41;44;60m 18.966 [49m┆[48;2;41;44;60m 13.793 [49m┆[48;2;41;44;60m[38;5;9m  0     [49m[39m│
│[48;2;69;76;102m Sapphia  [49m┆  6.897 ┆  6.897  ┆[38;5;9m  0     [39m┆  5.172 ┆  5.172 ┆ 17.241 ┆  6.897 ┆ 10.345 ┆  8.621 ┆[48;2;65;77;71m 32.759 [49m│
│[48;2;69;76;102m Shae     [49m┆[48;2;69;76;102m 31.034 [49m┆[48;2;74;68;89m 22.414  [49m┆[48;2;41;44;60m[38;5;9m  0     [49m[39m┆[48;2;41;44;60m  5.172 [49m┆[48;2;41;44;60m  6.897 [49m┆[48;2;41;44;60m 12.069 [49m┆[48;2;41;44;60m  6.897 [49m┆[48;2;41;44;60m  5.172 [49m┆[48;2;41;44;60m  5.172 [49m┆[48;2;41;44;60m  5.172 [49m│
│[48;2;69;76;102m Taofiqah [49m┆[48;2;65;77;71m 39.655 [49m┆ 12.069  ┆[38;5;9m  0     [39m┆ 22.414 ┆  5.172 ┆  5.172 ┆[38;5;9m  0     [39m┆  6.897 ┆  3.448 ┆  5.172 │
│[48;2;69;76;102m Tasha    [49m┆[48;2;41;44;60m  8.621 [49m┆[48;2;41;44;60m 13.793  [49m┆[48;2;41;44;60m[38;5;9m  0     [49m[39m┆[48;2;41;44;60m  5.172 [49m┆[48;2;41;44;60m  1.724 [49m┆[48;2;41;44;60m[38;5;9m  0     [49m[39m┆[48;2;41;44;60m  6.897 [49m┆[48;2;41;44;60m[38;5;9m  0     [49m[39m┆[48;2;65;77;71m 43.103 [49m┆[48;2;41;44;60m 20.69  [49m│
│[48;2;69;76;102m Thea     [49m┆[38;5;9m  0     [39m┆[38;5;9m  0      [39m┆[38;5;9m  0     [39m┆ 18.966 ┆ 13.793 ┆ 12.069 ┆ 15.517 ┆[48;2;65;77;71m 22.414 [49m┆[38;5;9m  0     [39m┆ 17.241 │
│[48;2;69;76;102m Therese  [49m┆[48;2;41;44;60m  3.448 [49m┆[48;2;41;44;60m 17.241  [49m┆[48;2;41;44;60m[38;5;9m  0     [49m[39m┆[48;2;65;77;71m 27.586 [49m┆[48;2;41;44;60m  6.897 [49m┆[48;2;41;44;60m 10.345 [49m┆[48;2;41;44;60m 13.793 [49m┆[48;2;41;44;60m  5.172 [49m┆[48;2;41;44;60m  6.897 [49m┆[48;2;41;44;60m  8.621 [49m│
│[48;2;69;76;102m Vic      [49m┆  1.724 ┆  8.621  ┆[38;5;9m  0     [39m┆  5.172 ┆[48;2;65;77;71m 32.759 [49m┆ 10.345 ┆ 13.793 ┆ 12.069 ┆  8.621 ┆  6.897 │
╰──────────┴────────┴─────────┴────────┴────────┴────────┴────────┴────────┴────────┴────────┴────────╯
58 left -> 5.858 bits left

MN#7 E07 -- Blackout
1x Libby    → Theo    
6x Olivia   → Ismail  
0x Robyn    → Jack    
2x Sapphia  → Cach    
2x Shae     → Charlie 
0x Taofiqah → Jordan  
1x Tasha    → Josh    
0x Thea     → Jacob   
1x Therese  → Juan    
1x Vic      → Joshy   
---
-> I[l]/bits: {1: 1.33, 2: 1.47, 3: 2.27, 4: 4.86}
-> E[I]/bits: 1.70 = H
1 lights => I = 1.3344 bits
╭──────────┬────────┬─────────┬────────┬────────┬────────┬────────┬────────┬────────┬────────┬────────╮
│          ┆[48;2;74;68;89m  Cach  [49m┆[48;2;74;68;89m Charlie [49m┆[48;2;74;68;89m[38;5;10m Ismail [49m[39m┆[48;2;74;68;89m  Jack  [49m┆[48;2;74;68;89m  Jacob [49m┆[48;2;74;68;89m Jordan [49m┆[48;2;74;68;89m  Josh  [49m┆[48;2;74;68;89m  Joshy [49m┆[48;2;74;68;89m  Juan  [49m┆[48;2;74;68;89m  Theo  [49m│
╞══════════╪════════╪═════════╪════════╪════════╪════════╪════════╪════════╪════════╪════════╪════════╡
│[48;2;69;76;102m Libby    [49m┆[48;2;41;44;60m  8.696 [49m┆[48;2;41;44;60m 13.043  [49m┆[48;2;41;44;60m[38;5;9m  0     [49m[39m┆[48;2;41;44;60m[38;5;9m  0     [49m[39m┆[48;2;41;44;60m  8.696 [49m┆[48;2;65;77;71m 34.783 [49m┆[48;2;41;44;60m 13.043 [49m┆[48;2;41;44;60m  8.696 [49m┆[48;2;41;44;60m 13.043 [49m┆[48;2;41;44;60m[38;5;9m  0     [49m[39m│
│[48;2;69;76;102m[38;5;10m Olivia   [49m[39m┆[38;5;9m  0     [39m┆[38;5;9m  0      [39m┆[48;2;65;77;71m[38;5;10m 100    [49m[39m┆[38;5;9m  0     [39m┆[38;5;9m  0     [39m┆[38;5;9m  0     [39m┆[38;5;9m  0     [39m┆[38;5;9m  0     [39m┆[38;5;9m  0     [39m┆[38;5;9m  0     [39m│
│[48;2;69;76;102m Robyn    [49m┆[48;2;41;44;60m  4.348 [49m┆[48;2;41;44;60m  8.696  [49m┆[48;2;41;44;60m[38;5;9m  0     [49m[39m┆[48;2;41;44;60m[38;5;9m  0     [49m[39m┆[48;2;41;44;60m  8.696 [49m┆[48;2;41;44;60m[38;5;9m  0     [49m[39m┆[48;2;65;77;71m 26.087 [49m┆[48;2;69;76;102m 26.087 [49m┆[48;2;65;77;71m 26.087 [49m┆[48;2;41;44;60m[38;5;9m  0     [49m[39m│
│[48;2;69;76;102m Sapphia  [49m┆[38;5;9m  0     [39m┆  4.348  ┆[38;5;9m  0     [39m┆[38;5;9m  0     [39m┆  8.696 ┆ 26.087 ┆  4.348 ┆  4.348 ┆ 17.391 ┆[48;2;65;77;71m 34.783 [49m│
│[48;2;69;76;102m Shae     [49m┆[48;2;65;77;71m 39.13  [49m┆[48;2;41;44;60m[38;5;9m  0      [49m[39m┆[48;2;41;44;60m[38;5;9m  0     [49m[39m┆[48;2;41;44;60m  4.348 [49m┆[48;2;41;44;60m  8.696 [49m┆[48;2;41;44;60m 13.043 [49m┆[48;2;41;44;60m 17.391 [49m┆[48;2;41;44;60m  4.348 [49m┆[48;2;41;44;60m  8.696 [49m┆[48;2;41;44;60m  4.348 [49m│
│[48;2;69;76;102m Taofiqah [49m┆ 21.739 ┆ 13.043  ┆[38;5;9m  0     [39m┆[48;2;65;77;71m 43.478 [49m┆  4.348 ┆[38;5;9m  0     [39m┆[38;5;9m  0     [39m┆ 13.043 ┆[38;5;9m  0     [39m┆  4.348 │
│[48;2;69;76;102m Tasha    [49m┆[48;2;41;44;60m 13.043 [49m┆[48;2;41;44;60m 21.739  [49m┆[48;2;41;44;60m[38;5;9m  0     [49m[39m┆[48;2;41;44;60m  8.696 [49m┆[48;2;41;44;60m[38;5;9m  0     [49m[39m┆[48;2;41;44;60m[38;5;9m  0     [49m[39m┆[48;2;41;44;60m[38;5;9m  0     [49m[39m┆[48;2;41;44;60m[38;5;9m  0     [49m[39m┆[48;2;74;68;89m 26.087 [49m┆[48;2;69;76;102m 30.435 [49m│
│[48;2;69;76;102m Thea     [49m┆[38;5;9m  0     [39m┆[38;5;9m  0      [39m┆[38;5;9m  0     [39m┆  8.696 ┆[38;5;9m  0     [39m┆  8.696 ┆[48;2;74;68;89m 26.087 [49m┆[48;2;65;77;71m 39.13  [49m┆[38;5;9m  0     [39m┆ 17.391 │
│[48;2;69;76;102m Therese  [49m┆[48;2;41;44;60m  8.696 [49m┆[48;2;65;77;71m 30.435  [49m┆[48;2;41;44;60m[38;5;9m  0     [49m[39m┆[48;2;41;44;60m 26.087 [49m┆[48;2;41;44;60m  4.348 [49m┆[48;2;41;44;60m  8.696 [49m┆[48;2;41;44;60m 13.043 [49m┆[48;2;41;44;60m  4.348 [49m┆[48;2;41;44;60m[38;5;9m  0     [49m[39m┆[48;2;41;44;60m  4.348 [49m│
│[48;2;69;76;102m Vic      [49m┆  4.348 ┆  8.696  ┆[38;5;9m  0     [39m┆  8.696 ┆[48;2;65;77;71m[38;5;14m 56.522 [49m[39m┆  8.696 ┆[38;5;9m  0     [39m┆[38;5;9m  0     [39m┆  8.696 ┆  4.348 │
╰──────────┴────────┴─────────┴────────┴────────┴────────┴────────┴────────┴────────┴────────┴────────╯
23 left -> 4.5236 bits left

MB#8 E08
Vic → Jacob 
---
-> I[l]/bits: {0: 1.20, 1: 0.82}
-> E[I]/bits: 0.99 = H
0 lights => I = 1.2016 bits
╭──────────┬──────┬─────────┬────────┬──────┬───────┬────────┬──────┬───────┬──────┬──────╮
│          ┆[48;2;74;68;89m Cach [49m┆[48;2;74;68;89m Charlie [49m┆[48;2;74;68;89m[38;5;10m Ismail [49m[39m┆[48;2;74;68;89m Jack [49m┆[48;2;74;68;89m Jacob [49m┆[48;2;74;68;89m Jordan [49m┆[48;2;74;68;89m Josh [49m┆[48;2;74;68;89m Joshy [49m┆[48;2;74;68;89m Juan [49m┆[48;2;74;68;89m Theo [49m│
╞══════════╪══════╪═════════╪════════╪══════╪═══════╪════════╪══════╪═══════╪══════╪══════╡
│[48;2;69;76;102m Libby    [49m┆[48;2;41;44;60m[38;5;9m  0   [49m[39m┆[48;2;41;44;60m 10      [49m┆[48;2;41;44;60m[38;5;9m  0     [49m[39m┆[48;2;41;44;60m[38;5;9m  0   [49m[39m┆[48;2;65;77;71m 20    [49m┆[48;2;65;77;71m 20     [49m┆[48;2;41;44;60m 10   [49m┆[48;2;69;76;102m 20    [49m┆[48;2;69;76;102m 20   [49m┆[48;2;41;44;60m[38;5;9m  0   [49m[39m│
│[48;2;69;76;102m[38;5;10m Olivia   [49m[39m┆[38;5;9m  0   [39m┆[38;5;9m  0      [39m┆[48;2;65;77;71m[38;5;10m 100    [49m[39m┆[38;5;9m  0   [39m┆[38;5;9m  0    [39m┆[38;5;9m  0     [39m┆[38;5;9m  0   [39m┆[38;5;9m  0    [39m┆[38;5;9m  0   [39m┆[38;5;9m  0   [39m│
│[48;2;69;76;102m Robyn    [49m┆[48;2;41;44;60m[38;5;9m  0   [49m[39m┆[48;2;41;44;60m 10      [49m┆[48;2;41;44;60m[38;5;9m  0     [49m[39m┆[48;2;41;44;60m[38;5;9m  0   [49m[39m┆[48;2;74;68;89m 20    [49m┆[48;2;41;44;60m[38;5;9m  0     [49m[39m┆[48;2;41;44;60m[38;5;9m  0   [49m[39m┆[48;2;65;77;71m[38;5;14m 60    [49m[39m┆[48;2;41;44;60m 10   [49m┆[48;2;41;44;60m[38;5;9m  0   [49m[39m│
│[48;2;69;76;102m Sapphia  [49m┆[38;5;9m  0   [39m┆ 10      ┆[38;5;9m  0     [39m┆[38;5;9m  0   [39m┆[48;2;74;68;89m 20    [49m┆[48;2;74;68;89m 20     [49m┆[38;5;9m  0   [39m┆ 10    ┆[48;2;65;77;71m 30   [49m┆ 10   │
│[48;2;69;76;102m Shae     [49m┆[48;2;65;77;71m[38;5;14m 60   [49m[39m┆[48;2;41;44;60m[38;5;9m  0      [49m[39m┆[48;2;41;44;60m[38;5;9m  0     [49m[39m┆[48;2;41;44;60m 10   [49m┆[48;2;74;68;89m 20    [49m┆[48;2;41;44;60m 10     [49m┆[48;2;41;44;60m[38;5;9m  0   [49m[39m┆[48;2;41;44;60m[38;5;9m  0    [49m[39m┆[48;2;41;44;60m[38;5;9m  0   [49m[39m┆[48;2;41;44;60m[38;5;9m  0   [49m[39m│
│[48;2;69;76;102m Taofiqah [49m┆ 30   ┆ 10      ┆[38;5;9m  0     [39m┆[48;2;65;77;71m 40   [49m┆ 10    ┆[38;5;9m  0     [39m┆[38;5;9m  0   [39m┆[38;5;9m  0    [39m┆[38;5;9m  0   [39m┆ 10   │
│[48;2;69;76;102m Tasha    [49m┆[48;2;41;44;60m[38;5;9m  0   [49m[39m┆[48;2;41;44;60m 10      [49m┆[48;2;41;44;60m[38;5;9m  0     [49m[39m┆[48;2;41;44;60m[38;5;9m  0   [49m[39m┆[48;2;41;44;60m[38;5;9m  0    [49m[39m┆[48;2;41;44;60m[38;5;9m  0     [49m[39m┆[48;2;41;44;60m[38;5;9m  0   [49m[39m┆[48;2;41;44;60m[38;5;9m  0    [49m[39m┆[48;2;41;44;60m 20   [49m┆[48;2;65;77;71m[38;5;14m 70   [49m[39m│
│[48;2;69;76;102m Thea     [49m┆[38;5;9m  0   [39m┆[38;5;9m  0      [39m┆[38;5;9m  0     [39m┆ 20   ┆[38;5;9m  0    [39m┆ 10     ┆[48;2;65;77;71m[38;5;14m 60   [49m[39m┆ 10    ┆[38;5;9m  0   [39m┆[38;5;9m  0   [39m│
│[48;2;69;76;102m Therese  [49m┆[48;2;41;44;60m[38;5;9m  0   [49m[39m┆[48;2;65;77;71m 30      [49m┆[48;2;41;44;60m[38;5;9m  0     [49m[39m┆[48;2;41;44;60m 10   [49m┆[48;2;41;44;60m 10    [49m┆[48;2;74;68;89m 20     [49m┆[48;2;69;76;102m 30   [49m┆[48;2;41;44;60m[38;5;9m  0    [49m[39m┆[48;2;41;44;60m[38;5;9m  0   [49m[39m┆[48;2;41;44;60m[38;5;9m  0   [49m[39m│
│[48;2;69;76;102m Vic      [49m┆ 10   ┆[48;2;69;76;102m 20      [49m┆[38;5;9m  0     [39m┆[48;2;69;76;102m 20   [49m┆[38;5;9m  0    [39m┆[48;2;65;77;71m 20     [49m┆[38;5;9m  0   [39m┆[38;5;9m  0    [39m┆[48;2;69;76;102m 20   [49m┆ 10   │
╰──────────┴──────┴─────────┴────────┴──────┴───────┴────────┴──────┴───────┴──────┴──────╯
10 left -> 3.3219 bits left

MN#8 E08
1x Libby    → Joshy   
7x Olivia   → Ismail  
1x Robyn    → Jacob   
1x Sapphia  → Jordan  
1x Shae     → Jack    
1x Taofiqah → Juan    
0x Tasha    → Charlie 
1x Thea     → Josh    
0x Therese  → Cach    
1x Vic      → Theo    
---
-> I[l]/bits: {1: 3.32, 2: 0.51, 4: 3.32, 6: 3.32}
-> E[I]/bits: 1.36 = H
6 lights => I = 3.3219 bits
╭──────────┬──────┬─────────┬────────┬──────┬───────┬────────┬──────┬───────┬──────┬──────╮
│          ┆[48;2;74;68;89m[38;5;10m Cach [49m[39m┆[48;2;74;68;89m[38;5;10m Charlie [49m[39m┆[48;2;74;68;89m[38;5;10m Ismail [49m[39m┆[48;2;74;68;89m[38;5;10m Jack [49m[39m┆[48;2;74;68;89m[38;5;10m Jacob [49m[39m┆[48;2;74;68;89m[38;5;10m Jordan [49m[39m┆[48;2;74;68;89m[38;5;10m Josh [49m[39m┆[48;2;74;68;89m[38;5;10m Joshy [49m[39m┆[48;2;74;68;89m[38;5;10m Juan [49m[39m┆[48;2;74;68;89m[38;5;10m Theo [49m[39m│
╞══════════╪══════╪═════════╪════════╪══════╪═══════╪════════╪══════╪═══════╪══════╪══════╡
│[48;2;69;76;102m[38;5;10m Libby    [49m[39m┆[48;2;41;44;60m[38;5;9m  0   [49m[39m┆[48;2;41;44;60m[38;5;9m  0      [49m[39m┆[48;2;41;44;60m[38;5;9m  0     [49m[39m┆[48;2;41;44;60m[38;5;9m  0   [49m[39m┆[48;2;41;44;60m[38;5;9m  0    [49m[39m┆[48;2;41;44;60m[38;5;9m  0     [49m[39m┆[48;2;41;44;60m[38;5;9m  0   [49m[39m┆[48;2;65;77;71m[38;5;10m 100   [49m[39m┆[48;2;41;44;60m[38;5;9m  0   [49m[39m┆[48;2;41;44;60m[38;5;9m  0   [49m[39m│
│[48;2;69;76;102m[38;5;10m Olivia   [49m[39m┆[38;5;9m  0   [39m┆[38;5;9m  0      [39m┆[48;2;65;77;71m[38;5;10m 100    [49m[39m┆[38;5;9m  0   [39m┆[38;5;9m  0    [39m┆[38;5;9m  0     [39m┆[38;5;9m  0   [39m┆[38;5;9m  0    [39m┆[38;5;9m  0   [39m┆[38;5;9m  0   [39m│
│[48;2;69;76;102m[38;5;10m Robyn    [49m[39m┆[48;2;41;44;60m[38;5;9m  0   [49m[39m┆[48;2;41;44;60m[38;5;9m  0      [49m[39m┆[48;2;41;44;60m[38;5;9m  0     [49m[39m┆[48;2;41;44;60m[38;5;9m  0   [49m[39m┆[48;2;65;77;71m[38;5;10m 100   [49m[39m┆[48;2;41;44;60m[38;5;9m  0     [49m[39m┆[48;2;41;44;60m[38;5;9m  0   [49m[39m┆[48;2;41;44;60m[38;5;9m  0    [49m[39m┆[48;2;41;44;60m[38;5;9m  0   [49m[39m┆[48;2;41;44;60m[38;5;9m  0   [49m[39m│
│[48;2;69;76;102m[38;5;10m Sapphia  [49m[39m┆[38;5;9m  0   [39m┆[38;5;9m  0      [39m┆[38;5;9m  0     [39m┆[38;5;9m  0   [39m┆[38;5;9m  0    [39m┆[48;2;65;77;71m[38;5;10m 100    [49m[39m┆[38;5;9m  0   [39m┆[38;5;9m  0    [39m┆[38;5;9m  0   [39m┆[38;5;9m  0   [39m│
│[48;2;69;76;102m[38;5;10m Shae     [49m[39m┆[48;2;65;77;71m[38;5;10m 100  [49m[39m┆[48;2;41;44;60m[38;5;9m  0      [49m[39m┆[48;2;41;44;60m[38;5;9m  0     [49m[39m┆[48;2;41;44;60m[38;5;9m  0   [49m[39m┆[48;2;41;44;60m[38;5;9m  0    [49m[39m┆[48;2;41;44;60m[38;5;9m  0     [49m[39m┆[48;2;41;44;60m[38;5;9m  0   [49m[39m┆[48;2;41;44;60m[38;5;9m  0    [49m[39m┆[48;2;41;44;60m[38;5;9m  0   [49m[39m┆[48;2;41;44;60m[38;5;9m  0   [49m[39m│
│[48;2;69;76;102m[38;5;10m Taofiqah [49m[39m┆[38;5;9m  0   [39m┆[38;5;9m  0      [39m┆[38;5;9m  0     [39m┆[38;5;9m  0   [39m┆[38;5;9m  0    [39m┆[38;5;9m  0     [39m┆[38;5;9m  0   [39m┆[38;5;9m  0    [39m┆[38;5;9m  0   [39m┆[48;2;65;77;71m[38;5;10m 100  [49m[39m│
│[48;2;69;76;102m[38;5;10m Tasha    [49m[39m┆[48;2;41;44;60m[38;5;9m  0   [49m[39m┆[48;2;65;77;71m[38;5;10m 100     [49m[39m┆[48;2;41;44;60m[38;5;9m  0     [49m[39m┆[48;2;41;44;60m[38;5;9m  0   [49m[39m┆[48;2;41;44;60m[38;5;9m  0    [49m[39m┆[48;2;41;44;60m[38;5;9m  0     [49m[39m┆[48;2;41;44;60m[38;5;9m  0   [49m[39m┆[48;2;41;44;60m[38;5;9m  0    [49m[39m┆[48;2;41;44;60m[38;5;9m  0   [49m[39m┆[48;2;41;44;60m[38;5;9m  0   [49m[39m│
│[48;2;69;76;102m[38;5;10m Thea     [49m[39m┆[38;5;9m  0   [39m┆[38;5;9m  0      [39m┆[38;5;9m  0     [39m┆[38;5;9m  0   [39m┆[38;5;9m  0    [39m┆[38;5;9m  0     [39m┆[48;2;65;77;71m[38;5;10m 100  [49m[39m┆[38;5;9m  0    [39m┆[38;5;9m  0   [39m┆[38;5;9m  0   [39m│
│[48;2;69;76;102m[38;5;10m Therese  [49m[39m┆[48;2;41;44;60m[38;5;9m  0   [49m[39m┆[48;2;41;44;60m[38;5;9m  0      [49m[39m┆[48;2;41;44;60m[38;5;9m  0     [49m[39m┆[48;2;65;77;71m[38;5;10m 100  [49m[39m┆[48;2;41;44;60m[38;5;9m  0    [49m[39m┆[48;2;41;44;60m[38;5;9m  0     [49m[39m┆[48;2;41;44;60m[38;5;9m  0   [49m[39m┆[48;2;41;44;60m[38;5;9m  0    [49m[39m┆[48;2;41;44;60m[38;5;9m  0   [49m[39m┆[48;2;41;44;60m[38;5;9m  0   [49m[39m│
│[48;2;69;76;102m[38;5;10m Vic      [49m[39m┆[38;5;9m  0   [39m┆[38;5;9m  0      [39m┆[38;5;9m  0     [39m┆[38;5;9m  0   [39m┆[38;5;9m  0    [39m┆[38;5;9m  0     [39m┆[38;5;9m  0   [39m┆[38;5;9m  0    [39m┆[48;2;65;77;71m[38;5;10m 100  [49m[39m┆[38;5;9m  0   [39m│
╰──────────┴──────┴─────────┴────────┴──────┴───────┴────────┴──────┴───────┴──────┴──────╯
1 left -> 0 bits left

MB#9 E09
Libby → Joshy 
---
-> I[l]/bits: {1: 0.00}
-> E[I]/bits: 0.00 = H
1 lights => I = 0 bits
╭──────────┬──────┬─────────┬────────┬──────┬───────┬────────┬──────┬───────┬──────┬──────╮
│          ┆[48;2;74;68;89m[38;5;10m Cach [49m[39m┆[48;2;74;68;89m[38;5;10m Charlie [49m[39m┆[48;2;74;68;89m[38;5;10m Ismail [49m[39m┆[48;2;74;68;89m[38;5;10m Jack [49m[39m┆[48;2;74;68;89m[38;5;10m Jacob [49m[39m┆[48;2;74;68;89m[38;5;10m Jordan [49m[39m┆[48;2;74;68;89m[38;5;10m Josh [49m[39m┆[48;2;74;68;89m[38;5;10m Joshy [49m[39m┆[48;2;74;68;89m[38;5;10m Juan [49m[39m┆[48;2;74;68;89m[38;5;10m Theo [49m[39m│
╞══════════╪══════╪═════════╪════════╪══════╪═══════╪════════╪══════╪═══════╪══════╪══════╡
│[48;2;69;76;102m[38;5;10m Libby    [49m[39m┆[48;2;41;44;60m[38;5;9m  0   [49m[39m┆[48;2;41;44;60m[38;5;9m  0      [49m[39m┆[48;2;41;44;60m[38;5;9m  0     [49m[39m┆[48;2;41;44;60m[38;5;9m  0   [49m[39m┆[48;2;41;44;60m[38;5;9m  0    [49m[39m┆[48;2;41;44;60m[38;5;9m  0     [49m[39m┆[48;2;41;44;60m[38;5;9m  0   [49m[39m┆[48;2;65;77;71m[38;5;10m 100   [49m[39m┆[48;2;41;44;60m[38;5;9m  0   [49m[39m┆[48;2;41;44;60m[38;5;9m  0   [49m[39m│
│[48;2;69;76;102m[38;5;10m Olivia   [49m[39m┆[38;5;9m  0   [39m┆[38;5;9m  0      [39m┆[48;2;65;77;71m[38;5;10m 100    [49m[39m┆[38;5;9m  0   [39m┆[38;5;9m  0    [39m┆[38;5;9m  0     [39m┆[38;5;9m  0   [39m┆[38;5;9m  0    [39m┆[38;5;9m  0   [39m┆[38;5;9m  0   [39m│
│[48;2;69;76;102m[38;5;10m Robyn    [49m[39m┆[48;2;41;44;60m[38;5;9m  0   [49m[39m┆[48;2;41;44;60m[38;5;9m  0      [49m[39m┆[48;2;41;44;60m[38;5;9m  0     [49m[39m┆[48;2;41;44;60m[38;5;9m  0   [49m[39m┆[48;2;65;77;71m[38;5;10m 100   [49m[39m┆[48;2;41;44;60m[38;5;9m  0     [49m[39m┆[48;2;41;44;60m[38;5;9m  0   [49m[39m┆[48;2;41;44;60m[38;5;9m  0    [49m[39m┆[48;2;41;44;60m[38;5;9m  0   [49m[39m┆[48;2;41;44;60m[38;5;9m  0   [49m[39m│
│[48;2;69;76;102m[38;5;10m Sapphia  [49m[39m┆[38;5;9m  0   [39m┆[38;5;9m  0      [39m┆[38;5;9m  0     [39m┆[38;5;9m  0   [39m┆[38;5;9m  0    [39m┆[48;2;65;77;71m[38;5;10m 100    [49m[39m┆[38;5;9m  0   [39m┆[38;5;9m  0    [39m┆[38;5;9m  0   [39m┆[38;5;9m  0   [39m│
│[48;2;69;76;102m[38;5;10m Shae     [49m[39m┆[48;2;65;77;71m[38;5;10m 100  [49m[39m┆[48;2;41;44;60m[38;5;9m  0      [49m[39m┆[48;2;41;44;60m[38;5;9m  0     [49m[39m┆[48;2;41;44;60m[38;5;9m  0   [49m[39m┆[48;2;41;44;60m[38;5;9m  0    [49m[39m┆[48;2;41;44;60m[38;5;9m  0     [49m[39m┆[48;2;41;44;60m[38;5;9m  0   [49m[39m┆[48;2;41;44;60m[38;5;9m  0    [49m[39m┆[48;2;41;44;60m[38;5;9m  0   [49m[39m┆[48;2;41;44;60m[38;5;9m  0   [49m[39m│
│[48;2;69;76;102m[38;5;10m Taofiqah [49m[39m┆[38;5;9m  0   [39m┆[38;5;9m  0      [39m┆[38;5;9m  0     [39m┆[38;5;9m  0   [39m┆[38;5;9m  0    [39m┆[38;5;9m  0     [39m┆[38;5;9m  0   [39m┆[38;5;9m  0    [39m┆[38;5;9m  0   [39m┆[48;2;65;77;71m[38;5;10m 100  [49m[39m│
│[48;2;69;76;102m[38;5;10m Tasha    [49m[39m┆[48;2;41;44;60m[38;5;9m  0   [49m[39m┆[48;2;65;77;71m[38;5;10m 100     [49m[39m┆[48;2;41;44;60m[38;5;9m  0     [49m[39m┆[48;2;41;44;60m[38;5;9m  0   [49m[39m┆[48;2;41;44;60m[38;5;9m  0    [49m[39m┆[48;2;41;44;60m[38;5;9m  0     [49m[39m┆[48;2;41;44;60m[38;5;9m  0   [49m[39m┆[48;2;41;44;60m[38;5;9m  0    [49m[39m┆[48;2;41;44;60m[38;5;9m  0   [49m[39m┆[48;2;41;44;60m[38;5;9m  0   [49m[39m│
│[48;2;69;76;102m[38;5;10m Thea     [49m[39m┆[38;5;9m  0   [39m┆[38;5;9m  0      [39m┆[38;5;9m  0     [39m┆[38;5;9m  0   [39m┆[38;5;9m  0    [39m┆[38;5;9m  0     [39m┆[48;2;65;77;71m[38;5;10m 100  [49m[39m┆[38;5;9m  0    [39m┆[38;5;9m  0   [39m┆[38;5;9m  0   [39m│
│[48;2;69;76;102m[38;5;10m Therese  [49m[39m┆[48;2;41;44;60m[38;5;9m  0   [49m[39m┆[48;2;41;44;60m[38;5;9m  0      [49m[39m┆[48;2;41;44;60m[38;5;9m  0     [49m[39m┆[48;2;65;77;71m[38;5;10m 100  [49m[39m┆[48;2;41;44;60m[38;5;9m  0    [49m[39m┆[48;2;41;44;60m[38;5;9m  0     [49m[39m┆[48;2;41;44;60m[38;5;9m  0   [49m[39m┆[48;2;41;44;60m[38;5;9m  0    [49m[39m┆[48;2;41;44;60m[38;5;9m  0   [49m[39m┆[48;2;41;44;60m[38;5;9m  0   [49m[39m│
│[48;2;69;76;102m[38;5;10m Vic      [49m[39m┆[38;5;9m  0   [39m┆[38;5;9m  0      [39m┆[38;5;9m  0     [39m┆[38;5;9m  0   [39m┆[38;5;9m  0    [39m┆[38;5;9m  0     [39m┆[38;5;9m  0   [39m┆[38;5;9m  0    [39m┆[48;2;65;77;71m[38;5;10m 100  [49m[39m┆[38;5;9m  0   [39m│
╰──────────┴──────┴─────────┴────────┴──────┴───────┴────────┴──────┴───────┴──────┴──────╯
1 left -> 0 bits left

MN#9 E10
2x Libby    → Joshy   
8x Olivia   → Ismail  
2x Robyn    → Jacob   
2x Sapphia  → Jordan  
0x Shae     → Juan    
1x Taofiqah → Jack    
1x Tasha    → Charlie 
2x Thea     → Josh    
1x Therese  → Cach    
2x Vic      → Theo    
---
-> I[l]/bits: {6: 0.00}
-> E[I]/bits: 0.00 = H
6 lights => I = 0 bits
╭──────────┬──────┬─────────┬────────┬──────┬───────┬────────┬──────┬───────┬──────┬──────╮
│          ┆[48;2;74;68;89m[38;5;10m Cach [49m[39m┆[48;2;74;68;89m[38;5;10m Charlie [49m[39m┆[48;2;74;68;89m[38;5;10m Ismail [49m[39m┆[48;2;74;68;89m[38;5;10m Jack [49m[39m┆[48;2;74;68;89m[38;5;10m Jacob [49m[39m┆[48;2;74;68;89m[38;5;10m Jordan [49m[39m┆[48;2;74;68;89m[38;5;10m Josh [49m[39m┆[48;2;74;68;89m[38;5;10m Joshy [49m[39m┆[48;2;74;68;89m[38;5;10m Juan [49m[39m┆[48;2;74;68;89m[38;5;10m Theo [49m[39m│
╞══════════╪══════╪═════════╪════════╪══════╪═══════╪════════╪══════╪═══════╪══════╪══════╡
│[48;2;69;76;102m[38;5;10m Libby    [49m[39m┆[48;2;41;44;60m[38;5;9m  0   [49m[39m┆[48;2;41;44;60m[38;5;9m  0      [49m[39m┆[48;2;41;44;60m[38;5;9m  0     [49m[39m┆[48;2;41;44;60m[38;5;9m  0   [49m[39m┆[48;2;41;44;60m[38;5;9m  0    [49m[39m┆[48;2;41;44;60m[38;5;9m  0     [49m[39m┆[48;2;41;44;60m[38;5;9m  0   [49m[39m┆[48;2;65;77;71m[38;5;10m 100   [49m[39m┆[48;2;41;44;60m[38;5;9m  0   [49m[39m┆[48;2;41;44;60m[38;5;9m  0   [49m[39m│
│[48;2;69;76;102m[38;5;10m Olivia   [49m[39m┆[38;5;9m  0   [39m┆[38;5;9m  0      [39m┆[48;2;65;77;71m[38;5;10m 100    [49m[39m┆[38;5;9m  0   [39m┆[38;5;9m  0    [39m┆[38;5;9m  0     [39m┆[38;5;9m  0   [39m┆[38;5;9m  0    [39m┆[38;5;9m  0   [39m┆[38;5;9m  0   [39m│
│[48;2;69;76;102m[38;5;10m Robyn    [49m[39m┆[48;2;41;44;60m[38;5;9m  0   [49m[39m┆[48;2;41;44;60m[38;5;9m  0      [49m[39m┆[48;2;41;44;60m[38;5;9m  0     [49m[39m┆[48;2;41;44;60m[38;5;9m  0   [49m[39m┆[48;2;65;77;71m[38;5;10m 100   [49m[39m┆[48;2;41;44;60m[38;5;9m  0     [49m[39m┆[48;2;41;44;60m[38;5;9m  0   [49m[39m┆[48;2;41;44;60m[38;5;9m  0    [49m[39m┆[48;2;41;44;60m[38;5;9m  0   [49m[39m┆[48;2;41;44;60m[38;5;9m  0   [49m[39m│
│[48;2;69;76;102m[38;5;10m Sapphia  [49m[39m┆[38;5;9m  0   [39m┆[38;5;9m  0      [39m┆[38;5;9m  0     [39m┆[38;5;9m  0   [39m┆[38;5;9m  0    [39m┆[48;2;65;77;71m[38;5;10m 100    [49m[39m┆[38;5;9m  0   [39m┆[38;5;9m  0    [39m┆[38;5;9m  0   [39m┆[38;5;9m  0   [39m│
│[48;2;69;76;102m[38;5;10m Shae     [49m[39m┆[48;2;65;77;71m[38;5;10m 100  [49m[39m┆[48;2;41;44;60m[38;5;9m  0      [49m[39m┆[48;2;41;44;60m[38;5;9m  0     [49m[39m┆[48;2;41;44;60m[38;5;9m  0   [49m[39m┆[48;2;41;44;60m[38;5;9m  0    [49m[39m┆[48;2;41;44;60m[38;5;9m  0     [49m[39m┆[48;2;41;44;60m[38;5;9m  0   [49m[39m┆[48;2;41;44;60m[38;5;9m  0    [49m[39m┆[48;2;41;44;60m[38;5;9m  0   [49m[39m┆[48;2;41;44;60m[38;5;9m  0   [49m[39m│
│[48;2;69;76;102m[38;5;10m Taofiqah [49m[39m┆[38;5;9m  0   [39m┆[38;5;9m  0      [39m┆[38;5;9m  0     [39m┆[38;5;9m  0   [39m┆[38;5;9m  0    [39m┆[38;5;9m  0     [39m┆[38;5;9m  0   [39m┆[38;5;9m  0    [39m┆[38;5;9m  0   [39m┆[48;2;65;77;71m[38;5;10m 100  [49m[39m│
│[48;2;69;76;102m[38;5;10m Tasha    [49m[39m┆[48;2;41;44;60m[38;5;9m  0   [49m[39m┆[48;2;65;77;71m[38;5;10m 100     [49m[39m┆[48;2;41;44;60m[38;5;9m  0     [49m[39m┆[48;2;41;44;60m[38;5;9m  0   [49m[39m┆[48;2;41;44;60m[38;5;9m  0    [49m[39m┆[48;2;41;44;60m[38;5;9m  0     [49m[39m┆[48;2;41;44;60m[38;5;9m  0   [49m[39m┆[48;2;41;44;60m[38;5;9m  0    [49m[39m┆[48;2;41;44;60m[38;5;9m  0   [49m[39m┆[48;2;41;44;60m[38;5;9m  0   [49m[39m│
│[48;2;69;76;102m[38;5;10m Thea     [49m[39m┆[38;5;9m  0   [39m┆[38;5;9m  0      [39m┆[38;5;9m  0     [39m┆[38;5;9m  0   [39m┆[38;5;9m  0    [39m┆[38;5;9m  0     [39m┆[48;2;65;77;71m[38;5;10m 100  [49m[39m┆[38;5;9m  0    [39m┆[38;5;9m  0   [39m┆[38;5;9m  0   [39m│
│[48;2;69;76;102m[38;5;10m Therese  [49m[39m┆[48;2;41;44;60m[38;5;9m  0   [49m[39m┆[48;2;41;44;60m[38;5;9m  0      [49m[39m┆[48;2;41;44;60m[38;5;9m  0     [49m[39m┆[48;2;65;77;71m[38;5;10m 100  [49m[39m┆[48;2;41;44;60m[38;5;9m  0    [49m[39m┆[48;2;41;44;60m[38;5;9m  0     [49m[39m┆[48;2;41;44;60m[38;5;9m  0   [49m[39m┆[48;2;41;44;60m[38;5;9m  0    [49m[39m┆[48;2;41;44;60m[38;5;9m  0   [49m[39m┆[48;2;41;44;60m[38;5;9m  0   [49m[39m│
│[48;2;69;76;102m[38;5;10m Vic      [49m[39m┆[38;5;9m  0   [39m┆[38;5;9m  0      [39m┆[38;5;9m  0     [39m┆[38;5;9m  0   [39m┆[38;5;9m  0    [39m┆[38;5;9m  0     [39m┆[38;5;9m  0   [39m┆[38;5;9m  0    [39m┆[48;2;65;77;71m[38;5;10m 100  [49m[39m┆[38;5;9m  0   [39m│
╰──────────┴──────┴─────────┴────────┴──────┴───────┴────────┴──────┴───────┴──────┴──────╯
1 left -> 0 bits left

MB#10 E10
Tasha → Charlie 
---
-> I[l]/bits: {1: 0.00}
-> E[I]/bits: 0.00 = H
1 lights => I = 0 bits
╭──────────┬──────┬─────────┬────────┬──────┬───────┬────────┬──────┬───────┬──────┬──────╮
│          ┆[48;2;74;68;89m[38;5;10m Cach [49m[39m┆[48;2;74;68;89m[38;5;10m Charlie [49m[39m┆[48;2;74;68;89m[38;5;10m Ismail [49m[39m┆[48;2;74;68;89m[38;5;10m Jack [49m[39m┆[48;2;74;68;89m[38;5;10m Jacob [49m[39m┆[48;2;74;68;89m[38;5;10m Jordan [49m[39m┆[48;2;74;68;89m[38;5;10m Josh [49m[39m┆[48;2;74;68;89m[38;5;10m Joshy [49m[39m┆[48;2;74;68;89m[38;5;10m Juan [49m[39m┆[48;2;74;68;89m[38;5;10m Theo [49m[39m│
╞══════════╪══════╪═════════╪════════╪══════╪═══════╪════════╪══════╪═══════╪══════╪══════╡
│[48;2;69;76;102m[38;5;10m Libby    [49m[39m┆[48;2;41;44;60m[38;5;9m  0   [49m[39m┆[48;2;41;44;60m[38;5;9m  0      [49m[39m┆[48;2;41;44;60m[38;5;9m  0     [49m[39m┆[48;2;41;44;60m[38;5;9m  0   [49m[39m┆[48;2;41;44;60m[38;5;9m  0    [49m[39m┆[48;2;41;44;60m[38;5;9m  0     [49m[39m┆[48;2;41;44;60m[38;5;9m  0   [49m[39m┆[48;2;65;77;71m[38;5;10m 100   [49m[39m┆[48;2;41;44;60m[38;5;9m  0   [49m[39m┆[48;2;41;44;60m[38;5;9m  0   [49m[39m│
│[48;2;69;76;102m[38;5;10m Olivia   [49m[39m┆[38;5;9m  0   [39m┆[38;5;9m  0      [39m┆[48;2;65;77;71m[38;5;10m 100    [49m[39m┆[38;5;9m  0   [39m┆[38;5;9m  0    [39m┆[38;5;9m  0     [39m┆[38;5;9m  0   [39m┆[38;5;9m  0    [39m┆[38;5;9m  0   [39m┆[38;5;9m  0   [39m│
│[48;2;69;76;102m[38;5;10m Robyn    [49m[39m┆[48;2;41;44;60m[38;5;9m  0   [49m[39m┆[48;2;41;44;60m[38;5;9m  0      [49m[39m┆[48;2;41;44;60m[38;5;9m  0     [49m[39m┆[48;2;41;44;60m[38;5;9m  0   [49m[39m┆[48;2;65;77;71m[38;5;10m 100   [49m[39m┆[48;2;41;44;60m[38;5;9m  0     [49m[39m┆[48;2;41;44;60m[38;5;9m  0   [49m[39m┆[48;2;41;44;60m[38;5;9m  0    [49m[39m┆[48;2;41;44;60m[38;5;9m  0   [49m[39m┆[48;2;41;44;60m[38;5;9m  0   [49m[39m│
│[48;2;69;76;102m[38;5;10m Sapphia  [49m[39m┆[38;5;9m  0   [39m┆[38;5;9m  0      [39m┆[38;5;9m  0     [39m┆[38;5;9m  0   [39m┆[38;5;9m  0    [39m┆[48;2;65;77;71m[38;5;10m 100    [49m[39m┆[38;5;9m  0   [39m┆[38;5;9m  0    [39m┆[38;5;9m  0   [39m┆[38;5;9m  0   [39m│
│[48;2;69;76;102m[38;5;10m Shae     [49m[39m┆[48;2;65;77;71m[38;5;10m 100  [49m[39m┆[48;2;41;44;60m[38;5;9m  0      [49m[39m┆[48;2;41;44;60m[38;5;9m  0     [49m[39m┆[48;2;41;44;60m[38;5;9m  0   [49m[39m┆[48;2;41;44;60m[38;5;9m  0    [49m[39m┆[48;2;41;44;60m[38;5;9m  0     [49m[39m┆[48;2;41;44;60m[38;5;9m  0   [49m[39m┆[48;2;41;44;60m[38;5;9m  0    [49m[39m┆[48;2;41;44;60m[38;5;9m  0   [49m[39m┆[48;2;41;44;60m[38;5;9m  0   [49m[39m│
│[48;2;69;76;102m[38;5;10m Taofiqah [49m[39m┆[38;5;9m  0   [39m┆[38;5;9m  0      [39m┆[38;5;9m  0     [39m┆[38;5;9m  0   [39m┆[38;5;9m  0    [39m┆[38;5;9m  0     [39m┆[38;5;9m  0   [39m┆[38;5;9m  0    [39m┆[38;5;9m  0   [39m┆[48;2;65;77;71m[38;5;10m 100  [49m[39m│
│[48;2;69;76;102m[38;5;10m Tasha    [49m[39m┆[48;2;41;44;60m[38;5;9m  0   [49m[39m┆[48;2;65;77;71m[38;5;10m 100     [49m[39m┆[48;2;41;44;60m[38;5;9m  0     [49m[39m┆[48;2;41;44;60m[38;5;9m  0   [49m[39m┆[48;2;41;44;60m[38;5;9m  0    [49m[39m┆[48;2;41;44;60m[38;5;9m  0     [49m[39m┆[48;2;41;44;60m[38;5;9m  0   [49m[39m┆[48;2;41;44;60m[38;5;9m  0    [49m[39m┆[48;2;41;44;60m[38;5;9m  0   [49m[39m┆[48;2;41;44;60m[38;5;9m  0   [49m[39m│
│[48;2;69;76;102m[38;5;10m Thea     [49m[39m┆[38;5;9m  0   [39m┆[38;5;9m  0      [39m┆[38;5;9m  0     [39m┆[38;5;9m  0   [39m┆[38;5;9m  0    [39m┆[38;5;9m  0     [39m┆[48;2;65;77;71m[38;5;10m 100  [49m[39m┆[38;5;9m  0    [39m┆[38;5;9m  0   [39m┆[38;5;9m  0   [39m│
│[48;2;69;76;102m[38;5;10m Therese  [49m[39m┆[48;2;41;44;60m[38;5;9m  0   [49m[39m┆[48;2;41;44;60m[38;5;9m  0      [49m[39m┆[48;2;41;44;60m[38;5;9m  0     [49m[39m┆[48;2;65;77;71m[38;5;10m 100  [49m[39m┆[48;2;41;44;60m[38;5;9m  0    [49m[39m┆[48;2;41;44;60m[38;5;9m  0     [49m[39m┆[48;2;41;44;60m[38;5;9m  0   [49m[39m┆[48;2;41;44;60m[38;5;9m  0    [49m[39m┆[48;2;41;44;60m[38;5;9m  0   [49m[39m┆[48;2;41;44;60m[38;5;9m  0   [49m[39m│
│[48;2;69;76;102m[38;5;10m Vic      [49m[39m┆[38;5;9m  0   [39m┆[38;5;9m  0      [39m┆[38;5;9m  0     [39m┆[38;5;9m  0   [39m┆[38;5;9m  0    [39m┆[38;5;9m  0     [39m┆[38;5;9m  0   [39m┆[38;5;9m  0    [39m┆[48;2;65;77;71m[38;5;10m 100  [49m[39m┆[38;5;9m  0   [39m│
╰──────────┴──────┴─────────┴────────┴──────┴───────┴────────┴──────┴───────┴──────┴──────╯
1 left -> 0 bits left

MN#10 E10
3x Libby    → Joshy   
9x Olivia   → Ismail  
3x Robyn    → Jacob   
3x Sapphia  → Jordan  
2x Shae     → Cach    
1x Taofiqah → Theo    
2x Tasha    → Charlie 
3x Thea     → Josh    
2x Therese  → Jack    
0x Vic      → Juan    
---
-> I[l]/bits: {10: 0.00}
-> E[I]/bits: 0.00 = H
10 lights => I = 0 bits
╭──────────┬──────┬─────────┬────────┬──────┬───────┬────────┬──────┬───────┬──────┬──────╮
│          ┆[48;2;74;68;89m[38;5;10m Cach [49m[39m┆[48;2;74;68;89m[38;5;10m Charlie [49m[39m┆[48;2;74;68;89m[38;5;10m Ismail [49m[39m┆[48;2;74;68;89m[38;5;10m Jack [49m[39m┆[48;2;74;68;89m[38;5;10m Jacob [49m[39m┆[48;2;74;68;89m[38;5;10m Jordan [49m[39m┆[48;2;74;68;89m[38;5;10m Josh [49m[39m┆[48;2;74;68;89m[38;5;10m Joshy [49m[39m┆[48;2;74;68;89m[38;5;10m Juan [49m[39m┆[48;2;74;68;89m[38;5;10m Theo [49m[39m│
╞══════════╪══════╪═════════╪════════╪══════╪═══════╪════════╪══════╪═══════╪══════╪══════╡
│[48;2;69;76;102m[38;5;10m Libby    [49m[39m┆[48;2;41;44;60m[38;5;9m  0   [49m[39m┆[48;2;41;44;60m[38;5;9m  0      [49m[39m┆[48;2;41;44;60m[38;5;9m  0     [49m[39m┆[48;2;41;44;60m[38;5;9m  0   [49m[39m┆[48;2;41;44;60m[38;5;9m  0    [49m[39m┆[48;2;41;44;60m[38;5;9m  0     [49m[39m┆[48;2;41;44;60m[38;5;9m  0   [49m[39m┆[48;2;65;77;71m[38;5;10m 100   [49m[39m┆[48;2;41;44;60m[38;5;9m  0   [49m[39m┆[48;2;41;44;60m[38;5;9m  0   [49m[39m│
│[48;2;69;76;102m[38;5;10m Olivia   [49m[39m┆[38;5;9m  0   [39m┆[38;5;9m  0      [39m┆[48;2;65;77;71m[38;5;10m 100    [49m[39m┆[38;5;9m  0   [39m┆[38;5;9m  0    [39m┆[38;5;9m  0     [39m┆[38;5;9m  0   [39m┆[38;5;9m  0    [39m┆[38;5;9m  0   [39m┆[38;5;9m  0   [39m│
│[48;2;69;76;102m[38;5;10m Robyn    [49m[39m┆[48;2;41;44;60m[38;5;9m  0   [49m[39m┆[48;2;41;44;60m[38;5;9m  0      [49m[39m┆[48;2;41;44;60m[38;5;9m  0     [49m[39m┆[48;2;41;44;60m[38;5;9m  0   [49m[39m┆[48;2;65;77;71m[38;5;10m 100   [49m[39m┆[48;2;41;44;60m[38;5;9m  0     [49m[39m┆[48;2;41;44;60m[38;5;9m  0   [49m[39m┆[48;2;41;44;60m[38;5;9m  0    [49m[39m┆[48;2;41;44;60m[38;5;9m  0   [49m[39m┆[48;2;41;44;60m[38;5;9m  0   [49m[39m│
│[48;2;69;76;102m[38;5;10m Sapphia  [49m[39m┆[38;5;9m  0   [39m┆[38;5;9m  0      [39m┆[38;5;9m  0     [39m┆[38;5;9m  0   [39m┆[38;5;9m  0    [39m┆[48;2;65;77;71m[38;5;10m 100    [49m[39m┆[38;5;9m  0   [39m┆[38;5;9m  0    [39m┆[38;5;9m  0   [39m┆[38;5;9m  0   [39m│
│[48;2;69;76;102m[38;5;10m Shae     [49m[39m┆[48;2;65;77;71m[38;5;10m 100  [49m[39m┆[48;2;41;44;60m[38;5;9m  0      [49m[39m┆[48;2;41;44;60m[38;5;9m  0     [49m[39m┆[48;2;41;44;60m[38;5;9m  0   [49m[39m┆[48;2;41;44;60m[38;5;9m  0    [49m[39m┆[48;2;41;44;60m[38;5;9m  0     [49m[39m┆[48;2;41;44;60m[38;5;9m  0   [49m[39m┆[48;2;41;44;60m[38;5;9m  0    [49m[39m┆[48;2;41;44;60m[38;5;9m  0   [49m[39m┆[48;2;41;44;60m[38;5;9m  0   [49m[39m│
│[48;2;69;76;102m[38;5;10m Taofiqah [49m[39m┆[38;5;9m  0   [39m┆[38;5;9m  0      [39m┆[38;5;9m  0     [39m┆[38;5;9m  0   [39m┆[38;5;9m  0    [39m┆[38;5;9m  0     [39m┆[38;5;9m  0   [39m┆[38;5;9m  0    [39m┆[38;5;9m  0   [39m┆[48;2;65;77;71m[38;5;10m 100  [49m[39m│
│[48;2;69;76;102m[38;5;10m Tasha    [49m[39m┆[48;2;41;44;60m[38;5;9m  0   [49m[39m┆[48;2;65;77;71m[38;5;10m 100     [49m[39m┆[48;2;41;44;60m[38;5;9m  0     [49m[39m┆[48;2;41;44;60m[38;5;9m  0   [49m[39m┆[48;2;41;44;60m[38;5;9m  0    [49m[39m┆[48;2;41;44;60m[38;5;9m  0     [49m[39m┆[48;2;41;44;60m[38;5;9m  0   [49m[39m┆[48;2;41;44;60m[38;5;9m  0    [49m[39m┆[48;2;41;44;60m[38;5;9m  0   [49m[39m┆[48;2;41;44;60m[38;5;9m  0   [49m[39m│
│[48;2;69;76;102m[38;5;10m Thea     [49m[39m┆[38;5;9m  0   [39m┆[38;5;9m  0      [39m┆[38;5;9m  0     [39m┆[38;5;9m  0   [39m┆[38;5;9m  0    [39m┆[38;5;9m  0     [39m┆[48;2;65;77;71m[38;5;10m 100  [49m[39m┆[38;5;9m  0    [39m┆[38;5;9m  0   [39m┆[38;5;9m  0   [39m│
│[48;2;69;76;102m[38;5;10m Therese  [49m[39m┆[48;2;41;44;60m[38;5;9m  0   [49m[39m┆[48;2;41;44;60m[38;5;9m  0      [49m[39m┆[48;2;41;44;60m[38;5;9m  0     [49m[39m┆[48;2;65;77;71m[38;5;10m 100  [49m[39m┆[48;2;41;44;60m[38;5;9m  0    [49m[39m┆[48;2;41;44;60m[38;5;9m  0     [49m[39m┆[48;2;41;44;60m[38;5;9m  0   [49m[39m┆[48;2;41;44;60m[38;5;9m  0    [49m[39m┆[48;2;41;44;60m[38;5;9m  0   [49m[39m┆[48;2;41;44;60m[38;5;9m  0   [49m[39m│
│[48;2;69;76;102m[38;5;10m Vic      [49m[39m┆[38;5;9m  0   [39m┆[38;5;9m  0      [39m┆[38;5;9m  0     [39m┆[38;5;9m  0   [39m┆[38;5;9m  0    [39m┆[38;5;9m  0     [39m┆[38;5;9m  0   [39m┆[38;5;9m  0    [39m┆[48;2;65;77;71m[38;5;10m 100  [49m[39m┆[38;5;9m  0   [39m│
╰──────────┴──────┴─────────┴────────┴──────┴───────┴────────┴──────┴───────┴──────┴──────╯
1 left -> 0 bits left

╭───────┬────┬──────────┬─────────┬─────────┬──────────┬──────────┬──────────┬──────────┬──────────┬─────────┬────────┬───┬────────┬──────┬──────────╮
│       ┆  L ┆   Libby  ┆  Olivia ┆  Robyn  ┆  Sapphia ┆   Shae   ┆ Taofiqah ┆   Tasha  ┆   Thea   ┆ Therese ┆   Vic  ┆   ┆    I   ┆ #new ┆ min dist │
╞═══════╪════╪══════════╪═════════╪═════════╪══════════╪══════════╪══════════╪══════════╪══════════╪═════════╪════════╪═══╪════════╪══════╪══════════╡
│[48;2;41;44;60m MB#1  [49m┆[48;2;41;44;60m[38;5;9m 0  [49m[39m┆[48;2;41;44;60m[38;5;9m          [49m[39m┆[48;2;41;44;60m[38;5;9m         [49m[39m┆[48;2;41;44;60m[38;5;9m         [49m[39m┆[48;2;41;44;60m[38;5;9m          [49m[39m┆[48;2;41;44;60m[38;5;9m          [49m[39m┆[48;2;41;44;60m[38;5;9m          [49m[39m┆[48;2;41;44;60m[38;5;9m Joshy    [49m[39m┆[48;2;41;44;60m[38;5;9m          [49m[39m┆[48;2;41;44;60m[38;5;9m         [49m[39m┆[48;2;41;44;60m[38;5;9m        [49m[39m┆[48;2;41;44;60m   [49m┆[48;2;41;44;60m 0.152  [49m┆[48;2;41;44;60m      [49m┆[48;2;41;44;60m          [49m│
│ MN#1  ┆ 2  ┆ Joshy*   ┆ Ismail* ┆ Jordan* ┆ Cach*    ┆ Jack*    ┆ Josh*    ┆ Theo*    ┆ Charlie* ┆ Juan*   ┆ Jacob* ┆   ┆ 2.425  ┆ 10   ┆          │
│[48;2;41;44;60m MB#2  [49m┆[48;2;41;44;60m[38;5;9m 0  [49m[39m┆[48;2;41;44;60m[38;5;9m          [49m[39m┆[48;2;41;44;60m[38;5;9m         [49m[39m┆[48;2;41;44;60m[38;5;9m         [49m[39m┆[48;2;41;44;60m[38;5;9m          [49m[39m┆[48;2;41;44;60m[38;5;9m          [49m[39m┆[48;2;41;44;60m[38;5;9m Josh     [49m[39m┆[48;2;41;44;60m[38;5;9m          [49m[39m┆[48;2;41;44;60m[38;5;9m          [49m[39m┆[48;2;41;44;60m[38;5;9m         [49m[39m┆[48;2;41;44;60m[38;5;9m        [49m[39m┆[48;2;41;44;60m   [49m┆[48;2;41;44;60m 0.3132 [49m┆[48;2;41;44;60m      [49m┆[48;2;41;44;60m          [49m│
│ MN#2  ┆ 3  ┆ Josh*    ┆ Ismail  ┆ Joshy*  ┆ Jordan*  ┆ Charlie* ┆ Cach*    ┆ Theo     ┆ Juan*    ┆ Jack*   ┆ Jacob  ┆   ┆ 3.3282 ┆ 7    ┆ 7/MN#1   │
│[48;2;41;44;60m MB#3  [49m┆[48;2;41;44;60m[38;5;9m 0  [49m[39m┆[48;2;41;44;60m[38;5;9m          [49m[39m┆[48;2;41;44;60m[38;5;9m         [49m[39m┆[48;2;41;44;60m[38;5;9m Theo    [49m[39m┆[48;2;41;44;60m[38;5;9m          [49m[39m┆[48;2;41;44;60m[38;5;9m          [49m[39m┆[48;2;41;44;60m[38;5;9m          [49m[39m┆[48;2;41;44;60m[38;5;9m          [49m[39m┆[48;2;41;44;60m[38;5;9m          [49m[39m┆[48;2;41;44;60m[38;5;9m         [49m[39m┆[48;2;41;44;60m[38;5;9m        [49m[39m┆[48;2;41;44;60m   [49m┆[48;2;41;44;60m 0.0924 [49m┆[48;2;41;44;60m      [49m┆[48;2;41;44;60m          [49m│
│ MN#3  ┆ 2  ┆ Jack*    ┆ Ismail  ┆ Joshy   ┆ Cach     ┆ Charlie  ┆ Theo*    ┆ Jordan*  ┆ Juan     ┆ Josh*   ┆ Jacob  ┆   ┆ 1.6118 ┆ 4    ┆ 5/MN#2   │
│[48;2;41;44;60m MB#4  [49m┆[48;2;41;44;60m[38;5;9m 0  [49m[39m┆[48;2;41;44;60m[38;5;9m          [49m[39m┆[48;2;41;44;60m[38;5;9m         [49m[39m┆[48;2;41;44;60m[38;5;9m         [49m[39m┆[48;2;41;44;60m[38;5;9m          [49m[39m┆[48;2;41;44;60m[38;5;9m          [49m[39m┆[48;2;41;44;60m[38;5;9m          [49m[39m┆[48;2;41;44;60m[38;5;9m          [49m[39m┆[48;2;41;44;60m[38;5;9m Juan     [49m[39m┆[48;2;41;44;60m[38;5;9m         [49m[39m┆[48;2;41;44;60m[38;5;9m        [49m[39m┆[48;2;41;44;60m   [49m┆[48;2;41;44;60m 0.4208 [49m┆[48;2;41;44;60m      [49m┆[48;2;41;44;60m          [49m│
│ MN#4  ┆ 3  ┆ Jordan*  ┆ Ismail  ┆ Jacob*  ┆ Theo*    ┆ Cach*    ┆ Jack*    ┆ Juan*    ┆ Charlie  ┆ Josh    ┆ Joshy* ┆   ┆ 3.3696 ┆ 7    ┆ 8/MN#1   │
│[48;2;41;44;60m MB#5  [49m┆[48;2;41;44;60m[38;5;10m 1  [49m[39m┆[48;2;41;44;60m[38;5;10m          [49m[39m┆[48;2;41;44;60m[38;5;10m Ismail  [49m[39m┆[48;2;41;44;60m[38;5;10m         [49m[39m┆[48;2;41;44;60m[38;5;10m          [49m[39m┆[48;2;41;44;60m[38;5;10m          [49m[39m┆[48;2;41;44;60m[38;5;10m          [49m[39m┆[48;2;41;44;60m[38;5;10m          [49m[39m┆[48;2;41;44;60m[38;5;10m          [49m[39m┆[48;2;41;44;60m[38;5;10m         [49m[39m┆[48;2;41;44;60m[38;5;10m        [49m[39m┆[48;2;41;44;60m   [49m┆[48;2;41;44;60m 0.2016 [49m┆[48;2;41;44;60m      [49m┆[48;2;41;44;60m          [49m│
│ MN#5  ┆ 3  ┆ Theo*    ┆ Ismail  ┆ Joshy   ┆ Charlie* ┆ Jordan*  ┆ Cach     ┆ Juan     ┆ Josh*    ┆ Jack    ┆ Jacob  ┆   ┆ 1.7166 ┆ 4    ┆ 5/MN#2   │
│[48;2;41;44;60m MB#6  [49m┆[48;2;41;44;60m[38;5;9m 0  [49m[39m┆[48;2;41;44;60m[38;5;9m          [49m[39m┆[48;2;41;44;60m[38;5;9m         [49m[39m┆[48;2;41;44;60m[38;5;9m         [49m[39m┆[48;2;41;44;60m[38;5;9m          [49m[39m┆[48;2;41;44;60m[38;5;9m          [49m[39m┆[48;2;41;44;60m[38;5;9m          [49m[39m┆[48;2;41;44;60m[38;5;9m          [49m[39m┆[48;2;41;44;60m[38;5;9m Cach     [49m[39m┆[48;2;41;44;60m[38;5;9m         [49m[39m┆[48;2;41;44;60m[38;5;9m        [49m[39m┆[48;2;41;44;60m   [49m┆[48;2;41;44;60m 0.121  [49m┆[48;2;41;44;60m      [49m┆[48;2;41;44;60m          [49m│
│ MN#6  ┆ 2  ┆ Charlie* ┆ Ismail  ┆ Jordan  ┆ Jack*    ┆ Cach     ┆ Juan*    ┆ Josh*    ┆ Joshy*   ┆ Jacob*  ┆ Theo*  ┆   ┆ 1.5632 ┆ 7    ┆ 8/MN#1   │
│[48;2;41;44;60m MB#7  [49m┆[48;2;41;44;60m[38;5;9m 0  [49m[39m┆[48;2;41;44;60m[38;5;9m          [49m[39m┆[48;2;41;44;60m[38;5;9m         [49m[39m┆[48;2;41;44;60m[38;5;9m         [49m[39m┆[48;2;41;44;60m[38;5;9m          [49m[39m┆[48;2;41;44;60m[38;5;9m          [49m[39m┆[48;2;41;44;60m[38;5;9m          [49m[39m┆[48;2;41;44;60m[38;5;9m          [49m[39m┆[48;2;41;44;60m[38;5;9m Charlie  [49m[39m┆[48;2;41;44;60m[38;5;9m         [49m[39m┆[48;2;41;44;60m[38;5;9m        [49m[39m┆[48;2;41;44;60m   [49m┆[48;2;41;44;60m 0.6178 [49m┆[48;2;41;44;60m      [49m┆[48;2;41;44;60m          [49m│
│ MN#7  ┆ 1  ┆ Theo     ┆ Ismail  ┆ Jack*   ┆ Cach     ┆ Charlie  ┆ Jordan*  ┆ Josh     ┆ Jacob*   ┆ Juan    ┆ Joshy  ┆   ┆ 1.3344 ┆ 3    ┆ 7/MN#1   │
│[48;2;41;44;60m MB#8  [49m┆[48;2;41;44;60m[38;5;9m 0  [49m[39m┆[48;2;41;44;60m[38;5;9m          [49m[39m┆[48;2;41;44;60m[38;5;9m         [49m[39m┆[48;2;41;44;60m[38;5;9m         [49m[39m┆[48;2;41;44;60m[38;5;9m          [49m[39m┆[48;2;41;44;60m[38;5;9m          [49m[39m┆[48;2;41;44;60m[38;5;9m          [49m[39m┆[48;2;41;44;60m[38;5;9m          [49m[39m┆[48;2;41;44;60m[38;5;9m          [49m[39m┆[48;2;41;44;60m[38;5;9m         [49m[39m┆[48;2;41;44;60m[38;5;9m Jacob  [49m[39m┆[48;2;41;44;60m   [49m┆[48;2;41;44;60m 1.2016 [49m┆[48;2;41;44;60m      [49m┆[48;2;41;44;60m          [49m│
│ MN#8  ┆ 6  ┆ Joshy    ┆ Ismail  ┆ Jacob   ┆ Jordan   ┆ Jack     ┆ Juan     ┆ Charlie* ┆ Josh     ┆ Cach*   ┆ Theo   ┆   ┆ 3.3219 ┆ 2    ┆ 7/MN#1   │
│[48;2;41;44;60m MB#9  [49m┆[48;2;41;44;60m[38;5;10m 1  [49m[39m┆[48;2;41;44;60m[38;5;10m Joshy    [49m[39m┆[48;2;41;44;60m[38;5;10m         [49m[39m┆[48;2;41;44;60m[38;5;10m         [49m[39m┆[48;2;41;44;60m[38;5;10m          [49m[39m┆[48;2;41;44;60m[38;5;10m          [49m[39m┆[48;2;41;44;60m[38;5;10m          [49m[39m┆[48;2;41;44;60m[38;5;10m          [49m[39m┆[48;2;41;44;60m[38;5;10m          [49m[39m┆[48;2;41;44;60m[38;5;10m         [49m[39m┆[48;2;41;44;60m[38;5;10m        [49m[39m┆[48;2;41;44;60m   [49m┆[48;2;41;44;60m 0      [49m┆[48;2;41;44;60m      [49m┆[48;2;41;44;60m          [49m│
│ MN#9  ┆ 6  ┆ Joshy    ┆ Ismail  ┆ Jacob   ┆ Jordan   ┆ Juan*    ┆ Jack     ┆ Charlie  ┆ Josh     ┆ Cach    ┆ Theo   ┆   ┆ 0      ┆ 1    ┆ 2/MN#8   │
│[48;2;41;44;60m MB#10 [49m┆[48;2;41;44;60m[38;5;10m 1  [49m[39m┆[48;2;41;44;60m[38;5;10m          [49m[39m┆[48;2;41;44;60m[38;5;10m         [49m[39m┆[48;2;41;44;60m[38;5;10m         [49m[39m┆[48;2;41;44;60m[38;5;10m          [49m[39m┆[48;2;41;44;60m[38;5;10m          [49m[39m┆[48;2;41;44;60m[38;5;10m          [49m[39m┆[48;2;41;44;60m[38;5;10m Charlie  [49m[39m┆[48;2;41;44;60m[38;5;10m          [49m[39m┆[48;2;41;44;60m[38;5;10m         [49m[39m┆[48;2;41;44;60m[38;5;10m        [49m[39m┆[48;2;41;44;60m   [49m┆[48;2;41;44;60m 0      [49m┆[48;2;41;44;60m      [49m┆[48;2;41;44;60m          [49m│
│ MN#10 ┆ 10 ┆ Joshy    ┆ Ismail  ┆ Jacob   ┆ Jordan   ┆ Cach     ┆ Theo     ┆ Charlie  ┆ Josh     ┆ Jack    ┆ Juan*  ┆   ┆ 0      ┆ 1    ┆ 4/MN#8   │
╰───────┴────┴──────────┴─────────┴─────────┴──────────┴──────────┴──────────┴──────────┴──────────┴─────────┴────────┴───┴────────┴──────┴──────────╯
╭───────┬────┬───────────┬──────────┬─────────┬───────────┬──────────┬───────────┬───────────┬────────┬───────────┬───────────┬───┬────────┬──────┬──────────╮
│       ┆  L ┆    Cach   ┆  Charlie ┆  Ismail ┆    Jack   ┆   Jacob  ┆   Jordan  ┆    Josh   ┆  Joshy ┆    Juan   ┆    Theo   ┆   ┆    I   ┆ #new ┆ min dist │
╞═══════╪════╪═══════════╪══════════╪═════════╪═══════════╪══════════╪═══════════╪═══════════╪════════╪═══════════╪═══════════╪═══╪════════╪══════╪══════════╡
│[48;2;41;44;60m MB#1  [49m┆[48;2;41;44;60m[38;5;9m 0  [49m[39m┆[48;2;41;44;60m[38;5;9m           [49m[39m┆[48;2;41;44;60m[38;5;9m          [49m[39m┆[48;2;41;44;60m[38;5;9m         [49m[39m┆[48;2;41;44;60m[38;5;9m           [49m[39m┆[48;2;41;44;60m[38;5;9m          [49m[39m┆[48;2;41;44;60m[38;5;9m           [49m[39m┆[48;2;41;44;60m[38;5;9m           [49m[39m┆[48;2;41;44;60m[38;5;9m Tasha  [49m[39m┆[48;2;41;44;60m[38;5;9m           [49m[39m┆[48;2;41;44;60m[38;5;9m           [49m[39m┆[48;2;41;44;60m   [49m┆[48;2;41;44;60m 0.152  [49m┆[48;2;41;44;60m      [49m┆[48;2;41;44;60m          [49m│
│ MN#1  ┆ 2  ┆ Sapphia*  ┆ Thea*    ┆ Olivia* ┆ Shae*     ┆ Vic*     ┆ Robyn*    ┆ Taofiqah* ┆ Libby* ┆ Therese*  ┆ Tasha*    ┆   ┆ 2.425  ┆ 10   ┆          │
│[48;2;41;44;60m MB#2  [49m┆[48;2;41;44;60m[38;5;9m 0  [49m[39m┆[48;2;41;44;60m[38;5;9m           [49m[39m┆[48;2;41;44;60m[38;5;9m          [49m[39m┆[48;2;41;44;60m[38;5;9m         [49m[39m┆[48;2;41;44;60m[38;5;9m           [49m[39m┆[48;2;41;44;60m[38;5;9m          [49m[39m┆[48;2;41;44;60m[38;5;9m           [49m[39m┆[48;2;41;44;60m[38;5;9m Taofiqah  [49m[39m┆[48;2;41;44;60m[38;5;9m        [49m[39m┆[48;2;41;44;60m[38;5;9m           [49m[39m┆[48;2;41;44;60m[38;5;9m           [49m[39m┆[48;2;41;44;60m   [49m┆[48;2;41;44;60m 0.3132 [49m┆[48;2;41;44;60m      [49m┆[48;2;41;44;60m          [49m│
│ MN#2  ┆ 3  ┆ Taofiqah* ┆ Shae*    ┆ Olivia  ┆ Therese*  ┆ Vic      ┆ Sapphia*  ┆ Libby*    ┆ Robyn* ┆ Thea*     ┆ Tasha     ┆   ┆ 3.3282 ┆ 7    ┆ 7/MN#1   │
│[48;2;41;44;60m MB#3  [49m┆[48;2;41;44;60m[38;5;9m 0  [49m[39m┆[48;2;41;44;60m[38;5;9m           [49m[39m┆[48;2;41;44;60m[38;5;9m          [49m[39m┆[48;2;41;44;60m[38;5;9m         [49m[39m┆[48;2;41;44;60m[38;5;9m           [49m[39m┆[48;2;41;44;60m[38;5;9m          [49m[39m┆[48;2;41;44;60m[38;5;9m           [49m[39m┆[48;2;41;44;60m[38;5;9m           [49m[39m┆[48;2;41;44;60m[38;5;9m        [49m[39m┆[48;2;41;44;60m[38;5;9m           [49m[39m┆[48;2;41;44;60m[38;5;9m Robyn     [49m[39m┆[48;2;41;44;60m   [49m┆[48;2;41;44;60m 0.0924 [49m┆[48;2;41;44;60m      [49m┆[48;2;41;44;60m          [49m│
│ MN#3  ┆ 2  ┆ Sapphia   ┆ Shae     ┆ Olivia  ┆ Libby*    ┆ Vic      ┆ Tasha*    ┆ Therese*  ┆ Robyn  ┆ Thea      ┆ Taofiqah* ┆   ┆ 1.6118 ┆ 4    ┆ 5/MN#2   │
│[48;2;41;44;60m MB#4  [49m┆[48;2;41;44;60m[38;5;9m 0  [49m[39m┆[48;2;41;44;60m[38;5;9m           [49m[39m┆[48;2;41;44;60m[38;5;9m          [49m[39m┆[48;2;41;44;60m[38;5;9m         [49m[39m┆[48;2;41;44;60m[38;5;9m           [49m[39m┆[48;2;41;44;60m[38;5;9m          [49m[39m┆[48;2;41;44;60m[38;5;9m           [49m[39m┆[48;2;41;44;60m[38;5;9m           [49m[39m┆[48;2;41;44;60m[38;5;9m        [49m[39m┆[48;2;41;44;60m[38;5;9m Thea      [49m[39m┆[48;2;41;44;60m[38;5;9m           [49m[39m┆[48;2;41;44;60m   [49m┆[48;2;41;44;60m 0.4208 [49m┆[48;2;41;44;60m      [49m┆[48;2;41;44;60m          [49m│
│ MN#4  ┆ 3  ┆ Shae*     ┆ Thea     ┆ Olivia  ┆ Taofiqah* ┆ Robyn*   ┆ Libby*    ┆ Therese   ┆ Vic*   ┆ Tasha*    ┆ Sapphia*  ┆   ┆ 3.3696 ┆ 7    ┆ 8/MN#1   │
│[48;2;41;44;60m MB#5  [49m┆[48;2;41;44;60m[38;5;10m 1  [49m[39m┆[48;2;41;44;60m[38;5;10m           [49m[39m┆[48;2;41;44;60m[38;5;10m          [49m[39m┆[48;2;41;44;60m[38;5;10m Olivia  [49m[39m┆[48;2;41;44;60m[38;5;10m           [49m[39m┆[48;2;41;44;60m[38;5;10m          [49m[39m┆[48;2;41;44;60m[38;5;10m           [49m[39m┆[48;2;41;44;60m[38;5;10m           [49m[39m┆[48;2;41;44;60m[38;5;10m        [49m[39m┆[48;2;41;44;60m[38;5;10m           [49m[39m┆[48;2;41;44;60m[38;5;10m           [49m[39m┆[48;2;41;44;60m   [49m┆[48;2;41;44;60m 0.2016 [49m┆[48;2;41;44;60m      [49m┆[48;2;41;44;60m          [49m│
│ MN#5  ┆ 3  ┆ Taofiqah  ┆ Sapphia* ┆ Olivia  ┆ Therese   ┆ Vic      ┆ Shae*     ┆ Thea*     ┆ Robyn  ┆ Tasha     ┆ Libby*    ┆   ┆ 1.7166 ┆ 4    ┆ 5/MN#2   │
│[48;2;41;44;60m MB#6  [49m┆[48;2;41;44;60m[38;5;9m 0  [49m[39m┆[48;2;41;44;60m[38;5;9m Thea      [49m[39m┆[48;2;41;44;60m[38;5;9m          [49m[39m┆[48;2;41;44;60m[38;5;9m         [49m[39m┆[48;2;41;44;60m[38;5;9m           [49m[39m┆[48;2;41;44;60m[38;5;9m          [49m[39m┆[48;2;41;44;60m[38;5;9m           [49m[39m┆[48;2;41;44;60m[38;5;9m           [49m[39m┆[48;2;41;44;60m[38;5;9m        [49m[39m┆[48;2;41;44;60m[38;5;9m           [49m[39m┆[48;2;41;44;60m[38;5;9m           [49m[39m┆[48;2;41;44;60m   [49m┆[48;2;41;44;60m 0.121  [49m┆[48;2;41;44;60m      [49m┆[48;2;41;44;60m          [49m│
│ MN#6  ┆ 2  ┆ Shae      ┆ Libby*   ┆ Olivia  ┆ Sapphia*  ┆ Therese* ┆ Robyn     ┆ Tasha*    ┆ Thea*  ┆ Taofiqah* ┆ Vic*      ┆   ┆ 1.5632 ┆ 7    ┆ 8/MN#1   │
│[48;2;41;44;60m MB#7  [49m┆[48;2;41;44;60m[38;5;9m 0  [49m[39m┆[48;2;41;44;60m[38;5;9m           [49m[39m┆[48;2;41;44;60m[38;5;9m Thea     [49m[39m┆[48;2;41;44;60m[38;5;9m         [49m[39m┆[48;2;41;44;60m[38;5;9m           [49m[39m┆[48;2;41;44;60m[38;5;9m          [49m[39m┆[48;2;41;44;60m[38;5;9m           [49m[39m┆[48;2;41;44;60m[38;5;9m           [49m[39m┆[48;2;41;44;60m[38;5;9m        [49m[39m┆[48;2;41;44;60m[38;5;9m           [49m[39m┆[48;2;41;44;60m[38;5;9m           [49m[39m┆[48;2;41;44;60m   [49m┆[48;2;41;44;60m 0.6178 [49m┆[48;2;41;44;60m      [49m┆[48;2;41;44;60m          [49m│
│ MN#7  ┆ 1  ┆ Sapphia   ┆ Shae     ┆ Olivia  ┆ Robyn*    ┆ Thea*    ┆ Taofiqah* ┆ Tasha     ┆ Vic    ┆ Therese   ┆ Libby     ┆   ┆ 1.3344 ┆ 3    ┆ 7/MN#1   │
│[48;2;41;44;60m MB#8  [49m┆[48;2;41;44;60m[38;5;9m 0  [49m[39m┆[48;2;41;44;60m[38;5;9m           [49m[39m┆[48;2;41;44;60m[38;5;9m          [49m[39m┆[48;2;41;44;60m[38;5;9m         [49m[39m┆[48;2;41;44;60m[38;5;9m           [49m[39m┆[48;2;41;44;60m[38;5;9m Vic      [49m[39m┆[48;2;41;44;60m[38;5;9m           [49m[39m┆[48;2;41;44;60m[38;5;9m           [49m[39m┆[48;2;41;44;60m[38;5;9m        [49m[39m┆[48;2;41;44;60m[38;5;9m           [49m[39m┆[48;2;41;44;60m[38;5;9m           [49m[39m┆[48;2;41;44;60m   [49m┆[48;2;41;44;60m 1.2016 [49m┆[48;2;41;44;60m      [49m┆[48;2;41;44;60m          [49m│
│ MN#8  ┆ 6  ┆ Therese*  ┆ Tasha*   ┆ Olivia  ┆ Shae      ┆ Robyn    ┆ Sapphia   ┆ Thea      ┆ Libby  ┆ Taofiqah  ┆ Vic       ┆   ┆ 3.3219 ┆ 2    ┆ 7/MN#1   │
│[48;2;41;44;60m MB#9  [49m┆[48;2;41;44;60m[38;5;10m 1  [49m[39m┆[48;2;41;44;60m[38;5;10m           [49m[39m┆[48;2;41;44;60m[38;5;10m          [49m[39m┆[48;2;41;44;60m[38;5;10m         [49m[39m┆[48;2;41;44;60m[38;5;10m           [49m[39m┆[48;2;41;44;60m[38;5;10m          [49m[39m┆[48;2;41;44;60m[38;5;10m           [49m[39m┆[48;2;41;44;60m[38;5;10m           [49m[39m┆[48;2;41;44;60m[38;5;10m Libby  [49m[39m┆[48;2;41;44;60m[38;5;10m           [49m[39m┆[48;2;41;44;60m[38;5;10m           [49m[39m┆[48;2;41;44;60m   [49m┆[48;2;41;44;60m 0      [49m┆[48;2;41;44;60m      [49m┆[48;2;41;44;60m          [49m│
│ MN#9  ┆ 6  ┆ Therese   ┆ Tasha    ┆ Olivia  ┆ Taofiqah  ┆ Robyn    ┆ Sapphia   ┆ Thea      ┆ Libby  ┆ Shae*     ┆ Vic       ┆   ┆ 0      ┆ 1    ┆ 2/MN#8   │
│[48;2;41;44;60m MB#10 [49m┆[48;2;41;44;60m[38;5;10m 1  [49m[39m┆[48;2;41;44;60m[38;5;10m           [49m[39m┆[48;2;41;44;60m[38;5;10m Tasha    [49m[39m┆[48;2;41;44;60m[38;5;10m         [49m[39m┆[48;2;41;44;60m[38;5;10m           [49m[39m┆[48;2;41;44;60m[38;5;10m          [49m[39m┆[48;2;41;44;60m[38;5;10m           [49m[39m┆[48;2;41;44;60m[38;5;10m           [49m[39m┆[48;2;41;44;60m[38;5;10m        [49m[39m┆[48;2;41;44;60m[38;5;10m           [49m[39m┆[48;2;41;44;60m[38;5;10m           [49m[39m┆[48;2;41;44;60m   [49m┆[48;2;41;44;60m 0      [49m┆[48;2;41;44;60m      [49m┆[48;2;41;44;60m          [49m│
│ MN#10 ┆ 10 ┆ Shae      ┆ Tasha    ┆ Olivia  ┆ Therese   ┆ Robyn    ┆ Sapphia   ┆ Thea      ┆ Libby  ┆ Vic*      ┆ Taofiqah  ┆   ┆ 0      ┆ 1    ┆ 4/MN#8   │
╰───────┴────┴───────────┴──────────┴─────────┴───────────┴──────────┴───────────┴───────────┴────────┴───────────┴───────────┴───┴────────┴──────┴──────────╯
Total permutations: 3628800  Permutations left: 1  Initial combinations for each pair: 362880

Ran in 0.34s
