total	3628800

0.46899559358928 Dana->Andre
0.46899559358928 Jessica->Mike |-> 0 -> 0.15200309344505
3265920	poss left

0
1.8925895331138 Dana->William Estelle->Jordi Isabelle->Marius Jessica->Leon Joelina->Mike Kerstin->Max Marie->Tim Monami->Antonino Raphaela->Andre Zaira->Dustin |-> 3 -> 3.9925555620206
205176	poss left
            Andre|Antonino|  Dustin|   Jordi|    Leon|  Marius|     Max|    Mike|     Tim| William|   Dummy|
    Dana|  7.8099|  7.8099|  7.8099|  7.8099|  7.5296|  7.8099|  7.8099|  8.4337|  7.8099| 29.3675|[2m[31m  0.0000[0m|
 Estelle|  7.8099|  7.8099|  7.8099| 29.3675|  7.5296|  7.8099|  7.8099|  8.4337|  7.8099|  7.8099|[2m[31m  0.0000[0m|
Isabelle|  7.8099|  7.8099|  7.8099|  7.8099|  7.5296| 29.3675|  7.8099|  8.4337|  7.8099|  7.8099|[2m[31m  0.0000[0m|
 Jessica|  8.4337|  8.4337|  8.4337|  8.4337| 32.5301|  8.4337|  8.4337|[2m[31m  0.0000[0m|  8.4337|  8.4337|[2m[31m  0.0000[0m|
 Joelina|  7.5296|  7.5296|  7.5296|  7.5296|  7.2328|  7.5296|  7.5296| 32.5301|  7.5296|  7.5296|[2m[31m  0.0000[0m|
 Kerstin|  7.8099|  7.8099|  7.8099|  7.8099|  7.5296|  7.8099| 29.3675|  8.4337|  7.8099|  7.8099|[2m[31m  0.0000[0m|
   Marie|  7.8099|  7.8099|  7.8099|  7.8099|  7.5296|  7.8099|  7.8099|  8.4337| 29.3675|  7.8099|[2m[31m  0.0000[0m|
  Monami|  7.8099| 29.3675|  7.8099|  7.8099|  7.5296|  7.8099|  7.8099|  8.4337|  7.8099|  7.8099|[2m[31m  0.0000[0m|
Raphaela| 29.3675|  7.8099|  7.8099|  7.8099|  7.5296|  7.8099|  7.8099|  8.4337|  7.8099|  7.8099|[2m[31m  0.0000[0m|
   Zaira|  7.8099|  7.8099| 29.3675|  7.8099|  7.5296|  7.8099|  7.8099|  8.4337|  7.8099|  7.8099|[2m[31m  0.0000[0m|
 Desiree|[2m[31m  0.0000[0m|[2m[31m  0.0000[0m|[2m[31m  0.0000[0m|[2m[31m  0.0000[0m|[2m[31m  0.0000[0m|[2m[31m  0.0000[0m|[2m[31m  0.0000[0m|[2m[31m  0.0000[0m|[2m[31m  0.0000[0m|[2m[31m  0.0000[0m|[2m[31m  0.0000[0m|

0.91005342901392 Jessica->Leon
0.38538468101614 Monami->Leon |-> 0 -> 0.11293698189908
189727	poss left
            Andre|Antonino|  Dustin|   Jordi|    Leon|  Marius|     Max|    Mike|     Tim| William|   Dummy|
    Dana|  7.8450|  7.5841|  7.8450|  7.8450|  8.1428|  7.8450|  7.8450|  8.4458|  7.8450| 28.7576|[2m[31m  0.0000[0m|
 Estelle|  7.8450|  7.5841|  7.8450| 28.7576|  8.1428|  7.8450|  7.8450|  8.4458|  7.8450|  7.8450|[2m[31m  0.0000[0m|
Isabelle|  7.8450|  7.5841|  7.8450|  7.8450|  8.1428| 28.7576|  7.8450|  8.4458|  7.8450|  7.8450|[2m[31m  0.0000[0m|
 Jessica|  8.1428|  7.8218|  8.1428|  8.1428| 35.1790|  8.1428|  8.1428|[2m[31m  0.0000[0m|  8.1428|  8.1428|[2m[31m  0.0000[0m|
 Joelina|  7.5841|  7.3311|  7.5841|  7.5841|  7.8218|  7.5841|  7.5841| 31.7588|  7.5841|  7.5841|[2m[31m  0.0000[0m|
 Kerstin|  7.8450|  7.5841|  7.8450|  7.8450|  8.1428|  7.8450| 28.7576|  8.4458|  7.8450|  7.8450|[2m[31m  0.0000[0m|
   Marie|  7.8450|  7.5841|  7.8450|  7.8450|  8.1428|  7.8450|  7.8450|  8.4458| 28.7576|  7.8450|[2m[31m  0.0000[0m|
  Monami|  8.4458| 31.7588|  8.4458|  8.4458|[2m[31m  0.0000[0m|  8.4458|  8.4458|  9.1205|  8.4458|  8.4458|[2m[31m  0.0000[0m|
Raphaela| 28.7576|  7.5841|  7.8450|  7.8450|  8.1428|  7.8450|  7.8450|  8.4458|  7.8450|  7.8450|[2m[31m  0.0000[0m|
   Zaira|  7.8450|  7.5841| 28.7576|  7.8450|  8.1428|  7.8450|  7.8450|  8.4458|  7.8450|  7.8450|[2m[31m  0.0000[0m|
 Desiree|[2m[31m  0.0000[0m|[2m[31m  0.0000[0m|[2m[31m  0.0000[0m|[2m[31m  0.0000[0m|[2m[31m  0.0000[0m|[2m[31m  0.0000[0m|[2m[31m  0.0000[0m|[2m[31m  0.0000[0m|[2m[31m  0.0000[0m|[2m[31m  0.0000[0m|[2m[31m  0.0000[0m|

0
2.1375027178437 Dana->Andre Estelle->Leon Isabelle->Dustin Jessica->Tim Joelina->Mike Kerstin->Max Marie->Marius Monami->Antonino Raphaela->William Zaira->Jordi |-> 2 -> 1.903269908303
50721	poss left
            Andre|Antonino|  Dustin|   Jordi|    Leon|  Marius|     Max|    Mike|     Tim| William|   Dummy|
    Dana| 10.5637|  6.6619|  8.6690|  8.6966|  9.1678|  8.6907|  7.0819|  7.5117|  8.7025| 24.2543|[2m[31m  0.0000[0m|
 Estelle|  8.7025|  6.7309|  8.7025| 24.1123| 10.9324|  8.8228|  7.1213|  7.5551|  8.6177|  8.7025|[2m[31m  0.0000[0m|
Isabelle|  8.6690|  6.7093| 10.4671|  8.5803|  9.2526| 24.2385|  7.1331|  7.5787|  8.7025|  8.6690|[2m[31m  0.0000[0m|
 Jessica|  9.1678|  6.9123|  9.2526|  9.1146| 28.9545|  9.0298|  7.4683|[2m[31m  0.0000[0m| 10.9324|  9.1678|[2m[31m  0.0000[0m|
 Joelina|  6.6619|  4.5169|  6.7093|  6.7605|  6.9123|  6.7704|  4.9624| 43.3134|  6.7309|  6.6619|[2m[31m  0.0000[0m|
 Kerstin|  7.0819|  4.9624|  7.1331|  7.1686|  7.4683|  7.1765| 39.2086|  5.5973|  7.1213|  7.0819|[2m[31m  0.0000[0m|
   Marie|  8.6966|  6.7605|  8.5803|  8.9115|  9.1146| 10.3527|  7.1686|  7.6063| 24.1123|  8.6966|[2m[31m  0.0000[0m|
  Monami|  7.5117| 43.3134|  7.5787|  7.6063|[2m[31m  0.0000[0m|  7.6181|  5.5973|  5.7077|  7.5551|  7.5117|[2m[31m  0.0000[0m|
Raphaela| 24.2543|  6.6619|  8.6690|  8.6966|  9.1678|  8.6907|  7.0819|  7.5117|  8.7025| 10.5637|[2m[31m  0.0000[0m|
   Zaira|  8.6907|  6.7704| 24.2385| 10.3527|  9.0298|  8.6098|  7.1765|  7.6181|  8.8228|  8.6907|[2m[31m  0.0000[0m|
 Desiree|[2m[31m  0.0000[0m|[2m[31m  0.0000[0m|[2m[31m  0.0000[0m|[2m[31m  0.0000[0m|[2m[31m  0.0000[0m|[2m[31m  0.0000[0m|[2m[31m  0.0000[0m|[2m[31m  0.0000[0m|[2m[31m  0.0000[0m|[2m[31m  0.0000[0m|[2m[31m  0.0000[0m|

0.98706059052561 Joelina->Mike
0.79924292473654 Raphaela->Andre |-> 0 -> 0.40076322161077
38419	poss left
            Andre|Antonino|  Dustin|   Jordi|    Leon|  Marius|     Max|    Mike|     Tim| William|   Dummy|
    Dana| 13.9462|  6.0777|  8.0247|  7.9908|  8.3422|  8.0039|  6.4708|  6.7883|  8.0507| 26.3047|[2m[31m  0.0000[0m|
 Estelle| 11.4891|  6.2964|  8.2329| 27.5437|  8.3683|  8.2355|  6.6608|  7.0200|  8.1028|  8.0507|[2m[31m  0.0000[0m|
Isabelle| 11.4449|  6.2755|  8.2563|  8.0741|  8.4594| 27.5411|  6.6686|  7.0226|  8.2329|  8.0247|[2m[31m  0.0000[0m|
 Jessica| 12.1034|  6.3328|  8.4594|  8.4359| 32.7520|  8.3214|  6.8846|[2m[31m  0.0000[0m|  8.3683|  8.3422|[2m[31m  0.0000[0m|
 Joelina|  8.7951|  4.1438|  6.2755|  6.2964|  6.3328|  6.3250|  4.5446| 44.9127|  6.2964|  6.0777|[2m[31m  0.0000[0m|
 Kerstin|  9.3495|  4.5446|  6.6686|  6.6816|  6.8846|  6.7050| 40.9485|  5.0860|  6.6608|  6.4708|[2m[31m  0.0000[0m|
   Marie| 11.4813|  6.2964|  8.0741|  8.2850|  8.4359|  8.1704|  6.6816|  7.0408| 27.5437|  7.9908|[2m[31m  0.0000[0m|
  Monami|  9.9170| 44.9127|  7.0226|  7.0408|[2m[31m  0.0000[0m|  7.0590|  5.0860|  5.1537|  7.0200|  6.7883|[2m[31m  0.0000[0m|
Raphaela|[2m[31m  0.0000[0m|  8.7951| 11.4449| 11.4813| 12.1034| 11.4735|  9.3495|  9.9170| 11.4891| 13.9462|[2m[31m  0.0000[0m|
   Zaira| 11.4735|  6.3250| 27.5411|  8.1704|  8.3214|  8.1652|  6.7050|  7.0590|  8.2355|  8.0039|[2m[31m  0.0000[0m|
 Desiree|[2m[31m  0.0000[0m|[2m[31m  0.0000[0m|[2m[31m  0.0000[0m|[2m[31m  0.0000[0m|[2m[31m  0.0000[0m|[2m[31m  0.0000[0m|[2m[31m  0.0000[0m|[2m[31m  0.0000[0m|[2m[31m  0.0000[0m|[2m[31m  0.0000[0m|[2m[31m  0.0000[0m|

0
2.1003980916576 Dana->William Estelle->Leon Isabelle->Marius Jessica->Jordi Joelina->Mike Kerstin->Antonino Marie->Tim Monami->Max Raphaela->Andre Zaira->Dustin |-> 2 -> 1.6589650585665
12166	poss left
            Andre|Antonino|  Dustin|   Jordi|    Leon|  Marius|     Max|    Mike|     Tim| William|   Dummy|
    Dana| 12.5760|  6.4606|  6.0990|  9.9293| 11.4582|  5.8524|  7.1346|  3.0741|  6.3127| 31.1031|[2m[31m  0.0000[0m|
 Estelle| 15.7981|  9.0416| 10.5787| 14.5323|[2m[31m  0.0000[0m| 10.4965| 10.1430|  8.6060| 10.3567| 10.4471|[2m[31m  0.0000[0m|
Isabelle|  9.5594|  6.7730|  6.5593|  9.6909| 11.4417| 33.0840|  7.4799|  3.3207|  6.2058|  5.8853|[2m[31m  0.0000[0m|
 Jessica| 15.3049|  9.0005| 10.2252|  5.0797| 18.0174|  9.9951| 10.3650|[2m[31m  0.0000[0m| 11.6965| 10.3156|[2m[31m  0.0000[0m|
 Joelina|  5.2934|  2.7700|  3.0002|  5.2112|  8.0963|  2.9344|  3.3454| 64.3761|  2.3015|  2.6714|[2m[31m  0.0000[0m|
 Kerstin| 10.4060|  1.4302|  7.4799| 10.1841| 10.3074|  7.4799| 34.2348|  4.0030|  7.4470|  7.0278|[2m[31m  0.0000[0m|
   Marie| 10.0197|  6.9209|  6.1812| 10.1184| 11.6472|  6.3373|  7.6278|  3.4440| 31.5634|  6.1401|[2m[31m  0.0000[0m|
  Monami| 11.1951| 41.1557|  8.1210| 10.1841|[2m[31m  0.0000[0m|  8.0552|  1.4302|  4.1838|  8.0881|  7.5867|[2m[31m  0.0000[0m|
Raphaela|[2m[31m  0.0000[0m|  9.4690|  9.8225| 14.5816| 17.4503|  9.6334| 10.5540|  6.1894|  9.7238| 12.5760|[2m[31m  0.0000[0m|
   Zaira|  9.8471|  6.9785| 31.9333| 10.4882| 11.5815|  6.1318|  7.6854|  2.8029|  6.3045|  6.2469|[2m[31m  0.0000[0m|
 Desiree|[2m[31m  0.0000[0m|[2m[31m  0.0000[0m|[2m[31m  0.0000[0m|[2m[31m  0.0000[0m|[2m[31m  0.0000[0m|[2m[31m  0.0000[0m|[2m[31m  0.0000[0m|[2m[31m  0.0000[0m|[2m[31m  0.0000[0m|[2m[31m  0.0000[0m|[2m[31m  0.0000[0m|

0
2.1910768025241 Dana->William Estelle->Leon Isabelle->Andre Jessica->Marius Joelina->Mike Kerstin->Tim Marie->Max Monami->Antonino Raphaela->Jordi Zaira->Dustin |-> 3 -> 2.1723580274052
2699	poss left
            Andre|Antonino|  Dustin|   Jordi|    Leon|  Marius|     Max|    Mike|     Tim| William|   Dummy|
    Dana|  7.5954|  3.8533|  3.8903|  9.7073| 10.0408|  6.1504|  6.6691|  1.4820|  6.5950| 44.0163|[2m[31m  0.0000[0m|
 Estelle| 16.4135|  7.0026|  9.4850|  9.5591|[2m[31m  0.0000[0m| 13.7088| 12.9307|  8.2253| 13.0419|  9.6332|[2m[31m  0.0000[0m|
Isabelle| 16.7099|  6.8544|  5.5947| 11.4857| 14.1904| 17.3398|  9.6702|  2.8900|  8.9663|  6.2986|[2m[31m  0.0000[0m|
 Jessica| 15.7095|  5.7799|  9.8185|  2.8159| 12.9307| 16.5246| 13.7458|[2m[31m  0.0000[0m| 12.5232| 10.1519|[2m[31m  0.0000[0m|
 Joelina|  3.9274|  0.8522|  1.6673|  4.4461|  7.5954|  2.8900|  3.7792| 71.5821|  1.8896|  1.3709|[2m[31m  0.0000[0m|
 Kerstin| 11.6710|  0.1482|  6.6321| 12.5232| 13.1530|  9.6702| 22.6380|  4.3720| 12.5602|  6.6321|[2m[31m  0.0000[0m|
   Marie| 11.1523|  6.2986|  5.7058| 12.4861| 14.4127|  8.6699| 12.2268|  3.6680| 19.3034|  6.0763|[2m[31m  0.0000[0m|
  Monami|  8.2253| 58.0585|  4.8536|  6.8544|[2m[31m  0.0000[0m|  8.0030|  0.2223|  1.4820|  7.6695|  4.6313|[2m[31m  0.0000[0m|
Raphaela|[2m[31m  0.0000[0m|  6.8914|  7.7807| 23.7495| 17.1175| 10.6706| 11.1152|  4.8536| 10.8559|  6.9655|[2m[31m  0.0000[0m|
   Zaira|  8.5958|  4.2608| 44.5721|  6.3727| 10.5595|  6.3727|  7.0026|  1.4450|  6.5950|  4.2238|[2m[31m  0.0000[0m|
 Desiree|[2m[31m  0.0000[0m|[2m[31m  0.0000[0m|[2m[31m  0.0000[0m|[2m[31m  0.0000[0m|[2m[31m  0.0000[0m|[2m[31m  0.0000[0m|[2m[31m  0.0000[0m|[2m[31m  0.0000[0m|[2m[31m  0.0000[0m|[2m[31m  0.0000[0m|[2m[31m  0.0000[0m|

add Desiree Dummy to the possibilities
29689	poss left
0.99776811605003 Monami->Antonino
0.99776811605003 Monami->Antonino |-> 0 -> 1.0825450575182
14019	poss left
            Andre|Antonino|  Dustin|   Jordi|    Leon|  Marius|     Max|    Mike|     Tim| William|   Dummy|
    Dana|  9.4871|  7.4185|  2.1614|  6.1702|  8.3529|  5.1002|  4.3655|  0.4137|  5.5710| 42.8847|  8.0748|
 Estelle| 12.6614| 13.4817|  7.0904| 18.4036|[2m[31m  0.0000[0m| 11.3703|  6.7266|  3.5737| 11.4345|  7.1831|  8.0748|
Isabelle| 20.8717| 13.1964|  7.7538|  7.9250| 13.0680|  6.0347|  6.6767|  1.2626|  9.2375|  5.8991|  8.0748|
 Jessica|  8.5455| 11.1278|  5.8706|  0.5421| 24.8948| 19.9372|  5.0218|[2m[31m  0.0000[0m|  9.5371|  6.4484|  8.0748|
 Joelina|  1.3339|  1.6406|  0.3852|  1.5622|  4.0944|  1.3268|  0.7918| 79.8416|  0.6206|  0.3281|  8.0748|
 Kerstin|  7.1260|  0.2853|  4.1658|  5.8777|  6.7694|  6.9976| 38.7046|  0.8417| 16.7344|  4.4226|  8.0748|
   Marie|  9.2089| 12.1264|  4.3084|  9.4657| 12.4688| 13.0323| 16.0924|  1.4124|  9.1091|  4.7008|  8.0748|
  Monami| 15.8357|[2m[31m  0.0000[0m|  9.3445| 13.1964|[2m[31m  0.0000[0m| 15.4077|  0.4280|  2.8533| 14.7657|  8.9165| 19.2524|
Raphaela|[2m[31m  0.0000[0m| 13.2677|  6.1203| 23.5109| 13.4389|  7.7680|  8.1746|  1.3838|  9.2161|  9.0449|  8.0748|
   Zaira|  6.8550|  8.2032| 44.7250|  5.2714|  8.8380|  4.9504|  4.9433|  0.3424|  5.6994|  2.0972|  8.0748|
 Desiree|  8.0748| 19.2524|  8.0748|  8.0748|  8.0748|  8.0748|  8.0748|  8.0748|  8.0748|  8.0748|  8.0748|

0
1.9451675795165 Dana->William Estelle->Mike Isabelle->Dustin Jessica->Leon Joelina->Andre Kerstin->Antonino Monami->Max Raphaela->Marius Zaira->Jordi Desiree->Tim |-> 2 -> 2.5883625334571
2331	poss left
            Andre|Antonino|  Dustin|   Jordi|    Leon|  Marius|     Max|    Mike|     Tim| William|   Dummy|
    Dana|  8.7087|  3.0030|  2.4024|  1.2012|  0.4719|  1.3299|  1.2870|  0.3861|  0.5148| 73.0588|  7.6362|
 Estelle|  9.0090| 15.7014|  8.0223| 23.2089|[2m[31m  0.0000[0m|  4.8048|  9.9957|  9.5238|  7.8078|  2.5311|  9.3951|
Isabelle| 25.9974| 12.2694| 16.5594|  7.8936|  8.2797|  5.2338|  7.7220|  1.5444|  3.8610|  1.5015|  9.1377|
 Jessica|  7.5933| 10.9395|  5.0193|  0.6864| 36.8511| 12.4410|  4.8477|[2m[31m  0.0000[0m| 12.6984|  0.2574|  8.6658|
 Joelina|  3.4320|  3.2175|  1.2441|  2.7885|  8.0223|  2.6169|  1.3299| 68.9833|  1.4157|  0.0429|  6.9069|
 Kerstin|  9.2664|  1.5444|  8.6658|  8.6229|  7.7220|  3.9039| 27.0270|  1.6302| 20.5062|  2.5311|  8.5800|
   Marie|  6.0060| 10.3389|  3.8610|  7.1214| 11.0253| 27.4560| 17.5890|  2.1450|  6.4779|  1.2870|  6.6924|
  Monami| 14.0712|[2m[31m  0.0000[0m| 12.1407| 15.2295|[2m[31m  0.0000[0m| 13.2132|  2.3166|  5.4912| 13.2990|  4.4616| 19.7769|
Raphaela|[2m[31m  0.0000[0m| 12.7413|  7.0785| 20.3775| 11.1111| 16.5594|  9.9528|  2.3166|  5.1909|  6.4779|  8.1939|
   Zaira|  9.0090| 12.7842| 28.0995|  5.9631|  9.6096|  5.5341| 11.0253|  1.0725|  7.8507|  0.9438|  8.1081|
 Desiree|  6.9069| 17.4603|  6.9069|  6.9069|  6.9069|  6.9069|  6.9069|  6.9069| 20.3775|  6.9069|  6.9069|

0.94952222041421 Jessica->Leon
0.27989200263741 Jessica->Max |-> 0 -> 0.071689638967156
2218	poss left
            Andre|Antonino|  Dustin|   Jordi|    Leon|  Marius|     Max|    Mike|     Tim| William|   Dummy|
    Dana|  9.0622|  3.1560|  2.5248|  1.2173|  0.4509|  1.3977|  1.3526|  0.4058|  0.5410| 72.1371|  7.7547|
 Estelle|  8.8368| 16.5014|  7.8900| 21.7313|[2m[31m  0.0000[0m|  4.7791| 10.5050|  9.7385|  7.7547|  2.6601|  9.6032|
Isabelle| 26.7809| 12.7592| 14.9684|  7.7547|  8.2056|  5.1849|  8.1154|  1.5780|  3.7421|  1.5780|  9.3327|
 Jessica|  7.9802| 11.4968|  5.2750|  0.7214| 38.7286| 13.0748|[2m[31m  0.0000[0m|[2m[31m  0.0000[0m| 13.3454|  0.2705|  9.1073|
 Joelina|  3.3363|  3.3814|  1.1271|  2.8404|  7.9351|  2.5699|  1.3977| 68.9360|  1.4427|  0.0451|  6.9883|
 Kerstin|  9.3327|  1.6231|  8.7015|  8.7015|  7.6195|  4.0126| 28.4040|  1.3977| 18.8007|  2.6601|  8.7466|
   Marie|  5.3652| 10.0992|  3.7421|  7.1686| 10.5500| 28.0884| 18.4851|  2.1641|  6.2218|  1.3526|  6.7628|
  Monami| 13.9766|[2m[31m  0.0000[0m| 12.5789| 16.0054|[2m[31m  0.0000[0m| 12.4436|  2.4346|  5.7710| 13.9766|  4.5987| 18.2146|
Raphaela|[2m[31m  0.0000[0m| 12.1731|  7.2137| 21.1452| 10.1894| 16.4112| 10.4599|  2.0289|  5.3652|  6.7178|  8.2958|
   Zaira|  8.3408| 12.8945| 28.9901|  5.7259|  9.3327|  5.0496| 11.5870|  0.9919|  7.8900|  0.9919|  8.2056|
 Desiree|  6.9883| 15.9152|  6.9883|  6.9883|  6.9883|  6.9883|  7.2588|  6.9883| 20.9197|  6.9883|  6.9883|

0
1.5806593113972 Dana->Antonino Estelle->Mike Isabelle->Dustin Jessica->Leon Joelina->Tim Kerstin->Max Marie->Andre Raphaela->William Zaira->Marius Desiree->Jordi |-> 4 -> 6.6556120315244
22	poss left
            Andre|Antonino|  Dustin|   Jordi|    Leon|  Marius|     Max|    Mike|     Tim| William|   Dummy|
    Dana|  4.5455| 50.0000|  9.0909|[2m[31m  0.0000[0m|[2m[31m  0.0000[0m|[2m[31m  0.0000[0m|[2m[31m  0.0000[0m|[2m[31m  0.0000[0m|  4.5455| 27.2727|  4.5455|
 Estelle|[2m[31m  0.0000[0m|[2m[31m  0.0000[0m|[2m[31m  0.0000[0m| 40.9091|[2m[31m  0.0000[0m|  4.5455|  4.5455| 36.3636|[2m[31m  0.0000[0m|[2m[31m  0.0000[0m| 13.6364|
Isabelle| 68.1818|  4.5455|[2m[31m  0.0000[0m|  4.5455|  9.0909|  4.5455|  4.5455|[2m[31m  0.0000[0m|[2m[31m  0.0000[0m|[2m[31m  0.0000[0m|  4.5455|
 Jessica|[2m[31m  0.0000[0m|  9.0909|[2m[31m  0.0000[0m|  9.0909| 63.6364|  4.5455|[2m[31m  0.0000[0m|[2m[31m  0.0000[0m|  9.0909|[2m[31m  0.0000[0m|  4.5455|
 Joelina|[2m[31m  0.0000[0m|  9.0909|[2m[31m  0.0000[0m|[2m[31m  0.0000[0m|  9.0909|[2m[31m  0.0000[0m|[2m[31m  0.0000[0m| 59.0909| 18.1818|[2m[31m  0.0000[0m|  4.5455|
 Kerstin|[2m[31m  0.0000[0m|  9.0909|[2m[31m  0.0000[0m|[2m[31m  0.0000[0m|[2m[31m  0.0000[0m|[2m[31m  0.0000[0m| 31.8182|[2m[31m  0.0000[0m| 50.0000|[2m[31m  0.0000[0m|  9.0909|
   Marie| 18.1818|  4.5455| 40.9091|[2m[31m  0.0000[0m|  4.5455|  9.0909| 13.6364|[2m[31m  0.0000[0m|[2m[31m  0.0000[0m|[2m[31m  0.0000[0m|  9.0909|
  Monami|  4.5455|[2m[31m  0.0000[0m|  4.5455|  9.0909|[2m[31m  0.0000[0m| 13.6364| 40.9091|[2m[31m  0.0000[0m|  4.5455|[2m[31m  0.0000[0m| 22.7273|
Raphaela|[2m[31m  0.0000[0m|[2m[31m  0.0000[0m|  4.5455|[2m[31m  0.0000[0m|  9.0909|[2m[31m  0.0000[0m|[2m[31m  0.0000[0m|[2m[31m  0.0000[0m|[2m[31m  0.0000[0m| 68.1818| 18.1818|
   Zaira|[2m[31m  0.0000[0m|[2m[31m  0.0000[0m| 36.3636|[2m[31m  0.0000[0m|[2m[31m  0.0000[0m| 59.0909|[2m[31m  0.0000[0m|[2m[31m  0.0000[0m|[2m[31m  0.0000[0m|[2m[31m  0.0000[0m|  4.5455|
 Desiree|  4.5455| 13.6364|  4.5455| 36.3636|  4.5455|  4.5455|  4.5455|  4.5455| 13.6364|  4.5455|  4.5455|

1 Dana->Antonino
0.97602064823661 Zaira->Marius |-> 1 -> 0.75899190049621
13	poss left
            Andre|Antonino|  Dustin|   Jordi|    Leon|  Marius|     Max|    Mike|     Tim| William|   Dummy|
    Dana|[2m[31m  0.0000[0m| 53.8462| 15.3846|[2m[31m  0.0000[0m|[2m[31m  0.0000[0m|[2m[31m  0.0000[0m|[2m[31m  0.0000[0m|[2m[31m  0.0000[0m|  7.6923| 15.3846|  7.6923|
 Estelle|[2m[31m  0.0000[0m|[2m[31m  0.0000[0m|[2m[31m  0.0000[0m| 61.5385|[2m[31m  0.0000[0m|[2m[31m  0.0000[0m|[2m[31m  0.0000[0m| 15.3846|[2m[31m  0.0000[0m|[2m[31m  0.0000[0m| 23.0769|
Isabelle| 92.3077|[2m[31m  0.0000[0m|[2m[31m  0.0000[0m|[2m[31m  0.0000[0m|[2m[31m  0.0000[0m|[2m[31m  0.0000[0m|[2m[31m  0.0000[0m|[2m[31m  0.0000[0m|[2m[31m  0.0000[0m|[2m[31m  0.0000[0m|  7.6923|
 Jessica|[2m[31m  0.0000[0m|[2m[31m  0.0000[0m|[2m[31m  0.0000[0m| 15.3846| 76.9231|[2m[31m  0.0000[0m|[2m[31m  0.0000[0m|[2m[31m  0.0000[0m|[2m[31m  0.0000[0m|[2m[31m  0.0000[0m|  7.6923|
 Joelina|[2m[31m  0.0000[0m|[2m[31m  0.0000[0m|[2m[31m  0.0000[0m|[2m[31m  0.0000[0m|[2m[31m  0.0000[0m|[2m[31m  0.0000[0m|[2m[31m  0.0000[0m| 76.9231| 15.3846|[2m[31m  0.0000[0m|  7.6923|
 Kerstin|[2m[31m  0.0000[0m| 15.3846|[2m[31m  0.0000[0m|[2m[31m  0.0000[0m|[2m[31m  0.0000[0m|[2m[31m  0.0000[0m| 15.3846|[2m[31m  0.0000[0m| 69.2308|[2m[31m  0.0000[0m|[2m[31m  0.0000[0m|
   Marie|[2m[31m  0.0000[0m|  7.6923| 61.5385|[2m[31m  0.0000[0m|  7.6923|[2m[31m  0.0000[0m| 15.3846|[2m[31m  0.0000[0m|[2m[31m  0.0000[0m|[2m[31m  0.0000[0m|  7.6923|
  Monami|[2m[31m  0.0000[0m|[2m[31m  0.0000[0m|  7.6923|[2m[31m  0.0000[0m|[2m[31m  0.0000[0m|[2m[31m  0.0000[0m| 61.5385|[2m[31m  0.0000[0m|  7.6923|[2m[31m  0.0000[0m| 23.0769|
Raphaela|[2m[31m  0.0000[0m|[2m[31m  0.0000[0m|  7.6923|[2m[31m  0.0000[0m|  7.6923|[2m[31m  0.0000[0m|[2m[31m  0.0000[0m|[2m[31m  0.0000[0m|[2m[31m  0.0000[0m| 76.9231|  7.6923|
   Zaira|[2m[31m  0.0000[0m|[2m[31m  0.0000[0m|[2m[31m  0.0000[0m|[2m[31m  0.0000[0m|[2m[31m  0.0000[0m|[32m100.0000[0m|[2m[31m  0.0000[0m|[2m[31m  0.0000[0m|[2m[31m  0.0000[0m|[2m[31m  0.0000[0m|[2m[31m  0.0000[0m|
 Desiree|  7.6923| 23.0769|  7.6923| 23.0769|  7.6923|[2m[31m  0.0000[0m|  7.6923|  7.6923|[2m[31m  0.0000[0m|  7.6923|  7.6923|

0
1.6691803368667 Dana->Antonino Isabelle->Dustin Jessica->Leon Joelina->Mike Kerstin->Tim Marie->Max Monami->Jordi Raphaela->William Zaira->Marius Desiree->Andre |-> 6 -> 0.89308479608349
7	poss left
            Andre|Antonino|  Dustin|   Jordi|    Leon|  Marius|     Max|    Mike|     Tim| William|   Dummy|
    Dana|[2m[31m  0.0000[0m| 85.7143|[2m[31m  0.0000[0m|[2m[31m  0.0000[0m|[2m[31m  0.0000[0m|[2m[31m  0.0000[0m|[2m[31m  0.0000[0m|[2m[31m  0.0000[0m|[2m[31m  0.0000[0m|[2m[31m  0.0000[0m| 14.2857|
 Estelle|[2m[31m  0.0000[0m|[2m[31m  0.0000[0m|[2m[31m  0.0000[0m|[32m100.0000[0m|[2m[31m  0.0000[0m|[2m[31m  0.0000[0m|[2m[31m  0.0000[0m|[2m[31m  0.0000[0m|[2m[31m  0.0000[0m|[2m[31m  0.0000[0m|[2m[31m  0.0000[0m|
Isabelle|[32m100.0000[0m|[2m[31m  0.0000[0m|[2m[31m  0.0000[0m|[2m[31m  0.0000[0m|[2m[31m  0.0000[0m|[2m[31m  0.0000[0m|[2m[31m  0.0000[0m|[2m[31m  0.0000[0m|[2m[31m  0.0000[0m|[2m[31m  0.0000[0m|[2m[31m  0.0000[0m|
 Jessica|[2m[31m  0.0000[0m|[2m[31m  0.0000[0m|[2m[31m  0.0000[0m|[2m[31m  0.0000[0m| 85.7143|[2m[31m  0.0000[0m|[2m[31m  0.0000[0m|[2m[31m  0.0000[0m|[2m[31m  0.0000[0m|[2m[31m  0.0000[0m| 14.2857|
 Joelina|[2m[31m  0.0000[0m|[2m[31m  0.0000[0m|[2m[31m  0.0000[0m|[2m[31m  0.0000[0m|[2m[31m  0.0000[0m|[2m[31m  0.0000[0m|[2m[31m  0.0000[0m| 85.7143|[2m[31m  0.0000[0m|[2m[31m  0.0000[0m| 14.2857|
 Kerstin|[2m[31m  0.0000[0m|[2m[31m  0.0000[0m|[2m[31m  0.0000[0m|[2m[31m  0.0000[0m|[2m[31m  0.0000[0m|[2m[31m  0.0000[0m|[2m[31m  0.0000[0m|[2m[31m  0.0000[0m|[32m100.0000[0m|[2m[31m  0.0000[0m|[2m[31m  0.0000[0m|
   Marie|[2m[31m  0.0000[0m|[2m[31m  0.0000[0m| 85.7143|[2m[31m  0.0000[0m|[2m[31m  0.0000[0m|[2m[31m  0.0000[0m|[2m[31m  0.0000[0m|[2m[31m  0.0000[0m|[2m[31m  0.0000[0m|[2m[31m  0.0000[0m| 14.2857|
  Monami|[2m[31m  0.0000[0m|[2m[31m  0.0000[0m|[2m[31m  0.0000[0m|[2m[31m  0.0000[0m|[2m[31m  0.0000[0m|[2m[31m  0.0000[0m| 85.7143|[2m[31m  0.0000[0m|[2m[31m  0.0000[0m|[2m[31m  0.0000[0m| 14.2857|
Raphaela|[2m[31m  0.0000[0m|[2m[31m  0.0000[0m|[2m[31m  0.0000[0m|[2m[31m  0.0000[0m|[2m[31m  0.0000[0m|[2m[31m  0.0000[0m|[2m[31m  0.0000[0m|[2m[31m  0.0000[0m|[2m[31m  0.0000[0m| 85.7143| 14.2857|
   Zaira|[2m[31m  0.0000[0m|[2m[31m  0.0000[0m|[2m[31m  0.0000[0m|[2m[31m  0.0000[0m|[2m[31m  0.0000[0m|[32m100.0000[0m|[2m[31m  0.0000[0m|[2m[31m  0.0000[0m|[2m[31m  0.0000[0m|[2m[31m  0.0000[0m|[2m[31m  0.0000[0m|
 Desiree|[2m[31m  0.0000[0m| 14.2857| 14.2857|[2m[31m  0.0000[0m| 14.2857|[2m[31m  0.0000[0m| 14.2857| 14.2857|[2m[31m  0.0000[0m| 14.2857| 14.2857|

0.59167277858233 Dana->Antonino
-0 Raphaela->Jordi |-> 0 -> -0
7	poss left
            Andre|Antonino|  Dustin|   Jordi|    Leon|  Marius|     Max|    Mike|     Tim| William|   Dummy|
    Dana|[2m[31m  0.0000[0m| 85.7143|[2m[31m  0.0000[0m|[2m[31m  0.0000[0m|[2m[31m  0.0000[0m|[2m[31m  0.0000[0m|[2m[31m  0.0000[0m|[2m[31m  0.0000[0m|[2m[31m  0.0000[0m|[2m[31m  0.0000[0m| 14.2857|
 Estelle|[2m[31m  0.0000[0m|[2m[31m  0.0000[0m|[2m[31m  0.0000[0m|[32m100.0000[0m|[2m[31m  0.0000[0m|[2m[31m  0.0000[0m|[2m[31m  0.0000[0m|[2m[31m  0.0000[0m|[2m[31m  0.0000[0m|[2m[31m  0.0000[0m|[2m[31m  0.0000[0m|
Isabelle|[32m100.0000[0m|[2m[31m  0.0000[0m|[2m[31m  0.0000[0m|[2m[31m  0.0000[0m|[2m[31m  0.0000[0m|[2m[31m  0.0000[0m|[2m[31m  0.0000[0m|[2m[31m  0.0000[0m|[2m[31m  0.0000[0m|[2m[31m  0.0000[0m|[2m[31m  0.0000[0m|
 Jessica|[2m[31m  0.0000[0m|[2m[31m  0.0000[0m|[2m[31m  0.0000[0m|[2m[31m  0.0000[0m| 85.7143|[2m[31m  0.0000[0m|[2m[31m  0.0000[0m|[2m[31m  0.0000[0m|[2m[31m  0.0000[0m|[2m[31m  0.0000[0m| 14.2857|
 Joelina|[2m[31m  0.0000[0m|[2m[31m  0.0000[0m|[2m[31m  0.0000[0m|[2m[31m  0.0000[0m|[2m[31m  0.0000[0m|[2m[31m  0.0000[0m|[2m[31m  0.0000[0m| 85.7143|[2m[31m  0.0000[0m|[2m[31m  0.0000[0m| 14.2857|
 Kerstin|[2m[31m  0.0000[0m|[2m[31m  0.0000[0m|[2m[31m  0.0000[0m|[2m[31m  0.0000[0m|[2m[31m  0.0000[0m|[2m[31m  0.0000[0m|[2m[31m  0.0000[0m|[2m[31m  0.0000[0m|[32m100.0000[0m|[2m[31m  0.0000[0m|[2m[31m  0.0000[0m|
   Marie|[2m[31m  0.0000[0m|[2m[31m  0.0000[0m| 85.7143|[2m[31m  0.0000[0m|[2m[31m  0.0000[0m|[2m[31m  0.0000[0m|[2m[31m  0.0000[0m|[2m[31m  0.0000[0m|[2m[31m  0.0000[0m|[2m[31m  0.0000[0m| 14.2857|
  Monami|[2m[31m  0.0000[0m|[2m[31m  0.0000[0m|[2m[31m  0.0000[0m|[2m[31m  0.0000[0m|[2m[31m  0.0000[0m|[2m[31m  0.0000[0m| 85.7143|[2m[31m  0.0000[0m|[2m[31m  0.0000[0m|[2m[31m  0.0000[0m| 14.2857|
Raphaela|[2m[31m  0.0000[0m|[2m[31m  0.0000[0m|[2m[31m  0.0000[0m|[2m[31m  0.0000[0m|[2m[31m  0.0000[0m|[2m[31m  0.0000[0m|[2m[31m  0.0000[0m|[2m[31m  0.0000[0m|[2m[31m  0.0000[0m| 85.7143| 14.2857|
   Zaira|[2m[31m  0.0000[0m|[2m[31m  0.0000[0m|[2m[31m  0.0000[0m|[2m[31m  0.0000[0m|[2m[31m  0.0000[0m|[32m100.0000[0m|[2m[31m  0.0000[0m|[2m[31m  0.0000[0m|[2m[31m  0.0000[0m|[2m[31m  0.0000[0m|[2m[31m  0.0000[0m|
 Desiree|[2m[31m  0.0000[0m| 14.2857| 14.2857|[2m[31m  0.0000[0m| 14.2857|[2m[31m  0.0000[0m| 14.2857| 14.2857|[2m[31m  0.0000[0m| 14.2857| 14.2857|

0
0 Dana->Antonino Estelle->Mike Isabelle->Dustin Jessica->Leon Joelina->Tim Kerstin->Max Marie->Andre Monami->Jordi Raphaela->William Zaira->Marius |-> 4 -> -0
7	poss left
            Andre|Antonino|  Dustin|   Jordi|    Leon|  Marius|     Max|    Mike|     Tim| William|   Dummy|
    Dana|[2m[31m  0.0000[0m|[1m[30m 85.7143[0m|[2m[31m  0.0000[0m|[2m[31m  0.0000[0m|[2m[31m  0.0000[0m|[2m[31m  0.0000[0m|[2m[31m  0.0000[0m|[2m[31m  0.0000[0m|[2m[31m  0.0000[0m|[2m[31m  0.0000[0m|[1m[30m 14.2857[0m|
 Estelle|[2m[31m  0.0000[0m|[2m[31m  0.0000[0m|[2m[31m  0.0000[0m|[32m100.0000[0m|[2m[31m  0.0000[0m|[2m[31m  0.0000[0m|[2m[31m  0.0000[0m|[2m[31m  0.0000[0m|[2m[31m  0.0000[0m|[2m[31m  0.0000[0m|[2m[31m  0.0000[0m|
Isabelle|[32m100.0000[0m|[2m[31m  0.0000[0m|[2m[31m  0.0000[0m|[2m[31m  0.0000[0m|[2m[31m  0.0000[0m|[2m[31m  0.0000[0m|[2m[31m  0.0000[0m|[2m[31m  0.0000[0m|[2m[31m  0.0000[0m|[2m[31m  0.0000[0m|[2m[31m  0.0000[0m|
 Jessica|[2m[31m  0.0000[0m|[2m[31m  0.0000[0m|[2m[31m  0.0000[0m|[2m[31m  0.0000[0m|[1m[30m 85.7143[0m|[2m[31m  0.0000[0m|[2m[31m  0.0000[0m|[2m[31m  0.0000[0m|[2m[31m  0.0000[0m|[2m[31m  0.0000[0m|[1m[30m 14.2857[0m|
 Joelina|[2m[31m  0.0000[0m|[2m[31m  0.0000[0m|[2m[31m  0.0000[0m|[2m[31m  0.0000[0m|[2m[31m  0.0000[0m|[2m[31m  0.0000[0m|[2m[31m  0.0000[0m|[1m[30m 85.7143[0m|[2m[31m  0.0000[0m|[2m[31m  0.0000[0m|[1m[30m 14.2857[0m|
 Kerstin|[2m[31m  0.0000[0m|[2m[31m  0.0000[0m|[2m[31m  0.0000[0m|[2m[31m  0.0000[0m|[2m[31m  0.0000[0m|[2m[31m  0.0000[0m|[2m[31m  0.0000[0m|[2m[31m  0.0000[0m|[32m100.0000[0m|[2m[31m  0.0000[0m|[2m[31m  0.0000[0m|
   Marie|[2m[31m  0.0000[0m|[2m[31m  0.0000[0m|[1m[30m 85.7143[0m|[2m[31m  0.0000[0m|[2m[31m  0.0000[0m|[2m[31m  0.0000[0m|[2m[31m  0.0000[0m|[2m[31m  0.0000[0m|[2m[31m  0.0000[0m|[2m[31m  0.0000[0m|[1m[30m 14.2857[0m|
  Monami|[2m[31m  0.0000[0m|[2m[31m  0.0000[0m|[2m[31m  0.0000[0m|[2m[31m  0.0000[0m|[2m[31m  0.0000[0m|[2m[31m  0.0000[0m|[1m[30m 85.7143[0m|[2m[31m  0.0000[0m|[2m[31m  0.0000[0m|[2m[31m  0.0000[0m|[1m[30m 14.2857[0m|
Raphaela|[2m[31m  0.0000[0m|[2m[31m  0.0000[0m|[2m[31m  0.0000[0m|[2m[31m  0.0000[0m|[2m[31m  0.0000[0m|[2m[31m  0.0000[0m|[2m[31m  0.0000[0m|[2m[31m  0.0000[0m|[2m[31m  0.0000[0m|[1m[30m 85.7143[0m|[1m[30m 14.2857[0m|
   Zaira|[2m[31m  0.0000[0m|[2m[31m  0.0000[0m|[2m[31m  0.0000[0m|[2m[31m  0.0000[0m|[2m[31m  0.0000[0m|[32m100.0000[0m|[2m[31m  0.0000[0m|[2m[31m  0.0000[0m|[2m[31m  0.0000[0m|[2m[31m  0.0000[0m|[2m[31m  0.0000[0m|
 Desiree|[2m[31m  0.0000[0m|[1m[30m 14.2857[0m|[1m[30m 14.2857[0m|[2m[31m  0.0000[0m|[1m[30m 14.2857[0m|[2m[31m  0.0000[0m|[1m[30m 14.2857[0m|[1m[30m 14.2857[0m|[2m[31m  0.0000[0m|[1m[30m 14.2857[0m|[1m[30m 14.2857[0m|

0.59167277858233 Dana->Antonino
-0 Kerstin->Max |-> 0 -> -0
7	poss left
            Andre|Antonino|  Dustin|   Jordi|    Leon|  Marius|     Max|    Mike|     Tim| William|   Dummy|
    Dana|[2m[31m  0.0000[0m|[1m[30m 85.7143[0m|[2m[31m  0.0000[0m|[2m[31m  0.0000[0m|[2m[31m  0.0000[0m|[2m[31m  0.0000[0m|[2m[31m  0.0000[0m|[2m[31m  0.0000[0m|[2m[31m  0.0000[0m|[2m[31m  0.0000[0m|[1m[30m 14.2857[0m|
 Estelle|[2m[31m  0.0000[0m|[2m[31m  0.0000[0m|[2m[31m  0.0000[0m|[32m100.0000[0m|[2m[31m  0.0000[0m|[2m[31m  0.0000[0m|[2m[31m  0.0000[0m|[2m[31m  0.0000[0m|[2m[31m  0.0000[0m|[2m[31m  0.0000[0m|[2m[31m  0.0000[0m|
Isabelle|[32m100.0000[0m|[2m[31m  0.0000[0m|[2m[31m  0.0000[0m|[2m[31m  0.0000[0m|[2m[31m  0.0000[0m|[2m[31m  0.0000[0m|[2m[31m  0.0000[0m|[2m[31m  0.0000[0m|[2m[31m  0.0000[0m|[2m[31m  0.0000[0m|[2m[31m  0.0000[0m|
 Jessica|[2m[31m  0.0000[0m|[2m[31m  0.0000[0m|[2m[31m  0.0000[0m|[2m[31m  0.0000[0m|[1m[30m 85.7143[0m|[2m[31m  0.0000[0m|[2m[31m  0.0000[0m|[2m[31m  0.0000[0m|[2m[31m  0.0000[0m|[2m[31m  0.0000[0m|[1m[30m 14.2857[0m|
 Joelina|[2m[31m  0.0000[0m|[2m[31m  0.0000[0m|[2m[31m  0.0000[0m|[2m[31m  0.0000[0m|[2m[31m  0.0000[0m|[2m[31m  0.0000[0m|[2m[31m  0.0000[0m|[1m[30m 85.7143[0m|[2m[31m  0.0000[0m|[2m[31m  0.0000[0m|[1m[30m 14.2857[0m|
 Kerstin|[2m[31m  0.0000[0m|[2m[31m  0.0000[0m|[2m[31m  0.0000[0m|[2m[31m  0.0000[0m|[2m[31m  0.0000[0m|[2m[31m  0.0000[0m|[2m[31m  0.0000[0m|[2m[31m  0.0000[0m|[32m100.0000[0m|[2m[31m  0.0000[0m|[2m[31m  0.0000[0m|
   Marie|[2m[31m  0.0000[0m|[2m[31m  0.0000[0m|[1m[30m 85.7143[0m|[2m[31m  0.0000[0m|[2m[31m  0.0000[0m|[2m[31m  0.0000[0m|[2m[31m  0.0000[0m|[2m[31m  0.0000[0m|[2m[31m  0.0000[0m|[2m[31m  0.0000[0m|[1m[30m 14.2857[0m|
  Monami|[2m[31m  0.0000[0m|[2m[31m  0.0000[0m|[2m[31m  0.0000[0m|[2m[31m  0.0000[0m|[2m[31m  0.0000[0m|[2m[31m  0.0000[0m|[1m[30m 85.7143[0m|[2m[31m  0.0000[0m|[2m[31m  0.0000[0m|[2m[31m  0.0000[0m|[1m[30m 14.2857[0m|
Raphaela|[2m[31m  0.0000[0m|[2m[31m  0.0000[0m|[2m[31m  0.0000[0m|[2m[31m  0.0000[0m|[2m[31m  0.0000[0m|[2m[31m  0.0000[0m|[2m[31m  0.0000[0m|[2m[31m  0.0000[0m|[2m[31m  0.0000[0m|[1m[30m 85.7143[0m|[1m[30m 14.2857[0m|
   Zaira|[2m[31m  0.0000[0m|[2m[31m  0.0000[0m|[2m[31m  0.0000[0m|[2m[31m  0.0000[0m|[2m[31m  0.0000[0m|[32m100.0000[0m|[2m[31m  0.0000[0m|[2m[31m  0.0000[0m|[2m[31m  0.0000[0m|[2m[31m  0.0000[0m|[2m[31m  0.0000[0m|
 Desiree|[2m[31m  0.0000[0m|[1m[30m 14.2857[0m|[1m[30m 14.2857[0m|[2m[31m  0.0000[0m|[1m[30m 14.2857[0m|[2m[31m  0.0000[0m|[1m[30m 14.2857[0m|[1m[30m 14.2857[0m|[2m[31m  0.0000[0m|[1m[30m 14.2857[0m|[1m[30m 14.2857[0m|

0
0 Dana->Dustin Estelle->Mike Isabelle->Antonino Jessica->Leon Joelina->Tim Marie->William Monami->Jordi Raphaela->Max Zaira->Marius Desiree->Andre |-> 2 -> -0
7	poss left
            Andre|Antonino|  Dustin|   Jordi|    Leon|  Marius|     Max|    Mike|     Tim| William|   Dummy|
    Dana|[2m[31m  0.0000[0m|[1m[30m 85.7143[0m|[2m[31m  0.0000[0m|[2m[31m  0.0000[0m|[2m[31m  0.0000[0m|[2m[31m  0.0000[0m|[2m[31m  0.0000[0m|[2m[31m  0.0000[0m|[2m[31m  0.0000[0m|[2m[31m  0.0000[0m|[1m[30m 14.2857[0m|
 Estelle|[2m[31m  0.0000[0m|[2m[31m  0.0000[0m|[2m[31m  0.0000[0m|[32m100.0000[0m|[2m[31m  0.0000[0m|[2m[31m  0.0000[0m|[2m[31m  0.0000[0m|[2m[31m  0.0000[0m|[2m[31m  0.0000[0m|[2m[31m  0.0000[0m|[2m[31m  0.0000[0m|
Isabelle|[32m100.0000[0m|[2m[31m  0.0000[0m|[2m[31m  0.0000[0m|[2m[31m  0.0000[0m|[2m[31m  0.0000[0m|[2m[31m  0.0000[0m|[2m[31m  0.0000[0m|[2m[31m  0.0000[0m|[2m[31m  0.0000[0m|[2m[31m  0.0000[0m|[2m[31m  0.0000[0m|
 Jessica|[2m[31m  0.0000[0m|[2m[31m  0.0000[0m|[2m[31m  0.0000[0m|[2m[31m  0.0000[0m|[1m[30m 85.7143[0m|[2m[31m  0.0000[0m|[2m[31m  0.0000[0m|[2m[31m  0.0000[0m|[2m[31m  0.0000[0m|[2m[31m  0.0000[0m|[1m[30m 14.2857[0m|
 Joelina|[2m[31m  0.0000[0m|[2m[31m  0.0000[0m|[2m[31m  0.0000[0m|[2m[31m  0.0000[0m|[2m[31m  0.0000[0m|[2m[31m  0.0000[0m|[2m[31m  0.0000[0m|[1m[30m 85.7143[0m|[2m[31m  0.0000[0m|[2m[31m  0.0000[0m|[1m[30m 14.2857[0m|
 Kerstin|[2m[31m  0.0000[0m|[2m[31m  0.0000[0m|[2m[31m  0.0000[0m|[2m[31m  0.0000[0m|[2m[31m  0.0000[0m|[2m[31m  0.0000[0m|[2m[31m  0.0000[0m|[2m[31m  0.0000[0m|[32m100.0000[0m|[2m[31m  0.0000[0m|[2m[31m  0.0000[0m|
   Marie|[2m[31m  0.0000[0m|[2m[31m  0.0000[0m|[1m[30m 85.7143[0m|[2m[31m  0.0000[0m|[2m[31m  0.0000[0m|[2m[31m  0.0000[0m|[2m[31m  0.0000[0m|[2m[31m  0.0000[0m|[2m[31m  0.0000[0m|[2m[31m  0.0000[0m|[1m[30m 14.2857[0m|
  Monami|[2m[31m  0.0000[0m|[2m[31m  0.0000[0m|[2m[31m  0.0000[0m|[2m[31m  0.0000[0m|[2m[31m  0.0000[0m|[2m[31m  0.0000[0m|[1m[30m 85.7143[0m|[2m[31m  0.0000[0m|[2m[31m  0.0000[0m|[2m[31m  0.0000[0m|[1m[30m 14.2857[0m|
Raphaela|[2m[31m  0.0000[0m|[2m[31m  0.0000[0m|[2m[31m  0.0000[0m|[2m[31m  0.0000[0m|[2m[31m  0.0000[0m|[2m[31m  0.0000[0m|[2m[31m  0.0000[0m|[2m[31m  0.0000[0m|[2m[31m  0.0000[0m|[1m[30m 85.7143[0m|[1m[30m 14.2857[0m|
   Zaira|[2m[31m  0.0000[0m|[2m[31m  0.0000[0m|[2m[31m  0.0000[0m|[2m[31m  0.0000[0m|[2m[31m  0.0000[0m|[32m100.0000[0m|[2m[31m  0.0000[0m|[2m[31m  0.0000[0m|[2m[31m  0.0000[0m|[2m[31m  0.0000[0m|[2m[31m  0.0000[0m|
 Desiree|[2m[31m  0.0000[0m|[1m[30m 14.2857[0m|[1m[30m 14.2857[0m|[2m[31m  0.0000[0m|[1m[30m 14.2857[0m|[2m[31m  0.0000[0m|[1m[30m 14.2857[0m|[1m[30m 14.2857[0m|[2m[31m  0.0000[0m|[1m[30m 14.2857[0m|[1m[30m 14.2857[0m|

0.59167277858233 Dana->Antonino
-0 Isabelle->Dustin |-> 0 -> -0
7	poss left
            Andre|Antonino|  Dustin|   Jordi|    Leon|  Marius|     Max|    Mike|     Tim| William|   Dummy|
    Dana|[2m[31m  0.0000[0m|[1m[30m 85.7143[0m|[2m[31m  0.0000[0m|[2m[31m  0.0000[0m|[2m[31m  0.0000[0m|[2m[31m  0.0000[0m|[2m[31m  0.0000[0m|[2m[31m  0.0000[0m|[2m[31m  0.0000[0m|[2m[31m  0.0000[0m|[1m[30m 14.2857[0m|
 Estelle|[2m[31m  0.0000[0m|[2m[31m  0.0000[0m|[2m[31m  0.0000[0m|[32m100.0000[0m|[2m[31m  0.0000[0m|[2m[31m  0.0000[0m|[2m[31m  0.0000[0m|[2m[31m  0.0000[0m|[2m[31m  0.0000[0m|[2m[31m  0.0000[0m|[2m[31m  0.0000[0m|
Isabelle|[32m100.0000[0m|[2m[31m  0.0000[0m|[2m[31m  0.0000[0m|[2m[31m  0.0000[0m|[2m[31m  0.0000[0m|[2m[31m  0.0000[0m|[2m[31m  0.0000[0m|[2m[31m  0.0000[0m|[2m[31m  0.0000[0m|[2m[31m  0.0000[0m|[2m[31m  0.0000[0m|
 Jessica|[2m[31m  0.0000[0m|[2m[31m  0.0000[0m|[2m[31m  0.0000[0m|[2m[31m  0.0000[0m|[1m[30m 85.7143[0m|[2m[31m  0.0000[0m|[2m[31m  0.0000[0m|[2m[31m  0.0000[0m|[2m[31m  0.0000[0m|[2m[31m  0.0000[0m|[1m[30m 14.2857[0m|
 Joelina|[2m[31m  0.0000[0m|[2m[31m  0.0000[0m|[2m[31m  0.0000[0m|[2m[31m  0.0000[0m|[2m[31m  0.0000[0m|[2m[31m  0.0000[0m|[2m[31m  0.0000[0m|[1m[30m 85.7143[0m|[2m[31m  0.0000[0m|[2m[31m  0.0000[0m|[1m[30m 14.2857[0m|
 Kerstin|[2m[31m  0.0000[0m|[2m[31m  0.0000[0m|[2m[31m  0.0000[0m|[2m[31m  0.0000[0m|[2m[31m  0.0000[0m|[2m[31m  0.0000[0m|[2m[31m  0.0000[0m|[2m[31m  0.0000[0m|[32m100.0000[0m|[2m[31m  0.0000[0m|[2m[31m  0.0000[0m|
   Marie|[2m[31m  0.0000[0m|[2m[31m  0.0000[0m|[1m[30m 85.7143[0m|[2m[31m  0.0000[0m|[2m[31m  0.0000[0m|[2m[31m  0.0000[0m|[2m[31m  0.0000[0m|[2m[31m  0.0000[0m|[2m[31m  0.0000[0m|[2m[31m  0.0000[0m|[1m[30m 14.2857[0m|
  Monami|[2m[31m  0.0000[0m|[2m[31m  0.0000[0m|[2m[31m  0.0000[0m|[2m[31m  0.0000[0m|[2m[31m  0.0000[0m|[2m[31m  0.0000[0m|[1m[30m 85.7143[0m|[2m[31m  0.0000[0m|[2m[31m  0.0000[0m|[2m[31m  0.0000[0m|[1m[30m 14.2857[0m|
Raphaela|[2m[31m  0.0000[0m|[2m[31m  0.0000[0m|[2m[31m  0.0000[0m|[2m[31m  0.0000[0m|[2m[31m  0.0000[0m|[2m[31m  0.0000[0m|[2m[31m  0.0000[0m|[2m[31m  0.0000[0m|[2m[31m  0.0000[0m|[1m[30m 85.7143[0m|[1m[30m 14.2857[0m|
   Zaira|[2m[31m  0.0000[0m|[2m[31m  0.0000[0m|[2m[31m  0.0000[0m|[2m[31m  0.0000[0m|[2m[31m  0.0000[0m|[32m100.0000[0m|[2m[31m  0.0000[0m|[2m[31m  0.0000[0m|[2m[31m  0.0000[0m|[2m[31m  0.0000[0m|[2m[31m  0.0000[0m|
 Desiree|[2m[31m  0.0000[0m|[1m[30m 14.2857[0m|[1m[30m 14.2857[0m|[2m[31m  0.0000[0m|[1m[30m 14.2857[0m|[2m[31m  0.0000[0m|[1m[30m 14.2857[0m|[1m[30m 14.2857[0m|[2m[31m  0.0000[0m|[1m[30m 14.2857[0m|[1m[30m 14.2857[0m|

0
0 Dana->Antonino Estelle->Jordi Isabelle->Andre Jessica->Leon Joelina->Mike Kerstin->Tim Marie->Dustin Monami->Max Raphaela->William Zaira->Marius |-> 10 -> -0
7	poss left
            Andre|Antonino|  Dustin|   Jordi|    Leon|  Marius|     Max|    Mike|     Tim| William|   Dummy|
    Dana|[2m[31m  0.0000[0m|[1m[30m 85.7143[0m|[2m[31m  0.0000[0m|[2m[31m  0.0000[0m|[2m[31m  0.0000[0m|[2m[31m  0.0000[0m|[2m[31m  0.0000[0m|[2m[31m  0.0000[0m|[2m[31m  0.0000[0m|[2m[31m  0.0000[0m|[1m[30m 14.2857[0m|
 Estelle|[2m[31m  0.0000[0m|[2m[31m  0.0000[0m|[2m[31m  0.0000[0m|[32m100.0000[0m|[2m[31m  0.0000[0m|[2m[31m  0.0000[0m|[2m[31m  0.0000[0m|[2m[31m  0.0000[0m|[2m[31m  0.0000[0m|[2m[31m  0.0000[0m|[2m[31m  0.0000[0m|
Isabelle|[32m100.0000[0m|[2m[31m  0.0000[0m|[2m[31m  0.0000[0m|[2m[31m  0.0000[0m|[2m[31m  0.0000[0m|[2m[31m  0.0000[0m|[2m[31m  0.0000[0m|[2m[31m  0.0000[0m|[2m[31m  0.0000[0m|[2m[31m  0.0000[0m|[2m[31m  0.0000[0m|
 Jessica|[2m[31m  0.0000[0m|[2m[31m  0.0000[0m|[2m[31m  0.0000[0m|[2m[31m  0.0000[0m|[1m[30m 85.7143[0m|[2m[31m  0.0000[0m|[2m[31m  0.0000[0m|[2m[31m  0.0000[0m|[2m[31m  0.0000[0m|[2m[31m  0.0000[0m|[1m[30m 14.2857[0m|
 Joelina|[2m[31m  0.0000[0m|[2m[31m  0.0000[0m|[2m[31m  0.0000[0m|[2m[31m  0.0000[0m|[2m[31m  0.0000[0m|[2m[31m  0.0000[0m|[2m[31m  0.0000[0m|[1m[30m 85.7143[0m|[2m[31m  0.0000[0m|[2m[31m  0.0000[0m|[1m[30m 14.2857[0m|
 Kerstin|[2m[31m  0.0000[0m|[2m[31m  0.0000[0m|[2m[31m  0.0000[0m|[2m[31m  0.0000[0m|[2m[31m  0.0000[0m|[2m[31m  0.0000[0m|[2m[31m  0.0000[0m|[2m[31m  0.0000[0m|[32m100.0000[0m|[2m[31m  0.0000[0m|[2m[31m  0.0000[0m|
   Marie|[2m[31m  0.0000[0m|[2m[31m  0.0000[0m|[1m[30m 85.7143[0m|[2m[31m  0.0000[0m|[2m[31m  0.0000[0m|[2m[31m  0.0000[0m|[2m[31m  0.0000[0m|[2m[31m  0.0000[0m|[2m[31m  0.0000[0m|[2m[31m  0.0000[0m|[1m[30m 14.2857[0m|
  Monami|[2m[31m  0.0000[0m|[2m[31m  0.0000[0m|[2m[31m  0.0000[0m|[2m[31m  0.0000[0m|[2m[31m  0.0000[0m|[2m[31m  0.0000[0m|[1m[30m 85.7143[0m|[2m[31m  0.0000[0m|[2m[31m  0.0000[0m|[2m[31m  0.0000[0m|[1m[30m 14.2857[0m|
Raphaela|[2m[31m  0.0000[0m|[2m[31m  0.0000[0m|[2m[31m  0.0000[0m|[2m[31m  0.0000[0m|[2m[31m  0.0000[0m|[2m[31m  0.0000[0m|[2m[31m  0.0000[0m|[2m[31m  0.0000[0m|[2m[31m  0.0000[0m|[1m[30m 85.7143[0m|[1m[30m 14.2857[0m|
   Zaira|[2m[31m  0.0000[0m|[2m[31m  0.0000[0m|[2m[31m  0.0000[0m|[2m[31m  0.0000[0m|[2m[31m  0.0000[0m|[32m100.0000[0m|[2m[31m  0.0000[0m|[2m[31m  0.0000[0m|[2m[31m  0.0000[0m|[2m[31m  0.0000[0m|[2m[31m  0.0000[0m|
 Desiree|[2m[31m  0.0000[0m|[1m[30m 14.2857[0m|[1m[30m 14.2857[0m|[2m[31m  0.0000[0m|[1m[30m 14.2857[0m|[2m[31m  0.0000[0m|[1m[30m 14.2857[0m|[1m[30m 14.2857[0m|[2m[31m  0.0000[0m|[1m[30m 14.2857[0m|[1m[30m 14.2857[0m|

