╭──────────┬────────┬────────┬─────────┬────────┬────────┬────────┬─────────┬────────┬────────┬────────┬────────╮
│          ┆  Aleks ┆  Axel  ┆ Dominic ┆  Edin  ┆ Elisha ┆ Ferhat ┆ Juliano ┆  Kevin ┆ Laurin ┆   Mo   ┆  Rene  │
╞══════════╪════════╪════════╪═════════╪════════╪════════╪════════╪═════════╪════════╪════════╪════════╪════════╡
│ Aline    ┆ 10.000 ┆ 10.000 ┆ 10.000  ┆ 10.000 ┆ 10.000 ┆ 10.000 ┆ 10.000  ┆ 10.000 ┆ 10.000 ┆ 10.000 ┆ 10.000 │
│ Ivana    ┆ 10.000 ┆ 10.000 ┆ 10.000  ┆ 10.000 ┆ 10.000 ┆ 10.000 ┆ 10.000  ┆ 10.000 ┆ 10.000 ┆ 10.000 ┆ 10.000 │
│ Kathi    ┆ 10.000 ┆ 10.000 ┆ 10.000  ┆ 10.000 ┆ 10.000 ┆ 10.000 ┆ 10.000  ┆ 10.000 ┆ 10.000 ┆ 10.000 ┆ 10.000 │
│ Laura    ┆ 10.000 ┆ 10.000 ┆ 10.000  ┆ 10.000 ┆ 10.000 ┆ 10.000 ┆ 10.000  ┆ 10.000 ┆ 10.000 ┆ 10.000 ┆ 10.000 │
│ Luisa    ┆ 10.000 ┆ 10.000 ┆ 10.000  ┆ 10.000 ┆ 10.000 ┆ 10.000 ┆ 10.000  ┆ 10.000 ┆ 10.000 ┆ 10.000 ┆ 10.000 │
│ Madleine ┆ 10.000 ┆ 10.000 ┆ 10.000  ┆ 10.000 ┆ 10.000 ┆ 10.000 ┆ 10.000  ┆ 10.000 ┆ 10.000 ┆ 10.000 ┆ 10.000 │
│ Melissa  ┆ 10.000 ┆ 10.000 ┆ 10.000  ┆ 10.000 ┆ 10.000 ┆ 10.000 ┆ 10.000  ┆ 10.000 ┆ 10.000 ┆ 10.000 ┆ 10.000 │
│ Michelle ┆ 10.000 ┆ 10.000 ┆ 10.000  ┆ 10.000 ┆ 10.000 ┆ 10.000 ┆ 10.000  ┆ 10.000 ┆ 10.000 ┆ 10.000 ┆ 10.000 │
│ Nadine   ┆ 10.000 ┆ 10.000 ┆ 10.000  ┆ 10.000 ┆ 10.000 ┆ 10.000 ┆ 10.000  ┆ 10.000 ┆ 10.000 ┆ 10.000 ┆ 10.000 │
│ Sabrina  ┆ 10.000 ┆ 10.000 ┆ 10.000  ┆ 10.000 ┆ 10.000 ┆ 10.000 ┆ 10.000  ┆ 10.000 ┆ 10.000 ┆ 10.000 ┆ 10.000 │
╰──────────┴────────┴────────┴─────────┴────────┴────────┴────────┴─────────┴────────┴────────┴────────┴────────╯
36288000 left -> 25.112989209604315 bits left

0 MB#1.0 E02
Ivana -> Mo
-> I = 0.15200309344504995
╭──────────┬────────┬────────┬─────────┬────────┬────────┬────────┬─────────┬────────┬────────┬────────┬────────╮
│          ┆  Aleks ┆  Axel  ┆ Dominic ┆  Edin  ┆ Elisha ┆ Ferhat ┆ Juliano ┆  Kevin ┆ Laurin ┆   Mo   ┆  Rene  │
╞══════════╪════════╪════════╪═════════╪════════╪════════╪════════╪═════════╪════════╪════════╪════════╪════════╡
│ Aline    ┆ 9.877  ┆ 9.877  ┆ 9.877   ┆ 10.000 ┆ 9.877  ┆ 9.877  ┆ 9.877   ┆ 9.877  ┆ 9.877  ┆ 11.111 ┆ 9.877  │
│ Ivana    ┆ 11.111 ┆ 11.111 ┆ 11.111  ┆ 10.000 ┆ 11.111 ┆ 11.111 ┆ 11.111  ┆ 11.111 ┆ 11.111 ┆[38;5;9m 0.000  [39m┆ 11.111 │
│ Kathi    ┆ 9.877  ┆ 9.877  ┆ 9.877   ┆ 10.000 ┆ 9.877  ┆ 9.877  ┆ 9.877   ┆ 9.877  ┆ 9.877  ┆ 11.111 ┆ 9.877  │
│ Laura    ┆ 9.877  ┆ 9.877  ┆ 9.877   ┆ 10.000 ┆ 9.877  ┆ 9.877  ┆ 9.877   ┆ 9.877  ┆ 9.877  ┆ 11.111 ┆ 9.877  │
│ Luisa    ┆ 9.877  ┆ 9.877  ┆ 9.877   ┆ 10.000 ┆ 9.877  ┆ 9.877  ┆ 9.877   ┆ 9.877  ┆ 9.877  ┆ 11.111 ┆ 9.877  │
│ Madleine ┆ 9.877  ┆ 9.877  ┆ 9.877   ┆ 10.000 ┆ 9.877  ┆ 9.877  ┆ 9.877   ┆ 9.877  ┆ 9.877  ┆ 11.111 ┆ 9.877  │
│ Melissa  ┆ 9.877  ┆ 9.877  ┆ 9.877   ┆ 10.000 ┆ 9.877  ┆ 9.877  ┆ 9.877   ┆ 9.877  ┆ 9.877  ┆ 11.111 ┆ 9.877  │
│ Michelle ┆ 9.877  ┆ 9.877  ┆ 9.877   ┆ 10.000 ┆ 9.877  ┆ 9.877  ┆ 9.877   ┆ 9.877  ┆ 9.877  ┆ 11.111 ┆ 9.877  │
│ Nadine   ┆ 9.877  ┆ 9.877  ┆ 9.877   ┆ 10.000 ┆ 9.877  ┆ 9.877  ┆ 9.877   ┆ 9.877  ┆ 9.877  ┆ 11.111 ┆ 9.877  │
│ Sabrina  ┆ 9.877  ┆ 9.877  ┆ 9.877   ┆ 10.000 ┆ 9.877  ┆ 9.877  ┆ 9.877   ┆ 9.877  ┆ 9.877  ┆ 11.111 ┆ 9.877  │
╰──────────┴────────┴────────┴─────────┴────────┴────────┴────────┴─────────┴────────┴────────┴────────┴────────╯
32659200 left -> 24.960986116159265 bits left

1 MN#1.0 E02
Aline -> Kevin
Sabrina -> Aleks
Ivana -> Juliano
Kathi -> Rene
Madleine -> Laurin
Laura -> Ferhat
Nadine -> Elisha
Michelle -> Mo
Luisa -> Axel
Melissa -> Dominic
-> I = 1.4426960309452606
╭──────────┬────────┬────────┬─────────┬────────┬────────┬────────┬─────────┬────────┬────────┬────────┬────────╮
│          ┆  Aleks ┆  Axel  ┆ Dominic ┆  Edin  ┆ Elisha ┆ Ferhat ┆ Juliano ┆  Kevin ┆ Laurin ┆   Mo   ┆  Rene  │
╞══════════╪════════╪════════╪═════════╪════════╪════════╪════════╪═════════╪════════╪════════╪════════╪════════╡
│ Aline    ┆ 9.899  ┆ 9.899  ┆ 9.899   ┆ 10.000 ┆ 9.899  ┆ 9.899  ┆ 9.877   ┆ 9.722  ┆ 9.899  ┆ 11.111 ┆ 9.899  │
│ Ivana    ┆ 11.111 ┆ 11.111 ┆ 11.111  ┆ 10.000 ┆ 11.111 ┆ 11.111 ┆ 11.111  ┆ 11.111 ┆ 11.111 ┆[38;5;9m 0.000  [39m┆ 11.111 │
│ Kathi    ┆ 9.899  ┆ 9.899  ┆ 9.899   ┆ 10.000 ┆ 9.899  ┆ 9.899  ┆ 9.877   ┆ 9.899  ┆ 9.899  ┆ 11.111 ┆ 9.722  │
│ Laura    ┆ 9.899  ┆ 9.899  ┆ 9.899   ┆ 10.000 ┆ 9.899  ┆ 9.722  ┆ 9.877   ┆ 9.899  ┆ 9.899  ┆ 11.111 ┆ 9.899  │
│ Luisa    ┆ 9.899  ┆ 9.722  ┆ 9.899   ┆ 10.000 ┆ 9.899  ┆ 9.899  ┆ 9.877   ┆ 9.899  ┆ 9.899  ┆ 11.111 ┆ 9.899  │
│ Madleine ┆ 9.899  ┆ 9.899  ┆ 9.899   ┆ 10.000 ┆ 9.899  ┆ 9.899  ┆ 9.877   ┆ 9.899  ┆ 9.722  ┆ 11.111 ┆ 9.899  │
│ Melissa  ┆ 9.899  ┆ 9.899  ┆ 9.722   ┆ 10.000 ┆ 9.899  ┆ 9.899  ┆ 9.877   ┆ 9.899  ┆ 9.899  ┆ 11.111 ┆ 9.899  │
│ Michelle ┆ 9.877  ┆ 9.877  ┆ 9.877   ┆ 10.000 ┆ 9.877  ┆ 9.877  ┆ 9.877   ┆ 9.877  ┆ 9.877  ┆ 11.111 ┆ 9.877  │
│ Nadine   ┆ 9.899  ┆ 9.899  ┆ 9.899   ┆ 10.000 ┆ 9.722  ┆ 9.899  ┆ 9.877   ┆ 9.899  ┆ 9.899  ┆ 11.111 ┆ 9.899  │
│ Sabrina  ┆ 9.722  ┆ 9.899  ┆ 9.899   ┆ 10.000 ┆ 9.899  ┆ 9.899  ┆ 9.877   ┆ 9.899  ┆ 9.899  ┆ 11.111 ┆ 9.899  │
╰──────────┴────────┴────────┴─────────┴────────┴────────┴────────┴─────────┴────────┴────────┴────────┴────────╯
12014640 left -> 23.518290085214005 bits left

0 MB#2.0 E04
Melissa -> Dominic
-> I = 0.14755718841385784
╭──────────┬────────┬────────┬─────────┬────────┬────────┬────────┬─────────┬────────┬────────┬────────┬────────╮
│          ┆  Aleks ┆  Axel  ┆ Dominic ┆  Edin  ┆ Elisha ┆ Ferhat ┆ Juliano ┆  Kevin ┆ Laurin ┆   Mo   ┆  Rene  │
╞══════════╪════════╪════════╪═════════╪════════╪════════╪════════╪═════════╪════════╪════════╪════════╪════════╡
│ Aline    ┆ 9.650  ┆ 9.650  ┆ 10.965  ┆ 10.000 ┆ 9.650  ┆ 9.650  ┆ 9.597   ┆ 10.769 ┆ 9.650  ┆ 10.769 ┆ 9.650  │
│ Ivana    ┆ 10.769 ┆ 10.769 ┆ 12.308  ┆ 10.000 ┆ 10.769 ┆ 10.769 ┆ 12.308  ┆ 10.769 ┆ 10.769 ┆[38;5;9m 0.000  [39m┆ 10.769 │
│ Kathi    ┆ 9.650  ┆ 9.650  ┆ 10.965  ┆ 10.000 ┆ 9.650  ┆ 9.650  ┆ 9.597   ┆ 9.650  ┆ 9.650  ┆ 10.769 ┆ 10.769 │
│ Laura    ┆ 9.650  ┆ 9.650  ┆ 10.965  ┆ 10.000 ┆ 9.650  ┆ 10.769 ┆ 9.597   ┆ 9.650  ┆ 9.650  ┆ 10.769 ┆ 9.650  │
│ Luisa    ┆ 9.650  ┆ 10.769 ┆ 10.965  ┆ 10.000 ┆ 9.650  ┆ 9.650  ┆ 9.597   ┆ 9.650  ┆ 9.650  ┆ 10.769 ┆ 9.650  │
│ Madleine ┆ 9.650  ┆ 9.650  ┆ 10.965  ┆ 10.000 ┆ 9.650  ┆ 9.650  ┆ 9.597   ┆ 9.650  ┆ 10.769 ┆ 10.769 ┆ 9.650  │
│ Melissa  ┆ 10.965 ┆ 10.965 ┆[38;5;9m 0.000   [39m┆ 10.000 ┆ 10.965 ┆ 10.965 ┆ 10.940  ┆ 10.965 ┆ 10.965 ┆ 12.308 ┆ 10.965 │
│ Michelle ┆ 9.597  ┆ 9.597  ┆ 10.940  ┆ 10.000 ┆ 9.597  ┆ 9.597  ┆ 9.573   ┆ 9.597  ┆ 9.597  ┆ 12.308 ┆ 9.597  │
│ Nadine   ┆ 9.650  ┆ 9.650  ┆ 10.965  ┆ 10.000 ┆ 10.769 ┆ 9.650  ┆ 9.597   ┆ 9.650  ┆ 9.650  ┆ 10.769 ┆ 9.650  │
│ Sabrina  ┆ 10.769 ┆ 9.650  ┆ 10.965  ┆ 10.000 ┆ 9.650  ┆ 9.650  ┆ 9.597   ┆ 9.650  ┆ 9.650  ┆ 10.769 ┆ 9.650  │
╰──────────┴────────┴────────┴─────────┴────────┴────────┴────────┴─────────┴────────┴────────┴────────┴────────╯
10846550 left -> 23.37073289680015 bits left

2 MN#2.0 E04
Madleine -> Axel
Michelle -> Mo
Sabrina -> Dominic
Luisa -> Rene
Nadine -> Aleks
Ivana -> Elisha
Melissa -> Laurin
Laura -> Juliano
Kathi -> Kevin
Aline -> Ferhat
-> I = 2.4181608390932303
╭──────────┬────────┬────────┬─────────┬────────┬────────┬────────┬─────────┬────────┬────────┬────────┬────────╮
│          ┆  Aleks ┆  Axel  ┆ Dominic ┆  Edin  ┆ Elisha ┆ Ferhat ┆ Juliano ┆  Kevin ┆ Laurin ┆   Mo   ┆  Rene  │
╞══════════╪════════╪════════╪═════════╪════════╪════════╪════════╪═════════╪════════╪════════╪════════╪════════╡
│ Aline    ┆ 8.855  ┆ 8.870  ┆ 9.743   ┆ 10.000 ┆ 8.738  ┆ 18.747 ┆ 8.814   ┆ 9.370  ┆ 8.653  ┆ 9.369  ┆ 8.843  │
│ Ivana    ┆ 9.619  ┆ 9.670  ┆ 10.678  ┆ 10.000 ┆ 20.961 ┆ 9.634  ┆ 10.671  ┆ 9.674  ┆ 9.412  ┆[38;5;9m 0.000  [39m┆ 9.681  │
│ Kathi    ┆ 8.843  ┆ 8.837  ┆ 9.749   ┆ 10.000 ┆ 8.741  ┆ 8.870  ┆ 8.830   ┆ 18.745 ┆ 8.646  ┆ 9.370  ┆ 9.370  │
│ Laura    ┆ 8.869  ┆ 8.889  ┆ 9.765   ┆ 10.000 ┆ 8.731  ┆ 9.336  ┆ 18.635  ┆ 8.855  ┆ 8.660  ┆ 9.372  ┆ 8.888  │
│ Luisa    ┆ 8.851  ┆ 9.369  ┆ 9.747   ┆ 10.000 ┆ 8.732  ┆ 8.881  ┆ 8.830   ┆ 8.858  ┆ 8.619  ┆ 9.370  ┆ 18.744 │
│ Madleine ┆ 8.812  ┆ 18.733 ┆ 9.715   ┆ 10.000 ┆ 8.703  ┆ 8.858  ┆ 8.796   ┆ 8.846  ┆ 9.372  ┆ 9.336  ┆ 8.830  │
│ Melissa  ┆ 9.723  ┆ 9.736  ┆[38;5;9m 0.000   [39m┆ 10.000 ┆ 9.558  ┆ 9.752  ┆ 9.715   ┆ 9.751  ┆ 21.348 ┆ 10.671 ┆ 9.746  │
│ Michelle ┆ 8.334  ┆ 8.362  ┆ 9.505   ┆ 10.000 ┆ 8.220  ┆ 8.362  ┆ 8.323   ┆ 8.359  ┆ 8.170  ┆ 24.006 ┆ 8.358  │
│ Nadine   ┆ 18.729 ┆ 8.887  ┆ 9.748   ┆ 10.000 ┆ 9.143  ┆ 8.894  ┆ 8.791   ┆ 8.893  ┆ 8.667  ┆ 9.364  ┆ 8.884  │
│ Sabrina  ┆ 9.364  ┆ 8.647  ┆ 21.351  ┆ 10.000 ┆ 8.472  ┆ 8.666  ┆ 8.597   ┆ 8.650  ┆ 8.453  ┆ 9.143  ┆ 8.656  │
╰──────────┴────────┴────────┴─────────┴────────┴────────┴────────┴─────────┴────────┴────────┴────────┴────────╯
2029330 left -> 20.952572057706917 bits left

1 MB#3.0 E06
Aline -> Mo
-> I = 3.5680243699622696
╭──────────┬────────┬────────┬─────────┬────────┬────────┬────────┬─────────┬────────┬────────┬─────────┬────────╮
│          ┆  Aleks ┆  Axel  ┆ Dominic ┆  Edin  ┆ Elisha ┆ Ferhat ┆ Juliano ┆  Kevin ┆ Laurin ┆    Mo   ┆  Rene  │
╞══════════╪════════╪════════╪═════════╪════════╪════════╪════════╪═════════╪════════╪════════╪═════════╪════════╡
│ Aline    ┆[38;5;9m 0.000  [39m┆[38;5;9m 0.000  [39m┆[38;5;9m 0.000   [39m┆[38;5;9m 0.000  [39m┆[38;5;9m 0.000  [39m┆[38;5;9m 0.000  [39m┆[38;5;9m 0.000   [39m┆[38;5;9m 0.000  [39m┆[38;5;9m 0.000  [39m┆[38;5;10m 100.000 [39m┆[38;5;9m 0.000  [39m│
│ Ivana    ┆ 8.410  ┆ 8.547  ┆ 9.931   ┆ 11.111 ┆ 23.648 ┆ 9.962  ┆ 13.944  ┆ 9.036  ┆ 8.074  ┆[38;5;9m 0.000   [39m┆ 8.447  │
│ Kathi    ┆ 8.321  ┆ 8.290  ┆ 9.825   ┆ 11.111 ┆ 8.374  ┆ 9.920  ┆ 8.316   ┆ 24.853 ┆ 7.858  ┆[38;5;9m 0.000   [39m┆ 14.244 │
│ Laura    ┆ 8.300  ┆ 8.353  ┆ 9.857   ┆ 11.111 ┆ 8.337  ┆ 16.305 ┆ 23.753  ┆ 8.942  ┆ 7.863  ┆[38;5;9m 0.000   [39m┆ 8.290  │
│ Luisa    ┆ 8.510  ┆ 13.886 ┆ 9.894   ┆ 11.111 ┆ 8.574  ┆ 10.031 ┆ 8.495   ┆ 9.015  ┆ 7.932  ┆[38;5;9m 0.000   [39m┆ 23.664 │
│ Madleine ┆ 8.410  ┆ 23.638 ┆ 9.831   ┆ 11.111 ┆ 8.521  ┆ 9.957  ┆ 8.442   ┆ 8.989  ┆ 13.881 ┆[38;5;9m 0.000   [39m┆ 8.332  │
│ Melissa  ┆ 9.831  ┆ 9.899  ┆[38;5;9m 0.000   [39m┆ 11.111 ┆ 9.894  ┆ 11.903 ┆ 9.862   ┆ 10.378 ┆ 28.361 ┆[38;5;9m 0.000   [39m┆ 9.873  │
│ Michelle ┆ 10.693 ┆ 10.798 ┆ 12.345  ┆ 11.111 ┆ 10.788 ┆ 12.255 ┆ 10.756  ┆ 11.193 ┆ 10.430 ┆[38;5;9m 0.000   [39m┆ 10.741 │
│ Nadine   ┆ 23.659 ┆ 8.579  ┆ 9.894   ┆ 11.111 ┆ 13.875 ┆ 10.025 ┆ 8.416   ┆ 9.026  ┆ 8.063  ┆[38;5;9m 0.000   [39m┆ 8.463  │
│ Sabrina  ┆ 13.865 ┆ 8.011  ┆ 28.424  ┆ 11.111 ┆ 7.990  ┆ 9.641  ┆ 8.016   ┆ 8.568  ┆ 7.537  ┆[38;5;9m 0.000   [39m┆ 7.948  │
╰──────────┴────────┴────────┴─────────┴────────┴────────┴────────┴─────────┴────────┴────────┴─────────┴────────╯
171108 left -> 17.384547687744647 bits left

3 MN#3.0 E06
Ivana -> Elisha
Nadine -> Aleks
Kathi -> Kevin
Luisa -> Rene
Melissa -> Laurin
Laura -> Juliano
Aline -> Mo
Michelle -> Ferhat
Sabrina -> Dominic
Madleine -> Axel
-> I = 0.1886180433233922
╭──────────┬────────┬────────┬─────────┬────────┬────────┬────────┬─────────┬────────┬────────┬─────────┬────────╮
│          ┆  Aleks ┆  Axel  ┆ Dominic ┆  Edin  ┆ Elisha ┆ Ferhat ┆ Juliano ┆  Kevin ┆ Laurin ┆    Mo   ┆  Rene  │
╞══════════╪════════╪════════╪═════════╪════════╪════════╪════════╪═════════╪════════╪════════╪═════════╪════════╡
│ Aline    ┆[38;5;9m 0.000  [39m┆[38;5;9m 0.000  [39m┆[38;5;9m 0.000   [39m┆[38;5;9m 0.000  [39m┆[38;5;9m 0.000  [39m┆[38;5;9m 0.000  [39m┆[38;5;9m 0.000   [39m┆[38;5;9m 0.000  [39m┆[38;5;9m 0.000  [39m┆[38;5;10m 100.000 [39m┆[38;5;9m 0.000  [39m│
│ Ivana    ┆ 8.278  ┆ 8.380  ┆ 9.657   ┆ 11.111 ┆ 23.708 ┆ 11.354 ┆ 13.524  ┆ 8.860  ┆ 7.919  ┆[38;5;9m 0.000   [39m┆ 8.320  │
│ Kathi    ┆ 8.141  ┆ 8.123  ┆ 9.585   ┆ 11.111 ┆ 8.212  ┆ 11.306 ┆ 8.182   ┆ 24.871 ┆ 7.715  ┆[38;5;9m 0.000   [39m┆ 13.865 │
│ Laura    ┆ 7.997  ┆ 8.081  ┆ 9.447   ┆ 11.111 ┆ 8.045  ┆ 18.583 ┆ 23.618  ┆ 8.668  ┆ 7.553  ┆[38;5;9m 0.000   [39m┆ 8.009  │
│ Luisa    ┆ 8.338  ┆ 13.518 ┆ 9.657   ┆ 11.111 ┆ 8.380  ┆ 11.431 ┆ 8.350   ┆ 8.818  ┆ 7.781  ┆[38;5;9m 0.000   [39m┆ 23.726 │
│ Madleine ┆ 8.254  ┆ 23.696 ┆ 9.591   ┆ 11.111 ┆ 8.350  ┆ 11.348 ┆ 8.278   ┆ 8.782  ┆ 13.512 ┆[38;5;9m 0.000   [39m┆ 8.188  │
│ Melissa  ┆ 9.591  ┆ 9.633  ┆[38;5;9m 0.000   [39m┆ 11.111 ┆ 9.657  ┆ 13.566 ┆ 9.627   ┆ 10.041 ┆ 28.294 ┆[38;5;9m 0.000   [39m┆ 9.591  │
│ Michelle ┆ 12.187 ┆ 12.307 ┆ 14.069  ┆ 11.111 ┆ 12.295 ┆[38;5;9m 0.000  [39m┆ 12.259  ┆ 12.756 ┆ 11.887 ┆[38;5;9m 0.000   [39m┆ 12.241 │
│ Nadine   ┆ 23.720 ┆ 8.398  ┆ 9.627   ┆ 11.111 ┆ 13.506 ┆ 11.425 ┆ 8.266   ┆ 8.848  ┆ 7.925  ┆[38;5;9m 0.000   [39m┆ 8.284  │
│ Sabrina  ┆ 13.494 ┆ 7.865  ┆ 28.366  ┆ 11.111 ┆ 7.847  ┆ 10.988 ┆ 7.895   ┆ 8.356  ┆ 7.415  ┆[38;5;9m 0.000   [39m┆ 7.775  │
╰──────────┴────────┴────────┴─────────┴────────┴────────┴────────┴─────────┴────────┴────────┴─────────┴────────╯
150138 left -> 17.195929644421255 bits left

1 MB#4.0 E08
Melissa -> Laurin
-> I = 1.9913585001720526
╭──────────┬────────┬────────┬─────────┬────────┬────────┬────────┬─────────┬────────┬─────────┬─────────┬────────╮
│          ┆  Aleks ┆  Axel  ┆ Dominic ┆  Edin  ┆ Elisha ┆ Ferhat ┆ Juliano ┆  Kevin ┆  Laurin ┆    Mo   ┆  Rene  │
╞══════════╪════════╪════════╪═════════╪════════╪════════╪════════╪═════════╪════════╪═════════╪═════════╪════════╡
│ Aline    ┆[38;5;9m 0.000  [39m┆[38;5;9m 0.000  [39m┆[38;5;9m 0.000   [39m┆[38;5;9m 0.000  [39m┆[38;5;9m 0.000  [39m┆[38;5;9m 0.000  [39m┆[38;5;9m 0.000   [39m┆[38;5;9m 0.000  [39m┆[38;5;9m 0.000   [39m┆[38;5;10m 100.000 [39m┆[38;5;9m 0.000  [39m│
│ Ivana    ┆ 10.932 ┆ 11.017 ┆ 11.801  ┆ 12.500 ┆ 13.941 ┆ 13.369 ┆ 16.186  ┆ 11.737 ┆[38;5;9m 0.000   [39m┆[38;5;9m 0.000   [39m┆ 11.017 │
│ Kathi    ┆ 11.038 ┆ 11.017 ┆ 11.780  ┆ 12.500 ┆ 11.017 ┆ 13.305 ┆ 11.038  ┆ 14.555 ┆[38;5;9m 0.000   [39m┆[38;5;9m 0.000   [39m┆ 16.250 │
│ Laura    ┆ 10.847 ┆ 10.847 ┆ 11.780  ┆ 12.500 ┆ 10.847 ┆ 19.068 ┆ 14.068  ┆ 11.780 ┆[38;5;9m 0.000   [39m┆[38;5;9m 0.000   [39m┆ 10.763 │
│ Luisa    ┆ 10.953 ┆ 16.250 ┆ 11.674  ┆ 12.500 ┆ 11.081 ┆ 13.199 ┆ 10.869  ┆ 11.737 ┆[38;5;9m 0.000   [39m┆[38;5;9m 0.000   [39m┆ 14.237 │
│ Madleine ┆ 11.822 ┆ 14.555 ┆ 12.097  ┆ 12.500 ┆ 11.758 ┆ 14.131 ┆ 11.737  ┆ 12.161 ┆[38;5;9m 0.000   [39m┆[38;5;9m 0.000   [39m┆ 11.737 │
│ Melissa  ┆[38;5;9m 0.000  [39m┆[38;5;9m 0.000  [39m┆[38;5;9m 0.000   [39m┆[38;5;9m 0.000  [39m┆[38;5;9m 0.000  [39m┆[38;5;9m 0.000  [39m┆[38;5;9m 0.000   [39m┆[38;5;9m 0.000  [39m┆[38;5;10m 100.000 [39m┆[38;5;9m 0.000   [39m┆[38;5;9m 0.000  [39m│
│ Michelle ┆ 14.174 ┆ 14.237 ┆ 14.492  ┆ 12.500 ┆ 14.216 ┆[38;5;9m 0.000  [39m┆ 14.195  ┆ 14.555 ┆[38;5;9m 0.000   [39m┆[38;5;9m 0.000   [39m┆ 14.131 │
│ Nadine   ┆ 14.068 ┆ 11.102 ┆ 11.801  ┆ 12.500 ┆ 16.081 ┆ 13.369 ┆ 10.869  ┆ 11.737 ┆[38;5;9m 0.000   [39m┆[38;5;9m 0.000   [39m┆ 10.975 │
│ Sabrina  ┆ 16.165 ┆ 10.975 ┆ 14.576  ┆ 12.500 ┆ 11.059 ┆ 13.559 ┆ 11.038  ┆ 11.737 ┆[38;5;9m 0.000   [39m┆[38;5;9m 0.000   [39m┆ 10.890 │
╰──────────┴────────┴────────┴─────────┴────────┴────────┴────────┴─────────┴────────┴─────────┴─────────┴────────╯
37760 left -> 15.204571144249204 bits left

2 MN#4.0 E08 -- Blackout
Ivana -> Axel
Nadine -> Dominic
Luisa -> Rene
Kathi -> Juliano
Melissa -> Laurin
Laura -> Kevin
Sabrina -> Aleks
Aline -> Mo
Madleine -> Ferhat
Michelle -> Elisha
-> I = 1.4766506896860045
╭──────────┬────────┬────────┬─────────┬────────┬────────┬────────┬─────────┬────────┬─────────┬─────────┬────────╮
│          ┆  Aleks ┆  Axel  ┆ Dominic ┆  Edin  ┆ Elisha ┆ Ferhat ┆ Juliano ┆  Kevin ┆  Laurin ┆    Mo   ┆  Rene  │
╞══════════╪════════╪════════╪═════════╪════════╪════════╪════════╪═════════╪════════╪═════════╪═════════╪════════╡
│ Aline    ┆[38;5;9m 0.000  [39m┆[38;5;9m 0.000  [39m┆[38;5;9m 0.000   [39m┆[38;5;9m 0.000  [39m┆[38;5;9m 0.000  [39m┆[38;5;9m 0.000  [39m┆[38;5;9m 0.000   [39m┆[38;5;9m 0.000  [39m┆[38;5;9m 0.000   [39m┆[38;5;10m 100.000 [39m┆[38;5;9m 0.000  [39m│
│ Ivana    ┆ 12.854 ┆[38;5;9m 0.000  [39m┆ 12.854  ┆ 12.500 ┆ 15.566 ┆ 14.858 ┆ 18.632  ┆ 12.736 ┆[38;5;9m 0.000   [39m┆[38;5;9m 0.000   [39m┆ 12.500 │
│ Kathi    ┆ 12.618 ┆ 11.439 ┆ 12.441  ┆ 12.500 ┆ 11.675 ┆ 14.741 ┆[38;5;9m 0.000   [39m┆ 17.217 ┆[38;5;9m 0.000   [39m┆[38;5;9m 0.000   [39m┆ 19.870 │
│ Laura    ┆ 12.795 ┆ 11.321 ┆ 12.736  ┆ 12.500 ┆ 12.854 ┆ 22.936 ┆ 15.330  ┆[38;5;9m 0.000  [39m┆[38;5;9m 0.000   [39m┆[38;5;9m 0.000   [39m┆ 12.028 │
│ Luisa    ┆ 13.384 ┆ 19.575 ┆ 13.502  ┆ 12.500 ┆ 13.090 ┆ 15.035 ┆ 12.146  ┆ 13.267 ┆[38;5;9m 0.000   [39m┆[38;5;9m 0.000   [39m┆[38;5;9m 0.000  [39m│
│ Madleine ┆ 13.738 ┆ 16.981 ┆ 13.915  ┆ 12.500 ┆ 14.033 ┆[38;5;9m 0.000  [39m┆ 13.384  ┆ 13.915 ┆[38;5;9m 0.000   [39m┆[38;5;9m 0.000   [39m┆ 14.033 │
│ Melissa  ┆[38;5;9m 0.000  [39m┆[38;5;9m 0.000  [39m┆[38;5;9m 0.000   [39m┆[38;5;9m 0.000  [39m┆[38;5;9m 0.000  [39m┆[38;5;9m 0.000  [39m┆[38;5;9m 0.000   [39m┆[38;5;9m 0.000  [39m┆[38;5;10m 100.000 [39m┆[38;5;9m 0.000   [39m┆[38;5;9m 0.000  [39m│
│ Michelle ┆ 17.040 ┆ 16.627 ┆ 17.217  ┆ 12.500 ┆[38;5;9m 0.000  [39m┆[38;5;9m 0.000  [39m┆ 15.979  ┆ 16.922 ┆[38;5;9m 0.000   [39m┆[38;5;9m 0.000   [39m┆ 16.215 │
│ Nadine   ┆ 17.571 ┆ 11.085 ┆[38;5;9m 0.000   [39m┆ 12.500 ┆ 18.986 ┆ 15.861 ┆ 11.616  ┆ 12.795 ┆[38;5;9m 0.000   [39m┆[38;5;9m 0.000   [39m┆ 12.087 │
│ Sabrina  ┆[38;5;9m 0.000  [39m┆ 12.972 ┆ 17.335  ┆ 12.500 ┆ 13.797 ┆ 16.568 ┆ 12.913  ┆ 13.149 ┆[38;5;9m 0.000   [39m┆[38;5;9m 0.000   [39m┆ 13.267 │
╰──────────┴────────┴────────┴─────────┴────────┴────────┴────────┴─────────┴────────┴─────────┴─────────┴────────╯
13568 left -> 13.727920454563199 bits left

0 MB#5.0 E10
Ivana -> Elisha
-> I = 0.24410467729894278
╭──────────┬────────┬────────┬─────────┬────────┬────────┬────────┬─────────┬────────┬─────────┬─────────┬────────╮
│          ┆  Aleks ┆  Axel  ┆ Dominic ┆  Edin  ┆ Elisha ┆ Ferhat ┆ Juliano ┆  Kevin ┆  Laurin ┆    Mo   ┆  Rene  │
╞══════════╪════════╪════════╪═════════╪════════╪════════╪════════╪═════════╪════════╪═════════╪═════════╪════════╡
│ Aline    ┆[38;5;9m 0.000  [39m┆[38;5;9m 0.000  [39m┆[38;5;9m 0.000   [39m┆[38;5;9m 0.000  [39m┆[38;5;9m 0.000  [39m┆[38;5;9m 0.000  [39m┆[38;5;9m 0.000   [39m┆[38;5;9m 0.000  [39m┆[38;5;9m 0.000   [39m┆[38;5;10m 100.000 [39m┆[38;5;9m 0.000  [39m│
│ Ivana    ┆ 15.223 ┆[38;5;9m 0.000  [39m┆ 15.223  ┆ 12.500 ┆[38;5;9m 0.000  [39m┆ 17.598 ┆ 22.067  ┆ 15.084 ┆[38;5;9m 0.000   [39m┆[38;5;9m 0.000   [39m┆ 14.804 │
│ Kathi    ┆ 10.894 ┆ 11.313 ┆ 10.684  ┆ 12.500 ┆ 13.827 ┆ 15.503 ┆[38;5;9m 0.000   [39m┆ 20.391 ┆[38;5;9m 0.000   [39m┆[38;5;9m 0.000   [39m┆ 17.388 │
│ Laura    ┆ 11.383 ┆ 11.453 ┆ 11.313  ┆ 12.500 ┆ 15.223 ┆ 19.623 ┆ 18.156  ┆[38;5;9m 0.000  [39m┆[38;5;9m 0.000   [39m┆[38;5;9m 0.000   [39m┆ 12.849 │
│ Luisa    ┆ 12.640 ┆ 18.436 ┆ 12.779  ┆ 12.500 ┆ 15.503 ┆ 16.131 ┆ 11.592  ┆ 12.919 ┆[38;5;9m 0.000   [39m┆[38;5;9m 0.000   [39m┆[38;5;9m 0.000  [39m│
│ Madleine ┆ 12.221 ┆ 20.112 ┆ 12.430  ┆ 12.500 ┆ 16.620 ┆[38;5;9m 0.000  [39m┆ 11.941  ┆ 12.570 ┆[38;5;9m 0.000   [39m┆[38;5;9m 0.000   [39m┆ 14.106 │
│ Melissa  ┆[38;5;9m 0.000  [39m┆[38;5;9m 0.000  [39m┆[38;5;9m 0.000   [39m┆[38;5;9m 0.000  [39m┆[38;5;9m 0.000  [39m┆[38;5;9m 0.000  [39m┆[38;5;9m 0.000   [39m┆[38;5;9m 0.000  [39m┆[38;5;10m 100.000 [39m┆[38;5;9m 0.000   [39m┆[38;5;9m 0.000  [39m│
│ Michelle ┆ 16.830 ┆ 16.899 ┆ 17.039  ┆ 12.500 ┆[38;5;9m 0.000  [39m┆[38;5;9m 0.000  [39m┆ 15.573  ┆ 16.690 ┆[38;5;9m 0.000   [39m┆[38;5;9m 0.000   [39m┆ 16.969 │
│ Nadine   ┆ 20.810 ┆ 9.777  ┆[38;5;9m 0.000   [39m┆ 12.500 ┆ 22.486 ┆ 15.154 ┆ 9.567   ┆ 10.964 ┆[38;5;9m 0.000   [39m┆[38;5;9m 0.000   [39m┆ 11.243 │
│ Sabrina  ┆[38;5;9m 0.000  [39m┆ 12.011 ┆ 20.531  ┆ 12.500 ┆ 16.341 ┆ 15.992 ┆ 11.103  ┆ 11.383 ┆[38;5;9m 0.000   [39m┆[38;5;9m 0.000   [39m┆ 12.640 │
╰──────────┴────────┴────────┴─────────┴────────┴────────┴────────┴─────────┴────────┴─────────┴─────────┴────────╯
11456 left -> 13.483815777264256 bits left

5 MN#5.0 E10
Laura -> Juliano
Sabrina -> Elisha
Aline -> Mo
Ivana -> Dominic
Nadine -> Rene
Melissa -> Laurin
Michelle -> Axel
Kathi -> Kevin
Luisa -> Ferhat
Madleine -> Aleks
-> I = 3.313890775821944
╭──────────┬────────┬────────┬─────────┬────────┬────────┬────────┬─────────┬────────┬─────────┬─────────┬────────╮
│          ┆  Aleks ┆  Axel  ┆ Dominic ┆  Edin  ┆ Elisha ┆ Ferhat ┆ Juliano ┆  Kevin ┆  Laurin ┆    Mo   ┆  Rene  │
╞══════════╪════════╪════════╪═════════╪════════╪════════╪════════╪═════════╪════════╪═════════╪═════════╪════════╡
│ Aline    ┆[38;5;9m 0.000  [39m┆[38;5;9m 0.000  [39m┆[38;5;9m 0.000   [39m┆[38;5;9m 0.000  [39m┆[38;5;9m 0.000  [39m┆[38;5;9m 0.000  [39m┆[38;5;9m 0.000   [39m┆[38;5;9m 0.000  [39m┆[38;5;9m 0.000   [39m┆[38;5;10m 100.000 [39m┆[38;5;9m 0.000  [39m│
│ Ivana    ┆ 9.722  ┆[38;5;9m 0.000  [39m┆ 40.278  ┆ 12.500 ┆[38;5;9m 0.000  [39m┆ 11.806 ┆ 19.444  ┆ 8.333  ┆[38;5;9m 0.000   [39m┆[38;5;9m 0.000   [39m┆ 10.417 │
│ Kathi    ┆ 9.722  ┆ 4.167  ┆ 8.333   ┆ 12.500 ┆ 6.944  ┆ 8.333  ┆[38;5;9m 0.000   [39m┆ 46.528 ┆[38;5;9m 0.000   [39m┆[38;5;9m 0.000   [39m┆ 15.972 │
│ Laura    ┆ 13.194 ┆ 6.250  ┆ 10.417  ┆ 12.500 ┆ 10.417 ┆ 13.194 ┆ 39.583  ┆[38;5;9m 0.000  [39m┆[38;5;9m 0.000   [39m┆[38;5;9m 0.000   [39m┆ 6.944  │
│ Luisa    ┆ 11.111 ┆ 25.000 ┆ 8.333   ┆ 12.500 ┆ 6.944  ┆ 36.111 ┆ 6.250   ┆ 6.250  ┆[38;5;9m 0.000   [39m┆[38;5;9m 0.000   [39m┆[38;5;9m 0.000  [39m│
│ Madleine ┆ 36.111 ┆ 4.167  ┆ 14.583  ┆ 12.500 ┆ 10.417 ┆[38;5;9m 0.000  [39m┆ 10.417  ┆ 11.111 ┆[38;5;9m 0.000   [39m┆[38;5;9m 0.000   [39m┆ 13.194 │
│ Melissa  ┆[38;5;9m 0.000  [39m┆[38;5;9m 0.000  [39m┆[38;5;9m 0.000   [39m┆[38;5;9m 0.000  [39m┆[38;5;9m 0.000  [39m┆[38;5;9m 0.000  [39m┆[38;5;9m 0.000   [39m┆[38;5;9m 0.000  [39m┆[38;5;10m 100.000 [39m┆[38;5;9m 0.000   [39m┆[38;5;9m 0.000  [39m│
│ Michelle ┆ 15.972 ┆ 34.722 ┆ 12.500  ┆ 12.500 ┆[38;5;9m 0.000  [39m┆[38;5;9m 0.000  [39m┆ 9.722   ┆ 13.194 ┆[38;5;9m 0.000   [39m┆[38;5;9m 0.000   [39m┆ 13.889 │
│ Nadine   ┆ 4.167  ┆ 13.194 ┆[38;5;9m 0.000   [39m┆ 12.500 ┆ 26.389 ┆ 15.972 ┆ 6.250   ┆ 6.250  ┆[38;5;9m 0.000   [39m┆[38;5;9m 0.000   [39m┆ 27.778 │
│ Sabrina  ┆[38;5;9m 0.000  [39m┆ 12.500 ┆ 5.556   ┆ 12.500 ┆ 38.889 ┆ 14.583 ┆ 8.333   ┆ 8.333  ┆[38;5;9m 0.000   [39m┆[38;5;9m 0.000   [39m┆ 11.806 │
╰──────────┴────────┴────────┴─────────┴────────┴────────┴────────┴─────────┴────────┴─────────┴─────────┴────────╯
1152 left -> 10.169925001442312 bits left

1 MB#6.0 E12
Michelle -> Rene
-> I = 3.040641984497346
╭──────────┬────────┬────────┬─────────┬────────┬────────┬────────┬─────────┬────────┬─────────┬─────────┬─────────╮
│          ┆  Aleks ┆  Axel  ┆ Dominic ┆  Edin  ┆ Elisha ┆ Ferhat ┆ Juliano ┆  Kevin ┆  Laurin ┆    Mo   ┆   Rene  │
╞══════════╪════════╪════════╪═════════╪════════╪════════╪════════╪═════════╪════════╪═════════╪═════════╪═════════╡
│ Aline    ┆[38;5;9m 0.000  [39m┆[38;5;9m 0.000  [39m┆[38;5;9m 0.000   [39m┆[38;5;9m 0.000  [39m┆[38;5;9m 0.000  [39m┆[38;5;9m 0.000  [39m┆[38;5;9m 0.000   [39m┆[38;5;9m 0.000  [39m┆[38;5;9m 0.000   [39m┆[38;5;10m 100.000 [39m┆[38;5;9m 0.000   [39m│
│ Ivana    ┆[38;5;9m 0.000  [39m┆[38;5;9m 0.000  [39m┆ 70.000  ┆ 14.286 ┆[38;5;9m 0.000  [39m┆ 10.000 ┆ 10.000  ┆ 10.000 ┆[38;5;9m 0.000   [39m┆[38;5;9m 0.000   [39m┆[38;5;9m 0.000   [39m│
│ Kathi    ┆ 10.000 ┆ 5.000  ┆ 15.000  ┆ 14.286 ┆ 10.000 ┆ 5.000  ┆[38;5;9m 0.000   [39m┆ 55.000 ┆[38;5;9m 0.000   [39m┆[38;5;9m 0.000   [39m┆[38;5;9m 0.000   [39m│
│ Laura    ┆ 15.000 ┆ 10.000 ┆ 5.000   ┆ 14.286 ┆ 10.000 ┆ 15.000 ┆ 45.000  ┆[38;5;9m 0.000  [39m┆[38;5;9m 0.000   [39m┆[38;5;9m 0.000   [39m┆[38;5;9m 0.000   [39m│
│ Luisa    ┆ 5.000  ┆ 45.000 ┆ 5.000   ┆ 14.286 ┆ 10.000 ┆ 20.000 ┆ 5.000   ┆ 10.000 ┆[38;5;9m 0.000   [39m┆[38;5;9m 0.000   [39m┆[38;5;9m 0.000   [39m│
│ Madleine ┆ 70.000 ┆[38;5;9m 0.000  [39m┆ 5.000   ┆ 14.286 ┆[38;5;9m 0.000  [39m┆[38;5;9m 0.000  [39m┆ 15.000  ┆ 10.000 ┆[38;5;9m 0.000   [39m┆[38;5;9m 0.000   [39m┆[38;5;9m 0.000   [39m│
│ Melissa  ┆[38;5;9m 0.000  [39m┆[38;5;9m 0.000  [39m┆[38;5;9m 0.000   [39m┆[38;5;9m 0.000  [39m┆[38;5;9m 0.000  [39m┆[38;5;9m 0.000  [39m┆[38;5;9m 0.000   [39m┆[38;5;9m 0.000  [39m┆[38;5;10m 100.000 [39m┆[38;5;9m 0.000   [39m┆[38;5;9m 0.000   [39m│
│ Michelle ┆[38;5;9m 0.000  [39m┆[38;5;9m 0.000  [39m┆[38;5;9m 0.000   [39m┆[38;5;9m 0.000  [39m┆[38;5;9m 0.000  [39m┆[38;5;9m 0.000  [39m┆[38;5;9m 0.000   [39m┆[38;5;9m 0.000  [39m┆[38;5;9m 0.000   [39m┆[38;5;9m 0.000   [39m┆[38;5;10m 100.000 [39m│
│ Nadine   ┆[38;5;9m 0.000  [39m┆ 15.000 ┆[38;5;9m 0.000   [39m┆ 14.286 ┆ 30.000 ┆ 30.000 ┆ 15.000  ┆ 10.000 ┆[38;5;9m 0.000   [39m┆[38;5;9m 0.000   [39m┆[38;5;9m 0.000   [39m│
│ Sabrina  ┆[38;5;9m 0.000  [39m┆ 25.000 ┆[38;5;9m 0.000   [39m┆ 14.286 ┆ 40.000 ┆ 20.000 ┆ 10.000  ┆ 5.000  ┆[38;5;9m 0.000   [39m┆[38;5;9m 0.000   [39m┆[38;5;9m 0.000   [39m│
╰──────────┴────────┴────────┴─────────┴────────┴────────┴────────┴─────────┴────────┴─────────┴─────────┴─────────╯
140 left -> 7.129283016944966 bits left

5 MN#6.0 E12
Madleine -> Aleks
Melissa -> Laurin
Aline -> Mo
Laura -> Edin
Luisa -> Axel
Kathi -> Kevin
Ivana -> Juliano
Sabrina -> Dominic
Michelle -> Rene
Nadine -> Elisha
-> I = 0.9004643264490856
╭──────────┬────────┬────────┬─────────┬────────┬────────┬────────┬─────────┬────────┬─────────┬─────────┬─────────╮
│          ┆  Aleks ┆  Axel  ┆ Dominic ┆  Edin  ┆ Elisha ┆ Ferhat ┆ Juliano ┆  Kevin ┆  Laurin ┆    Mo   ┆   Rene  │
╞══════════╪════════╪════════╪═════════╪════════╪════════╪════════╪═════════╪════════╪═════════╪═════════╪═════════╡
│ Aline    ┆[38;5;9m 0.000  [39m┆[38;5;9m 0.000  [39m┆[38;5;9m 0.000   [39m┆[38;5;9m 0.000  [39m┆[38;5;9m 0.000  [39m┆[38;5;9m 0.000  [39m┆[38;5;9m 0.000   [39m┆[38;5;9m 0.000  [39m┆[38;5;9m 0.000   [39m┆[38;5;10m 100.000 [39m┆[38;5;9m 0.000   [39m│
│ Ivana    ┆[38;5;9m 0.000  [39m┆[38;5;9m 0.000  [39m┆ 68.000  ┆ 16.000 ┆[38;5;9m 0.000  [39m┆ 8.000  ┆ 8.000   ┆ 16.000 ┆[38;5;9m 0.000   [39m┆[38;5;9m 0.000   [39m┆[38;5;9m 0.000   [39m│
│ Kathi    ┆ 2.667  ┆ 8.000  ┆ 24.000  ┆ 16.000 ┆ 16.000 ┆ 8.000  ┆[38;5;9m 0.000   [39m┆ 41.333 ┆[38;5;9m 0.000   [39m┆[38;5;9m 0.000   [39m┆[38;5;9m 0.000   [39m│
│ Laura    ┆ 24.000 ┆[38;5;9m 0.000  [39m┆[38;5;9m 0.000   [39m┆ 4.000  ┆[38;5;9m 0.000  [39m┆ 17.333 ┆ 58.667  ┆[38;5;9m 0.000  [39m┆[38;5;9m 0.000   [39m┆[38;5;9m 0.000   [39m┆[38;5;9m 0.000   [39m│
│ Luisa    ┆ 1.333  ┆ 41.333 ┆[38;5;9m 0.000   [39m┆ 16.000 ┆ 16.000 ┆ 25.333 ┆[38;5;9m 0.000   [39m┆ 16.000 ┆[38;5;9m 0.000   [39m┆[38;5;9m 0.000   [39m┆[38;5;9m 0.000   [39m│
│ Madleine ┆ 72.000 ┆[38;5;9m 0.000  [39m┆ 8.000   ┆ 16.000 ┆[38;5;9m 0.000  [39m┆[38;5;9m 0.000  [39m┆ 17.333  ┆ 2.667  ┆[38;5;9m 0.000   [39m┆[38;5;9m 0.000   [39m┆[38;5;9m 0.000   [39m│
│ Melissa  ┆[38;5;9m 0.000  [39m┆[38;5;9m 0.000  [39m┆[38;5;9m 0.000   [39m┆[38;5;9m 0.000  [39m┆[38;5;9m 0.000  [39m┆[38;5;9m 0.000  [39m┆[38;5;9m 0.000   [39m┆[38;5;9m 0.000  [39m┆[38;5;10m 100.000 [39m┆[38;5;9m 0.000   [39m┆[38;5;9m 0.000   [39m│
│ Michelle ┆[38;5;9m 0.000  [39m┆[38;5;9m 0.000  [39m┆[38;5;9m 0.000   [39m┆[38;5;9m 0.000  [39m┆[38;5;9m 0.000  [39m┆[38;5;9m 0.000  [39m┆[38;5;9m 0.000   [39m┆[38;5;9m 0.000  [39m┆[38;5;9m 0.000   [39m┆[38;5;9m 0.000   [39m┆[38;5;10m 100.000 [39m│
│ Nadine   ┆[38;5;9m 0.000  [39m┆ 17.333 ┆[38;5;9m 0.000   [39m┆ 16.000 ┆ 33.333 ┆ 25.333 ┆ 8.000   ┆ 16.000 ┆[38;5;9m 0.000   [39m┆[38;5;9m 0.000   [39m┆[38;5;9m 0.000   [39m│
│ Sabrina  ┆[38;5;9m 0.000  [39m┆ 33.333 ┆[38;5;9m 0.000   [39m┆ 16.000 ┆ 34.667 ┆ 16.000 ┆ 8.000   ┆ 8.000  ┆[38;5;9m 0.000   [39m┆[38;5;9m 0.000   [39m┆[38;5;9m 0.000   [39m│
╰──────────┴────────┴────────┴─────────┴────────┴────────┴────────┴─────────┴────────┴─────────┴─────────┴─────────╯
75 left -> 6.22881869049588 bits left

0 MB#7.0 E14
Ivana -> Edin
-> I = 0.25153876699596445
╭──────────┬────────┬────────┬─────────┬────────┬────────┬────────┬─────────┬────────┬─────────┬─────────┬─────────╮
│          ┆  Aleks ┆  Axel  ┆ Dominic ┆  Edin  ┆ Elisha ┆ Ferhat ┆ Juliano ┆  Kevin ┆  Laurin ┆    Mo   ┆   Rene  │
╞══════════╪════════╪════════╪═════════╪════════╪════════╪════════╪═════════╪════════╪═════════╪═════════╪═════════╡
│ Aline    ┆[38;5;9m 0.000  [39m┆[38;5;9m 0.000  [39m┆[38;5;9m 0.000   [39m┆[38;5;9m 0.000  [39m┆[38;5;9m 0.000  [39m┆[38;5;9m 0.000  [39m┆[38;5;9m 0.000   [39m┆[38;5;9m 0.000  [39m┆[38;5;9m 0.000   [39m┆[38;5;10m 100.000 [39m┆[38;5;9m 0.000   [39m│
│ Ivana    ┆[38;5;9m 0.000  [39m┆[38;5;9m 0.000  [39m┆ 68.254  ┆[38;5;9m 0.000  [39m┆[38;5;9m 0.000  [39m┆ 7.937  ┆ 7.937   ┆ 15.873 ┆[38;5;9m 0.000   [39m┆[38;5;9m 0.000   [39m┆[38;5;9m 0.000   [39m│
│ Kathi    ┆ 3.175  ┆ 7.937  ┆ 23.810  ┆ 19.048 ┆ 15.873 ┆ 7.937  ┆[38;5;9m 0.000   [39m┆ 41.270 ┆[38;5;9m 0.000   [39m┆[38;5;9m 0.000   [39m┆[38;5;9m 0.000   [39m│
│ Laura    ┆ 23.810 ┆[38;5;9m 0.000  [39m┆[38;5;9m 0.000   [39m┆ 4.762  ┆[38;5;9m 0.000  [39m┆ 17.460 ┆ 58.730  ┆[38;5;9m 0.000  [39m┆[38;5;9m 0.000   [39m┆[38;5;9m 0.000   [39m┆[38;5;9m 0.000   [39m│
│ Luisa    ┆ 1.587  ┆ 41.270 ┆[38;5;9m 0.000   [39m┆ 19.048 ┆ 15.873 ┆ 25.397 ┆[38;5;9m 0.000   [39m┆ 15.873 ┆[38;5;9m 0.000   [39m┆[38;5;9m 0.000   [39m┆[38;5;9m 0.000   [39m│
│ Madleine ┆ 71.429 ┆[38;5;9m 0.000  [39m┆ 7.937   ┆ 19.048 ┆[38;5;9m 0.000  [39m┆[38;5;9m 0.000  [39m┆ 17.460  ┆ 3.175  ┆[38;5;9m 0.000   [39m┆[38;5;9m 0.000   [39m┆[38;5;9m 0.000   [39m│
│ Melissa  ┆[38;5;9m 0.000  [39m┆[38;5;9m 0.000  [39m┆[38;5;9m 0.000   [39m┆[38;5;9m 0.000  [39m┆[38;5;9m 0.000  [39m┆[38;5;9m 0.000  [39m┆[38;5;9m 0.000   [39m┆[38;5;9m 0.000  [39m┆[38;5;10m 100.000 [39m┆[38;5;9m 0.000   [39m┆[38;5;9m 0.000   [39m│
│ Michelle ┆[38;5;9m 0.000  [39m┆[38;5;9m 0.000  [39m┆[38;5;9m 0.000   [39m┆[38;5;9m 0.000  [39m┆[38;5;9m 0.000  [39m┆[38;5;9m 0.000  [39m┆[38;5;9m 0.000   [39m┆[38;5;9m 0.000  [39m┆[38;5;9m 0.000   [39m┆[38;5;9m 0.000   [39m┆[38;5;10m 100.000 [39m│
│ Nadine   ┆[38;5;9m 0.000  [39m┆ 17.460 ┆[38;5;9m 0.000   [39m┆ 19.048 ┆ 33.333 ┆ 25.397 ┆ 7.937   ┆ 15.873 ┆[38;5;9m 0.000   [39m┆[38;5;9m 0.000   [39m┆[38;5;9m 0.000   [39m│
│ Sabrina  ┆[38;5;9m 0.000  [39m┆ 33.333 ┆[38;5;9m 0.000   [39m┆ 19.048 ┆ 34.921 ┆ 15.873 ┆ 7.937   ┆ 7.937  ┆[38;5;9m 0.000   [39m┆[38;5;9m 0.000   [39m┆[38;5;9m 0.000   [39m│
╰──────────┴────────┴────────┴─────────┴────────┴────────┴────────┴─────────┴────────┴─────────┴─────────┴─────────╯
63 left -> 5.977279923499917 bits left

5 MN#7.0 E14
Luisa -> Axel
Aline -> Mo
Laura -> Juliano
Kathi -> Elisha
Nadine -> Ferhat
Sabrina -> Dominic
Madleine -> Aleks
Ivana -> Kevin
Michelle -> Rene
Melissa -> Laurin
-> I = 2.0703893278913976
╭──────────┬────────┬────────┬─────────┬────────┬────────┬────────┬─────────┬────────┬─────────┬─────────┬─────────╮
│          ┆  Aleks ┆  Axel  ┆ Dominic ┆  Edin  ┆ Elisha ┆ Ferhat ┆ Juliano ┆  Kevin ┆  Laurin ┆    Mo   ┆   Rene  │
╞══════════╪════════╪════════╪═════════╪════════╪════════╪════════╪═════════╪════════╪═════════╪═════════╪═════════╡
│ Aline    ┆[38;5;9m 0.000  [39m┆[38;5;9m 0.000  [39m┆[38;5;9m 0.000   [39m┆[38;5;9m 0.000  [39m┆[38;5;9m 0.000  [39m┆[38;5;9m 0.000  [39m┆[38;5;9m 0.000   [39m┆[38;5;9m 0.000  [39m┆[38;5;9m 0.000   [39m┆[38;5;10m 100.000 [39m┆[38;5;9m 0.000   [39m│
│ Ivana    ┆[38;5;9m 0.000  [39m┆[38;5;9m 0.000  [39m┆[38;5;10m 100.000 [39m┆[38;5;9m 0.000  [39m┆[38;5;9m 0.000  [39m┆[38;5;9m 0.000  [39m┆[38;5;9m 0.000   [39m┆[38;5;9m 0.000  [39m┆[38;5;9m 0.000   [39m┆[38;5;9m 0.000   [39m┆[38;5;9m 0.000   [39m│
│ Kathi    ┆[38;5;9m 0.000  [39m┆ 33.333 ┆[38;5;9m 0.000   [39m┆ 20.000 ┆[38;5;9m 0.000  [39m┆ 33.333 ┆[38;5;9m 0.000   [39m┆ 33.333 ┆[38;5;9m 0.000   [39m┆[38;5;9m 0.000   [39m┆[38;5;9m 0.000   [39m│
│ Laura    ┆ 33.333 ┆[38;5;9m 0.000  [39m┆[38;5;9m 0.000   [39m┆[38;5;9m 0.000  [39m┆[38;5;9m 0.000  [39m┆[38;5;9m 0.000  [39m┆ 66.667  ┆[38;5;9m 0.000  [39m┆[38;5;9m 0.000   [39m┆[38;5;9m 0.000   [39m┆[38;5;9m 0.000   [39m│
│ Luisa    ┆[38;5;9m 0.000  [39m┆ 33.333 ┆[38;5;9m 0.000   [39m┆ 20.000 ┆[38;5;9m 0.000  [39m┆[38;5;9m 0.000  [39m┆[38;5;9m 0.000   [39m┆ 66.667 ┆[38;5;9m 0.000   [39m┆[38;5;9m 0.000   [39m┆[38;5;9m 0.000   [39m│
│ Madleine ┆ 66.667 ┆[38;5;9m 0.000  [39m┆[38;5;9m 0.000   [39m┆ 20.000 ┆[38;5;9m 0.000  [39m┆[38;5;9m 0.000  [39m┆ 33.333  ┆[38;5;9m 0.000  [39m┆[38;5;9m 0.000   [39m┆[38;5;9m 0.000   [39m┆[38;5;9m 0.000   [39m│
│ Melissa  ┆[38;5;9m 0.000  [39m┆[38;5;9m 0.000  [39m┆[38;5;9m 0.000   [39m┆[38;5;9m 0.000  [39m┆[38;5;9m 0.000  [39m┆[38;5;9m 0.000  [39m┆[38;5;9m 0.000   [39m┆[38;5;9m 0.000  [39m┆[38;5;10m 100.000 [39m┆[38;5;9m 0.000   [39m┆[38;5;9m 0.000   [39m│
│ Michelle ┆[38;5;9m 0.000  [39m┆[38;5;9m 0.000  [39m┆[38;5;9m 0.000   [39m┆[38;5;9m 0.000  [39m┆[38;5;9m 0.000  [39m┆[38;5;9m 0.000  [39m┆[38;5;9m 0.000   [39m┆[38;5;9m 0.000  [39m┆[38;5;9m 0.000   [39m┆[38;5;9m 0.000   [39m┆[38;5;10m 100.000 [39m│
│ Nadine   ┆[38;5;9m 0.000  [39m┆[38;5;9m 0.000  [39m┆[38;5;9m 0.000   [39m┆ 20.000 ┆ 66.667 ┆ 33.333 ┆[38;5;9m 0.000   [39m┆[38;5;9m 0.000  [39m┆[38;5;9m 0.000   [39m┆[38;5;9m 0.000   [39m┆[38;5;9m 0.000   [39m│
│ Sabrina  ┆[38;5;9m 0.000  [39m┆ 33.333 ┆[38;5;9m 0.000   [39m┆ 20.000 ┆ 33.333 ┆ 33.333 ┆[38;5;9m 0.000   [39m┆[38;5;9m 0.000  [39m┆[38;5;9m 0.000   [39m┆[38;5;9m 0.000   [39m┆[38;5;9m 0.000   [39m│
╰──────────┴────────┴────────┴─────────┴────────┴────────┴────────┴─────────┴────────┴─────────┴─────────┴─────────╯
15 left -> 3.9068905956085187 bits left

0 MB#8.0 E16
Sabrina -> Axel
-> I = 0.5849625007211561
╭──────────┬────────┬────────┬─────────┬────────┬────────┬────────┬─────────┬────────┬─────────┬─────────┬─────────╮
│          ┆  Aleks ┆  Axel  ┆ Dominic ┆  Edin  ┆ Elisha ┆ Ferhat ┆ Juliano ┆  Kevin ┆  Laurin ┆    Mo   ┆   Rene  │
╞══════════╪════════╪════════╪═════════╪════════╪════════╪════════╪═════════╪════════╪═════════╪═════════╪═════════╡
│ Aline    ┆[38;5;9m 0.000  [39m┆[38;5;9m 0.000  [39m┆[38;5;9m 0.000   [39m┆[38;5;9m 0.000  [39m┆[38;5;9m 0.000  [39m┆[38;5;9m 0.000  [39m┆[38;5;9m 0.000   [39m┆[38;5;9m 0.000  [39m┆[38;5;9m 0.000   [39m┆[38;5;10m 100.000 [39m┆[38;5;9m 0.000   [39m│
│ Ivana    ┆[38;5;9m 0.000  [39m┆[38;5;9m 0.000  [39m┆[38;5;10m 100.000 [39m┆[38;5;9m 0.000  [39m┆[38;5;9m 0.000  [39m┆[38;5;9m 0.000  [39m┆[38;5;9m 0.000   [39m┆[38;5;9m 0.000  [39m┆[38;5;9m 0.000   [39m┆[38;5;9m 0.000   [39m┆[38;5;9m 0.000   [39m│
│ Kathi    ┆[38;5;9m 0.000  [39m┆ 50.000 ┆[38;5;9m 0.000   [39m┆ 20.000 ┆[38;5;9m 0.000  [39m┆[38;5;9m 0.000  [39m┆[38;5;9m 0.000   [39m┆ 50.000 ┆[38;5;9m 0.000   [39m┆[38;5;9m 0.000   [39m┆[38;5;9m 0.000   [39m│
│ Laura    ┆ 50.000 ┆[38;5;9m 0.000  [39m┆[38;5;9m 0.000   [39m┆[38;5;9m 0.000  [39m┆[38;5;9m 0.000  [39m┆[38;5;9m 0.000  [39m┆ 50.000  ┆[38;5;9m 0.000  [39m┆[38;5;9m 0.000   [39m┆[38;5;9m 0.000   [39m┆[38;5;9m 0.000   [39m│
│ Luisa    ┆[38;5;9m 0.000  [39m┆ 50.000 ┆[38;5;9m 0.000   [39m┆ 20.000 ┆[38;5;9m 0.000  [39m┆[38;5;9m 0.000  [39m┆[38;5;9m 0.000   [39m┆ 50.000 ┆[38;5;9m 0.000   [39m┆[38;5;9m 0.000   [39m┆[38;5;9m 0.000   [39m│
│ Madleine ┆ 50.000 ┆[38;5;9m 0.000  [39m┆[38;5;9m 0.000   [39m┆ 20.000 ┆[38;5;9m 0.000  [39m┆[38;5;9m 0.000  [39m┆ 50.000  ┆[38;5;9m 0.000  [39m┆[38;5;9m 0.000   [39m┆[38;5;9m 0.000   [39m┆[38;5;9m 0.000   [39m│
│ Melissa  ┆[38;5;9m 0.000  [39m┆[38;5;9m 0.000  [39m┆[38;5;9m 0.000   [39m┆[38;5;9m 0.000  [39m┆[38;5;9m 0.000  [39m┆[38;5;9m 0.000  [39m┆[38;5;9m 0.000   [39m┆[38;5;9m 0.000  [39m┆[38;5;10m 100.000 [39m┆[38;5;9m 0.000   [39m┆[38;5;9m 0.000   [39m│
│ Michelle ┆[38;5;9m 0.000  [39m┆[38;5;9m 0.000  [39m┆[38;5;9m 0.000   [39m┆[38;5;9m 0.000  [39m┆[38;5;9m 0.000  [39m┆[38;5;9m 0.000  [39m┆[38;5;9m 0.000   [39m┆[38;5;9m 0.000  [39m┆[38;5;9m 0.000   [39m┆[38;5;9m 0.000   [39m┆[38;5;10m 100.000 [39m│
│ Nadine   ┆[38;5;9m 0.000  [39m┆[38;5;9m 0.000  [39m┆[38;5;9m 0.000   [39m┆ 20.000 ┆ 50.000 ┆ 50.000 ┆[38;5;9m 0.000   [39m┆[38;5;9m 0.000  [39m┆[38;5;9m 0.000   [39m┆[38;5;9m 0.000   [39m┆[38;5;9m 0.000   [39m│
│ Sabrina  ┆[38;5;9m 0.000  [39m┆[38;5;9m 0.000  [39m┆[38;5;9m 0.000   [39m┆ 20.000 ┆ 50.000 ┆ 50.000 ┆[38;5;9m 0.000   [39m┆[38;5;9m 0.000  [39m┆[38;5;9m 0.000   [39m┆[38;5;9m 0.000   [39m┆[38;5;9m 0.000   [39m│
╰──────────┴────────┴────────┴─────────┴────────┴────────┴────────┴─────────┴────────┴─────────┴─────────┴─────────╯
10 left -> 3.321928094887362 bits left

6 MN#8.0 E16
Aline -> Mo
Michelle -> Rene
Kathi -> Aleks
Madleine -> Edin
Luisa -> Axel
Nadine -> Ferhat
Laura -> Juliano
Ivana -> Kevin
Sabrina -> Dominic
Melissa -> Laurin
-> I = 3.3219280948873626
╭──────────┬─────────┬─────────┬─────────┬─────────┬─────────┬─────────┬─────────┬─────────┬─────────┬─────────┬─────────╮
│          ┆  Aleks  ┆   Axel  ┆ Dominic ┆   Edin  ┆  Elisha ┆  Ferhat ┆ Juliano ┆  Kevin  ┆  Laurin ┆    Mo   ┆   Rene  │
╞══════════╪═════════╪═════════╪═════════╪═════════╪═════════╪═════════╪═════════╪═════════╪═════════╪═════════╪═════════╡
│ Aline    ┆[38;5;9m 0.000   [39m┆[38;5;9m 0.000   [39m┆[38;5;9m 0.000   [39m┆[38;5;9m 0.000   [39m┆[38;5;9m 0.000   [39m┆[38;5;9m 0.000   [39m┆[38;5;9m 0.000   [39m┆[38;5;9m 0.000   [39m┆[38;5;9m 0.000   [39m┆[38;5;10m 100.000 [39m┆[38;5;9m 0.000   [39m│
│ Ivana    ┆[38;5;9m 0.000   [39m┆[38;5;9m 0.000   [39m┆[38;5;10m 100.000 [39m┆[38;5;9m 0.000   [39m┆[38;5;9m 0.000   [39m┆[38;5;9m 0.000   [39m┆[38;5;9m 0.000   [39m┆[38;5;9m 0.000   [39m┆[38;5;9m 0.000   [39m┆[38;5;9m 0.000   [39m┆[38;5;9m 0.000   [39m│
│ Kathi    ┆[38;5;9m 0.000   [39m┆[38;5;9m 0.000   [39m┆[38;5;9m 0.000   [39m┆[38;5;9m 0.000   [39m┆[38;5;9m 0.000   [39m┆[38;5;9m 0.000   [39m┆[38;5;9m 0.000   [39m┆[38;5;10m 100.000 [39m┆[38;5;9m 0.000   [39m┆[38;5;9m 0.000   [39m┆[38;5;9m 0.000   [39m│
│ Laura    ┆[38;5;10m 100.000 [39m┆[38;5;9m 0.000   [39m┆[38;5;9m 0.000   [39m┆[38;5;9m 0.000   [39m┆[38;5;9m 0.000   [39m┆[38;5;9m 0.000   [39m┆[38;5;9m 0.000   [39m┆[38;5;9m 0.000   [39m┆[38;5;9m 0.000   [39m┆[38;5;9m 0.000   [39m┆[38;5;9m 0.000   [39m│
│ Luisa    ┆[38;5;9m 0.000   [39m┆[38;5;10m 100.000 [39m┆[38;5;9m 0.000   [39m┆[38;5;9m 0.000   [39m┆[38;5;9m 0.000   [39m┆[38;5;9m 0.000   [39m┆[38;5;9m 0.000   [39m┆[38;5;9m 0.000   [39m┆[38;5;9m 0.000   [39m┆[38;5;9m 0.000   [39m┆[38;5;9m 0.000   [39m│
│ Madleine ┆[38;5;9m 0.000   [39m┆[38;5;9m 0.000   [39m┆[38;5;9m 0.000   [39m┆[38;5;10m 100.000 [39m┆[38;5;9m 0.000   [39m┆[38;5;9m 0.000   [39m┆[38;5;10m 100.000 [39m┆[38;5;9m 0.000   [39m┆[38;5;9m 0.000   [39m┆[38;5;9m 0.000   [39m┆[38;5;9m 0.000   [39m│
│ Melissa  ┆[38;5;9m 0.000   [39m┆[38;5;9m 0.000   [39m┆[38;5;9m 0.000   [39m┆[38;5;9m 0.000   [39m┆[38;5;9m 0.000   [39m┆[38;5;9m 0.000   [39m┆[38;5;9m 0.000   [39m┆[38;5;9m 0.000   [39m┆[38;5;10m 100.000 [39m┆[38;5;9m 0.000   [39m┆[38;5;9m 0.000   [39m│
│ Michelle ┆[38;5;9m 0.000   [39m┆[38;5;9m 0.000   [39m┆[38;5;9m 0.000   [39m┆[38;5;9m 0.000   [39m┆[38;5;9m 0.000   [39m┆[38;5;9m 0.000   [39m┆[38;5;9m 0.000   [39m┆[38;5;9m 0.000   [39m┆[38;5;9m 0.000   [39m┆[38;5;9m 0.000   [39m┆[38;5;10m 100.000 [39m│
│ Nadine   ┆[38;5;9m 0.000   [39m┆[38;5;9m 0.000   [39m┆[38;5;9m 0.000   [39m┆[38;5;9m 0.000   [39m┆[38;5;9m 0.000   [39m┆[38;5;10m 100.000 [39m┆[38;5;9m 0.000   [39m┆[38;5;9m 0.000   [39m┆[38;5;9m 0.000   [39m┆[38;5;9m 0.000   [39m┆[38;5;9m 0.000   [39m│
│ Sabrina  ┆[38;5;9m 0.000   [39m┆[38;5;9m 0.000   [39m┆[38;5;9m 0.000   [39m┆[38;5;9m 0.000   [39m┆[38;5;10m 100.000 [39m┆[38;5;9m 0.000   [39m┆[38;5;9m 0.000   [39m┆[38;5;9m 0.000   [39m┆[38;5;9m 0.000   [39m┆[38;5;9m 0.000   [39m┆[38;5;9m 0.000   [39m│
╰──────────┴─────────┴─────────┴─────────┴─────────┴─────────┴─────────┴─────────┴─────────┴─────────┴─────────┴─────────╯
1 left -> 0 bits left

0 MB#9.0 E18
Luisa -> Ferhat
-> I = -0
╭──────────┬─────────┬─────────┬─────────┬─────────┬─────────┬─────────┬─────────┬─────────┬─────────┬─────────┬─────────╮
│          ┆  Aleks  ┆   Axel  ┆ Dominic ┆   Edin  ┆  Elisha ┆  Ferhat ┆ Juliano ┆  Kevin  ┆  Laurin ┆    Mo   ┆   Rene  │
╞══════════╪═════════╪═════════╪═════════╪═════════╪═════════╪═════════╪═════════╪═════════╪═════════╪═════════╪═════════╡
│ Aline    ┆[38;5;9m 0.000   [39m┆[38;5;9m 0.000   [39m┆[38;5;9m 0.000   [39m┆[38;5;9m 0.000   [39m┆[38;5;9m 0.000   [39m┆[38;5;9m 0.000   [39m┆[38;5;9m 0.000   [39m┆[38;5;9m 0.000   [39m┆[38;5;9m 0.000   [39m┆[38;5;10m 100.000 [39m┆[38;5;9m 0.000   [39m│
│ Ivana    ┆[38;5;9m 0.000   [39m┆[38;5;9m 0.000   [39m┆[38;5;10m 100.000 [39m┆[38;5;9m 0.000   [39m┆[38;5;9m 0.000   [39m┆[38;5;9m 0.000   [39m┆[38;5;9m 0.000   [39m┆[38;5;9m 0.000   [39m┆[38;5;9m 0.000   [39m┆[38;5;9m 0.000   [39m┆[38;5;9m 0.000   [39m│
│ Kathi    ┆[38;5;9m 0.000   [39m┆[38;5;9m 0.000   [39m┆[38;5;9m 0.000   [39m┆[38;5;9m 0.000   [39m┆[38;5;9m 0.000   [39m┆[38;5;9m 0.000   [39m┆[38;5;9m 0.000   [39m┆[38;5;10m 100.000 [39m┆[38;5;9m 0.000   [39m┆[38;5;9m 0.000   [39m┆[38;5;9m 0.000   [39m│
│ Laura    ┆[38;5;10m 100.000 [39m┆[38;5;9m 0.000   [39m┆[38;5;9m 0.000   [39m┆[38;5;9m 0.000   [39m┆[38;5;9m 0.000   [39m┆[38;5;9m 0.000   [39m┆[38;5;9m 0.000   [39m┆[38;5;9m 0.000   [39m┆[38;5;9m 0.000   [39m┆[38;5;9m 0.000   [39m┆[38;5;9m 0.000   [39m│
│ Luisa    ┆[38;5;9m 0.000   [39m┆[38;5;10m 100.000 [39m┆[38;5;9m 0.000   [39m┆[38;5;9m 0.000   [39m┆[38;5;9m 0.000   [39m┆[38;5;9m 0.000   [39m┆[38;5;9m 0.000   [39m┆[38;5;9m 0.000   [39m┆[38;5;9m 0.000   [39m┆[38;5;9m 0.000   [39m┆[38;5;9m 0.000   [39m│
│ Madleine ┆[38;5;9m 0.000   [39m┆[38;5;9m 0.000   [39m┆[38;5;9m 0.000   [39m┆[38;5;10m 100.000 [39m┆[38;5;9m 0.000   [39m┆[38;5;9m 0.000   [39m┆[38;5;10m 100.000 [39m┆[38;5;9m 0.000   [39m┆[38;5;9m 0.000   [39m┆[38;5;9m 0.000   [39m┆[38;5;9m 0.000   [39m│
│ Melissa  ┆[38;5;9m 0.000   [39m┆[38;5;9m 0.000   [39m┆[38;5;9m 0.000   [39m┆[38;5;9m 0.000   [39m┆[38;5;9m 0.000   [39m┆[38;5;9m 0.000   [39m┆[38;5;9m 0.000   [39m┆[38;5;9m 0.000   [39m┆[38;5;10m 100.000 [39m┆[38;5;9m 0.000   [39m┆[38;5;9m 0.000   [39m│
│ Michelle ┆[38;5;9m 0.000   [39m┆[38;5;9m 0.000   [39m┆[38;5;9m 0.000   [39m┆[38;5;9m 0.000   [39m┆[38;5;9m 0.000   [39m┆[38;5;9m 0.000   [39m┆[38;5;9m 0.000   [39m┆[38;5;9m 0.000   [39m┆[38;5;9m 0.000   [39m┆[38;5;9m 0.000   [39m┆[38;5;10m 100.000 [39m│
│ Nadine   ┆[38;5;9m 0.000   [39m┆[38;5;9m 0.000   [39m┆[38;5;9m 0.000   [39m┆[38;5;9m 0.000   [39m┆[38;5;9m 0.000   [39m┆[38;5;10m 100.000 [39m┆[38;5;9m 0.000   [39m┆[38;5;9m 0.000   [39m┆[38;5;9m 0.000   [39m┆[38;5;9m 0.000   [39m┆[38;5;9m 0.000   [39m│
│ Sabrina  ┆[38;5;9m 0.000   [39m┆[38;5;9m 0.000   [39m┆[38;5;9m 0.000   [39m┆[38;5;9m 0.000   [39m┆[38;5;10m 100.000 [39m┆[38;5;9m 0.000   [39m┆[38;5;9m 0.000   [39m┆[38;5;9m 0.000   [39m┆[38;5;9m 0.000   [39m┆[38;5;9m 0.000   [39m┆[38;5;9m 0.000   [39m│
╰──────────┴─────────┴─────────┴─────────┴─────────┴─────────┴─────────┴─────────┴─────────┴─────────┴─────────┴─────────╯
1 left -> 0 bits left

7 MN#9.0 E18
Nadine -> Ferhat
Kathi -> Aleks
Michelle -> Rene
Melissa -> Laurin
Laura -> Juliano
Luisa -> Axel
Ivana -> Dominic
Madleine -> Kevin
Aline -> Mo
Sabrina -> Elisha
-> I = -0
╭──────────┬─────────┬─────────┬─────────┬─────────┬─────────┬─────────┬─────────┬─────────┬─────────┬─────────┬─────────╮
│          ┆  Aleks  ┆   Axel  ┆ Dominic ┆   Edin  ┆  Elisha ┆  Ferhat ┆ Juliano ┆  Kevin  ┆  Laurin ┆    Mo   ┆   Rene  │
╞══════════╪═════════╪═════════╪═════════╪═════════╪═════════╪═════════╪═════════╪═════════╪═════════╪═════════╪═════════╡
│ Aline    ┆[38;5;9m 0.000   [39m┆[38;5;9m 0.000   [39m┆[38;5;9m 0.000   [39m┆[38;5;9m 0.000   [39m┆[38;5;9m 0.000   [39m┆[38;5;9m 0.000   [39m┆[38;5;9m 0.000   [39m┆[38;5;9m 0.000   [39m┆[38;5;9m 0.000   [39m┆[38;5;10m 100.000 [39m┆[38;5;9m 0.000   [39m│
│ Ivana    ┆[38;5;9m 0.000   [39m┆[38;5;9m 0.000   [39m┆[38;5;10m 100.000 [39m┆[38;5;9m 0.000   [39m┆[38;5;9m 0.000   [39m┆[38;5;9m 0.000   [39m┆[38;5;9m 0.000   [39m┆[38;5;9m 0.000   [39m┆[38;5;9m 0.000   [39m┆[38;5;9m 0.000   [39m┆[38;5;9m 0.000   [39m│
│ Kathi    ┆[38;5;9m 0.000   [39m┆[38;5;9m 0.000   [39m┆[38;5;9m 0.000   [39m┆[38;5;9m 0.000   [39m┆[38;5;9m 0.000   [39m┆[38;5;9m 0.000   [39m┆[38;5;9m 0.000   [39m┆[38;5;10m 100.000 [39m┆[38;5;9m 0.000   [39m┆[38;5;9m 0.000   [39m┆[38;5;9m 0.000   [39m│
│ Laura    ┆[38;5;10m 100.000 [39m┆[38;5;9m 0.000   [39m┆[38;5;9m 0.000   [39m┆[38;5;9m 0.000   [39m┆[38;5;9m 0.000   [39m┆[38;5;9m 0.000   [39m┆[38;5;9m 0.000   [39m┆[38;5;9m 0.000   [39m┆[38;5;9m 0.000   [39m┆[38;5;9m 0.000   [39m┆[38;5;9m 0.000   [39m│
│ Luisa    ┆[38;5;9m 0.000   [39m┆[38;5;10m 100.000 [39m┆[38;5;9m 0.000   [39m┆[38;5;9m 0.000   [39m┆[38;5;9m 0.000   [39m┆[38;5;9m 0.000   [39m┆[38;5;9m 0.000   [39m┆[38;5;9m 0.000   [39m┆[38;5;9m 0.000   [39m┆[38;5;9m 0.000   [39m┆[38;5;9m 0.000   [39m│
│ Madleine ┆[38;5;9m 0.000   [39m┆[38;5;9m 0.000   [39m┆[38;5;9m 0.000   [39m┆[38;5;10m 100.000 [39m┆[38;5;9m 0.000   [39m┆[38;5;9m 0.000   [39m┆[38;5;10m 100.000 [39m┆[38;5;9m 0.000   [39m┆[38;5;9m 0.000   [39m┆[38;5;9m 0.000   [39m┆[38;5;9m 0.000   [39m│
│ Melissa  ┆[38;5;9m 0.000   [39m┆[38;5;9m 0.000   [39m┆[38;5;9m 0.000   [39m┆[38;5;9m 0.000   [39m┆[38;5;9m 0.000   [39m┆[38;5;9m 0.000   [39m┆[38;5;9m 0.000   [39m┆[38;5;9m 0.000   [39m┆[38;5;10m 100.000 [39m┆[38;5;9m 0.000   [39m┆[38;5;9m 0.000   [39m│
│ Michelle ┆[38;5;9m 0.000   [39m┆[38;5;9m 0.000   [39m┆[38;5;9m 0.000   [39m┆[38;5;9m 0.000   [39m┆[38;5;9m 0.000   [39m┆[38;5;9m 0.000   [39m┆[38;5;9m 0.000   [39m┆[38;5;9m 0.000   [39m┆[38;5;9m 0.000   [39m┆[38;5;9m 0.000   [39m┆[38;5;10m 100.000 [39m│
│ Nadine   ┆[38;5;9m 0.000   [39m┆[38;5;9m 0.000   [39m┆[38;5;9m 0.000   [39m┆[38;5;9m 0.000   [39m┆[38;5;9m 0.000   [39m┆[38;5;10m 100.000 [39m┆[38;5;9m 0.000   [39m┆[38;5;9m 0.000   [39m┆[38;5;9m 0.000   [39m┆[38;5;9m 0.000   [39m┆[38;5;9m 0.000   [39m│
│ Sabrina  ┆[38;5;9m 0.000   [39m┆[38;5;9m 0.000   [39m┆[38;5;9m 0.000   [39m┆[38;5;9m 0.000   [39m┆[38;5;10m 100.000 [39m┆[38;5;9m 0.000   [39m┆[38;5;9m 0.000   [39m┆[38;5;9m 0.000   [39m┆[38;5;9m 0.000   [39m┆[38;5;9m 0.000   [39m┆[38;5;9m 0.000   [39m│
╰──────────┴─────────┴─────────┴─────────┴─────────┴─────────┴─────────┴─────────┴─────────┴─────────┴─────────┴─────────╯
1 left -> 0 bits left

1 MB#10.0 E20
Kathi -> Kevin
-> I = -0
╭──────────┬─────────┬─────────┬─────────┬─────────┬─────────┬─────────┬─────────┬─────────┬─────────┬─────────┬─────────╮
│          ┆  Aleks  ┆   Axel  ┆ Dominic ┆   Edin  ┆  Elisha ┆  Ferhat ┆ Juliano ┆  Kevin  ┆  Laurin ┆    Mo   ┆   Rene  │
╞══════════╪═════════╪═════════╪═════════╪═════════╪═════════╪═════════╪═════════╪═════════╪═════════╪═════════╪═════════╡
│ Aline    ┆[38;5;9m 0.000   [39m┆[38;5;9m 0.000   [39m┆[38;5;9m 0.000   [39m┆[38;5;9m 0.000   [39m┆[38;5;9m 0.000   [39m┆[38;5;9m 0.000   [39m┆[38;5;9m 0.000   [39m┆[38;5;9m 0.000   [39m┆[38;5;9m 0.000   [39m┆[38;5;10m 100.000 [39m┆[38;5;9m 0.000   [39m│
│ Ivana    ┆[38;5;9m 0.000   [39m┆[38;5;9m 0.000   [39m┆[38;5;10m 100.000 [39m┆[38;5;9m 0.000   [39m┆[38;5;9m 0.000   [39m┆[38;5;9m 0.000   [39m┆[38;5;9m 0.000   [39m┆[38;5;9m 0.000   [39m┆[38;5;9m 0.000   [39m┆[38;5;9m 0.000   [39m┆[38;5;9m 0.000   [39m│
│ Kathi    ┆[38;5;9m 0.000   [39m┆[38;5;9m 0.000   [39m┆[38;5;9m 0.000   [39m┆[38;5;9m 0.000   [39m┆[38;5;9m 0.000   [39m┆[38;5;9m 0.000   [39m┆[38;5;9m 0.000   [39m┆[38;5;10m 100.000 [39m┆[38;5;9m 0.000   [39m┆[38;5;9m 0.000   [39m┆[38;5;9m 0.000   [39m│
│ Laura    ┆[38;5;10m 100.000 [39m┆[38;5;9m 0.000   [39m┆[38;5;9m 0.000   [39m┆[38;5;9m 0.000   [39m┆[38;5;9m 0.000   [39m┆[38;5;9m 0.000   [39m┆[38;5;9m 0.000   [39m┆[38;5;9m 0.000   [39m┆[38;5;9m 0.000   [39m┆[38;5;9m 0.000   [39m┆[38;5;9m 0.000   [39m│
│ Luisa    ┆[38;5;9m 0.000   [39m┆[38;5;10m 100.000 [39m┆[38;5;9m 0.000   [39m┆[38;5;9m 0.000   [39m┆[38;5;9m 0.000   [39m┆[38;5;9m 0.000   [39m┆[38;5;9m 0.000   [39m┆[38;5;9m 0.000   [39m┆[38;5;9m 0.000   [39m┆[38;5;9m 0.000   [39m┆[38;5;9m 0.000   [39m│
│ Madleine ┆[38;5;9m 0.000   [39m┆[38;5;9m 0.000   [39m┆[38;5;9m 0.000   [39m┆[38;5;10m 100.000 [39m┆[38;5;9m 0.000   [39m┆[38;5;9m 0.000   [39m┆[38;5;10m 100.000 [39m┆[38;5;9m 0.000   [39m┆[38;5;9m 0.000   [39m┆[38;5;9m 0.000   [39m┆[38;5;9m 0.000   [39m│
│ Melissa  ┆[38;5;9m 0.000   [39m┆[38;5;9m 0.000   [39m┆[38;5;9m 0.000   [39m┆[38;5;9m 0.000   [39m┆[38;5;9m 0.000   [39m┆[38;5;9m 0.000   [39m┆[38;5;9m 0.000   [39m┆[38;5;9m 0.000   [39m┆[38;5;10m 100.000 [39m┆[38;5;9m 0.000   [39m┆[38;5;9m 0.000   [39m│
│ Michelle ┆[38;5;9m 0.000   [39m┆[38;5;9m 0.000   [39m┆[38;5;9m 0.000   [39m┆[38;5;9m 0.000   [39m┆[38;5;9m 0.000   [39m┆[38;5;9m 0.000   [39m┆[38;5;9m 0.000   [39m┆[38;5;9m 0.000   [39m┆[38;5;9m 0.000   [39m┆[38;5;9m 0.000   [39m┆[38;5;10m 100.000 [39m│
│ Nadine   ┆[38;5;9m 0.000   [39m┆[38;5;9m 0.000   [39m┆[38;5;9m 0.000   [39m┆[38;5;9m 0.000   [39m┆[38;5;9m 0.000   [39m┆[38;5;10m 100.000 [39m┆[38;5;9m 0.000   [39m┆[38;5;9m 0.000   [39m┆[38;5;9m 0.000   [39m┆[38;5;9m 0.000   [39m┆[38;5;9m 0.000   [39m│
│ Sabrina  ┆[38;5;9m 0.000   [39m┆[38;5;9m 0.000   [39m┆[38;5;9m 0.000   [39m┆[38;5;9m 0.000   [39m┆[38;5;10m 100.000 [39m┆[38;5;9m 0.000   [39m┆[38;5;9m 0.000   [39m┆[38;5;9m 0.000   [39m┆[38;5;9m 0.000   [39m┆[38;5;9m 0.000   [39m┆[38;5;9m 0.000   [39m│
╰──────────┴─────────┴─────────┴─────────┴─────────┴─────────┴─────────┴─────────┴─────────┴─────────┴─────────┴─────────╯
1 left -> 0 bits left

10 MN#10.0 E20
Michelle -> Rene
Kathi -> Kevin
Ivana -> Dominic
Melissa -> Laurin
Laura -> Aleks
Sabrina -> Elisha
Luisa -> Axel
Nadine -> Ferhat
Madleine -> Edin
Aline -> Mo
-> I = -0
╭──────────┬─────────┬─────────┬─────────┬─────────┬─────────┬─────────┬─────────┬─────────┬─────────┬─────────┬─────────╮
│          ┆  Aleks  ┆   Axel  ┆ Dominic ┆   Edin  ┆  Elisha ┆  Ferhat ┆ Juliano ┆  Kevin  ┆  Laurin ┆    Mo   ┆   Rene  │
╞══════════╪═════════╪═════════╪═════════╪═════════╪═════════╪═════════╪═════════╪═════════╪═════════╪═════════╪═════════╡
│ Aline    ┆[38;5;9m 0.000   [39m┆[38;5;9m 0.000   [39m┆[38;5;9m 0.000   [39m┆[38;5;9m 0.000   [39m┆[38;5;9m 0.000   [39m┆[38;5;9m 0.000   [39m┆[38;5;9m 0.000   [39m┆[38;5;9m 0.000   [39m┆[38;5;9m 0.000   [39m┆[38;5;10m 100.000 [39m┆[38;5;9m 0.000   [39m│
│ Ivana    ┆[38;5;9m 0.000   [39m┆[38;5;9m 0.000   [39m┆[38;5;10m 100.000 [39m┆[38;5;9m 0.000   [39m┆[38;5;9m 0.000   [39m┆[38;5;9m 0.000   [39m┆[38;5;9m 0.000   [39m┆[38;5;9m 0.000   [39m┆[38;5;9m 0.000   [39m┆[38;5;9m 0.000   [39m┆[38;5;9m 0.000   [39m│
│ Kathi    ┆[38;5;9m 0.000   [39m┆[38;5;9m 0.000   [39m┆[38;5;9m 0.000   [39m┆[38;5;9m 0.000   [39m┆[38;5;9m 0.000   [39m┆[38;5;9m 0.000   [39m┆[38;5;9m 0.000   [39m┆[38;5;10m 100.000 [39m┆[38;5;9m 0.000   [39m┆[38;5;9m 0.000   [39m┆[38;5;9m 0.000   [39m│
│ Laura    ┆[38;5;10m 100.000 [39m┆[38;5;9m 0.000   [39m┆[38;5;9m 0.000   [39m┆[38;5;9m 0.000   [39m┆[38;5;9m 0.000   [39m┆[38;5;9m 0.000   [39m┆[38;5;9m 0.000   [39m┆[38;5;9m 0.000   [39m┆[38;5;9m 0.000   [39m┆[38;5;9m 0.000   [39m┆[38;5;9m 0.000   [39m│
│ Luisa    ┆[38;5;9m 0.000   [39m┆[38;5;10m 100.000 [39m┆[38;5;9m 0.000   [39m┆[38;5;9m 0.000   [39m┆[38;5;9m 0.000   [39m┆[38;5;9m 0.000   [39m┆[38;5;9m 0.000   [39m┆[38;5;9m 0.000   [39m┆[38;5;9m 0.000   [39m┆[38;5;9m 0.000   [39m┆[38;5;9m 0.000   [39m│
│ Madleine ┆[38;5;9m 0.000   [39m┆[38;5;9m 0.000   [39m┆[38;5;9m 0.000   [39m┆[38;5;10m 100.000 [39m┆[38;5;9m 0.000   [39m┆[38;5;9m 0.000   [39m┆[38;5;10m 100.000 [39m┆[38;5;9m 0.000   [39m┆[38;5;9m 0.000   [39m┆[38;5;9m 0.000   [39m┆[38;5;9m 0.000   [39m│
│ Melissa  ┆[38;5;9m 0.000   [39m┆[38;5;9m 0.000   [39m┆[38;5;9m 0.000   [39m┆[38;5;9m 0.000   [39m┆[38;5;9m 0.000   [39m┆[38;5;9m 0.000   [39m┆[38;5;9m 0.000   [39m┆[38;5;9m 0.000   [39m┆[38;5;10m 100.000 [39m┆[38;5;9m 0.000   [39m┆[38;5;9m 0.000   [39m│
│ Michelle ┆[38;5;9m 0.000   [39m┆[38;5;9m 0.000   [39m┆[38;5;9m 0.000   [39m┆[38;5;9m 0.000   [39m┆[38;5;9m 0.000   [39m┆[38;5;9m 0.000   [39m┆[38;5;9m 0.000   [39m┆[38;5;9m 0.000   [39m┆[38;5;9m 0.000   [39m┆[38;5;9m 0.000   [39m┆[38;5;10m 100.000 [39m│
│ Nadine   ┆[38;5;9m 0.000   [39m┆[38;5;9m 0.000   [39m┆[38;5;9m 0.000   [39m┆[38;5;9m 0.000   [39m┆[38;5;9m 0.000   [39m┆[38;5;10m 100.000 [39m┆[38;5;9m 0.000   [39m┆[38;5;9m 0.000   [39m┆[38;5;9m 0.000   [39m┆[38;5;9m 0.000   [39m┆[38;5;9m 0.000   [39m│
│ Sabrina  ┆[38;5;9m 0.000   [39m┆[38;5;9m 0.000   [39m┆[38;5;9m 0.000   [39m┆[38;5;9m 0.000   [39m┆[38;5;10m 100.000 [39m┆[38;5;9m 0.000   [39m┆[38;5;9m 0.000   [39m┆[38;5;9m 0.000   [39m┆[38;5;9m 0.000   [39m┆[38;5;9m 0.000   [39m┆[38;5;9m 0.000   [39m│
╰──────────┴─────────┴─────────┴─────────┴─────────┴─────────┴─────────┴─────────┴─────────┴─────────┴─────────┴─────────╯
1 left -> 0 bits left

╭─────────┬────┬────────┬─────────┬─────────┬─────────┬────────┬──────────┬─────────┬──────────┬─────────┬─────────┬───┬─────────────────────╮
│         ┆  L ┆  Aline ┆  Ivana  ┆  Kathi  ┆  Laura  ┆  Luisa ┆ Madleine ┆ Melissa ┆ Michelle ┆  Nadine ┆ Sabrina ┆   ┆          I          │
╞═════════╪════╪════════╪═════════╪═════════╪═════════╪════════╪══════════╪═════════╪══════════╪═════════╪═════════╪═══╪═════════════════════╡
│ MB#1.0  ┆ 0  ┆        ┆ Mo      ┆         ┆         ┆        ┆          ┆         ┆          ┆         ┆         ┆   ┆ 0.15200309344504995 │
│ MN#1.0  ┆ 1  ┆ Kevin  ┆ Juliano ┆ Rene    ┆ Ferhat  ┆ Axel   ┆ Laurin   ┆ Dominic ┆ Mo       ┆ Elisha  ┆ Aleks   ┆   ┆ 1.4426960309452606  │
│ MB#2.0  ┆ 0  ┆        ┆         ┆         ┆         ┆        ┆          ┆ Dominic ┆          ┆         ┆         ┆   ┆ 0.14755718841385784 │
│ MN#2.0  ┆ 2  ┆ Ferhat ┆ Elisha  ┆ Kevin   ┆ Juliano ┆ Rene   ┆ Axel     ┆ Laurin  ┆ Mo       ┆ Aleks   ┆ Dominic ┆   ┆ 2.4181608390932303  │
│ MB#3.0  ┆ 1  ┆ Mo     ┆         ┆         ┆         ┆        ┆          ┆         ┆          ┆         ┆         ┆   ┆ 3.5680243699622696  │
│ MN#3.0  ┆ 3  ┆ Mo     ┆ Elisha  ┆ Kevin   ┆ Juliano ┆ Rene   ┆ Axel     ┆ Laurin  ┆ Ferhat   ┆ Aleks   ┆ Dominic ┆   ┆ 0.1886180433233922  │
│ MB#4.0  ┆ 1  ┆        ┆         ┆         ┆         ┆        ┆          ┆ Laurin  ┆          ┆         ┆         ┆   ┆ 1.9913585001720526  │
│ MN#4.0  ┆ 2  ┆ Mo     ┆ Axel    ┆ Juliano ┆ Kevin   ┆ Rene   ┆ Ferhat   ┆ Laurin  ┆ Elisha   ┆ Dominic ┆ Aleks   ┆   ┆ 1.4766506896860045  │
│ MB#5.0  ┆ 0  ┆        ┆ Elisha  ┆         ┆         ┆        ┆          ┆         ┆          ┆         ┆         ┆   ┆ 0.24410467729894278 │
│ MN#5.0  ┆ 5  ┆ Mo     ┆ Dominic ┆ Kevin   ┆ Juliano ┆ Ferhat ┆ Aleks    ┆ Laurin  ┆ Axel     ┆ Rene    ┆ Elisha  ┆   ┆ 3.313890775821944   │
│ MB#6.0  ┆ 1  ┆        ┆         ┆         ┆         ┆        ┆          ┆         ┆ Rene     ┆         ┆         ┆   ┆ 3.040641984497346   │
│ MN#6.0  ┆ 5  ┆ Mo     ┆ Juliano ┆ Kevin   ┆ Edin    ┆ Axel   ┆ Aleks    ┆ Laurin  ┆ Rene     ┆ Elisha  ┆ Dominic ┆   ┆ 0.9004643264490856  │
│ MB#7.0  ┆ 0  ┆        ┆ Edin    ┆         ┆         ┆        ┆          ┆         ┆          ┆         ┆         ┆   ┆ 0.25153876699596445 │
│ MN#7.0  ┆ 5  ┆ Mo     ┆ Kevin   ┆ Elisha  ┆ Juliano ┆ Axel   ┆ Aleks    ┆ Laurin  ┆ Rene     ┆ Ferhat  ┆ Dominic ┆   ┆ 2.0703893278913976  │
│ MB#8.0  ┆ 0  ┆        ┆         ┆         ┆         ┆        ┆          ┆         ┆          ┆         ┆ Axel    ┆   ┆ 0.5849625007211561  │
│ MN#8.0  ┆ 6  ┆ Mo     ┆ Kevin   ┆ Aleks   ┆ Juliano ┆ Axel   ┆ Edin     ┆ Laurin  ┆ Rene     ┆ Ferhat  ┆ Dominic ┆   ┆ 3.3219280948873626  │
│ MB#9.0  ┆ 0  ┆        ┆         ┆         ┆         ┆ Ferhat ┆          ┆         ┆          ┆         ┆         ┆   ┆ -0                  │
│ MN#9.0  ┆ 7  ┆ Mo     ┆ Dominic ┆ Aleks   ┆ Juliano ┆ Axel   ┆ Kevin    ┆ Laurin  ┆ Rene     ┆ Ferhat  ┆ Elisha  ┆   ┆ -0                  │
│ MB#10.0 ┆ 1  ┆        ┆         ┆ Kevin   ┆         ┆        ┆          ┆         ┆          ┆         ┆         ┆   ┆ -0                  │
│ MN#10.0 ┆ 10 ┆ Mo     ┆ Dominic ┆ Kevin   ┆ Aleks   ┆ Axel   ┆ Edin     ┆ Laurin  ┆ Rene     ┆ Ferhat  ┆ Elisha  ┆   ┆ -0                  │
╰─────────┴────┴────────┴─────────┴─────────┴─────────┴────────┴──────────┴─────────┴──────────┴─────────┴─────────┴───┴─────────────────────╯
Total permutations: 36288000  Permutations left: 1  Initial combinations for each pair: 3628800

Ran in 10.63s
