╭────────────┬──────┬────────┬────────┬───────┬─────────┬───────┬──────┬───────┬────────┬────────────┬───────────╮
│            ┆ Alex ┆ Ashley ┆ Briana ┆ Ellie ┆ Jasmine ┆ Jenni ┆ Jess ┆ Paris ┆ Shelby ┆ TylerAbron ┆ Christina │
╞════════════╪══════╪════════╪════════╪═══════╪═════════╪═══════╪══════╪═══════╪════════╪════════════╪═══════════╡
│[48;2;41;44;60m Alex       [49m┆[48;2;41;44;60m 10   [49m┆[48;2;41;44;60m 10     [49m┆[48;2;41;44;60m 10     [49m┆[48;2;41;44;60m 10    [49m┆[48;2;41;44;60m 10      [49m┆[48;2;41;44;60m 10    [49m┆[48;2;41;44;60m 10   [49m┆[48;2;41;44;60m 10    [49m┆[48;2;41;44;60m 10     [49m┆[48;2;41;44;60m 10         [49m┆[48;2;41;44;60m 10        [49m│
│ Anthony    ┆ 10   ┆ 10     ┆ 10     ┆ 10    ┆ 10      ┆ 10    ┆ 10   ┆ 10    ┆ 10     ┆ 10         ┆ 10        │
│[48;2;41;44;60m Brandon    [49m┆[48;2;41;44;60m 10   [49m┆[48;2;41;44;60m 10     [49m┆[48;2;41;44;60m 10     [49m┆[48;2;41;44;60m 10    [49m┆[48;2;41;44;60m 10      [49m┆[48;2;41;44;60m 10    [49m┆[48;2;41;44;60m 10   [49m┆[48;2;41;44;60m 10    [49m┆[48;2;41;44;60m 10     [49m┆[48;2;41;44;60m 10         [49m┆[48;2;41;44;60m 10        [49m│
│ Curtis     ┆ 10   ┆ 10     ┆ 10     ┆ 10    ┆ 10      ┆ 10    ┆ 10   ┆ 10    ┆ 10     ┆ 10         ┆ 10        │
│[48;2;41;44;60m Dario      [49m┆[48;2;41;44;60m 10   [49m┆[48;2;41;44;60m 10     [49m┆[48;2;41;44;60m 10     [49m┆[48;2;41;44;60m 10    [49m┆[48;2;41;44;60m 10      [49m┆[48;2;41;44;60m 10    [49m┆[48;2;41;44;60m 10   [49m┆[48;2;41;44;60m 10    [49m┆[48;2;41;44;60m 10     [49m┆[48;2;41;44;60m 10         [49m┆[48;2;41;44;60m 10        [49m│
│ Garland    ┆ 10   ┆ 10     ┆ 10     ┆ 10    ┆ 10      ┆ 10    ┆ 10   ┆ 10    ┆ 10     ┆ 10         ┆ 10        │
│[48;2;41;44;60m John       [49m┆[48;2;41;44;60m 10   [49m┆[48;2;41;44;60m 10     [49m┆[48;2;41;44;60m 10     [49m┆[48;2;41;44;60m 10    [49m┆[48;2;41;44;60m 10      [49m┆[48;2;41;44;60m 10    [49m┆[48;2;41;44;60m 10   [49m┆[48;2;41;44;60m 10    [49m┆[48;2;41;44;60m 10     [49m┆[48;2;41;44;60m 10         [49m┆[48;2;41;44;60m 10        [49m│
│ Layton     ┆ 10   ┆ 10     ┆ 10     ┆ 10    ┆ 10      ┆ 10    ┆ 10   ┆ 10    ┆ 10     ┆ 10         ┆ 10        │
│[48;2;41;44;60m Nathan     [49m┆[48;2;41;44;60m 10   [49m┆[48;2;41;44;60m 10     [49m┆[48;2;41;44;60m 10     [49m┆[48;2;41;44;60m 10    [49m┆[48;2;41;44;60m 10      [49m┆[48;2;41;44;60m 10    [49m┆[48;2;41;44;60m 10   [49m┆[48;2;41;44;60m 10    [49m┆[48;2;41;44;60m 10     [49m┆[48;2;41;44;60m 10         [49m┆[48;2;41;44;60m 10        [49m│
│ TylerPratt ┆ 10   ┆ 10     ┆ 10     ┆ 10    ┆ 10      ┆ 10    ┆ 10   ┆ 10    ┆ 10     ┆ 10         ┆ 10        │
╰────────────┴──────┴────────┴────────┴───────┴─────────┴───────┴──────┴───────┴────────┴────────────┴───────────╯
36288000 left -> 25.113 bits left

MB#1.0 E01
Brandon -> Jess
---
-> I[l]/bits: {0: 0.15, 1: 3.32}
-> E[I]/bits: 0.47
0 lights => I = 0.152 bits
╭────────────┬────────┬────────┬────────┬────────┬─────────┬────────┬────────┬────────┬────────┬────────────┬───────────╮
│            ┆  Alex  ┆ Ashley ┆ Briana ┆  Ellie ┆ Jasmine ┆  Jenni ┆  Jess  ┆  Paris ┆ Shelby ┆ TylerAbron ┆ Christina │
╞════════════╪════════╪════════╪════════╪════════╪═════════╪════════╪════════╪════════╪════════╪════════════╪═══════════╡
│[48;2;41;44;60m Alex       [49m┆[48;2;41;44;60m  9.877 [49m┆[48;2;41;44;60m  9.877 [49m┆[48;2;41;44;60m  9.877 [49m┆[48;2;41;44;60m  9.877 [49m┆[48;2;41;44;60m  9.877  [49m┆[48;2;41;44;60m  9.877 [49m┆[48;2;41;44;60m 11.111 [49m┆[48;2;41;44;60m  9.877 [49m┆[48;2;41;44;60m  9.877 [49m┆[48;2;41;44;60m  9.877     [49m┆[48;2;41;44;60m 10        [49m│
│ Anthony    ┆  9.877 ┆  9.877 ┆  9.877 ┆  9.877 ┆  9.877  ┆  9.877 ┆ 11.111 ┆  9.877 ┆  9.877 ┆  9.877     ┆ 10        │
│[48;2;41;44;60m Brandon    [49m┆[48;2;41;44;60m 11.111 [49m┆[48;2;41;44;60m 11.111 [49m┆[48;2;41;44;60m 11.111 [49m┆[48;2;41;44;60m 11.111 [49m┆[48;2;41;44;60m 11.111  [49m┆[48;2;41;44;60m 11.111 [49m┆[48;2;41;44;60m[38;5;9m  0     [49m[39m┆[48;2;41;44;60m 11.111 [49m┆[48;2;41;44;60m 11.111 [49m┆[48;2;41;44;60m 11.111     [49m┆[48;2;41;44;60m 10        [49m│
│ Curtis     ┆  9.877 ┆  9.877 ┆  9.877 ┆  9.877 ┆  9.877  ┆  9.877 ┆ 11.111 ┆  9.877 ┆  9.877 ┆  9.877     ┆ 10        │
│[48;2;41;44;60m Dario      [49m┆[48;2;41;44;60m  9.877 [49m┆[48;2;41;44;60m  9.877 [49m┆[48;2;41;44;60m  9.877 [49m┆[48;2;41;44;60m  9.877 [49m┆[48;2;41;44;60m  9.877  [49m┆[48;2;41;44;60m  9.877 [49m┆[48;2;41;44;60m 11.111 [49m┆[48;2;41;44;60m  9.877 [49m┆[48;2;41;44;60m  9.877 [49m┆[48;2;41;44;60m  9.877     [49m┆[48;2;41;44;60m 10        [49m│
│ Garland    ┆  9.877 ┆  9.877 ┆  9.877 ┆  9.877 ┆  9.877  ┆  9.877 ┆ 11.111 ┆  9.877 ┆  9.877 ┆  9.877     ┆ 10        │
│[48;2;41;44;60m John       [49m┆[48;2;41;44;60m  9.877 [49m┆[48;2;41;44;60m  9.877 [49m┆[48;2;41;44;60m  9.877 [49m┆[48;2;41;44;60m  9.877 [49m┆[48;2;41;44;60m  9.877  [49m┆[48;2;41;44;60m  9.877 [49m┆[48;2;41;44;60m 11.111 [49m┆[48;2;41;44;60m  9.877 [49m┆[48;2;41;44;60m  9.877 [49m┆[48;2;41;44;60m  9.877     [49m┆[48;2;41;44;60m 10        [49m│
│ Layton     ┆  9.877 ┆  9.877 ┆  9.877 ┆  9.877 ┆  9.877  ┆  9.877 ┆ 11.111 ┆  9.877 ┆  9.877 ┆  9.877     ┆ 10        │
│[48;2;41;44;60m Nathan     [49m┆[48;2;41;44;60m  9.877 [49m┆[48;2;41;44;60m  9.877 [49m┆[48;2;41;44;60m  9.877 [49m┆[48;2;41;44;60m  9.877 [49m┆[48;2;41;44;60m  9.877  [49m┆[48;2;41;44;60m  9.877 [49m┆[48;2;41;44;60m 11.111 [49m┆[48;2;41;44;60m  9.877 [49m┆[48;2;41;44;60m  9.877 [49m┆[48;2;41;44;60m  9.877     [49m┆[48;2;41;44;60m 10        [49m│
│ TylerPratt ┆  9.877 ┆  9.877 ┆  9.877 ┆  9.877 ┆  9.877  ┆  9.877 ┆ 11.111 ┆  9.877 ┆  9.877 ┆  9.877     ┆ 10        │
╰────────────┴────────┴────────┴────────┴────────┴─────────┴────────┴────────┴────────┴────────┴────────────┴───────────╯
32659200 left -> 24.961 bits left

MN#1.0 E01
0x Anthony -> Jess
0x Alex -> Ellie
0x TylerPratt -> Paris
0x Layton -> Jenni
0x Curtis -> Briana
0x Nathan -> Shelby
0x Brandon -> Christina
0x Dario -> Ashley
0x John -> Jasmine
0x Garland -> Alex
---
-> I[l]/bits: {0: 1.46, 1: 1.43, 2: 2.43, 3: 4.04, 4: 6.10, 5: 8.51, 6: 11.23, 7: 14.20, 8: 17.53, 9: 20.87, 10: 24.96}
-> E[I]/bits: 1.88
2 lights => I = 2.4268 bits
╭────────────┬────────┬────────┬────────┬────────┬─────────┬────────┬────────┬────────┬────────┬────────────┬───────────╮
│            ┆  Alex  ┆ Ashley ┆ Briana ┆  Ellie ┆ Jasmine ┆  Jenni ┆  Jess  ┆  Paris ┆ Shelby ┆ TylerAbron ┆ Christina │
╞════════════╪════════╪════════╪════════╪════════╪═════════╪════════╪════════╪════════╪════════╪════════════╪═══════════╡
│[48;2;41;44;60m Alex       [49m┆[48;2;41;44;60m  8.678 [49m┆[48;2;41;44;60m  8.678 [49m┆[48;2;41;44;60m  8.678 [49m┆[48;2;41;44;60m 19.75  [49m┆[48;2;41;44;60m  8.678  [49m┆[48;2;41;44;60m  8.678 [49m┆[48;2;41;44;60m  9.722 [49m┆[48;2;41;44;60m  8.678 [49m┆[48;2;41;44;60m  8.678 [49m┆[48;2;41;44;60m  9.783     [49m┆[48;2;41;44;60m  8.913    [49m│
│ Anthony    ┆  8.517 ┆  8.517 ┆  8.517 ┆  8.517 ┆  8.517  ┆  8.517 ┆ 22.222 ┆  8.517 ┆  8.517 ┆  9.645     ┆  8.913    │
│[48;2;41;44;60m Brandon    [49m┆[48;2;41;44;60m 10.989 [49m┆[48;2;41;44;60m 10.989 [49m┆[48;2;41;44;60m 10.989 [49m┆[48;2;41;44;60m 10.989 [49m┆[48;2;41;44;60m 10.989  [49m┆[48;2;41;44;60m 10.989 [49m┆[48;2;41;44;60m[38;5;9m  0     [49m[39m┆[48;2;41;44;60m 10.989 [49m┆[48;2;41;44;60m 10.989 [49m┆[48;2;41;44;60m 12.087     [49m┆[48;2;41;44;60m 19.78     [49m│
│ Curtis     ┆  8.678 ┆  8.678 ┆ 19.75  ┆  8.678 ┆  8.678  ┆  8.678 ┆  9.722 ┆  8.678 ┆  8.678 ┆  9.783     ┆  8.913    │
│[48;2;41;44;60m Dario      [49m┆[48;2;41;44;60m  8.678 [49m┆[48;2;41;44;60m 19.75  [49m┆[48;2;41;44;60m  8.678 [49m┆[48;2;41;44;60m  8.678 [49m┆[48;2;41;44;60m  8.678  [49m┆[48;2;41;44;60m  8.678 [49m┆[48;2;41;44;60m  9.722 [49m┆[48;2;41;44;60m  8.678 [49m┆[48;2;41;44;60m  8.678 [49m┆[48;2;41;44;60m  9.783     [49m┆[48;2;41;44;60m  8.913    [49m│
│ Garland    ┆ 19.75  ┆  8.678 ┆  8.678 ┆  8.678 ┆  8.678  ┆  8.678 ┆  9.722 ┆  8.678 ┆  8.678 ┆  9.783     ┆  8.913    │
│[48;2;41;44;60m John       [49m┆[48;2;41;44;60m  8.678 [49m┆[48;2;41;44;60m  8.678 [49m┆[48;2;41;44;60m  8.678 [49m┆[48;2;41;44;60m  8.678 [49m┆[48;2;41;44;60m 19.75   [49m┆[48;2;41;44;60m  8.678 [49m┆[48;2;41;44;60m  9.722 [49m┆[48;2;41;44;60m  8.678 [49m┆[48;2;41;44;60m  8.678 [49m┆[48;2;41;44;60m  9.783     [49m┆[48;2;41;44;60m  8.913    [49m│
│ Layton     ┆  8.678 ┆  8.678 ┆  8.678 ┆  8.678 ┆  8.678  ┆ 19.75  ┆  9.722 ┆  8.678 ┆  8.678 ┆  9.783     ┆  8.913    │
│[48;2;41;44;60m Nathan     [49m┆[48;2;41;44;60m  8.678 [49m┆[48;2;41;44;60m  8.678 [49m┆[48;2;41;44;60m  8.678 [49m┆[48;2;41;44;60m  8.678 [49m┆[48;2;41;44;60m  8.678  [49m┆[48;2;41;44;60m  8.678 [49m┆[48;2;41;44;60m  9.722 [49m┆[48;2;41;44;60m  8.678 [49m┆[48;2;41;44;60m 19.75  [49m┆[48;2;41;44;60m  9.783     [49m┆[48;2;41;44;60m  8.913    [49m│
│ TylerPratt ┆  8.678 ┆  8.678 ┆  8.678 ┆  8.678 ┆  8.678  ┆  8.678 ┆  9.722 ┆ 19.75  ┆  8.678 ┆  9.783     ┆  8.913    │
╰────────────┴────────┴────────┴────────┴────────┴─────────┴────────┴────────┴────────┴────────┴────────────┴───────────╯
6074065 left -> 22.5342 bits left

MB#2.0 E02
Brandon -> Christina
---
-> I[l]/bits: {0: 0.32, 1: 2.34}
-> E[I]/bits: 0.72
0 lights => I = 0.318 bits
╭────────────┬────────┬────────┬────────┬────────┬─────────┬────────┬────────┬────────┬────────┬────────────┬───────────╮
│            ┆  Alex  ┆ Ashley ┆ Briana ┆  Ellie ┆ Jasmine ┆  Jenni ┆  Jess  ┆  Paris ┆ Shelby ┆ TylerAbron ┆ Christina │
╞════════════╪════════╪════════╪════════╪════════╪═════════╪════════╪════════╪════════╪════════╪════════════╪═══════════╡
│[48;2;41;44;60m Alex       [49m┆[48;2;41;44;60m  8.415 [49m┆[48;2;41;44;60m  8.415 [49m┆[48;2;41;44;60m  8.415 [49m┆[48;2;41;44;60m 21.918 [49m┆[48;2;41;44;60m  8.415  [49m┆[48;2;41;44;60m  8.415 [49m┆[48;2;41;44;60m  9.418 [49m┆[48;2;41;44;60m  8.415 [49m┆[48;2;41;44;60m  8.415 [49m┆[48;2;41;44;60m  9.76      [49m┆[48;2;41;44;60m 11.111    [49m│
│ Anthony    ┆  8.219 ┆  8.219 ┆  8.219 ┆  8.219 ┆  8.219  ┆  8.219 ┆ 24.658 ┆  8.219 ┆  8.219 ┆  9.588     ┆ 11.111    │
│[48;2;41;44;60m Brandon    [49m┆[48;2;41;44;60m 10.959 [49m┆[48;2;41;44;60m 10.959 [49m┆[48;2;41;44;60m 10.959 [49m┆[48;2;41;44;60m 10.959 [49m┆[48;2;41;44;60m 10.959  [49m┆[48;2;41;44;60m 10.959 [49m┆[48;2;41;44;60m[38;5;9m  0     [49m[39m┆[48;2;41;44;60m 10.959 [49m┆[48;2;41;44;60m 10.959 [49m┆[48;2;41;44;60m 12.328     [49m┆[48;2;41;44;60m[38;5;9m  0        [49m[39m│
│ Curtis     ┆  8.415 ┆  8.415 ┆ 21.918 ┆  8.415 ┆  8.415  ┆  8.415 ┆  9.418 ┆  8.415 ┆  8.415 ┆  9.76      ┆ 11.111    │
│[48;2;41;44;60m Dario      [49m┆[48;2;41;44;60m  8.415 [49m┆[48;2;41;44;60m 21.918 [49m┆[48;2;41;44;60m  8.415 [49m┆[48;2;41;44;60m  8.415 [49m┆[48;2;41;44;60m  8.415  [49m┆[48;2;41;44;60m  8.415 [49m┆[48;2;41;44;60m  9.418 [49m┆[48;2;41;44;60m  8.415 [49m┆[48;2;41;44;60m  8.415 [49m┆[48;2;41;44;60m  9.76      [49m┆[48;2;41;44;60m 11.111    [49m│
│ Garland    ┆ 21.918 ┆  8.415 ┆  8.415 ┆  8.415 ┆  8.415  ┆  8.415 ┆  9.418 ┆  8.415 ┆  8.415 ┆  9.76      ┆ 11.111    │
│[48;2;41;44;60m John       [49m┆[48;2;41;44;60m  8.415 [49m┆[48;2;41;44;60m  8.415 [49m┆[48;2;41;44;60m  8.415 [49m┆[48;2;41;44;60m  8.415 [49m┆[48;2;41;44;60m 21.918  [49m┆[48;2;41;44;60m  8.415 [49m┆[48;2;41;44;60m  9.418 [49m┆[48;2;41;44;60m  8.415 [49m┆[48;2;41;44;60m  8.415 [49m┆[48;2;41;44;60m  9.76      [49m┆[48;2;41;44;60m 11.111    [49m│
│ Layton     ┆  8.415 ┆  8.415 ┆  8.415 ┆  8.415 ┆  8.415  ┆ 21.918 ┆  9.418 ┆  8.415 ┆  8.415 ┆  9.76      ┆ 11.111    │
│[48;2;41;44;60m Nathan     [49m┆[48;2;41;44;60m  8.415 [49m┆[48;2;41;44;60m  8.415 [49m┆[48;2;41;44;60m  8.415 [49m┆[48;2;41;44;60m  8.415 [49m┆[48;2;41;44;60m  8.415  [49m┆[48;2;41;44;60m  8.415 [49m┆[48;2;41;44;60m  9.418 [49m┆[48;2;41;44;60m  8.415 [49m┆[48;2;41;44;60m 21.918 [49m┆[48;2;41;44;60m  9.76      [49m┆[48;2;41;44;60m 11.111    [49m│
│ TylerPratt ┆  8.415 ┆  8.415 ┆  8.415 ┆  8.415 ┆  8.415  ┆  8.415 ┆  9.418 ┆ 21.918 ┆  8.415 ┆  9.76      ┆ 11.111    │
╰────────────┴────────┴────────┴────────┴────────┴─────────┴────────┴────────┴────────┴────────┴────────────┴───────────╯
4872600 left -> 22.2163 bits left

MN#2.0 E02
1x Curtis -> Briana
0x Dario -> Shelby
1x TylerPratt -> Paris
0x Nathan -> Jenni
0x Brandon -> TylerAbron
0x John -> Ashley
0x Alex -> Christina
0x Layton -> Jess
0x Anthony -> Alex
0x Garland -> Jasmine
---
-> I[l]/bits: {0: 1.74, 1: 1.44, 2: 2.19, 3: 3.57, 4: 5.41, 5: 7.60, 6: 10.08, 7: 12.73, 8: 15.50, 9: 19.41}
-> E[I]/bits: 2.01
2 lights => I = 2.1893 bits
╭────────────┬────────┬────────┬────────┬────────┬─────────┬────────┬────────┬────────┬────────┬────────────┬───────────╮
│            ┆  Alex  ┆ Ashley ┆ Briana ┆  Ellie ┆ Jasmine ┆  Jenni ┆  Jess  ┆  Paris ┆ Shelby ┆ TylerAbron ┆ Christina │
╞════════════╪════════╪════════╪════════╪════════╪═════════╪════════╪════════╪════════╪════════╪════════════╪═══════════╡
│[48;2;41;44;60m Alex       [49m┆[48;2;41;44;60m  9.006 [49m┆[48;2;41;44;60m  8.965 [49m┆[48;2;41;44;60m  7.373 [49m┆[48;2;41;44;60m 20.706 [49m┆[48;2;41;44;60m  8.997  [49m┆[48;2;41;44;60m  9.006 [49m┆[48;2;41;44;60m 10.041 [49m┆[48;2;41;44;60m  7.373 [49m┆[48;2;41;44;60m  8.997 [49m┆[48;2;41;44;60m  9.535     [49m┆[48;2;41;44;60m 18.848    [49m│
│ Anthony    ┆ 13.89  ┆  8.775 ┆  6.966 ┆  8.905 ┆  8.733  ┆  8.767 ┆ 19.106 ┆  6.966 ┆  8.795 ┆  9.097     ┆ 10.144    │
│[48;2;41;44;60m Brandon    [49m┆[48;2;41;44;60m 10.345 [49m┆[48;2;41;44;60m 10.345 [49m┆[48;2;41;44;60m  8.399 [49m┆[48;2;41;44;60m 10.761 [49m┆[48;2;41;44;60m 10.345  [49m┆[48;2;41;44;60m 10.345 [49m┆[48;2;41;44;60m[38;5;9m  0     [49m[39m┆[48;2;41;44;60m  8.399 [49m┆[48;2;41;44;60m 10.345 [49m┆[48;2;41;44;60m 20.714     [49m┆[48;2;41;44;60m[38;5;9m  0        [49m[39m│
│ Curtis     ┆  7.055 ┆  7.02  ┆ 36.917 ┆  7.373 ┆  7.032  ┆  7.055 ┆  7.765 ┆  5.279 ┆  7.032 ┆  7.47      ┆ 10.144    │
│[48;2;41;44;60m Dario      [49m┆[48;2;41;44;60m  8.847 [49m┆[48;2;41;44;60m 17.347 [49m┆[48;2;41;44;60m  7.024 [49m┆[48;2;41;44;60m  8.98  [49m┆[48;2;41;44;60m  8.773  [49m┆[48;2;41;44;60m  8.82  [49m┆[48;2;41;44;60m  9.857 [49m┆[48;2;41;44;60m  7.024 [49m┆[48;2;41;44;60m 14.175 [49m┆[48;2;41;44;60m  9.151     [49m┆[48;2;41;44;60m 10.144    [49m│
│ Garland    ┆ 17.34  ┆  8.779 ┆  7.029 ┆  8.987 ┆ 14.158  ┆  8.887 ┆  9.809 ┆  7.029 ┆  8.821 ┆  9.16      ┆ 10.144    │
│[48;2;41;44;60m John       [49m┆[48;2;41;44;60m  8.836 [49m┆[48;2;41;44;60m 14.19  [49m┆[48;2;41;44;60m  7.026 [49m┆[48;2;41;44;60m  8.979 [49m┆[48;2;41;44;60m 17.328  [49m┆[48;2;41;44;60m  8.844 [49m┆[48;2;41;44;60m  9.86  [49m┆[48;2;41;44;60m  7.026 [49m┆[48;2;41;44;60m  8.757 [49m┆[48;2;41;44;60m  9.152     [49m┆[48;2;41;44;60m 10.144    [49m│
│ Layton     ┆  8.744 ┆  8.765 ┆  6.956 ┆  8.944 ┆  8.78   ┆ 17.03  ┆ 15.999 ┆  6.956 ┆  8.736 ┆  9.09      ┆ 10.144    │
│[48;2;41;44;60m Nathan     [49m┆[48;2;41;44;60m  8.882 [49m┆[48;2;41;44;60m  8.793 [49m┆[48;2;41;44;60m  7.03  [49m┆[48;2;41;44;60m  8.989 [49m┆[48;2;41;44;60m  8.822  [49m┆[48;2;41;44;60m 14.19  [49m┆[48;2;41;44;60m  9.796 [49m┆[48;2;41;44;60m  7.03  [49m┆[48;2;41;44;60m 17.308 [49m┆[48;2;41;44;60m  9.16      [49m┆[48;2;41;44;60m 10.144    [49m│
│ TylerPratt ┆  7.055 ┆  7.02  ┆  5.279 ┆  7.373 ┆  7.032  ┆  7.055 ┆  7.765 ┆ 36.917 ┆  7.032 ┆  7.47      ┆ 10.144    │
╰────────────┴────────┴────────┴────────┴────────┴─────────┴────────┴────────┴────────┴────────┴────────────┴───────────╯
1068329 left -> 20.0269 bits left

╭────────┬───┬────────────┬─────────┬─────────────┬─────────┬─────────┬──────────┬──────────┬────────┬─────────┬────────────┬───┬────────┬──────┬──────────╮
│        ┆ L ┆    Alex    ┆ Anthony ┆   Brandon   ┆  Curtis ┆  Dario  ┆  Garland ┆   John   ┆ Layton ┆  Nathan ┆ TylerPratt ┆   ┆    I   ┆ #new ┆ min dist │
╞════════╪═══╪════════════╪═════════╪═════════════╪═════════╪═════════╪══════════╪══════════╪════════╪═════════╪════════════╪═══╪════════╪══════╪══════════╡
│ MB#1.0 ┆ 0 ┆            ┆         ┆ Jess        ┆         ┆         ┆          ┆          ┆        ┆         ┆            ┆   ┆ 0.1520 ┆      ┆          │
│ MN#1.0 ┆ 2 ┆ Ellie*     ┆ Jess*   ┆ Christina*  ┆ Briana* ┆ Ashley* ┆ Alex*    ┆ Jasmine* ┆ Jenni* ┆ Shelby* ┆ Paris*     ┆   ┆ 2.4268 ┆ 10   ┆          │
│ MB#2.0 ┆ 0 ┆            ┆         ┆ Christina   ┆         ┆         ┆          ┆          ┆        ┆         ┆            ┆   ┆ 0.3180 ┆      ┆          │
│ MN#2.0 ┆ 2 ┆ Christina* ┆ Alex*   ┆ TylerAbron* ┆ Briana  ┆ Shelby* ┆ Jasmine* ┆ Ashley*  ┆ Jess*  ┆ Jenni*  ┆ Paris      ┆   ┆ 2.1893 ┆ 8    ┆ 8/MN#1   │
╰────────┴───┴────────────┴─────────┴─────────────┴─────────┴─────────┴──────────┴──────────┴────────┴─────────┴────────────┴───┴────────┴──────┴──────────╯
Total permutations: 36288000  Permutations left: 1068329  Initial combinations for each pair: 3628800

Ran in 10.50s
