total 3628800 -> max I 21.791061

opt:  0 Anna->Amadu
real: 0.46899559358928 Zoe->Martin
	 |-> 0 -> 0.15200309344505
3265920 poss left -> max I 21.639058

opt:  0
real: 1.8925895331138 Anna->Micha Cecilia->Amadu Celina->Martin Franzi->Max Gina->Calvin Isabelle->Lukas Karina->Pharrell Luisa->Fabio Ricarda->Maurice Zoe->Luca
	 |-> 3 -> 3.9925555620206
205176 poss left -> max I 17.646502
            Amadu|  Calvin|   Fabio|Pharrell|    Luca|   Lukas|  Martin| Maurice|     Max|   Micha|   Felix|
    Anna|  7.8099|  7.8099|  7.8099|  7.8099|  7.5296|  7.8099|  8.4337|  7.8099|  7.8099| 29.3675|[2m[31m  0.0000[0m|
 Cecilia| 29.3675|  7.8099|  7.8099|  7.8099|  7.5296|  7.8099|  8.4337|  7.8099|  7.8099|  7.8099|[2m[31m  0.0000[0m|
  Celina|  7.5296|  7.5296|  7.5296|  7.5296|  7.2328|  7.5296| 32.5301|  7.5296|  7.5296|  7.5296|[2m[31m  0.0000[0m|
  Franzi|  7.8099|  7.8099|  7.8099|  7.8099|  7.5296|  7.8099|  8.4337|  7.8099| 29.3675|  7.8099|[2m[31m  0.0000[0m|
    Gina|  7.8099| 29.3675|  7.8099|  7.8099|  7.5296|  7.8099|  8.4337|  7.8099|  7.8099|  7.8099|[2m[31m  0.0000[0m|
Isabelle|  7.8099|  7.8099|  7.8099|  7.8099|  7.5296| 29.3675|  8.4337|  7.8099|  7.8099|  7.8099|[2m[31m  0.0000[0m|
  Karina|  7.8099|  7.8099|  7.8099| 29.3675|  7.5296|  7.8099|  8.4337|  7.8099|  7.8099|  7.8099|[2m[31m  0.0000[0m|
   Luisa|  7.8099|  7.8099| 29.3675|  7.8099|  7.5296|  7.8099|  8.4337|  7.8099|  7.8099|  7.8099|[2m[31m  0.0000[0m|
 Ricarda|  7.8099|  7.8099|  7.8099|  7.8099|  7.5296|  7.8099|  8.4337| 29.3675|  7.8099|  7.8099|[2m[31m  0.0000[0m|
     Zoe|  8.4337|  8.4337|  8.4337|  8.4337| 32.5301|  8.4337|[2m[31m  0.0000[0m|  8.4337|  8.4337|  8.4337|[2m[31m  0.0000[0m|
   Dummy|[2m[31m  0.0000[0m|[2m[31m  0.0000[0m|[2m[31m  0.0000[0m|[2m[31m  0.0000[0m|[2m[31m  0.0000[0m|[2m[31m  0.0000[0m|[2m[31m  0.0000[0m|[2m[31m  0.0000[0m|[2m[31m  0.0000[0m|[2m[31m  0.0000[0m|[2m[31m  0.0000[0m|

opt:  0.91005342901392 Celina->Martin
	 (min: 0, sum: 44.169565539916, count: 100, avg: 0.44169565539916, sigma: 1.5196974927964, )
real: 0.87342090732451 Karina->Pharrell
	 |-> 0 -> 0.50159531883155
144921 poss left -> max I 17.144907
            Amadu|  Calvin|   Fabio|Pharrell|    Luca|   Lukas|  Martin| Maurice|     Max|   Micha|   Felix|
    Anna|  7.0211|  7.0211|  7.0211| 11.0571|  6.7313|  7.0211|  7.4627|  7.0211|  7.0211| 32.6226|[2m[31m  0.0000[0m|
 Cecilia| 32.6226|  7.0211|  7.0211| 11.0571|  6.7313|  7.0211|  7.4627|  7.0211|  7.0211|  7.0211|[2m[31m  0.0000[0m|
  Celina|  6.7313|  6.7313|  6.7313| 10.6603|  6.4000|  6.7313| 35.8209|  6.7313|  6.7313|  6.7313|[2m[31m  0.0000[0m|
  Franzi|  7.0211|  7.0211|  7.0211| 11.0571|  6.7313|  7.0211|  7.4627|  7.0211| 32.6226|  7.0211|[2m[31m  0.0000[0m|
    Gina|  7.0211| 32.6226|  7.0211| 11.0571|  6.7313|  7.0211|  7.4627|  7.0211|  7.0211|  7.0211|[2m[31m  0.0000[0m|
Isabelle|  7.0211|  7.0211|  7.0211| 11.0571|  6.7313| 32.6226|  7.4627|  7.0211|  7.0211|  7.0211|[2m[31m  0.0000[0m|
  Karina| 11.0571| 11.0571| 11.0571|[2m[31m  0.0000[0m| 10.6603| 11.0571| 11.9403| 11.0571| 11.0571| 11.0571|[2m[31m  0.0000[0m|
   Luisa|  7.0211|  7.0211| 32.6226| 11.0571|  6.7313|  7.0211|  7.4627|  7.0211|  7.0211|  7.0211|[2m[31m  0.0000[0m|
 Ricarda|  7.0211|  7.0211|  7.0211| 11.0571|  6.7313|  7.0211|  7.4627| 32.6226|  7.0211|  7.0211|[2m[31m  0.0000[0m|
     Zoe|  7.4627|  7.4627|  7.4627| 11.9403| 35.8209|  7.4627|[2m[31m  0.0000[0m|  7.4627|  7.4627|  7.4627|[2m[31m  0.0000[0m|
   Dummy|[2m[31m  0.0000[0m|[2m[31m  0.0000[0m|[2m[31m  0.0000[0m|[2m[31m  0.0000[0m|[2m[31m  0.0000[0m|[2m[31m  0.0000[0m|[2m[31m  0.0000[0m|[2m[31m  0.0000[0m|[2m[31m  0.0000[0m|[2m[31m  0.0000[0m|[2m[31m  0.0000[0m|

opt:  0
real: 2.0660731333855 Anna->Micha Cecilia->Pharrell Celina->Max Franzi->Luca Gina->Amadu Isabelle->Martin Karina->Fabio Luisa->Calvin Ricarda->Maurice Zoe->Lukas
	 |-> 2 -> 2.0666312200158
34595 poss left -> max I 15.078276
            Amadu|  Calvin|   Fabio|Pharrell|    Luca|   Lukas|  Martin| Maurice|     Max|   Micha|   Felix|
    Anna|  5.7494|  5.6367|  5.3707|  8.0994|  5.4025|  5.5962|  6.0038|  2.8559|  5.6106| 49.6748|[2m[31m  0.0000[0m|
 Cecilia| 27.0819|  7.5271|  7.3132| 17.2684|  7.1860|  7.4433|  8.0185|  5.3707|  7.4201|  5.3707|[2m[31m  0.0000[0m|
  Celina|  7.5329|  7.4548|  7.1860| 10.6778|  7.2062|  7.5589| 31.1548|  5.4025| 10.4235|  5.4025|[2m[31m  0.0000[0m|
  Franzi|  7.7873|  7.7410|  7.4201| 10.9698| 10.4235|  7.7583|  8.4261|  5.6106| 28.2526|  5.6106|[2m[31m  0.0000[0m|
    Gina| 10.9900| 28.0040|  7.5271| 10.9496|  7.4548|  7.7237|  8.3365|  5.6367|  7.7410|  5.6367|[2m[31m  0.0000[0m|
Isabelle|  7.8364|  7.7237|  7.4433| 10.9235|  7.5589| 27.9202| 11.6433|  5.5962|  7.7583|  5.5962|[2m[31m  0.0000[0m|
  Karina| 11.0334| 10.9496| 17.2684|[2m[31m  0.0000[0m| 10.6778| 10.9235| 11.9786|  8.0994| 10.9698|  8.0994|[2m[31m  0.0000[0m|
   Luisa|  7.8046| 10.9900| 27.0819| 11.0334|  7.5329|  7.8364|  8.4347|  5.7494|  7.7873|  5.7494|[2m[31m  0.0000[0m|
 Ricarda|  5.7494|  5.6367|  5.3707|  8.0994|  5.4025|  5.5962|  6.0038| 49.6748|  5.6106|  2.8559|[2m[31m  0.0000[0m|
     Zoe|  8.4347|  8.3365|  8.0185| 11.9786| 31.1548| 11.6433|[2m[31m  0.0000[0m|  6.0038|  8.4261|  6.0038|[2m[31m  0.0000[0m|
   Dummy|[2m[31m  0.0000[0m|[2m[31m  0.0000[0m|[2m[31m  0.0000[0m|[2m[31m  0.0000[0m|[2m[31m  0.0000[0m|[2m[31m  0.0000[0m|[2m[31m  0.0000[0m|[2m[31m  0.0000[0m|[2m[31m  0.0000[0m|[2m[31m  0.0000[0m|[2m[31m  0.0000[0m|

opt:  0.99996948692536 Anna->Micha
	 (min: 0, sum: 42.885272799877, count: 100, avg: 0.42885272799877, sigma: 1.7627960594837, )
real: 0.3864426187472 Celina->Lukas
	 |-> 0 -> 0.11339360203625
31980 poss left -> max I 14.964882
            Amadu|  Calvin|   Fabio|Pharrell|    Luca|   Lukas|  Martin| Maurice|     Max|   Micha|   Felix|
    Anna|  5.7942|  5.6879|  5.4409|  8.0926|  5.4816|  6.0538|  5.8755|  2.9518|  5.6379| 48.9837|[2m[31m  0.0000[0m|
 Cecilia| 26.4916|  7.5235|  7.3483| 17.2295|  7.2295|  8.0519|  7.8018|  5.4409|  7.4422|  5.4409|[2m[31m  0.0000[0m|
  Celina|  8.1488|  8.0644|  7.7736| 11.5510|  7.7955|[2m[31m  0.0000[0m| 33.7023|  5.8443| 11.2758|  5.8443|[2m[31m  0.0000[0m|
  Franzi|  7.7986|  7.7736|  7.4359| 10.8755| 10.5785|  8.3927|  8.2364|  5.6817| 27.5453|  5.6817|[2m[31m  0.0000[0m|
    Gina| 11.2101| 27.3452|  7.5235| 10.8318|  7.5266|  8.3552|  8.0582|  5.6879|  7.7736|  5.6879|[2m[31m  0.0000[0m|
Isabelle|  7.6517|  7.5141|  7.2921| 10.6254|  7.4547| 30.2033| 10.7036|  5.5003|  7.5547|  5.5003|[2m[31m  0.0000[0m|
  Karina| 10.9006| 10.8318| 17.2295|[2m[31m  0.0000[0m| 10.6285| 11.8168| 11.5666|  8.0926| 10.8412|  8.0926|[2m[31m  0.0000[0m|
   Luisa|  7.7642| 11.2101| 26.4916| 10.9006|  7.5704|  8.4772|  8.1801|  5.7942|  7.8174|  5.7942|[2m[31m  0.0000[0m|
 Ricarda|  5.7942|  5.6879|  5.4409|  8.0926|  5.4816|  6.0538|  5.8755| 48.9837|  5.6379|  2.9518|[2m[31m  0.0000[0m|
     Zoe|  8.4459|  8.3615|  8.0238| 11.8011| 30.2533| 12.5954|[2m[31m  0.0000[0m|  6.0225|  8.4740|  6.0225|[2m[31m  0.0000[0m|
   Dummy|[2m[31m  0.0000[0m|[2m[31m  0.0000[0m|[2m[31m  0.0000[0m|[2m[31m  0.0000[0m|[2m[31m  0.0000[0m|[2m[31m  0.0000[0m|[2m[31m  0.0000[0m|[2m[31m  0.0000[0m|[2m[31m  0.0000[0m|[2m[31m  0.0000[0m|[2m[31m  0.0000[0m|

opt:  0
real: 2.1268100112084 Anna->Martin Cecilia->Amadu Celina->Fabio Franzi->Lukas Gina->Micha Isabelle->Luca Karina->Calvin Luisa->Pharrell Ricarda->Maurice Zoe->Max
	 |-> 3 -> 3.1567225454993
3586 poss left -> max I 11.808160
            Amadu|  Calvin|   Fabio|Pharrell|    Luca|   Lukas|  Martin| Maurice|     Max|   Micha|   Felix|
    Anna|  4.4897|  7.1946|  7.9755|  9.7323|  6.9437|  7.5014| 16.3971|  0.7808|  6.9158| 32.0692|[2m[31m  0.0000[0m|
 Cecilia| 53.6531|  5.3820|  5.5494|  8.6447|  4.8801|  5.4936|  5.8003|  0.5856|  5.0195|  4.9916|[2m[31m  0.0000[0m|
  Celina|  5.2426|  8.2264| 19.4088| 11.3776|  8.2264|[2m[31m  0.0000[0m| 26.2131|  1.8405| 11.4612|  8.0033|[2m[31m  0.0000[0m|
  Franzi|  5.5772|  7.1389|  7.6966|  9.8996| 10.4573| 21.1099|  8.9794|  1.8963| 19.4646|  7.7803|[2m[31m  0.0000[0m|
    Gina|  6.3581| 20.8589|  8.5332| 10.4852|  8.8957|  9.7602|  9.1746|  2.4261|  8.7284| 14.7797|[2m[31m  0.0000[0m|
Isabelle|  5.5772|  6.9994|  7.7245| 10.3179| 18.8232| 22.3369| 11.0151|  1.8963|  7.7803|  7.5293|[2m[31m  0.0000[0m|
  Karina|  7.4177| 25.2091| 13.8316|[2m[31m  0.0000[0m|  9.8717| 10.4573| 11.5170|  2.6771|  9.7323|  9.2861|[2m[31m  0.0000[0m|
   Luisa|  5.1590|  9.5371| 19.1299| 25.4601|  7.4456|  8.3659|  8.5053|  1.8405|  7.6408|  6.9158|[2m[31m  0.0000[0m|
 Ricarda|  0.6414|  1.6174|  1.8126|  2.8165|  2.0636|  2.2309|  2.3982|[32m 83.8818[0m|  1.9799|  0.5577|[2m[31m  0.0000[0m|
     Zoe|  5.8840|  7.8360|  8.3380| 11.2660| 22.3926| 12.7440|[2m[31m  0.0000[0m|  2.1751| 21.2772|  8.0870|[2m[31m  0.0000[0m|
   Dummy|[2m[31m  0.0000[0m|[2m[31m  0.0000[0m|[2m[31m  0.0000[0m|[2m[31m  0.0000[0m|[2m[31m  0.0000[0m|[2m[31m  0.0000[0m|[2m[31m  0.0000[0m|[2m[31m  0.0000[0m|[2m[31m  0.0000[0m|[2m[31m  0.0000[0m|[2m[31m  0.0000[0m|

opt:  0.99614598331292 Cecilia->Amadu
	 (min: 0, sum: 40.132318707359, count: 100, avg: 0.40132318707359, sigma: 2.1134217922424, )
real: 0.41494134097359 Luisa->Lukas
	 |-> 1 -> 3.5793410823725
300 poss left -> max I 8.228819
            Amadu|  Calvin|   Fabio|Pharrell|    Luca|   Lukas|  Martin| Maurice|     Max|   Micha|   Felix|
    Anna|  3.3333|  7.0000| 11.0000| 13.3333|  5.0000|[2m[31m  0.0000[0m| 17.3333|[2m[31m  0.0000[0m|  6.6667| 36.3333|[2m[31m  0.0000[0m|
 Cecilia| 68.6667|  3.3333|  5.0000|  9.0000|  3.0000|[2m[31m  0.0000[0m|  5.0000|[2m[31m  0.0000[0m|  3.3333|  2.6667|[2m[31m  0.0000[0m|
  Celina|  3.0000|  8.3333| 23.6667| 15.0000|  6.3333|[2m[31m  0.0000[0m| 25.0000|  0.6667|  9.3333|  8.6667|[2m[31m  0.0000[0m|
  Franzi|  6.6667|  8.3333| 10.3333| 15.3333| 12.3333|[2m[31m  0.0000[0m| 11.3333|  1.6667| 25.6667|  8.3333|[2m[31m  0.0000[0m|
    Gina|  2.6667| 25.6667| 10.3333| 15.0000|  9.6667|[2m[31m  0.0000[0m|  9.3333|  2.0000| 10.6667| 14.6667|[2m[31m  0.0000[0m|
Isabelle|  5.6667|  8.0000|  9.0000| 14.0000| 26.3333|[2m[31m  0.0000[0m| 17.3333|  1.0000|  9.0000|  9.6667|[2m[31m  0.0000[0m|
  Karina|  5.3333| 31.3333| 19.6667|[2m[31m  0.0000[0m| 11.0000|[2m[31m  0.0000[0m| 13.6667|  0.6667| 10.0000|  8.3333|[2m[31m  0.0000[0m|
   Luisa|[2m[31m  0.0000[0m|[2m[31m  0.0000[0m|[2m[31m  0.0000[0m|[2m[31m  0.0000[0m|[2m[31m  0.0000[0m|[32m100.0000[0m|[2m[31m  0.0000[0m|[2m[31m  0.0000[0m|[2m[31m  0.0000[0m|[2m[31m  0.0000[0m|[2m[31m  0.0000[0m|
 Ricarda|[2m[31m  0.0000[0m|  0.6667|  0.6667|  2.6667|  1.0000|[2m[31m  0.0000[0m|  1.0000|[32m 93.3333[0m|  0.6667|[2m[31m  0.0000[0m|[2m[31m  0.0000[0m|
     Zoe|  4.6667|  7.3333| 10.3333| 15.6667| 25.3333|[2m[31m  0.0000[0m|[2m[31m  0.0000[0m|  0.6667| 24.6667| 11.3333|[2m[31m  0.0000[0m|
   Dummy|[2m[31m  0.0000[0m|[2m[31m  0.0000[0m|[2m[31m  0.0000[0m|[2m[31m  0.0000[0m|[2m[31m  0.0000[0m|[2m[31m  0.0000[0m|[2m[31m  0.0000[0m|[2m[31m  0.0000[0m|[2m[31m  0.0000[0m|[2m[31m  0.0000[0m|[2m[31m  0.0000[0m|

add Dummy Felix to the possibilities
3300	poss left
opt:  0.95499054428304 Cecilia->Amadu
	 (min: 0, sum: 40.318028554346, count: 121, avg: 0.33320684755658, sigma: 2.7038395881502, )
real: 0.43949698692151 Luisa->Lukas
	 |-> 1 -> 0.13750352374993
3000 poss left -> max I 11.550747
            Amadu|  Calvin|   Fabio|Pharrell|    Luca|   Lukas|  Martin| Maurice|     Max|   Micha|   Felix|
    Anna|  3.0000|  6.3000|  9.9000| 12.0000|  4.5000|[2m[31m  0.0000[0m| 15.6000|[2m[31m  0.0000[0m|  6.0000| 32.7000| 10.0000|
 Cecilia| 61.8000|  3.0000|  4.5000|  8.1000|  2.7000|[2m[31m  0.0000[0m|  4.5000|[2m[31m  0.0000[0m|  3.0000|  2.4000| 10.0000|
  Celina|  2.7000|  7.5000| 21.3000| 13.5000|  5.7000|[2m[31m  0.0000[0m| 22.5000|  0.6000|  8.4000|  7.8000| 10.0000|
  Franzi|  6.0000|  7.5000|  9.3000| 13.8000| 11.1000|[2m[31m  0.0000[0m| 10.2000|  1.5000| 23.1000|  7.5000| 10.0000|
    Gina|  2.4000| 23.1000|  9.3000| 13.5000|  8.7000|[2m[31m  0.0000[0m|  8.4000|  1.8000|  9.6000| 13.2000| 10.0000|
Isabelle|  5.1000|  7.2000|  8.1000| 12.6000| 23.7000|[2m[31m  0.0000[0m| 15.6000|  0.9000|  8.1000|  8.7000| 10.0000|
  Karina|  4.8000| 28.2000| 17.7000|[2m[31m  0.0000[0m|  9.9000|[2m[31m  0.0000[0m| 12.3000|  0.6000|  9.0000|  7.5000| 10.0000|
   Luisa|[2m[31m  0.0000[0m|[2m[31m  0.0000[0m|[2m[31m  0.0000[0m|[2m[31m  0.0000[0m|[2m[31m  0.0000[0m|[32m100.0000[0m|[2m[31m  0.0000[0m|[2m[31m  0.0000[0m|[2m[31m  0.0000[0m|[2m[31m  0.0000[0m|[2m[31m  0.0000[0m|
 Ricarda|[2m[31m  0.0000[0m|  0.6000|  0.6000|  2.4000|  0.9000|[2m[31m  0.0000[0m|  0.9000|[32m 84.0000[0m|  0.6000|[2m[31m  0.0000[0m| 10.0000|
     Zoe|  4.2000|  6.6000|  9.3000| 14.1000| 22.8000|[2m[31m  0.0000[0m|[2m[31m  0.0000[0m|  0.6000| 22.2000| 10.2000| 10.0000|
   Dummy| 10.0000| 10.0000| 10.0000| 10.0000| 10.0000|[2m[31m  0.0000[0m| 10.0000| 10.0000| 10.0000| 10.0000| 10.0000|

opt:  0.95944232110753 Cecilia->Amadu
	 (min: 0, sum: 39.398926968372, count: 121, avg: 0.32561096668076, sigma: 2.7745013651324, )
real: 0.46899559358928 Ricarda->Felix
	 |-> 0 -> 0.15200309344505
2700 poss left -> max I 11.398744
            Amadu|  Calvin|   Fabio|Pharrell|    Luca|   Lukas|  Martin| Maurice|     Max|   Micha|   Felix|
    Anna|  2.9630|  6.2222|  9.7778| 11.8519|  4.4444|[2m[31m  0.0000[0m| 15.4074|[2m[31m  0.0000[0m|  5.9259| 32.2963| 11.1111|
 Cecilia| 61.0370|  2.9630|  4.4444|  8.0000|  2.6667|[2m[31m  0.0000[0m|  4.4444|[2m[31m  0.0000[0m|  2.9630|  2.3704| 11.1111|
  Celina|  2.6667|  7.4074| 21.0370| 13.3333|  5.6296|[2m[31m  0.0000[0m| 22.2222|  0.5926|  8.2963|  7.7037| 11.1111|
  Franzi|  5.9259|  7.4074|  9.1852| 13.6296| 10.9630|[2m[31m  0.0000[0m| 10.0741|  1.4815| 22.8148|  7.4074| 11.1111|
    Gina|  2.3704| 22.8148|  9.1852| 13.3333|  8.5926|[2m[31m  0.0000[0m|  8.2963|  1.7778|  9.4815| 13.0370| 11.1111|
Isabelle|  5.0370|  7.1111|  8.0000| 12.4444| 23.4074|[2m[31m  0.0000[0m| 15.4074|  0.8889|  8.0000|  8.5926| 11.1111|
  Karina|  4.7407| 27.8519| 17.4815|[2m[31m  0.0000[0m|  9.7778|[2m[31m  0.0000[0m| 12.1481|  0.5926|  8.8889|  7.4074| 11.1111|
   Luisa|[2m[31m  0.0000[0m|[2m[31m  0.0000[0m|[2m[31m  0.0000[0m|[2m[31m  0.0000[0m|[2m[31m  0.0000[0m|[32m100.0000[0m|[2m[31m  0.0000[0m|[2m[31m  0.0000[0m|[2m[31m  0.0000[0m|[2m[31m  0.0000[0m|[2m[31m  0.0000[0m|
 Ricarda|[2m[31m  0.0000[0m|  0.6667|  0.6667|  2.6667|  1.0000|[2m[31m  0.0000[0m|  1.0000|[32m 93.3333[0m|  0.6667|[2m[31m  0.0000[0m|[2m[31m  0.0000[0m|
     Zoe|  4.1481|  6.5185|  9.1852| 13.9259| 22.5185|[2m[31m  0.0000[0m|[2m[31m  0.0000[0m|  0.5926| 21.9259| 10.0741| 11.1111|
   Dummy| 11.1111| 11.0370| 11.0370| 10.8148| 11.0000|[2m[31m  0.0000[0m| 11.0000|  0.7407| 11.0370| 11.1111| 11.1111|

opt:  2.3521841399075 Anna->Micha Cecilia->Amadu Celina->Fabio Franzi->Maurice Gina->Calvin Isabelle->Martin Karina->Luca Luisa->Lukas Ricarda->Pharrell Zoe->Max Dummy->Felix
	 (min: 0, sum: 5944.947844362, count: 2700, avg: 2.2018325349489, sigma: 2.4591308706475, )
real: 2.0279713373474 Anna->Pharrell Cecilia->Amadu Celina->Fabio Franzi->Micha Gina->Felix Isabelle->Maurice Karina->Martin Luisa->Lukas Ricarda->Max Zoe->Luca
	 |-> 3 -> 1.3987436919382
1024 poss left -> max I 10.000000
            Amadu|  Calvin|   Fabio|Pharrell|    Luca|   Lukas|  Martin| Maurice|     Max|   Micha|   Felix|
    Anna|  2.4414|  5.8594|  9.2773| 13.0859|  3.8086|[2m[31m  0.0000[0m| 15.7227|[2m[31m  0.0000[0m|  5.8594| 34.3750|  9.5703|
 Cecilia| 71.4844|  2.1484|  1.8555|  4.6875|  1.9531|[2m[31m  0.0000[0m|  3.4180|[2m[31m  0.0000[0m|  3.6133|  1.2695|  9.5703|
  Celina|  1.2695|  8.4961| 26.6602| 12.5977|  7.6172|[2m[31m  0.0000[0m| 16.2109|  0.3906|  7.8125|  9.3750|  9.5703|
  Franzi|  5.9570| 10.0586|  8.7891| 16.1133| 11.6211|[2m[31m  0.0000[0m| 11.9141|  1.0742| 19.2383|  5.6641|  9.5703|
    Gina|  1.2695| 21.1914|  8.2031| 15.6250|  9.7656|[2m[31m  0.0000[0m|  7.7148|  1.1719| 13.7695|  9.5703| 11.7188|
Isabelle|  4.1016|  9.5703|  7.5195| 14.1602| 16.5039|[2m[31m  0.0000[0m| 18.9453|  1.3672|  8.4961|  9.7656|  9.5703|
  Karina|  1.1719| 23.8281| 18.3594|[2m[31m  0.0000[0m| 12.5977|[2m[31m  0.0000[0m| 14.7461|  1.3672|  9.4727|  8.8867|  9.5703|
   Luisa|[2m[31m  0.0000[0m|[2m[31m  0.0000[0m|[2m[31m  0.0000[0m|[2m[31m  0.0000[0m|[2m[31m  0.0000[0m|[32m100.0000[0m|[2m[31m  0.0000[0m|[2m[31m  0.0000[0m|[2m[31m  0.0000[0m|[2m[31m  0.0000[0m|[2m[31m  0.0000[0m|
 Ricarda|[2m[31m  0.0000[0m|  0.3906|  0.9766|  2.9297|  2.3438|[2m[31m  0.0000[0m|  1.1719|[32m 92.1875[0m|[2m[31m  0.0000[0m|[2m[31m  0.0000[0m|[2m[31m  0.0000[0m|
     Zoe|  2.3438|  7.9102|  8.5938| 11.7188| 24.4141|[2m[31m  0.0000[0m|[2m[31m  0.0000[0m|  1.3672| 23.3398| 10.7422|  9.5703|
   Dummy|  9.9609| 10.5469|  9.7656|  9.0820|  9.3750|[2m[31m  0.0000[0m| 10.1562|  1.0742|  8.3984| 10.3516| 21.2891|

opt:  0.92836207239487 Anna->Micha
	 (min: 0, sum: 37.951564371703, count: 121, avg: 0.31364929232812, sigma: 2.82003137736, )
real: 0.58841784060233 Isabelle->Pharrell
	 |-> 0 -> 0.2202806448566
879 poss left -> max I 9.779719
            Amadu|  Calvin|   Fabio|Pharrell|    Luca|   Lukas|  Martin| Maurice|     Max|   Micha|   Felix|
    Anna|  2.8441|  5.6883|  9.6701| 15.2446|  4.2093|[2m[31m  0.0000[0m| 14.2207|[2m[31m  0.0000[0m|  5.9158| 32.7645|  9.4425|
 Cecilia| 72.5825|  1.5927|  1.9340|  5.4608|  1.1377|[2m[31m  0.0000[0m|  2.8441|[2m[31m  0.0000[0m|  3.5267|  1.4790|  9.4425|
  Celina|  1.2514|  7.8498| 25.3697| 14.6758|  7.9636|[2m[31m  0.0000[0m| 16.8373|  0.4551|  7.5085|  8.6462|  9.4425|
  Franzi|  4.6644|  9.6701|  9.1013| 18.7713| 10.5802|[2m[31m  0.0000[0m| 10.9215|  1.2514| 20.3641|  5.2332|  9.4425|
    Gina|  0.5688| 20.9329|  7.6223| 18.2025|  8.6462|[2m[31m  0.0000[0m|  7.9636|  1.2514| 13.4243| 10.0114| 11.3766|
Isabelle|  4.7782| 11.1490|  8.7600|[2m[31m  0.0000[0m| 19.2264|[2m[31m  0.0000[0m| 22.0705|  1.5927|  9.8976| 11.3766| 11.1490|
  Karina|  1.1377| 24.8009| 18.4300|[2m[31m  0.0000[0m| 12.4005|[2m[31m  0.0000[0m| 14.4482|  0.9101|  9.6701|  8.7600|  9.4425|
   Luisa|[2m[31m  0.0000[0m|[2m[31m  0.0000[0m|[2m[31m  0.0000[0m|[2m[31m  0.0000[0m|[2m[31m  0.0000[0m|[32m100.0000[0m|[2m[31m  0.0000[0m|[2m[31m  0.0000[0m|[2m[31m  0.0000[0m|[2m[31m  0.0000[0m|[2m[31m  0.0000[0m|
 Ricarda|[2m[31m  0.0000[0m|  0.4551|  0.9101|  3.4130|  2.7304|[2m[31m  0.0000[0m|  0.5688|[32m 91.9226[0m|[2m[31m  0.0000[0m|[2m[31m  0.0000[0m|[2m[31m  0.0000[0m|
     Zoe|  2.2753|  7.3948|  8.6462| 13.6519| 23.8908|[2m[31m  0.0000[0m|[2m[31m  0.0000[0m|  1.5927| 21.5017| 11.6041|  9.4425|
   Dummy|  9.8976| 10.4664|  9.5563| 10.5802|  9.2150|[2m[31m  0.0000[0m| 10.1251|  1.0239|  8.1911| 10.1251| 20.8191|

opt:  2.462833849241 Anna->Martin Cecilia->Amadu Celina->Pharrell Franzi->Calvin Gina->Max Isabelle->Micha Karina->Fabio Luisa->Lukas Ricarda->Maurice Zoe->Luca Dummy->Felix
	 (min: 0, sum: 1969.5047006154, count: 879, avg: 2.2406196821563, sigma: 1.9341039683617, )
real: 2.3665627441496 Anna->Micha Cecilia->Maurice Celina->Fabio Franzi->Max Gina->Felix Isabelle->Martin Karina->Calvin Luisa->Lukas Ricarda->Pharrell Zoe->Luca
	 |-> 3 -> 1.619848018365
286 poss left -> max I 8.159871
            Amadu|  Calvin|   Fabio|Pharrell|    Luca|   Lukas|  Martin| Maurice|     Max|   Micha|   Felix|
    Anna|  2.7972|  4.5455| 13.9860|  6.2937|  3.1469|[2m[31m  0.0000[0m| 12.9371|[2m[31m  0.0000[0m|  5.5944| 43.7063|  6.9930|
 Cecilia| 70.9790|  1.0490|  1.7483|  9.7902|  2.7972|[2m[31m  0.0000[0m|  1.0490|[2m[31m  0.0000[0m|  5.2448|  0.3497|  6.9930|
  Celina|  0.6993| 12.2378| 35.3147| 17.4825|  5.2448|[2m[31m  0.0000[0m| 11.5385|  1.0490|  5.9441|  3.4965|  6.9930|
  Franzi|  9.4406|  8.7413|  8.7413| 25.1748|  7.3427|[2m[31m  0.0000[0m| 16.7832|  1.3986| 15.0350|  0.3497|  6.9930|
    Gina|  0.6993| 29.0210|  2.7972| 13.2867|  5.9441|[2m[31m  0.0000[0m| 12.9371|  0.6993|  6.9930| 15.3846| 12.2378|
Isabelle|  3.8462| 10.8392|  5.5944|[2m[31m  0.0000[0m| 23.0769|[2m[31m  0.0000[0m| 18.8811|  2.4476| 13.9860| 12.9371|  8.3916|
  Karina|  0.6993| 16.0839| 12.9371|[2m[31m  0.0000[0m| 22.0280|[2m[31m  0.0000[0m| 15.0350|  0.3497| 20.6294|  5.2448|  6.9930|
   Luisa|[2m[31m  0.0000[0m|[2m[31m  0.0000[0m|[2m[31m  0.0000[0m|[2m[31m  0.0000[0m|[2m[31m  0.0000[0m|[32m100.0000[0m|[2m[31m  0.0000[0m|[2m[31m  0.0000[0m|[2m[31m  0.0000[0m|[2m[31m  0.0000[0m|[2m[31m  0.0000[0m|
 Ricarda|[2m[31m  0.0000[0m|  1.3986|  2.7972|  0.6993|[2m[31m  0.0000[0m|[2m[31m  0.0000[0m|  1.7483|[32m 93.3566[0m|[2m[31m  0.0000[0m|[2m[31m  0.0000[0m|[2m[31m  0.0000[0m|
     Zoe|  3.8462|  9.4406|  8.0420| 17.1329| 22.3776|[2m[31m  0.0000[0m|[2m[31m  0.0000[0m|[2m[31m  0.0000[0m| 19.5804| 12.5874|  6.9930|
   Dummy|  6.9930|  6.6434|  8.0420| 10.1399|  8.0420|[2m[31m  0.0000[0m|  9.0909|  0.6993|  6.9930|  5.9441| 37.4126|

# |    Anna|  Cecilia|   Celina|   Franzi|     Gina| Isabelle|   Karina|    Luisa|  Ricarda|      Zoe| 
=======================================================================================================
01|   Micha|    Amadu|   Martin|      Max|   Calvin|    Lukas| Pharrell|    Fabio|  Maurice|     Luca| 
02|   Micha| Pharrell|      Max|     Luca|    Amadu|   Martin|    Fabio|   Calvin|  Maurice|    Lukas| 
03|  Martin|    Amadu|    Fabio|    Lukas|    Micha|     Luca|   Calvin| Pharrell|  Maurice|      Max| 
04|Pharrell|    Amadu|    Fabio|    Micha|    Felix|  Maurice|   Martin|    Lukas|      Max|     Luca| 
05|   Micha|  Maurice|    Fabio|      Max|    Felix|   Martin|   Calvin|    Lukas| Pharrell|     Luca| 


# |   Amadu|   Calvin|    Fabio| Pharrell|     Luca|    Lukas|   Martin|  Maurice|      Max|    Micha|    Felix| 
=================================================================================================================
01| Cecilia|     Gina|    Luisa|   Karina|      Zoe| Isabelle|   Celina|  Ricarda|   Franzi|     Anna|    Dummy| 
02|    Gina|    Luisa|   Karina|  Cecilia|   Franzi|      Zoe| Isabelle|  Ricarda|   Celina|     Anna|    Dummy| 
03| Cecilia|   Karina|   Celina|    Luisa| Isabelle|   Franzi|     Anna|  Ricarda|      Zoe|     Gina|    Dummy| 
04| Cecilia|    Dummy|   Celina|     Anna|      Zoe|    Luisa|   Karina| Isabelle|  Ricarda|   Franzi|     Gina| 
05|   Dummy|   Karina|   Celina|  Ricarda|      Zoe|    Luisa| Isabelle|  Cecilia|   Franzi|     Anna|     Gina| 

