╭────────┬────────┬──────────┬──────────┬──────────┬────────┬─────────┬────────┬────────┬─────────┬────────╮
│        ┆  Amber ┆ Ashleigh ┆ Brittany ┆ Coleysia ┆  Jacy  ┆ Jessica ┆  Kayla ┆  Paige ┆ Shanley ┆ Simone │
╞════════╪════════╪══════════╪══════════╪══════════╪════════╪═════════╪════════╪════════╪═════════╪════════╡
│ Adam   ┆ 10.000 ┆ 10.000   ┆ 10.000   ┆ 10.000   ┆ 10.000 ┆ 10.000  ┆ 10.000 ┆ 10.000 ┆ 10.000  ┆ 10.000 │
│ ChrisT ┆ 10.000 ┆ 10.000   ┆ 10.000   ┆ 10.000   ┆ 10.000 ┆ 10.000  ┆ 10.000 ┆ 10.000 ┆ 10.000  ┆ 10.000 │
│ Scali  ┆ 10.000 ┆ 10.000   ┆ 10.000   ┆ 10.000   ┆ 10.000 ┆ 10.000  ┆ 10.000 ┆ 10.000 ┆ 10.000  ┆ 10.000 │
│ Dillan ┆ 10.000 ┆ 10.000   ┆ 10.000   ┆ 10.000   ┆ 10.000 ┆ 10.000  ┆ 10.000 ┆ 10.000 ┆ 10.000  ┆ 10.000 │
│ Dre    ┆ 10.000 ┆ 10.000   ┆ 10.000   ┆ 10.000   ┆ 10.000 ┆ 10.000  ┆ 10.000 ┆ 10.000 ┆ 10.000  ┆ 10.000 │
│ Ethan  ┆ 10.000 ┆ 10.000   ┆ 10.000   ┆ 10.000   ┆ 10.000 ┆ 10.000  ┆ 10.000 ┆ 10.000 ┆ 10.000  ┆ 10.000 │
│ John   ┆ 10.000 ┆ 10.000   ┆ 10.000   ┆ 10.000   ┆ 10.000 ┆ 10.000  ┆ 10.000 ┆ 10.000 ┆ 10.000  ┆ 10.000 │
│ Joey   ┆ 10.000 ┆ 10.000   ┆ 10.000   ┆ 10.000   ┆ 10.000 ┆ 10.000  ┆ 10.000 ┆ 10.000 ┆ 10.000  ┆ 10.000 │
│ Ryan   ┆ 10.000 ┆ 10.000   ┆ 10.000   ┆ 10.000   ┆ 10.000 ┆ 10.000  ┆ 10.000 ┆ 10.000 ┆ 10.000  ┆ 10.000 │
│ Wes    ┆ 10.000 ┆ 10.000   ┆ 10.000   ┆ 10.000   ┆ 10.000 ┆ 10.000  ┆ 10.000 ┆ 10.000 ┆ 10.000  ┆ 10.000 │
╰────────┴────────┴──────────┴──────────┴──────────┴────────┴─────────┴────────┴────────┴─────────┴────────╯
3628800 left -> 21.7911 bits left

MB#1.0 E01
ChrisT -> Shanley
---
-> Pr[lights]: {0: 90.0%, 1: 10.0%}
0 lights => I = 0.1520 bits
╭────────┬────────┬──────────┬──────────┬──────────┬────────┬─────────┬────────┬────────┬─────────┬────────╮
│        ┆  Amber ┆ Ashleigh ┆ Brittany ┆ Coleysia ┆  Jacy  ┆ Jessica ┆  Kayla ┆  Paige ┆ Shanley ┆ Simone │
╞════════╪════════╪══════════╪══════════╪══════════╪════════╪═════════╪════════╪════════╪═════════╪════════╡
│ Adam   ┆ 4.102  ┆ 3.906    ┆ 22.266   ┆ 6.445    ┆ 4.948  ┆ 4.688   ┆ 4.362  ┆ 5.534  ┆ 37.435  ┆ 6.315  │
│ ChrisT ┆ 4.232  ┆ 5.013    ┆ 5.599    ┆ 5.404    ┆ 4.102  ┆ 25.065  ┆ 4.818  ┆ 37.695 ┆[38;5;9m 0.000   [39m┆ 8.073  │
│ Scali  ┆ 4.167  ┆ 17.448   ┆ 4.427    ┆ 5.208    ┆ 4.167  ┆ 4.167   ┆ 4.102  ┆ 4.297  ┆ 4.688   ┆ 47.331 │
│ Dillan ┆ 3.516  ┆ 4.167    ┆ 5.859    ┆ 23.633   ┆ 5.339  ┆ 34.635  ┆ 4.102  ┆ 5.859  ┆ 6.055   ┆ 6.836  │
│ Dre    ┆ 3.841  ┆ 44.987   ┆ 4.427    ┆ 4.102    ┆ 17.057 ┆ 6.055   ┆ 3.190  ┆ 4.362  ┆ 6.055   ┆ 5.924  │
│ Ethan  ┆ 37.956 ┆ 4.492    ┆ 5.924    ┆ 5.273    ┆ 6.510  ┆[38;5;9m 0.000   [39m┆ 5.339  ┆ 5.143  ┆ 22.982  ┆ 6.380  │
│ John   ┆ 18.685 ┆ 5.534    ┆ 5.339    ┆ 4.688    ┆ 44.271 ┆ 5.664   ┆ 5.404  ┆ 4.622  ┆ 5.794   ┆[38;5;9m 0.000  [39m│
│ Joey   ┆ 5.143  ┆ 4.948    ┆ 35.612   ┆ 5.534    ┆ 4.622  ┆ 5.794   ┆ 5.664  ┆ 22.721 ┆ 3.646   ┆ 6.315  │
│ Ryan   ┆ 12.305 ┆ 4.362    ┆ 4.688    ┆ 4.818    ┆ 4.688  ┆ 6.185   ┆ 45.182 ┆ 4.492  ┆ 6.901   ┆ 6.380  │
│ Wes    ┆ 6.055  ┆ 5.143    ┆ 5.859    ┆ 34.896   ┆ 4.297  ┆ 7.747   ┆ 17.839 ┆ 5.273  ┆ 6.445   ┆ 6.445  │
╰────────┴────────┴──────────┴──────────┴──────────┴────────┴─────────┴────────┴────────┴─────────┴────────╯
1536 left -> 10.5850 bits left

MN#1.0 E01
0x Dillan -> Coleysia
0x Adam -> Brittany
0x Dre -> Jacy
0x ChrisT -> Jessica
0x John -> Amber
0x Ryan -> Amber
0x Joey -> Paige
0x Scali -> Ashleigh
0x Wes -> Kayla
0x Ethan -> Shanley
---
-> Pr[lights]: {0: 35.9%, 1: 37.2%, 2: 18.8%, 3: 6.2%, 4: 1.5%, 5: 0.3%, 6: 0.0%, 7: 0.0%, 8: 0.0%, 9: 0.0%}
->  E[lights]: 1.012
2 lights => I = 2.4094 bits
╭────────┬────────┬──────────┬──────────┬──────────┬────────┬─────────┬────────┬────────┬─────────┬────────╮
│        ┆  Amber ┆ Ashleigh ┆ Brittany ┆ Coleysia ┆  Jacy  ┆ Jessica ┆  Kayla ┆  Paige ┆ Shanley ┆ Simone │
╞════════╪════════╪══════════╪══════════╪══════════╪════════╪═════════╪════════╪════════╪═════════╪════════╡
│ Adam   ┆ 4.102  ┆ 3.906    ┆ 22.266   ┆ 6.445    ┆ 4.948  ┆ 4.688   ┆ 4.362  ┆ 5.534  ┆ 37.435  ┆ 6.315  │
│ ChrisT ┆ 4.232  ┆ 5.013    ┆ 5.599    ┆ 5.404    ┆ 4.102  ┆ 25.065  ┆ 4.818  ┆ 37.695 ┆[38;5;9m 0.000   [39m┆ 8.073  │
│ Scali  ┆ 4.167  ┆ 17.448   ┆ 4.427    ┆ 5.208    ┆ 4.167  ┆ 4.167   ┆ 4.102  ┆ 4.297  ┆ 4.688   ┆ 47.331 │
│ Dillan ┆ 3.516  ┆ 4.167    ┆ 5.859    ┆ 23.633   ┆ 5.339  ┆ 34.635  ┆ 4.102  ┆ 5.859  ┆ 6.055   ┆ 6.836  │
│ Dre    ┆ 3.841  ┆ 44.987   ┆ 4.427    ┆ 4.102    ┆ 17.057 ┆ 6.055   ┆ 3.190  ┆ 4.362  ┆ 6.055   ┆ 5.924  │
│ Ethan  ┆ 37.956 ┆ 4.492    ┆ 5.924    ┆ 5.273    ┆ 6.510  ┆[38;5;9m 0.000   [39m┆ 5.339  ┆ 5.143  ┆ 22.982  ┆ 6.380  │
│ John   ┆ 18.685 ┆ 5.534    ┆ 5.339    ┆ 4.688    ┆ 44.271 ┆ 5.664   ┆ 5.404  ┆ 4.622  ┆ 5.794   ┆[38;5;9m 0.000  [39m│
│ Joey   ┆ 5.143  ┆ 4.948    ┆ 35.612   ┆ 5.534    ┆ 4.622  ┆ 5.794   ┆ 5.664  ┆ 22.721 ┆ 3.646   ┆ 6.315  │
│ Ryan   ┆ 12.305 ┆ 4.362    ┆ 4.688    ┆ 4.818    ┆ 4.688  ┆ 6.185   ┆ 45.182 ┆ 4.492  ┆ 6.901   ┆ 6.380  │
│ Wes    ┆ 6.055  ┆ 5.143    ┆ 5.859    ┆ 34.896   ┆ 4.297  ┆ 7.747   ┆ 17.839 ┆ 5.273  ┆ 6.445   ┆ 6.445  │
╰────────┴────────┴──────────┴──────────┴──────────┴────────┴─────────┴────────┴────────┴─────────┴────────╯
1536 left -> 10.5850 bits left

MB#2.0 E02
Ethan -> Jessica
---
-> Pr[lights]: {0: 91.4%, 1: 8.6%}
0 lights => I = 0.1290 bits
╭────────┬────────┬──────────┬──────────┬──────────┬────────┬─────────┬────────┬────────┬─────────┬────────╮
│        ┆  Amber ┆ Ashleigh ┆ Brittany ┆ Coleysia ┆  Jacy  ┆ Jessica ┆  Kayla ┆  Paige ┆ Shanley ┆ Simone │
╞════════╪════════╪══════════╪══════════╪══════════╪════════╪═════════╪════════╪════════╪═════════╪════════╡
│ Adam   ┆ 4.102  ┆ 3.906    ┆ 22.266   ┆ 6.445    ┆ 4.948  ┆ 4.688   ┆ 4.362  ┆ 5.534  ┆ 37.435  ┆ 6.315  │
│ ChrisT ┆ 4.232  ┆ 5.013    ┆ 5.599    ┆ 5.404    ┆ 4.102  ┆ 25.065  ┆ 4.818  ┆ 37.695 ┆[38;5;9m 0.000   [39m┆ 8.073  │
│ Scali  ┆ 4.167  ┆ 17.448   ┆ 4.427    ┆ 5.208    ┆ 4.167  ┆ 4.167   ┆ 4.102  ┆ 4.297  ┆ 4.688   ┆ 47.331 │
│ Dillan ┆ 3.516  ┆ 4.167    ┆ 5.859    ┆ 23.633   ┆ 5.339  ┆ 34.635  ┆ 4.102  ┆ 5.859  ┆ 6.055   ┆ 6.836  │
│ Dre    ┆ 3.841  ┆ 44.987   ┆ 4.427    ┆ 4.102    ┆ 17.057 ┆ 6.055   ┆ 3.190  ┆ 4.362  ┆ 6.055   ┆ 5.924  │
│ Ethan  ┆ 37.956 ┆ 4.492    ┆ 5.924    ┆ 5.273    ┆ 6.510  ┆[38;5;9m 0.000   [39m┆ 5.339  ┆ 5.143  ┆ 22.982  ┆ 6.380  │
│ John   ┆ 18.685 ┆ 5.534    ┆ 5.339    ┆ 4.688    ┆ 44.271 ┆ 5.664   ┆ 5.404  ┆ 4.622  ┆ 5.794   ┆[38;5;9m 0.000  [39m│
│ Joey   ┆ 5.143  ┆ 4.948    ┆ 35.612   ┆ 5.534    ┆ 4.622  ┆ 5.794   ┆ 5.664  ┆ 22.721 ┆ 3.646   ┆ 6.315  │
│ Ryan   ┆ 12.305 ┆ 4.362    ┆ 4.688    ┆ 4.818    ┆ 4.688  ┆ 6.185   ┆ 45.182 ┆ 4.492  ┆ 6.901   ┆ 6.380  │
│ Wes    ┆ 6.055  ┆ 5.143    ┆ 5.859    ┆ 34.896   ┆ 4.297  ┆ 7.747   ┆ 17.839 ┆ 5.273  ┆ 6.445   ┆ 6.445  │
╰────────┴────────┴──────────┴──────────┴──────────┴────────┴─────────┴────────┴────────┴─────────┴────────╯
1536 left -> 10.5850 bits left

MN#2.0 E02
0x ChrisT -> Paige
0x Scali -> Simone
0x Joey -> Brittany
0x Adam -> Shanley
0x Wes -> Coleysia
0x Ryan -> Kayla
0x Dre -> Ashleigh
0x Dillan -> Jessica
0x John -> Jacy
0x Ethan -> Amber
---
-> Pr[lights]: {0: 39.8%, 1: 37.2%, 2: 16.9%, 3: 4.9%, 4: 1.0%, 5: 0.2%, 6: 0.0%, 7: 0.0%}
->  E[lights]: 0.907
4 lights => I = 6.6083 bits
╭────────┬────────┬──────────┬──────────┬──────────┬────────┬─────────┬────────┬────────┬─────────┬────────╮
│        ┆  Amber ┆ Ashleigh ┆ Brittany ┆ Coleysia ┆  Jacy  ┆ Jessica ┆  Kayla ┆  Paige ┆ Shanley ┆ Simone │
╞════════╪════════╪══════════╪══════════╪══════════╪════════╪═════════╪════════╪════════╪═════════╪════════╡
│ Adam   ┆ 4.102  ┆ 3.906    ┆ 22.266   ┆ 6.445    ┆ 4.948  ┆ 4.688   ┆ 4.362  ┆ 5.534  ┆ 37.435  ┆ 6.315  │
│ ChrisT ┆ 4.232  ┆ 5.013    ┆ 5.599    ┆ 5.404    ┆ 4.102  ┆ 25.065  ┆ 4.818  ┆ 37.695 ┆[38;5;9m 0.000   [39m┆ 8.073  │
│ Scali  ┆ 4.167  ┆ 17.448   ┆ 4.427    ┆ 5.208    ┆ 4.167  ┆ 4.167   ┆ 4.102  ┆ 4.297  ┆ 4.688   ┆ 47.331 │
│ Dillan ┆ 3.516  ┆ 4.167    ┆ 5.859    ┆ 23.633   ┆ 5.339  ┆ 34.635  ┆ 4.102  ┆ 5.859  ┆ 6.055   ┆ 6.836  │
│ Dre    ┆ 3.841  ┆ 44.987   ┆ 4.427    ┆ 4.102    ┆ 17.057 ┆ 6.055   ┆ 3.190  ┆ 4.362  ┆ 6.055   ┆ 5.924  │
│ Ethan  ┆ 37.956 ┆ 4.492    ┆ 5.924    ┆ 5.273    ┆ 6.510  ┆[38;5;9m 0.000   [39m┆ 5.339  ┆ 5.143  ┆ 22.982  ┆ 6.380  │
│ John   ┆ 18.685 ┆ 5.534    ┆ 5.339    ┆ 4.688    ┆ 44.271 ┆ 5.664   ┆ 5.404  ┆ 4.622  ┆ 5.794   ┆[38;5;9m 0.000  [39m│
│ Joey   ┆ 5.143  ┆ 4.948    ┆ 35.612   ┆ 5.534    ┆ 4.622  ┆ 5.794   ┆ 5.664  ┆ 22.721 ┆ 3.646   ┆ 6.315  │
│ Ryan   ┆ 12.305 ┆ 4.362    ┆ 4.688    ┆ 4.818    ┆ 4.688  ┆ 6.185   ┆ 45.182 ┆ 4.492  ┆ 6.901   ┆ 6.380  │
│ Wes    ┆ 6.055  ┆ 5.143    ┆ 5.859    ┆ 34.896   ┆ 4.297  ┆ 7.747   ┆ 17.839 ┆ 5.273  ┆ 6.445   ┆ 6.445  │
╰────────┴────────┴──────────┴──────────┴──────────┴────────┴─────────┴────────┴────────┴─────────┴────────╯
1536 left -> 10.5850 bits left

MB#3.0 E03
John -> Simone
---
-> Pr[lights]: {0: 93.7%, 1: 6.3%}
0 lights => I = 0.0939 bits
╭────────┬────────┬──────────┬──────────┬──────────┬────────┬─────────┬────────┬────────┬─────────┬────────╮
│        ┆  Amber ┆ Ashleigh ┆ Brittany ┆ Coleysia ┆  Jacy  ┆ Jessica ┆  Kayla ┆  Paige ┆ Shanley ┆ Simone │
╞════════╪════════╪══════════╪══════════╪══════════╪════════╪═════════╪════════╪════════╪═════════╪════════╡
│ Adam   ┆ 4.102  ┆ 3.906    ┆ 22.266   ┆ 6.445    ┆ 4.948  ┆ 4.688   ┆ 4.362  ┆ 5.534  ┆ 37.435  ┆ 6.315  │
│ ChrisT ┆ 4.232  ┆ 5.013    ┆ 5.599    ┆ 5.404    ┆ 4.102  ┆ 25.065  ┆ 4.818  ┆ 37.695 ┆[38;5;9m 0.000   [39m┆ 8.073  │
│ Scali  ┆ 4.167  ┆ 17.448   ┆ 4.427    ┆ 5.208    ┆ 4.167  ┆ 4.167   ┆ 4.102  ┆ 4.297  ┆ 4.688   ┆ 47.331 │
│ Dillan ┆ 3.516  ┆ 4.167    ┆ 5.859    ┆ 23.633   ┆ 5.339  ┆ 34.635  ┆ 4.102  ┆ 5.859  ┆ 6.055   ┆ 6.836  │
│ Dre    ┆ 3.841  ┆ 44.987   ┆ 4.427    ┆ 4.102    ┆ 17.057 ┆ 6.055   ┆ 3.190  ┆ 4.362  ┆ 6.055   ┆ 5.924  │
│ Ethan  ┆ 37.956 ┆ 4.492    ┆ 5.924    ┆ 5.273    ┆ 6.510  ┆[38;5;9m 0.000   [39m┆ 5.339  ┆ 5.143  ┆ 22.982  ┆ 6.380  │
│ John   ┆ 18.685 ┆ 5.534    ┆ 5.339    ┆ 4.688    ┆ 44.271 ┆ 5.664   ┆ 5.404  ┆ 4.622  ┆ 5.794   ┆[38;5;9m 0.000  [39m│
│ Joey   ┆ 5.143  ┆ 4.948    ┆ 35.612   ┆ 5.534    ┆ 4.622  ┆ 5.794   ┆ 5.664  ┆ 22.721 ┆ 3.646   ┆ 6.315  │
│ Ryan   ┆ 12.305 ┆ 4.362    ┆ 4.688    ┆ 4.818    ┆ 4.688  ┆ 6.185   ┆ 45.182 ┆ 4.492  ┆ 6.901   ┆ 6.380  │
│ Wes    ┆ 6.055  ┆ 5.143    ┆ 5.859    ┆ 34.896   ┆ 4.297  ┆ 7.747   ┆ 17.839 ┆ 5.273  ┆ 6.445   ┆ 6.445  │
╰────────┴────────┴──────────┴──────────┴──────────┴────────┴─────────┴────────┴────────┴─────────┴────────╯
1536 left -> 10.5850 bits left

MN#3.0 E03
1x Adam -> Brittany
0x Wes -> Jacy
0x Joey -> Shanley
0x ChrisT -> Simone
1x Ethan -> Amber
0x Scali -> Paige
1x Dillan -> Coleysia
1x Ryan -> Kayla
0x John -> Jessica
1x Dre -> Ashleigh
---
-> Pr[lights]: {0: 15.4%, 1: 31.4%, 2: 28.4%, 3: 15.4%, 4: 6.9%, 5: 1.8%, 6: 0.5%, 7: 0.1%, 8: 0.0%}
->  E[lights]: 1.750
2 lights => I = 1.8135 bits
╭────────┬────────┬──────────┬──────────┬──────────┬────────┬─────────┬────────┬────────┬─────────┬────────╮
│        ┆  Amber ┆ Ashleigh ┆ Brittany ┆ Coleysia ┆  Jacy  ┆ Jessica ┆  Kayla ┆  Paige ┆ Shanley ┆ Simone │
╞════════╪════════╪══════════╪══════════╪══════════╪════════╪═════════╪════════╪════════╪═════════╪════════╡
│ Adam   ┆ 4.102  ┆ 3.906    ┆ 22.266   ┆ 6.445    ┆ 4.948  ┆ 4.688   ┆ 4.362  ┆ 5.534  ┆ 37.435  ┆ 6.315  │
│ ChrisT ┆ 4.232  ┆ 5.013    ┆ 5.599    ┆ 5.404    ┆ 4.102  ┆ 25.065  ┆ 4.818  ┆ 37.695 ┆[38;5;9m 0.000   [39m┆ 8.073  │
│ Scali  ┆ 4.167  ┆ 17.448   ┆ 4.427    ┆ 5.208    ┆ 4.167  ┆ 4.167   ┆ 4.102  ┆ 4.297  ┆ 4.688   ┆ 47.331 │
│ Dillan ┆ 3.516  ┆ 4.167    ┆ 5.859    ┆ 23.633   ┆ 5.339  ┆ 34.635  ┆ 4.102  ┆ 5.859  ┆ 6.055   ┆ 6.836  │
│ Dre    ┆ 3.841  ┆ 44.987   ┆ 4.427    ┆ 4.102    ┆ 17.057 ┆ 6.055   ┆ 3.190  ┆ 4.362  ┆ 6.055   ┆ 5.924  │
│ Ethan  ┆ 37.956 ┆ 4.492    ┆ 5.924    ┆ 5.273    ┆ 6.510  ┆[38;5;9m 0.000   [39m┆ 5.339  ┆ 5.143  ┆ 22.982  ┆ 6.380  │
│ John   ┆ 18.685 ┆ 5.534    ┆ 5.339    ┆ 4.688    ┆ 44.271 ┆ 5.664   ┆ 5.404  ┆ 4.622  ┆ 5.794   ┆[38;5;9m 0.000  [39m│
│ Joey   ┆ 5.143  ┆ 4.948    ┆ 35.612   ┆ 5.534    ┆ 4.622  ┆ 5.794   ┆ 5.664  ┆ 22.721 ┆ 3.646   ┆ 6.315  │
│ Ryan   ┆ 12.305 ┆ 4.362    ┆ 4.688    ┆ 4.818    ┆ 4.688  ┆ 6.185   ┆ 45.182 ┆ 4.492  ┆ 6.901   ┆ 6.380  │
│ Wes    ┆ 6.055  ┆ 5.143    ┆ 5.859    ┆ 34.896   ┆ 4.297  ┆ 7.747   ┆ 17.839 ┆ 5.273  ┆ 6.445   ┆ 6.445  │
╰────────┴────────┴──────────┴──────────┴──────────┴────────┴─────────┴────────┴────────┴─────────┴────────╯
1536 left -> 10.5850 bits left

╭────────┬───┬───────────┬──────────┬───────────┬───────────┬───────────┬──────────┬──────────┬───────────┬────────┬───────────┬───┬────────┬──────┬──────────╮
│        ┆ L ┆    Adam   ┆  ChrisT  ┆   Scali   ┆   Dillan  ┆    Dre    ┆   Ethan  ┆   John   ┆    Joey   ┆  Ryan  ┆    Wes    ┆   ┆    I   ┆ #new ┆ min dist │
╞════════╪═══╪═══════════╪══════════╪═══════════╪═══════════╪═══════════╪══════════╪══════════╪═══════════╪════════╪═══════════╪═══╪════════╪══════╪══════════╡
│ MB#1.0 ┆ 0 ┆           ┆ Shanley  ┆           ┆           ┆           ┆          ┆          ┆           ┆        ┆           ┆   ┆ 0.1520 ┆      ┆          │
│ MN#1.0 ┆ 2 ┆ Brittany* ┆ Jessica* ┆ Ashleigh* ┆ Coleysia* ┆ Jacy*     ┆ Shanley* ┆ Amber*   ┆ Paige*    ┆ Amber* ┆ Kayla*    ┆   ┆ 2.4094 ┆ 10   ┆          │
│ MB#2.0 ┆ 0 ┆           ┆          ┆           ┆           ┆           ┆ Jessica  ┆          ┆           ┆        ┆           ┆   ┆ 0.1290 ┆      ┆          │
│ MN#2.0 ┆ 4 ┆ Shanley*  ┆ Paige*   ┆ Simone*   ┆ Jessica*  ┆ Ashleigh* ┆ Amber*   ┆ Jacy*    ┆ Brittany* ┆ Kayla* ┆ Coleysia* ┆   ┆ 6.6083 ┆ 10   ┆ 10/MN#1  │
│ MB#3.0 ┆ 0 ┆           ┆          ┆           ┆           ┆           ┆          ┆ Simone   ┆           ┆        ┆           ┆   ┆ 0.0939 ┆      ┆          │
│ MN#3.0 ┆ 2 ┆ Brittany  ┆ Simone*  ┆ Paige*    ┆ Coleysia  ┆ Ashleigh  ┆ Amber    ┆ Jessica* ┆ Shanley*  ┆ Kayla  ┆ Jacy*     ┆   ┆ 1.8135 ┆ 5    ┆ 7/MN#2   │
╰────────┴───┴───────────┴──────────┴───────────┴───────────┴───────────┴──────────┴──────────┴───────────┴────────┴───────────┴───┴────────┴──────┴──────────╯
Total permutations: 3628800  Permutations left: 1536  Initial combinations for each pair: 362880

Ran in 0.93s
