╭────────┬────────┬────────┬────────┬────────┬────────┬────────────┬────────┬────────┬────────┬────────┬────────┬─────────╮
│        ┆  Sina  ┆  Tais  ┆  Jana  ┆  Julia ┆   Pia  ┆ Lisa-Marie ┆ Shelly ┆  Afra  ┆  Edda  ┆  Maja  ┆  Lina  ┆ Melanie │
╞════════╪════════╪════════╪════════╪════════╪════════╪════════════╪════════╪════════╪════════╪════════╪════════╪═════════╡
│[48;5;0m Eti    [49m┆[48;5;0m 10.000 [49m┆[48;5;0m 10.000 [49m┆[48;5;0m 10.000 [49m┆[48;5;0m 10.000 [49m┆[48;5;0m 10.000 [49m┆[48;5;0m 10.000     [49m┆[48;5;0m 10.000 [49m┆[48;5;0m 10.000 [49m┆[48;5;0m 10.000 [49m┆[48;5;0m 10.000 [49m┆[48;5;0m 10.000 [49m┆[48;5;0m 10.000  [49m│
│ Gerrit ┆ 10.000 ┆ 10.000 ┆ 10.000 ┆ 10.000 ┆ 10.000 ┆ 10.000     ┆ 10.000 ┆ 10.000 ┆ 10.000 ┆ 10.000 ┆ 10.000 ┆ 10.000  │
│[48;5;0m Kevin  [49m┆[48;5;0m 10.000 [49m┆[48;5;0m 10.000 [49m┆[48;5;0m 10.000 [49m┆[48;5;0m 10.000 [49m┆[48;5;0m 10.000 [49m┆[48;5;0m 10.000     [49m┆[48;5;0m 10.000 [49m┆[48;5;0m 10.000 [49m┆[48;5;0m 10.000 [49m┆[48;5;0m 10.000 [49m┆[48;5;0m 10.000 [49m┆[48;5;0m 10.000  [49m│
│ Martin ┆ 10.000 ┆ 10.000 ┆ 10.000 ┆ 10.000 ┆ 10.000 ┆ 10.000     ┆ 10.000 ┆ 10.000 ┆ 10.000 ┆ 10.000 ┆ 10.000 ┆ 10.000  │
│[48;5;0m Paddy  [49m┆[48;5;0m 10.000 [49m┆[48;5;0m 10.000 [49m┆[48;5;0m 10.000 [49m┆[48;5;0m 10.000 [49m┆[48;5;0m 10.000 [49m┆[48;5;0m 10.000     [49m┆[48;5;0m 10.000 [49m┆[48;5;0m 10.000 [49m┆[48;5;0m 10.000 [49m┆[48;5;0m 10.000 [49m┆[48;5;0m 10.000 [49m┆[48;5;0m 10.000  [49m│
│ Paulo  ┆ 10.000 ┆ 10.000 ┆ 10.000 ┆ 10.000 ┆ 10.000 ┆ 10.000     ┆ 10.000 ┆ 10.000 ┆ 10.000 ┆ 10.000 ┆ 10.000 ┆ 10.000  │
│[48;5;0m Ryan   [49m┆[48;5;0m 10.000 [49m┆[48;5;0m 10.000 [49m┆[48;5;0m 10.000 [49m┆[48;5;0m 10.000 [49m┆[48;5;0m 10.000 [49m┆[48;5;0m 10.000     [49m┆[48;5;0m 10.000 [49m┆[48;5;0m 10.000 [49m┆[48;5;0m 10.000 [49m┆[48;5;0m 10.000 [49m┆[48;5;0m 10.000 [49m┆[48;5;0m 10.000  [49m│
│ Sandro ┆ 10.000 ┆ 10.000 ┆ 10.000 ┆ 10.000 ┆ 10.000 ┆ 10.000     ┆ 10.000 ┆ 10.000 ┆ 10.000 ┆ 10.000 ┆ 10.000 ┆ 10.000  │
│[48;5;0m Sidar  [49m┆[48;5;0m 10.000 [49m┆[48;5;0m 10.000 [49m┆[48;5;0m 10.000 [49m┆[48;5;0m 10.000 [49m┆[48;5;0m 10.000 [49m┆[48;5;0m 10.000     [49m┆[48;5;0m 10.000 [49m┆[48;5;0m 10.000 [49m┆[48;5;0m 10.000 [49m┆[48;5;0m 10.000 [49m┆[48;5;0m 10.000 [49m┆[48;5;0m 10.000  [49m│
│ Wilson ┆ 10.000 ┆ 10.000 ┆ 10.000 ┆ 10.000 ┆ 10.000 ┆ 10.000     ┆ 10.000 ┆ 10.000 ┆ 10.000 ┆ 10.000 ┆ 10.000 ┆ 10.000  │
╰────────┴────────┴────────┴────────┴────────┴────────┴────────────┴────────┴────────┴────────┴────────┴────────┴─────────╯
199584000 left -> 27.5724 bits left

MB#1.0 E03
Paulo -> Jana
---
-> Pr[lights]: {0: 90.0%, 1: 10.0%}
0 lights => I = 0.1520 bits
╭────────┬────────┬────────┬────────┬────────┬────────┬────────────┬────────┬────────┬────────┬────────┬────────┬─────────╮
│        ┆  Sina  ┆  Tais  ┆  Jana  ┆  Julia ┆   Pia  ┆ Lisa-Marie ┆ Shelly ┆  Afra  ┆  Edda  ┆  Maja  ┆  Lina  ┆ Melanie │
╞════════╪════════╪════════╪════════╪════════╪════════╪════════════╪════════╪════════╪════════╪════════╪════════╪═════════╡
│[48;5;0m Eti    [49m┆[48;5;0m 9.899  [49m┆[48;5;0m 9.899  [49m┆[48;5;0m 11.111 [49m┆[48;5;0m 9.899  [49m┆[48;5;0m 9.899  [49m┆[48;5;0m 9.899      [49m┆[48;5;0m 9.899  [49m┆[48;5;0m 9.899  [49m┆[48;5;0m 9.899  [49m┆[48;5;0m 9.899  [49m┆[48;5;0m 9.899  [49m┆[48;5;0m 10.101  [49m│
│ Gerrit ┆ 9.899  ┆ 9.899  ┆ 11.111 ┆ 9.899  ┆ 9.899  ┆ 9.899      ┆ 9.899  ┆ 9.899  ┆ 9.899  ┆ 9.899  ┆ 9.899  ┆ 10.101  │
│[48;5;0m Kevin  [49m┆[48;5;0m 9.899  [49m┆[48;5;0m 9.899  [49m┆[48;5;0m 11.111 [49m┆[48;5;0m 9.899  [49m┆[48;5;0m 9.899  [49m┆[48;5;0m 9.899      [49m┆[48;5;0m 9.899  [49m┆[48;5;0m 9.899  [49m┆[48;5;0m 9.899  [49m┆[48;5;0m 9.899  [49m┆[48;5;0m 9.899  [49m┆[48;5;0m 10.101  [49m│
│ Martin ┆ 9.899  ┆ 9.899  ┆ 11.111 ┆ 9.899  ┆ 9.899  ┆ 9.899      ┆ 9.899  ┆ 9.899  ┆ 9.899  ┆ 9.899  ┆ 9.899  ┆ 10.101  │
│[48;5;0m Paddy  [49m┆[48;5;0m 9.899  [49m┆[48;5;0m 9.899  [49m┆[48;5;0m 11.111 [49m┆[48;5;0m 9.899  [49m┆[48;5;0m 9.899  [49m┆[48;5;0m 9.899      [49m┆[48;5;0m 9.899  [49m┆[48;5;0m 9.899  [49m┆[48;5;0m 9.899  [49m┆[48;5;0m 9.899  [49m┆[48;5;0m 9.899  [49m┆[48;5;0m 10.101  [49m│
│ Paulo  ┆ 10.909 ┆ 10.909 ┆[38;5;9m 0.000  [39m┆ 10.909 ┆ 10.909 ┆ 10.909     ┆ 10.909 ┆ 10.909 ┆ 10.909 ┆ 10.909 ┆ 10.909 ┆ 9.091   │
│[48;5;0m Ryan   [49m┆[48;5;0m 9.899  [49m┆[48;5;0m 9.899  [49m┆[48;5;0m 11.111 [49m┆[48;5;0m 9.899  [49m┆[48;5;0m 9.899  [49m┆[48;5;0m 9.899      [49m┆[48;5;0m 9.899  [49m┆[48;5;0m 9.899  [49m┆[48;5;0m 9.899  [49m┆[48;5;0m 9.899  [49m┆[48;5;0m 9.899  [49m┆[48;5;0m 10.101  [49m│
│ Sandro ┆ 9.899  ┆ 9.899  ┆ 11.111 ┆ 9.899  ┆ 9.899  ┆ 9.899      ┆ 9.899  ┆ 9.899  ┆ 9.899  ┆ 9.899  ┆ 9.899  ┆ 10.101  │
│[48;5;0m Sidar  [49m┆[48;5;0m 9.899  [49m┆[48;5;0m 9.899  [49m┆[48;5;0m 11.111 [49m┆[48;5;0m 9.899  [49m┆[48;5;0m 9.899  [49m┆[48;5;0m 9.899      [49m┆[48;5;0m 9.899  [49m┆[48;5;0m 9.899  [49m┆[48;5;0m 9.899  [49m┆[48;5;0m 9.899  [49m┆[48;5;0m 9.899  [49m┆[48;5;0m 10.101  [49m│
│ Wilson ┆ 9.899  ┆ 9.899  ┆ 11.111 ┆ 9.899  ┆ 9.899  ┆ 9.899      ┆ 9.899  ┆ 9.899  ┆ 9.899  ┆ 9.899  ┆ 9.899  ┆ 10.101  │
╰────────┴────────┴────────┴────────┴────────┴────────┴────────────┴────────┴────────┴────────┴────────┴────────┴─────────╯
179625600 left -> 27.4204 bits left

MN#1.0 E04
0x Kevin -> Sina
0x Sidar -> Jana
0x Sandro -> Edda
0x Martin -> Julia
0x Paulo -> Tais
0x Eti -> Lisa-Marie
0x Paddy -> Maja
0x Ryan -> Lina
0x Wilson -> Shelly
0x Gerrit -> Pia
---
-> Pr[lights]: {0: 36.0%, 1: 37.1%, 2: 18.8%, 3: 6.2%, 4: 1.5%, 5: 0.3%, 6: 0.0%, 7: 0.0%, 8: 0.0%, 9: 0.0%, 10: 0.0%}
->  E[lights]: 1.012
2 lights => I = 2.4119 bits
╭────────┬────────┬────────┬────────┬────────┬────────┬────────────┬────────┬────────┬────────┬────────┬────────┬─────────╮
│        ┆  Sina  ┆  Tais  ┆  Jana  ┆  Julia ┆   Pia  ┆ Lisa-Marie ┆ Shelly ┆  Afra  ┆  Edda  ┆  Maja  ┆  Lina  ┆ Melanie │
╞════════╪════════╪════════╪════════╪════════╪════════╪════════════╪════════╪════════╪════════╪════════╪════════╪═════════╡
│[48;5;0m Eti    [49m┆[48;5;0m 8.872  [49m┆[48;5;0m 8.730  [49m┆[48;5;0m 9.756  [49m┆[48;5;0m 8.872  [49m┆[48;5;0m 8.872  [49m┆[48;5;0m 19.562     [49m┆[48;5;0m 8.872  [49m┆[48;5;0m 9.925  [49m┆[48;5;0m 8.872  [49m┆[48;5;0m 8.872  [49m┆[48;5;0m 8.872  [49m┆[48;5;0m 10.076  [49m│
│ Gerrit ┆ 8.872  ┆ 8.730  ┆ 9.756  ┆ 8.872  ┆ 19.562 ┆ 8.872      ┆ 8.872  ┆ 9.925  ┆ 8.872  ┆ 8.872  ┆ 8.872  ┆ 10.076  │
│[48;5;0m Kevin  [49m┆[48;5;0m 19.562 [49m┆[48;5;0m 8.730  [49m┆[48;5;0m 9.756  [49m┆[48;5;0m 8.872  [49m┆[48;5;0m 8.872  [49m┆[48;5;0m 8.872      [49m┆[48;5;0m 8.872  [49m┆[48;5;0m 9.925  [49m┆[48;5;0m 8.872  [49m┆[48;5;0m 8.872  [49m┆[48;5;0m 8.872  [49m┆[48;5;0m 10.076  [49m│
│ Martin ┆ 8.872  ┆ 8.730  ┆ 9.756  ┆ 19.562 ┆ 8.872  ┆ 8.872      ┆ 8.872  ┆ 9.925  ┆ 8.872  ┆ 8.872  ┆ 8.872  ┆ 10.076  │
│[48;5;0m Paddy  [49m┆[48;5;0m 8.872  [49m┆[48;5;0m 8.730  [49m┆[48;5;0m 9.756  [49m┆[48;5;0m 8.872  [49m┆[48;5;0m 8.872  [49m┆[48;5;0m 8.872      [49m┆[48;5;0m 8.872  [49m┆[48;5;0m 9.925  [49m┆[48;5;0m 8.872  [49m┆[48;5;0m 19.562 [49m┆[48;5;0m 8.872  [49m┆[48;5;0m 10.076  [49m│
│ Paulo  ┆ 9.605  ┆ 21.556 ┆[38;5;9m 0.000  [39m┆ 9.605  ┆ 9.605  ┆ 9.605      ┆ 9.605  ┆ 10.800 ┆ 9.605  ┆ 9.605  ┆ 9.605  ┆ 9.196   │
│[48;5;0m Ryan   [49m┆[48;5;0m 8.872  [49m┆[48;5;0m 8.730  [49m┆[48;5;0m 9.756  [49m┆[48;5;0m 8.872  [49m┆[48;5;0m 8.872  [49m┆[48;5;0m 8.872      [49m┆[48;5;0m 8.872  [49m┆[48;5;0m 9.925  [49m┆[48;5;0m 8.872  [49m┆[48;5;0m 8.872  [49m┆[48;5;0m 19.562 [49m┆[48;5;0m 10.076  [49m│
│ Sandro ┆ 8.872  ┆ 8.730  ┆ 9.756  ┆ 8.872  ┆ 8.872  ┆ 8.872      ┆ 8.872  ┆ 9.925  ┆ 19.562 ┆ 8.872  ┆ 8.872  ┆ 10.076  │
│[48;5;0m Sidar  [49m┆[48;5;0m 8.730  [49m┆[48;5;0m 8.602  [49m┆[48;5;0m 21.951 [49m┆[48;5;0m 8.730  [49m┆[48;5;0m 8.730  [49m┆[48;5;0m 8.730      [49m┆[48;5;0m 8.730  [49m┆[48;5;0m 9.800  [49m┆[48;5;0m 8.730  [49m┆[48;5;0m 8.730  [49m┆[48;5;0m 8.730  [49m┆[48;5;0m 10.196  [49m│
│ Wilson ┆ 8.872  ┆ 8.730  ┆ 9.756  ┆ 8.872  ┆ 8.872  ┆ 8.872      ┆ 19.562 ┆ 9.925  ┆ 8.872  ┆ 8.872  ┆ 8.872  ┆ 10.076  │
╰────────┴────────┴────────┴────────┴────────┴────────┴────────────┴────────┴────────┴────────┴────────┴────────┴─────────╯
33752266 left -> 25.0085 bits left

MB#2.0 E05
Ryan -> Lina
---
-> Pr[lights]: {0: 80.4%, 1: 19.6%}
0 lights => I = 0.3140 bits
╭────────┬────────┬────────┬────────┬────────┬────────┬────────────┬────────┬────────┬────────┬────────┬────────┬─────────╮
│        ┆  Sina  ┆  Tais  ┆  Jana  ┆  Julia ┆   Pia  ┆ Lisa-Marie ┆ Shelly ┆  Afra  ┆  Edda  ┆  Maja  ┆  Lina  ┆ Melanie │
╞════════╪════════╪════════╪════════╪════════╪════════╪════════════╪════════╪════════╪════════╪════════╪════════╪═════════╡
│[48;5;0m Eti    [49m┆[48;5;0m 8.407  [49m┆[48;5;0m 8.239  [49m┆[48;5;0m 9.158  [49m┆[48;5;0m 8.407  [49m┆[48;5;0m 8.407  [49m┆[48;5;0m 21.702     [49m┆[48;5;0m 8.407  [49m┆[48;5;0m 9.719  [49m┆[48;5;0m 8.407  [49m┆[48;5;0m 8.407  [49m┆[48;5;0m 11.029 [49m┆[48;5;0m 10.291  [49m│
│ Gerrit ┆ 8.407  ┆ 8.239  ┆ 9.158  ┆ 8.407  ┆ 21.702 ┆ 8.407      ┆ 8.407  ┆ 9.719  ┆ 8.407  ┆ 8.407  ┆ 11.029 ┆ 10.291  │
│[48;5;0m Kevin  [49m┆[48;5;0m 21.702 [49m┆[48;5;0m 8.239  [49m┆[48;5;0m 9.158  [49m┆[48;5;0m 8.407  [49m┆[48;5;0m 8.407  [49m┆[48;5;0m 8.407      [49m┆[48;5;0m 8.407  [49m┆[48;5;0m 9.719  [49m┆[48;5;0m 8.407  [49m┆[48;5;0m 8.407  [49m┆[48;5;0m 11.029 [49m┆[48;5;0m 10.291  [49m│
│ Martin ┆ 8.407  ┆ 8.239  ┆ 9.158  ┆ 21.702 ┆ 8.407  ┆ 8.407      ┆ 8.407  ┆ 9.719  ┆ 8.407  ┆ 8.407  ┆ 11.029 ┆ 10.291  │
│[48;5;0m Paddy  [49m┆[48;5;0m 8.407  [49m┆[48;5;0m 8.239  [49m┆[48;5;0m 9.158  [49m┆[48;5;0m 8.407  [49m┆[48;5;0m 8.407  [49m┆[48;5;0m 8.407      [49m┆[48;5;0m 8.407  [49m┆[48;5;0m 9.719  [49m┆[48;5;0m 8.407  [49m┆[48;5;0m 21.702 [49m┆[48;5;0m 11.029 [49m┆[48;5;0m 10.291  [49m│
│ Paulo  ┆ 9.024  ┆ 23.827 ┆[38;5;9m 0.000  [39m┆ 9.024  ┆ 9.024  ┆ 9.024      ┆ 9.024  ┆ 10.503 ┆ 9.024  ┆ 9.024  ┆ 11.941 ┆ 9.438   │
│[48;5;0m Ryan   [49m┆[48;5;0m 10.591 [49m┆[48;5;0m 10.416 [49m┆[48;5;0m 11.637 [49m┆[48;5;0m 10.591 [49m┆[48;5;0m 10.591 [49m┆[48;5;0m 10.591     [49m┆[48;5;0m 10.591 [49m┆[48;5;0m 11.902 [49m┆[48;5;0m 10.591 [49m┆[48;5;0m 10.591 [49m┆[48;5;0m[38;5;9m 0.000  [49m[39m┆[48;5;0m 8.094   [49m│
│ Sandro ┆ 8.407  ┆ 8.239  ┆ 9.158  ┆ 8.407  ┆ 8.407  ┆ 8.407      ┆ 8.407  ┆ 9.719  ┆ 21.702 ┆ 8.407  ┆ 11.029 ┆ 10.291  │
│[48;5;0m Sidar  [49m┆[48;5;0m 8.239  [49m┆[48;5;0m 8.082  [49m┆[48;5;0m 24.257 [49m┆[48;5;0m 8.239  [49m┆[48;5;0m 8.239  [49m┆[48;5;0m 8.239      [49m┆[48;5;0m 8.239  [49m┆[48;5;0m 9.564  [49m┆[48;5;0m 8.239  [49m┆[48;5;0m 8.239  [49m┆[48;5;0m 10.853 [49m┆[48;5;0m 10.432  [49m│
│ Wilson ┆ 8.407  ┆ 8.239  ┆ 9.158  ┆ 8.407  ┆ 8.407  ┆ 8.407      ┆ 21.702 ┆ 9.719  ┆ 8.407  ┆ 8.407  ┆ 11.029 ┆ 10.291  │
╰────────┴────────┴────────┴────────┴────────┴────────┴────────────┴────────┴────────┴────────┴────────┴────────┴─────────╯
27149771 left -> 24.6944 bits left

MN#2.0 E06
0x Wilson -> Maja
0x Paulo -> Lisa-Marie
1x Sandro -> Edda
0x Gerrit -> Tais
1x Sidar -> Jana
0x Martin -> Lina
0x Eti -> Afra
0x Ryan -> Pia
0x Paddy -> Shelly
1x Kevin -> Sina
---
-> Pr[lights]: {0: 23.9%, 1: 37.5%, 2: 24.9%, 3: 10.1%, 4: 2.9%, 5: 0.6%, 6: 0.1%, 7: 0.0%, 8: 0.0%, 9: 0.0%}
->  E[lights]: 1.331
2 lights => I = 2.0068 bits
╭────────┬────────┬────────┬────────┬────────┬────────┬────────────┬────────┬────────┬────────┬────────┬────────┬─────────╮
│        ┆  Sina  ┆  Tais  ┆  Jana  ┆  Julia ┆   Pia  ┆ Lisa-Marie ┆ Shelly ┆  Afra  ┆  Edda  ┆  Maja  ┆  Lina  ┆ Melanie │
╞════════╪════════╪════════╪════════╪════════╪════════╪════════════╪════════╪════════╪════════╪════════╪════════╪═════════╡
│[48;5;0m Eti    [49m┆[48;5;0m 7.583  [49m┆[48;5;0m 8.988  [49m┆[48;5;0m 8.098  [49m┆[48;5;0m 9.232  [49m┆[48;5;0m 8.841  [49m┆[48;5;0m 15.988     [49m┆[48;5;0m 9.050  [49m┆[48;5;0m 14.768 [49m┆[48;5;0m 7.583  [49m┆[48;5;0m 9.050  [49m┆[48;5;0m 10.756 [49m┆[48;5;0m 9.938   [49m│
│ Gerrit ┆ 7.711  ┆ 12.518 ┆ 8.249  ┆ 9.374  ┆ 15.944 ┆ 9.168      ┆ 9.246  ┆ 9.743  ┆ 7.711  ┆ 9.246  ┆ 10.904 ┆ 9.814   │
│[48;5;0m Kevin  [49m┆[48;5;0m 32.195 [49m┆[48;5;0m 7.838  [49m┆[48;5;0m 6.828  [49m┆[48;5;0m 8.199  [49m┆[48;5;0m 7.712  [49m┆[48;5;0m 7.880      [49m┆[48;5;0m 7.894  [49m┆[48;5;0m 8.515  [49m┆[48;5;0m 6.482  [49m┆[48;5;0m 7.894  [49m┆[48;5;0m 9.503  [49m┆[48;5;0m 10.939  [49m│
│ Martin ┆ 7.365  ┆ 8.760  ┆ 7.866  ┆ 17.489 ┆ 8.680  ┆ 8.820      ┆ 8.793  ┆ 9.369  ┆ 7.365  ┆ 8.793  ┆ 16.834 ┆ 10.133  │
│[48;5;0m Paddy  [49m┆[48;5;0m 7.676  [49m┆[48;5;0m 9.166  [49m┆[48;5;0m 8.230  [49m┆[48;5;0m 9.316  [49m┆[48;5;0m 8.968  [49m┆[48;5;0m 9.192      [49m┆[48;5;0m 12.789 [49m┆[48;5;0m 9.711  [49m┆[48;5;0m 7.676  [49m┆[48;5;0m 16.285 [49m┆[48;5;0m 10.839 [49m┆[48;5;0m 9.847   [49m│
│ Paulo  ┆ 8.148  ┆ 17.653 ┆[38;5;9m 0.000  [39m┆ 10.004 ┆ 9.569  ┆ 13.748     ┆ 9.879  ┆ 10.431 ┆ 8.148  ┆ 9.879  ┆ 11.673 ┆ 9.133   │
│[48;5;0m Ryan   [49m┆[48;5;0m 9.021  [49m┆[48;5;0m 10.545 [49m┆[48;5;0m 9.705  [49m┆[48;5;0m 10.973 [49m┆[48;5;0m 16.199 [49m┆[48;5;0m 10.553     [49m┆[48;5;0m 10.585 [49m┆[48;5;0m 11.029 [49m┆[48;5;0m 9.021  [49m┆[48;5;0m 10.585 [49m┆[48;5;0m[38;5;9m 0.000  [49m[39m┆[48;5;0m 8.216   [49m│
│ Sandro ┆ 6.482  ┆ 7.838  ┆ 6.828  ┆ 8.199  ┆ 7.712  ┆ 7.880      ┆ 7.894  ┆ 8.515  ┆ 32.195 ┆ 7.894  ┆ 9.503  ┆ 10.939  │
│[48;5;0m Sidar  [49m┆[48;5;0m 6.144  [49m┆[48;5;0m 7.530  [49m┆[48;5;0m 35.966 [49m┆[48;5;0m 7.899  [49m┆[48;5;0m 7.406  [49m┆[48;5;0m 7.578      [49m┆[48;5;0m 7.586  [49m┆[48;5;0m 8.207  [49m┆[48;5;0m 6.144  [49m┆[48;5;0m 7.586  [49m┆[48;5;0m 9.148  [49m┆[48;5;0m 11.194  [49m│
│ Wilson ┆ 7.676  ┆ 9.166  ┆ 8.230  ┆ 9.316  ┆ 8.968  ┆ 9.192      ┆ 16.285 ┆ 9.711  ┆ 7.676  ┆ 12.789 ┆ 10.839 ┆ 9.847   │
╰────────┴────────┴────────┴────────┴────────┴────────┴────────────┴────────┴────────┴────────┴────────┴────────┴─────────╯
6755599 left -> 22.6877 bits left

MB#3.0 E06
Kevin -> Maja
---
-> Pr[lights]: {0: 92.1%, 1: 7.9%}
0 lights => I = 0.1186 bits
╭────────┬────────┬────────┬────────┬────────┬────────┬────────────┬────────┬────────┬────────┬────────┬────────┬─────────╮
│        ┆  Sina  ┆  Tais  ┆  Jana  ┆  Julia ┆   Pia  ┆ Lisa-Marie ┆ Shelly ┆  Afra  ┆  Edda  ┆  Maja  ┆  Lina  ┆ Melanie │
╞════════╪════════╪════════╪════════╪════════╪════════╪════════════╪════════╪════════╪════════╪════════╪════════╪═════════╡
│[48;5;0m Eti    [49m┆[48;5;0m 7.351  [49m┆[48;5;0m 8.957  [49m┆[48;5;0m 8.181  [49m┆[48;5;0m 9.210  [49m┆[48;5;0m 8.828  [49m┆[48;5;0m 15.712     [49m┆[48;5;0m 9.071  [49m┆[48;5;0m 14.544 [49m┆[48;5;0m 7.638  [49m┆[48;5;0m 9.826  [49m┆[48;5;0m 10.700 [49m┆[48;5;0m 10.019  [49m│
│ Gerrit ┆ 7.468  ┆ 12.428 ┆ 8.319  ┆ 9.337  ┆ 15.677 ┆ 9.116      ┆ 9.252  ┆ 9.677  ┆ 7.756  ┆ 10.038 ┆ 10.832 ┆ 9.901   │
│[48;5;0m Kevin  [49m┆[48;5;0m 34.333 [49m┆[48;5;0m 8.382  [49m┆[48;5;0m 7.314  [49m┆[48;5;0m 8.769  [49m┆[48;5;0m 8.250  [49m┆[48;5;0m 8.427      [49m┆[48;5;0m 8.449  [49m┆[48;5;0m 9.106  [49m┆[48;5;0m 6.941  [49m┆[48;5;0m[38;5;9m 0.000  [49m[39m┆[48;5;0m 10.162 [49m┆[48;5;0m 10.134  [49m│
│ Martin ┆ 7.148  ┆ 8.748  ┆ 7.964  ┆ 17.151 ┆ 8.694  ┆ 8.813      ┆ 8.823  ┆ 9.343  ┆ 7.435  ┆ 9.546  ┆ 16.542 ┆ 10.207  │
│[48;5;0m Paddy  [49m┆[48;5;0m 7.376  [49m┆[48;5;0m 9.073  [49m┆[48;5;0m 8.233  [49m┆[48;5;0m 9.204  [49m┆[48;5;0m 8.896  [49m┆[48;5;0m 9.104      [49m┆[48;5;0m 12.436 [49m┆[48;5;0m 9.614  [49m┆[48;5;0m 7.661  [49m┆[48;5;0m 17.681 [49m┆[48;5;0m 10.729 [49m┆[48;5;0m 10.007  [49m│
│ Paulo  ┆ 7.888  ┆ 17.340 ┆[38;5;9m 0.000  [39m┆ 9.975  ┆ 9.545  ┆ 13.646     ┆ 9.901  ┆ 10.371 ┆ 8.215  ┆ 10.725 ┆ 11.597 ┆ 9.205   │
│[48;5;0m Ryan   [49m┆[48;5;0m 8.728  [49m┆[48;5;0m 10.471 [49m┆[48;5;0m 9.758  [49m┆[48;5;0m 10.896 [49m┆[48;5;0m 15.927 [49m┆[48;5;0m 10.479     [49m┆[48;5;0m 10.568 [49m┆[48;5;0m 10.946 [49m┆[48;5;0m 9.048  [49m┆[48;5;0m 11.492 [49m┆[48;5;0m[38;5;9m 0.000  [49m[39m┆[48;5;0m 8.313   [49m│
│ Sandro ┆ 6.304  ┆ 7.877  ┆ 7.004  ┆ 8.230  ┆ 7.765  ┆ 7.917      ┆ 7.971  ┆ 8.530  ┆ 31.308 ┆ 8.571  ┆ 9.518  ┆ 10.994  │
│[48;5;0m Sidar  [49m┆[48;5;0m 5.986  [49m┆[48;5;0m 7.590  [49m┆[48;5;0m 34.953 [49m┆[48;5;0m 7.950  [49m┆[48;5;0m 7.478  [49m┆[48;5;0m 7.635      [49m┆[48;5;0m 7.682  [49m┆[48;5;0m 8.244  [49m┆[48;5;0m 6.299  [49m┆[48;5;0m 8.236  [49m┆[48;5;0m 9.190  [49m┆[48;5;0m 11.242  [49m│
│ Wilson ┆ 7.417  ┆ 9.133  ┆ 8.275  ┆ 9.278  ┆ 8.939  ┆ 9.152      ┆ 15.846 ┆ 9.625  ┆ 7.698  ┆ 13.885 ┆ 10.730 ┆ 9.978   │
╰────────┴────────┴────────┴────────┴────────┴────────┴────────────┴────────┴────────┴────────┴────────┴────────┴─────────╯
6222309 left -> 22.5690 bits left

MB#3.1 E07
Eti -> Melanie
---
-> Pr[lights]: {0: 90.0%, 1: 10.0%}
0 lights => I = 0.1523 bits
╭────────┬────────┬────────┬────────┬────────┬────────┬────────────┬────────┬────────┬────────┬────────┬────────┬─────────╮
│        ┆  Sina  ┆  Tais  ┆  Jana  ┆  Julia ┆   Pia  ┆ Lisa-Marie ┆ Shelly ┆  Afra  ┆  Edda  ┆  Maja  ┆  Lina  ┆ Melanie │
╞════════╪════════╪════════╪════════╪════════╪════════╪════════════╪════════╪════════╪════════╪════════╪════════╪═════════╡
│[48;5;0m Eti    [49m┆[48;5;0m 6.688  [49m┆[48;5;0m 8.169  [49m┆[48;5;0m 7.444  [49m┆[48;5;0m 8.396  [49m┆[48;5;0m 8.050  [49m┆[48;5;0m 14.175     [49m┆[48;5;0m 8.280  [49m┆[48;5;0m 13.078 [49m┆[48;5;0m 6.948  [49m┆[48;5;0m 8.983  [49m┆[48;5;0m 9.790  [49m┆[48;5;0m[38;5;9m 0.000   [49m[39m│
│ Gerrit ┆ 7.525  ┆ 12.508 ┆ 8.383  ┆ 9.414  ┆ 15.836 ┆ 9.268      ┆ 9.340  ┆ 9.834  ┆ 7.815  ┆ 10.141 ┆ 10.940 ┆ 11.003  │
│[48;5;0m Kevin  [49m┆[48;5;0m 34.539 [49m┆[48;5;0m 8.466  [49m┆[48;5;0m 7.382  [49m┆[48;5;0m 8.854  [49m┆[48;5;0m 8.332  [49m┆[48;5;0m 8.593      [49m┆[48;5;0m 8.533  [49m┆[48;5;0m 9.280  [49m┆[48;5;0m 7.005  [49m┆[48;5;0m[38;5;9m 0.000  [49m[39m┆[48;5;0m 10.278 [49m┆[48;5;0m 11.262  [49m│
│ Martin ┆ 7.207  ┆ 8.820  ┆ 8.030  ┆ 17.329 ┆ 8.770  ┆ 8.963      ┆ 8.901  ┆ 9.502  ┆ 7.496  ┆ 9.636  ┆ 16.688 ┆ 11.343  │
│[48;5;0m Paddy  [49m┆[48;5;0m 7.434  [49m┆[48;5;0m 9.158  [49m┆[48;5;0m 8.297  [49m┆[48;5;0m 9.282  [49m┆[48;5;0m 8.979  [49m┆[48;5;0m 9.259      [49m┆[48;5;0m 12.502 [49m┆[48;5;0m 9.771  [49m┆[48;5;0m 7.721  [49m┆[48;5;0m 17.877 [49m┆[48;5;0m 10.841 [49m┆[48;5;0m 11.121  [49m│
│ Paulo  ┆ 7.930  ┆ 17.482 ┆[38;5;9m 0.000  [39m┆ 10.038 ┆ 9.599  ┆ 13.955     ┆ 9.963  ┆ 10.518 ┆ 8.258  ┆ 10.799 ┆ 11.686 ┆ 10.229  │
│[48;5;0m Ryan   [49m┆[48;5;0m 8.785  [49m┆[48;5;0m 10.546 [49m┆[48;5;0m 9.823  [49m┆[48;5;0m 10.980 [49m┆[48;5;0m 16.003 [49m┆[48;5;0m 10.619     [49m┆[48;5;0m 10.654 [49m┆[48;5;0m 11.128 [49m┆[48;5;0m 9.108  [49m┆[48;5;0m 11.594 [49m┆[48;5;0m[38;5;9m 0.000  [49m[39m┆[48;5;0m 9.239   [49m│
│ Sandro ┆ 6.368  ┆ 7.960  ┆ 7.073  ┆ 8.316  ┆ 7.847  ┆ 8.075      ┆ 8.055  ┆ 8.696  ┆ 31.529 ┆ 8.668  ┆ 9.633  ┆ 12.219  │
│[48;5;0m Sidar  [49m┆[48;5;0m 6.048  [49m┆[48;5;0m 7.672  [49m┆[48;5;0m 35.226 [49m┆[48;5;0m 8.034  [49m┆[48;5;0m 7.559  [49m┆[48;5;0m 7.789      [49m┆[48;5;0m 7.764  [49m┆[48;5;0m 8.408  [49m┆[48;5;0m 6.362  [49m┆[48;5;0m 8.331  [49m┆[48;5;0m 9.301  [49m┆[48;5;0m 12.494  [49m│
│ Wilson ┆ 7.476  ┆ 9.220  ┆ 8.340  ┆ 9.358  ┆ 9.025  ┆ 9.305      ┆ 16.008 ┆ 9.785  ┆ 7.758  ┆ 13.971 ┆ 10.843 ┆ 11.089  │
╰────────┴────────┴────────┴────────┴────────┴────────┴────────────┴────────┴────────┴────────┴────────┴────────┴─────────╯
5598916 left -> 22.4167 bits left

MN#3.0 E08
0x Sidar -> Afra
0x Ryan -> Jana
0x Sandro -> Sina
1x Gerrit -> Tais
0x Paulo -> Edda
0x Kevin -> Melanie
1x Wilson -> Shelly
0x Martin -> Lisa-Marie
0x Paddy -> Julia
0x Eti -> Maja
---
-> Pr[lights]: {0: 36.5%, 1: 37.3%, 2: 18.4%, 3: 6.0%, 4: 1.5%, 5: 0.3%, 6: 0.0%, 7: 0.0%, 8: 0.0%, 9: 0.0%}
->  E[lights]: 0.999
4 lights => I = 6.0734 bits
╭────────┬────────┬────────┬────────┬────────┬────────┬────────────┬────────┬────────┬────────┬────────┬────────┬─────────╮
│        ┆  Sina  ┆  Tais  ┆  Jana  ┆  Julia ┆   Pia  ┆ Lisa-Marie ┆ Shelly ┆  Afra  ┆  Edda  ┆  Maja  ┆  Lina  ┆ Melanie │
╞════════╪════════╪════════╪════════╪════════╪════════╪════════════╪════════╪════════╪════════╪════════╪════════╪═════════╡
│[48;5;0m Eti    [49m┆[48;5;0m 4.626  [49m┆[48;5;0m 3.403  [49m┆[48;5;0m 5.491  [49m┆[48;5;0m 6.519  [49m┆[48;5;0m 8.578  [49m┆[48;5;0m 8.935      [49m┆[48;5;0m 2.449  [49m┆[48;5;0m 8.178  [49m┆[48;5;0m 5.364  [49m┆[48;5;0m 36.306 [49m┆[48;5;0m 10.151 [49m┆[48;5;0m[38;5;9m 0.000   [49m[39m│
│ Gerrit ┆ 3.338  ┆ 60.714 ┆ 4.124  ┆ 4.726  ┆ 8.721  ┆ 4.818      ┆ 2.398  ┆ 4.773  ┆ 4.085  ┆ 5.379  ┆ 7.379  ┆ 10.455  │
│[48;5;0m Kevin  [49m┆[48;5;0m 38.910 [49m┆[48;5;0m 7.272  [49m┆[48;5;0m 9.081  [49m┆[48;5;0m 10.394 [49m┆[48;5;0m 13.469 [49m┆[48;5;0m 10.345     [49m┆[48;5;0m 5.067  [49m┆[48;5;0m 11.147 [49m┆[48;5;0m 8.783  [49m┆[48;5;0m[38;5;9m 0.000  [49m[39m┆[48;5;0m 15.654 [49m┆[48;5;0m 30.122  [49m│
│ Martin ┆ 5.076  ┆ 3.993  ┆ 5.937  ┆ 10.851 ┆ 9.358  ┆ 34.456     ┆ 2.332  ┆ 7.158  ┆ 5.720  ┆ 7.494  ┆ 16.104 ┆ 8.480   │
│[48;5;0m Paddy  [49m┆[48;5;0m 5.202  [49m┆[48;5;0m 4.353  [49m┆[48;5;0m 6.099  [49m┆[48;5;0m 35.116 [49m┆[48;5;0m 9.507  [49m┆[48;5;0m 7.023      [49m┆[48;5;0m 3.355  [49m┆[48;5;0m 7.232  [49m┆[48;5;0m 5.788  [49m┆[48;5;0m 13.650 [49m┆[48;5;0m 10.855 [49m┆[48;5;0m 8.180   [49m│
│ Paulo  ┆ 6.395  ┆ 4.530  ┆[38;5;9m 0.000  [39m┆ 7.923  ┆ 10.829 ┆ 9.751      ┆ 3.201  ┆ 8.103  ┆ 35.117 ┆ 8.873  ┆ 12.432 ┆ 7.153   │
│[48;5;0m Ryan   [49m┆[48;5;0m 5.904  [49m┆[48;5;0m 4.218  [49m┆[48;5;0m 38.324 [49m┆[48;5;0m 7.813  [49m┆[48;5;0m 15.919 [49m┆[48;5;0m 7.871      [49m┆[48;5;0m 3.502  [49m┆[48;5;0m 8.148  [49m┆[48;5;0m 6.573  [49m┆[48;5;0m 8.748  [49m┆[48;5;0m[38;5;9m 0.000  [49m[39m┆[48;5;0m 7.021   [49m│
│ Sandro ┆ 23.779 ┆ 4.768  ┆ 6.407  ┆ 7.128  ┆ 9.518  ┆ 7.123      ┆ 3.226  ┆ 7.443  ┆ 20.446 ┆ 7.825  ┆ 10.993 ┆ 8.655   │
│[48;5;0m Sidar  [49m┆[48;5;0m 4.412  [49m┆[48;5;0m 3.958  [49m┆[48;5;0m 21.865 [49m┆[48;5;0m 6.185  [49m┆[48;5;0m 8.398  [49m┆[48;5;0m 6.274      [49m┆[48;5;0m 2.379  [49m┆[48;5;0m 33.975 [49m┆[48;5;0m 5.177  [49m┆[48;5;0m 6.965  [49m┆[48;5;0m 9.614  [49m┆[48;5;0m 9.201   [49m│
│ Wilson ┆ 2.359  ┆ 2.792  ┆ 2.671  ┆ 3.345  ┆ 5.705  ┆ 3.404      ┆ 72.091 ┆ 3.844  ┆ 2.947  ┆ 4.759  ┆ 6.817  ┆ 10.734  │
╰────────┴────────┴────────┴────────┴────────┴────────┴────────────┴────────┴────────┴────────┴────────┴────────┴─────────╯
83141 left -> 16.3433 bits left

MB#4.0 E09
Wilson -> Shelly
---
-> Pr[lights]: {0: 27.9%, 1: 72.1%}
1 lights => I = 0.6854 bits
╭────────┬────────┬────────┬────────┬────────┬────────┬────────────┬─────────┬────────┬────────┬────────┬────────┬─────────╮
│        ┆  Sina  ┆  Tais  ┆  Jana  ┆  Julia ┆   Pia  ┆ Lisa-Marie ┆  Shelly ┆  Afra  ┆  Edda  ┆  Maja  ┆  Lina  ┆ Melanie │
╞════════╪════════╪════════╪════════╪════════╪════════╪════════════╪═════════╪════════╪════════╪════════╪════════╪═════════╡
│[48;5;0m Eti    [49m┆[48;5;0m 5.758  [49m┆[48;5;0m 3.605  [49m┆[48;5;0m 6.946  [49m┆[48;5;0m 7.578  [49m┆[48;5;0m 9.580  [49m┆[48;5;0m 4.828      [49m┆[48;5;0m[38;5;9m 0.000   [49m[39m┆[48;5;0m 10.311 [49m┆[48;5;0m 6.441  [49m┆[48;5;0m 34.081 [49m┆[48;5;0m 10.872 [49m┆[48;5;0m[38;5;9m 0.000   [49m[39m│
│ Gerrit ┆ 4.251  ┆ 63.819 ┆ 5.226  ┆ 5.776  ┆ 2.919  ┆ 5.799      ┆[38;5;9m 0.000   [39m┆ 5.456  ┆ 4.940  ┆ 6.795  ┆ 7.383  ┆ 12.363  │
│[48;5;0m Kevin  [49m┆[48;5;0m 32.852 [49m┆[48;5;0m 7.855  [49m┆[48;5;0m 11.038 [49m┆[48;5;0m 12.077 [49m┆[48;5;0m 14.000 [49m┆[48;5;0m 12.073     [49m┆[48;5;0m[38;5;9m 0.000   [49m[39m┆[48;5;0m 12.224 [49m┆[48;5;0m 10.220 [49m┆[48;5;0m[38;5;9m 0.000  [49m[39m┆[48;5;0m 15.611 [49m┆[48;5;0m 27.951  [49m│
│ Martin ┆ 6.549  ┆ 4.476  ┆ 7.721  ┆ 6.416  ┆ 10.953 ┆ 30.340     ┆[38;5;9m 0.000   [39m┆ 8.866  ┆ 7.166  ┆ 9.240  ┆ 18.537 ┆ 10.265  │
│[48;5;0m Paddy  [49m┆[48;5;0m 6.654  [49m┆[48;5;0m 5.027  [49m┆[48;5;0m 7.919  [49m┆[48;5;0m 32.994 [49m┆[48;5;0m 10.832 [49m┆[48;5;0m 8.452      [49m┆[48;5;0m[38;5;9m 0.000   [49m[39m┆[48;5;0m 8.870  [49m┆[48;5;0m 7.207  [49m┆[48;5;0m 9.627  [49m┆[48;5;0m 12.133 [49m┆[48;5;0m 9.714   [49m│
│ Paulo  ┆ 7.839  ┆ 1.526  ┆[38;5;9m 0.000  [39m┆ 9.725  ┆ 11.986 ┆ 12.640     ┆[38;5;9m 0.000   [39m┆ 9.816  ┆ 30.541 ┆ 11.147 ┆ 13.476 ┆ 8.696   │
│[48;5;0m Ryan   [49m┆[48;5;0m 7.383  [49m┆[48;5;0m 4.079  [49m┆[48;5;0m 30.591 [49m┆[48;5;0m 9.373  [49m┆[48;5;0m 20.007 [49m┆[48;5;0m 9.601      [49m┆[48;5;0m[38;5;9m 0.000   [49m[39m┆[48;5;0m 9.300  [49m┆[48;5;0m 8.013  [49m┆[48;5;0m 10.816 [49m┆[48;5;0m[38;5;9m 0.000  [49m[39m┆[48;5;0m 9.164   [49m│
│ Sandro ┆ 22.984 ┆ 5.075  ┆ 7.716  ┆ 8.319  ┆ 10.127 ┆ 8.365      ┆[38;5;9m 0.000   [39m┆ 8.456  ┆ 18.990 ┆ 9.381  ┆ 11.292 ┆ 10.706  │
│[48;5;0m Sidar  [49m┆[48;5;0m 5.729  [49m┆[48;5;0m 4.538  [49m┆[48;5;0m 22.843 [49m┆[48;5;0m 7.743  [49m┆[48;5;0m 9.596  [49m┆[48;5;0m 7.901      [49m┆[48;5;0m[38;5;9m 0.000   [49m[39m┆[48;5;0m 26.700 [49m┆[48;5;0m 6.481  [49m┆[48;5;0m 8.915  [49m┆[48;5;0m 10.696 [49m┆[48;5;0m 11.141  [49m│
│ Wilson ┆[38;5;9m 0.000  [39m┆[38;5;9m 0.000  [39m┆[38;5;9m 0.000  [39m┆[38;5;9m 0.000  [39m┆[38;5;9m 0.000  [39m┆[38;5;9m 0.000      [39m┆[38;5;10m 100.000 [39m┆[38;5;9m 0.000  [39m┆[38;5;9m 0.000  [39m┆[38;5;9m 0.000  [39m┆[38;5;9m 0.000  [39m┆[38;5;9m 0.000   [39m│
╰────────┴────────┴────────┴────────┴────────┴────────┴────────────┴─────────┴────────┴────────┴────────┴────────┴─────────╯
51701 left -> 15.6579 bits left

MN#4.0 E10
2x Kevin -> Sina
0x Paddy -> Lina
0x Ryan -> Edda
2x Gerrit -> Tais
0x Sandro -> Pia
1x Paulo -> Lisa-Marie
2x Sidar -> Jana
2x Wilson -> Shelly
1x Eti -> Afra
1x Martin -> Julia
---
-> Pr[lights]: {1: 5.1%, 2: 36.5%, 3: 37.0%, 4: 17.2%, 5: 3.7%, 6: 0.4%, 7: 0.0%}
->  E[lights]: 2.792
3 lights => I = 1.4334 bits
╭────────┬────────┬────────┬────────┬────────┬────────┬────────────┬─────────┬────────┬────────┬────────┬────────┬─────────╮
│        ┆  Sina  ┆  Tais  ┆  Jana  ┆  Julia ┆   Pia  ┆ Lisa-Marie ┆  Shelly ┆  Afra  ┆  Edda  ┆  Maja  ┆  Lina  ┆ Melanie │
╞════════╪════════╪════════╪════════╪════════╪════════╪════════════╪═════════╪════════╪════════╪════════╪════════╪═════════╡
│[48;5;0m Eti    [49m┆[48;5;0m 4.748  [49m┆[48;5;0m 2.027  [49m┆[48;5;0m 6.044  [49m┆[48;5;0m 8.118  [49m┆[48;5;0m 11.602 [49m┆[48;5;0m 2.659      [49m┆[48;5;0m[38;5;9m 0.000   [49m[39m┆[48;5;0m 12.981 [49m┆[48;5;0m 8.792  [49m┆[48;5;0m 29.839 [49m┆[48;5;0m 13.190 [49m┆[48;5;0m[38;5;9m 0.000   [49m[39m│
│ Gerrit ┆ 2.356  ┆ 74.774 ┆ 3.369  ┆ 4.670  ┆ 2.445  ┆ 4.127      ┆[38;5;9m 0.000   [39m┆ 3.965  ┆ 5.135  ┆ 5.579  ┆ 7.272  ┆ 13.692  │
│[48;5;0m Kevin  [49m┆[48;5;0m 42.909 [49m┆[48;5;0m 4.858  [49m┆[48;5;0m 8.201  [49m┆[48;5;0m 10.939 [49m┆[48;5;0m 14.178 [49m┆[48;5;0m 10.751     [49m┆[48;5;0m[38;5;9m 0.000   [49m[39m┆[48;5;0m 10.552 [49m┆[48;5;0m 11.712 [49m┆[48;5;0m[38;5;9m 0.000  [49m[39m┆[48;5;0m 15.196 [49m┆[48;5;0m 29.295  [49m│
│ Martin ┆ 5.720  ┆ 3.552  ┆ 6.963  ┆ 6.096  ┆ 16.993 ┆ 28.522     ┆[38;5;9m 0.000   [39m┆ 9.941  ┆ 11.639 ┆ 10.871 ┆ 9.225  ┆ 9.523   │
│[48;5;0m Paddy  [49m┆[48;5;0m 4.978  [49m┆[48;5;0m 3.223  [49m┆[48;5;0m 7.037  [49m┆[48;5;0m 29.896 [49m┆[48;5;0m 14.083 [49m┆[48;5;0m 9.920      [49m┆[48;5;0m[38;5;9m 0.000   [49m[39m┆[48;5;0m 9.685  [49m┆[48;5;0m 10.860 [49m┆[48;5;0m 9.147  [49m┆[48;5;0m 10.636 [49m┆[48;5;0m 9.466   [49m│
│ Paulo  ┆ 5.840  ┆[38;5;9m 0.360  [39m┆[38;5;9m 0.000  [39m┆ 9.194  ┆ 13.577 ┆ 13.598     ┆[38;5;9m 0.000   [39m┆ 9.147  ┆ 33.595 ┆ 10.448 ┆ 13.828 ┆ 9.586   │
│[48;5;0m Ryan   [49m┆[48;5;0m 7.846  [49m┆[48;5;0m 3.939  [49m┆[48;5;0m 30.674 [49m┆[48;5;0m 12.892 [49m┆[48;5;0m 10.129 [49m┆[48;5;0m 12.537     [49m┆[48;5;0m[38;5;9m 0.000   [49m[39m┆[48;5;0m 12.151 [49m┆[48;5;0m 3.213  [49m┆[48;5;0m 14.104 [49m┆[48;5;0m[38;5;9m 0.000  [49m[39m┆[48;5;0m 7.486   [49m│
│ Sandro ┆ 21.773 ┆ 4.132  ┆ 8.337  ┆ 10.453 ┆ 6.420  ┆ 10.129     ┆[38;5;9m 0.000   [39m┆ 9.946  ┆ 7.010  ┆ 11.681 ┆ 19.109 ┆ 8.990   │
│[48;5;0m Sidar  [49m┆[48;5;0m 3.829  [49m┆[48;5;0m 3.134  [49m┆[48;5;0m 29.374 [49m┆[48;5;0m 7.742  [49m┆[48;5;0m 10.573 [49m┆[48;5;0m 7.757      [49m┆[48;5;0m[38;5;9m 0.000   [49m[39m┆[48;5;0m 21.632 [49m┆[48;5;0m 8.045  [49m┆[48;5;0m 8.332  [49m┆[48;5;0m 11.545 [49m┆[48;5;0m 11.963  [49m│
│ Wilson ┆[38;5;9m 0.000  [39m┆[38;5;9m 0.000  [39m┆[38;5;9m 0.000  [39m┆[38;5;9m 0.000  [39m┆[38;5;9m 0.000  [39m┆[38;5;9m 0.000      [39m┆[38;5;10m 100.000 [39m┆[38;5;9m 0.000  [39m┆[38;5;9m 0.000  [39m┆[38;5;9m 0.000  [39m┆[38;5;9m 0.000  [39m┆[38;5;9m 0.000   [39m│
╰────────┴────────┴────────┴────────┴────────┴────────┴────────────┴─────────┴────────┴────────┴────────┴────────┴─────────╯
19143 left -> 14.2245 bits left

MB#5.0 E11
Gerrit -> Tais
---
-> Pr[lights]: {0: 6.4%, 1: 93.6%}
1 lights => I = 6.0397 bits
╭────────┬────────┬─────────┬────────┬────────┬─────────┬────────────┬─────────┬────────┬────────┬────────┬────────┬─────────╮
│        ┆  Sina  ┆   Tais  ┆  Jana  ┆  Julia ┆   Pia   ┆ Lisa-Marie ┆  Shelly ┆  Afra  ┆  Edda  ┆  Maja  ┆  Lina  ┆ Melanie │
╞════════╪════════╪═════════╪════════╪════════╪═════════╪════════════╪═════════╪════════╪════════╪════════╪════════╪═════════╡
│[48;5;0m Eti    [49m┆[48;5;0m 5.498  [49m┆[48;5;0m[38;5;9m 0.000   [49m[39m┆[48;5;0m 4.811  [49m┆[48;5;0m 4.124  [49m┆[48;5;0m[38;5;9m 0.000   [49m[39m┆[48;5;0m[38;5;9m 0.000      [49m[39m┆[48;5;0m[38;5;9m 0.000   [49m[39m┆[48;5;0m 45.361 [49m┆[48;5;0m 6.873  [49m┆[48;5;0m 24.399 [49m┆[48;5;0m 8.935  [49m┆[48;5;0m[38;5;9m 0.000   [49m[39m│
│ Gerrit ┆[38;5;9m 0.000  [39m┆[38;5;10m 100.000 [39m┆[38;5;9m 0.000  [39m┆[38;5;9m 0.000  [39m┆[38;5;10m 100.000 [39m┆[38;5;9m 0.000      [39m┆[38;5;9m 0.000   [39m┆[38;5;9m 0.000  [39m┆[38;5;9m 0.000  [39m┆[38;5;9m 0.000  [39m┆[38;5;9m 0.000  [39m┆[38;5;10m 100.000 [39m│
│[48;5;0m Kevin  [49m┆[48;5;0m[38;5;9m 0.000  [49m[39m┆[48;5;0m[38;5;9m 0.000   [49m[39m┆[48;5;0m 16.838 [49m┆[48;5;0m 15.808 [49m┆[48;5;0m[38;5;9m 0.000   [49m[39m┆[48;5;0m 8.935      [49m┆[48;5;0m[38;5;9m 0.000   [49m[39m┆[48;5;0m 8.247  [49m┆[48;5;0m 19.931 [49m┆[48;5;0m[38;5;9m 0.000  [49m[39m┆[48;5;0m 30.241 [49m┆[48;5;0m[38;5;9m 0.000   [49m[39m│
│ Martin ┆ 14.777 ┆[38;5;9m 0.000   [39m┆ 12.371 ┆[38;5;9m 0.000  [39m┆[38;5;9m 0.000   [39m┆ 17.869     ┆[38;5;9m 0.000   [39m┆ 7.904  ┆ 16.838 ┆ 22.337 ┆ 7.904  ┆[38;5;9m 0.000   [39m│
│[48;5;0m Paddy  [49m┆[48;5;0m 14.433 [49m┆[48;5;0m[38;5;9m 0.000   [49m[39m┆[48;5;0m 12.371 [49m┆[48;5;0m 44.674 [49m┆[48;5;0m[38;5;9m 0.000   [49m[39m┆[48;5;0m 7.904      [49m┆[48;5;0m[38;5;9m 0.000   [49m[39m┆[48;5;0m 6.186  [49m┆[48;5;0m 14.433 [49m┆[48;5;0m[38;5;9m 0.000  [49m[39m┆[48;5;0m[38;5;9m 0.000  [49m[39m┆[48;5;0m[38;5;9m 0.000   [49m[39m│
│ Paulo  ┆ 7.560  ┆[38;5;9m 0.000   [39m┆[38;5;9m 0.000  [39m┆ 5.498  ┆[38;5;9m 0.000   [39m┆ 46.735     ┆[38;5;9m 0.000   [39m┆ 2.062  ┆ 18.557 ┆ 9.966  ┆ 9.622  ┆[38;5;9m 0.000   [39m│
│[48;5;0m Ryan   [49m┆[48;5;0m 12.715 [49m┆[48;5;0m[38;5;9m 0.000   [49m[39m┆[48;5;0m 42.268 [49m┆[48;5;0m 10.653 [49m┆[48;5;0m[38;5;9m 0.000   [49m[39m┆[48;5;0m 4.811      [49m┆[48;5;0m[38;5;9m 0.000   [49m[39m┆[48;5;0m 6.186  [49m┆[48;5;0m 7.904  [49m┆[48;5;0m 15.464 [49m┆[48;5;0m[38;5;9m 0.000  [49m[39m┆[48;5;0m[38;5;9m 0.000   [49m[39m│
│ Sandro ┆ 33.333 ┆[38;5;9m 0.000   [39m┆ 11.340 ┆ 9.278  ┆[38;5;9m 0.000   [39m┆ 6.186      ┆[38;5;9m 0.000   [39m┆ 5.155  ┆[38;5;9m 0.000  [39m┆ 14.089 ┆ 20.619 ┆[38;5;9m 0.000   [39m│
│[48;5;0m Sidar  [49m┆[48;5;0m 11.684 [49m┆[48;5;0m[38;5;9m 0.000   [49m[39m┆[48;5;0m[38;5;9m 0.000  [49m[39m┆[48;5;0m 9.966  [49m┆[48;5;0m[38;5;9m 0.000   [49m[39m┆[48;5;0m 7.560      [49m┆[48;5;0m[38;5;9m 0.000   [49m[39m┆[48;5;0m 18.900 [49m┆[48;5;0m 15.464 [49m┆[48;5;0m 13.746 [49m┆[48;5;0m 22.680 [49m┆[48;5;0m[38;5;9m 0.000   [49m[39m│
│ Wilson ┆[38;5;9m 0.000  [39m┆[38;5;9m 0.000   [39m┆[38;5;9m 0.000  [39m┆[38;5;9m 0.000  [39m┆[38;5;9m 0.000   [39m┆[38;5;9m 0.000      [39m┆[38;5;10m 100.000 [39m┆[38;5;9m 0.000  [39m┆[38;5;9m 0.000  [39m┆[38;5;9m 0.000  [39m┆[38;5;9m 0.000  [39m┆[38;5;9m 0.000   [39m│
╰────────┴────────┴─────────┴────────┴────────┴─────────┴────────────┴─────────┴────────┴────────┴────────┴────────┴─────────╯
291 left -> 8.1849 bits left

MN#5.0 E12
3x Wilson -> Shelly
1x Paulo -> Edda
1x Eti -> Maja
1x Sidar -> Afra
0x Kevin -> Julia
1x Ryan -> Jana
1x Sandro -> Sina
1x Paddy -> Lina
1x Martin -> Lisa-Marie
3x Gerrit -> Tais
---
-> Pr[lights]: {3: 44.7%, 4: 39.5%, 5: 15.8%}
->  E[lights]: 3.711
4 lights => I = 1.3394 bits
╭────────┬────────┬─────────┬────────┬────────┬─────────┬────────────┬─────────┬────────┬────────┬────────┬────────┬─────────╮
│        ┆  Sina  ┆   Tais  ┆  Jana  ┆  Julia ┆   Pia   ┆ Lisa-Marie ┆  Shelly ┆  Afra  ┆  Edda  ┆  Maja  ┆  Lina  ┆ Melanie │
╞════════╪════════╪═════════╪════════╪════════╪═════════╪════════════╪═════════╪════════╪════════╪════════╪════════╪═════════╡
│[48;5;0m Eti    [49m┆[48;5;0m[38;5;9m 0.870  [49m[39m┆[48;5;0m[38;5;9m 0.000   [49m[39m┆[48;5;0m[38;5;9m 0.870  [49m[39m┆[48;5;0m 10.435 [49m┆[48;5;0m[38;5;9m 0.000   [49m[39m┆[48;5;0m[38;5;9m 0.000      [49m[39m┆[48;5;0m[38;5;9m 0.000   [49m[39m┆[48;5;0m 46.087 [49m┆[48;5;0m 2.609  [49m┆[48;5;0m 34.783 [49m┆[48;5;0m 4.348  [49m┆[48;5;0m[38;5;9m 0.000   [49m[39m│
│ Gerrit ┆[38;5;9m 0.000  [39m┆[38;5;10m 100.000 [39m┆[38;5;9m 0.000  [39m┆[38;5;9m 0.000  [39m┆[38;5;10m 100.000 [39m┆[38;5;9m 0.000      [39m┆[38;5;9m 0.000   [39m┆[38;5;9m 0.000  [39m┆[38;5;9m 0.000  [39m┆[38;5;9m 0.000  [39m┆[38;5;9m 0.000  [39m┆[38;5;10m 100.000 [39m│
│[48;5;0m Kevin  [49m┆[48;5;0m[38;5;9m 0.000  [49m[39m┆[48;5;0m[38;5;9m 0.000   [49m[39m┆[48;5;0m 16.522 [49m┆[48;5;0m[38;5;9m 0.000  [49m[39m┆[48;5;0m[38;5;9m 0.000   [49m[39m┆[48;5;0m 7.826      [49m┆[48;5;0m[38;5;9m 0.000   [49m[39m┆[48;5;0m 7.826  [49m┆[48;5;0m 21.739 [49m┆[48;5;0m[38;5;9m 0.000  [49m[39m┆[48;5;0m 46.087 [49m┆[48;5;0m[38;5;9m 0.000   [49m[39m│
│ Martin ┆ 10.435 ┆[38;5;9m 0.000   [39m┆ 7.826  ┆[38;5;9m 0.000  [39m┆[38;5;9m 0.000   [39m┆ 27.826     ┆[38;5;9m 0.000   [39m┆ 6.957  ┆ 13.043 ┆ 25.217 ┆ 8.696  ┆[38;5;9m 0.000   [39m│
│[48;5;0m Paddy  [49m┆[48;5;0m 28.696 [49m┆[48;5;0m[38;5;9m 0.000   [49m[39m┆[48;5;0m 22.609 [49m┆[48;5;0m[38;5;9m 0.000  [49m[39m┆[48;5;0m[38;5;9m 0.000   [49m[39m┆[48;5;0m 12.174     [49m┆[48;5;0m[38;5;9m 0.000   [49m[39m┆[48;5;0m 11.304 [49m┆[48;5;0m 25.217 [49m┆[48;5;0m[38;5;9m 0.000  [49m[39m┆[48;5;0m[38;5;9m 0.000  [49m[39m┆[48;5;0m[38;5;9m 0.000   [49m[39m│
│ Paulo  ┆ 3.478  ┆[38;5;9m 0.000   [39m┆[38;5;9m 0.000  [39m┆ 13.913 ┆[38;5;9m 0.000   [39m┆ 45.217     ┆[38;5;9m 0.000   [39m┆ 1.739  ┆ 20.000 ┆ 8.696  ┆ 6.957  ┆[38;5;9m 0.000   [39m│
│[48;5;0m Ryan   [49m┆[48;5;0m 3.478  [49m┆[48;5;0m[38;5;9m 0.000   [49m[39m┆[48;5;0m 47.826 [49m┆[48;5;0m 26.957 [49m┆[48;5;0m[38;5;9m 0.000   [49m[39m┆[48;5;0m[38;5;9m 0.870      [49m[39m┆[48;5;0m[38;5;9m 0.000   [49m[39m┆[48;5;0m 1.739  [49m┆[48;5;0m 8.696  [49m┆[48;5;0m 10.435 [49m┆[48;5;0m[38;5;9m 0.000  [49m[39m┆[48;5;0m[38;5;9m 0.000   [49m[39m│
│ Sandro ┆ 46.957 ┆[38;5;9m 0.000   [39m┆ 4.348  ┆ 23.478 ┆[38;5;9m 0.000   [39m┆ 1.739      ┆[38;5;9m 0.000   [39m┆ 1.739  ┆[38;5;9m 0.000  [39m┆ 9.565  ┆ 12.174 ┆[38;5;9m 0.000   [39m│
│[48;5;0m Sidar  [49m┆[48;5;0m 6.087  [49m┆[48;5;0m[38;5;9m 0.000   [49m[39m┆[48;5;0m[38;5;9m 0.000  [49m[39m┆[48;5;0m 25.217 [49m┆[48;5;0m[38;5;9m 0.000   [49m[39m┆[48;5;0m 4.348      [49m┆[48;5;0m[38;5;9m 0.000   [49m[39m┆[48;5;0m 22.609 [49m┆[48;5;0m 8.696  [49m┆[48;5;0m 11.304 [49m┆[48;5;0m 21.739 [49m┆[48;5;0m[38;5;9m 0.000   [49m[39m│
│ Wilson ┆[38;5;9m 0.000  [39m┆[38;5;9m 0.000   [39m┆[38;5;9m 0.000  [39m┆[38;5;9m 0.000  [39m┆[38;5;9m 0.000   [39m┆[38;5;9m 0.000      [39m┆[38;5;10m 100.000 [39m┆[38;5;9m 0.000  [39m┆[38;5;9m 0.000  [39m┆[38;5;9m 0.000  [39m┆[38;5;9m 0.000  [39m┆[38;5;9m 0.000   [39m│
╰────────┴────────┴─────────┴────────┴────────┴─────────┴────────────┴─────────┴────────┴────────┴────────┴────────┴─────────╯
115 left -> 6.8455 bits left

MB#6.0 E13
Sandro -> Sina
---
-> Pr[lights]: {0: 53.0%, 1: 47.0%}
0 lights => I = 0.9148 bits
╭────────┬────────┬─────────┬────────┬────────┬─────────┬────────────┬─────────┬────────┬────────┬────────┬────────┬─────────╮
│        ┆  Sina  ┆   Tais  ┆  Jana  ┆  Julia ┆   Pia   ┆ Lisa-Marie ┆  Shelly ┆  Afra  ┆  Edda  ┆  Maja  ┆  Lina  ┆ Melanie │
╞════════╪════════╪═════════╪════════╪════════╪═════════╪════════════╪═════════╪════════╪════════╪════════╪════════╪═════════╡
│[48;5;0m Eti    [49m┆[48;5;0m 1.639  [49m┆[48;5;0m[38;5;9m 0.000   [49m[39m┆[48;5;0m[38;5;9m 0.000  [49m[39m┆[48;5;0m 4.918  [49m┆[48;5;0m[38;5;9m 0.000   [49m[39m┆[48;5;0m[38;5;9m 0.000      [49m[39m┆[48;5;0m[38;5;9m 0.000   [49m[39m┆[48;5;0m 47.541 [49m┆[48;5;0m 1.639  [49m┆[48;5;0m 42.623 [49m┆[48;5;0m 1.639  [49m┆[48;5;0m[38;5;9m 0.000   [49m[39m│
│ Gerrit ┆[38;5;9m 0.000  [39m┆[38;5;10m 100.000 [39m┆[38;5;9m 0.000  [39m┆[38;5;9m 0.000  [39m┆[38;5;10m 100.000 [39m┆[38;5;9m 0.000      [39m┆[38;5;9m 0.000   [39m┆[38;5;9m 0.000  [39m┆[38;5;9m 0.000  [39m┆[38;5;9m 0.000  [39m┆[38;5;9m 0.000  [39m┆[38;5;10m 100.000 [39m│
│[48;5;0m Kevin  [49m┆[48;5;0m[38;5;9m 0.000  [49m[39m┆[48;5;0m[38;5;9m 0.000   [49m[39m┆[48;5;0m 13.115 [49m┆[48;5;0m[38;5;9m 0.000  [49m[39m┆[48;5;0m[38;5;9m 0.000   [49m[39m┆[48;5;0m 6.557      [49m┆[48;5;0m[38;5;9m 0.000   [49m[39m┆[48;5;0m 6.557  [49m┆[48;5;0m 22.951 [49m┆[48;5;0m[38;5;9m 0.000  [49m[39m┆[48;5;0m 50.820 [49m┆[48;5;0m[38;5;9m 0.000   [49m[39m│
│ Martin ┆ 19.672 ┆[38;5;9m 0.000   [39m┆ 3.279  ┆[38;5;9m 0.000  [39m┆[38;5;9m 0.000   [39m┆ 36.066     ┆[38;5;9m 0.000   [39m┆ 6.557  ┆ 13.115 ┆ 14.754 ┆ 6.557  ┆[38;5;9m 0.000   [39m│
│[48;5;0m Paddy  [49m┆[48;5;0m 54.098 [49m┆[48;5;0m[38;5;9m 0.000   [49m[39m┆[48;5;0m 11.475 [49m┆[48;5;0m[38;5;9m 0.000  [49m[39m┆[48;5;0m[38;5;9m 0.000   [49m[39m┆[48;5;0m 6.557      [49m┆[48;5;0m[38;5;9m 0.000   [49m[39m┆[48;5;0m 6.557  [49m┆[48;5;0m 21.311 [49m┆[48;5;0m[38;5;9m 0.000  [49m[39m┆[48;5;0m[38;5;9m 0.000  [49m[39m┆[48;5;0m[38;5;9m 0.000   [49m[39m│
│ Paulo  ┆ 6.557  ┆[38;5;9m 0.000   [39m┆[38;5;9m 0.000  [39m┆ 9.836  ┆[38;5;9m 0.000   [39m┆ 45.902     ┆[38;5;9m 0.000   [39m┆[38;5;9m 0.000  [39m┆ 27.869 ┆ 6.557  ┆ 3.279  ┆[38;5;9m 0.000   [39m│
│[48;5;0m Ryan   [49m┆[48;5;0m 6.557  [49m┆[48;5;0m[38;5;9m 0.000   [49m[39m┆[48;5;0m 63.934 [49m┆[48;5;0m 16.393 [49m┆[48;5;0m[38;5;9m 0.000   [49m[39m┆[48;5;0m[38;5;9m 0.000      [49m[39m┆[48;5;0m[38;5;9m 0.000   [49m[39m┆[48;5;0m[38;5;9m 0.000  [49m[39m┆[48;5;0m 6.557  [49m┆[48;5;0m 6.557  [49m┆[48;5;0m[38;5;9m 0.000  [49m[39m┆[48;5;0m[38;5;9m 0.000   [49m[39m│
│ Sandro ┆[38;5;9m 0.000  [39m┆[38;5;9m 0.000   [39m┆ 8.197  ┆ 44.262 ┆[38;5;9m 0.000   [39m┆ 3.279      ┆[38;5;9m 0.000   [39m┆ 3.279  ┆[38;5;9m 0.000  [39m┆ 18.033 ┆ 22.951 ┆[38;5;9m 0.000   [39m│
│[48;5;0m Sidar  [49m┆[48;5;0m 11.475 [49m┆[48;5;0m[38;5;9m 0.000   [49m[39m┆[48;5;0m[38;5;9m 0.000  [49m[39m┆[48;5;0m 24.590 [49m┆[48;5;0m[38;5;9m 0.000   [49m[39m┆[48;5;0m 1.639      [49m┆[48;5;0m[38;5;9m 0.000   [49m[39m┆[48;5;0m 29.508 [49m┆[48;5;0m 6.557  [49m┆[48;5;0m 11.475 [49m┆[48;5;0m 14.754 [49m┆[48;5;0m[38;5;9m 0.000   [49m[39m│
│ Wilson ┆[38;5;9m 0.000  [39m┆[38;5;9m 0.000   [39m┆[38;5;9m 0.000  [39m┆[38;5;9m 0.000  [39m┆[38;5;9m 0.000   [39m┆[38;5;9m 0.000      [39m┆[38;5;10m 100.000 [39m┆[38;5;9m 0.000  [39m┆[38;5;9m 0.000  [39m┆[38;5;9m 0.000  [39m┆[38;5;9m 0.000  [39m┆[38;5;9m 0.000   [39m│
╰────────┴────────┴─────────┴────────┴────────┴─────────┴────────────┴─────────┴────────┴────────┴────────┴────────┴─────────╯
61 left -> 5.9307 bits left

MN#6.0 E14
2x Martin -> Lisa-Marie
4x Gerrit -> Tais
2x Ryan -> Jana
0x Paulo -> Sina
4x Wilson -> Shelly
0x Paddy -> Edda
2x Eti -> Maja
0x Kevin -> Lina
0x Sidar -> Julia
0x Sandro -> Afra
---
-> Pr[lights]: {3: 18.0%, 4: 37.7%, 5: 31.1%, 6: 6.6%, 7: 3.3%, 8: 3.3%}
->  E[lights]: 4.492
5 lights => I = 1.6828 bits
╭────────┬────────┬─────────┬────────┬────────┬─────────┬────────────┬─────────┬────────┬────────┬────────┬────────┬─────────╮
│        ┆  Sina  ┆   Tais  ┆  Jana  ┆  Julia ┆   Pia   ┆ Lisa-Marie ┆  Shelly ┆  Afra  ┆  Edda  ┆  Maja  ┆  Lina  ┆ Melanie │
╞════════╪════════╪═════════╪════════╪════════╪═════════╪════════════╪═════════╪════════╪════════╪════════╪════════╪═════════╡
│[48;5;0m Eti    [49m┆[48;5;0m 5.263  [49m┆[48;5;0m[38;5;9m 0.000   [49m[39m┆[48;5;0m[38;5;9m 0.000  [49m[39m┆[48;5;0m 5.263  [49m┆[48;5;0m[38;5;9m 0.000   [49m[39m┆[48;5;0m[38;5;9m 0.000      [49m[39m┆[48;5;0m[38;5;9m 0.000   [49m[39m┆[48;5;0m 42.105 [49m┆[48;5;0m[38;5;9m 0.000  [49m[39m┆[48;5;0m 47.368 [49m┆[48;5;0m[38;5;9m 0.000  [49m[39m┆[48;5;0m[38;5;9m 0.000   [49m[39m│
│ Gerrit ┆[38;5;9m 0.000  [39m┆[38;5;10m 100.000 [39m┆[38;5;9m 0.000  [39m┆[38;5;9m 0.000  [39m┆[38;5;10m 100.000 [39m┆[38;5;9m 0.000      [39m┆[38;5;9m 0.000   [39m┆[38;5;9m 0.000  [39m┆[38;5;9m 0.000  [39m┆[38;5;9m 0.000  [39m┆[38;5;9m 0.000  [39m┆[38;5;10m 100.000 [39m│
│[48;5;0m Kevin  [49m┆[48;5;0m[38;5;9m 0.000  [49m[39m┆[48;5;0m[38;5;9m 0.000   [49m[39m┆[48;5;0m[38;5;9m 0.000  [49m[39m┆[48;5;0m[38;5;9m 0.000  [49m[39m┆[48;5;0m[38;5;9m 0.000   [49m[39m┆[48;5;0m[38;5;9m 0.000      [49m[39m┆[48;5;0m[38;5;9m 0.000   [49m[39m┆[48;5;0m 10.526 [49m┆[48;5;0m 21.053 [49m┆[48;5;0m[38;5;9m 0.000  [49m[39m┆[48;5;0m 68.421 [49m┆[48;5;0m[38;5;9m 0.000   [49m[39m│
│ Martin ┆ 31.579 ┆[38;5;9m 0.000   [39m┆ 5.263  ┆[38;5;9m 0.000  [39m┆[38;5;9m 0.000   [39m┆ 31.579     ┆[38;5;9m 0.000   [39m┆ 10.526 ┆ 10.526 ┆ 10.526 ┆[38;5;9m 0.000  [39m┆[38;5;9m 0.000   [39m│
│[48;5;0m Paddy  [49m┆[48;5;0m 47.368 [49m┆[48;5;0m[38;5;9m 0.000   [49m[39m┆[48;5;0m 5.263  [49m┆[48;5;0m[38;5;9m 0.000  [49m[39m┆[48;5;0m[38;5;9m 0.000   [49m[39m┆[48;5;0m 5.263      [49m┆[48;5;0m[38;5;9m 0.000   [49m[39m┆[48;5;0m 15.789 [49m┆[48;5;0m 26.316 [49m┆[48;5;0m[38;5;9m 0.000  [49m[39m┆[48;5;0m[38;5;9m 0.000  [49m[39m┆[48;5;0m[38;5;9m 0.000   [49m[39m│
│ Paulo  ┆[38;5;9m 0.000  [39m┆[38;5;9m 0.000   [39m┆[38;5;9m 0.000  [39m┆ 5.263  ┆[38;5;9m 0.000   [39m┆ 57.895     ┆[38;5;9m 0.000   [39m┆[38;5;9m 0.000  [39m┆ 21.053 ┆ 10.526 ┆ 5.263  ┆[38;5;9m 0.000   [39m│
│[48;5;0m Ryan   [49m┆[48;5;0m 10.526 [49m┆[48;5;0m[38;5;9m 0.000   [49m[39m┆[48;5;0m 78.947 [49m┆[48;5;0m 5.263  [49m┆[48;5;0m[38;5;9m 0.000   [49m[39m┆[48;5;0m[38;5;9m 0.000      [49m[39m┆[48;5;0m[38;5;9m 0.000   [49m[39m┆[48;5;0m[38;5;9m 0.000  [49m[39m┆[48;5;0m[38;5;9m 0.000  [49m[39m┆[48;5;0m 5.263  [49m┆[48;5;0m[38;5;9m 0.000  [49m[39m┆[48;5;0m[38;5;9m 0.000   [49m[39m│
│ Sandro ┆[38;5;9m 0.000  [39m┆[38;5;9m 0.000   [39m┆ 10.526 ┆ 36.842 ┆[38;5;9m 0.000   [39m┆ 5.263      ┆[38;5;9m 0.000   [39m┆[38;5;9m 0.000  [39m┆[38;5;9m 0.000  [39m┆ 26.316 ┆ 21.053 ┆[38;5;9m 0.000   [39m│
│[48;5;0m Sidar  [49m┆[48;5;0m 5.263  [49m┆[48;5;0m[38;5;9m 0.000   [49m[39m┆[48;5;0m[38;5;9m 0.000  [49m[39m┆[48;5;0m 47.368 [49m┆[48;5;0m[38;5;9m 0.000   [49m[39m┆[48;5;0m[38;5;9m 0.000      [49m[39m┆[48;5;0m[38;5;9m 0.000   [49m[39m┆[48;5;0m 21.053 [49m┆[48;5;0m 21.053 [49m┆[48;5;0m[38;5;9m 0.000  [49m[39m┆[48;5;0m 5.263  [49m┆[48;5;0m[38;5;9m 0.000   [49m[39m│
│ Wilson ┆[38;5;9m 0.000  [39m┆[38;5;9m 0.000   [39m┆[38;5;9m 0.000  [39m┆[38;5;9m 0.000  [39m┆[38;5;9m 0.000   [39m┆[38;5;9m 0.000      [39m┆[38;5;10m 100.000 [39m┆[38;5;9m 0.000  [39m┆[38;5;9m 0.000  [39m┆[38;5;9m 0.000  [39m┆[38;5;9m 0.000  [39m┆[38;5;9m 0.000   [39m│
╰────────┴────────┴─────────┴────────┴────────┴─────────┴────────────┴─────────┴────────┴────────┴────────┴────────┴─────────╯
19 left -> 4.2479 bits left

MB#7.0 E15
Paulo -> Julia
---
-> Pr[lights]: {0: 94.7%, 1: 5.3%}
0 lights => I = 0.0780 bits
╭────────┬────────┬─────────┬────────┬────────┬─────────┬────────────┬─────────┬────────┬────────┬────────┬────────┬─────────╮
│        ┆  Sina  ┆   Tais  ┆  Jana  ┆  Julia ┆   Pia   ┆ Lisa-Marie ┆  Shelly ┆  Afra  ┆  Edda  ┆  Maja  ┆  Lina  ┆ Melanie │
╞════════╪════════╪═════════╪════════╪════════╪═════════╪════════════╪═════════╪════════╪════════╪════════╪════════╪═════════╡
│[48;5;0m Eti    [49m┆[48;5;0m 5.556  [49m┆[48;5;0m[38;5;9m 0.000   [49m[39m┆[48;5;0m[38;5;9m 0.000  [49m[39m┆[48;5;0m 5.556  [49m┆[48;5;0m[38;5;9m 0.000   [49m[39m┆[48;5;0m[38;5;9m 0.000      [49m[39m┆[48;5;0m[38;5;9m 0.000   [49m[39m┆[48;5;0m 38.889 [49m┆[48;5;0m[38;5;9m 0.000  [49m[39m┆[48;5;0m 50.000 [49m┆[48;5;0m[38;5;9m 0.000  [49m[39m┆[48;5;0m[38;5;9m 0.000   [49m[39m│
│ Gerrit ┆[38;5;9m 0.000  [39m┆[38;5;10m 100.000 [39m┆[38;5;9m 0.000  [39m┆[38;5;9m 0.000  [39m┆[38;5;10m 100.000 [39m┆[38;5;9m 0.000      [39m┆[38;5;9m 0.000   [39m┆[38;5;9m 0.000  [39m┆[38;5;9m 0.000  [39m┆[38;5;9m 0.000  [39m┆[38;5;9m 0.000  [39m┆[38;5;10m 100.000 [39m│
│[48;5;0m Kevin  [49m┆[48;5;0m[38;5;9m 0.000  [49m[39m┆[48;5;0m[38;5;9m 0.000   [49m[39m┆[48;5;0m[38;5;9m 0.000  [49m[39m┆[48;5;0m[38;5;9m 0.000  [49m[39m┆[48;5;0m[38;5;9m 0.000   [49m[39m┆[48;5;0m[38;5;9m 0.000      [49m[39m┆[48;5;0m[38;5;9m 0.000   [49m[39m┆[48;5;0m 11.111 [49m┆[48;5;0m 22.222 [49m┆[48;5;0m[38;5;9m 0.000  [49m[39m┆[48;5;0m 66.667 [49m┆[48;5;0m[38;5;9m 0.000   [49m[39m│
│ Martin ┆ 33.333 ┆[38;5;9m 0.000   [39m┆ 5.556  ┆[38;5;9m 0.000  [39m┆[38;5;9m 0.000   [39m┆ 27.778     ┆[38;5;9m 0.000   [39m┆ 11.111 ┆ 11.111 ┆ 11.111 ┆[38;5;9m 0.000  [39m┆[38;5;9m 0.000   [39m│
│[48;5;0m Paddy  [49m┆[48;5;0m 44.444 [49m┆[48;5;0m[38;5;9m 0.000   [49m[39m┆[48;5;0m 5.556  [49m┆[48;5;0m[38;5;9m 0.000  [49m[39m┆[48;5;0m[38;5;9m 0.000   [49m[39m┆[48;5;0m 5.556      [49m┆[48;5;0m[38;5;9m 0.000   [49m[39m┆[48;5;0m 16.667 [49m┆[48;5;0m 27.778 [49m┆[48;5;0m[38;5;9m 0.000  [49m[39m┆[48;5;0m[38;5;9m 0.000  [49m[39m┆[48;5;0m[38;5;9m 0.000   [49m[39m│
│ Paulo  ┆[38;5;9m 0.000  [39m┆[38;5;9m 0.000   [39m┆[38;5;9m 0.000  [39m┆[38;5;9m 0.000  [39m┆[38;5;9m 0.000   [39m┆ 61.111     ┆[38;5;9m 0.000   [39m┆[38;5;9m 0.000  [39m┆ 22.222 ┆ 11.111 ┆ 5.556  ┆[38;5;9m 0.000   [39m│
│[48;5;0m Ryan   [49m┆[48;5;0m 11.111 [49m┆[48;5;0m[38;5;9m 0.000   [49m[39m┆[48;5;0m 77.778 [49m┆[48;5;0m 5.556  [49m┆[48;5;0m[38;5;9m 0.000   [49m[39m┆[48;5;0m[38;5;9m 0.000      [49m[39m┆[48;5;0m[38;5;9m 0.000   [49m[39m┆[48;5;0m[38;5;9m 0.000  [49m[39m┆[48;5;0m[38;5;9m 0.000  [49m[39m┆[48;5;0m 5.556  [49m┆[48;5;0m[38;5;9m 0.000  [49m[39m┆[48;5;0m[38;5;9m 0.000   [49m[39m│
│ Sandro ┆[38;5;9m 0.000  [39m┆[38;5;9m 0.000   [39m┆ 11.111 ┆ 38.889 ┆[38;5;9m 0.000   [39m┆ 5.556      ┆[38;5;9m 0.000   [39m┆[38;5;9m 0.000  [39m┆[38;5;9m 0.000  [39m┆ 22.222 ┆ 22.222 ┆[38;5;9m 0.000   [39m│
│[48;5;0m Sidar  [49m┆[48;5;0m 5.556  [49m┆[48;5;0m[38;5;9m 0.000   [49m[39m┆[48;5;0m[38;5;9m 0.000  [49m[39m┆[48;5;0m 50.000 [49m┆[48;5;0m[38;5;9m 0.000   [49m[39m┆[48;5;0m[38;5;9m 0.000      [49m[39m┆[48;5;0m[38;5;9m 0.000   [49m[39m┆[48;5;0m 22.222 [49m┆[48;5;0m 16.667 [49m┆[48;5;0m[38;5;9m 0.000  [49m[39m┆[48;5;0m 5.556  [49m┆[48;5;0m[38;5;9m 0.000   [49m[39m│
│ Wilson ┆[38;5;9m 0.000  [39m┆[38;5;9m 0.000   [39m┆[38;5;9m 0.000  [39m┆[38;5;9m 0.000  [39m┆[38;5;9m 0.000   [39m┆[38;5;9m 0.000      [39m┆[38;5;10m 100.000 [39m┆[38;5;9m 0.000  [39m┆[38;5;9m 0.000  [39m┆[38;5;9m 0.000  [39m┆[38;5;9m 0.000  [39m┆[38;5;9m 0.000   [39m│
╰────────┴────────┴─────────┴────────┴────────┴─────────┴────────────┴─────────┴────────┴────────┴────────┴────────┴─────────╯
18 left -> 4.1699 bits left

MN#7.0 E16
0x Sidar -> Lisa-Marie
1x Ryan -> Edda
0x Paddy -> Jana
3x Eti -> Maja
5x Wilson -> Shelly
5x Gerrit -> Tais
1x Kevin -> Lina
0x Sandro -> Julia
1x Paulo -> Sina
0x Martin -> Afra
---
-> Pr[lights]: {2: 11.1%, 3: 33.3%, 4: 33.3%, 5: 16.7%, 6: 5.6%}
->  E[lights]: 3.722
5 lights => I = 2.5850 bits
╭────────┬────────┬─────────┬────────┬─────────┬─────────┬────────────┬─────────┬────────┬────────┬─────────┬─────────┬─────────╮
│        ┆  Sina  ┆   Tais  ┆  Jana  ┆  Julia  ┆   Pia   ┆ Lisa-Marie ┆  Shelly ┆  Afra  ┆  Edda  ┆   Maja  ┆   Lina  ┆ Melanie │
╞════════╪════════╪═════════╪════════╪═════════╪═════════╪════════════╪═════════╪════════╪════════╪═════════╪═════════╪═════════╡
│[48;5;0m Eti    [49m┆[48;5;0m[38;5;9m 0.000  [49m[39m┆[48;5;0m[38;5;9m 0.000   [49m[39m┆[48;5;0m[38;5;9m 0.000  [49m[39m┆[48;5;0m[38;5;9m 0.000   [49m[39m┆[48;5;0m[38;5;9m 0.000   [49m[39m┆[48;5;0m[38;5;9m 0.000      [49m[39m┆[48;5;0m[38;5;9m 0.000   [49m[39m┆[48;5;0m[38;5;9m 0.000  [49m[39m┆[48;5;0m[38;5;9m 0.000  [49m[39m┆[48;5;0m[38;5;10m 100.000 [49m[39m┆[48;5;0m[38;5;9m 0.000   [49m[39m┆[48;5;0m[38;5;9m 0.000   [49m[39m│
│ Gerrit ┆[38;5;9m 0.000  [39m┆[38;5;10m 100.000 [39m┆[38;5;9m 0.000  [39m┆[38;5;9m 0.000   [39m┆[38;5;10m 100.000 [39m┆[38;5;9m 0.000      [39m┆[38;5;9m 0.000   [39m┆[38;5;9m 0.000  [39m┆[38;5;9m 0.000  [39m┆[38;5;9m 0.000   [39m┆[38;5;9m 0.000   [39m┆[38;5;10m 100.000 [39m│
│[48;5;0m Kevin  [49m┆[48;5;0m[38;5;9m 0.000  [49m[39m┆[48;5;0m[38;5;9m 0.000   [49m[39m┆[48;5;0m[38;5;9m 0.000  [49m[39m┆[48;5;0m[38;5;9m 0.000   [49m[39m┆[48;5;0m[38;5;9m 0.000   [49m[39m┆[48;5;0m[38;5;9m 0.000      [49m[39m┆[48;5;0m[38;5;9m 0.000   [49m[39m┆[48;5;0m[38;5;9m 0.000  [49m[39m┆[48;5;0m[38;5;9m 0.000  [49m[39m┆[48;5;0m[38;5;9m 0.000   [49m[39m┆[48;5;0m[38;5;10m 100.000 [49m[39m┆[48;5;0m[38;5;9m 0.000   [49m[39m│
│ Martin ┆ 33.333 ┆[38;5;9m 0.000   [39m┆ 33.333 ┆[38;5;9m 0.000   [39m┆[38;5;9m 0.000   [39m┆[38;5;9m 0.000      [39m┆[38;5;9m 0.000   [39m┆[38;5;9m 0.000  [39m┆ 33.333 ┆[38;5;9m 0.000   [39m┆[38;5;9m 0.000   [39m┆[38;5;9m 0.000   [39m│
│[48;5;0m Paddy  [49m┆[48;5;0m[38;5;9m 0.000  [49m[39m┆[48;5;0m[38;5;9m 0.000   [49m[39m┆[48;5;0m[38;5;9m 0.000  [49m[39m┆[48;5;0m[38;5;9m 0.000   [49m[39m┆[48;5;0m[38;5;9m 0.000   [49m[39m┆[48;5;0m[38;5;9m 0.000      [49m[39m┆[48;5;0m[38;5;9m 0.000   [49m[39m┆[48;5;0m 66.667 [49m┆[48;5;0m 33.333 [49m┆[48;5;0m[38;5;9m 0.000   [49m[39m┆[48;5;0m[38;5;9m 0.000   [49m[39m┆[48;5;0m[38;5;9m 0.000   [49m[39m│
│ Paulo  ┆[38;5;9m 0.000  [39m┆[38;5;9m 0.000   [39m┆[38;5;9m 0.000  [39m┆[38;5;9m 0.000   [39m┆[38;5;9m 0.000   [39m┆[38;5;10m 100.000    [39m┆[38;5;9m 0.000   [39m┆[38;5;9m 0.000  [39m┆[38;5;9m 0.000  [39m┆[38;5;9m 0.000   [39m┆[38;5;9m 0.000   [39m┆[38;5;9m 0.000   [39m│
│[48;5;0m Ryan   [49m┆[48;5;0m 33.333 [49m┆[48;5;0m[38;5;9m 0.000   [49m[39m┆[48;5;0m 66.667 [49m┆[48;5;0m[38;5;9m 0.000   [49m[39m┆[48;5;0m[38;5;9m 0.000   [49m[39m┆[48;5;0m[38;5;9m 0.000      [49m[39m┆[48;5;0m[38;5;9m 0.000   [49m[39m┆[48;5;0m[38;5;9m 0.000  [49m[39m┆[48;5;0m[38;5;9m 0.000  [49m[39m┆[48;5;0m[38;5;9m 0.000   [49m[39m┆[48;5;0m[38;5;9m 0.000   [49m[39m┆[48;5;0m[38;5;9m 0.000   [49m[39m│
│ Sandro ┆[38;5;9m 0.000  [39m┆[38;5;9m 0.000   [39m┆[38;5;9m 0.000  [39m┆[38;5;10m 100.000 [39m┆[38;5;9m 0.000   [39m┆[38;5;9m 0.000      [39m┆[38;5;9m 0.000   [39m┆[38;5;9m 0.000  [39m┆[38;5;9m 0.000  [39m┆[38;5;9m 0.000   [39m┆[38;5;9m 0.000   [39m┆[38;5;9m 0.000   [39m│
│[48;5;0m Sidar  [49m┆[48;5;0m 33.333 [49m┆[48;5;0m[38;5;9m 0.000   [49m[39m┆[48;5;0m[38;5;9m 0.000  [49m[39m┆[48;5;0m[38;5;9m 0.000   [49m[39m┆[48;5;0m[38;5;9m 0.000   [49m[39m┆[48;5;0m[38;5;9m 0.000      [49m[39m┆[48;5;0m[38;5;9m 0.000   [49m[39m┆[48;5;0m 33.333 [49m┆[48;5;0m 33.333 [49m┆[48;5;0m[38;5;9m 0.000   [49m[39m┆[48;5;0m[38;5;9m 0.000   [49m[39m┆[48;5;0m[38;5;9m 0.000   [49m[39m│
│ Wilson ┆[38;5;9m 0.000  [39m┆[38;5;9m 0.000   [39m┆[38;5;9m 0.000  [39m┆[38;5;9m 0.000   [39m┆[38;5;9m 0.000   [39m┆[38;5;9m 0.000      [39m┆[38;5;10m 100.000 [39m┆[38;5;9m 0.000  [39m┆[38;5;9m 0.000  [39m┆[38;5;9m 0.000   [39m┆[38;5;9m 0.000   [39m┆[38;5;9m 0.000   [39m│
╰────────┴────────┴─────────┴────────┴─────────┴─────────┴────────────┴─────────┴────────┴────────┴─────────┴─────────┴─────────╯
3 left -> 1.5850 bits left

MB#8.0 E17 -- verkauft
Eti -> Maja
---
Nothing => I = -0.0000 bits
╭────────┬────────┬─────────┬────────┬─────────┬─────────┬────────────┬─────────┬────────┬────────┬─────────┬─────────┬─────────╮
│        ┆  Sina  ┆   Tais  ┆  Jana  ┆  Julia  ┆   Pia   ┆ Lisa-Marie ┆  Shelly ┆  Afra  ┆  Edda  ┆   Maja  ┆   Lina  ┆ Melanie │
╞════════╪════════╪═════════╪════════╪═════════╪═════════╪════════════╪═════════╪════════╪════════╪═════════╪═════════╪═════════╡
│[48;5;0m Eti    [49m┆[48;5;0m[38;5;9m 0.000  [49m[39m┆[48;5;0m[38;5;9m 0.000   [49m[39m┆[48;5;0m[38;5;9m 0.000  [49m[39m┆[48;5;0m[38;5;9m 0.000   [49m[39m┆[48;5;0m[38;5;9m 0.000   [49m[39m┆[48;5;0m[38;5;9m 0.000      [49m[39m┆[48;5;0m[38;5;9m 0.000   [49m[39m┆[48;5;0m[38;5;9m 0.000  [49m[39m┆[48;5;0m[38;5;9m 0.000  [49m[39m┆[48;5;0m[38;5;10m 100.000 [49m[39m┆[48;5;0m[38;5;9m 0.000   [49m[39m┆[48;5;0m[38;5;9m 0.000   [49m[39m│
│ Gerrit ┆[38;5;9m 0.000  [39m┆[38;5;10m 100.000 [39m┆[38;5;9m 0.000  [39m┆[38;5;9m 0.000   [39m┆[38;5;10m 100.000 [39m┆[38;5;9m 0.000      [39m┆[38;5;9m 0.000   [39m┆[38;5;9m 0.000  [39m┆[38;5;9m 0.000  [39m┆[38;5;9m 0.000   [39m┆[38;5;9m 0.000   [39m┆[38;5;10m 100.000 [39m│
│[48;5;0m Kevin  [49m┆[48;5;0m[38;5;9m 0.000  [49m[39m┆[48;5;0m[38;5;9m 0.000   [49m[39m┆[48;5;0m[38;5;9m 0.000  [49m[39m┆[48;5;0m[38;5;9m 0.000   [49m[39m┆[48;5;0m[38;5;9m 0.000   [49m[39m┆[48;5;0m[38;5;9m 0.000      [49m[39m┆[48;5;0m[38;5;9m 0.000   [49m[39m┆[48;5;0m[38;5;9m 0.000  [49m[39m┆[48;5;0m[38;5;9m 0.000  [49m[39m┆[48;5;0m[38;5;9m 0.000   [49m[39m┆[48;5;0m[38;5;10m 100.000 [49m[39m┆[48;5;0m[38;5;9m 0.000   [49m[39m│
│ Martin ┆ 33.333 ┆[38;5;9m 0.000   [39m┆ 33.333 ┆[38;5;9m 0.000   [39m┆[38;5;9m 0.000   [39m┆[38;5;9m 0.000      [39m┆[38;5;9m 0.000   [39m┆[38;5;9m 0.000  [39m┆ 33.333 ┆[38;5;9m 0.000   [39m┆[38;5;9m 0.000   [39m┆[38;5;9m 0.000   [39m│
│[48;5;0m Paddy  [49m┆[48;5;0m[38;5;9m 0.000  [49m[39m┆[48;5;0m[38;5;9m 0.000   [49m[39m┆[48;5;0m[38;5;9m 0.000  [49m[39m┆[48;5;0m[38;5;9m 0.000   [49m[39m┆[48;5;0m[38;5;9m 0.000   [49m[39m┆[48;5;0m[38;5;9m 0.000      [49m[39m┆[48;5;0m[38;5;9m 0.000   [49m[39m┆[48;5;0m 66.667 [49m┆[48;5;0m 33.333 [49m┆[48;5;0m[38;5;9m 0.000   [49m[39m┆[48;5;0m[38;5;9m 0.000   [49m[39m┆[48;5;0m[38;5;9m 0.000   [49m[39m│
│ Paulo  ┆[38;5;9m 0.000  [39m┆[38;5;9m 0.000   [39m┆[38;5;9m 0.000  [39m┆[38;5;9m 0.000   [39m┆[38;5;9m 0.000   [39m┆[38;5;10m 100.000    [39m┆[38;5;9m 0.000   [39m┆[38;5;9m 0.000  [39m┆[38;5;9m 0.000  [39m┆[38;5;9m 0.000   [39m┆[38;5;9m 0.000   [39m┆[38;5;9m 0.000   [39m│
│[48;5;0m Ryan   [49m┆[48;5;0m 33.333 [49m┆[48;5;0m[38;5;9m 0.000   [49m[39m┆[48;5;0m 66.667 [49m┆[48;5;0m[38;5;9m 0.000   [49m[39m┆[48;5;0m[38;5;9m 0.000   [49m[39m┆[48;5;0m[38;5;9m 0.000      [49m[39m┆[48;5;0m[38;5;9m 0.000   [49m[39m┆[48;5;0m[38;5;9m 0.000  [49m[39m┆[48;5;0m[38;5;9m 0.000  [49m[39m┆[48;5;0m[38;5;9m 0.000   [49m[39m┆[48;5;0m[38;5;9m 0.000   [49m[39m┆[48;5;0m[38;5;9m 0.000   [49m[39m│
│ Sandro ┆[38;5;9m 0.000  [39m┆[38;5;9m 0.000   [39m┆[38;5;9m 0.000  [39m┆[38;5;10m 100.000 [39m┆[38;5;9m 0.000   [39m┆[38;5;9m 0.000      [39m┆[38;5;9m 0.000   [39m┆[38;5;9m 0.000  [39m┆[38;5;9m 0.000  [39m┆[38;5;9m 0.000   [39m┆[38;5;9m 0.000   [39m┆[38;5;9m 0.000   [39m│
│[48;5;0m Sidar  [49m┆[48;5;0m 33.333 [49m┆[48;5;0m[38;5;9m 0.000   [49m[39m┆[48;5;0m[38;5;9m 0.000  [49m[39m┆[48;5;0m[38;5;9m 0.000   [49m[39m┆[48;5;0m[38;5;9m 0.000   [49m[39m┆[48;5;0m[38;5;9m 0.000      [49m[39m┆[48;5;0m[38;5;9m 0.000   [49m[39m┆[48;5;0m 33.333 [49m┆[48;5;0m 33.333 [49m┆[48;5;0m[38;5;9m 0.000   [49m[39m┆[48;5;0m[38;5;9m 0.000   [49m[39m┆[48;5;0m[38;5;9m 0.000   [49m[39m│
│ Wilson ┆[38;5;9m 0.000  [39m┆[38;5;9m 0.000   [39m┆[38;5;9m 0.000  [39m┆[38;5;9m 0.000   [39m┆[38;5;9m 0.000   [39m┆[38;5;9m 0.000      [39m┆[38;5;10m 100.000 [39m┆[38;5;9m 0.000  [39m┆[38;5;9m 0.000  [39m┆[38;5;9m 0.000   [39m┆[38;5;9m 0.000   [39m┆[38;5;9m 0.000   [39m│
╰────────┴────────┴─────────┴────────┴─────────┴─────────┴────────────┴─────────┴────────┴────────┴─────────┴─────────┴─────────╯
3 left -> 1.5850 bits left

MN#8.0 E18
2x Kevin -> Lina
2x Ryan -> Edda
2x Paulo -> Sina
1x Sandro -> Julia
0x Sidar -> Maja
6x Wilson -> Shelly
6x Gerrit -> Tais
1x Paddy -> Jana
2x Eti -> Afra
3x Martin -> Lisa-Marie
---
-> Pr[lights]: {4: 100.0%}
->  E[lights]: 4.000
4 lights => I = -0.0000 bits
╭────────┬────────┬─────────┬────────┬─────────┬─────────┬────────────┬─────────┬────────┬────────┬─────────┬─────────┬─────────╮
│        ┆  Sina  ┆   Tais  ┆  Jana  ┆  Julia  ┆   Pia   ┆ Lisa-Marie ┆  Shelly ┆  Afra  ┆  Edda  ┆   Maja  ┆   Lina  ┆ Melanie │
╞════════╪════════╪═════════╪════════╪═════════╪═════════╪════════════╪═════════╪════════╪════════╪═════════╪═════════╪═════════╡
│[48;5;0m Eti    [49m┆[48;5;0m[38;5;9m 0.000  [49m[39m┆[48;5;0m[38;5;9m 0.000   [49m[39m┆[48;5;0m[38;5;9m 0.000  [49m[39m┆[48;5;0m[38;5;9m 0.000   [49m[39m┆[48;5;0m[38;5;9m 0.000   [49m[39m┆[48;5;0m[38;5;9m 0.000      [49m[39m┆[48;5;0m[38;5;9m 0.000   [49m[39m┆[48;5;0m[38;5;9m 0.000  [49m[39m┆[48;5;0m[38;5;9m 0.000  [49m[39m┆[48;5;0m[38;5;10m 100.000 [49m[39m┆[48;5;0m[38;5;9m 0.000   [49m[39m┆[48;5;0m[38;5;9m 0.000   [49m[39m│
│ Gerrit ┆[38;5;9m 0.000  [39m┆[38;5;10m 100.000 [39m┆[38;5;9m 0.000  [39m┆[38;5;9m 0.000   [39m┆[38;5;10m 100.000 [39m┆[38;5;9m 0.000      [39m┆[38;5;9m 0.000   [39m┆[38;5;9m 0.000  [39m┆[38;5;9m 0.000  [39m┆[38;5;9m 0.000   [39m┆[38;5;9m 0.000   [39m┆[38;5;10m 100.000 [39m│
│[48;5;0m Kevin  [49m┆[48;5;0m[38;5;9m 0.000  [49m[39m┆[48;5;0m[38;5;9m 0.000   [49m[39m┆[48;5;0m[38;5;9m 0.000  [49m[39m┆[48;5;0m[38;5;9m 0.000   [49m[39m┆[48;5;0m[38;5;9m 0.000   [49m[39m┆[48;5;0m[38;5;9m 0.000      [49m[39m┆[48;5;0m[38;5;9m 0.000   [49m[39m┆[48;5;0m[38;5;9m 0.000  [49m[39m┆[48;5;0m[38;5;9m 0.000  [49m[39m┆[48;5;0m[38;5;9m 0.000   [49m[39m┆[48;5;0m[38;5;10m 100.000 [49m[39m┆[48;5;0m[38;5;9m 0.000   [49m[39m│
│ Martin ┆ 33.333 ┆[38;5;9m 0.000   [39m┆ 33.333 ┆[38;5;9m 0.000   [39m┆[38;5;9m 0.000   [39m┆[38;5;9m 0.000      [39m┆[38;5;9m 0.000   [39m┆[38;5;9m 0.000  [39m┆ 33.333 ┆[38;5;9m 0.000   [39m┆[38;5;9m 0.000   [39m┆[38;5;9m 0.000   [39m│
│[48;5;0m Paddy  [49m┆[48;5;0m[38;5;9m 0.000  [49m[39m┆[48;5;0m[38;5;9m 0.000   [49m[39m┆[48;5;0m[38;5;9m 0.000  [49m[39m┆[48;5;0m[38;5;9m 0.000   [49m[39m┆[48;5;0m[38;5;9m 0.000   [49m[39m┆[48;5;0m[38;5;9m 0.000      [49m[39m┆[48;5;0m[38;5;9m 0.000   [49m[39m┆[48;5;0m 66.667 [49m┆[48;5;0m 33.333 [49m┆[48;5;0m[38;5;9m 0.000   [49m[39m┆[48;5;0m[38;5;9m 0.000   [49m[39m┆[48;5;0m[38;5;9m 0.000   [49m[39m│
│ Paulo  ┆[38;5;9m 0.000  [39m┆[38;5;9m 0.000   [39m┆[38;5;9m 0.000  [39m┆[38;5;9m 0.000   [39m┆[38;5;9m 0.000   [39m┆[38;5;10m 100.000    [39m┆[38;5;9m 0.000   [39m┆[38;5;9m 0.000  [39m┆[38;5;9m 0.000  [39m┆[38;5;9m 0.000   [39m┆[38;5;9m 0.000   [39m┆[38;5;9m 0.000   [39m│
│[48;5;0m Ryan   [49m┆[48;5;0m 33.333 [49m┆[48;5;0m[38;5;9m 0.000   [49m[39m┆[48;5;0m 66.667 [49m┆[48;5;0m[38;5;9m 0.000   [49m[39m┆[48;5;0m[38;5;9m 0.000   [49m[39m┆[48;5;0m[38;5;9m 0.000      [49m[39m┆[48;5;0m[38;5;9m 0.000   [49m[39m┆[48;5;0m[38;5;9m 0.000  [49m[39m┆[48;5;0m[38;5;9m 0.000  [49m[39m┆[48;5;0m[38;5;9m 0.000   [49m[39m┆[48;5;0m[38;5;9m 0.000   [49m[39m┆[48;5;0m[38;5;9m 0.000   [49m[39m│
│ Sandro ┆[38;5;9m 0.000  [39m┆[38;5;9m 0.000   [39m┆[38;5;9m 0.000  [39m┆[38;5;10m 100.000 [39m┆[38;5;9m 0.000   [39m┆[38;5;9m 0.000      [39m┆[38;5;9m 0.000   [39m┆[38;5;9m 0.000  [39m┆[38;5;9m 0.000  [39m┆[38;5;9m 0.000   [39m┆[38;5;9m 0.000   [39m┆[38;5;9m 0.000   [39m│
│[48;5;0m Sidar  [49m┆[48;5;0m 33.333 [49m┆[48;5;0m[38;5;9m 0.000   [49m[39m┆[48;5;0m[38;5;9m 0.000  [49m[39m┆[48;5;0m[38;5;9m 0.000   [49m[39m┆[48;5;0m[38;5;9m 0.000   [49m[39m┆[48;5;0m[38;5;9m 0.000      [49m[39m┆[48;5;0m[38;5;9m 0.000   [49m[39m┆[48;5;0m 33.333 [49m┆[48;5;0m 33.333 [49m┆[48;5;0m[38;5;9m 0.000   [49m[39m┆[48;5;0m[38;5;9m 0.000   [49m[39m┆[48;5;0m[38;5;9m 0.000   [49m[39m│
│ Wilson ┆[38;5;9m 0.000  [39m┆[38;5;9m 0.000   [39m┆[38;5;9m 0.000  [39m┆[38;5;9m 0.000   [39m┆[38;5;9m 0.000   [39m┆[38;5;9m 0.000      [39m┆[38;5;10m 100.000 [39m┆[38;5;9m 0.000  [39m┆[38;5;9m 0.000  [39m┆[38;5;9m 0.000   [39m┆[38;5;9m 0.000   [39m┆[38;5;9m 0.000   [39m│
╰────────┴────────┴─────────┴────────┴─────────┴─────────┴────────────┴─────────┴────────┴────────┴─────────┴─────────┴─────────╯
3 left -> 1.5850 bits left

MB#9.0 E18
Sandro -> Afra
---
-> Pr[lights]: {0: 100.0%}
0 lights => I = -0.0000 bits
╭────────┬────────┬─────────┬────────┬─────────┬─────────┬────────────┬─────────┬────────┬────────┬─────────┬─────────┬─────────╮
│        ┆  Sina  ┆   Tais  ┆  Jana  ┆  Julia  ┆   Pia   ┆ Lisa-Marie ┆  Shelly ┆  Afra  ┆  Edda  ┆   Maja  ┆   Lina  ┆ Melanie │
╞════════╪════════╪═════════╪════════╪═════════╪═════════╪════════════╪═════════╪════════╪════════╪═════════╪═════════╪═════════╡
│[48;5;0m Eti    [49m┆[48;5;0m[38;5;9m 0.000  [49m[39m┆[48;5;0m[38;5;9m 0.000   [49m[39m┆[48;5;0m[38;5;9m 0.000  [49m[39m┆[48;5;0m[38;5;9m 0.000   [49m[39m┆[48;5;0m[38;5;9m 0.000   [49m[39m┆[48;5;0m[38;5;9m 0.000      [49m[39m┆[48;5;0m[38;5;9m 0.000   [49m[39m┆[48;5;0m[38;5;9m 0.000  [49m[39m┆[48;5;0m[38;5;9m 0.000  [49m[39m┆[48;5;0m[38;5;10m 100.000 [49m[39m┆[48;5;0m[38;5;9m 0.000   [49m[39m┆[48;5;0m[38;5;9m 0.000   [49m[39m│
│ Gerrit ┆[38;5;9m 0.000  [39m┆[38;5;10m 100.000 [39m┆[38;5;9m 0.000  [39m┆[38;5;9m 0.000   [39m┆[38;5;10m 100.000 [39m┆[38;5;9m 0.000      [39m┆[38;5;9m 0.000   [39m┆[38;5;9m 0.000  [39m┆[38;5;9m 0.000  [39m┆[38;5;9m 0.000   [39m┆[38;5;9m 0.000   [39m┆[38;5;10m 100.000 [39m│
│[48;5;0m Kevin  [49m┆[48;5;0m[38;5;9m 0.000  [49m[39m┆[48;5;0m[38;5;9m 0.000   [49m[39m┆[48;5;0m[38;5;9m 0.000  [49m[39m┆[48;5;0m[38;5;9m 0.000   [49m[39m┆[48;5;0m[38;5;9m 0.000   [49m[39m┆[48;5;0m[38;5;9m 0.000      [49m[39m┆[48;5;0m[38;5;9m 0.000   [49m[39m┆[48;5;0m[38;5;9m 0.000  [49m[39m┆[48;5;0m[38;5;9m 0.000  [49m[39m┆[48;5;0m[38;5;9m 0.000   [49m[39m┆[48;5;0m[38;5;10m 100.000 [49m[39m┆[48;5;0m[38;5;9m 0.000   [49m[39m│
│ Martin ┆ 33.333 ┆[38;5;9m 0.000   [39m┆ 33.333 ┆[38;5;9m 0.000   [39m┆[38;5;9m 0.000   [39m┆[38;5;9m 0.000      [39m┆[38;5;9m 0.000   [39m┆[38;5;9m 0.000  [39m┆ 33.333 ┆[38;5;9m 0.000   [39m┆[38;5;9m 0.000   [39m┆[38;5;9m 0.000   [39m│
│[48;5;0m Paddy  [49m┆[48;5;0m[38;5;9m 0.000  [49m[39m┆[48;5;0m[38;5;9m 0.000   [49m[39m┆[48;5;0m[38;5;9m 0.000  [49m[39m┆[48;5;0m[38;5;9m 0.000   [49m[39m┆[48;5;0m[38;5;9m 0.000   [49m[39m┆[48;5;0m[38;5;9m 0.000      [49m[39m┆[48;5;0m[38;5;9m 0.000   [49m[39m┆[48;5;0m 66.667 [49m┆[48;5;0m 33.333 [49m┆[48;5;0m[38;5;9m 0.000   [49m[39m┆[48;5;0m[38;5;9m 0.000   [49m[39m┆[48;5;0m[38;5;9m 0.000   [49m[39m│
│ Paulo  ┆[38;5;9m 0.000  [39m┆[38;5;9m 0.000   [39m┆[38;5;9m 0.000  [39m┆[38;5;9m 0.000   [39m┆[38;5;9m 0.000   [39m┆[38;5;10m 100.000    [39m┆[38;5;9m 0.000   [39m┆[38;5;9m 0.000  [39m┆[38;5;9m 0.000  [39m┆[38;5;9m 0.000   [39m┆[38;5;9m 0.000   [39m┆[38;5;9m 0.000   [39m│
│[48;5;0m Ryan   [49m┆[48;5;0m 33.333 [49m┆[48;5;0m[38;5;9m 0.000   [49m[39m┆[48;5;0m 66.667 [49m┆[48;5;0m[38;5;9m 0.000   [49m[39m┆[48;5;0m[38;5;9m 0.000   [49m[39m┆[48;5;0m[38;5;9m 0.000      [49m[39m┆[48;5;0m[38;5;9m 0.000   [49m[39m┆[48;5;0m[38;5;9m 0.000  [49m[39m┆[48;5;0m[38;5;9m 0.000  [49m[39m┆[48;5;0m[38;5;9m 0.000   [49m[39m┆[48;5;0m[38;5;9m 0.000   [49m[39m┆[48;5;0m[38;5;9m 0.000   [49m[39m│
│ Sandro ┆[38;5;9m 0.000  [39m┆[38;5;9m 0.000   [39m┆[38;5;9m 0.000  [39m┆[38;5;10m 100.000 [39m┆[38;5;9m 0.000   [39m┆[38;5;9m 0.000      [39m┆[38;5;9m 0.000   [39m┆[38;5;9m 0.000  [39m┆[38;5;9m 0.000  [39m┆[38;5;9m 0.000   [39m┆[38;5;9m 0.000   [39m┆[38;5;9m 0.000   [39m│
│[48;5;0m Sidar  [49m┆[48;5;0m 33.333 [49m┆[48;5;0m[38;5;9m 0.000   [49m[39m┆[48;5;0m[38;5;9m 0.000  [49m[39m┆[48;5;0m[38;5;9m 0.000   [49m[39m┆[48;5;0m[38;5;9m 0.000   [49m[39m┆[48;5;0m[38;5;9m 0.000      [49m[39m┆[48;5;0m[38;5;9m 0.000   [49m[39m┆[48;5;0m 33.333 [49m┆[48;5;0m 33.333 [49m┆[48;5;0m[38;5;9m 0.000   [49m[39m┆[48;5;0m[38;5;9m 0.000   [49m[39m┆[48;5;0m[38;5;9m 0.000   [49m[39m│
│ Wilson ┆[38;5;9m 0.000  [39m┆[38;5;9m 0.000   [39m┆[38;5;9m 0.000  [39m┆[38;5;9m 0.000   [39m┆[38;5;9m 0.000   [39m┆[38;5;9m 0.000      [39m┆[38;5;10m 100.000 [39m┆[38;5;9m 0.000  [39m┆[38;5;9m 0.000  [39m┆[38;5;9m 0.000   [39m┆[38;5;9m 0.000   [39m┆[38;5;9m 0.000   [39m│
╰────────┴────────┴─────────┴────────┴─────────┴─────────┴────────────┴─────────┴────────┴────────┴─────────┴─────────┴─────────╯
3 left -> 1.5850 bits left

MN#9.0 E19
7x Wilson -> Shelly
3x Kevin -> Lina
4x Martin -> Lisa-Marie
2x Paulo -> Edda
4x Eti -> Maja
2x Sandro -> Julia
7x Gerrit -> Tais
0x Paddy -> Sina
2x Sidar -> Afra
3x Ryan -> Jana
---
-> Pr[lights]: {6: 100.0%}
->  E[lights]: 6.000
6 lights => I = -0.0000 bits
╭────────┬────────┬─────────┬────────┬─────────┬─────────┬────────────┬─────────┬────────┬────────┬─────────┬─────────┬─────────╮
│        ┆  Sina  ┆   Tais  ┆  Jana  ┆  Julia  ┆   Pia   ┆ Lisa-Marie ┆  Shelly ┆  Afra  ┆  Edda  ┆   Maja  ┆   Lina  ┆ Melanie │
╞════════╪════════╪═════════╪════════╪═════════╪═════════╪════════════╪═════════╪════════╪════════╪═════════╪═════════╪═════════╡
│[48;5;0m Eti    [49m┆[48;5;0m[38;5;9m 0.000  [49m[39m┆[48;5;0m[38;5;9m 0.000   [49m[39m┆[48;5;0m[38;5;9m 0.000  [49m[39m┆[48;5;0m[38;5;9m 0.000   [49m[39m┆[48;5;0m[38;5;9m 0.000   [49m[39m┆[48;5;0m[38;5;9m 0.000      [49m[39m┆[48;5;0m[38;5;9m 0.000   [49m[39m┆[48;5;0m[38;5;9m 0.000  [49m[39m┆[48;5;0m[38;5;9m 0.000  [49m[39m┆[48;5;0m[38;5;10m 100.000 [49m[39m┆[48;5;0m[38;5;9m 0.000   [49m[39m┆[48;5;0m[38;5;9m 0.000   [49m[39m│
│ Gerrit ┆[38;5;9m 0.000  [39m┆[38;5;10m 100.000 [39m┆[38;5;9m 0.000  [39m┆[38;5;9m 0.000   [39m┆[38;5;10m 100.000 [39m┆[38;5;9m 0.000      [39m┆[38;5;9m 0.000   [39m┆[38;5;9m 0.000  [39m┆[38;5;9m 0.000  [39m┆[38;5;9m 0.000   [39m┆[38;5;9m 0.000   [39m┆[38;5;10m 100.000 [39m│
│[48;5;0m Kevin  [49m┆[48;5;0m[38;5;9m 0.000  [49m[39m┆[48;5;0m[38;5;9m 0.000   [49m[39m┆[48;5;0m[38;5;9m 0.000  [49m[39m┆[48;5;0m[38;5;9m 0.000   [49m[39m┆[48;5;0m[38;5;9m 0.000   [49m[39m┆[48;5;0m[38;5;9m 0.000      [49m[39m┆[48;5;0m[38;5;9m 0.000   [49m[39m┆[48;5;0m[38;5;9m 0.000  [49m[39m┆[48;5;0m[38;5;9m 0.000  [49m[39m┆[48;5;0m[38;5;9m 0.000   [49m[39m┆[48;5;0m[38;5;10m 100.000 [49m[39m┆[48;5;0m[38;5;9m 0.000   [49m[39m│
│ Martin ┆ 33.333 ┆[38;5;9m 0.000   [39m┆ 33.333 ┆[38;5;9m 0.000   [39m┆[38;5;9m 0.000   [39m┆[38;5;9m 0.000      [39m┆[38;5;9m 0.000   [39m┆[38;5;9m 0.000  [39m┆ 33.333 ┆[38;5;9m 0.000   [39m┆[38;5;9m 0.000   [39m┆[38;5;9m 0.000   [39m│
│[48;5;0m Paddy  [49m┆[48;5;0m[38;5;9m 0.000  [49m[39m┆[48;5;0m[38;5;9m 0.000   [49m[39m┆[48;5;0m[38;5;9m 0.000  [49m[39m┆[48;5;0m[38;5;9m 0.000   [49m[39m┆[48;5;0m[38;5;9m 0.000   [49m[39m┆[48;5;0m[38;5;9m 0.000      [49m[39m┆[48;5;0m[38;5;9m 0.000   [49m[39m┆[48;5;0m 66.667 [49m┆[48;5;0m 33.333 [49m┆[48;5;0m[38;5;9m 0.000   [49m[39m┆[48;5;0m[38;5;9m 0.000   [49m[39m┆[48;5;0m[38;5;9m 0.000   [49m[39m│
│ Paulo  ┆[38;5;9m 0.000  [39m┆[38;5;9m 0.000   [39m┆[38;5;9m 0.000  [39m┆[38;5;9m 0.000   [39m┆[38;5;9m 0.000   [39m┆[38;5;10m 100.000    [39m┆[38;5;9m 0.000   [39m┆[38;5;9m 0.000  [39m┆[38;5;9m 0.000  [39m┆[38;5;9m 0.000   [39m┆[38;5;9m 0.000   [39m┆[38;5;9m 0.000   [39m│
│[48;5;0m Ryan   [49m┆[48;5;0m 33.333 [49m┆[48;5;0m[38;5;9m 0.000   [49m[39m┆[48;5;0m 66.667 [49m┆[48;5;0m[38;5;9m 0.000   [49m[39m┆[48;5;0m[38;5;9m 0.000   [49m[39m┆[48;5;0m[38;5;9m 0.000      [49m[39m┆[48;5;0m[38;5;9m 0.000   [49m[39m┆[48;5;0m[38;5;9m 0.000  [49m[39m┆[48;5;0m[38;5;9m 0.000  [49m[39m┆[48;5;0m[38;5;9m 0.000   [49m[39m┆[48;5;0m[38;5;9m 0.000   [49m[39m┆[48;5;0m[38;5;9m 0.000   [49m[39m│
│ Sandro ┆[38;5;9m 0.000  [39m┆[38;5;9m 0.000   [39m┆[38;5;9m 0.000  [39m┆[38;5;10m 100.000 [39m┆[38;5;9m 0.000   [39m┆[38;5;9m 0.000      [39m┆[38;5;9m 0.000   [39m┆[38;5;9m 0.000  [39m┆[38;5;9m 0.000  [39m┆[38;5;9m 0.000   [39m┆[38;5;9m 0.000   [39m┆[38;5;9m 0.000   [39m│
│[48;5;0m Sidar  [49m┆[48;5;0m 33.333 [49m┆[48;5;0m[38;5;9m 0.000   [49m[39m┆[48;5;0m[38;5;9m 0.000  [49m[39m┆[48;5;0m[38;5;9m 0.000   [49m[39m┆[48;5;0m[38;5;9m 0.000   [49m[39m┆[48;5;0m[38;5;9m 0.000      [49m[39m┆[48;5;0m[38;5;9m 0.000   [49m[39m┆[48;5;0m 33.333 [49m┆[48;5;0m 33.333 [49m┆[48;5;0m[38;5;9m 0.000   [49m[39m┆[48;5;0m[38;5;9m 0.000   [49m[39m┆[48;5;0m[38;5;9m 0.000   [49m[39m│
│ Wilson ┆[38;5;9m 0.000  [39m┆[38;5;9m 0.000   [39m┆[38;5;9m 0.000  [39m┆[38;5;9m 0.000   [39m┆[38;5;9m 0.000   [39m┆[38;5;9m 0.000      [39m┆[38;5;10m 100.000 [39m┆[38;5;9m 0.000  [39m┆[38;5;9m 0.000  [39m┆[38;5;9m 0.000   [39m┆[38;5;9m 0.000   [39m┆[38;5;9m 0.000   [39m│
╰────────┴────────┴─────────┴────────┴─────────┴─────────┴────────────┴─────────┴────────┴────────┴─────────┴─────────┴─────────╯
3 left -> 1.5850 bits left

MB#10.0 E19
Kevin -> Lina
---
-> Pr[lights]: {1: 100.0%}
1 lights => I = -0.0000 bits
╭────────┬────────┬─────────┬────────┬─────────┬─────────┬────────────┬─────────┬────────┬────────┬─────────┬─────────┬─────────╮
│        ┆  Sina  ┆   Tais  ┆  Jana  ┆  Julia  ┆   Pia   ┆ Lisa-Marie ┆  Shelly ┆  Afra  ┆  Edda  ┆   Maja  ┆   Lina  ┆ Melanie │
╞════════╪════════╪═════════╪════════╪═════════╪═════════╪════════════╪═════════╪════════╪════════╪═════════╪═════════╪═════════╡
│[48;5;0m Eti    [49m┆[48;5;0m[38;5;9m 0.000  [49m[39m┆[48;5;0m[38;5;9m 0.000   [49m[39m┆[48;5;0m[38;5;9m 0.000  [49m[39m┆[48;5;0m[38;5;9m 0.000   [49m[39m┆[48;5;0m[38;5;9m 0.000   [49m[39m┆[48;5;0m[38;5;9m 0.000      [49m[39m┆[48;5;0m[38;5;9m 0.000   [49m[39m┆[48;5;0m[38;5;9m 0.000  [49m[39m┆[48;5;0m[38;5;9m 0.000  [49m[39m┆[48;5;0m[38;5;10m 100.000 [49m[39m┆[48;5;0m[38;5;9m 0.000   [49m[39m┆[48;5;0m[38;5;9m 0.000   [49m[39m│
│ Gerrit ┆[38;5;9m 0.000  [39m┆[38;5;10m 100.000 [39m┆[38;5;9m 0.000  [39m┆[38;5;9m 0.000   [39m┆[38;5;10m 100.000 [39m┆[38;5;9m 0.000      [39m┆[38;5;9m 0.000   [39m┆[38;5;9m 0.000  [39m┆[38;5;9m 0.000  [39m┆[38;5;9m 0.000   [39m┆[38;5;9m 0.000   [39m┆[38;5;10m 100.000 [39m│
│[48;5;0m Kevin  [49m┆[48;5;0m[38;5;9m 0.000  [49m[39m┆[48;5;0m[38;5;9m 0.000   [49m[39m┆[48;5;0m[38;5;9m 0.000  [49m[39m┆[48;5;0m[38;5;9m 0.000   [49m[39m┆[48;5;0m[38;5;9m 0.000   [49m[39m┆[48;5;0m[38;5;9m 0.000      [49m[39m┆[48;5;0m[38;5;9m 0.000   [49m[39m┆[48;5;0m[38;5;9m 0.000  [49m[39m┆[48;5;0m[38;5;9m 0.000  [49m[39m┆[48;5;0m[38;5;9m 0.000   [49m[39m┆[48;5;0m[38;5;10m 100.000 [49m[39m┆[48;5;0m[38;5;9m 0.000   [49m[39m│
│ Martin ┆ 33.333 ┆[38;5;9m 0.000   [39m┆ 33.333 ┆[38;5;9m 0.000   [39m┆[38;5;9m 0.000   [39m┆[38;5;9m 0.000      [39m┆[38;5;9m 0.000   [39m┆[38;5;9m 0.000  [39m┆ 33.333 ┆[38;5;9m 0.000   [39m┆[38;5;9m 0.000   [39m┆[38;5;9m 0.000   [39m│
│[48;5;0m Paddy  [49m┆[48;5;0m[38;5;9m 0.000  [49m[39m┆[48;5;0m[38;5;9m 0.000   [49m[39m┆[48;5;0m[38;5;9m 0.000  [49m[39m┆[48;5;0m[38;5;9m 0.000   [49m[39m┆[48;5;0m[38;5;9m 0.000   [49m[39m┆[48;5;0m[38;5;9m 0.000      [49m[39m┆[48;5;0m[38;5;9m 0.000   [49m[39m┆[48;5;0m 66.667 [49m┆[48;5;0m 33.333 [49m┆[48;5;0m[38;5;9m 0.000   [49m[39m┆[48;5;0m[38;5;9m 0.000   [49m[39m┆[48;5;0m[38;5;9m 0.000   [49m[39m│
│ Paulo  ┆[38;5;9m 0.000  [39m┆[38;5;9m 0.000   [39m┆[38;5;9m 0.000  [39m┆[38;5;9m 0.000   [39m┆[38;5;9m 0.000   [39m┆[38;5;10m 100.000    [39m┆[38;5;9m 0.000   [39m┆[38;5;9m 0.000  [39m┆[38;5;9m 0.000  [39m┆[38;5;9m 0.000   [39m┆[38;5;9m 0.000   [39m┆[38;5;9m 0.000   [39m│
│[48;5;0m Ryan   [49m┆[48;5;0m 33.333 [49m┆[48;5;0m[38;5;9m 0.000   [49m[39m┆[48;5;0m 66.667 [49m┆[48;5;0m[38;5;9m 0.000   [49m[39m┆[48;5;0m[38;5;9m 0.000   [49m[39m┆[48;5;0m[38;5;9m 0.000      [49m[39m┆[48;5;0m[38;5;9m 0.000   [49m[39m┆[48;5;0m[38;5;9m 0.000  [49m[39m┆[48;5;0m[38;5;9m 0.000  [49m[39m┆[48;5;0m[38;5;9m 0.000   [49m[39m┆[48;5;0m[38;5;9m 0.000   [49m[39m┆[48;5;0m[38;5;9m 0.000   [49m[39m│
│ Sandro ┆[38;5;9m 0.000  [39m┆[38;5;9m 0.000   [39m┆[38;5;9m 0.000  [39m┆[38;5;10m 100.000 [39m┆[38;5;9m 0.000   [39m┆[38;5;9m 0.000      [39m┆[38;5;9m 0.000   [39m┆[38;5;9m 0.000  [39m┆[38;5;9m 0.000  [39m┆[38;5;9m 0.000   [39m┆[38;5;9m 0.000   [39m┆[38;5;9m 0.000   [39m│
│[48;5;0m Sidar  [49m┆[48;5;0m 33.333 [49m┆[48;5;0m[38;5;9m 0.000   [49m[39m┆[48;5;0m[38;5;9m 0.000  [49m[39m┆[48;5;0m[38;5;9m 0.000   [49m[39m┆[48;5;0m[38;5;9m 0.000   [49m[39m┆[48;5;0m[38;5;9m 0.000      [49m[39m┆[48;5;0m[38;5;9m 0.000   [49m[39m┆[48;5;0m 33.333 [49m┆[48;5;0m 33.333 [49m┆[48;5;0m[38;5;9m 0.000   [49m[39m┆[48;5;0m[38;5;9m 0.000   [49m[39m┆[48;5;0m[38;5;9m 0.000   [49m[39m│
│ Wilson ┆[38;5;9m 0.000  [39m┆[38;5;9m 0.000   [39m┆[38;5;9m 0.000  [39m┆[38;5;9m 0.000   [39m┆[38;5;9m 0.000   [39m┆[38;5;9m 0.000      [39m┆[38;5;10m 100.000 [39m┆[38;5;9m 0.000  [39m┆[38;5;9m 0.000  [39m┆[38;5;9m 0.000   [39m┆[38;5;9m 0.000   [39m┆[38;5;9m 0.000   [39m│
╰────────┴────────┴─────────┴────────┴─────────┴─────────┴────────────┴─────────┴────────┴────────┴─────────┴─────────┴─────────╯
3 left -> 1.5850 bits left

MN#10.0 E20
1x Martin -> Afra
8x Wilson -> Shelly
1x Paddy -> Edda
8x Gerrit -> Tais
5x Eti -> Maja
4x Kevin -> Lina
3x Sandro -> Julia
2x Paulo -> Lisa-Marie
0x Sidar -> Sina
4x Ryan -> Jana
---
-> Pr[lights]: {7: 66.7%, 8: 33.3%}
->  E[lights]: 7.333
7 lights => I = 0.5850 bits
╭────────┬────────┬─────────┬────────┬─────────┬─────────┬────────────┬─────────┬────────┬────────┬─────────┬─────────┬─────────╮
│        ┆  Sina  ┆   Tais  ┆  Jana  ┆  Julia  ┆   Pia   ┆ Lisa-Marie ┆  Shelly ┆  Afra  ┆  Edda  ┆   Maja  ┆   Lina  ┆ Melanie │
╞════════╪════════╪═════════╪════════╪═════════╪═════════╪════════════╪═════════╪════════╪════════╪═════════╪═════════╪═════════╡
│[48;5;0m Eti    [49m┆[48;5;0m[38;5;9m 0.000  [49m[39m┆[48;5;0m[38;5;9m 0.000   [49m[39m┆[48;5;0m[38;5;9m 0.000  [49m[39m┆[48;5;0m[38;5;9m 0.000   [49m[39m┆[48;5;0m[38;5;9m 0.000   [49m[39m┆[48;5;0m[38;5;9m 0.000      [49m[39m┆[48;5;0m[38;5;9m 0.000   [49m[39m┆[48;5;0m[38;5;9m 0.000  [49m[39m┆[48;5;0m[38;5;9m 0.000  [49m[39m┆[48;5;0m[38;5;10m 100.000 [49m[39m┆[48;5;0m[38;5;9m 0.000   [49m[39m┆[48;5;0m[38;5;9m 0.000   [49m[39m│
│ Gerrit ┆[38;5;9m 0.000  [39m┆[38;5;10m 100.000 [39m┆[38;5;9m 0.000  [39m┆[38;5;9m 0.000   [39m┆[38;5;10m 100.000 [39m┆[38;5;9m 0.000      [39m┆[38;5;9m 0.000   [39m┆[38;5;9m 0.000  [39m┆[38;5;9m 0.000  [39m┆[38;5;9m 0.000   [39m┆[38;5;9m 0.000   [39m┆[38;5;10m 100.000 [39m│
│[48;5;0m Kevin  [49m┆[48;5;0m[38;5;9m 0.000  [49m[39m┆[48;5;0m[38;5;9m 0.000   [49m[39m┆[48;5;0m[38;5;9m 0.000  [49m[39m┆[48;5;0m[38;5;9m 0.000   [49m[39m┆[48;5;0m[38;5;9m 0.000   [49m[39m┆[48;5;0m[38;5;9m 0.000      [49m[39m┆[48;5;0m[38;5;9m 0.000   [49m[39m┆[48;5;0m[38;5;9m 0.000  [49m[39m┆[48;5;0m[38;5;9m 0.000  [49m[39m┆[48;5;0m[38;5;9m 0.000   [49m[39m┆[48;5;0m[38;5;10m 100.000 [49m[39m┆[48;5;0m[38;5;9m 0.000   [49m[39m│
│ Martin ┆ 50.000 ┆[38;5;9m 0.000   [39m┆ 50.000 ┆[38;5;9m 0.000   [39m┆[38;5;9m 0.000   [39m┆[38;5;9m 0.000      [39m┆[38;5;9m 0.000   [39m┆[38;5;9m 0.000  [39m┆[38;5;9m 0.000  [39m┆[38;5;9m 0.000   [39m┆[38;5;9m 0.000   [39m┆[38;5;9m 0.000   [39m│
│[48;5;0m Paddy  [49m┆[48;5;0m[38;5;9m 0.000  [49m[39m┆[48;5;0m[38;5;9m 0.000   [49m[39m┆[48;5;0m[38;5;9m 0.000  [49m[39m┆[48;5;0m[38;5;9m 0.000   [49m[39m┆[48;5;0m[38;5;9m 0.000   [49m[39m┆[48;5;0m[38;5;9m 0.000      [49m[39m┆[48;5;0m[38;5;9m 0.000   [49m[39m┆[48;5;0m 50.000 [49m┆[48;5;0m 50.000 [49m┆[48;5;0m[38;5;9m 0.000   [49m[39m┆[48;5;0m[38;5;9m 0.000   [49m[39m┆[48;5;0m[38;5;9m 0.000   [49m[39m│
│ Paulo  ┆[38;5;9m 0.000  [39m┆[38;5;9m 0.000   [39m┆[38;5;9m 0.000  [39m┆[38;5;9m 0.000   [39m┆[38;5;9m 0.000   [39m┆[38;5;10m 100.000    [39m┆[38;5;9m 0.000   [39m┆[38;5;9m 0.000  [39m┆[38;5;9m 0.000  [39m┆[38;5;9m 0.000   [39m┆[38;5;9m 0.000   [39m┆[38;5;9m 0.000   [39m│
│[48;5;0m Ryan   [49m┆[48;5;0m 50.000 [49m┆[48;5;0m[38;5;9m 0.000   [49m[39m┆[48;5;0m 50.000 [49m┆[48;5;0m[38;5;9m 0.000   [49m[39m┆[48;5;0m[38;5;9m 0.000   [49m[39m┆[48;5;0m[38;5;9m 0.000      [49m[39m┆[48;5;0m[38;5;9m 0.000   [49m[39m┆[48;5;0m[38;5;9m 0.000  [49m[39m┆[48;5;0m[38;5;9m 0.000  [49m[39m┆[48;5;0m[38;5;9m 0.000   [49m[39m┆[48;5;0m[38;5;9m 0.000   [49m[39m┆[48;5;0m[38;5;9m 0.000   [49m[39m│
│ Sandro ┆[38;5;9m 0.000  [39m┆[38;5;9m 0.000   [39m┆[38;5;9m 0.000  [39m┆[38;5;10m 100.000 [39m┆[38;5;9m 0.000   [39m┆[38;5;9m 0.000      [39m┆[38;5;9m 0.000   [39m┆[38;5;9m 0.000  [39m┆[38;5;9m 0.000  [39m┆[38;5;9m 0.000   [39m┆[38;5;9m 0.000   [39m┆[38;5;9m 0.000   [39m│
│[48;5;0m Sidar  [49m┆[48;5;0m[38;5;9m 0.000  [49m[39m┆[48;5;0m[38;5;9m 0.000   [49m[39m┆[48;5;0m[38;5;9m 0.000  [49m[39m┆[48;5;0m[38;5;9m 0.000   [49m[39m┆[48;5;0m[38;5;9m 0.000   [49m[39m┆[48;5;0m[38;5;9m 0.000      [49m[39m┆[48;5;0m[38;5;9m 0.000   [49m[39m┆[48;5;0m 50.000 [49m┆[48;5;0m 50.000 [49m┆[48;5;0m[38;5;9m 0.000   [49m[39m┆[48;5;0m[38;5;9m 0.000   [49m[39m┆[48;5;0m[38;5;9m 0.000   [49m[39m│
│ Wilson ┆[38;5;9m 0.000  [39m┆[38;5;9m 0.000   [39m┆[38;5;9m 0.000  [39m┆[38;5;9m 0.000   [39m┆[38;5;9m 0.000   [39m┆[38;5;9m 0.000      [39m┆[38;5;10m 100.000 [39m┆[38;5;9m 0.000  [39m┆[38;5;9m 0.000  [39m┆[38;5;9m 0.000   [39m┆[38;5;9m 0.000   [39m┆[38;5;9m 0.000   [39m│
╰────────┴────────┴─────────┴────────┴─────────┴─────────┴────────────┴─────────┴────────┴────────┴─────────┴─────────┴─────────╯
2 left -> 1.0000 bits left

MN#11.0 E21 -- Reunion
0x Martin -> Sina
9x Gerrit -> Tais
0x Paddy -> Afra
0x Sidar -> Edda
3x Paulo -> Lisa-Marie
5x Ryan -> Jana
9x Wilson -> Shelly
5x Kevin -> Lina
6x Eti -> Maja
4x Sandro -> Julia
---
-> Pr[lights]: {6: 50.0%, 10: 50.0%}
->  E[lights]: 8.000
10 lights => I = 1.0000 bits
╭────────┬─────────┬─────────┬─────────┬─────────┬─────────┬────────────┬─────────┬─────────┬─────────┬─────────┬─────────┬─────────╮
│        ┆   Sina  ┆   Tais  ┆   Jana  ┆  Julia  ┆   Pia   ┆ Lisa-Marie ┆  Shelly ┆   Afra  ┆   Edda  ┆   Maja  ┆   Lina  ┆ Melanie │
╞════════╪═════════╪═════════╪═════════╪═════════╪═════════╪════════════╪═════════╪═════════╪═════════╪═════════╪═════════╪═════════╡
│[48;5;0m Eti    [49m┆[48;5;0m[38;5;9m 0.000   [49m[39m┆[48;5;0m[38;5;9m 0.000   [49m[39m┆[48;5;0m[38;5;9m 0.000   [49m[39m┆[48;5;0m[38;5;9m 0.000   [49m[39m┆[48;5;0m[38;5;9m 0.000   [49m[39m┆[48;5;0m[38;5;9m 0.000      [49m[39m┆[48;5;0m[38;5;9m 0.000   [49m[39m┆[48;5;0m[38;5;9m 0.000   [49m[39m┆[48;5;0m[38;5;9m 0.000   [49m[39m┆[48;5;0m[38;5;10m 100.000 [49m[39m┆[48;5;0m[38;5;9m 0.000   [49m[39m┆[48;5;0m[38;5;9m 0.000   [49m[39m│
│ Gerrit ┆[38;5;9m 0.000   [39m┆[38;5;10m 100.000 [39m┆[38;5;9m 0.000   [39m┆[38;5;9m 0.000   [39m┆[38;5;10m 100.000 [39m┆[38;5;9m 0.000      [39m┆[38;5;9m 0.000   [39m┆[38;5;9m 0.000   [39m┆[38;5;9m 0.000   [39m┆[38;5;9m 0.000   [39m┆[38;5;9m 0.000   [39m┆[38;5;10m 100.000 [39m│
│[48;5;0m Kevin  [49m┆[48;5;0m[38;5;9m 0.000   [49m[39m┆[48;5;0m[38;5;9m 0.000   [49m[39m┆[48;5;0m[38;5;9m 0.000   [49m[39m┆[48;5;0m[38;5;9m 0.000   [49m[39m┆[48;5;0m[38;5;9m 0.000   [49m[39m┆[48;5;0m[38;5;9m 0.000      [49m[39m┆[48;5;0m[38;5;9m 0.000   [49m[39m┆[48;5;0m[38;5;9m 0.000   [49m[39m┆[48;5;0m[38;5;9m 0.000   [49m[39m┆[48;5;0m[38;5;9m 0.000   [49m[39m┆[48;5;0m[38;5;10m 100.000 [49m[39m┆[48;5;0m[38;5;9m 0.000   [49m[39m│
│ Martin ┆[38;5;10m 100.000 [39m┆[38;5;9m 0.000   [39m┆[38;5;9m 0.000   [39m┆[38;5;9m 0.000   [39m┆[38;5;9m 0.000   [39m┆[38;5;9m 0.000      [39m┆[38;5;9m 0.000   [39m┆[38;5;9m 0.000   [39m┆[38;5;9m 0.000   [39m┆[38;5;9m 0.000   [39m┆[38;5;9m 0.000   [39m┆[38;5;9m 0.000   [39m│
│[48;5;0m Paddy  [49m┆[48;5;0m[38;5;9m 0.000   [49m[39m┆[48;5;0m[38;5;9m 0.000   [49m[39m┆[48;5;0m[38;5;9m 0.000   [49m[39m┆[48;5;0m[38;5;9m 0.000   [49m[39m┆[48;5;0m[38;5;9m 0.000   [49m[39m┆[48;5;0m[38;5;9m 0.000      [49m[39m┆[48;5;0m[38;5;9m 0.000   [49m[39m┆[48;5;0m[38;5;10m 100.000 [49m[39m┆[48;5;0m[38;5;9m 0.000   [49m[39m┆[48;5;0m[38;5;9m 0.000   [49m[39m┆[48;5;0m[38;5;9m 0.000   [49m[39m┆[48;5;0m[38;5;9m 0.000   [49m[39m│
│ Paulo  ┆[38;5;9m 0.000   [39m┆[38;5;9m 0.000   [39m┆[38;5;9m 0.000   [39m┆[38;5;9m 0.000   [39m┆[38;5;9m 0.000   [39m┆[38;5;10m 100.000    [39m┆[38;5;9m 0.000   [39m┆[38;5;9m 0.000   [39m┆[38;5;9m 0.000   [39m┆[38;5;9m 0.000   [39m┆[38;5;9m 0.000   [39m┆[38;5;9m 0.000   [39m│
│[48;5;0m Ryan   [49m┆[48;5;0m[38;5;9m 0.000   [49m[39m┆[48;5;0m[38;5;9m 0.000   [49m[39m┆[48;5;0m[38;5;10m 100.000 [49m[39m┆[48;5;0m[38;5;9m 0.000   [49m[39m┆[48;5;0m[38;5;9m 0.000   [49m[39m┆[48;5;0m[38;5;9m 0.000      [49m[39m┆[48;5;0m[38;5;9m 0.000   [49m[39m┆[48;5;0m[38;5;9m 0.000   [49m[39m┆[48;5;0m[38;5;9m 0.000   [49m[39m┆[48;5;0m[38;5;9m 0.000   [49m[39m┆[48;5;0m[38;5;9m 0.000   [49m[39m┆[48;5;0m[38;5;9m 0.000   [49m[39m│
│ Sandro ┆[38;5;9m 0.000   [39m┆[38;5;9m 0.000   [39m┆[38;5;9m 0.000   [39m┆[38;5;10m 100.000 [39m┆[38;5;9m 0.000   [39m┆[38;5;9m 0.000      [39m┆[38;5;9m 0.000   [39m┆[38;5;9m 0.000   [39m┆[38;5;9m 0.000   [39m┆[38;5;9m 0.000   [39m┆[38;5;9m 0.000   [39m┆[38;5;9m 0.000   [39m│
│[48;5;0m Sidar  [49m┆[48;5;0m[38;5;9m 0.000   [49m[39m┆[48;5;0m[38;5;9m 0.000   [49m[39m┆[48;5;0m[38;5;9m 0.000   [49m[39m┆[48;5;0m[38;5;9m 0.000   [49m[39m┆[48;5;0m[38;5;9m 0.000   [49m[39m┆[48;5;0m[38;5;9m 0.000      [49m[39m┆[48;5;0m[38;5;9m 0.000   [49m[39m┆[48;5;0m[38;5;9m 0.000   [49m[39m┆[48;5;0m[38;5;10m 100.000 [49m[39m┆[48;5;0m[38;5;9m 0.000   [49m[39m┆[48;5;0m[38;5;9m 0.000   [49m[39m┆[48;5;0m[38;5;9m 0.000   [49m[39m│
│ Wilson ┆[38;5;9m 0.000   [39m┆[38;5;9m 0.000   [39m┆[38;5;9m 0.000   [39m┆[38;5;9m 0.000   [39m┆[38;5;9m 0.000   [39m┆[38;5;9m 0.000      [39m┆[38;5;10m 100.000 [39m┆[38;5;9m 0.000   [39m┆[38;5;9m 0.000   [39m┆[38;5;9m 0.000   [39m┆[38;5;9m 0.000   [39m┆[38;5;9m 0.000   [39m│
╰────────┴─────────┴─────────┴─────────┴─────────┴─────────┴────────────┴─────────┴─────────┴─────────┴─────────┴─────────┴─────────╯
1 left -> 0.0000 bits left

╭─────────┬────┬─────────────┬────────┬──────────┬─────────────┬─────────┬─────────────┬───────┬────────┬─────────────┬─────────┬───┬─────────┬──────┬──────────╮
│         ┆  L ┆     Eti     ┆ Gerrit ┆   Kevin  ┆    Martin   ┆  Paddy  ┆    Paulo    ┆  Ryan ┆ Sandro ┆    Sidar    ┆  Wilson ┆   ┆    I    ┆ #new ┆ min dist │
╞═════════╪════╪═════════════╪════════╪══════════╪═════════════╪═════════╪═════════════╪═══════╪════════╪═════════════╪═════════╪═══╪═════════╪══════╪══════════╡
│ MB#1.0  ┆ 0  ┆             ┆        ┆          ┆             ┆         ┆ Jana        ┆       ┆        ┆             ┆         ┆   ┆ 0.1520  ┆      ┆          │
│ MN#1.0  ┆ 2  ┆ Lisa-Marie* ┆ Pia*   ┆ Sina*    ┆ Julia*      ┆ Maja*   ┆ Tais*       ┆ Lina* ┆ Edda*  ┆ Jana*       ┆ Shelly* ┆   ┆ 2.4119  ┆ 10   ┆          │
│ MB#2.0  ┆ 0  ┆             ┆        ┆          ┆             ┆         ┆             ┆ Lina  ┆        ┆             ┆         ┆   ┆ 0.3140  ┆      ┆          │
│ MN#2.0  ┆ 2  ┆ Afra*       ┆ Tais*  ┆ Sina     ┆ Lina*       ┆ Shelly* ┆ Lisa-Marie* ┆ Pia*  ┆ Edda   ┆ Jana        ┆ Maja*   ┆   ┆ 2.0068  ┆ 7    ┆ 7/MN#1   │
│ MB#3.0  ┆ 0  ┆             ┆        ┆ Maja     ┆             ┆         ┆             ┆       ┆        ┆             ┆         ┆   ┆ 0.1186  ┆      ┆          │
│ MB#3.1  ┆ 0  ┆ Melanie     ┆        ┆          ┆             ┆         ┆             ┆       ┆        ┆             ┆         ┆   ┆ 0.1523  ┆      ┆          │
│ MN#3.0  ┆ 4  ┆ Maja*       ┆ Tais   ┆ Melanie* ┆ Lisa-Marie* ┆ Julia*  ┆ Edda*       ┆ Jana* ┆ Sina*  ┆ Afra*       ┆ Shelly  ┆   ┆ 6.0734  ┆ 8    ┆ 9/MN#1   │
│ MB#4.0  ┆ 1  ┆             ┆        ┆          ┆             ┆         ┆             ┆       ┆        ┆             ┆ Shelly  ┆   ┆ 0.6854  ┆      ┆          │
│ MN#4.0  ┆ 3  ┆ Afra        ┆ Tais   ┆ Sina     ┆ Julia       ┆ Lina*   ┆ Lisa-Marie  ┆ Edda* ┆ Pia*   ┆ Jana        ┆ Shelly  ┆   ┆ 1.4334  ┆ 3    ┆ 5/MN#2   │
│ MB#5.0  ┆ 1  ┆             ┆ Tais   ┆          ┆             ┆         ┆             ┆       ┆        ┆             ┆         ┆   ┆ 6.0397  ┆      ┆          │
│ MN#5.0  ┆ 4  ┆ Maja        ┆ Tais   ┆ Julia*   ┆ Lisa-Marie  ┆ Lina    ┆ Edda        ┆ Jana  ┆ Sina   ┆ Afra        ┆ Shelly  ┆   ┆ 1.3394  ┆ 1    ┆ 2/MN#3   │
│ MB#6.0  ┆ 0  ┆             ┆        ┆          ┆             ┆         ┆             ┆       ┆ Sina   ┆             ┆         ┆   ┆ 0.9148  ┆      ┆          │
│ MN#6.0  ┆ 5  ┆ Maja        ┆ Tais   ┆ Lina*    ┆ Lisa-Marie  ┆ Edda*   ┆ Sina*       ┆ Jana  ┆ Afra*  ┆ Julia*      ┆ Shelly  ┆   ┆ 1.6828  ┆ 5    ┆ 5/MN#3   │
│ MB#7.0  ┆ 0  ┆             ┆        ┆          ┆             ┆         ┆ Julia       ┆       ┆        ┆             ┆         ┆   ┆ 0.0780  ┆      ┆          │
│ MN#7.0  ┆ 5  ┆ Maja        ┆ Tais   ┆ Lina     ┆ Afra*       ┆ Jana*   ┆ Sina        ┆ Edda  ┆ Julia* ┆ Lisa-Marie* ┆ Shelly  ┆   ┆ 2.5850  ┆ 4    ┆ 5/MN#6   │
│ MB#8.0  ┆ -  ┆ Maja        ┆        ┆          ┆             ┆         ┆             ┆       ┆        ┆             ┆         ┆   ┆ -0.0000 ┆      ┆          │
│ MN#8.0  ┆ 4  ┆ Afra        ┆ Tais   ┆ Lina     ┆ Lisa-Marie  ┆ Jana    ┆ Sina        ┆ Edda  ┆ Julia  ┆ Maja*       ┆ Shelly  ┆   ┆ -0.0000 ┆ 1    ┆ 3/MN#7   │
│ MB#9.0  ┆ 0  ┆             ┆        ┆          ┆             ┆         ┆             ┆       ┆ Afra   ┆             ┆         ┆   ┆ -0.0000 ┆      ┆          │
│ MN#9.0  ┆ 6  ┆ Maja        ┆ Tais   ┆ Lina     ┆ Lisa-Marie  ┆ Sina*   ┆ Edda        ┆ Jana  ┆ Julia  ┆ Afra        ┆ Shelly  ┆   ┆ -0.0000 ┆ 1    ┆ 3/MN#3   │
│ MB#10.0 ┆ 1  ┆             ┆        ┆ Lina     ┆             ┆         ┆             ┆       ┆        ┆             ┆         ┆   ┆ -0.0000 ┆      ┆          │
│ MN#10.0 ┆ 7  ┆ Maja        ┆ Tais   ┆ Lina     ┆ Afra        ┆ Edda    ┆ Lisa-Marie  ┆ Jana  ┆ Julia  ┆ Sina*       ┆ Shelly  ┆   ┆ 0.5850  ┆ 1    ┆ 4/MN#6   │
│ MN#11.0 ┆ 10 ┆ Maja        ┆ Tais   ┆ Lina     ┆ Sina*       ┆ Afra*   ┆ Lisa-Marie  ┆ Jana  ┆ Julia  ┆ Edda*       ┆ Shelly  ┆   ┆ 1.0000  ┆ 3    ┆ 3/MN#10  │
╰─────────┴────┴─────────────┴────────┴──────────┴─────────────┴─────────┴─────────────┴───────┴────────┴─────────────┴─────────┴───┴─────────┴──────┴──────────╯
Total permutations: 199584000  Permutations left: 1  Initial combinations for each pair: 19958400

Ran in 70.62s
