╭──────────┬────────┬────────┬────────┬────────┬────────┬────────┬─────────┬────────┬────────┬────────┬────────╮
│          ┆ Barkin ┆  Burim ┆  Chris ┆  Deniz ┆  Joel  ┆   Ken  ┆ Kenneth ┆   Max  ┆ Pascal ┆  Sasa  ┆ Marwin │
╞══════════╪════════╪════════╪════════╪════════╪════════╪════════╪═════════╪════════╪════════╪════════╪════════╡
│[48;2;41;44;60m Aurelia  [49m┆[48;2;41;44;60m 10.000 [49m┆[48;2;41;44;60m 10.000 [49m┆[48;2;41;44;60m 10.000 [49m┆[48;2;41;44;60m 10.000 [49m┆[48;2;41;44;60m 10.000 [49m┆[48;2;41;44;60m 10.000 [49m┆[48;2;41;44;60m 10.000  [49m┆[48;2;41;44;60m 10.000 [49m┆[48;2;41;44;60m 10.000 [49m┆[48;2;41;44;60m 10.000 [49m┆[48;2;41;44;60m 10.000 [49m│
│ Carina   ┆ 10.000 ┆ 10.000 ┆ 10.000 ┆ 10.000 ┆ 10.000 ┆ 10.000 ┆ 10.000  ┆ 10.000 ┆ 10.000 ┆ 10.000 ┆ 10.000 │
│[48;2;41;44;60m Caro     [49m┆[48;2;41;44;60m 10.000 [49m┆[48;2;41;44;60m 10.000 [49m┆[48;2;41;44;60m 10.000 [49m┆[48;2;41;44;60m 10.000 [49m┆[48;2;41;44;60m 10.000 [49m┆[48;2;41;44;60m 10.000 [49m┆[48;2;41;44;60m 10.000  [49m┆[48;2;41;44;60m 10.000 [49m┆[48;2;41;44;60m 10.000 [49m┆[48;2;41;44;60m 10.000 [49m┆[48;2;41;44;60m 10.000 [49m│
│ Dorna    ┆ 10.000 ┆ 10.000 ┆ 10.000 ┆ 10.000 ┆ 10.000 ┆ 10.000 ┆ 10.000  ┆ 10.000 ┆ 10.000 ┆ 10.000 ┆ 10.000 │
│[48;2;41;44;60m Henna    [49m┆[48;2;41;44;60m 10.000 [49m┆[48;2;41;44;60m 10.000 [49m┆[48;2;41;44;60m 10.000 [49m┆[48;2;41;44;60m 10.000 [49m┆[48;2;41;44;60m 10.000 [49m┆[48;2;41;44;60m 10.000 [49m┆[48;2;41;44;60m 10.000  [49m┆[48;2;41;44;60m 10.000 [49m┆[48;2;41;44;60m 10.000 [49m┆[48;2;41;44;60m 10.000 [49m┆[48;2;41;44;60m 10.000 [49m│
│ Juliette ┆ 10.000 ┆ 10.000 ┆ 10.000 ┆ 10.000 ┆ 10.000 ┆ 10.000 ┆ 10.000  ┆ 10.000 ┆ 10.000 ┆ 10.000 ┆ 10.000 │
│[48;2;41;44;60m Larissa  [49m┆[48;2;41;44;60m 10.000 [49m┆[48;2;41;44;60m 10.000 [49m┆[48;2;41;44;60m 10.000 [49m┆[48;2;41;44;60m 10.000 [49m┆[48;2;41;44;60m 10.000 [49m┆[48;2;41;44;60m 10.000 [49m┆[48;2;41;44;60m 10.000  [49m┆[48;2;41;44;60m 10.000 [49m┆[48;2;41;44;60m 10.000 [49m┆[48;2;41;44;60m 10.000 [49m┆[48;2;41;44;60m 10.000 [49m│
│ Steffi   ┆ 10.000 ┆ 10.000 ┆ 10.000 ┆ 10.000 ┆ 10.000 ┆ 10.000 ┆ 10.000  ┆ 10.000 ┆ 10.000 ┆ 10.000 ┆ 10.000 │
│[48;2;41;44;60m Valeria  [49m┆[48;2;41;44;60m 10.000 [49m┆[48;2;41;44;60m 10.000 [49m┆[48;2;41;44;60m 10.000 [49m┆[48;2;41;44;60m 10.000 [49m┆[48;2;41;44;60m 10.000 [49m┆[48;2;41;44;60m 10.000 [49m┆[48;2;41;44;60m 10.000  [49m┆[48;2;41;44;60m 10.000 [49m┆[48;2;41;44;60m 10.000 [49m┆[48;2;41;44;60m 10.000 [49m┆[48;2;41;44;60m 10.000 [49m│
│ Vanessa  ┆ 10.000 ┆ 10.000 ┆ 10.000 ┆ 10.000 ┆ 10.000 ┆ 10.000 ┆ 10.000  ┆ 10.000 ┆ 10.000 ┆ 10.000 ┆ 10.000 │
╰──────────┴────────┴────────┴────────┴────────┴────────┴────────┴─────────┴────────┴────────┴────────┴────────╯
199584000 left -> 27.5724 bits left

MB#1.0 E02
Valeria -> Marwin
---
-> Pr[lights]: {0: 90.0%, 1: 10.0%}
0 lights => I = 0.1520 bits
╭──────────┬────────┬────────┬────────┬────────┬────────┬────────┬─────────┬────────┬────────┬────────┬────────╮
│          ┆ Barkin ┆  Burim ┆  Chris ┆  Deniz ┆  Joel  ┆   Ken  ┆ Kenneth ┆   Max  ┆ Pascal ┆  Sasa  ┆ Marwin │
╞══════════╪════════╪════════╪════════╪════════╪════════╪════════╪═════════╪════════╪════════╪════════╪════════╡
│[48;2;41;44;60m Aurelia  [49m┆[48;2;41;44;60m 9.899  [49m┆[48;2;41;44;60m 9.899  [49m┆[48;2;41;44;60m 9.899  [49m┆[48;2;41;44;60m 9.899  [49m┆[48;2;41;44;60m 9.899  [49m┆[48;2;41;44;60m 9.899  [49m┆[48;2;41;44;60m 9.899   [49m┆[48;2;41;44;60m 9.899  [49m┆[48;2;41;44;60m 9.899  [49m┆[48;2;41;44;60m 9.899  [49m┆[48;2;41;44;60m 11.111 [49m│
│ Carina   ┆ 9.899  ┆ 9.899  ┆ 9.899  ┆ 9.899  ┆ 9.899  ┆ 9.899  ┆ 9.899   ┆ 9.899  ┆ 9.899  ┆ 9.899  ┆ 11.111 │
│[48;2;41;44;60m Caro     [49m┆[48;2;41;44;60m 9.899  [49m┆[48;2;41;44;60m 9.899  [49m┆[48;2;41;44;60m 9.899  [49m┆[48;2;41;44;60m 9.899  [49m┆[48;2;41;44;60m 9.899  [49m┆[48;2;41;44;60m 9.899  [49m┆[48;2;41;44;60m 9.899   [49m┆[48;2;41;44;60m 9.899  [49m┆[48;2;41;44;60m 9.899  [49m┆[48;2;41;44;60m 9.899  [49m┆[48;2;41;44;60m 11.111 [49m│
│ Dorna    ┆ 9.899  ┆ 9.899  ┆ 9.899  ┆ 9.899  ┆ 9.899  ┆ 9.899  ┆ 9.899   ┆ 9.899  ┆ 9.899  ┆ 9.899  ┆ 11.111 │
│[48;2;41;44;60m Henna    [49m┆[48;2;41;44;60m 9.899  [49m┆[48;2;41;44;60m 9.899  [49m┆[48;2;41;44;60m 9.899  [49m┆[48;2;41;44;60m 9.899  [49m┆[48;2;41;44;60m 9.899  [49m┆[48;2;41;44;60m 9.899  [49m┆[48;2;41;44;60m 9.899   [49m┆[48;2;41;44;60m 9.899  [49m┆[48;2;41;44;60m 9.899  [49m┆[48;2;41;44;60m 9.899  [49m┆[48;2;41;44;60m 11.111 [49m│
│ Juliette ┆ 9.899  ┆ 9.899  ┆ 9.899  ┆ 9.899  ┆ 9.899  ┆ 9.899  ┆ 9.899   ┆ 9.899  ┆ 9.899  ┆ 9.899  ┆ 11.111 │
│[48;2;41;44;60m Larissa  [49m┆[48;2;41;44;60m 9.899  [49m┆[48;2;41;44;60m 9.899  [49m┆[48;2;41;44;60m 9.899  [49m┆[48;2;41;44;60m 9.899  [49m┆[48;2;41;44;60m 9.899  [49m┆[48;2;41;44;60m 9.899  [49m┆[48;2;41;44;60m 9.899   [49m┆[48;2;41;44;60m 9.899  [49m┆[48;2;41;44;60m 9.899  [49m┆[48;2;41;44;60m 9.899  [49m┆[48;2;41;44;60m 11.111 [49m│
│ Steffi   ┆ 9.899  ┆ 9.899  ┆ 9.899  ┆ 9.899  ┆ 9.899  ┆ 9.899  ┆ 9.899   ┆ 9.899  ┆ 9.899  ┆ 9.899  ┆ 11.111 │
│[48;2;41;44;60m Valeria  [49m┆[48;2;41;44;60m 10.909 [49m┆[48;2;41;44;60m 10.909 [49m┆[48;2;41;44;60m 10.909 [49m┆[48;2;41;44;60m 10.909 [49m┆[48;2;41;44;60m 10.909 [49m┆[48;2;41;44;60m 10.909 [49m┆[48;2;41;44;60m 10.909  [49m┆[48;2;41;44;60m 10.909 [49m┆[48;2;41;44;60m 10.909 [49m┆[48;2;41;44;60m 10.909 [49m┆[48;2;41;44;60m[38;5;9m 0.000  [49m[39m│
│ Vanessa  ┆ 9.899  ┆ 9.899  ┆ 9.899  ┆ 9.899  ┆ 9.899  ┆ 9.899  ┆ 9.899   ┆ 9.899  ┆ 9.899  ┆ 9.899  ┆ 11.111 │
╰──────────┴────────┴────────┴────────┴────────┴────────┴────────┴─────────┴────────┴────────┴────────┴────────╯
179625600 left -> 27.4204 bits left

MB#1.2 E03
Dorna -> Kenneth
---
-> Pr[lights]: {0: 90.1%, 1: 9.9%}
0 lights => I = 0.1504 bits
╭──────────┬────────┬────────┬────────┬────────┬────────┬────────┬─────────┬────────┬────────┬────────┬────────╮
│          ┆ Barkin ┆  Burim ┆  Chris ┆  Deniz ┆  Joel  ┆   Ken  ┆ Kenneth ┆   Max  ┆ Pascal ┆  Sasa  ┆ Marwin │
╞══════════╪════════╪════════╪════════╪════════╪════════╪════════╪═════════╪════════╪════════╪════════╪════════╡
│[48;2;41;44;60m Aurelia  [49m┆[48;2;41;44;60m 9.803  [49m┆[48;2;41;44;60m 9.803  [49m┆[48;2;41;44;60m 9.803  [49m┆[48;2;41;44;60m 9.803  [49m┆[48;2;41;44;60m 9.803  [49m┆[48;2;41;44;60m 9.803  [49m┆[48;2;41;44;60m 10.987  [49m┆[48;2;41;44;60m 9.803  [49m┆[48;2;41;44;60m 9.803  [49m┆[48;2;41;44;60m 9.803  [49m┆[48;2;41;44;60m 10.987 [49m│
│ Carina   ┆ 9.803  ┆ 9.803  ┆ 9.803  ┆ 9.803  ┆ 9.803  ┆ 9.803  ┆ 10.987  ┆ 9.803  ┆ 9.803  ┆ 9.803  ┆ 10.987 │
│[48;2;41;44;60m Caro     [49m┆[48;2;41;44;60m 9.803  [49m┆[48;2;41;44;60m 9.803  [49m┆[48;2;41;44;60m 9.803  [49m┆[48;2;41;44;60m 9.803  [49m┆[48;2;41;44;60m 9.803  [49m┆[48;2;41;44;60m 9.803  [49m┆[48;2;41;44;60m 10.987  [49m┆[48;2;41;44;60m 9.803  [49m┆[48;2;41;44;60m 9.803  [49m┆[48;2;41;44;60m 9.803  [49m┆[48;2;41;44;60m 10.987 [49m│
│ Dorna    ┆ 10.787 ┆ 10.787 ┆ 10.787 ┆ 10.787 ┆ 10.787 ┆ 10.787 ┆[38;5;9m 0.000   [39m┆ 10.787 ┆ 10.787 ┆ 10.787 ┆ 12.108 │
│[48;2;41;44;60m Henna    [49m┆[48;2;41;44;60m 9.803  [49m┆[48;2;41;44;60m 9.803  [49m┆[48;2;41;44;60m 9.803  [49m┆[48;2;41;44;60m 9.803  [49m┆[48;2;41;44;60m 9.803  [49m┆[48;2;41;44;60m 9.803  [49m┆[48;2;41;44;60m 10.987  [49m┆[48;2;41;44;60m 9.803  [49m┆[48;2;41;44;60m 9.803  [49m┆[48;2;41;44;60m 9.803  [49m┆[48;2;41;44;60m 10.987 [49m│
│ Juliette ┆ 9.803  ┆ 9.803  ┆ 9.803  ┆ 9.803  ┆ 9.803  ┆ 9.803  ┆ 10.987  ┆ 9.803  ┆ 9.803  ┆ 9.803  ┆ 10.987 │
│[48;2;41;44;60m Larissa  [49m┆[48;2;41;44;60m 9.803  [49m┆[48;2;41;44;60m 9.803  [49m┆[48;2;41;44;60m 9.803  [49m┆[48;2;41;44;60m 9.803  [49m┆[48;2;41;44;60m 9.803  [49m┆[48;2;41;44;60m 9.803  [49m┆[48;2;41;44;60m 10.987  [49m┆[48;2;41;44;60m 9.803  [49m┆[48;2;41;44;60m 9.803  [49m┆[48;2;41;44;60m 9.803  [49m┆[48;2;41;44;60m 10.987 [49m│
│ Steffi   ┆ 9.803  ┆ 9.803  ┆ 9.803  ┆ 9.803  ┆ 9.803  ┆ 9.803  ┆ 10.987  ┆ 9.803  ┆ 9.803  ┆ 9.803  ┆ 10.987 │
│[48;2;41;44;60m Valeria  [49m┆[48;2;41;44;60m 10.787 [49m┆[48;2;41;44;60m 10.787 [49m┆[48;2;41;44;60m 10.787 [49m┆[48;2;41;44;60m 10.787 [49m┆[48;2;41;44;60m 10.787 [49m┆[48;2;41;44;60m 10.787 [49m┆[48;2;41;44;60m 12.108  [49m┆[48;2;41;44;60m 10.787 [49m┆[48;2;41;44;60m 10.787 [49m┆[48;2;41;44;60m 10.787 [49m┆[48;2;41;44;60m[38;5;9m 0.000  [49m[39m│
│ Vanessa  ┆ 9.803  ┆ 9.803  ┆ 9.803  ┆ 9.803  ┆ 9.803  ┆ 9.803  ┆ 10.987  ┆ 9.803  ┆ 9.803  ┆ 9.803  ┆ 10.987 │
╰──────────┴────────┴────────┴────────┴────────┴────────┴────────┴─────────┴────────┴────────┴────────┴────────╯
161844480 left -> 27.2700 bits left

MN#1.0 E04
0x Valeria -> Max
0x Henna -> Kenneth
0x Vanessa -> Sasa
0x Juliette -> Burim
0x Caro -> Barkin
0x Carina -> Ken
0x Larissa -> Joel
0x Steffi -> Chris
0x Aurelia -> Deniz
0x Dorna -> Marwin
---
-> Pr[lights]: {0: 35.5%, 1: 37.1%, 2: 19.0%, 3: 6.4%, 4: 1.6%, 5: 0.3%, 6: 0.0%, 7: 0.0%, 8: 0.0%, 9: 0.0%, 10: 0.0%}
->  E[lights]: 1.025
3 lights => I = 3.9690 bits
╭──────────┬────────┬────────┬────────┬────────┬────────┬────────┬─────────┬────────┬────────┬────────┬────────╮
│          ┆ Barkin ┆  Burim ┆  Chris ┆  Deniz ┆  Joel  ┆   Ken  ┆ Kenneth ┆   Max  ┆ Pascal ┆  Sasa  ┆ Marwin │
╞══════════╪════════╪════════╪════════╪════════╪════════╪════════╪═════════╪════════╪════════╪════════╪════════╡
│[48;2;41;44;60m Aurelia  [49m┆[48;2;41;44;60m 7.842  [49m┆[48;2;41;44;60m 7.842  [49m┆[48;2;41;44;60m 7.842  [49m┆[48;2;41;44;60m 28.884 [49m┆[48;2;41;44;60m 7.842  [49m┆[48;2;41;44;60m 7.842  [49m┆[48;2;41;44;60m 8.450   [49m┆[48;2;41;44;60m 7.629  [49m┆[48;2;41;44;60m 9.908  [49m┆[48;2;41;44;60m 7.842  [49m┆[48;2;41;44;60m 8.205  [49m│
│ Carina   ┆ 7.842  ┆ 7.842  ┆ 7.842  ┆ 7.842  ┆ 7.842  ┆ 28.884 ┆ 8.450   ┆ 7.629  ┆ 9.908  ┆ 7.842  ┆ 8.205  │
│[48;2;41;44;60m Caro     [49m┆[48;2;41;44;60m 28.884 [49m┆[48;2;41;44;60m 7.842  [49m┆[48;2;41;44;60m 7.842  [49m┆[48;2;41;44;60m 7.842  [49m┆[48;2;41;44;60m 7.842  [49m┆[48;2;41;44;60m 7.842  [49m┆[48;2;41;44;60m 8.450   [49m┆[48;2;41;44;60m 7.629  [49m┆[48;2;41;44;60m 9.908  [49m┆[48;2;41;44;60m 7.842  [49m┆[48;2;41;44;60m 8.205  [49m│
│ Dorna    ┆ 8.095  ┆ 8.095  ┆ 8.095  ┆ 8.095  ┆ 8.095  ┆ 8.095  ┆[38;5;9m 0.000   [39m┆ 7.837  ┆ 10.352 ┆ 8.095  ┆ 34.625 │
│[48;2;41;44;60m Henna    [49m┆[48;2;41;44;60m 7.629  [49m┆[48;2;41;44;60m 7.629  [49m┆[48;2;41;44;60m 7.629  [49m┆[48;2;41;44;60m 7.629  [49m┆[48;2;41;44;60m 7.629  [49m┆[48;2;41;44;60m 7.629  [49m┆[48;2;41;44;60m 31.849  [49m┆[48;2;41;44;60m 7.420  [49m┆[48;2;41;44;60m 9.677  [49m┆[48;2;41;44;60m 7.629  [49m┆[48;2;41;44;60m 7.942  [49m│
│ Juliette ┆ 7.842  ┆ 28.884 ┆ 7.842  ┆ 7.842  ┆ 7.842  ┆ 7.842  ┆ 8.450   ┆ 7.629  ┆ 9.908  ┆ 7.842  ┆ 8.205  │
│[48;2;41;44;60m Larissa  [49m┆[48;2;41;44;60m 7.842  [49m┆[48;2;41;44;60m 7.842  [49m┆[48;2;41;44;60m 7.842  [49m┆[48;2;41;44;60m 7.842  [49m┆[48;2;41;44;60m 28.884 [49m┆[48;2;41;44;60m 7.842  [49m┆[48;2;41;44;60m 8.450   [49m┆[48;2;41;44;60m 7.629  [49m┆[48;2;41;44;60m 9.908  [49m┆[48;2;41;44;60m 7.842  [49m┆[48;2;41;44;60m 8.205  [49m│
│ Steffi   ┆ 7.842  ┆ 7.842  ┆ 28.884 ┆ 7.842  ┆ 7.842  ┆ 7.842  ┆ 8.450   ┆ 7.629  ┆ 9.908  ┆ 7.842  ┆ 8.205  │
│[48;2;41;44;60m Valeria  [49m┆[48;2;41;44;60m 8.340  [49m┆[48;2;41;44;60m 8.340  [49m┆[48;2;41;44;60m 8.340  [49m┆[48;2;41;44;60m 8.340  [49m┆[48;2;41;44;60m 8.340  [49m┆[48;2;41;44;60m 8.340  [49m┆[48;2;41;44;60m 9.003   [49m┆[48;2;41;44;60m 31.337 [49m┆[48;2;41;44;60m 10.618 [49m┆[48;2;41;44;60m 8.340  [49m┆[48;2;41;44;60m[38;5;9m 0.000  [49m[39m│
│ Vanessa  ┆ 7.842  ┆ 7.842  ┆ 7.842  ┆ 7.842  ┆ 7.842  ┆ 7.842  ┆ 8.450   ┆ 7.629  ┆ 9.908  ┆ 28.884 ┆ 8.205  │
╰──────────┴────────┴────────┴────────┴────────┴────────┴────────┴─────────┴────────┴────────┴────────┴────────╯
10334811 left -> 23.3010 bits left

MB#2.0 E05
Carina -> Burim
---
-> Pr[lights]: {0: 92.2%, 1: 7.8%}
0 lights => I = 0.1178 bits
╭──────────┬────────┬────────┬────────┬────────┬────────┬────────┬─────────┬────────┬────────┬────────┬────────╮
│          ┆ Barkin ┆  Burim ┆  Chris ┆  Deniz ┆  Joel  ┆   Ken  ┆ Kenneth ┆   Max  ┆ Pascal ┆  Sasa  ┆ Marwin │
╞══════════╪════════╪════════╪════════╪════════╪════════╪════════╪═════════╪════════╪════════╪════════╪════════╡
│[48;2;41;44;60m Aurelia  [49m┆[48;2;41;44;60m 7.861  [49m┆[48;2;41;44;60m 8.509  [49m┆[48;2;41;44;60m 7.861  [49m┆[48;2;41;44;60m 28.360 [49m┆[48;2;41;44;60m 7.861  [49m┆[48;2;41;44;60m 7.651  [49m┆[48;2;41;44;60m 8.479   [49m┆[48;2;41;44;60m 7.656  [49m┆[48;2;41;44;60m 9.853  [49m┆[48;2;41;44;60m 7.861  [49m┆[48;2;41;44;60m 8.244  [49m│
│ Carina   ┆ 8.392  ┆[38;5;9m 0.000  [39m┆ 8.392  ┆ 8.392  ┆ 8.392  ┆ 30.826 ┆ 9.044   ┆ 8.166  ┆ 10.594 ┆ 8.392  ┆ 8.783  │
│[48;2;41;44;60m Caro     [49m┆[48;2;41;44;60m 28.360 [49m┆[48;2;41;44;60m 8.509  [49m┆[48;2;41;44;60m 7.861  [49m┆[48;2;41;44;60m 7.861  [49m┆[48;2;41;44;60m 7.861  [49m┆[48;2;41;44;60m 7.651  [49m┆[48;2;41;44;60m 8.479   [49m┆[48;2;41;44;60m 7.656  [49m┆[48;2;41;44;60m 9.853  [49m┆[48;2;41;44;60m 7.861  [49m┆[48;2;41;44;60m 8.244  [49m│
│ Dorna    ┆ 8.131  ┆ 8.783  ┆ 8.131  ┆ 8.131  ┆ 8.131  ┆ 7.905  ┆[38;5;9m 0.000   [39m┆ 7.886  ┆ 10.312 ┆ 8.131  ┆ 33.993 │
│[48;2;41;44;60m Henna    [49m┆[48;2;41;44;60m 7.656  [49m┆[48;2;41;44;60m 8.279  [49m┆[48;2;41;44;60m 7.656  [49m┆[48;2;41;44;60m 7.656  [49m┆[48;2;41;44;60m 7.656  [49m┆[48;2;41;44;60m 7.450  [49m┆[48;2;41;44;60m 31.271  [49m┆[48;2;41;44;60m 7.453  [49m┆[48;2;41;44;60m 9.634  [49m┆[48;2;41;44;60m 7.656  [49m┆[48;2;41;44;60m 7.993  [49m│
│ Juliette ┆ 7.651  ┆ 31.342 ┆ 7.651  ┆ 7.651  ┆ 7.651  ┆ 7.430  ┆ 8.244   ┆ 7.450  ┆ 9.631  ┆ 7.651  ┆ 8.013  │
│[48;2;41;44;60m Larissa  [49m┆[48;2;41;44;60m 7.861  [49m┆[48;2;41;44;60m 8.509  [49m┆[48;2;41;44;60m 7.861  [49m┆[48;2;41;44;60m 7.861  [49m┆[48;2;41;44;60m 28.360 [49m┆[48;2;41;44;60m 7.651  [49m┆[48;2;41;44;60m 8.479   [49m┆[48;2;41;44;60m 7.656  [49m┆[48;2;41;44;60m 9.853  [49m┆[48;2;41;44;60m 7.861  [49m┆[48;2;41;44;60m 8.244  [49m│
│ Steffi   ┆ 7.861  ┆ 8.509  ┆ 28.360 ┆ 7.861  ┆ 7.861  ┆ 7.651  ┆ 8.479   ┆ 7.656  ┆ 9.853  ┆ 7.861  ┆ 8.244  │
│[48;2;41;44;60m Valeria  [49m┆[48;2;41;44;60m 8.367  [49m┆[48;2;41;44;60m 9.049  [49m┆[48;2;41;44;60m 8.367  [49m┆[48;2;41;44;60m 8.367  [49m┆[48;2;41;44;60m 8.367  [49m┆[48;2;41;44;60m 8.136  [49m┆[48;2;41;44;60m 9.044   [49m┆[48;2;41;44;60m 30.767 [49m┆[48;2;41;44;60m 10.565 [49m┆[48;2;41;44;60m 8.367  [49m┆[48;2;41;44;60m[38;5;9m 0.000  [49m[39m│
│ Vanessa  ┆ 7.861  ┆ 8.509  ┆ 7.861  ┆ 7.861  ┆ 7.861  ┆ 7.651  ┆ 8.479   ┆ 7.656  ┆ 9.853  ┆ 28.360 ┆ 8.244  │
╰──────────┴────────┴────────┴────────┴────────┴────────┴────────┴─────────┴────────┴────────┴────────┴────────╯
9524347 left -> 23.1832 bits left

MN#2.0 E06
1x Larissa -> Joel
1x Vanessa -> Sasa
0x Caro -> Max
0x Juliette -> Barkin
0x Valeria -> Pascal
1x Dorna -> Marwin
0x Aurelia -> Burim
1x Henna -> Kenneth
1x Carina -> Ken
1x Steffi -> Chris
---
-> Pr[lights]: {0: 3.0%, 1: 24.6%, 2: 38.8%, 3: 23.3%, 4: 8.1%, 5: 1.9%, 6: 0.3%, 7: 0.0%}
->  E[lights]: 2.156
3 lights => I = 2.0992 bits
╭──────────┬────────┬────────┬────────┬────────┬────────┬────────┬─────────┬────────┬────────┬────────┬────────╮
│          ┆ Barkin ┆  Burim ┆  Chris ┆  Deniz ┆  Joel  ┆   Ken  ┆ Kenneth ┆   Max  ┆ Pascal ┆  Sasa  ┆ Marwin │
╞══════════╪════════╪════════╪════════╪════════╪════════╪════════╪═════════╪════════╪════════╪════════╪════════╡
│[48;2;41;44;60m Aurelia  [49m┆[48;2;41;44;60m 10.652 [49m┆[48;2;41;44;60m 15.865 [49m┆[48;2;41;44;60m 7.517  [49m┆[48;2;41;44;60m 17.200 [49m┆[48;2;41;44;60m 7.517  [49m┆[48;2;41;44;60m 7.199  [49m┆[48;2;41;44;60m 7.917   [49m┆[48;2;41;44;60m 10.633 [49m┆[48;2;41;44;60m 9.806  [49m┆[48;2;41;44;60m 7.517  [49m┆[48;2;41;44;60m 7.738  [49m│
│ Carina   ┆ 9.044  ┆[38;5;9m 0.000  [39m┆ 6.634  ┆ 8.999  ┆ 6.634  ┆ 40.692 ┆ 6.904   ┆ 8.581  ┆ 8.875  ┆ 6.634  ┆ 6.766  │
│[48;2;41;44;60m Caro     [49m┆[48;2;41;44;60m 13.667 [49m┆[48;2;41;44;60m 12.634 [49m┆[48;2;41;44;60m 7.919  [49m┆[48;2;41;44;60m 10.798 [49m┆[48;2;41;44;60m 7.919  [49m┆[48;2;41;44;60m 7.536  [49m┆[48;2;41;44;60m 8.347   [49m┆[48;2;41;44;60m 14.159 [49m┆[48;2;41;44;60m 10.246 [49m┆[48;2;41;44;60m 7.919  [49m┆[48;2;41;44;60m 8.113  [49m│
│ Dorna    ┆ 8.502  ┆ 8.645  ┆ 6.160  ┆ 8.489  ┆ 6.160  ┆ 5.866  ┆[38;5;9m 0.000   [39m┆ 7.924  ┆ 8.322  ┆ 6.160  ┆ 43.967 │
│[48;2;41;44;60m Henna    [49m┆[48;2;41;44;60m 8.199  [49m┆[48;2;41;44;60m 8.422  [49m┆[48;2;41;44;60m 6.011  [49m┆[48;2;41;44;60m 8.161  [49m┆[48;2;41;44;60m 6.011  [49m┆[48;2;41;44;60m 5.733  [49m┆[48;2;41;44;60m 40.616  [49m┆[48;2;41;44;60m 7.661  [49m┆[48;2;41;44;60m 8.019  [49m┆[48;2;41;44;60m 6.011  [49m┆[48;2;41;44;60m 6.057  [49m│
│ Juliette ┆ 13.254 ┆ 15.748 ┆ 7.880  ┆ 10.430 ┆ 7.880  ┆ 7.548  ┆ 8.294   ┆ 11.492 ┆ 10.730 ┆ 7.880  ┆ 8.187  │
│[48;2;41;44;60m Larissa  [49m┆[48;2;41;44;60m 8.488  [49m┆[48;2;41;44;60m 8.721  [49m┆[48;2;41;44;60m 6.254  [49m┆[48;2;41;44;60m 8.445  [49m┆[48;2;41;44;60m 37.447 [49m┆[48;2;41;44;60m 5.965  [49m┆[48;2;41;44;60m 6.519   [49m┆[48;2;41;44;60m 7.927  [49m┆[48;2;41;44;60m 8.298  [49m┆[48;2;41;44;60m 6.254  [49m┆[48;2;41;44;60m 6.391  [49m│
│ Steffi   ┆ 8.488  ┆ 8.721  ┆ 37.447 ┆ 8.445  ┆ 6.254  ┆ 5.965  ┆ 6.519   ┆ 7.927  ┆ 8.298  ┆ 6.254  ┆ 6.391  │
│[48;2;41;44;60m Valeria  [49m┆[48;2;41;44;60m 11.219 [49m┆[48;2;41;44;60m 12.523 [49m┆[48;2;41;44;60m 7.925  [49m┆[48;2;41;44;60m 10.586 [49m┆[48;2;41;44;60m 7.925  [49m┆[48;2;41;44;60m 7.531  [49m┆[48;2;41;44;60m 8.366   [49m┆[48;2;41;44;60m 15.770 [49m┆[48;2;41;44;60m 19.108 [49m┆[48;2;41;44;60m 7.925  [49m┆[48;2;41;44;60m[38;5;9m 0.000  [49m[39m│
│ Vanessa  ┆ 8.488  ┆ 8.721  ┆ 6.254  ┆ 8.445  ┆ 6.254  ┆ 5.965  ┆ 6.519   ┆ 7.927  ┆ 8.298  ┆ 37.447 ┆ 6.391  │
╰──────────┴────────┴────────┴────────┴────────┴────────┴────────┴─────────┴────────┴────────┴────────┴────────╯
2222851 left -> 21.0840 bits left

MB#3.0 E07
Steffi -> Chris
---
-> Pr[lights]: {0: 62.6%, 1: 37.4%}
1 lights => I = 1.6817 bits
╭──────────┬────────┬────────┬─────────┬────────┬────────┬────────┬─────────┬────────┬────────┬────────┬────────╮
│          ┆ Barkin ┆  Burim ┆  Chris  ┆  Deniz ┆  Joel  ┆   Ken  ┆ Kenneth ┆   Max  ┆ Pascal ┆  Sasa  ┆ Marwin │
╞══════════╪════════╪════════╪═════════╪════════╪════════╪════════╪═════════╪════════╪════════╪════════╪════════╡
│[48;2;41;44;60m Aurelia  [49m┆[48;2;41;44;60m 12.277 [49m┆[48;2;41;44;60m 13.471 [49m┆[48;2;41;44;60m[38;5;9m 0.000   [49m[39m┆[48;2;41;44;60m 13.970 [49m┆[48;2;41;44;60m 9.332  [49m┆[48;2;41;44;60m 9.065  [49m┆[48;2;41;44;60m 10.081  [49m┆[48;2;41;44;60m 12.324 [49m┆[48;2;41;44;60m 11.072 [49m┆[48;2;41;44;60m 9.332  [49m┆[48;2;41;44;60m 9.906  [49m│
│ Carina   ┆ 11.130 ┆[38;5;9m 0.000  [39m┆[38;5;9m 0.000   [39m┆ 10.751 ┆ 9.111  ┆ 30.049 ┆ 9.737   ┆ 10.729 ┆ 10.625 ┆ 9.111  ┆ 9.546  │
│[48;2;41;44;60m Caro     [49m┆[48;2;41;44;60m 11.406 [49m┆[48;2;41;44;60m 14.642 [49m┆[48;2;41;44;60m[38;5;9m 0.000   [49m[39m┆[48;2;41;44;60m 11.869 [49m┆[48;2;41;44;60m 9.720  [49m┆[48;2;41;44;60m 9.389  [49m┆[48;2;41;44;60m 10.514  [49m┆[48;2;41;44;60m 11.613 [49m┆[48;2;41;44;60m 11.397 [49m┆[48;2;41;44;60m 9.720  [49m┆[48;2;41;44;60m 10.257 [49m│
│ Dorna    ┆ 10.579 ┆ 11.139 ┆[38;5;9m 0.000   [39m┆ 10.290 ┆ 8.593  ┆ 8.292  ┆[38;5;9m 0.000   [39m┆ 10.007 ┆ 10.141 ┆ 8.593  ┆ 33.613 │
│[48;2;41;44;60m Henna    [49m┆[48;2;41;44;60m 9.966  [49m┆[48;2;41;44;60m 10.606 [49m┆[48;2;41;44;60m[38;5;9m 0.000   [49m[39m┆[48;2;41;44;60m 9.650  [49m┆[48;2;41;44;60m 8.137  [49m┆[48;2;41;44;60m 7.869  [49m┆[48;2;41;44;60m 30.333  [49m┆[48;2;41;44;60m 9.438  [49m┆[48;2;41;44;60m 9.494  [49m┆[48;2;41;44;60m 8.137  [49m┆[48;2;41;44;60m 8.565  [49m│
│ Juliette ┆ 11.028 ┆ 13.212 ┆[38;5;9m 0.000   [39m┆ 11.614 ┆ 9.711  ┆ 9.434  ┆ 10.481  ┆ 13.086 ┆ 11.905 ┆ 9.711  ┆ 10.401 │
│[48;2;41;44;60m Larissa  [49m┆[48;2;41;44;60m 10.240 [49m┆[48;2;41;44;60m 10.916 [49m┆[48;2;41;44;60m[38;5;9m 0.000   [49m[39m┆[48;2;41;44;60m 9.903  [49m┆[48;2;41;44;60m 27.009 [49m┆[48;2;41;44;60m 8.154  [49m┆[48;2;41;44;60m 9.024   [49m┆[48;2;41;44;60m 9.702  [49m┆[48;2;41;44;60m 9.745  [49m┆[48;2;41;44;60m 8.417  [49m┆[48;2;41;44;60m 8.856  [49m│
│ Steffi   ┆[38;5;9m 0.000  [39m┆[38;5;9m 0.000  [39m┆[38;5;10m 100.000 [39m┆[38;5;9m 0.000  [39m┆[38;5;9m 0.000  [39m┆[38;5;9m 0.000  [39m┆[38;5;9m 0.000   [39m┆[38;5;9m 0.000  [39m┆[38;5;9m 0.000  [39m┆[38;5;9m 0.000  [39m┆[38;5;9m 0.000  [39m│
│[48;2;41;44;60m Valeria  [49m┆[48;2;41;44;60m 13.135 [49m┆[48;2;41;44;60m 15.098 [49m┆[48;2;41;44;60m[38;5;9m 0.000   [49m[39m┆[48;2;41;44;60m 12.050 [49m┆[48;2;41;44;60m 9.970  [49m┆[48;2;41;44;60m 9.593  [49m┆[48;2;41;44;60m 10.806  [49m┆[48;2;41;44;60m 13.400 [49m┆[48;2;41;44;60m 15.875 [49m┆[48;2;41;44;60m 9.970  [49m┆[48;2;41;44;60m[38;5;9m 0.000  [49m[39m│
│ Vanessa  ┆ 10.240 ┆ 10.916 ┆[38;5;9m 0.000   [39m┆ 9.903  ┆ 8.417  ┆ 8.154  ┆ 9.024   ┆ 9.702  ┆ 9.745  ┆ 27.009 ┆ 8.856  │
╰──────────┴────────┴────────┴─────────┴────────┴────────┴────────┴─────────┴────────┴────────┴────────┴────────╯
692891 left -> 19.4023 bits left

MN#3.0 E08
1x Valeria -> Max
0x Henna -> Ken
2x Steffi -> Chris
0x Caro -> Pascal
0x Carina -> Sasa
1x Juliette -> Barkin
2x Larissa -> Joel
0x Vanessa -> Marwin
0x Dorna -> Deniz
0x Aurelia -> Kenneth
---
-> Pr[lights]: {1: 34.7%, 2: 35.6%, 3: 19.4%, 4: 7.4%, 5: 2.2%, 6: 0.5%, 7: 0.1%, 8: 0.0%, 9: 0.0%, 10: 0.0%}
->  E[lights]: 2.090
2 lights => I = 1.4911 bits
╭──────────┬────────┬────────┬─────────┬────────┬────────┬────────┬─────────┬────────┬────────┬────────┬────────╮
│          ┆ Barkin ┆  Burim ┆  Chris  ┆  Deniz ┆  Joel  ┆   Ken  ┆ Kenneth ┆   Max  ┆ Pascal ┆  Sasa  ┆ Marwin │
╞══════════╪════════╪════════╪═════════╪════════╪════════╪════════╪═════════╪════════╪════════╪════════╪════════╡
│[48;2;41;44;60m Aurelia  [49m┆[48;2;41;44;60m 12.874 [49m┆[48;2;41;44;60m 14.738 [49m┆[48;2;41;44;60m[38;5;9m 0.000   [49m[39m┆[48;2;41;44;60m 14.570 [49m┆[48;2;41;44;60m 7.826  [49m┆[48;2;41;44;60m 8.872  [49m┆[48;2;41;44;60m 9.752   [49m┆[48;2;41;44;60m 12.926 [49m┆[48;2;41;44;60m 10.154 [49m┆[48;2;41;44;60m 9.193  [49m┆[48;2;41;44;60m 10.036 [49m│
│ Carina   ┆ 11.813 ┆[38;5;9m 0.000  [39m┆[38;5;9m 0.000   [39m┆ 10.790 ┆ 8.396  ┆ 29.689 ┆ 9.865   ┆ 11.538 ┆ 10.952 ┆ 7.836  ┆ 9.854  │
│[48;2;41;44;60m Caro     [49m┆[48;2;41;44;60m 11.575 [49m┆[48;2;41;44;60m 14.095 [49m┆[48;2;41;44;60m[38;5;9m 0.000   [49m[39m┆[48;2;41;44;60m 11.643 [49m┆[48;2;41;44;60m 8.990  [49m┆[48;2;41;44;60m 9.910  [49m┆[48;2;41;44;60m 10.701  [49m┆[48;2;41;44;60m 11.518 [49m┆[48;2;41;44;60m 10.846 [49m┆[48;2;41;44;60m 10.141 [49m┆[48;2;41;44;60m 11.032 [49m│
│ Dorna    ┆ 11.389 ┆ 10.820 ┆[38;5;9m 0.000   [39m┆ 9.566  ┆ 7.879  ┆ 8.480  ┆[38;5;9m 0.000   [39m┆ 10.720 ┆ 10.501 ┆ 8.863  ┆ 33.049 │
│[48;2;41;44;60m Henna    [49m┆[48;2;41;44;60m 10.623 [49m┆[48;2;41;44;60m 10.344 [49m┆[48;2;41;44;60m[38;5;9m 0.000   [49m[39m┆[48;2;41;44;60m 9.730  [49m┆[48;2;41;44;60m 7.659  [49m┆[48;2;41;44;60m 6.645  [49m┆[48;2;41;44;60m 29.482  [49m┆[48;2;41;44;60m 10.209 [49m┆[48;2;41;44;60m 9.961  [49m┆[48;2;41;44;60m 8.290  [49m┆[48;2;41;44;60m 9.055  [49m│
│ Juliette ┆ 6.878  ┆ 13.787 ┆[38;5;9m 0.000   [39m┆ 12.237 ┆ 9.553  ┆ 9.892  ┆ 11.032  ┆ 13.533 ┆ 12.292 ┆ 10.180 ┆ 10.993 │
│[48;2;41;44;60m Larissa  [49m┆[48;2;41;44;60m 10.359 [49m┆[48;2;41;44;60m 9.849  [49m┆[48;2;41;44;60m[38;5;9m 0.000   [49m[39m┆[48;2;41;44;60m 9.061  [49m┆[48;2;41;44;60m 31.880 [49m┆[48;2;41;44;60m 7.755  [49m┆[48;2;41;44;60m 8.330   [49m┆[48;2;41;44;60m 9.913  [49m┆[48;2;41;44;60m 9.183  [49m┆[48;2;41;44;60m 7.943  [49m┆[48;2;41;44;60m 8.547  [49m│
│ Steffi   ┆[38;5;9m 0.000  [39m┆[38;5;9m 0.000  [39m┆[38;5;10m 100.000 [39m┆[38;5;9m 0.000  [39m┆[38;5;9m 0.000  [39m┆[38;5;9m 0.000  [39m┆[38;5;9m 0.000   [39m┆[38;5;9m 0.000  [39m┆[38;5;9m 0.000  [39m┆[38;5;9m 0.000  [39m┆[38;5;9m 0.000  [39m│
│[48;2;41;44;60m Valeria  [49m┆[48;2;41;44;60m 13.625 [49m┆[48;2;41;44;60m 15.716 [49m┆[48;2;41;44;60m[38;5;9m 0.000   [49m[39m┆[48;2;41;44;60m 12.477 [49m┆[48;2;41;44;60m 9.952  [49m┆[48;2;41;44;60m 10.328 [49m┆[48;2;41;44;60m 11.635  [49m┆[48;2;41;44;60m 9.163  [49m┆[48;2;41;44;60m 15.963 [49m┆[48;2;41;44;60m 10.749 [49m┆[48;2;41;44;60m[38;5;9m 0.000  [49m[39m│
│ Vanessa  ┆ 10.864 ┆ 10.649 ┆[38;5;9m 0.000   [39m┆ 9.927  ┆ 7.865  ┆ 8.428  ┆ 9.202   ┆ 10.481 ┆ 10.148 ┆ 26.804 ┆ 7.434  │
╰──────────┴────────┴────────┴─────────┴────────┴────────┴────────┴─────────┴────────┴────────┴────────┴────────╯
246493 left -> 17.9112 bits left

MB#4.0 E09
Valeria -> Max
---
-> Pr[lights]: {0: 90.8%, 1: 9.2%}
0 lights => I = 0.1387 bits
╭──────────┬────────┬────────┬─────────┬────────┬────────┬────────┬─────────┬────────┬────────┬────────┬────────╮
│          ┆ Barkin ┆  Burim ┆  Chris  ┆  Deniz ┆  Joel  ┆   Ken  ┆ Kenneth ┆   Max  ┆ Pascal ┆  Sasa  ┆ Marwin │
╞══════════╪════════╪════════╪═════════╪════════╪════════╪════════╪═════════╪════════╪════════╪════════╪════════╡
│[48;2;41;44;60m Aurelia  [49m┆[48;2;41;44;60m 13.626 [49m┆[48;2;41;44;60m 7.159  [49m┆[48;2;41;44;60m[38;5;9m 0.000   [49m[39m┆[48;2;41;44;60m 16.040 [49m┆[48;2;41;44;60m 8.160  [49m┆[48;2;41;44;60m 9.355  [49m┆[48;2;41;44;60m 10.736  [49m┆[48;2;41;44;60m 14.230 [49m┆[48;2;41;44;60m 10.922 [49m┆[48;2;41;44;60m 9.700  [49m┆[48;2;41;44;60m 10.644 [49m│
│ Carina   ┆ 11.185 ┆[38;5;9m 0.000  [39m┆[38;5;9m 0.000   [39m┆ 10.326 ┆ 7.756  ┆ 30.337 ┆ 9.596   ┆ 12.702 ┆ 10.644 ┆ 8.627  ┆ 9.694  │
│[48;2;41;44;60m Caro     [49m┆[48;2;41;44;60m 12.696 [49m┆[48;2;41;44;60m 15.306 [49m┆[48;2;41;44;60m[38;5;9m 0.000   [49m[39m┆[48;2;41;44;60m 10.905 [49m┆[48;2;41;44;60m 8.113  [49m┆[48;2;41;44;60m 9.219  [49m┆[48;2;41;44;60m 10.006  [49m┆[48;2;41;44;60m 12.679 [49m┆[48;2;41;44;60m 11.940 [49m┆[48;2;41;44;60m 9.471  [49m┆[48;2;41;44;60m 10.472 [49m│
│ Dorna    ┆ 10.508 ┆ 11.683 ┆[38;5;9m 0.000   [39m┆ 10.531 ┆ 7.031  ┆ 8.057  ┆[38;5;9m 0.000   [39m┆ 11.802 ┆ 9.972  ┆ 8.449  ┆ 33.538 │
│[48;2;41;44;60m Henna    [49m┆[48;2;41;44;60m 9.953  [49m┆[48;2;41;44;60m 11.205 [49m┆[48;2;41;44;60m[38;5;9m 0.000   [49m[39m┆[48;2;41;44;60m 9.210  [49m┆[48;2;41;44;60m 7.003  [49m┆[48;2;41;44;60m 7.315  [49m┆[48;2;41;44;60m 29.934  [49m┆[48;2;41;44;60m 11.239 [49m┆[48;2;41;44;60m 9.579  [49m┆[48;2;41;44;60m 7.958  [49m┆[48;2;41;44;60m 8.855  [49m│
│ Juliette ┆ 7.571  ┆ 15.178 ┆[38;5;9m 0.000   [39m┆ 11.750 ┆ 8.918  ┆ 9.385  ┆ 10.558  ┆ 14.898 ┆ 12.026 ┆ 9.698  ┆ 10.616 │
│[48;2;41;44;60m Larissa  [49m┆[48;2;41;44;60m 9.557  [49m┆[48;2;41;44;60m 10.635 [49m┆[48;2;41;44;60m[38;5;9m 0.000   [49m[39m┆[48;2;41;44;60m 8.343  [49m┆[48;2;41;44;60m 35.096 [49m┆[48;2;41;44;60m 7.106  [49m┆[48;2;41;44;60m 7.670   [49m┆[48;2;41;44;60m 10.913 [49m┆[48;2;41;44;60m 8.638  [49m┆[48;2;41;44;60m 7.308  [49m┆[48;2;41;44;60m 7.997  [49m│
│ Steffi   ┆[38;5;9m 0.000  [39m┆[38;5;9m 0.000  [39m┆[38;5;10m 100.000 [39m┆[38;5;9m 0.000  [39m┆[38;5;9m 0.000  [39m┆[38;5;9m 0.000  [39m┆[38;5;9m 0.000   [39m┆[38;5;9m 0.000  [39m┆[38;5;9m 0.000  [39m┆[38;5;9m 0.000  [39m┆[38;5;9m 0.000  [39m│
│[48;2;41;44;60m Valeria  [49m┆[48;2;41;44;60m 14.701 [49m┆[48;2;41;44;60m 17.302 [49m┆[48;2;41;44;60m[38;5;9m 0.000   [49m[39m┆[48;2;41;44;60m 13.483 [49m┆[48;2;41;44;60m 10.708 [49m┆[48;2;41;44;60m 11.144 [49m┆[48;2;41;44;60m 12.582  [49m┆[48;2;41;44;60m[38;5;9m 0.000  [49m[39m┆[48;2;41;44;60m 16.504 [49m┆[48;2;41;44;60m 11.607 [49m┆[48;2;41;44;60m[38;5;9m 0.000  [49m[39m│
│ Vanessa  ┆ 10.202 ┆ 11.532 ┆[38;5;9m 0.000   [39m┆ 9.412  ┆ 7.216  ┆ 8.082  ┆ 8.918   ┆ 11.538 ┆ 9.776  ┆ 27.181 ┆ 8.184  │
╰──────────┴────────┴────────┴─────────┴────────┴────────┴────────┴─────────┴────────┴────────┴────────┴────────╯
223906 left -> 17.7725 bits left

MN#4.0 E10
0x Dorna -> Burim
0x Aurelia -> Marwin
1x Caro -> Max
1x Henna -> Ken
3x Steffi -> Chris
0x Valeria -> Joel
2x Vanessa -> Sasa
0x Juliette -> Kenneth
0x Carina -> Pascal
0x Larissa -> Deniz
---
-> Pr[lights]: {1: 33.0%, 2: 36.9%, 3: 20.4%, 4: 7.3%, 5: 1.9%, 6: 0.4%, 7: 0.1%, 8: 0.0%, 9: 0.0%, 10: 0.0%}
->  E[lights]: 2.098
3 lights => I = 2.2963 bits
╭──────────┬────────┬────────┬─────────┬────────┬────────┬────────┬─────────┬────────┬────────┬────────┬────────╮
│          ┆ Barkin ┆  Burim ┆  Chris  ┆  Deniz ┆  Joel  ┆   Ken  ┆ Kenneth ┆   Max  ┆ Pascal ┆  Sasa  ┆ Marwin │
╞══════════╪════════╪════════╪═════════╪════════╪════════╪════════╪═════════╪════════╪════════╪════════╪════════╡
│[48;2;41;44;60m Aurelia  [49m┆[48;2;41;44;60m 12.711 [49m┆[48;2;41;44;60m 5.737  [49m┆[48;2;41;44;60m[38;5;9m 0.000   [49m[39m┆[48;2;41;44;60m 15.986 [49m┆[48;2;41;44;60m 7.825  [49m┆[48;2;41;44;60m 8.872  [49m┆[48;2;41;44;60m 12.070  [49m┆[48;2;41;44;60m 12.382 [49m┆[48;2;41;44;60m 9.293  [49m┆[48;2;41;44;60m 5.732  [49m┆[48;2;41;44;60m 20.100 [49m│
│ Carina   ┆ 11.972 ┆[38;5;9m 0.000  [39m┆[38;5;9m 0.000   [39m┆ 9.626  ┆ 8.361  ┆ 24.807 ┆ 9.802   ┆ 11.349 ┆ 18.985 ┆ 6.092  ┆ 9.433  │
│[48;2;41;44;60m Caro     [49m┆[48;2;41;44;60m 11.759 [49m┆[48;2;41;44;60m 13.402 [49m┆[48;2;41;44;60m[38;5;9m 0.000   [49m[39m┆[48;2;41;44;60m 9.723  [49m┆[48;2;41;44;60m 6.838  [49m┆[48;2;41;44;60m 8.832  [49m┆[48;2;41;44;60m 8.823   [49m┆[48;2;41;44;60m 22.717 [49m┆[48;2;41;44;60m 13.472 [49m┆[48;2;41;44;60m 6.287  [49m┆[48;2;41;44;60m 9.365  [49m│
│ Dorna    ┆ 10.835 ┆ 21.909 ┆[38;5;9m 0.000   [39m┆ 11.965 ┆ 6.799  ┆ 8.681  ┆[38;5;9m 0.000   [39m┆ 10.416 ┆ 9.025  ┆ 5.517  ┆ 26.359 │
│[48;2;41;44;60m Henna    [49m┆[48;2;41;44;60m 10.899 [49m┆[48;2;41;44;60m 10.627 [49m┆[48;2;41;44;60m[38;5;9m 0.000   [49m[39m┆[48;2;41;44;60m 8.839  [49m┆[48;2;41;44;60m 7.220  [49m┆[48;2;41;44;60m 12.954 [49m┆[48;2;41;44;60m 23.956  [49m┆[48;2;41;44;60m 11.103 [49m┆[48;2;41;44;60m 10.616 [49m┆[48;2;41;44;60m 6.000  [49m┆[48;2;41;44;60m 9.319  [49m│
│ Juliette ┆ 6.009  ┆ 17.197 ┆[38;5;9m 0.000   [39m┆ 9.622  ┆ 8.521  ┆ 9.170  ┆ 19.444  ┆ 13.722 ┆ 11.434 ┆ 5.923  ┆ 9.499  │
│[48;2;41;44;60m Larissa  [49m┆[48;2;41;44;60m 10.192 [49m┆[48;2;41;44;60m 9.887  [49m┆[48;2;41;44;60m[38;5;9m 0.000   [49m[39m┆[48;2;41;44;60m 14.464 [49m┆[48;2;41;44;60m 29.757 [49m┆[48;2;41;44;60m 7.630  [49m┆[48;2;41;44;60m 7.746   [49m┆[48;2;41;44;60m 9.955  [49m┆[48;2;41;44;60m 9.093  [49m┆[48;2;41;44;60m 5.590  [49m┆[48;2;41;44;60m 8.244  [49m│
│ Steffi   ┆[38;5;9m 0.000  [39m┆[38;5;9m 0.000  [39m┆[38;5;10m 100.000 [39m┆[38;5;9m 0.000  [39m┆[38;5;9m 0.000  [39m┆[38;5;9m 0.000  [39m┆[38;5;9m 0.000   [39m┆[38;5;9m 0.000  [39m┆[38;5;9m 0.000  [39m┆[38;5;9m 0.000  [39m┆[38;5;9m 0.000  [39m│
│[48;2;41;44;60m Valeria  [49m┆[48;2;41;44;60m 16.901 [49m┆[48;2;41;44;60m 14.468 [49m┆[48;2;41;44;60m[38;5;9m 0.000   [49m[39m┆[48;2;41;44;60m 13.042 [49m┆[48;2;41;44;60m 19.248 [49m┆[48;2;41;44;60m 12.450 [49m┆[48;2;41;44;60m 12.281  [49m┆[48;2;41;44;60m[38;5;9m 0.000  [49m[39m┆[48;2;41;44;60m 10.480 [49m┆[48;2;41;44;60m 8.679  [49m┆[48;2;41;44;60m[38;5;9m 0.000  [49m[39m│
│ Vanessa  ┆ 8.723  ┆ 6.772  ┆[38;5;9m 0.000   [39m┆ 6.733  ┆ 5.432  ┆ 6.603  ┆ 5.877   ┆ 8.356  ┆ 7.602  ┆[38;5;11m 50.179 [39m┆ 7.680  │
╰──────────┴────────┴────────┴─────────┴────────┴────────┴────────┴─────────┴────────┴────────┴────────┴────────╯
45583 left -> 15.4762 bits left

MB#5.0 E11
Caro -> Ken
---
-> Pr[lights]: {0: 98.1%, 1: 1.9%}
1 lights => I = 7.8396 bits
╭──────────┬────────┬────────┬─────────┬────────┬────────┬─────────┬─────────┬─────────┬────────┬────────┬────────╮
│          ┆ Barkin ┆  Burim ┆  Chris  ┆  Deniz ┆  Joel  ┆   Ken   ┆ Kenneth ┆   Max   ┆ Pascal ┆  Sasa  ┆ Marwin │
╞══════════╪════════╪════════╪═════════╪════════╪════════╪═════════╪═════════╪═════════╪════════╪════════╪════════╡
│[48;2;41;44;60m Aurelia  [49m┆[48;2;41;44;60m 8.543  [49m┆[48;2;41;44;60m[38;5;9m 0.000  [49m[39m┆[48;2;41;44;60m[38;5;9m 0.000   [49m[39m┆[48;2;41;44;60m 34.673 [49m┆[48;2;41;44;60m 7.035  [49m┆[48;2;41;44;60m[38;5;9m 0.000   [49m[39m┆[48;2;41;44;60m 17.588  [49m┆[48;2;41;44;60m[38;5;9m 0.000   [49m[39m┆[48;2;41;44;60m 10.050 [49m┆[48;2;41;44;60m 5.025  [49m┆[48;2;41;44;60m 17.085 [49m│
│ Carina   ┆ 15.075 ┆[38;5;9m 0.000  [39m┆[38;5;9m 0.000   [39m┆ 10.553 ┆ 11.558 ┆[38;5;9m 0.000   [39m┆ 9.548   ┆[38;5;9m 0.000   [39m┆ 16.583 ┆ 20.603 ┆ 16.080 │
│[48;2;41;44;60m Caro     [49m┆[48;2;41;44;60m[38;5;9m 0.000  [49m[39m┆[48;2;41;44;60m[38;5;9m 0.000  [49m[39m┆[48;2;41;44;60m[38;5;9m 0.000   [49m[39m┆[48;2;41;44;60m[38;5;9m 0.000  [49m[39m┆[48;2;41;44;60m[38;5;9m 0.000  [49m[39m┆[48;2;41;44;60m[38;5;10m 100.000 [49m[39m┆[48;2;41;44;60m[38;5;9m 0.000   [49m[39m┆[48;2;41;44;60m[38;5;10m 100.000 [49m[39m┆[48;2;41;44;60m[38;5;9m 0.000  [49m[39m┆[48;2;41;44;60m[38;5;9m 0.000  [49m[39m┆[48;2;41;44;60m[38;5;9m 0.000  [49m[39m│
│ Dorna    ┆ 14.573 ┆ 11.055 ┆[38;5;9m 0.000   [39m┆ 14.573 ┆ 7.538  ┆[38;5;9m 0.000   [39m┆[38;5;9m 0.000   [39m┆[38;5;9m 0.000   [39m┆ 15.578 ┆ 14.070 ┆ 22.613 │
│[48;2;41;44;60m Henna    [49m┆[48;2;41;44;60m 12.060 [49m┆[48;2;41;44;60m 4.523  [49m┆[48;2;41;44;60m[38;5;9m 0.000   [49m[39m┆[48;2;41;44;60m 7.035  [49m┆[48;2;41;44;60m 10.050 [49m┆[48;2;41;44;60m[38;5;9m 0.000   [49m[39m┆[48;2;41;44;60m 27.638  [49m┆[48;2;41;44;60m[38;5;9m 0.000   [49m[39m┆[48;2;41;44;60m 17.085 [49m┆[48;2;41;44;60m 11.055 [49m┆[48;2;41;44;60m 10.553 [49m│
│ Juliette ┆[38;5;9m 0.000  [39m┆[38;5;14m 65.327 [39m┆[38;5;9m 0.000   [39m┆[38;5;9m 0.000  [39m┆ 3.015  ┆[38;5;9m 0.000   [39m┆ 10.553  ┆[38;5;9m 0.000   [39m┆ 7.035  ┆ 5.528  ┆ 8.543  │
│[48;2;41;44;60m Larissa  [49m┆[48;2;41;44;60m 13.065 [49m┆[48;2;41;44;60m 5.025  [49m┆[48;2;41;44;60m[38;5;9m 0.000   [49m[39m┆[48;2;41;44;60m 9.548  [49m┆[48;2;41;44;60m 33.166 [49m┆[48;2;41;44;60m[38;5;9m 0.000   [49m[39m┆[48;2;41;44;60m 4.523   [49m┆[48;2;41;44;60m[38;5;9m 0.000   [49m[39m┆[48;2;41;44;60m 15.075 [49m┆[48;2;41;44;60m 8.543  [49m┆[48;2;41;44;60m 11.055 [49m│
│ Steffi   ┆[38;5;9m 0.000  [39m┆[38;5;9m 0.000  [39m┆[38;5;10m 100.000 [39m┆[38;5;9m 0.000  [39m┆[38;5;9m 0.000  [39m┆[38;5;9m 0.000   [39m┆[38;5;9m 0.000   [39m┆[38;5;9m 0.000   [39m┆[38;5;9m 0.000  [39m┆[38;5;9m 0.000  [39m┆[38;5;9m 0.000  [39m│
│[48;2;41;44;60m Valeria  [49m┆[48;2;41;44;60m 22.613 [49m┆[48;2;41;44;60m 7.538  [49m┆[48;2;41;44;60m[38;5;9m 0.000   [49m[39m┆[48;2;41;44;60m 15.075 [49m┆[48;2;41;44;60m 18.593 [49m┆[48;2;41;44;60m[38;5;9m 0.000   [49m[39m┆[48;2;41;44;60m 17.588  [49m┆[48;2;41;44;60m[38;5;9m 0.000   [49m[39m┆[48;2;41;44;60m[38;5;9m 0.000  [49m[39m┆[48;2;41;44;60m 18.593 [49m┆[48;2;41;44;60m[38;5;9m 0.000  [49m[39m│
│ Vanessa  ┆ 14.070 ┆ 6.533  ┆[38;5;9m 0.000   [39m┆ 8.543  ┆ 9.045  ┆[38;5;9m 0.000   [39m┆ 12.563  ┆[38;5;9m 0.000   [39m┆ 18.593 ┆ 16.583 ┆ 14.070 │
╰──────────┴────────┴────────┴─────────┴────────┴────────┴─────────┴─────────┴─────────┴────────┴────────┴────────╯
199 left -> 7.6366 bits left

MN#5.0 E12
3x Vanessa -> Sasa
1x Carina -> Pascal
1x Valeria -> Joel
2x Henna -> Kenneth
1x Larissa -> Deniz
4x Steffi -> Chris
2x Juliette -> Barkin
1x Dorna -> Burim
0x Caro -> Ken
1x Aurelia -> Marwin
---
-> Pr[lights]: {2: 10.6%, 3: 61.8%, 4: 27.6%}
->  E[lights]: 3.171
4 lights => I = 1.8553 bits
╭──────────┬────────┬────────┬─────────┬────────┬────────┬─────────┬─────────┬─────────┬────────┬────────┬────────╮
│          ┆ Barkin ┆  Burim ┆  Chris  ┆  Deniz ┆  Joel  ┆   Ken   ┆ Kenneth ┆   Max   ┆ Pascal ┆  Sasa  ┆ Marwin │
╞══════════╪════════╪════════╪═════════╪════════╪════════╪═════════╪═════════╪═════════╪════════╪════════╪════════╡
│[48;2;41;44;60m Aurelia  [49m┆[48;2;41;44;60m 12.727 [49m┆[48;2;41;44;60m[38;5;9m 0.000  [49m[39m┆[48;2;41;44;60m[38;5;9m 0.000   [49m[39m┆[48;2;41;44;60m 36.364 [49m┆[48;2;41;44;60m 7.273  [49m┆[48;2;41;44;60m[38;5;9m 0.000   [49m[39m┆[48;2;41;44;60m[38;5;9m 0.000   [49m[39m┆[48;2;41;44;60m[38;5;9m 0.000   [49m[39m┆[48;2;41;44;60m 12.727 [49m┆[48;2;41;44;60m 14.545 [49m┆[48;2;41;44;60m 16.364 [49m│
│ Carina   ┆ 12.727 ┆[38;5;9m 0.000  [39m┆[38;5;9m 0.000   [39m┆ 10.909 ┆ 18.182 ┆[38;5;9m 0.000   [39m┆[38;5;9m 0.000   [39m┆[38;5;9m 0.000   [39m┆ 23.636 ┆ 27.273 ┆ 7.273  │
│[48;2;41;44;60m Caro     [49m┆[48;2;41;44;60m[38;5;9m 0.000  [49m[39m┆[48;2;41;44;60m[38;5;9m 0.000  [49m[39m┆[48;2;41;44;60m[38;5;9m 0.000   [49m[39m┆[48;2;41;44;60m[38;5;9m 0.000  [49m[39m┆[48;2;41;44;60m[38;5;9m 0.000  [49m[39m┆[48;2;41;44;60m[38;5;10m 100.000 [49m[39m┆[48;2;41;44;60m[38;5;9m 0.000   [49m[39m┆[48;2;41;44;60m[38;5;10m 100.000 [49m[39m┆[48;2;41;44;60m[38;5;9m 0.000  [49m[39m┆[48;2;41;44;60m[38;5;9m 0.000  [49m[39m┆[48;2;41;44;60m[38;5;9m 0.000  [49m[39m│
│ Dorna    ┆ 20.000 ┆ 12.727 ┆[38;5;9m 0.000   [39m┆ 21.818 ┆ 14.545 ┆[38;5;9m 0.000   [39m┆[38;5;9m 0.000   [39m┆[38;5;9m 0.000   [39m┆ 18.182 ┆ 12.727 ┆[38;5;9m 0.000  [39m│
│[48;2;41;44;60m Henna    [49m┆[48;2;41;44;60m[38;5;9m 0.000  [49m[39m┆[48;2;41;44;60m[38;5;9m 0.000  [49m[39m┆[48;2;41;44;60m[38;5;9m 0.000   [49m[39m┆[48;2;41;44;60m[38;5;9m 0.000  [49m[39m┆[48;2;41;44;60m[38;5;9m 0.000  [49m[39m┆[48;2;41;44;60m[38;5;9m 0.000   [49m[39m┆[48;2;41;44;60m[38;5;10m 100.000 [49m[39m┆[48;2;41;44;60m[38;5;9m 0.000   [49m[39m┆[48;2;41;44;60m[38;5;9m 0.000  [49m[39m┆[48;2;41;44;60m[38;5;9m 0.000  [49m[39m┆[48;2;41;44;60m[38;5;9m 0.000  [49m[39m│
│ Juliette ┆[38;5;9m 0.000  [39m┆[38;5;14m 63.636 [39m┆[38;5;9m 0.000   [39m┆[38;5;9m 0.000  [39m┆ 10.909 ┆[38;5;9m 0.000   [39m┆[38;5;9m 0.000   [39m┆[38;5;9m 0.000   [39m┆ 9.091  ┆ 7.273  ┆ 9.091  │
│[48;2;41;44;60m Larissa  [49m┆[48;2;41;44;60m 21.818 [49m┆[48;2;41;44;60m 12.727 [49m┆[48;2;41;44;60m[38;5;9m 0.000   [49m[39m┆[48;2;41;44;60m 10.909 [49m┆[48;2;41;44;60m[38;5;9m 0.000  [49m[39m┆[48;2;41;44;60m[38;5;9m 0.000   [49m[39m┆[48;2;41;44;60m[38;5;9m 0.000   [49m[39m┆[48;2;41;44;60m[38;5;9m 0.000   [49m[39m┆[48;2;41;44;60m 21.818 [49m┆[48;2;41;44;60m 16.364 [49m┆[48;2;41;44;60m 16.364 [49m│
│ Steffi   ┆[38;5;9m 0.000  [39m┆[38;5;9m 0.000  [39m┆[38;5;10m 100.000 [39m┆[38;5;9m 0.000  [39m┆[38;5;9m 0.000  [39m┆[38;5;9m 0.000   [39m┆[38;5;9m 0.000   [39m┆[38;5;9m 0.000   [39m┆[38;5;9m 0.000  [39m┆[38;5;9m 0.000  [39m┆[38;5;9m 0.000  [39m│
│[48;2;41;44;60m Valeria  [49m┆[48;2;41;44;60m 21.818 [49m┆[48;2;41;44;60m 5.455  [49m┆[48;2;41;44;60m[38;5;9m 0.000   [49m[39m┆[48;2;41;44;60m 14.545 [49m┆[48;2;41;44;60m 36.364 [49m┆[48;2;41;44;60m[38;5;9m 0.000   [49m[39m┆[48;2;41;44;60m[38;5;9m 0.000   [49m[39m┆[48;2;41;44;60m[38;5;9m 0.000   [49m[39m┆[48;2;41;44;60m[38;5;9m 0.000  [49m[39m┆[48;2;41;44;60m 21.818 [49m┆[48;2;41;44;60m[38;5;9m 0.000  [49m[39m│
│ Vanessa  ┆ 10.909 ┆ 5.455  ┆[38;5;9m 0.000   [39m┆ 5.455  ┆ 12.727 ┆[38;5;9m 0.000   [39m┆[38;5;9m 0.000   [39m┆[38;5;9m 0.000   [39m┆ 14.545 ┆[38;5;9m 0.000  [39m┆[38;5;11m 50.909 [39m│
╰──────────┴────────┴────────┴─────────┴────────┴────────┴─────────┴─────────┴─────────┴────────┴────────┴────────╯
55 left -> 5.7814 bits left

MB#6.0 E13
Dorna -> Burim
---
-> Pr[lights]: {0: 87.3%, 1: 12.7%}
0 lights => I = 0.1964 bits
╭──────────┬────────┬────────┬─────────┬────────┬────────┬─────────┬─────────┬─────────┬────────┬────────┬────────╮
│          ┆ Barkin ┆  Burim ┆  Chris  ┆  Deniz ┆  Joel  ┆   Ken   ┆ Kenneth ┆   Max   ┆ Pascal ┆  Sasa  ┆ Marwin │
╞══════════╪════════╪════════╪═════════╪════════╪════════╪═════════╪═════════╪═════════╪════════╪════════╪════════╡
│[48;2;41;44;60m Aurelia  [49m┆[48;2;41;44;60m 14.583 [49m┆[48;2;41;44;60m[38;5;9m 0.000  [49m[39m┆[48;2;41;44;60m[38;5;9m 0.000   [49m[39m┆[48;2;41;44;60m 27.083 [49m┆[48;2;41;44;60m 8.333  [49m┆[48;2;41;44;60m[38;5;9m 0.000   [49m[39m┆[48;2;41;44;60m[38;5;9m 0.000   [49m[39m┆[48;2;41;44;60m[38;5;9m 0.000   [49m[39m┆[48;2;41;44;60m 14.583 [49m┆[48;2;41;44;60m 16.667 [49m┆[48;2;41;44;60m 18.750 [49m│
│ Carina   ┆ 12.500 ┆[38;5;9m 0.000  [39m┆[38;5;9m 0.000   [39m┆ 12.500 ┆ 14.583 ┆[38;5;9m 0.000   [39m┆[38;5;9m 0.000   [39m┆[38;5;9m 0.000   [39m┆ 27.083 ┆ 25.000 ┆ 8.333  │
│[48;2;41;44;60m Caro     [49m┆[48;2;41;44;60m[38;5;9m 0.000  [49m[39m┆[48;2;41;44;60m[38;5;9m 0.000  [49m[39m┆[48;2;41;44;60m[38;5;9m 0.000   [49m[39m┆[48;2;41;44;60m[38;5;9m 0.000  [49m[39m┆[48;2;41;44;60m[38;5;9m 0.000  [49m[39m┆[48;2;41;44;60m[38;5;10m 100.000 [49m[39m┆[48;2;41;44;60m[38;5;9m 0.000   [49m[39m┆[48;2;41;44;60m[38;5;10m 100.000 [49m[39m┆[48;2;41;44;60m[38;5;9m 0.000  [49m[39m┆[48;2;41;44;60m[38;5;9m 0.000  [49m[39m┆[48;2;41;44;60m[38;5;9m 0.000  [49m[39m│
│ Dorna    ┆ 22.917 ┆[38;5;9m 0.000  [39m┆[38;5;9m 0.000   [39m┆ 25.000 ┆ 16.667 ┆[38;5;9m 0.000   [39m┆[38;5;9m 0.000   [39m┆[38;5;9m 0.000   [39m┆ 20.833 ┆ 14.583 ┆[38;5;9m 0.000  [39m│
│[48;2;41;44;60m Henna    [49m┆[48;2;41;44;60m[38;5;9m 0.000  [49m[39m┆[48;2;41;44;60m[38;5;9m 0.000  [49m[39m┆[48;2;41;44;60m[38;5;9m 0.000   [49m[39m┆[48;2;41;44;60m[38;5;9m 0.000  [49m[39m┆[48;2;41;44;60m[38;5;9m 0.000  [49m[39m┆[48;2;41;44;60m[38;5;9m 0.000   [49m[39m┆[48;2;41;44;60m[38;5;10m 100.000 [49m[39m┆[48;2;41;44;60m[38;5;9m 0.000   [49m[39m┆[48;2;41;44;60m[38;5;9m 0.000  [49m[39m┆[48;2;41;44;60m[38;5;9m 0.000  [49m[39m┆[48;2;41;44;60m[38;5;9m 0.000  [49m[39m│
│ Juliette ┆[38;5;9m 0.000  [39m┆[38;5;14m 72.917 [39m┆[38;5;9m 0.000   [39m┆[38;5;9m 0.000  [39m┆ 8.333  ┆[38;5;9m 0.000   [39m┆[38;5;9m 0.000   [39m┆[38;5;9m 0.000   [39m┆ 4.167  ┆ 6.250  ┆ 8.333  │
│[48;2;41;44;60m Larissa  [49m┆[48;2;41;44;60m 22.917 [49m┆[48;2;41;44;60m 14.583 [49m┆[48;2;41;44;60m[38;5;9m 0.000   [49m[39m┆[48;2;41;44;60m 12.500 [49m┆[48;2;41;44;60m[38;5;9m 0.000  [49m[39m┆[48;2;41;44;60m[38;5;9m 0.000   [49m[39m┆[48;2;41;44;60m[38;5;9m 0.000   [49m[39m┆[48;2;41;44;60m[38;5;9m 0.000   [49m[39m┆[48;2;41;44;60m 18.750 [49m┆[48;2;41;44;60m 16.667 [49m┆[48;2;41;44;60m 14.583 [49m│
│ Steffi   ┆[38;5;9m 0.000  [39m┆[38;5;9m 0.000  [39m┆[38;5;10m 100.000 [39m┆[38;5;9m 0.000  [39m┆[38;5;9m 0.000  [39m┆[38;5;9m 0.000   [39m┆[38;5;9m 0.000   [39m┆[38;5;9m 0.000   [39m┆[38;5;9m 0.000  [39m┆[38;5;9m 0.000  [39m┆[38;5;9m 0.000  [39m│
│[48;2;41;44;60m Valeria  [49m┆[48;2;41;44;60m 14.583 [49m┆[48;2;41;44;60m 6.250  [49m┆[48;2;41;44;60m[38;5;9m 0.000   [49m[39m┆[48;2;41;44;60m 16.667 [49m┆[48;2;41;44;60m 41.667 [49m┆[48;2;41;44;60m[38;5;9m 0.000   [49m[39m┆[48;2;41;44;60m[38;5;9m 0.000   [49m[39m┆[48;2;41;44;60m[38;5;9m 0.000   [49m[39m┆[48;2;41;44;60m[38;5;9m 0.000  [49m[39m┆[48;2;41;44;60m 20.833 [49m┆[48;2;41;44;60m[38;5;9m 0.000  [49m[39m│
│ Vanessa  ┆ 12.500 ┆ 6.250  ┆[38;5;9m 0.000   [39m┆ 6.250  ┆ 10.417 ┆[38;5;9m 0.000   [39m┆[38;5;9m 0.000   [39m┆[38;5;9m 0.000   [39m┆ 14.583 ┆[38;5;9m 0.000  [39m┆[38;5;11m 50.000 [39m│
╰──────────┴────────┴────────┴─────────┴────────┴────────┴─────────┴─────────┴─────────┴────────┴────────┴────────╯
48 left -> 5.5850 bits left

MN#6.0 E14
0x Vanessa -> Joel
1x Carina -> Sasa
3x Juliette -> Barkin
1x Dorna -> Deniz
0x Larissa -> Marwin
1x Aurelia -> Burim
1x Valeria -> Pascal
1x Caro -> Ken
5x Steffi -> Chris
3x Henna -> Kenneth
---
-> Pr[lights]: {3: 50.0%, 4: 29.2%, 5: 16.7%, 6: 4.2%}
->  E[lights]: 3.750
3 lights => I = 1.0000 bits
╭──────────┬────────┬────────┬─────────┬────────┬────────┬─────────┬─────────┬─────────┬────────┬────────┬─────────╮
│          ┆ Barkin ┆  Burim ┆  Chris  ┆  Deniz ┆  Joel  ┆   Ken   ┆ Kenneth ┆   Max   ┆ Pascal ┆  Sasa  ┆  Marwin │
╞══════════╪════════╪════════╪═════════╪════════╪════════╪═════════╪═════════╪═════════╪════════╪════════╪═════════╡
│[48;2;41;44;60m Aurelia  [49m┆[48;2;41;44;60m 16.667 [49m┆[48;2;41;44;60m[38;5;9m 0.000  [49m[39m┆[48;2;41;44;60m[38;5;9m 0.000   [49m[39m┆[48;2;41;44;60m 33.333 [49m┆[48;2;41;44;60m 12.500 [49m┆[48;2;41;44;60m[38;5;9m 0.000   [49m[39m┆[48;2;41;44;60m[38;5;9m 0.000   [49m[39m┆[48;2;41;44;60m[38;5;9m 0.000   [49m[39m┆[48;2;41;44;60m 20.833 [49m┆[48;2;41;44;60m 16.667 [49m┆[48;2;41;44;60m[38;5;9m 0.000   [49m[39m│
│ Carina   ┆ 16.667 ┆[38;5;9m 0.000  [39m┆[38;5;9m 0.000   [39m┆ 25.000 ┆ 16.667 ┆[38;5;9m 0.000   [39m┆[38;5;9m 0.000   [39m┆[38;5;9m 0.000   [39m┆ 41.667 ┆[38;5;9m 0.000  [39m┆[38;5;9m 0.000   [39m│
│[48;2;41;44;60m Caro     [49m┆[48;2;41;44;60m[38;5;9m 0.000  [49m[39m┆[48;2;41;44;60m[38;5;9m 0.000  [49m[39m┆[48;2;41;44;60m[38;5;9m 0.000   [49m[39m┆[48;2;41;44;60m[38;5;9m 0.000  [49m[39m┆[48;2;41;44;60m[38;5;9m 0.000  [49m[39m┆[48;2;41;44;60m[38;5;10m 100.000 [49m[39m┆[48;2;41;44;60m[38;5;9m 0.000   [49m[39m┆[48;2;41;44;60m[38;5;10m 100.000 [49m[39m┆[48;2;41;44;60m[38;5;9m 0.000  [49m[39m┆[48;2;41;44;60m[38;5;9m 0.000  [49m[39m┆[48;2;41;44;60m[38;5;9m 0.000   [49m[39m│
│ Dorna    ┆ 25.000 ┆[38;5;9m 0.000  [39m┆[38;5;9m 0.000   [39m┆[38;5;9m 0.000  [39m┆ 20.833 ┆[38;5;9m 0.000   [39m┆[38;5;9m 0.000   [39m┆[38;5;9m 0.000   [39m┆ 25.000 ┆ 29.167 ┆[38;5;9m 0.000   [39m│
│[48;2;41;44;60m Henna    [49m┆[48;2;41;44;60m[38;5;9m 0.000  [49m[39m┆[48;2;41;44;60m[38;5;9m 0.000  [49m[39m┆[48;2;41;44;60m[38;5;9m 0.000   [49m[39m┆[48;2;41;44;60m[38;5;9m 0.000  [49m[39m┆[48;2;41;44;60m[38;5;9m 0.000  [49m[39m┆[48;2;41;44;60m[38;5;9m 0.000   [49m[39m┆[48;2;41;44;60m[38;5;10m 100.000 [49m[39m┆[48;2;41;44;60m[38;5;9m 0.000   [49m[39m┆[48;2;41;44;60m[38;5;9m 0.000  [49m[39m┆[48;2;41;44;60m[38;5;9m 0.000  [49m[39m┆[48;2;41;44;60m[38;5;9m 0.000   [49m[39m│
│ Juliette ┆[38;5;9m 0.000  [39m┆[38;5;14m 66.667 [39m┆[38;5;9m 0.000   [39m┆[38;5;9m 0.000  [39m┆ 16.667 ┆[38;5;9m 0.000   [39m┆[38;5;9m 0.000   [39m┆[38;5;9m 0.000   [39m┆ 4.167  ┆ 12.500 ┆[38;5;9m 0.000   [39m│
│[48;2;41;44;60m Larissa  [49m┆[48;2;41;44;60m 25.000 [49m┆[48;2;41;44;60m 20.833 [49m┆[48;2;41;44;60m[38;5;9m 0.000   [49m[39m┆[48;2;41;44;60m 25.000 [49m┆[48;2;41;44;60m[38;5;9m 0.000  [49m[39m┆[48;2;41;44;60m[38;5;9m 0.000   [49m[39m┆[48;2;41;44;60m[38;5;9m 0.000   [49m[39m┆[48;2;41;44;60m[38;5;9m 0.000   [49m[39m┆[48;2;41;44;60m 8.333  [49m┆[48;2;41;44;60m 20.833 [49m┆[48;2;41;44;60m[38;5;9m 0.000   [49m[39m│
│ Steffi   ┆[38;5;9m 0.000  [39m┆[38;5;9m 0.000  [39m┆[38;5;10m 100.000 [39m┆[38;5;9m 0.000  [39m┆[38;5;9m 0.000  [39m┆[38;5;9m 0.000   [39m┆[38;5;9m 0.000   [39m┆[38;5;9m 0.000   [39m┆[38;5;9m 0.000  [39m┆[38;5;9m 0.000  [39m┆[38;5;9m 0.000   [39m│
│[48;2;41;44;60m Valeria  [49m┆[48;2;41;44;60m 16.667 [49m┆[48;2;41;44;60m 12.500 [49m┆[48;2;41;44;60m[38;5;9m 0.000   [49m[39m┆[48;2;41;44;60m 16.667 [49m┆[48;2;41;44;60m 33.333 [49m┆[48;2;41;44;60m[38;5;9m 0.000   [49m[39m┆[48;2;41;44;60m[38;5;9m 0.000   [49m[39m┆[48;2;41;44;60m[38;5;9m 0.000   [49m[39m┆[48;2;41;44;60m[38;5;9m 0.000  [49m[39m┆[48;2;41;44;60m 20.833 [49m┆[48;2;41;44;60m[38;5;9m 0.000   [49m[39m│
│ Vanessa  ┆[38;5;9m 0.000  [39m┆[38;5;9m 0.000  [39m┆[38;5;9m 0.000   [39m┆[38;5;9m 0.000  [39m┆[38;5;9m 0.000  [39m┆[38;5;9m 0.000   [39m┆[38;5;9m 0.000   [39m┆[38;5;9m 0.000   [39m┆[38;5;9m 0.000  [39m┆[38;5;9m 0.000  [39m┆[38;5;10m 100.000 [39m│
╰──────────┴────────┴────────┴─────────┴────────┴────────┴─────────┴─────────┴─────────┴────────┴────────┴─────────╯
24 left -> 4.5850 bits left

MB#7.0 E15
Juliette -> Joel
---
-> Pr[lights]: {0: 83.3%, 1: 16.7%}
0 lights => I = 0.2630 bits
╭──────────┬────────┬────────┬─────────┬────────┬────────┬─────────┬─────────┬─────────┬────────┬────────┬─────────╮
│          ┆ Barkin ┆  Burim ┆  Chris  ┆  Deniz ┆  Joel  ┆   Ken   ┆ Kenneth ┆   Max   ┆ Pascal ┆  Sasa  ┆  Marwin │
╞══════════╪════════╪════════╪═════════╪════════╪════════╪═════════╪═════════╪═════════╪════════╪════════╪═════════╡
│[48;2;41;44;60m Aurelia  [49m┆[48;2;41;44;60m 20.000 [49m┆[48;2;41;44;60m[38;5;9m 0.000  [49m[39m┆[48;2;41;44;60m[38;5;9m 0.000   [49m[39m┆[48;2;41;44;60m 20.000 [49m┆[48;2;41;44;60m 15.000 [49m┆[48;2;41;44;60m[38;5;9m 0.000   [49m[39m┆[48;2;41;44;60m[38;5;9m 0.000   [49m[39m┆[48;2;41;44;60m[38;5;9m 0.000   [49m[39m┆[48;2;41;44;60m 25.000 [49m┆[48;2;41;44;60m 20.000 [49m┆[48;2;41;44;60m[38;5;9m 0.000   [49m[39m│
│ Carina   ┆ 20.000 ┆[38;5;9m 0.000  [39m┆[38;5;9m 0.000   [39m┆ 30.000 ┆ 20.000 ┆[38;5;9m 0.000   [39m┆[38;5;9m 0.000   [39m┆[38;5;9m 0.000   [39m┆ 30.000 ┆[38;5;9m 0.000  [39m┆[38;5;9m 0.000   [39m│
│[48;2;41;44;60m Caro     [49m┆[48;2;41;44;60m[38;5;9m 0.000  [49m[39m┆[48;2;41;44;60m[38;5;9m 0.000  [49m[39m┆[48;2;41;44;60m[38;5;9m 0.000   [49m[39m┆[48;2;41;44;60m[38;5;9m 0.000  [49m[39m┆[48;2;41;44;60m[38;5;9m 0.000  [49m[39m┆[48;2;41;44;60m[38;5;10m 100.000 [49m[39m┆[48;2;41;44;60m[38;5;9m 0.000   [49m[39m┆[48;2;41;44;60m[38;5;10m 100.000 [49m[39m┆[48;2;41;44;60m[38;5;9m 0.000  [49m[39m┆[48;2;41;44;60m[38;5;9m 0.000  [49m[39m┆[48;2;41;44;60m[38;5;9m 0.000   [49m[39m│
│ Dorna    ┆ 20.000 ┆[38;5;9m 0.000  [39m┆[38;5;9m 0.000   [39m┆[38;5;9m 0.000  [39m┆ 25.000 ┆[38;5;9m 0.000   [39m┆[38;5;9m 0.000   [39m┆[38;5;9m 0.000   [39m┆ 30.000 ┆ 25.000 ┆[38;5;9m 0.000   [39m│
│[48;2;41;44;60m Henna    [49m┆[48;2;41;44;60m[38;5;9m 0.000  [49m[39m┆[48;2;41;44;60m[38;5;9m 0.000  [49m[39m┆[48;2;41;44;60m[38;5;9m 0.000   [49m[39m┆[48;2;41;44;60m[38;5;9m 0.000  [49m[39m┆[48;2;41;44;60m[38;5;9m 0.000  [49m[39m┆[48;2;41;44;60m[38;5;9m 0.000   [49m[39m┆[48;2;41;44;60m[38;5;10m 100.000 [49m[39m┆[48;2;41;44;60m[38;5;9m 0.000   [49m[39m┆[48;2;41;44;60m[38;5;9m 0.000  [49m[39m┆[48;2;41;44;60m[38;5;9m 0.000  [49m[39m┆[48;2;41;44;60m[38;5;9m 0.000   [49m[39m│
│ Juliette ┆[38;5;9m 0.000  [39m┆[38;5;10m 80.000 [39m┆[38;5;9m 0.000   [39m┆[38;5;9m 0.000  [39m┆[38;5;9m 0.000  [39m┆[38;5;9m 0.000   [39m┆[38;5;9m 0.000   [39m┆[38;5;9m 0.000   [39m┆ 5.000  ┆ 15.000 ┆[38;5;9m 0.000   [39m│
│[48;2;41;44;60m Larissa  [49m┆[48;2;41;44;60m 25.000 [49m┆[48;2;41;44;60m 15.000 [49m┆[48;2;41;44;60m[38;5;9m 0.000   [49m[39m┆[48;2;41;44;60m 30.000 [49m┆[48;2;41;44;60m[38;5;9m 0.000  [49m[39m┆[48;2;41;44;60m[38;5;9m 0.000   [49m[39m┆[48;2;41;44;60m[38;5;9m 0.000   [49m[39m┆[48;2;41;44;60m[38;5;9m 0.000   [49m[39m┆[48;2;41;44;60m 10.000 [49m┆[48;2;41;44;60m 20.000 [49m┆[48;2;41;44;60m[38;5;9m 0.000   [49m[39m│
│ Steffi   ┆[38;5;9m 0.000  [39m┆[38;5;9m 0.000  [39m┆[38;5;10m 100.000 [39m┆[38;5;9m 0.000  [39m┆[38;5;9m 0.000  [39m┆[38;5;9m 0.000   [39m┆[38;5;9m 0.000   [39m┆[38;5;9m 0.000   [39m┆[38;5;9m 0.000  [39m┆[38;5;9m 0.000  [39m┆[38;5;9m 0.000   [39m│
│[48;2;41;44;60m Valeria  [49m┆[48;2;41;44;60m 15.000 [49m┆[48;2;41;44;60m 5.000  [49m┆[48;2;41;44;60m[38;5;9m 0.000   [49m[39m┆[48;2;41;44;60m 20.000 [49m┆[48;2;41;44;60m 40.000 [49m┆[48;2;41;44;60m[38;5;9m 0.000   [49m[39m┆[48;2;41;44;60m[38;5;9m 0.000   [49m[39m┆[48;2;41;44;60m[38;5;9m 0.000   [49m[39m┆[48;2;41;44;60m[38;5;9m 0.000  [49m[39m┆[48;2;41;44;60m 20.000 [49m┆[48;2;41;44;60m[38;5;9m 0.000   [49m[39m│
│ Vanessa  ┆[38;5;9m 0.000  [39m┆[38;5;9m 0.000  [39m┆[38;5;9m 0.000   [39m┆[38;5;9m 0.000  [39m┆[38;5;9m 0.000  [39m┆[38;5;9m 0.000   [39m┆[38;5;9m 0.000   [39m┆[38;5;9m 0.000   [39m┆[38;5;9m 0.000  [39m┆[38;5;9m 0.000  [39m┆[38;5;10m 100.000 [39m│
╰──────────┴────────┴────────┴─────────┴────────┴────────┴─────────┴─────────┴─────────┴────────┴────────┴─────────╯
20 left -> 4.3219 bits left

MN#7.0 E16 -- Blackout
0x Carina -> Marwin
2x Caro -> Ken
0x Vanessa -> Deniz
0x Aurelia -> Joel
2x Valeria -> Pascal
6x Steffi -> Chris
0x Larissa -> Sasa
0x Dorna -> Barkin
0x Henna -> Burim
1x Juliette -> Kenneth
---
-> Pr[lights]: {2: 60.0%, 3: 30.0%, 4: 5.0%, 5: 5.0%}
->  E[lights]: 2.550
2 lights => I = 0.7370 bits
╭──────────┬────────┬────────┬─────────┬────────┬────────┬─────────┬─────────┬─────────┬────────┬────────┬─────────╮
│          ┆ Barkin ┆  Burim ┆  Chris  ┆  Deniz ┆  Joel  ┆   Ken   ┆ Kenneth ┆   Max   ┆ Pascal ┆  Sasa  ┆  Marwin │
╞══════════╪════════╪════════╪═════════╪════════╪════════╪═════════╪═════════╪═════════╪════════╪════════╪═════════╡
│[48;2;41;44;60m Aurelia  [49m┆[48;2;41;44;60m 16.667 [49m┆[48;2;41;44;60m[38;5;9m 0.000  [49m[39m┆[48;2;41;44;60m[38;5;9m 0.000   [49m[39m┆[48;2;41;44;60m 33.333 [49m┆[48;2;41;44;60m[38;5;9m 0.000  [49m[39m┆[48;2;41;44;60m[38;5;9m 0.000   [49m[39m┆[48;2;41;44;60m[38;5;9m 0.000   [49m[39m┆[48;2;41;44;60m[38;5;9m 0.000   [49m[39m┆[48;2;41;44;60m 25.000 [49m┆[48;2;41;44;60m 25.000 [49m┆[48;2;41;44;60m[38;5;9m 0.000   [49m[39m│
│ Carina   ┆ 25.000 ┆[38;5;9m 0.000  [39m┆[38;5;9m 0.000   [39m┆ 25.000 ┆ 25.000 ┆[38;5;9m 0.000   [39m┆[38;5;9m 0.000   [39m┆[38;5;9m 0.000   [39m┆ 25.000 ┆[38;5;9m 0.000  [39m┆[38;5;9m 0.000   [39m│
│[48;2;41;44;60m Caro     [49m┆[48;2;41;44;60m[38;5;9m 0.000  [49m[39m┆[48;2;41;44;60m[38;5;9m 0.000  [49m[39m┆[48;2;41;44;60m[38;5;9m 0.000   [49m[39m┆[48;2;41;44;60m[38;5;9m 0.000  [49m[39m┆[48;2;41;44;60m[38;5;9m 0.000  [49m[39m┆[48;2;41;44;60m[38;5;10m 100.000 [49m[39m┆[48;2;41;44;60m[38;5;9m 0.000   [49m[39m┆[48;2;41;44;60m[38;5;10m 100.000 [49m[39m┆[48;2;41;44;60m[38;5;9m 0.000  [49m[39m┆[48;2;41;44;60m[38;5;9m 0.000  [49m[39m┆[48;2;41;44;60m[38;5;9m 0.000   [49m[39m│
│ Dorna    ┆[38;5;9m 0.000  [39m┆[38;5;9m 0.000  [39m┆[38;5;9m 0.000   [39m┆[38;5;9m 0.000  [39m┆ 33.333 ┆[38;5;9m 0.000   [39m┆[38;5;9m 0.000   [39m┆[38;5;9m 0.000   [39m┆ 33.333 ┆ 33.333 ┆[38;5;9m 0.000   [39m│
│[48;2;41;44;60m Henna    [49m┆[48;2;41;44;60m[38;5;9m 0.000  [49m[39m┆[48;2;41;44;60m[38;5;9m 0.000  [49m[39m┆[48;2;41;44;60m[38;5;9m 0.000   [49m[39m┆[48;2;41;44;60m[38;5;9m 0.000  [49m[39m┆[48;2;41;44;60m[38;5;9m 0.000  [49m[39m┆[48;2;41;44;60m[38;5;9m 0.000   [49m[39m┆[48;2;41;44;60m[38;5;10m 100.000 [49m[39m┆[48;2;41;44;60m[38;5;9m 0.000   [49m[39m┆[48;2;41;44;60m[38;5;9m 0.000  [49m[39m┆[48;2;41;44;60m[38;5;9m 0.000  [49m[39m┆[48;2;41;44;60m[38;5;9m 0.000   [49m[39m│
│ Juliette ┆[38;5;9m 0.000  [39m┆[38;5;14m 66.667 [39m┆[38;5;9m 0.000   [39m┆[38;5;9m 0.000  [39m┆[38;5;9m 0.000  [39m┆[38;5;9m 0.000   [39m┆[38;5;9m 0.000   [39m┆[38;5;9m 0.000   [39m┆ 8.333  ┆ 25.000 ┆[38;5;9m 0.000   [39m│
│[48;2;41;44;60m Larissa  [49m┆[48;2;41;44;60m 33.333 [49m┆[48;2;41;44;60m 25.000 [49m┆[48;2;41;44;60m[38;5;9m 0.000   [49m[39m┆[48;2;41;44;60m 33.333 [49m┆[48;2;41;44;60m[38;5;9m 0.000  [49m[39m┆[48;2;41;44;60m[38;5;9m 0.000   [49m[39m┆[48;2;41;44;60m[38;5;9m 0.000   [49m[39m┆[48;2;41;44;60m[38;5;9m 0.000   [49m[39m┆[48;2;41;44;60m 8.333  [49m┆[48;2;41;44;60m[38;5;9m 0.000  [49m[39m┆[48;2;41;44;60m[38;5;9m 0.000   [49m[39m│
│ Steffi   ┆[38;5;9m 0.000  [39m┆[38;5;9m 0.000  [39m┆[38;5;10m 100.000 [39m┆[38;5;9m 0.000  [39m┆[38;5;9m 0.000  [39m┆[38;5;9m 0.000   [39m┆[38;5;9m 0.000   [39m┆[38;5;9m 0.000   [39m┆[38;5;9m 0.000  [39m┆[38;5;9m 0.000  [39m┆[38;5;9m 0.000   [39m│
│[48;2;41;44;60m Valeria  [49m┆[48;2;41;44;60m 25.000 [49m┆[48;2;41;44;60m 8.333  [49m┆[48;2;41;44;60m[38;5;9m 0.000   [49m[39m┆[48;2;41;44;60m 8.333  [49m┆[48;2;41;44;60m 41.667 [49m┆[48;2;41;44;60m[38;5;9m 0.000   [49m[39m┆[48;2;41;44;60m[38;5;9m 0.000   [49m[39m┆[48;2;41;44;60m[38;5;9m 0.000   [49m[39m┆[48;2;41;44;60m[38;5;9m 0.000  [49m[39m┆[48;2;41;44;60m 16.667 [49m┆[48;2;41;44;60m[38;5;9m 0.000   [49m[39m│
│ Vanessa  ┆[38;5;9m 0.000  [39m┆[38;5;9m 0.000  [39m┆[38;5;9m 0.000   [39m┆[38;5;9m 0.000  [39m┆[38;5;9m 0.000  [39m┆[38;5;9m 0.000   [39m┆[38;5;9m 0.000   [39m┆[38;5;9m 0.000   [39m┆[38;5;9m 0.000  [39m┆[38;5;9m 0.000  [39m┆[38;5;10m 100.000 [39m│
╰──────────┴────────┴────────┴─────────┴────────┴────────┴─────────┴─────────┴─────────┴────────┴────────┴─────────╯
12 left -> 3.5850 bits left

MB#8.0 E17
Dorna -> Marwin
---
-> Pr[lights]: {0: 100.0%}
0 lights => I = -0.0000 bits
╭──────────┬────────┬────────┬─────────┬────────┬────────┬─────────┬─────────┬─────────┬────────┬────────┬─────────╮
│          ┆ Barkin ┆  Burim ┆  Chris  ┆  Deniz ┆  Joel  ┆   Ken   ┆ Kenneth ┆   Max   ┆ Pascal ┆  Sasa  ┆  Marwin │
╞══════════╪════════╪════════╪═════════╪════════╪════════╪═════════╪═════════╪═════════╪════════╪════════╪═════════╡
│[48;2;41;44;60m Aurelia  [49m┆[48;2;41;44;60m 16.667 [49m┆[48;2;41;44;60m[38;5;9m 0.000  [49m[39m┆[48;2;41;44;60m[38;5;9m 0.000   [49m[39m┆[48;2;41;44;60m 33.333 [49m┆[48;2;41;44;60m[38;5;9m 0.000  [49m[39m┆[48;2;41;44;60m[38;5;9m 0.000   [49m[39m┆[48;2;41;44;60m[38;5;9m 0.000   [49m[39m┆[48;2;41;44;60m[38;5;9m 0.000   [49m[39m┆[48;2;41;44;60m 25.000 [49m┆[48;2;41;44;60m 25.000 [49m┆[48;2;41;44;60m[38;5;9m 0.000   [49m[39m│
│ Carina   ┆ 25.000 ┆[38;5;9m 0.000  [39m┆[38;5;9m 0.000   [39m┆ 25.000 ┆ 25.000 ┆[38;5;9m 0.000   [39m┆[38;5;9m 0.000   [39m┆[38;5;9m 0.000   [39m┆ 25.000 ┆[38;5;9m 0.000  [39m┆[38;5;9m 0.000   [39m│
│[48;2;41;44;60m Caro     [49m┆[48;2;41;44;60m[38;5;9m 0.000  [49m[39m┆[48;2;41;44;60m[38;5;9m 0.000  [49m[39m┆[48;2;41;44;60m[38;5;9m 0.000   [49m[39m┆[48;2;41;44;60m[38;5;9m 0.000  [49m[39m┆[48;2;41;44;60m[38;5;9m 0.000  [49m[39m┆[48;2;41;44;60m[38;5;10m 100.000 [49m[39m┆[48;2;41;44;60m[38;5;9m 0.000   [49m[39m┆[48;2;41;44;60m[38;5;10m 100.000 [49m[39m┆[48;2;41;44;60m[38;5;9m 0.000  [49m[39m┆[48;2;41;44;60m[38;5;9m 0.000  [49m[39m┆[48;2;41;44;60m[38;5;9m 0.000   [49m[39m│
│ Dorna    ┆[38;5;9m 0.000  [39m┆[38;5;9m 0.000  [39m┆[38;5;9m 0.000   [39m┆[38;5;9m 0.000  [39m┆ 33.333 ┆[38;5;9m 0.000   [39m┆[38;5;9m 0.000   [39m┆[38;5;9m 0.000   [39m┆ 33.333 ┆ 33.333 ┆[38;5;9m 0.000   [39m│
│[48;2;41;44;60m Henna    [49m┆[48;2;41;44;60m[38;5;9m 0.000  [49m[39m┆[48;2;41;44;60m[38;5;9m 0.000  [49m[39m┆[48;2;41;44;60m[38;5;9m 0.000   [49m[39m┆[48;2;41;44;60m[38;5;9m 0.000  [49m[39m┆[48;2;41;44;60m[38;5;9m 0.000  [49m[39m┆[48;2;41;44;60m[38;5;9m 0.000   [49m[39m┆[48;2;41;44;60m[38;5;10m 100.000 [49m[39m┆[48;2;41;44;60m[38;5;9m 0.000   [49m[39m┆[48;2;41;44;60m[38;5;9m 0.000  [49m[39m┆[48;2;41;44;60m[38;5;9m 0.000  [49m[39m┆[48;2;41;44;60m[38;5;9m 0.000   [49m[39m│
│ Juliette ┆[38;5;9m 0.000  [39m┆[38;5;14m 66.667 [39m┆[38;5;9m 0.000   [39m┆[38;5;9m 0.000  [39m┆[38;5;9m 0.000  [39m┆[38;5;9m 0.000   [39m┆[38;5;9m 0.000   [39m┆[38;5;9m 0.000   [39m┆ 8.333  ┆ 25.000 ┆[38;5;9m 0.000   [39m│
│[48;2;41;44;60m Larissa  [49m┆[48;2;41;44;60m 33.333 [49m┆[48;2;41;44;60m 25.000 [49m┆[48;2;41;44;60m[38;5;9m 0.000   [49m[39m┆[48;2;41;44;60m 33.333 [49m┆[48;2;41;44;60m[38;5;9m 0.000  [49m[39m┆[48;2;41;44;60m[38;5;9m 0.000   [49m[39m┆[48;2;41;44;60m[38;5;9m 0.000   [49m[39m┆[48;2;41;44;60m[38;5;9m 0.000   [49m[39m┆[48;2;41;44;60m 8.333  [49m┆[48;2;41;44;60m[38;5;9m 0.000  [49m[39m┆[48;2;41;44;60m[38;5;9m 0.000   [49m[39m│
│ Steffi   ┆[38;5;9m 0.000  [39m┆[38;5;9m 0.000  [39m┆[38;5;10m 100.000 [39m┆[38;5;9m 0.000  [39m┆[38;5;9m 0.000  [39m┆[38;5;9m 0.000   [39m┆[38;5;9m 0.000   [39m┆[38;5;9m 0.000   [39m┆[38;5;9m 0.000  [39m┆[38;5;9m 0.000  [39m┆[38;5;9m 0.000   [39m│
│[48;2;41;44;60m Valeria  [49m┆[48;2;41;44;60m 25.000 [49m┆[48;2;41;44;60m 8.333  [49m┆[48;2;41;44;60m[38;5;9m 0.000   [49m[39m┆[48;2;41;44;60m 8.333  [49m┆[48;2;41;44;60m 41.667 [49m┆[48;2;41;44;60m[38;5;9m 0.000   [49m[39m┆[48;2;41;44;60m[38;5;9m 0.000   [49m[39m┆[48;2;41;44;60m[38;5;9m 0.000   [49m[39m┆[48;2;41;44;60m[38;5;9m 0.000  [49m[39m┆[48;2;41;44;60m 16.667 [49m┆[48;2;41;44;60m[38;5;9m 0.000   [49m[39m│
│ Vanessa  ┆[38;5;9m 0.000  [39m┆[38;5;9m 0.000  [39m┆[38;5;9m 0.000   [39m┆[38;5;9m 0.000  [39m┆[38;5;9m 0.000  [39m┆[38;5;9m 0.000   [39m┆[38;5;9m 0.000   [39m┆[38;5;9m 0.000   [39m┆[38;5;9m 0.000  [39m┆[38;5;9m 0.000  [39m┆[38;5;10m 100.000 [39m│
╰──────────┴────────┴────────┴─────────┴────────┴────────┴─────────┴─────────┴─────────┴────────┴────────┴─────────╯
12 left -> 3.5850 bits left

MN#8.0 E18 -- Blackout
0x Valeria -> Burim
0x Dorna -> Joel
0x Carina -> Kenneth
2x Aurelia -> Marwin
0x Larissa -> Pascal
7x Steffi -> Chris
3x Caro -> Ken
0x Henna -> Deniz
4x Vanessa -> Sasa
4x Juliette -> Barkin
---
-> Pr[lights]: {2: 58.3%, 3: 33.3%, 4: 8.3%}
->  E[lights]: 2.500
2 lights => I = 0.7776 bits
╭──────────┬────────┬────────┬─────────┬────────┬────────┬─────────┬─────────┬─────────┬────────┬────────┬─────────╮
│          ┆ Barkin ┆  Burim ┆  Chris  ┆  Deniz ┆  Joel  ┆   Ken   ┆ Kenneth ┆   Max   ┆ Pascal ┆  Sasa  ┆  Marwin │
╞══════════╪════════╪════════╪═════════╪════════╪════════╪═════════╪═════════╪═════════╪════════╪════════╪═════════╡
│[48;2;41;44;60m Aurelia  [49m┆[48;2;41;44;60m 14.286 [49m┆[48;2;41;44;60m[38;5;9m 0.000  [49m[39m┆[48;2;41;44;60m[38;5;9m 0.000   [49m[39m┆[48;2;41;44;60m 28.571 [49m┆[48;2;41;44;60m[38;5;9m 0.000  [49m[39m┆[48;2;41;44;60m[38;5;9m 0.000   [49m[39m┆[48;2;41;44;60m[38;5;9m 0.000   [49m[39m┆[48;2;41;44;60m[38;5;9m 0.000   [49m[39m┆[48;2;41;44;60m 28.571 [49m┆[48;2;41;44;60m 28.571 [49m┆[48;2;41;44;60m[38;5;9m 0.000   [49m[39m│
│ Carina   ┆ 28.571 ┆[38;5;9m 0.000  [39m┆[38;5;9m 0.000   [39m┆ 28.571 ┆ 42.857 ┆[38;5;9m 0.000   [39m┆[38;5;9m 0.000   [39m┆[38;5;9m 0.000   [39m┆[38;5;9m 0.000  [39m┆[38;5;9m 0.000  [39m┆[38;5;9m 0.000   [39m│
│[48;2;41;44;60m Caro     [49m┆[48;2;41;44;60m[38;5;9m 0.000  [49m[39m┆[48;2;41;44;60m[38;5;9m 0.000  [49m[39m┆[48;2;41;44;60m[38;5;9m 0.000   [49m[39m┆[48;2;41;44;60m[38;5;9m 0.000  [49m[39m┆[48;2;41;44;60m[38;5;9m 0.000  [49m[39m┆[48;2;41;44;60m[38;5;10m 100.000 [49m[39m┆[48;2;41;44;60m[38;5;9m 0.000   [49m[39m┆[48;2;41;44;60m[38;5;10m 100.000 [49m[39m┆[48;2;41;44;60m[38;5;9m 0.000  [49m[39m┆[48;2;41;44;60m[38;5;9m 0.000  [49m[39m┆[48;2;41;44;60m[38;5;9m 0.000   [49m[39m│
│ Dorna    ┆[38;5;9m 0.000  [39m┆[38;5;9m 0.000  [39m┆[38;5;9m 0.000   [39m┆[38;5;9m 0.000  [39m┆[38;5;9m 0.000  [39m┆[38;5;9m 0.000   [39m┆[38;5;9m 0.000   [39m┆[38;5;9m 0.000   [39m┆[38;5;14m 57.143 [39m┆ 42.857 ┆[38;5;9m 0.000   [39m│
│[48;2;41;44;60m Henna    [49m┆[48;2;41;44;60m[38;5;9m 0.000  [49m[39m┆[48;2;41;44;60m[38;5;9m 0.000  [49m[39m┆[48;2;41;44;60m[38;5;9m 0.000   [49m[39m┆[48;2;41;44;60m[38;5;9m 0.000  [49m[39m┆[48;2;41;44;60m[38;5;9m 0.000  [49m[39m┆[48;2;41;44;60m[38;5;9m 0.000   [49m[39m┆[48;2;41;44;60m[38;5;10m 100.000 [49m[39m┆[48;2;41;44;60m[38;5;9m 0.000   [49m[39m┆[48;2;41;44;60m[38;5;9m 0.000  [49m[39m┆[48;2;41;44;60m[38;5;9m 0.000  [49m[39m┆[48;2;41;44;60m[38;5;9m 0.000   [49m[39m│
│ Juliette ┆[38;5;9m 0.000  [39m┆[38;5;14m 71.429 [39m┆[38;5;9m 0.000   [39m┆[38;5;9m 0.000  [39m┆[38;5;9m 0.000  [39m┆[38;5;9m 0.000   [39m┆[38;5;9m 0.000   [39m┆[38;5;9m 0.000   [39m┆ 14.286 ┆ 14.286 ┆[38;5;9m 0.000   [39m│
│[48;2;41;44;60m Larissa  [49m┆[48;2;41;44;60m 28.571 [49m┆[48;2;41;44;60m 28.571 [49m┆[48;2;41;44;60m[38;5;9m 0.000   [49m[39m┆[48;2;41;44;60m 42.857 [49m┆[48;2;41;44;60m[38;5;9m 0.000  [49m[39m┆[48;2;41;44;60m[38;5;9m 0.000   [49m[39m┆[48;2;41;44;60m[38;5;9m 0.000   [49m[39m┆[48;2;41;44;60m[38;5;9m 0.000   [49m[39m┆[48;2;41;44;60m[38;5;9m 0.000  [49m[39m┆[48;2;41;44;60m[38;5;9m 0.000  [49m[39m┆[48;2;41;44;60m[38;5;9m 0.000   [49m[39m│
│ Steffi   ┆[38;5;9m 0.000  [39m┆[38;5;9m 0.000  [39m┆[38;5;10m 100.000 [39m┆[38;5;9m 0.000  [39m┆[38;5;9m 0.000  [39m┆[38;5;9m 0.000   [39m┆[38;5;9m 0.000   [39m┆[38;5;9m 0.000   [39m┆[38;5;9m 0.000  [39m┆[38;5;9m 0.000  [39m┆[38;5;9m 0.000   [39m│
│[48;2;41;44;60m Valeria  [49m┆[48;2;41;44;60m 28.571 [49m┆[48;2;41;44;60m[38;5;9m 0.000  [49m[39m┆[48;2;41;44;60m[38;5;9m 0.000   [49m[39m┆[48;2;41;44;60m[38;5;9m 0.000  [49m[39m┆[48;2;41;44;60m[38;5;14m 57.143 [49m[39m┆[48;2;41;44;60m[38;5;9m 0.000   [49m[39m┆[48;2;41;44;60m[38;5;9m 0.000   [49m[39m┆[48;2;41;44;60m[38;5;9m 0.000   [49m[39m┆[48;2;41;44;60m[38;5;9m 0.000  [49m[39m┆[48;2;41;44;60m 14.286 [49m┆[48;2;41;44;60m[38;5;9m 0.000   [49m[39m│
│ Vanessa  ┆[38;5;9m 0.000  [39m┆[38;5;9m 0.000  [39m┆[38;5;9m 0.000   [39m┆[38;5;9m 0.000  [39m┆[38;5;9m 0.000  [39m┆[38;5;9m 0.000   [39m┆[38;5;9m 0.000   [39m┆[38;5;9m 0.000   [39m┆[38;5;9m 0.000  [39m┆[38;5;9m 0.000  [39m┆[38;5;10m 100.000 [39m│
╰──────────┴────────┴────────┴─────────┴────────┴────────┴─────────┴─────────┴─────────┴────────┴────────┴─────────╯
7 left -> 2.8074 bits left

MB#9.0 E19
Carina -> Pascal
---
-> Pr[lights]: {0: 100.0%}
0 lights => I = -0.0000 bits
╭──────────┬────────┬────────┬─────────┬────────┬────────┬─────────┬─────────┬─────────┬────────┬────────┬─────────╮
│          ┆ Barkin ┆  Burim ┆  Chris  ┆  Deniz ┆  Joel  ┆   Ken   ┆ Kenneth ┆   Max   ┆ Pascal ┆  Sasa  ┆  Marwin │
╞══════════╪════════╪════════╪═════════╪════════╪════════╪═════════╪═════════╪═════════╪════════╪════════╪═════════╡
│[48;2;41;44;60m Aurelia  [49m┆[48;2;41;44;60m 14.286 [49m┆[48;2;41;44;60m[38;5;9m 0.000  [49m[39m┆[48;2;41;44;60m[38;5;9m 0.000   [49m[39m┆[48;2;41;44;60m 28.571 [49m┆[48;2;41;44;60m[38;5;9m 0.000  [49m[39m┆[48;2;41;44;60m[38;5;9m 0.000   [49m[39m┆[48;2;41;44;60m[38;5;9m 0.000   [49m[39m┆[48;2;41;44;60m[38;5;9m 0.000   [49m[39m┆[48;2;41;44;60m 28.571 [49m┆[48;2;41;44;60m 28.571 [49m┆[48;2;41;44;60m[38;5;9m 0.000   [49m[39m│
│ Carina   ┆ 28.571 ┆[38;5;9m 0.000  [39m┆[38;5;9m 0.000   [39m┆ 28.571 ┆ 42.857 ┆[38;5;9m 0.000   [39m┆[38;5;9m 0.000   [39m┆[38;5;9m 0.000   [39m┆[38;5;9m 0.000  [39m┆[38;5;9m 0.000  [39m┆[38;5;9m 0.000   [39m│
│[48;2;41;44;60m Caro     [49m┆[48;2;41;44;60m[38;5;9m 0.000  [49m[39m┆[48;2;41;44;60m[38;5;9m 0.000  [49m[39m┆[48;2;41;44;60m[38;5;9m 0.000   [49m[39m┆[48;2;41;44;60m[38;5;9m 0.000  [49m[39m┆[48;2;41;44;60m[38;5;9m 0.000  [49m[39m┆[48;2;41;44;60m[38;5;10m 100.000 [49m[39m┆[48;2;41;44;60m[38;5;9m 0.000   [49m[39m┆[48;2;41;44;60m[38;5;10m 100.000 [49m[39m┆[48;2;41;44;60m[38;5;9m 0.000  [49m[39m┆[48;2;41;44;60m[38;5;9m 0.000  [49m[39m┆[48;2;41;44;60m[38;5;9m 0.000   [49m[39m│
│ Dorna    ┆[38;5;9m 0.000  [39m┆[38;5;9m 0.000  [39m┆[38;5;9m 0.000   [39m┆[38;5;9m 0.000  [39m┆[38;5;9m 0.000  [39m┆[38;5;9m 0.000   [39m┆[38;5;9m 0.000   [39m┆[38;5;9m 0.000   [39m┆[38;5;14m 57.143 [39m┆ 42.857 ┆[38;5;9m 0.000   [39m│
│[48;2;41;44;60m Henna    [49m┆[48;2;41;44;60m[38;5;9m 0.000  [49m[39m┆[48;2;41;44;60m[38;5;9m 0.000  [49m[39m┆[48;2;41;44;60m[38;5;9m 0.000   [49m[39m┆[48;2;41;44;60m[38;5;9m 0.000  [49m[39m┆[48;2;41;44;60m[38;5;9m 0.000  [49m[39m┆[48;2;41;44;60m[38;5;9m 0.000   [49m[39m┆[48;2;41;44;60m[38;5;10m 100.000 [49m[39m┆[48;2;41;44;60m[38;5;9m 0.000   [49m[39m┆[48;2;41;44;60m[38;5;9m 0.000  [49m[39m┆[48;2;41;44;60m[38;5;9m 0.000  [49m[39m┆[48;2;41;44;60m[38;5;9m 0.000   [49m[39m│
│ Juliette ┆[38;5;9m 0.000  [39m┆[38;5;14m 71.429 [39m┆[38;5;9m 0.000   [39m┆[38;5;9m 0.000  [39m┆[38;5;9m 0.000  [39m┆[38;5;9m 0.000   [39m┆[38;5;9m 0.000   [39m┆[38;5;9m 0.000   [39m┆ 14.286 ┆ 14.286 ┆[38;5;9m 0.000   [39m│
│[48;2;41;44;60m Larissa  [49m┆[48;2;41;44;60m 28.571 [49m┆[48;2;41;44;60m 28.571 [49m┆[48;2;41;44;60m[38;5;9m 0.000   [49m[39m┆[48;2;41;44;60m 42.857 [49m┆[48;2;41;44;60m[38;5;9m 0.000  [49m[39m┆[48;2;41;44;60m[38;5;9m 0.000   [49m[39m┆[48;2;41;44;60m[38;5;9m 0.000   [49m[39m┆[48;2;41;44;60m[38;5;9m 0.000   [49m[39m┆[48;2;41;44;60m[38;5;9m 0.000  [49m[39m┆[48;2;41;44;60m[38;5;9m 0.000  [49m[39m┆[48;2;41;44;60m[38;5;9m 0.000   [49m[39m│
│ Steffi   ┆[38;5;9m 0.000  [39m┆[38;5;9m 0.000  [39m┆[38;5;10m 100.000 [39m┆[38;5;9m 0.000  [39m┆[38;5;9m 0.000  [39m┆[38;5;9m 0.000   [39m┆[38;5;9m 0.000   [39m┆[38;5;9m 0.000   [39m┆[38;5;9m 0.000  [39m┆[38;5;9m 0.000  [39m┆[38;5;9m 0.000   [39m│
│[48;2;41;44;60m Valeria  [49m┆[48;2;41;44;60m 28.571 [49m┆[48;2;41;44;60m[38;5;9m 0.000  [49m[39m┆[48;2;41;44;60m[38;5;9m 0.000   [49m[39m┆[48;2;41;44;60m[38;5;9m 0.000  [49m[39m┆[48;2;41;44;60m[38;5;14m 57.143 [49m[39m┆[48;2;41;44;60m[38;5;9m 0.000   [49m[39m┆[48;2;41;44;60m[38;5;9m 0.000   [49m[39m┆[48;2;41;44;60m[38;5;9m 0.000   [49m[39m┆[48;2;41;44;60m[38;5;9m 0.000  [49m[39m┆[48;2;41;44;60m 14.286 [49m┆[48;2;41;44;60m[38;5;9m 0.000   [49m[39m│
│ Vanessa  ┆[38;5;9m 0.000  [39m┆[38;5;9m 0.000  [39m┆[38;5;9m 0.000   [39m┆[38;5;9m 0.000  [39m┆[38;5;9m 0.000  [39m┆[38;5;9m 0.000   [39m┆[38;5;9m 0.000   [39m┆[38;5;9m 0.000   [39m┆[38;5;9m 0.000  [39m┆[38;5;9m 0.000  [39m┆[38;5;10m 100.000 [39m│
╰──────────┴────────┴────────┴─────────┴────────┴────────┴─────────┴─────────┴─────────┴────────┴────────┴─────────╯
7 left -> 2.8074 bits left

MN#9.0 E21 -- finale
0x Aurelia -> Pascal
1x Juliette -> Burim
2x Valeria -> Joel
0x Carina -> Deniz
0x Larissa -> Barkin
0x Dorna -> Sasa
4x Henna -> Kenneth
8x Steffi -> Chris
1x Vanessa -> Marwin
4x Caro -> Ken
---
-> Pr[lights]: {5: 42.9%, 6: 14.3%, 7: 14.3%, 8: 14.3%, 10: 14.3%}
->  E[lights]: 6.571
10 lights => I = 2.8074 bits
╭──────────┬─────────┬─────────┬─────────┬─────────┬─────────┬─────────┬─────────┬─────────┬─────────┬─────────┬─────────╮
│          ┆  Barkin ┆  Burim  ┆  Chris  ┆  Deniz  ┆   Joel  ┆   Ken   ┆ Kenneth ┆   Max   ┆  Pascal ┆   Sasa  ┆  Marwin │
╞══════════╪═════════╪═════════╪═════════╪═════════╪═════════╪═════════╪═════════╪═════════╪═════════╪═════════╪═════════╡
│[48;2;41;44;60m Aurelia  [49m┆[48;2;41;44;60m[38;5;9m 0.000   [49m[39m┆[48;2;41;44;60m[38;5;9m 0.000   [49m[39m┆[48;2;41;44;60m[38;5;9m 0.000   [49m[39m┆[48;2;41;44;60m[38;5;9m 0.000   [49m[39m┆[48;2;41;44;60m[38;5;9m 0.000   [49m[39m┆[48;2;41;44;60m[38;5;9m 0.000   [49m[39m┆[48;2;41;44;60m[38;5;9m 0.000   [49m[39m┆[48;2;41;44;60m[38;5;9m 0.000   [49m[39m┆[48;2;41;44;60m[38;5;10m 100.000 [49m[39m┆[48;2;41;44;60m[38;5;9m 0.000   [49m[39m┆[48;2;41;44;60m[38;5;9m 0.000   [49m[39m│
│ Carina   ┆[38;5;9m 0.000   [39m┆[38;5;9m 0.000   [39m┆[38;5;9m 0.000   [39m┆[38;5;10m 100.000 [39m┆[38;5;9m 0.000   [39m┆[38;5;9m 0.000   [39m┆[38;5;9m 0.000   [39m┆[38;5;9m 0.000   [39m┆[38;5;9m 0.000   [39m┆[38;5;9m 0.000   [39m┆[38;5;9m 0.000   [39m│
│[48;2;41;44;60m Caro     [49m┆[48;2;41;44;60m[38;5;9m 0.000   [49m[39m┆[48;2;41;44;60m[38;5;9m 0.000   [49m[39m┆[48;2;41;44;60m[38;5;9m 0.000   [49m[39m┆[48;2;41;44;60m[38;5;9m 0.000   [49m[39m┆[48;2;41;44;60m[38;5;9m 0.000   [49m[39m┆[48;2;41;44;60m[38;5;10m 100.000 [49m[39m┆[48;2;41;44;60m[38;5;9m 0.000   [49m[39m┆[48;2;41;44;60m[38;5;10m 100.000 [49m[39m┆[48;2;41;44;60m[38;5;9m 0.000   [49m[39m┆[48;2;41;44;60m[38;5;9m 0.000   [49m[39m┆[48;2;41;44;60m[38;5;9m 0.000   [49m[39m│
│ Dorna    ┆[38;5;9m 0.000   [39m┆[38;5;9m 0.000   [39m┆[38;5;9m 0.000   [39m┆[38;5;9m 0.000   [39m┆[38;5;9m 0.000   [39m┆[38;5;9m 0.000   [39m┆[38;5;9m 0.000   [39m┆[38;5;9m 0.000   [39m┆[38;5;9m 0.000   [39m┆[38;5;10m 100.000 [39m┆[38;5;9m 0.000   [39m│
│[48;2;41;44;60m Henna    [49m┆[48;2;41;44;60m[38;5;9m 0.000   [49m[39m┆[48;2;41;44;60m[38;5;9m 0.000   [49m[39m┆[48;2;41;44;60m[38;5;9m 0.000   [49m[39m┆[48;2;41;44;60m[38;5;9m 0.000   [49m[39m┆[48;2;41;44;60m[38;5;9m 0.000   [49m[39m┆[48;2;41;44;60m[38;5;9m 0.000   [49m[39m┆[48;2;41;44;60m[38;5;10m 100.000 [49m[39m┆[48;2;41;44;60m[38;5;9m 0.000   [49m[39m┆[48;2;41;44;60m[38;5;9m 0.000   [49m[39m┆[48;2;41;44;60m[38;5;9m 0.000   [49m[39m┆[48;2;41;44;60m[38;5;9m 0.000   [49m[39m│
│ Juliette ┆[38;5;9m 0.000   [39m┆[38;5;10m 100.000 [39m┆[38;5;9m 0.000   [39m┆[38;5;9m 0.000   [39m┆[38;5;9m 0.000   [39m┆[38;5;9m 0.000   [39m┆[38;5;9m 0.000   [39m┆[38;5;9m 0.000   [39m┆[38;5;9m 0.000   [39m┆[38;5;9m 0.000   [39m┆[38;5;9m 0.000   [39m│
│[48;2;41;44;60m Larissa  [49m┆[48;2;41;44;60m[38;5;10m 100.000 [49m[39m┆[48;2;41;44;60m[38;5;9m 0.000   [49m[39m┆[48;2;41;44;60m[38;5;9m 0.000   [49m[39m┆[48;2;41;44;60m[38;5;9m 0.000   [49m[39m┆[48;2;41;44;60m[38;5;9m 0.000   [49m[39m┆[48;2;41;44;60m[38;5;9m 0.000   [49m[39m┆[48;2;41;44;60m[38;5;9m 0.000   [49m[39m┆[48;2;41;44;60m[38;5;9m 0.000   [49m[39m┆[48;2;41;44;60m[38;5;9m 0.000   [49m[39m┆[48;2;41;44;60m[38;5;9m 0.000   [49m[39m┆[48;2;41;44;60m[38;5;9m 0.000   [49m[39m│
│ Steffi   ┆[38;5;9m 0.000   [39m┆[38;5;9m 0.000   [39m┆[38;5;10m 100.000 [39m┆[38;5;9m 0.000   [39m┆[38;5;9m 0.000   [39m┆[38;5;9m 0.000   [39m┆[38;5;9m 0.000   [39m┆[38;5;9m 0.000   [39m┆[38;5;9m 0.000   [39m┆[38;5;9m 0.000   [39m┆[38;5;9m 0.000   [39m│
│[48;2;41;44;60m Valeria  [49m┆[48;2;41;44;60m[38;5;9m 0.000   [49m[39m┆[48;2;41;44;60m[38;5;9m 0.000   [49m[39m┆[48;2;41;44;60m[38;5;9m 0.000   [49m[39m┆[48;2;41;44;60m[38;5;9m 0.000   [49m[39m┆[48;2;41;44;60m[38;5;10m 100.000 [49m[39m┆[48;2;41;44;60m[38;5;9m 0.000   [49m[39m┆[48;2;41;44;60m[38;5;9m 0.000   [49m[39m┆[48;2;41;44;60m[38;5;9m 0.000   [49m[39m┆[48;2;41;44;60m[38;5;9m 0.000   [49m[39m┆[48;2;41;44;60m[38;5;9m 0.000   [49m[39m┆[48;2;41;44;60m[38;5;9m 0.000   [49m[39m│
│ Vanessa  ┆[38;5;9m 0.000   [39m┆[38;5;9m 0.000   [39m┆[38;5;9m 0.000   [39m┆[38;5;9m 0.000   [39m┆[38;5;9m 0.000   [39m┆[38;5;9m 0.000   [39m┆[38;5;9m 0.000   [39m┆[38;5;9m 0.000   [39m┆[38;5;9m 0.000   [39m┆[38;5;9m 0.000   [39m┆[38;5;10m 100.000 [39m│
╰──────────┴─────────┴─────────┴─────────┴─────────┴─────────┴─────────┴─────────┴─────────┴─────────┴─────────┴─────────╯
1 left -> 0.0000 bits left

╭────────┬────┬──────────┬──────────┬─────────┬─────────┬──────────┬──────────┬─────────┬────────┬─────────┬─────────┬───┬─────────┬──────┬──────────╮
│        ┆  L ┆  Aurelia ┆  Carina  ┆   Caro  ┆  Dorna  ┆   Henna  ┆ Juliette ┆ Larissa ┆ Steffi ┆ Valeria ┆ Vanessa ┆   ┆    I    ┆ #new ┆ min dist │
╞════════╪════╪══════════╪══════════╪═════════╪═════════╪══════════╪══════════╪═════════╪════════╪═════════╪═════════╪═══╪═════════╪══════╪══════════╡
│ MB#1.0 ┆ 0  ┆          ┆          ┆         ┆         ┆          ┆          ┆         ┆        ┆ Marwin  ┆         ┆   ┆ 0.1520  ┆      ┆          │
│ MB#1.2 ┆ 0  ┆          ┆          ┆         ┆ Kenneth ┆          ┆          ┆         ┆        ┆         ┆         ┆   ┆ 0.1504  ┆      ┆          │
│ MN#1.0 ┆ 3  ┆ Deniz*   ┆ Ken*     ┆ Barkin* ┆ Marwin* ┆ Kenneth* ┆ Burim*   ┆ Joel*   ┆ Chris* ┆ Max*    ┆ Sasa*   ┆   ┆ 3.9690  ┆ 10   ┆          │
│ MB#2.0 ┆ 0  ┆          ┆ Burim    ┆         ┆         ┆          ┆          ┆         ┆        ┆         ┆         ┆   ┆ 0.1178  ┆      ┆          │
│ MN#2.0 ┆ 3  ┆ Burim*   ┆ Ken      ┆ Max*    ┆ Marwin  ┆ Kenneth  ┆ Barkin*  ┆ Joel    ┆ Chris  ┆ Pascal* ┆ Sasa    ┆   ┆ 2.0992  ┆ 4    ┆ 4/MN#1   │
│ MB#3.0 ┆ 1  ┆          ┆          ┆         ┆         ┆          ┆          ┆         ┆ Chris  ┆         ┆         ┆   ┆ 1.6817  ┆      ┆          │
│ MN#3.0 ┆ 2  ┆ Kenneth* ┆ Sasa*    ┆ Pascal* ┆ Deniz*  ┆ Ken*     ┆ Barkin   ┆ Joel    ┆ Chris  ┆ Max     ┆ Marwin* ┆   ┆ 1.4911  ┆ 6    ┆ 7/MN#1   │
│ MB#4.0 ┆ 0  ┆          ┆          ┆         ┆         ┆          ┆          ┆         ┆        ┆ Max     ┆         ┆   ┆ 0.1387  ┆      ┆          │
│ MN#4.0 ┆ 3  ┆ Marwin*  ┆ Pascal*  ┆ Max     ┆ Burim*  ┆ Ken      ┆ Kenneth* ┆ Deniz*  ┆ Chris  ┆ Joel*   ┆ Sasa    ┆   ┆ 2.2963  ┆ 6    ┆ 7/MN#2   │
│ MB#5.0 ┆ 1  ┆          ┆          ┆ Ken     ┆         ┆          ┆          ┆         ┆        ┆         ┆         ┆   ┆ 7.8396  ┆      ┆          │
│ MN#5.0 ┆ 4  ┆ Marwin   ┆ Pascal   ┆ Ken     ┆ Burim   ┆ Kenneth  ┆ Barkin   ┆ Deniz   ┆ Chris  ┆ Joel    ┆ Sasa    ┆   ┆ 1.8553  ┆ 0    ┆ 3/MN#4   │
│ MB#6.0 ┆ 0  ┆          ┆          ┆         ┆ Burim   ┆          ┆          ┆         ┆        ┆         ┆         ┆   ┆ 0.1964  ┆      ┆          │
│ MN#6.0 ┆ 3  ┆ Burim    ┆ Sasa     ┆ Ken     ┆ Deniz   ┆ Kenneth  ┆ Barkin   ┆ Marwin* ┆ Chris  ┆ Pascal  ┆ Joel*   ┆   ┆ 1.0000  ┆ 2    ┆ 5/MN#2   │
│ MB#7.0 ┆ 0  ┆          ┆          ┆         ┆         ┆          ┆ Joel     ┆         ┆        ┆         ┆         ┆   ┆ 0.2630  ┆      ┆          │
│ MN#7.0 ┆ 2  ┆ Joel*    ┆ Marwin*  ┆ Ken     ┆ Barkin* ┆ Burim*   ┆ Kenneth  ┆ Sasa*   ┆ Chris  ┆ Pascal  ┆ Deniz*  ┆   ┆ 0.7370  ┆ 6    ┆ 7/MN#6   │
│ MB#8.0 ┆ 0  ┆          ┆          ┆         ┆ Marwin  ┆          ┆          ┆         ┆        ┆         ┆         ┆   ┆ -0.0000 ┆      ┆          │
│ MN#8.0 ┆ 2  ┆ Marwin   ┆ Kenneth* ┆ Ken     ┆ Joel*   ┆ Deniz*   ┆ Barkin   ┆ Pascal* ┆ Chris  ┆ Burim*  ┆ Sasa    ┆   ┆ 0.7776  ┆ 5    ┆ 5/MN#5   │
│ MB#9.0 ┆ 0  ┆          ┆ Pascal   ┆         ┆         ┆          ┆          ┆         ┆        ┆         ┆         ┆   ┆ -0.0000 ┆      ┆          │
│ MN#9.0 ┆ 10 ┆ Pascal*  ┆ Deniz*   ┆ Ken     ┆ Sasa*   ┆ Kenneth  ┆ Burim    ┆ Barkin* ┆ Chris  ┆ Joel    ┆ Marwin  ┆   ┆ 2.8074  ┆ 4    ┆ 6/MN#5   │
╰────────┴────┴──────────┴──────────┴─────────┴─────────┴──────────┴──────────┴─────────┴────────┴─────────┴─────────┴───┴─────────┴──────┴──────────╯
Total permutations: 199584000  Permutations left: 1  Initial combinations for each pair: 19958400

Ran in 62.76s
