total 36288000 -> max I 25.112989
-> I = -0.0000 bit
        |   Amadu|  Calvin|   Fabio|    Luca|   Lukas|  Martin| Maurice|     Max|   Micha|Pharrell|   Felix|
    Anna| 10.0000|[0m 10.0000|[0m 10.0000|[0m 10.0000|[0m 10.0000|[0m 10.0000|[0m 10.0000|[0m 10.0000|[0m 10.0000|[0m 10.0000|[0m 10.0000|[0m
 Cecilia| 10.0000|[0m 10.0000|[0m 10.0000|[0m 10.0000|[0m 10.0000|[0m 10.0000|[0m 10.0000|[0m 10.0000|[0m 10.0000|[0m 10.0000|[0m 10.0000|[0m
  Celina| 10.0000|[0m 10.0000|[0m 10.0000|[0m 10.0000|[0m 10.0000|[0m 10.0000|[0m 10.0000|[0m 10.0000|[0m 10.0000|[0m 10.0000|[0m 10.0000|[0m
  Franzi| 10.0000|[0m 10.0000|[0m 10.0000|[0m 10.0000|[0m 10.0000|[0m 10.0000|[0m 10.0000|[0m 10.0000|[0m 10.0000|[0m 10.0000|[0m 10.0000|[0m
    Gina| 10.0000|[0m 10.0000|[0m 10.0000|[0m 10.0000|[0m 10.0000|[0m 10.0000|[0m 10.0000|[0m 10.0000|[0m 10.0000|[0m 10.0000|[0m 10.0000|[0m
Isabelle| 10.0000|[0m 10.0000|[0m 10.0000|[0m 10.0000|[0m 10.0000|[0m 10.0000|[0m 10.0000|[0m 10.0000|[0m 10.0000|[0m 10.0000|[0m 10.0000|[0m
  Karina| 10.0000|[0m 10.0000|[0m 10.0000|[0m 10.0000|[0m 10.0000|[0m 10.0000|[0m 10.0000|[0m 10.0000|[0m 10.0000|[0m 10.0000|[0m 10.0000|[0m
   Luisa| 10.0000|[0m 10.0000|[0m 10.0000|[0m 10.0000|[0m 10.0000|[0m 10.0000|[0m 10.0000|[0m 10.0000|[0m 10.0000|[0m 10.0000|[0m 10.0000|[0m
 Ricarda| 10.0000|[0m 10.0000|[0m 10.0000|[0m 10.0000|[0m 10.0000|[0m 10.0000|[0m 10.0000|[0m 10.0000|[0m 10.0000|[0m 10.0000|[0m 10.0000|[0m
     Zoe| 10.0000|[0m 10.0000|[0m 10.0000|[0m 10.0000|[0m 10.0000|[0m 10.0000|[0m 10.0000|[0m 10.0000|[0m 10.0000|[0m 10.0000|[0m 10.0000|[0m

opt: Zoe -> Martin => H = -nan
0
Zoe -> Martin
H = 0.5033 bit/X -> I = 0.1520 bit
        |   Amadu|  Calvin|   Fabio|    Luca|   Lukas|  Martin| Maurice|     Max|   Micha|Pharrell|   Felix|
    Anna|  9.8765|[0m  9.8765|[0m  9.8765|[0m  9.8765|[0m  9.8765|[0m 11.1111|[0m  9.8765|[0m  9.8765|[0m  9.8765|[0m  9.8765|[0m 10.0000|[0m
 Cecilia|  9.8765|[0m  9.8765|[0m  9.8765|[0m  9.8765|[0m  9.8765|[0m 11.1111|[0m  9.8765|[0m  9.8765|[0m  9.8765|[0m  9.8765|[0m 10.0000|[0m
  Celina|  9.8765|[0m  9.8765|[0m  9.8765|[0m  9.8765|[0m  9.8765|[0m 11.1111|[0m  9.8765|[0m  9.8765|[0m  9.8765|[0m  9.8765|[0m 10.0000|[0m
  Franzi|  9.8765|[0m  9.8765|[0m  9.8765|[0m  9.8765|[0m  9.8765|[0m 11.1111|[0m  9.8765|[0m  9.8765|[0m  9.8765|[0m  9.8765|[0m 10.0000|[0m
    Gina|  9.8765|[0m  9.8765|[0m  9.8765|[0m  9.8765|[0m  9.8765|[0m 11.1111|[0m  9.8765|[0m  9.8765|[0m  9.8765|[0m  9.8765|[0m 10.0000|[0m
Isabelle|  9.8765|[0m  9.8765|[0m  9.8765|[0m  9.8765|[0m  9.8765|[0m 11.1111|[0m  9.8765|[0m  9.8765|[0m  9.8765|[0m  9.8765|[0m 10.0000|[0m
  Karina|  9.8765|[0m  9.8765|[0m  9.8765|[0m  9.8765|[0m  9.8765|[0m 11.1111|[0m  9.8765|[0m  9.8765|[0m  9.8765|[0m  9.8765|[0m 10.0000|[0m
   Luisa|  9.8765|[0m  9.8765|[0m  9.8765|[0m  9.8765|[0m  9.8765|[0m 11.1111|[0m  9.8765|[0m  9.8765|[0m  9.8765|[0m  9.8765|[0m 10.0000|[0m
 Ricarda|  9.8765|[0m  9.8765|[0m  9.8765|[0m  9.8765|[0m  9.8765|[0m 11.1111|[0m  9.8765|[0m  9.8765|[0m  9.8765|[0m  9.8765|[0m 10.0000|[0m
     Zoe| 11.1111|[0m 11.1111|[0m 11.1111|[0m 11.1111|[0m 11.1111|[0m[2m[31m  0.0000|[0m 11.1111|[0m 11.1111|[0m 11.1111|[0m 11.1111|[0m 10.0000|[0m
32659200 left -> max I 24.960986

3
Anna -> Micha
Cecilia -> Amadu
Celina -> Martin
Franzi -> Max
Gina -> Calvin
Isabelle -> Lukas
Karina -> Pharrell
Luisa -> Fabio
Ricarda -> Maurice
Zoe -> Luca
-> I = 3.9926 bit
        |   Amadu|  Calvin|   Fabio|    Luca|   Lukas|  Martin| Maurice|     Max|   Micha|Pharrell|   Felix|
    Anna|  7.8099|[0m  7.8099|[0m  7.8099|[0m  7.5296|[0m  7.8099|[0m  8.4337|[0m  7.8099|[0m  7.8099|[0m 29.3675|[0m  7.8099|[0m 10.0000|[0m
 Cecilia| 29.3675|[0m  7.8099|[0m  7.8099|[0m  7.5296|[0m  7.8099|[0m  8.4337|[0m  7.8099|[0m  7.8099|[0m  7.8099|[0m  7.8099|[0m 10.0000|[0m
  Celina|  7.5296|[0m  7.5296|[0m  7.5296|[0m  7.2328|[0m  7.5296|[0m 32.5301|[0m  7.5296|[0m  7.5296|[0m  7.5296|[0m  7.5296|[0m 10.0000|[0m
  Franzi|  7.8099|[0m  7.8099|[0m  7.8099|[0m  7.5296|[0m  7.8099|[0m  8.4337|[0m  7.8099|[0m 29.3675|[0m  7.8099|[0m  7.8099|[0m 10.0000|[0m
    Gina|  7.8099|[0m 29.3675|[0m  7.8099|[0m  7.5296|[0m  7.8099|[0m  8.4337|[0m  7.8099|[0m  7.8099|[0m  7.8099|[0m  7.8099|[0m 10.0000|[0m
Isabelle|  7.8099|[0m  7.8099|[0m  7.8099|[0m  7.5296|[0m 29.3675|[0m  8.4337|[0m  7.8099|[0m  7.8099|[0m  7.8099|[0m  7.8099|[0m 10.0000|[0m
  Karina|  7.8099|[0m  7.8099|[0m  7.8099|[0m  7.5296|[0m  7.8099|[0m  8.4337|[0m  7.8099|[0m  7.8099|[0m  7.8099|[0m 29.3675|[0m 10.0000|[0m
   Luisa|  7.8099|[0m  7.8099|[0m 29.3675|[0m  7.5296|[0m  7.8099|[0m  8.4337|[0m  7.8099|[0m  7.8099|[0m  7.8099|[0m  7.8099|[0m 10.0000|[0m
 Ricarda|  7.8099|[0m  7.8099|[0m  7.8099|[0m  7.5296|[0m  7.8099|[0m  8.4337|[0m 29.3675|[0m  7.8099|[0m  7.8099|[0m  7.8099|[0m 10.0000|[0m
     Zoe|  8.4337|[0m  8.4337|[0m  8.4337|[0m 32.5301|[0m  8.4337|[0m[2m[31m  0.0000|[0m  8.4337|[0m  8.4337|[0m  8.4337|[0m  8.4337|[0m 10.0000|[0m
2051760 left -> max I 20.968431

opt: Karina -> Pharrell => H = -nan
0
Karina -> Pharrell
H = 0.9794 bit/X -> I = 0.5016 bit
        |   Amadu|  Calvin|   Fabio|    Luca|   Lukas|  Martin| Maurice|     Max|   Micha|Pharrell|   Felix|
    Anna|  7.0211|[0m  7.0211|[0m  7.0211|[0m  6.7313|[0m  7.0211|[0m  7.4627|[0m  7.0211|[0m  7.0211|[0m 32.6226|[0m 11.0571|[0m 10.0000|[0m
 Cecilia| 32.6226|[0m  7.0211|[0m  7.0211|[0m  6.7313|[0m  7.0211|[0m  7.4627|[0m  7.0211|[0m  7.0211|[0m  7.0211|[0m 11.0571|[0m 10.0000|[0m
  Celina|  6.7313|[0m  6.7313|[0m  6.7313|[0m  6.4000|[0m  6.7313|[0m 35.8209|[0m  6.7313|[0m  6.7313|[0m  6.7313|[0m 10.6603|[0m 10.0000|[0m
  Franzi|  7.0211|[0m  7.0211|[0m  7.0211|[0m  6.7313|[0m  7.0211|[0m  7.4627|[0m  7.0211|[0m 32.6226|[0m  7.0211|[0m 11.0571|[0m 10.0000|[0m
    Gina|  7.0211|[0m 32.6226|[0m  7.0211|[0m  6.7313|[0m  7.0211|[0m  7.4627|[0m  7.0211|[0m  7.0211|[0m  7.0211|[0m 11.0571|[0m 10.0000|[0m
Isabelle|  7.0211|[0m  7.0211|[0m  7.0211|[0m  6.7313|[0m 32.6226|[0m  7.4627|[0m  7.0211|[0m  7.0211|[0m  7.0211|[0m 11.0571|[0m 10.0000|[0m
  Karina| 11.0571|[0m 11.0571|[0m 11.0571|[0m 10.6603|[0m 11.0571|[0m 11.9403|[0m 11.0571|[0m 11.0571|[0m 11.0571|[0m[2m[31m  0.0000|[0m 10.0000|[0m
   Luisa|  7.0211|[0m  7.0211|[0m 32.6226|[0m  6.7313|[0m  7.0211|[0m  7.4627|[0m  7.0211|[0m  7.0211|[0m  7.0211|[0m 11.0571|[0m 10.0000|[0m
 Ricarda|  7.0211|[0m  7.0211|[0m  7.0211|[0m  6.7313|[0m  7.0211|[0m  7.4627|[0m 32.6226|[0m  7.0211|[0m  7.0211|[0m 11.0571|[0m 10.0000|[0m
     Zoe|  7.4627|[0m  7.4627|[0m  7.4627|[0m 35.8209|[0m  7.4627|[0m[2m[31m  0.0000|[0m  7.4627|[0m  7.4627|[0m  7.4627|[0m 11.9403|[0m 10.0000|[0m
1449210 left -> max I 20.466835

2
Anna -> Micha
Cecilia -> Pharrell
Celina -> Max
Franzi -> Luca
Gina -> Amadu
Isabelle -> Martin
Karina -> Fabio
Luisa -> Calvin
Ricarda -> Maurice
Zoe -> Lukas
-> I = 2.0666 bit
        |   Amadu|  Calvin|   Fabio|    Luca|   Lukas|  Martin| Maurice|     Max|   Micha|Pharrell|   Felix|
    Anna|  5.7494|[0m  5.6367|[0m  5.3707|[0m  5.4025|[0m  5.5962|[0m  6.0038|[0m  2.8559|[0m  5.6106|[0m 49.6748|[0m  8.0994|[0m 10.0000|[0m
 Cecilia| 27.0819|[0m  7.5271|[0m  7.3132|[0m  7.1860|[0m  7.4433|[0m  8.0185|[0m  5.3707|[0m  7.4201|[0m  5.3707|[0m 17.2684|[0m 10.0000|[0m
  Celina|  7.5329|[0m  7.4548|[0m  7.1860|[0m  7.2062|[0m  7.5589|[0m 31.1548|[0m  5.4025|[0m 10.4235|[0m  5.4025|[0m 10.6778|[0m 10.0000|[0m
  Franzi|  7.7873|[0m  7.7410|[0m  7.4201|[0m 10.4235|[0m  7.7583|[0m  8.4261|[0m  5.6106|[0m 28.2526|[0m  5.6106|[0m 10.9698|[0m 10.0000|[0m
    Gina| 10.9900|[0m 28.0040|[0m  7.5271|[0m  7.4548|[0m  7.7237|[0m  8.3365|[0m  5.6367|[0m  7.7410|[0m  5.6367|[0m 10.9496|[0m 10.0000|[0m
Isabelle|  7.8364|[0m  7.7237|[0m  7.4433|[0m  7.5589|[0m 27.9202|[0m 11.6433|[0m  5.5962|[0m  7.7583|[0m  5.5962|[0m 10.9235|[0m 10.0000|[0m
  Karina| 11.0334|[0m 10.9496|[0m 17.2684|[0m 10.6778|[0m 10.9235|[0m 11.9786|[0m  8.0994|[0m 10.9698|[0m  8.0994|[0m[2m[31m  0.0000|[0m 10.0000|[0m
   Luisa|  7.8046|[0m 10.9900|[0m 27.0819|[0m  7.5329|[0m  7.8364|[0m  8.4347|[0m  5.7494|[0m  7.7873|[0m  5.7494|[0m 11.0334|[0m 10.0000|[0m
 Ricarda|  5.7494|[0m  5.6367|[0m  5.3707|[0m  5.4025|[0m  5.5962|[0m  6.0038|[0m 49.6748|[0m  5.6106|[0m  2.8559|[0m  8.0994|[0m 10.0000|[0m
     Zoe|  8.4347|[0m  8.3365|[0m  8.0185|[0m 31.1548|[0m 11.6433|[0m[2m[31m  0.0000|[0m  6.0038|[0m  8.4261|[0m  6.0038|[0m 11.9786|[0m 10.0000|[0m
345950 left -> max I 18.400204

opt: Celina -> Lukas => H = -nan
0
Celina -> Lukas
H = 0.4084 bit/X -> I = 0.1134 bit
        |   Amadu|  Calvin|   Fabio|    Luca|   Lukas|  Martin| Maurice|     Max|   Micha|Pharrell|   Felix|
    Anna|  5.7942|[0m  5.6879|[0m  5.4409|[0m  5.4816|[0m  6.0538|[0m  5.8755|[0m  2.9518|[0m  5.6379|[0m 48.9837|[0m  8.0926|[0m 10.0000|[0m
 Cecilia| 26.4916|[0m  7.5235|[0m  7.3483|[0m  7.2295|[0m  8.0519|[0m  7.8018|[0m  5.4409|[0m  7.4422|[0m  5.4409|[0m 17.2295|[0m 10.0000|[0m
  Celina|  8.1488|[0m  8.0644|[0m  7.7736|[0m  7.7955|[0m[2m[31m  0.0000|[0m 33.7023|[0m  5.8443|[0m 11.2758|[0m  5.8443|[0m 11.5510|[0m 10.0000|[0m
  Franzi|  7.7986|[0m  7.7736|[0m  7.4359|[0m 10.5785|[0m  8.3927|[0m  8.2364|[0m  5.6817|[0m 27.5453|[0m  5.6817|[0m 10.8755|[0m 10.0000|[0m
    Gina| 11.2101|[0m 27.3452|[0m  7.5235|[0m  7.5266|[0m  8.3552|[0m  8.0582|[0m  5.6879|[0m  7.7736|[0m  5.6879|[0m 10.8318|[0m 10.0000|[0m
Isabelle|  7.6517|[0m  7.5141|[0m  7.2921|[0m  7.4547|[0m 30.2033|[0m 10.7036|[0m  5.5003|[0m  7.5547|[0m  5.5003|[0m 10.6254|[0m 10.0000|[0m
  Karina| 10.9006|[0m 10.8318|[0m 17.2295|[0m 10.6285|[0m 11.8168|[0m 11.5666|[0m  8.0926|[0m 10.8412|[0m  8.0926|[0m[2m[31m  0.0000|[0m 10.0000|[0m
   Luisa|  7.7642|[0m 11.2101|[0m 26.4916|[0m  7.5704|[0m  8.4772|[0m  8.1801|[0m  5.7942|[0m  7.8174|[0m  5.7942|[0m 10.9006|[0m 10.0000|[0m
 Ricarda|  5.7942|[0m  5.6879|[0m  5.4409|[0m  5.4816|[0m  6.0538|[0m  5.8755|[0m 48.9837|[0m  5.6379|[0m  2.9518|[0m  8.0926|[0m 10.0000|[0m
     Zoe|  8.4459|[0m  8.3615|[0m  8.0238|[0m 30.2533|[0m 12.5954|[0m[2m[31m  0.0000|[0m  6.0225|[0m  8.4740|[0m  6.0225|[0m 11.8011|[0m 10.0000|[0m
319800 left -> max I 18.286810

3
Anna -> Martin
Cecilia -> Amadu
Celina -> Fabio
Franzi -> Lukas
Gina -> Micha
Isabelle -> Luca
Karina -> Calvin
Luisa -> Pharrell
Ricarda -> Maurice
Zoe -> Max
-> I = 3.1567 bit
        |   Amadu|  Calvin|   Fabio|    Luca|   Lukas|  Martin| Maurice|     Max|   Micha|Pharrell|   Felix|
    Anna|  4.4897|[0m  7.1946|[0m  7.9755|[0m  6.9437|[0m  7.5014|[0m 16.3971|[0m  0.7808|[0m  6.9158|[0m 32.0692|[0m  9.7323|[0m 10.0000|[0m
 Cecilia| 53.6531|[0m  5.3820|[0m  5.5494|[0m  4.8801|[0m  5.4936|[0m  5.8003|[0m  0.5856|[0m  5.0195|[0m  4.9916|[0m  8.6447|[0m 10.0000|[0m
  Celina|  5.2426|[0m  8.2264|[0m 19.4088|[0m  8.2264|[0m[2m[31m  0.0000|[0m 26.2131|[0m  1.8405|[0m 11.4612|[0m  8.0033|[0m 11.3776|[0m 10.0000|[0m
  Franzi|  5.5772|[0m  7.1389|[0m  7.6966|[0m 10.4573|[0m 21.1099|[0m  8.9794|[0m  1.8963|[0m 19.4646|[0m  7.7803|[0m  9.8996|[0m 10.0000|[0m
    Gina|  6.3581|[0m 20.8589|[0m  8.5332|[0m  8.8957|[0m  9.7602|[0m  9.1746|[0m  2.4261|[0m  8.7284|[0m 14.7797|[0m 10.4852|[0m 10.0000|[0m
Isabelle|  5.5772|[0m  6.9994|[0m  7.7245|[0m 18.8232|[0m 22.3369|[0m 11.0151|[0m  1.8963|[0m  7.7803|[0m  7.5293|[0m 10.3179|[0m 10.0000|[0m
  Karina|  7.4177|[0m 25.2091|[0m 13.8316|[0m  9.8717|[0m 10.4573|[0m 11.5170|[0m  2.6771|[0m  9.7323|[0m  9.2861|[0m[2m[31m  0.0000|[0m 10.0000|[0m
   Luisa|  5.1590|[0m  9.5371|[0m 19.1299|[0m  7.4456|[0m  8.3659|[0m  8.5053|[0m  1.8405|[0m  7.6408|[0m  6.9158|[0m 25.4601|[0m 10.0000|[0m
 Ricarda|  0.6414|[0m  1.6174|[0m  1.8126|[0m  2.0636|[0m  2.2309|[0m  2.3982|[0m[32m 83.8818|[0m  1.9799|[0m  0.5577|[0m  2.8165|[0m 10.0000|[0m
     Zoe|  5.8840|[0m  7.8360|[0m  8.3380|[0m 22.3926|[0m 12.7440|[0m[2m[31m  0.0000|[0m  2.1751|[0m 21.2772|[0m  8.0870|[0m 11.2660|[0m 10.0000|[0m
35860 left -> max I 15.130088

opt: Anna -> Lukas => H = -nan
1
Luisa -> Lukas
H = -nan bit/X -> I = 3.5793 bit
        |   Amadu|  Calvin|   Fabio|    Luca|   Lukas|  Martin| Maurice|     Max|   Micha|Pharrell|   Felix|
    Anna|  3.3333|[0m  7.0000|[0m 11.0000|[0m  5.0000|[0m[2m[31m  0.0000|[0m 17.3333|[0m[2m[31m  0.0000|[0m  6.6667|[0m 36.3333|[0m 13.3333|[0m 10.0000|[0m
 Cecilia| 68.6667|[0m  3.3333|[0m  5.0000|[0m  3.0000|[0m[2m[31m  0.0000|[0m  5.0000|[0m[2m[31m  0.0000|[0m  3.3333|[0m  2.6667|[0m  9.0000|[0m 10.0000|[0m
  Celina|  3.0000|[0m  8.3333|[0m 23.6667|[0m  6.3333|[0m[2m[31m  0.0000|[0m 25.0000|[0m  0.6667|[0m  9.3333|[0m  8.6667|[0m 15.0000|[0m 10.0000|[0m
  Franzi|  6.6667|[0m  8.3333|[0m 10.3333|[0m 12.3333|[0m[2m[31m  0.0000|[0m 11.3333|[0m  1.6667|[0m 25.6667|[0m  8.3333|[0m 15.3333|[0m 10.0000|[0m
    Gina|  2.6667|[0m 25.6667|[0m 10.3333|[0m  9.6667|[0m[2m[31m  0.0000|[0m  9.3333|[0m  2.0000|[0m 10.6667|[0m 14.6667|[0m 15.0000|[0m 10.0000|[0m
Isabelle|  5.6667|[0m  8.0000|[0m  9.0000|[0m 26.3333|[0m[2m[31m  0.0000|[0m 17.3333|[0m  1.0000|[0m  9.0000|[0m  9.6667|[0m 14.0000|[0m 10.0000|[0m
  Karina|  5.3333|[0m 31.3333|[0m 19.6667|[0m 11.0000|[0m[2m[31m  0.0000|[0m 13.6667|[0m  0.6667|[0m 10.0000|[0m  8.3333|[0m[2m[31m  0.0000|[0m 10.0000|[0m
   Luisa|[2m[31m  0.0000|[0m[2m[31m  0.0000|[0m[2m[31m  0.0000|[0m[2m[31m  0.0000|[0m[32m100.0000|[0m[2m[31m  0.0000|[0m[2m[31m  0.0000|[0m[2m[31m  0.0000|[0m[2m[31m  0.0000|[0m[2m[31m  0.0000|[0m 10.0000|[0m
 Ricarda|[2m[31m  0.0000|[0m  0.6667|[0m  0.6667|[0m  1.0000|[0m[2m[31m  0.0000|[0m  1.0000|[0m[32m 93.3333|[0m  0.6667|[0m[2m[31m  0.0000|[0m  2.6667|[0m 10.0000|[0m
     Zoe|  4.6667|[0m  7.3333|[0m 10.3333|[0m 25.3333|[0m[2m[31m  0.0000|[0m[2m[31m  0.0000|[0m  0.6667|[0m 24.6667|[0m 11.3333|[0m 15.6667|[0m 10.0000|[0m
3000 left -> max I 11.550747

opt: Anna -> Lukas => H = -nan
1
Luisa -> Lukas
H = -nan bit/X -> I = -0.0000 bit
        |   Amadu|  Calvin|   Fabio|    Luca|   Lukas|  Martin| Maurice|     Max|   Micha|Pharrell|   Felix|
    Anna|  3.3333|[0m  7.0000|[0m 11.0000|[0m  5.0000|[0m[2m[31m  0.0000|[0m 17.3333|[0m[2m[31m  0.0000|[0m  6.6667|[0m 36.3333|[0m 13.3333|[0m 10.0000|[0m
 Cecilia| 68.6667|[0m  3.3333|[0m  5.0000|[0m  3.0000|[0m[2m[31m  0.0000|[0m  5.0000|[0m[2m[31m  0.0000|[0m  3.3333|[0m  2.6667|[0m  9.0000|[0m 10.0000|[0m
  Celina|  3.0000|[0m  8.3333|[0m 23.6667|[0m  6.3333|[0m[2m[31m  0.0000|[0m 25.0000|[0m  0.6667|[0m  9.3333|[0m  8.6667|[0m 15.0000|[0m 10.0000|[0m
  Franzi|  6.6667|[0m  8.3333|[0m 10.3333|[0m 12.3333|[0m[2m[31m  0.0000|[0m 11.3333|[0m  1.6667|[0m 25.6667|[0m  8.3333|[0m 15.3333|[0m 10.0000|[0m
    Gina|  2.6667|[0m 25.6667|[0m 10.3333|[0m  9.6667|[0m[2m[31m  0.0000|[0m  9.3333|[0m  2.0000|[0m 10.6667|[0m 14.6667|[0m 15.0000|[0m 10.0000|[0m
Isabelle|  5.6667|[0m  8.0000|[0m  9.0000|[0m 26.3333|[0m[2m[31m  0.0000|[0m 17.3333|[0m  1.0000|[0m  9.0000|[0m  9.6667|[0m 14.0000|[0m 10.0000|[0m
  Karina|  5.3333|[0m 31.3333|[0m 19.6667|[0m 11.0000|[0m[2m[31m  0.0000|[0m 13.6667|[0m  0.6667|[0m 10.0000|[0m  8.3333|[0m[2m[31m  0.0000|[0m 10.0000|[0m
   Luisa|[2m[31m  0.0000|[0m[2m[31m  0.0000|[0m[2m[31m  0.0000|[0m[2m[31m  0.0000|[0m[32m100.0000|[0m[2m[31m  0.0000|[0m[2m[31m  0.0000|[0m[2m[31m  0.0000|[0m[2m[31m  0.0000|[0m[2m[31m  0.0000|[0m 10.0000|[0m
 Ricarda|[2m[31m  0.0000|[0m  0.6667|[0m  0.6667|[0m  1.0000|[0m[2m[31m  0.0000|[0m  1.0000|[0m[32m 93.3333|[0m  0.6667|[0m[2m[31m  0.0000|[0m  2.6667|[0m 10.0000|[0m
     Zoe|  4.6667|[0m  7.3333|[0m 10.3333|[0m 25.3333|[0m[2m[31m  0.0000|[0m[2m[31m  0.0000|[0m  0.6667|[0m 24.6667|[0m 11.3333|[0m 15.6667|[0m 10.0000|[0m
3000 left -> max I 11.550747

opt: Anna -> Lukas => H = -nan
0
Luisa -> Felix
H = 0.5033 bit/X -> I = 0.1520 bit
        |   Amadu|  Calvin|   Fabio|    Luca|   Lukas|  Martin| Maurice|     Max|   Micha|Pharrell|   Felix|
    Anna|  3.3333|[0m  7.0000|[0m 11.0000|[0m  5.0000|[0m[2m[31m  0.0000|[0m 17.3333|[0m[2m[31m  0.0000|[0m  6.6667|[0m 36.3333|[0m 13.3333|[0m 11.1111|[0m
 Cecilia| 68.6667|[0m  3.3333|[0m  5.0000|[0m  3.0000|[0m[2m[31m  0.0000|[0m  5.0000|[0m[2m[31m  0.0000|[0m  3.3333|[0m  2.6667|[0m  9.0000|[0m 11.1111|[0m
  Celina|  3.0000|[0m  8.3333|[0m 23.6667|[0m  6.3333|[0m[2m[31m  0.0000|[0m 25.0000|[0m  0.6667|[0m  9.3333|[0m  8.6667|[0m 15.0000|[0m 11.1111|[0m
  Franzi|  6.6667|[0m  8.3333|[0m 10.3333|[0m 12.3333|[0m[2m[31m  0.0000|[0m 11.3333|[0m  1.6667|[0m 25.6667|[0m  8.3333|[0m 15.3333|[0m 11.1111|[0m
    Gina|  2.6667|[0m 25.6667|[0m 10.3333|[0m  9.6667|[0m[2m[31m  0.0000|[0m  9.3333|[0m  2.0000|[0m 10.6667|[0m 14.6667|[0m 15.0000|[0m 11.1111|[0m
Isabelle|  5.6667|[0m  8.0000|[0m  9.0000|[0m 26.3333|[0m[2m[31m  0.0000|[0m 17.3333|[0m  1.0000|[0m  9.0000|[0m  9.6667|[0m 14.0000|[0m 11.1111|[0m
  Karina|  5.3333|[0m 31.3333|[0m 19.6667|[0m 11.0000|[0m[2m[31m  0.0000|[0m 13.6667|[0m  0.6667|[0m 10.0000|[0m  8.3333|[0m[2m[31m  0.0000|[0m 11.1111|[0m
   Luisa|[2m[31m  0.0000|[0m[2m[31m  0.0000|[0m[2m[31m  0.0000|[0m[2m[31m  0.0000|[0m[32m100.0000|[0m[2m[31m  0.0000|[0m[2m[31m  0.0000|[0m[2m[31m  0.0000|[0m[2m[31m  0.0000|[0m[2m[31m  0.0000|[0m[2m[31m  0.0000|[0m
 Ricarda|[2m[31m  0.0000|[0m  0.6667|[0m  0.6667|[0m  1.0000|[0m[2m[31m  0.0000|[0m  1.0000|[0m[32m 93.3333|[0m  0.6667|[0m[2m[31m  0.0000|[0m  2.6667|[0m 11.1111|[0m
     Zoe|  4.6667|[0m  7.3333|[0m 10.3333|[0m 25.3333|[0m[2m[31m  0.0000|[0m[2m[31m  0.0000|[0m  0.6667|[0m 24.6667|[0m 11.3333|[0m 15.6667|[0m 11.1111|[0m
2700 left -> max I 11.398744

opt: Anna -> Lukas => H = -nan
0
Ricarda -> Felix
H = 0.5436 bit/X -> I = 0.1699 bit
        |   Amadu|  Calvin|   Fabio|    Luca|   Lukas|  Martin| Maurice|     Max|   Micha|Pharrell|   Felix|
    Anna|  3.3333|[0m  7.0000|[0m 11.0000|[0m  5.0000|[0m[2m[31m  0.0000|[0m 17.3333|[0m[2m[31m  0.0000|[0m  6.6667|[0m 36.3333|[0m 13.3333|[0m 12.5000|[0m
 Cecilia| 68.6667|[0m  3.3333|[0m  5.0000|[0m  3.0000|[0m[2m[31m  0.0000|[0m  5.0000|[0m[2m[31m  0.0000|[0m  3.3333|[0m  2.6667|[0m  9.0000|[0m 12.5000|[0m
  Celina|  3.0000|[0m  8.3333|[0m 23.6667|[0m  6.3333|[0m[2m[31m  0.0000|[0m 25.0000|[0m  0.6667|[0m  9.3333|[0m  8.6667|[0m 15.0000|[0m 12.5000|[0m
  Franzi|  6.6667|[0m  8.3333|[0m 10.3333|[0m 12.3333|[0m[2m[31m  0.0000|[0m 11.3333|[0m  1.6667|[0m 25.6667|[0m  8.3333|[0m 15.3333|[0m 12.5000|[0m
    Gina|  2.6667|[0m 25.6667|[0m 10.3333|[0m  9.6667|[0m[2m[31m  0.0000|[0m  9.3333|[0m  2.0000|[0m 10.6667|[0m 14.6667|[0m 15.0000|[0m 12.5000|[0m
Isabelle|  5.6667|[0m  8.0000|[0m  9.0000|[0m 26.3333|[0m[2m[31m  0.0000|[0m 17.3333|[0m  1.0000|[0m  9.0000|[0m  9.6667|[0m 14.0000|[0m 12.5000|[0m
  Karina|  5.3333|[0m 31.3333|[0m 19.6667|[0m 11.0000|[0m[2m[31m  0.0000|[0m 13.6667|[0m  0.6667|[0m 10.0000|[0m  8.3333|[0m[2m[31m  0.0000|[0m 12.5000|[0m
   Luisa|[2m[31m  0.0000|[0m[2m[31m  0.0000|[0m[2m[31m  0.0000|[0m[2m[31m  0.0000|[0m[32m100.0000|[0m[2m[31m  0.0000|[0m[2m[31m  0.0000|[0m[2m[31m  0.0000|[0m[2m[31m  0.0000|[0m[2m[31m  0.0000|[0m[2m[31m  0.0000|[0m
 Ricarda|[2m[31m  0.0000|[0m  0.6667|[0m  0.6667|[0m  1.0000|[0m[2m[31m  0.0000|[0m  1.0000|[0m[32m 93.3333|[0m  0.6667|[0m[2m[31m  0.0000|[0m  2.6667|[0m[2m[31m  0.0000|[0m
     Zoe|  4.6667|[0m  7.3333|[0m 10.3333|[0m 25.3333|[0m[2m[31m  0.0000|[0m[2m[31m  0.0000|[0m  0.6667|[0m 24.6667|[0m 11.3333|[0m 15.6667|[0m 12.5000|[0m
2400 left -> max I 11.228819

3
Anna -> Pharrell
Cecilia -> Amadu
Celina -> Fabio
Franzi -> Micha
Gina -> Felix
Isabelle -> Maurice
Karina -> Martin
Luisa -> Lukas
Ricarda -> Max
Zoe -> Luca
-> I = 1.5742 bit
        |   Amadu|  Calvin|   Fabio|    Luca|   Lukas|  Martin| Maurice|     Max|   Micha|Pharrell|   Felix|
    Anna|  2.8536|[0m  6.3275|[0m  9.8015|[0m  3.7221|[0m[2m[31m  0.0000|[0m 16.5012|[0m[2m[31m  0.0000|[0m  6.3275|[0m 38.3375|[0m 16.1290|[0m 12.1588|[0m
 Cecilia|[32m 80.1489|[0m  2.2333|[0m  1.6129|[0m  2.1092|[0m[2m[31m  0.0000|[0m  3.4739|[0m[2m[31m  0.0000|[0m  4.4665|[0m  1.2407|[0m  4.7146|[0m 12.1588|[0m
  Celina|  1.2407|[0m  9.3052|[0m 32.1340|[0m  8.3127|[0m[2m[31m  0.0000|[0m 16.3772|[0m  0.2481|[0m  9.3052|[0m 10.2978|[0m 12.7792|[0m 12.1588|[0m
  Franzi|  6.8238|[0m 12.0347|[0m  9.9256|[0m 12.1588|[0m[2m[31m  0.0000|[0m 12.7792|[0m  1.1166|[0m 19.6030|[0m  7.0720|[0m 18.4864|[0m 12.1588|[0m
    Gina|  1.4888|[0m 24.0695|[0m  9.3052|[0m 11.0422|[0m[2m[31m  0.0000|[0m  8.8089|[0m  1.3648|[0m 15.3846|[0m 10.9181|[0m 17.6179|[0m 14.8883|[0m
Isabelle|  4.3424|[0m 11.2903|[0m  7.8164|[0m 16.9975|[0m[2m[31m  0.0000|[0m 22.4566|[0m  1.7370|[0m  9.3052|[0m 10.5459|[0m 15.5087|[0m 12.1588|[0m
  Karina|  0.7444|[0m 25.5583|[0m 19.4789|[0m 13.6476|[0m[2m[31m  0.0000|[0m 18.4864|[0m  1.7370|[0m  9.9256|[0m 10.4218|[0m[2m[31m  0.0000|[0m 12.1588|[0m
   Luisa|[2m[31m  0.0000|[0m[2m[31m  0.0000|[0m[2m[31m  0.0000|[0m[2m[31m  0.0000|[0m[32m100.0000|[0m[2m[31m  0.0000|[0m[2m[31m  0.0000|[0m[2m[31m  0.0000|[0m[2m[31m  0.0000|[0m[2m[31m  0.0000|[0m[2m[31m  0.0000|[0m
 Ricarda|[2m[31m  0.0000|[0m  0.2481|[0m  0.9926|[0m  2.6055|[0m[2m[31m  0.0000|[0m  1.1166|[0m[32m 92.0596|[0m[2m[31m  0.0000|[0m[2m[31m  0.0000|[0m  2.9777|[0m[2m[31m  0.0000|[0m
     Zoe|  2.3573|[0m  8.9330|[0m  8.9330|[0m 29.4045|[0m[2m[31m  0.0000|[0m[2m[31m  0.0000|[0m  1.7370|[0m 25.6824|[0m 11.1663|[0m 11.7866|[0m 12.1588|[0m
806 left -> max I 9.654636

opt: Anna -> Lukas => H = -nan
0
Isabelle -> Pharrell
H = 0.6878 bit/X -> I = 0.2431 bit
        |   Amadu|  Calvin|   Fabio|    Luca|   Lukas|  Martin| Maurice|     Max|   Micha|Pharrell|   Felix|
    Anna|  3.3774|[0m  6.1674|[0m 10.2790|[0m  4.2584|[0m[2m[31m  0.0000|[0m 14.5374|[0m[2m[31m  0.0000|[0m  6.3142|[0m 35.9765|[0m 19.0896|[0m 12.1880|[0m
 Cecilia|[32m 81.4978|[0m  1.4684|[0m  1.7621|[0m  1.1747|[0m[2m[31m  0.0000|[0m  2.7900|[0m[2m[31m  0.0000|[0m  4.2584|[0m  1.4684|[0m  5.5800|[0m 12.1880|[0m
  Celina|  1.3216|[0m  8.5169|[0m 30.2496|[0m  8.6637|[0m[2m[31m  0.0000|[0m 17.4743|[0m  0.2937|[0m  8.8106|[0m  9.5448|[0m 15.1248|[0m 12.1880|[0m
  Franzi|  4.8458|[0m 11.1601|[0m 10.4258|[0m 11.3069|[0m[2m[31m  0.0000|[0m 11.4537|[0m  1.3216|[0m 21.2922|[0m  6.3142|[0m 21.8796|[0m 12.1880|[0m
    Gina|  0.5874|[0m 23.6417|[0m  8.5169|[0m  9.5448|[0m[2m[31m  0.0000|[0m  9.1043|[0m  1.4684|[0m 14.8311|[0m 11.4537|[0m 20.8517|[0m 14.6843|[0m
Isabelle|  5.1395|[0m 13.3627|[0m  9.2511|[0m 20.1175|[0m[2m[31m  0.0000|[0m 26.5786|[0m  2.0558|[0m 11.0132|[0m 12.4816|[0m[2m[31m  0.0000|[0m 12.1880|[0m
  Karina|  0.7342|[0m 27.1659|[0m 19.3833|[0m 13.5095|[0m[2m[31m  0.0000|[0m 17.7680|[0m  1.0279|[0m 10.2790|[0m 10.1322|[0m[2m[31m  0.0000|[0m 12.1880|[0m
   Luisa|[2m[31m  0.0000|[0m[2m[31m  0.0000|[0m[2m[31m  0.0000|[0m[2m[31m  0.0000|[0m[32m100.0000|[0m[2m[31m  0.0000|[0m[2m[31m  0.0000|[0m[2m[31m  0.0000|[0m[2m[31m  0.0000|[0m[2m[31m  0.0000|[0m[2m[31m  0.0000|[0m
 Ricarda|[2m[31m  0.0000|[0m  0.2937|[0m  1.0279|[0m  3.0837|[0m[2m[31m  0.0000|[0m  0.2937|[0m[32m 91.7768|[0m[2m[31m  0.0000|[0m[2m[31m  0.0000|[0m  3.5242|[0m[2m[31m  0.0000|[0m
     Zoe|  2.4963|[0m  8.2232|[0m  9.1043|[0m 28.3407|[0m[2m[31m  0.0000|[0m[2m[31m  0.0000|[0m  2.0558|[0m 23.2012|[0m 12.6285|[0m 13.9501|[0m 12.1880|[0m
681 left -> max I 9.411511

3
Anna -> Micha
Cecilia -> Maurice
Celina -> Fabio
Franzi -> Max
Gina -> Felix
Isabelle -> Martin
Karina -> Calvin
Luisa -> Lukas
Ricarda -> Pharrell
Zoe -> Luca
-> I = 1.9603 bit
        |   Amadu|  Calvin|   Fabio|    Luca|   Lukas|  Martin| Maurice|     Max|   Micha|Pharrell|   Felix|
    Anna|  4.0000|[0m  5.1429|[0m 18.2857|[0m  4.5714|[0m[2m[31m  0.0000|[0m 11.4286|[0m[2m[31m  0.0000|[0m  5.7143|[0m 46.2857|[0m  4.5714|[0m 11.4286|[0m
 Cecilia| 74.2857|[0m  0.5714|[0m  1.1429|[0m  4.0000|[0m[2m[31m  0.0000|[0m[2m[31m  0.0000|[0m[2m[31m  0.0000|[0m  8.0000|[0m[2m[31m  0.0000|[0m 12.0000|[0m 11.4286|[0m
  Celina|  0.5714|[0m 12.0000|[0m 52.0000|[0m  1.7143|[0m[2m[31m  0.0000|[0m  8.5714|[0m  0.5714|[0m  8.0000|[0m  1.7143|[0m 14.8571|[0m 11.4286|[0m
  Franzi| 12.5714|[0m  9.1429|[0m  6.2857|[0m  6.8571|[0m[2m[31m  0.0000|[0m 18.8571|[0m  1.1429|[0m 13.1429|[0m[2m[31m  0.0000|[0m 32.0000|[0m 11.4286|[0m
    Gina|[2m[31m  0.0000|[0m 36.0000|[0m  2.2857|[0m  6.2857|[0m[2m[31m  0.0000|[0m 17.1429|[0m  0.5714|[0m  4.5714|[0m 16.5714|[0m 16.5714|[0m 20.0000|[0m
Isabelle|  4.0000|[0m 10.8571|[0m  2.2857|[0m 21.1429|[0m[2m[31m  0.0000|[0m 25.7143|[0m  4.0000|[0m 16.5714|[0m 15.4286|[0m[2m[31m  0.0000|[0m 11.4286|[0m
  Karina|[2m[31m  0.0000|[0m 14.8571|[0m  7.4286|[0m 27.4286|[0m[2m[31m  0.0000|[0m 17.1429|[0m[2m[31m  0.0000|[0m 28.0000|[0m  5.1429|[0m[2m[31m  0.0000|[0m 11.4286|[0m
   Luisa|[2m[31m  0.0000|[0m[2m[31m  0.0000|[0m[2m[31m  0.0000|[0m[2m[31m  0.0000|[0m[32m100.0000|[0m[2m[31m  0.0000|[0m[2m[31m  0.0000|[0m[2m[31m  0.0000|[0m[2m[31m  0.0000|[0m[2m[31m  0.0000|[0m[2m[31m  0.0000|[0m
 Ricarda|[2m[31m  0.0000|[0m  1.1429|[0m  4.0000|[0m[2m[31m  0.0000|[0m[2m[31m  0.0000|[0m  1.1429|[0m[32m 93.7143|[0m[2m[31m  0.0000|[0m[2m[31m  0.0000|[0m[2m[31m  0.0000|[0m[2m[31m  0.0000|[0m
     Zoe|  4.5714|[0m 10.2857|[0m  6.2857|[0m 28.0000|[0m[2m[31m  0.0000|[0m[2m[31m  0.0000|[0m[2m[31m  0.0000|[0m 16.0000|[0m 14.8571|[0m 20.0000|[0m 11.4286|[0m
175 left -> max I 7.451211

opt: Anna -> Amadu => H = -nan
1
Cecilia -> Amadu
H = -nan bit/X -> I = 0.4288 bit
        |   Amadu|  Calvin|   Fabio|    Luca|   Lukas|  Martin| Maurice|     Max|   Micha|Pharrell|   Felix|
    Anna|[2m[31m  0.0000|[0m  6.9231|[0m 24.6154|[0m  6.1538|[0m[2m[31m  0.0000|[0m  4.6154|[0m[2m[31m  0.0000|[0m  7.6923|[0m 44.6154|[0m  5.3846|[0m 10.7692|[0m
 Cecilia|[32m100.0000|[0m[2m[31m  0.0000|[0m[2m[31m  0.0000|[0m[2m[31m  0.0000|[0m[2m[31m  0.0000|[0m[2m[31m  0.0000|[0m[2m[31m  0.0000|[0m[2m[31m  0.0000|[0m[2m[31m  0.0000|[0m[2m[31m  0.0000|[0m 10.7692|[0m
  Celina|[2m[31m  0.0000|[0m 16.1538|[0m 37.6923|[0m  2.3077|[0m[2m[31m  0.0000|[0m 10.7692|[0m  0.7692|[0m 10.7692|[0m  2.3077|[0m 19.2308|[0m 10.7692|[0m
  Franzi|[2m[31m  0.0000|[0m 12.3077|[0m  8.4615|[0m  9.2308|[0m[2m[31m  0.0000|[0m 25.3846|[0m  1.5385|[0m 11.5385|[0m[2m[31m  0.0000|[0m 31.5385|[0m 10.7692|[0m
    Gina|[2m[31m  0.0000|[0m 14.6154|[0m  3.0769|[0m  8.4615|[0m[2m[31m  0.0000|[0m 23.0769|[0m  0.7692|[0m  6.1538|[0m 21.5385|[0m 22.3077|[0m 24.6154|[0m
Isabelle|[2m[31m  0.0000|[0m 14.6154|[0m  3.0769|[0m 10.0000|[0m[2m[31m  0.0000|[0m 34.6154|[0m  5.3846|[0m 16.9231|[0m 15.3846|[0m[2m[31m  0.0000|[0m 10.7692|[0m
  Karina|[2m[31m  0.0000|[0m 20.0000|[0m  9.2308|[0m 36.9231|[0m[2m[31m  0.0000|[0m[2m[31m  0.0000|[0m[2m[31m  0.0000|[0m 32.3077|[0m  1.5385|[0m[2m[31m  0.0000|[0m 10.7692|[0m
   Luisa|[2m[31m  0.0000|[0m[2m[31m  0.0000|[0m[2m[31m  0.0000|[0m[2m[31m  0.0000|[0m[32m100.0000|[0m[2m[31m  0.0000|[0m[2m[31m  0.0000|[0m[2m[31m  0.0000|[0m[2m[31m  0.0000|[0m[2m[31m  0.0000|[0m[2m[31m  0.0000|[0m
 Ricarda|[2m[31m  0.0000|[0m  1.5385|[0m  5.3846|[0m[2m[31m  0.0000|[0m[2m[31m  0.0000|[0m  1.5385|[0m[32m 91.5385|[0m[2m[31m  0.0000|[0m[2m[31m  0.0000|[0m[2m[31m  0.0000|[0m[2m[31m  0.0000|[0m
     Zoe|[2m[31m  0.0000|[0m 13.8462|[0m  8.4615|[0m 26.9231|[0m[2m[31m  0.0000|[0m[2m[31m  0.0000|[0m[2m[31m  0.0000|[0m 14.6154|[0m 14.6154|[0m 21.5385|[0m 10.7692|[0m
130 left -> max I 7.022368

opt: Anna -> Amadu => H = -nan
0
Cecilia -> Felix
H = 0.5313 bit/X -> I = 0.1644 bit
        |   Amadu|  Calvin|   Fabio|    Luca|   Lukas|  Martin| Maurice|     Max|   Micha|Pharrell|   Felix|
    Anna|[2m[31m  0.0000|[0m  6.8966|[0m 24.1379|[0m  6.0345|[0m[2m[31m  0.0000|[0m  5.1724|[0m[2m[31m  0.0000|[0m  7.7586|[0m 44.8276|[0m  5.1724|[0m 12.0690|[0m
 Cecilia|[32m100.0000|[0m[2m[31m  0.0000|[0m[2m[31m  0.0000|[0m[2m[31m  0.0000|[0m[2m[31m  0.0000|[0m[2m[31m  0.0000|[0m[2m[31m  0.0000|[0m[2m[31m  0.0000|[0m[2m[31m  0.0000|[0m[2m[31m  0.0000|[0m[2m[31m  0.0000|[0m
  Celina|[2m[31m  0.0000|[0m 16.3793|[0m 36.2069|[0m  2.5862|[0m[2m[31m  0.0000|[0m 11.2069|[0m  0.8621|[0m 10.3448|[0m  2.5862|[0m 19.8276|[0m 12.0690|[0m
  Franzi|[2m[31m  0.0000|[0m 12.0690|[0m  8.6207|[0m  9.4828|[0m[2m[31m  0.0000|[0m 25.0000|[0m  1.7241|[0m 12.0690|[0m[2m[31m  0.0000|[0m 31.0345|[0m 12.0690|[0m
    Gina|[2m[31m  0.0000|[0m 14.6552|[0m  3.4483|[0m  8.6207|[0m[2m[31m  0.0000|[0m 23.2759|[0m  0.8621|[0m  6.0345|[0m 20.6897|[0m 22.4138|[0m 27.5862|[0m
Isabelle|[2m[31m  0.0000|[0m 14.6552|[0m  3.4483|[0m 11.2069|[0m[2m[31m  0.0000|[0m 33.6207|[0m  5.1724|[0m 16.3793|[0m 15.5172|[0m[2m[31m  0.0000|[0m 12.0690|[0m
  Karina|[2m[31m  0.0000|[0m 19.8276|[0m 10.3448|[0m 36.2069|[0m[2m[31m  0.0000|[0m[2m[31m  0.0000|[0m[2m[31m  0.0000|[0m 31.8966|[0m  1.7241|[0m[2m[31m  0.0000|[0m 12.0690|[0m
   Luisa|[2m[31m  0.0000|[0m[2m[31m  0.0000|[0m[2m[31m  0.0000|[0m[2m[31m  0.0000|[0m[32m100.0000|[0m[2m[31m  0.0000|[0m[2m[31m  0.0000|[0m[2m[31m  0.0000|[0m[2m[31m  0.0000|[0m[2m[31m  0.0000|[0m[2m[31m  0.0000|[0m
 Ricarda|[2m[31m  0.0000|[0m  1.7241|[0m  5.1724|[0m[2m[31m  0.0000|[0m[2m[31m  0.0000|[0m  1.7241|[0m[32m 91.3793|[0m[2m[31m  0.0000|[0m[2m[31m  0.0000|[0m[2m[31m  0.0000|[0m[2m[31m  0.0000|[0m
     Zoe|[2m[31m  0.0000|[0m 13.7931|[0m  8.6207|[0m 25.8621|[0m[2m[31m  0.0000|[0m[2m[31m  0.0000|[0m[2m[31m  0.0000|[0m 15.5172|[0m 14.6552|[0m 21.5517|[0m 12.0690|[0m
116 left -> max I 6.857981

4
Anna -> Micha
Cecilia -> Amadu
Celina -> Fabio
Franzi -> Max
Gina -> Felix
Isabelle -> Martin
Karina -> Calvin
Luisa -> Lukas
Ricarda -> Pharrell
Zoe -> Luca
-> I = -0.0000 bit
        |   Amadu|  Calvin|   Fabio|    Luca|   Lukas|  Martin| Maurice|     Max|   Micha|Pharrell|   Felix|
    Anna|[2m[31m  0.0000|[0m  6.8966|[0m 24.1379|[0m  6.0345|[0m[2m[31m  0.0000|[0m  5.1724|[0m[2m[31m  0.0000|[0m  7.7586|[0m 44.8276|[0m  5.1724|[0m 12.0690|[0m
 Cecilia|[32m100.0000|[0m[2m[31m  0.0000|[0m[2m[31m  0.0000|[0m[2m[31m  0.0000|[0m[2m[31m  0.0000|[0m[2m[31m  0.0000|[0m[2m[31m  0.0000|[0m[2m[31m  0.0000|[0m[2m[31m  0.0000|[0m[2m[31m  0.0000|[0m[2m[31m  0.0000|[0m
  Celina|[2m[31m  0.0000|[0m 16.3793|[0m 36.2069|[0m  2.5862|[0m[2m[31m  0.0000|[0m 11.2069|[0m  0.8621|[0m 10.3448|[0m  2.5862|[0m 19.8276|[0m 12.0690|[0m
  Franzi|[2m[31m  0.0000|[0m 12.0690|[0m  8.6207|[0m  9.4828|[0m[2m[31m  0.0000|[0m 25.0000|[0m  1.7241|[0m 12.0690|[0m[2m[31m  0.0000|[0m 31.0345|[0m 12.0690|[0m
    Gina|[2m[31m  0.0000|[0m 14.6552|[0m  3.4483|[0m  8.6207|[0m[2m[31m  0.0000|[0m 23.2759|[0m  0.8621|[0m  6.0345|[0m 20.6897|[0m 22.4138|[0m 27.5862|[0m
Isabelle|[2m[31m  0.0000|[0m 14.6552|[0m  3.4483|[0m 11.2069|[0m[2m[31m  0.0000|[0m 33.6207|[0m  5.1724|[0m 16.3793|[0m 15.5172|[0m[2m[31m  0.0000|[0m 12.0690|[0m
  Karina|[2m[31m  0.0000|[0m 19.8276|[0m 10.3448|[0m 36.2069|[0m[2m[31m  0.0000|[0m[2m[31m  0.0000|[0m[2m[31m  0.0000|[0m 31.8966|[0m  1.7241|[0m[2m[31m  0.0000|[0m 12.0690|[0m
   Luisa|[2m[31m  0.0000|[0m[2m[31m  0.0000|[0m[2m[31m  0.0000|[0m[2m[31m  0.0000|[0m[32m100.0000|[0m[2m[31m  0.0000|[0m[2m[31m  0.0000|[0m[2m[31m  0.0000|[0m[2m[31m  0.0000|[0m[2m[31m  0.0000|[0m[2m[31m  0.0000|[0m
 Ricarda|[2m[31m  0.0000|[0m  1.7241|[0m  5.1724|[0m[2m[31m  0.0000|[0m[2m[31m  0.0000|[0m  1.7241|[0m[32m 91.3793|[0m[2m[31m  0.0000|[0m[2m[31m  0.0000|[0m[2m[31m  0.0000|[0m[2m[31m  0.0000|[0m
     Zoe|[2m[31m  0.0000|[0m 13.7931|[0m  8.6207|[0m 25.8621|[0m[2m[31m  0.0000|[0m[2m[31m  0.0000|[0m[2m[31m  0.0000|[0m 15.5172|[0m 14.6552|[0m 21.5517|[0m 12.0690|[0m
116 left -> max I 6.857981

# |    Anna|  Cecilia|   Celina|   Franzi|     Gina| Isabelle|   Karina|    Luisa|  Ricarda|      Zoe| 
=======================================================================================================
01|   Micha|    Amadu|   Martin|      Max|   Calvin|    Lukas| Pharrell|    Fabio|  Maurice|     Luca| |3.9926|
02|   Micha| Pharrell|      Max|     Luca|    Amadu|   Martin|    Fabio|   Calvin|  Maurice|    Lukas| |2.0666|
03|  Martin|    Amadu|    Fabio|    Lukas|    Micha|     Luca|   Calvin| Pharrell|  Maurice|      Max| |3.1567|
04|Pharrell|    Amadu|    Fabio|    Micha|    Felix|  Maurice|   Martin|    Lukas|      Max|     Luca| |1.5742|
05|   Micha|  Maurice|    Fabio|      Max|    Felix|   Martin|   Calvin|    Lukas| Pharrell|     Luca| |1.9603|
06|   Micha|    Amadu|    Fabio|      Max|    Felix|   Martin|   Calvin|    Lukas| Pharrell|     Luca| |-0.0000|


# |   Amadu|   Calvin|    Fabio|     Luca|    Lukas|   Martin|  Maurice|      Max|    Micha| Pharrell|    Felix| 
=================================================================================================================
01| Cecilia|     Gina|    Luisa|      Zoe| Isabelle|   Celina|  Ricarda|   Franzi|     Anna|   Karina|      nil| |3.9926|
02|    Gina|    Luisa|   Karina|   Franzi|      Zoe| Isabelle|  Ricarda|   Celina|     Anna|  Cecilia|      nil| |2.0666|
03| Cecilia|   Karina|   Celina| Isabelle|   Franzi|     Anna|  Ricarda|      Zoe|     Gina|    Luisa|      nil| |3.1567|
04| Cecilia|      nil|   Celina|      Zoe|    Luisa|   Karina| Isabelle|  Ricarda|   Franzi|     Anna|     Gina| |1.5742|
05|     nil|   Karina|   Celina|      Zoe|    Luisa| Isabelle|  Cecilia|   Franzi|     Anna|  Ricarda|     Gina| |1.9603|
06| Cecilia|   Karina|   Celina|      Zoe|    Luisa| Isabelle|      nil|   Franzi|     Anna|  Ricarda|     Gina| |-0.0000|

