╭────────┬────────┬────────┬─────────┬──────────┬────────┬───────┬──────┬─────────┬─────────┬────────╮
│        ┆ Amanda ┆ Britni ┆ Chelsey ┆ Cheyenne ┆ Hannah ┆ Kayla ┆ Kiki ┆ Melanie ┆ Rashida ┆ Stacey │
╞════════╪════════╪════════╪═════════╪══════════╪════════╪═══════╪══════╪═════════╪═════════╪════════╡
│[48;2;41;44;60m Alec   [49m┆[48;2;41;44;60m 10     [49m┆[48;2;41;44;60m 10     [49m┆[48;2;41;44;60m 10      [49m┆[48;2;41;44;60m 10       [49m┆[48;2;41;44;60m 10     [49m┆[48;2;41;44;60m 10    [49m┆[48;2;41;44;60m 10   [49m┆[48;2;41;44;60m 10      [49m┆[48;2;41;44;60m 10      [49m┆[48;2;41;44;60m 10     [49m│
│ Austin ┆ 10     ┆ 10     ┆ 10      ┆ 10       ┆ 10     ┆ 10    ┆ 10   ┆ 10      ┆ 10      ┆ 10     │
│[48;2;41;44;60m Chuck  [49m┆[48;2;41;44;60m 10     [49m┆[48;2;41;44;60m 10     [49m┆[48;2;41;44;60m 10      [49m┆[48;2;41;44;60m 10       [49m┆[48;2;41;44;60m 10     [49m┆[48;2;41;44;60m 10    [49m┆[48;2;41;44;60m 10   [49m┆[48;2;41;44;60m 10      [49m┆[48;2;41;44;60m 10      [49m┆[48;2;41;44;60m 10     [49m│
│ Connor ┆ 10     ┆ 10     ┆ 10      ┆ 10       ┆ 10     ┆ 10    ┆ 10   ┆ 10      ┆ 10      ┆ 10     │
│[48;2;41;44;60m Devin  [49m┆[48;2;41;44;60m 10     [49m┆[48;2;41;44;60m 10     [49m┆[48;2;41;44;60m 10      [49m┆[48;2;41;44;60m 10       [49m┆[48;2;41;44;60m 10     [49m┆[48;2;41;44;60m 10    [49m┆[48;2;41;44;60m 10   [49m┆[48;2;41;44;60m 10      [49m┆[48;2;41;44;60m 10      [49m┆[48;2;41;44;60m 10     [49m│
│ Hunter ┆ 10     ┆ 10     ┆ 10      ┆ 10       ┆ 10     ┆ 10    ┆ 10   ┆ 10      ┆ 10      ┆ 10     │
│[48;2;41;44;60m Mike   [49m┆[48;2;41;44;60m 10     [49m┆[48;2;41;44;60m 10     [49m┆[48;2;41;44;60m 10      [49m┆[48;2;41;44;60m 10       [49m┆[48;2;41;44;60m 10     [49m┆[48;2;41;44;60m 10    [49m┆[48;2;41;44;60m 10   [49m┆[48;2;41;44;60m 10      [49m┆[48;2;41;44;60m 10      [49m┆[48;2;41;44;60m 10     [49m│
│ Nelson ┆ 10     ┆ 10     ┆ 10      ┆ 10       ┆ 10     ┆ 10    ┆ 10   ┆ 10      ┆ 10      ┆ 10     │
│[48;2;41;44;60m Tyler  [49m┆[48;2;41;44;60m 10     [49m┆[48;2;41;44;60m 10     [49m┆[48;2;41;44;60m 10      [49m┆[48;2;41;44;60m 10       [49m┆[48;2;41;44;60m 10     [49m┆[48;2;41;44;60m 10    [49m┆[48;2;41;44;60m 10   [49m┆[48;2;41;44;60m 10      [49m┆[48;2;41;44;60m 10      [49m┆[48;2;41;44;60m 10     [49m│
│ Zak    ┆ 10     ┆ 10     ┆ 10      ┆ 10       ┆ 10     ┆ 10    ┆ 10   ┆ 10      ┆ 10      ┆ 10     │
╰────────┴────────┴────────┴─────────┴──────────┴────────┴───────┴──────┴─────────┴─────────┴────────╯
3628800 left -> 21.7911 bits left

MB#1.0 E01
Hunter → Kiki 
---
-> I[l]/bits: {0: 0.15, 1: 3.32}
-> E[I]/bits: 0.47
0 lights => I = 0.152 bits
╭────────┬────────┬────────┬─────────┬──────────┬────────┬────────┬────────┬─────────┬─────────┬────────╮
│        ┆ Amanda ┆ Britni ┆ Chelsey ┆ Cheyenne ┆ Hannah ┆  Kayla ┆  Kiki  ┆ Melanie ┆ Rashida ┆ Stacey │
╞════════╪════════╪════════╪═════════╪══════════╪════════╪════════╪════════╪═════════╪═════════╪════════╡
│[48;2;41;44;60m Alec   [49m┆[48;2;41;44;60m  9.877 [49m┆[48;2;41;44;60m  9.877 [49m┆[48;2;41;44;60m  9.877  [49m┆[48;2;41;44;60m  9.877   [49m┆[48;2;41;44;60m  9.877 [49m┆[48;2;41;44;60m  9.877 [49m┆[48;2;41;44;60m 11.111 [49m┆[48;2;41;44;60m  9.877  [49m┆[48;2;41;44;60m  9.877  [49m┆[48;2;41;44;60m  9.877 [49m│
│ Austin ┆  9.877 ┆  9.877 ┆  9.877  ┆  9.877   ┆  9.877 ┆  9.877 ┆ 11.111 ┆  9.877  ┆  9.877  ┆  9.877 │
│[48;2;41;44;60m Chuck  [49m┆[48;2;41;44;60m  9.877 [49m┆[48;2;41;44;60m  9.877 [49m┆[48;2;41;44;60m  9.877  [49m┆[48;2;41;44;60m  9.877   [49m┆[48;2;41;44;60m  9.877 [49m┆[48;2;41;44;60m  9.877 [49m┆[48;2;41;44;60m 11.111 [49m┆[48;2;41;44;60m  9.877  [49m┆[48;2;41;44;60m  9.877  [49m┆[48;2;41;44;60m  9.877 [49m│
│ Connor ┆  9.877 ┆  9.877 ┆  9.877  ┆  9.877   ┆  9.877 ┆  9.877 ┆ 11.111 ┆  9.877  ┆  9.877  ┆  9.877 │
│[48;2;41;44;60m Devin  [49m┆[48;2;41;44;60m  9.877 [49m┆[48;2;41;44;60m  9.877 [49m┆[48;2;41;44;60m  9.877  [49m┆[48;2;41;44;60m  9.877   [49m┆[48;2;41;44;60m  9.877 [49m┆[48;2;41;44;60m  9.877 [49m┆[48;2;41;44;60m 11.111 [49m┆[48;2;41;44;60m  9.877  [49m┆[48;2;41;44;60m  9.877  [49m┆[48;2;41;44;60m  9.877 [49m│
│ Hunter ┆ 11.111 ┆ 11.111 ┆ 11.111  ┆ 11.111   ┆ 11.111 ┆ 11.111 ┆[38;5;9m  0     [39m┆ 11.111  ┆ 11.111  ┆ 11.111 │
│[48;2;41;44;60m Mike   [49m┆[48;2;41;44;60m  9.877 [49m┆[48;2;41;44;60m  9.877 [49m┆[48;2;41;44;60m  9.877  [49m┆[48;2;41;44;60m  9.877   [49m┆[48;2;41;44;60m  9.877 [49m┆[48;2;41;44;60m  9.877 [49m┆[48;2;41;44;60m 11.111 [49m┆[48;2;41;44;60m  9.877  [49m┆[48;2;41;44;60m  9.877  [49m┆[48;2;41;44;60m  9.877 [49m│
│ Nelson ┆  9.877 ┆  9.877 ┆  9.877  ┆  9.877   ┆  9.877 ┆  9.877 ┆ 11.111 ┆  9.877  ┆  9.877  ┆  9.877 │
│[48;2;41;44;60m Tyler  [49m┆[48;2;41;44;60m  9.877 [49m┆[48;2;41;44;60m  9.877 [49m┆[48;2;41;44;60m  9.877  [49m┆[48;2;41;44;60m  9.877   [49m┆[48;2;41;44;60m  9.877 [49m┆[48;2;41;44;60m  9.877 [49m┆[48;2;41;44;60m 11.111 [49m┆[48;2;41;44;60m  9.877  [49m┆[48;2;41;44;60m  9.877  [49m┆[48;2;41;44;60m  9.877 [49m│
│ Zak    ┆  9.877 ┆  9.877 ┆  9.877  ┆  9.877   ┆  9.877 ┆  9.877 ┆ 11.111 ┆  9.877  ┆  9.877  ┆  9.877 │
╰────────┴────────┴────────┴─────────┴──────────┴────────┴────────┴────────┴─────────┴─────────┴────────╯
3265920 left -> 21.6391 bits left

MN#1.0 E01
0x Chuck  → Hannah   
0x Devin  → Melanie  
0x Hunter → Britni   
0x Connor → Chelsey  
0x Austin → Kiki     
0x Nelson → Cheyenne 
0x Zak    → Kayla    
0x Mike   → Amanda   
0x Alec   → Stacey   
0x Tyler  → Rashida  
---
-> I[l]/bits: {0: 1.46, 1: 1.44, 2: 2.42, 3: 3.99, 4: 5.97, 5: 8.28, 6: 10.82, 7: 13.78, 8: 16.18, 10: 21.64}
-> E[I]/bits: 1.89
2 lights => I = 2.425 bits
╭────────┬────────┬────────┬─────────┬──────────┬────────┬────────┬────────┬─────────┬─────────┬────────╮
│        ┆ Amanda ┆ Britni ┆ Chelsey ┆ Cheyenne ┆ Hannah ┆  Kayla ┆  Kiki  ┆ Melanie ┆ Rashida ┆ Stacey │
╞════════╪════════╪════════╪═════════╪══════════╪════════╪════════╪════════╪═════════╪═════════╪════════╡
│[48;2;41;44;60m Alec   [49m┆[48;2;41;44;60m  8.863 [49m┆[48;2;41;44;60m  8.689 [49m┆[48;2;41;44;60m  8.863  [49m┆[48;2;41;44;60m  8.863   [49m┆[48;2;41;44;60m  8.863 [49m┆[48;2;41;44;60m  8.863 [49m┆[48;2;41;44;60m  9.756 [49m┆[48;2;41;44;60m  8.863  [49m┆[48;2;41;44;60m  8.863  [49m┆[48;2;41;44;60m 19.512 [49m│
│ Austin ┆  8.689 ┆  8.536 ┆  8.689  ┆  8.689   ┆  8.689 ┆  8.689 ┆ 21.951 ┆  8.689  ┆  8.689  ┆  8.689 │
│[48;2;41;44;60m Chuck  [49m┆[48;2;41;44;60m  8.863 [49m┆[48;2;41;44;60m  8.689 [49m┆[48;2;41;44;60m  8.863  [49m┆[48;2;41;44;60m  8.863   [49m┆[48;2;41;44;60m 19.512 [49m┆[48;2;41;44;60m  8.863 [49m┆[48;2;41;44;60m  9.756 [49m┆[48;2;41;44;60m  8.863  [49m┆[48;2;41;44;60m  8.863  [49m┆[48;2;41;44;60m  8.863 [49m│
│ Connor ┆  8.863 ┆  8.689 ┆ 19.512  ┆  8.863   ┆  8.863 ┆  8.863 ┆  9.756 ┆  8.863  ┆  8.863  ┆  8.863 │
│[48;2;41;44;60m Devin  [49m┆[48;2;41;44;60m  8.863 [49m┆[48;2;41;44;60m  8.689 [49m┆[48;2;41;44;60m  8.863  [49m┆[48;2;41;44;60m  8.863   [49m┆[48;2;41;44;60m  8.863 [49m┆[48;2;41;44;60m  8.863 [49m┆[48;2;41;44;60m  9.756 [49m┆[48;2;41;44;60m 19.512  [49m┆[48;2;41;44;60m  8.863  [49m┆[48;2;41;44;60m  8.863 [49m│
│ Hunter ┆  9.756 ┆ 21.951 ┆  9.756  ┆  9.756   ┆  9.756 ┆  9.756 ┆[38;5;9m  0     [39m┆  9.756  ┆  9.756  ┆  9.756 │
│[48;2;41;44;60m Mike   [49m┆[48;2;41;44;60m 19.512 [49m┆[48;2;41;44;60m  8.689 [49m┆[48;2;41;44;60m  8.863  [49m┆[48;2;41;44;60m  8.863   [49m┆[48;2;41;44;60m  8.863 [49m┆[48;2;41;44;60m  8.863 [49m┆[48;2;41;44;60m  9.756 [49m┆[48;2;41;44;60m  8.863  [49m┆[48;2;41;44;60m  8.863  [49m┆[48;2;41;44;60m  8.863 [49m│
│ Nelson ┆  8.863 ┆  8.689 ┆  8.863  ┆ 19.512   ┆  8.863 ┆  8.863 ┆  9.756 ┆  8.863  ┆  8.863  ┆  8.863 │
│[48;2;41;44;60m Tyler  [49m┆[48;2;41;44;60m  8.863 [49m┆[48;2;41;44;60m  8.689 [49m┆[48;2;41;44;60m  8.863  [49m┆[48;2;41;44;60m  8.863   [49m┆[48;2;41;44;60m  8.863 [49m┆[48;2;41;44;60m  8.863 [49m┆[48;2;41;44;60m  9.756 [49m┆[48;2;41;44;60m  8.863  [49m┆[48;2;41;44;60m 19.512  [49m┆[48;2;41;44;60m  8.863 [49m│
│ Zak    ┆  8.863 ┆  8.689 ┆  8.863  ┆  8.863   ┆  8.863 ┆ 19.512 ┆  9.756 ┆  8.863  ┆  8.863  ┆  8.863 │
╰────────┴────────┴────────┴─────────┴──────────┴────────┴────────┴────────┴─────────┴─────────┴────────╯
608153 left -> 19.2141 bits left

MB#2.0 E02
Devin → Kiki 
---
-> I[l]/bits: {0: 0.15, 1: 3.36}
-> E[I]/bits: 0.46
0 lights => I = 0.1481 bits
╭────────┬────────┬────────┬─────────┬──────────┬────────┬────────┬────────┬─────────┬─────────┬────────╮
│        ┆ Amanda ┆ Britni ┆ Chelsey ┆ Cheyenne ┆ Hannah ┆  Kayla ┆  Kiki  ┆ Melanie ┆ Rashida ┆ Stacey │
╞════════╪════════╪════════╪═════════╪══════════╪════════╪════════╪════════╪═════════╪═════════╪════════╡
│[48;2;41;44;60m Alec   [49m┆[48;2;41;44;60m  8.832 [49m┆[48;2;41;44;60m  8.639 [49m┆[48;2;41;44;60m  8.832  [49m┆[48;2;41;44;60m  8.832   [49m┆[48;2;41;44;60m  8.832 [49m┆[48;2;41;44;60m  8.832 [49m┆[48;2;41;44;60m 10.811 [49m┆[48;2;41;44;60m  8.639  [49m┆[48;2;41;44;60m  8.832  [49m┆[48;2;41;44;60m 18.919 [49m│
│ Austin ┆  8.446 ┆  8.276 ┆  8.446  ┆  8.446   ┆  8.446 ┆  8.446 ┆ 24.324 ┆  8.276  ┆  8.446  ┆  8.446 │
│[48;2;41;44;60m Chuck  [49m┆[48;2;41;44;60m  8.832 [49m┆[48;2;41;44;60m  8.639 [49m┆[48;2;41;44;60m  8.832  [49m┆[48;2;41;44;60m  8.832   [49m┆[48;2;41;44;60m 18.919 [49m┆[48;2;41;44;60m  8.832 [49m┆[48;2;41;44;60m 10.811 [49m┆[48;2;41;44;60m  8.639  [49m┆[48;2;41;44;60m  8.832  [49m┆[48;2;41;44;60m  8.832 [49m│
│ Connor ┆  8.832 ┆  8.639 ┆ 18.919  ┆  8.832   ┆  8.832 ┆  8.832 ┆ 10.811 ┆  8.639  ┆  8.832  ┆  8.832 │
│[48;2;41;44;60m Devin  [49m┆[48;2;41;44;60m  9.821 [49m┆[48;2;41;44;60m  9.628 [49m┆[48;2;41;44;60m  9.821  [49m┆[48;2;41;44;60m  9.821   [49m┆[48;2;41;44;60m  9.821 [49m┆[48;2;41;44;60m  9.821 [49m┆[48;2;41;44;60m[38;5;9m  0     [49m[39m┆[48;2;41;44;60m 21.622  [49m┆[48;2;41;44;60m  9.821  [49m┆[48;2;41;44;60m  9.821 [49m│
│ Hunter ┆  9.821 ┆ 21.622 ┆  9.821  ┆  9.821   ┆  9.821 ┆  9.821 ┆[38;5;9m  0     [39m┆  9.628  ┆  9.821  ┆  9.821 │
│[48;2;41;44;60m Mike   [49m┆[48;2;41;44;60m 18.919 [49m┆[48;2;41;44;60m  8.639 [49m┆[48;2;41;44;60m  8.832  [49m┆[48;2;41;44;60m  8.832   [49m┆[48;2;41;44;60m  8.832 [49m┆[48;2;41;44;60m  8.832 [49m┆[48;2;41;44;60m 10.811 [49m┆[48;2;41;44;60m  8.639  [49m┆[48;2;41;44;60m  8.832  [49m┆[48;2;41;44;60m  8.832 [49m│
│ Nelson ┆  8.832 ┆  8.639 ┆  8.832  ┆ 18.919   ┆  8.832 ┆  8.832 ┆ 10.811 ┆  8.639  ┆  8.832  ┆  8.832 │
│[48;2;41;44;60m Tyler  [49m┆[48;2;41;44;60m  8.832 [49m┆[48;2;41;44;60m  8.639 [49m┆[48;2;41;44;60m  8.832  [49m┆[48;2;41;44;60m  8.832   [49m┆[48;2;41;44;60m  8.832 [49m┆[48;2;41;44;60m  8.832 [49m┆[48;2;41;44;60m 10.811 [49m┆[48;2;41;44;60m  8.639  [49m┆[48;2;41;44;60m 18.919  [49m┆[48;2;41;44;60m  8.832 [49m│
│ Zak    ┆  8.832 ┆  8.639 ┆  8.832  ┆  8.832   ┆  8.832 ┆ 18.919 ┆ 10.811 ┆  8.639  ┆  8.832  ┆  8.832 │
╰────────┴────────┴────────┴─────────┴──────────┴────────┴────────┴────────┴─────────┴─────────┴────────╯
548821 left -> 19.066 bits left

MN#2.0 E02 -- blackout -250.000$
0x Alec   → Chelsey  
1x Nelson → Cheyenne 
1x Mike   → Amanda   
1x Tyler  → Rashida  
1x Devin  → Melanie  
0x Zak    → Britni   
1x Austin → Kiki     
1x Chuck  → Hannah   
0x Connor → Kayla    
0x Hunter → Stacey   
---
-> I[l]/bits: {0: 3.12, 1: 1.32, 2: 1.66, 3: 2.94, 4: 4.96, 5: 7.92, 6: 12.20}
-> E[I]/bits: 1.99
0 lights => I = 3.1182 bits
╭────────┬────────┬────────┬─────────┬──────────┬────────┬────────┬────────┬─────────┬─────────┬────────╮
│        ┆ Amanda ┆ Britni ┆ Chelsey ┆ Cheyenne ┆ Hannah ┆  Kayla ┆  Kiki  ┆ Melanie ┆ Rashida ┆ Stacey │
╞════════╪════════╪════════╪═════════╪══════════╪════════╪════════╪════════╪═════════╪═════════╪════════╡
│[48;2;41;44;60m Alec   [49m┆[48;2;41;44;60m  7.379 [49m┆[48;2;41;44;60m  1.955 [49m┆[48;2;41;44;60m[38;5;9m  0      [49m[39m┆[48;2;41;44;60m  7.379   [49m┆[48;2;41;44;60m  7.379 [49m┆[48;2;41;44;60m  2.78  [49m┆[48;2;41;44;60m  9.568 [49m┆[48;2;41;44;60m  7.613  [49m┆[48;2;41;44;60m  7.379  [49m┆[48;2;41;44;60m[38;5;11m 48.568 [49m[39m│
│ Austin ┆ 13.913 ┆  6.928 ┆  7.697  ┆ 13.913   ┆ 13.913 ┆  7.766 ┆[38;5;9m  0     [39m┆ 14.261  ┆ 13.913  ┆  7.697 │
│[48;2;41;44;60m Chuck  [49m┆[48;2;41;44;60m 13.264 [49m┆[48;2;41;44;60m  6.485 [49m┆[48;2;41;44;60m  7.379  [49m┆[48;2;41;44;60m 13.264   [49m┆[48;2;41;44;60m[38;5;9m  0     [49m[39m┆[48;2;41;44;60m  7.463 [49m┆[48;2;41;44;60m 17.824 [49m┆[48;2;41;44;60m 13.679  [49m┆[48;2;41;44;60m 13.264  [49m┆[48;2;41;44;60m  7.379 [49m│
│ Connor ┆  7.379 ┆  2.291 ┆[38;5;11m 48.568  [39m┆  7.379   ┆  7.379 ┆[38;5;9m  0     [39m┆  9.568 ┆  7.613  ┆  7.379  ┆  2.444 │
│[48;2;41;44;60m Devin  [49m┆[48;2;41;44;60m 16.207 [49m┆[48;2;41;44;60m  8.102 [49m┆[48;2;41;44;60m  8.996  [49m┆[48;2;41;44;60m 16.207   [49m┆[48;2;41;44;60m 16.207 [49m┆[48;2;41;44;60m  9.08  [49m┆[48;2;41;44;60m[38;5;9m  0     [49m[39m┆[48;2;41;44;60m[38;5;9m  0      [49m[39m┆[48;2;41;44;60m 16.207  [49m┆[48;2;41;44;60m  8.996 [49m│
│ Hunter ┆  7.952 ┆[38;5;11m 54.784 [39m┆  2.78   ┆  7.952   ┆  7.952 ┆  2.444 ┆[38;5;9m  0     [39m┆  8.186  ┆  7.952  ┆[38;5;9m  0     [39m│
│[48;2;41;44;60m Mike   [49m┆[48;2;41;44;60m[38;5;9m  0     [49m[39m┆[48;2;41;44;60m  6.485 [49m┆[48;2;41;44;60m  7.379  [49m┆[48;2;41;44;60m 13.264   [49m┆[48;2;41;44;60m 13.264 [49m┆[48;2;41;44;60m  7.463 [49m┆[48;2;41;44;60m 17.824 [49m┆[48;2;41;44;60m 13.679  [49m┆[48;2;41;44;60m 13.264  [49m┆[48;2;41;44;60m  7.379 [49m│
│ Nelson ┆ 13.264 ┆  6.485 ┆  7.379  ┆[38;5;9m  0       [39m┆ 13.264 ┆  7.463 ┆ 17.824 ┆ 13.679  ┆ 13.264  ┆  7.379 │
│[48;2;41;44;60m Tyler  [49m┆[48;2;41;44;60m 13.264 [49m┆[48;2;41;44;60m  6.485 [49m┆[48;2;41;44;60m  7.379  [49m┆[48;2;41;44;60m 13.264   [49m┆[48;2;41;44;60m 13.264 [49m┆[48;2;41;44;60m  7.463 [49m┆[48;2;41;44;60m 17.824 [49m┆[48;2;41;44;60m 13.679  [49m┆[48;2;41;44;60m[38;5;9m  0      [49m[39m┆[48;2;41;44;60m  7.379 [49m│
│ Zak    ┆  7.379 ┆[38;5;9m  0     [39m┆  2.444  ┆  7.379   ┆  7.379 ┆[38;5;11m 48.079 [39m┆  9.568 ┆  7.613  ┆  7.379  ┆  2.78  │
╰────────┴────────┴────────┴─────────┴──────────┴────────┴────────┴────────┴─────────┴─────────┴────────╯
63208 left -> 15.9478 bits left

MB#3.0 E03
Zak → Kiki 
---
-> I[l]/bits: {0: 0.15, 1: 3.39}
-> E[I]/bits: 0.46
0 lights => I = 0.1451 bits
╭────────┬────────┬────────┬─────────┬──────────┬────────┬────────┬────────┬─────────┬─────────┬────────╮
│        ┆ Amanda ┆ Britni ┆ Chelsey ┆ Cheyenne ┆ Hannah ┆  Kayla ┆  Kiki  ┆ Melanie ┆ Rashida ┆ Stacey │
╞════════╪════════╪════════╪═════════╪══════════╪════════╪════════╪════════╪═════════╪═════════╪════════╡
│[48;2;41;44;60m Alec   [49m┆[48;2;41;44;60m  7.526 [49m┆[48;2;41;44;60m  2.162 [49m┆[48;2;41;44;60m[38;5;9m  0      [49m[39m┆[48;2;41;44;60m  7.526   [49m┆[48;2;41;44;60m  7.526 [49m┆[48;2;41;44;60m  2.533 [49m┆[48;2;41;44;60m 10.581 [49m┆[48;2;41;44;60m  7.785  [49m┆[48;2;41;44;60m  7.526  [49m┆[48;2;41;44;60m[38;5;11m 46.833 [49m[39m│
│ Austin ┆ 13.856 ┆  7.12  ┆  8.048  ┆ 13.856   ┆ 13.856 ┆  7.197 ┆[38;5;9m  0     [39m┆ 14.241  ┆ 13.856  ┆  7.971 │
│[48;2;41;44;60m Chuck  [49m┆[48;2;41;44;60m 12.88  [49m┆[48;2;41;44;60m  6.538 [49m┆[48;2;41;44;60m  7.619  [49m┆[48;2;41;44;60m 12.88    [49m┆[48;2;41;44;60m[38;5;9m  0     [49m[39m┆[48;2;41;44;60m  6.631 [49m┆[48;2;41;44;60m 19.71  [49m┆[48;2;41;44;60m 13.338  [49m┆[48;2;41;44;60m 12.88   [49m┆[48;2;41;44;60m  7.526 [49m│
│ Connor ┆  7.526 ┆  2.533 ┆[38;5;11m 46.293  [39m┆  7.526   ┆  7.526 ┆[38;5;9m  0     [39m┆ 10.581 ┆  7.785  ┆  7.526  ┆  2.703 │
│[48;2;41;44;60m Devin  [49m┆[48;2;41;44;60m 16.134 [49m┆[48;2;41;44;60m  8.326 [49m┆[48;2;41;44;60m  9.407  [49m┆[48;2;41;44;60m 16.134   [49m┆[48;2;41;44;60m 16.134 [49m┆[48;2;41;44;60m  8.418 [49m┆[48;2;41;44;60m[38;5;9m  0     [49m[39m┆[48;2;41;44;60m[38;5;9m  0      [49m[39m┆[48;2;41;44;60m 16.134  [49m┆[48;2;41;44;60m  9.314 [49m│
│ Hunter ┆  8.16  ┆[38;5;11m 53.707 [39m┆  3.074  ┆  8.16    ┆  8.16  ┆  2.162 ┆[38;5;9m  0     [39m┆  8.418  ┆  8.16   ┆[38;5;9m  0     [39m│
│[48;2;41;44;60m Mike   [49m┆[48;2;41;44;60m[38;5;9m  0     [49m[39m┆[48;2;41;44;60m  6.538 [49m┆[48;2;41;44;60m  7.619  [49m┆[48;2;41;44;60m 12.88    [49m┆[48;2;41;44;60m 12.88  [49m┆[48;2;41;44;60m  6.631 [49m┆[48;2;41;44;60m 19.71  [49m┆[48;2;41;44;60m 13.338  [49m┆[48;2;41;44;60m 12.88   [49m┆[48;2;41;44;60m  7.526 [49m│
│ Nelson ┆ 12.88  ┆  6.538 ┆  7.619  ┆[38;5;9m  0       [39m┆ 12.88  ┆  6.631 ┆ 19.71  ┆ 13.338  ┆ 12.88   ┆  7.526 │
│[48;2;41;44;60m Tyler  [49m┆[48;2;41;44;60m 12.88  [49m┆[48;2;41;44;60m  6.538 [49m┆[48;2;41;44;60m  7.619  [49m┆[48;2;41;44;60m 12.88    [49m┆[48;2;41;44;60m 12.88  [49m┆[48;2;41;44;60m  6.631 [49m┆[48;2;41;44;60m 19.71  [49m┆[48;2;41;44;60m 13.338  [49m┆[48;2;41;44;60m[38;5;9m  0      [49m[39m┆[48;2;41;44;60m  7.526 [49m│
│ Zak    ┆  8.16  ┆[38;5;9m  0     [39m┆  2.703  ┆  8.16    ┆  8.16  ┆[38;5;11m 53.167 [39m┆[38;5;9m  0     [39m┆  8.418  ┆  8.16   ┆  3.074 │
╰────────┴────────┴────────┴─────────┴──────────┴────────┴────────┴────────┴─────────┴─────────┴────────╯
57160 left -> 15.8027 bits left

MN#3.0 E03
0x Devin  → Rashida  
1x Connor → Chelsey  
0x Tyler  → Cheyenne 
0x Nelson → Melanie  
1x Alec   → Stacey   
0x Chuck  → Kiki     
0x Mike   → Kayla    
1x Hunter → Britni   
0x Zak    → Hannah   
0x Austin → Amanda   
---
-> I[l]/bits: {1: 2.04, 2: 1.50, 3: 2.02, 4: 3.18, 5: 4.83, 6: 6.83, 7: 9.41, 8: 11.63}
-> E[I]/bits: 2.12
3 lights => I = 2.0163 bits
╭────────┬────────┬────────┬─────────┬──────────┬────────┬────────┬────────┬─────────┬─────────┬────────╮
│        ┆ Amanda ┆ Britni ┆ Chelsey ┆ Cheyenne ┆ Hannah ┆  Kayla ┆  Kiki  ┆ Melanie ┆ Rashida ┆ Stacey │
╞════════╪════════╪════════╪═════════╪══════════╪════════╪════════╪════════╪═════════╪═════════╪════════╡
│[48;2;41;44;60m Alec   [49m┆[48;2;41;44;60m  6.455 [49m┆[48;2;41;44;60m  1.536 [49m┆[48;2;41;44;60m[38;5;9m  0      [49m[39m┆[48;2;41;44;60m  6.448   [49m┆[48;2;41;44;60m  7.071 [49m┆[48;2;41;44;60m  3.779 [49m┆[48;2;41;44;60m  8.67  [49m┆[48;2;41;44;60m  6.554  [49m┆[48;2;41;44;60m  6.214  [49m┆[48;2;41;44;60m[38;5;11m 53.273 [49m[39m│
│ Austin ┆ 19.987 ┆  5.839 ┆  6.405  ┆ 12.195   ┆ 13.348 ┆ 11.055 ┆[38;5;9m  0     [39m┆ 12.506  ┆ 11.997  ┆  6.667 │
│[48;2;41;44;60m Chuck  [49m┆[48;2;41;44;60m 10.871 [49m┆[48;2;41;44;60m  5.089 [49m┆[48;2;41;44;60m  5.882  [49m┆[48;2;41;44;60m 10.921   [49m┆[48;2;41;44;60m[38;5;9m  0     [49m[39m┆[48;2;41;44;60m  9.965 [49m┆[48;2;41;44;60m 29.294 [49m┆[48;2;41;44;60m 11.253  [49m┆[48;2;41;44;60m 10.609  [49m┆[48;2;41;44;60m  6.115 [49m│
│ Connor ┆  6.455 ┆  1.854 ┆[38;5;11m 54.88   [39m┆  6.448   ┆  7.071 ┆[38;5;9m  0     [39m┆  8.67  ┆  6.554  ┆  6.214  ┆  1.854 │
│[48;2;41;44;60m Devin  [49m┆[48;2;41;44;60m 14.021 [49m┆[48;2;41;44;60m  6.582 [49m┆[48;2;41;44;60m  7.191  [49m┆[48;2;41;44;60m 13.978   [49m┆[48;2;41;44;60m 15.04  [49m┆[48;2;41;44;60m 12.775 [49m┆[48;2;41;44;60m[38;5;9m  0     [49m[39m┆[48;2;41;44;60m[38;5;9m  0      [49m[39m┆[48;2;41;44;60m 22.868  [49m┆[48;2;41;44;60m  7.545 [49m│
│ Hunter ┆  6.398 ┆[38;5;14m 62.156 [39m┆  2.173  ┆  6.349   ┆  7.198 ┆  3.234 ┆[38;5;9m  0     [39m┆  6.412  ┆  6.08   ┆[38;5;9m  0     [39m│
│[48;2;41;44;60m Mike   [49m┆[48;2;41;44;60m[38;5;9m  0     [49m[39m┆[48;2;41;44;60m  6.044 [49m┆[48;2;41;44;60m  7.007  [49m┆[48;2;41;44;60m 12.924   [49m┆[48;2;41;44;60m 13.568 [49m┆[48;2;41;44;60m  8.762 [49m┆[48;2;41;44;60m 18.968 [49m┆[48;2;41;44;60m 13.179  [49m┆[48;2;41;44;60m 12.435  [49m┆[48;2;41;44;60m  7.113 [49m│
│ Nelson ┆ 11.685 ┆  5.45  ┆  6.2    ┆[38;5;9m  0       [39m┆ 12.52  ┆ 10.369 ┆ 17.199 ┆ 18.848  ┆ 11.317  ┆  6.412 │
│[48;2;41;44;60m Tyler  [49m┆[48;2;41;44;60m 11.685 [49m┆[48;2;41;44;60m  5.45  [49m┆[48;2;41;44;60m  6.2    [49m┆[48;2;41;44;60m 18.267   [49m┆[48;2;41;44;60m 12.52  [49m┆[48;2;41;44;60m 10.369 [49m┆[48;2;41;44;60m 17.199 [49m┆[48;2;41;44;60m 11.898  [49m┆[48;2;41;44;60m[38;5;9m  0      [49m[39m┆[48;2;41;44;60m  6.412 [49m│
│ Zak    ┆ 12.442 ┆[38;5;9m  0     [39m┆  4.063  ┆ 12.471   ┆ 11.664 ┆ 29.691 ┆[38;5;9m  0     [39m┆ 12.796  ┆ 12.266  ┆  4.608 │
╰────────┴────────┴────────┴─────────┴──────────┴────────┴────────┴────────┴─────────┴─────────┴────────╯
14129 left -> 13.7864 bits left

MB#4.0 E04
Chuck → Britni 
---
-> I[l]/bits: {0: 0.08, 1: 4.30}
-> E[I]/bits: 0.29
0 lights => I = 0.0754 bits
╭────────┬────────┬────────┬─────────┬──────────┬────────┬────────┬────────┬─────────┬─────────┬────────╮
│        ┆ Amanda ┆ Britni ┆ Chelsey ┆ Cheyenne ┆ Hannah ┆  Kayla ┆  Kiki  ┆ Melanie ┆ Rashida ┆ Stacey │
╞════════╪════════╪════════╪═════════╪══════════╪════════╪════════╪════════╪═════════╪═════════╪════════╡
│[48;2;41;44;60m Alec   [49m┆[48;2;41;44;60m  6.674 [49m┆[48;2;41;44;60m  1.618 [49m┆[48;2;41;44;60m[38;5;9m  0      [49m[39m┆[48;2;41;44;60m  6.644   [49m┆[48;2;41;44;60m  7.278 [49m┆[48;2;41;44;60m  3.982 [49m┆[48;2;41;44;60m  8.799 [49m┆[48;2;41;44;60m  6.764  [49m┆[48;2;41;44;60m  6.435  [49m┆[48;2;41;44;60m[38;5;11m 51.805 [49m[39m│
│ Austin ┆ 19.299 ┆  6.152 ┆  6.532  ┆ 12.222   ┆ 13.326 ┆ 11.104 ┆[38;5;9m  0     [39m┆ 12.513  ┆ 12.043  ┆  6.808 │
│[48;2;41;44;60m Chuck  [49m┆[48;2;41;44;60m 11.454 [49m┆[48;2;41;44;60m[38;5;9m  0     [49m[39m┆[48;2;41;44;60m  6.197  [49m┆[48;2;41;44;60m 11.506   [49m┆[48;2;41;44;60m[38;5;9m  0     [49m[39m┆[48;2;41;44;60m 10.5   [49m┆[48;2;41;44;60m 30.865 [49m┆[48;2;41;44;60m 11.857  [49m┆[48;2;41;44;60m 11.178  [49m┆[48;2;41;44;60m  6.443 [49m│
│ Connor ┆  6.622 ┆  1.954 ┆[38;5;11m 53.773  [39m┆  6.6     ┆  7.241 ┆[38;5;9m  0     [39m┆  8.732 ┆  6.726  ┆  6.398  ┆  1.954 │
│[48;2;41;44;60m Devin  [49m┆[48;2;41;44;60m 14.057 [49m┆[48;2;41;44;60m  6.935 [49m┆[48;2;41;44;60m  7.353  [49m┆[48;2;41;44;60m 13.982   [49m┆[48;2;41;44;60m 15.004 [49m┆[48;2;41;44;60m 12.826 [49m┆[48;2;41;44;60m[38;5;9m  0     [49m[39m┆[48;2;41;44;60m[38;5;9m  0      [49m[39m┆[48;2;41;44;60m 22.118  [49m┆[48;2;41;44;60m  7.726 [49m│
│ Hunter ┆  5.802 ┆[38;5;14m 65.488 [39m┆  2.013  ┆  5.764   ┆  6.682 ┆  2.886 ┆[38;5;9m  0     [39m┆  5.817  ┆  5.548  ┆[38;5;9m  0     [39m│
│[48;2;41;44;60m Mike   [49m┆[48;2;41;44;60m[38;5;9m  0     [49m[39m┆[48;2;41;44;60m  6.368 [49m┆[48;2;41;44;60m  7.144  [49m┆[48;2;41;44;60m 12.938   [49m┆[48;2;41;44;60m 13.572 [49m┆[48;2;41;44;60m  8.77  [49m┆[48;2;41;44;60m 18.255 [49m┆[48;2;41;44;60m 13.184  [49m┆[48;2;41;44;60m 12.513  [49m┆[48;2;41;44;60m  7.256 [49m│
│ Nelson ┆ 11.805 ┆  5.742 ┆  6.353  ┆[38;5;9m  0       [39m┆ 12.573 ┆ 10.5   ┆ 16.674 ┆ 18.33   ┆ 11.447  ┆  6.577 │
│[48;2;41;44;60m Tyler  [49m┆[48;2;41;44;60m 11.805 [49m┆[48;2;41;44;60m  5.742 [49m┆[48;2;41;44;60m  6.353  [49m┆[48;2;41;44;60m 17.8     [49m┆[48;2;41;44;60m 12.573 [49m┆[48;2;41;44;60m 10.5   [49m┆[48;2;41;44;60m 16.674 [49m┆[48;2;41;44;60m 11.976  [49m┆[48;2;41;44;60m[38;5;9m  0      [49m[39m┆[48;2;41;44;60m  6.577 [49m│
│ Zak    ┆ 12.483 ┆[38;5;9m  0     [39m┆  4.28   ┆ 12.543   ┆ 11.752 ┆ 28.934 ┆[38;5;9m  0     [39m┆ 12.834  ┆ 12.319  ┆  4.855 │
╰────────┴────────┴────────┴─────────┴──────────┴────────┴────────┴────────┴─────────┴─────────┴────────╯
13410 left -> 13.711 bits left

MN#4.0 E04
1x Mike   → Kayla    
0x Nelson → Britni   
0x Tyler  → Melanie  
0x Alec   → Amanda   
0x Zak    → Cheyenne 
0x Devin  → Hannah   
0x Hunter → Rashida  
0x Austin → Stacey   
2x Connor → Chelsey  
1x Chuck  → Kiki     
---
-> I[l]/bits: {0: 2.48, 1: 1.54, 2: 1.86, 3: 2.85, 4: 4.40, 5: 6.33, 6: 8.90, 7: 12.13}
-> E[I]/bits: 2.19
2 lights => I = 1.8569 bits
╭────────┬────────┬────────┬─────────┬──────────┬────────┬────────┬────────┬─────────┬─────────┬────────╮
│        ┆ Amanda ┆ Britni ┆ Chelsey ┆ Cheyenne ┆ Hannah ┆  Kayla ┆  Kiki  ┆ Melanie ┆ Rashida ┆ Stacey │
╞════════╪════════╪════════╪═════════╪══════════╪════════╪════════╪════════╪═════════╪═════════╪════════╡
│[48;2;41;44;60m Alec   [49m┆[48;2;41;44;60m  8.023 [49m┆[48;2;41;44;60m  2.458 [49m┆[48;2;41;44;60m[38;5;9m  0      [49m[39m┆[48;2;41;44;60m  7.969   [49m┆[48;2;41;44;60m  8.158 [49m┆[48;2;41;44;60m  5.024 [49m┆[48;2;41;44;60m  8.941 [49m┆[48;2;41;44;60m  7.753  [49m┆[48;2;41;44;60m  7.861  [49m┆[48;2;41;44;60m 43.814 [49m│
│ Austin ┆ 16.316 ┆  7.645 ┆  4.322  ┆ 13.155   ┆ 13.263 ┆ 10.535 ┆[38;5;9m  0     [39m┆ 13.236  ┆ 13.101  ┆  8.428 │
│[48;2;41;44;60m Chuck  [49m┆[48;2;41;44;60m 10.049 [49m┆[48;2;41;44;60m[38;5;9m  0     [49m[39m┆[48;2;41;44;60m  2.053  [49m┆[48;2;41;44;60m 10.292   [49m┆[48;2;41;44;60m[38;5;9m  0     [49m[39m┆[48;2;41;44;60m  9.292 [49m┆[48;2;41;44;60m 41.167 [49m┆[48;2;41;44;60m 10.535  [49m┆[48;2;41;44;60m  9.941  [49m┆[48;2;41;44;60m  6.672 [49m│
│ Connor ┆  4.727 ┆  1.513 ┆[38;5;14m 70.583  [39m┆  4.808   ┆  4.592 ┆[38;5;9m  0     [39m┆  2.971 ┆  4.754  ┆  5.024  ┆  1.026 │
│[48;2;41;44;60m Devin  [49m┆[48;2;41;44;60m 14.452 [49m┆[48;2;41;44;60m  8.131 [49m┆[48;2;41;44;60m  4.997  [49m┆[48;2;41;44;60m 14.722   [49m┆[48;2;41;44;60m 17.747 [49m┆[48;2;41;44;60m 12.318 [49m┆[48;2;41;44;60m[38;5;9m  0     [49m[39m┆[48;2;41;44;60m[38;5;9m  0      [49m[39m┆[48;2;41;44;60m 18.098  [49m┆[48;2;41;44;60m  9.535 [49m│
│ Hunter ┆  7.374 ┆[38;5;14m 59.292 [39m┆  1.513  ┆  7.05    ┆  7.374 ┆  3.809 ┆[38;5;9m  0     [39m┆  6.942  ┆  6.645  ┆[38;5;9m  0     [39m│
│[48;2;41;44;60m Mike   [49m┆[48;2;41;44;60m[38;5;9m  0     [49m[39m┆[48;2;41;44;60m  7.563 [49m┆[48;2;41;44;60m  4.889  [49m┆[48;2;41;44;60m 13.209   [49m┆[48;2;41;44;60m 13.155 [49m┆[48;2;41;44;60m 11.696 [49m┆[48;2;41;44;60m 15.613 [49m┆[48;2;41;44;60m 13.263  [49m┆[48;2;41;44;60m 12.561  [49m┆[48;2;41;44;60m  8.05  [49m│
│ Nelson ┆ 13.074 ┆  6.78  ┆  4.835  ┆[38;5;9m  0       [39m┆ 13.128 ┆ 10.454 ┆ 15.424 ┆ 15.532  ┆ 12.912  ┆  7.861 │
│[48;2;41;44;60m Tyler  [49m┆[48;2;41;44;60m 13.02  [49m┆[48;2;41;44;60m  6.618 [49m┆[48;2;41;44;60m  4.619  [49m┆[48;2;41;44;60m 13.965   [49m┆[48;2;41;44;60m 13.047 [49m┆[48;2;41;44;60m 10.562 [49m┆[48;2;41;44;60m 15.883 [49m┆[48;2;41;44;60m 14.1    [49m┆[48;2;41;44;60m[38;5;9m  0      [49m[39m┆[48;2;41;44;60m  8.185 [49m│
│ Zak    ┆ 12.966 ┆[38;5;9m  0     [39m┆  2.188  ┆ 14.83    ┆  9.535 ┆ 26.31  ┆[38;5;9m  0     [39m┆ 13.884  ┆ 13.857  ┆  6.429 │
╰────────┴────────┴────────┴─────────┴──────────┴────────┴────────┴────────┴─────────┴─────────┴────────╯
3702 left -> 11.8541 bits left

MB#5.0 E05
Connor → Chelsey 
---
-> I[l]/bits: {0: 1.77, 1: 0.50}
-> E[I]/bits: 0.87
1 lights => I = 0.5026 bits
╭────────┬────────┬────────┬─────────┬──────────┬────────┬────────┬────────┬─────────┬─────────┬────────╮
│        ┆ Amanda ┆ Britni ┆ Chelsey ┆ Cheyenne ┆ Hannah ┆  Kayla ┆  Kiki  ┆ Melanie ┆ Rashida ┆ Stacey │
╞════════╪════════╪════════╪═════════╪══════════╪════════╪════════╪════════╪═════════╪═════════╪════════╡
│[48;2;41;44;60m Alec   [49m┆[48;2;41;44;60m  7.08  [49m┆[48;2;41;44;60m  3.483 [49m┆[48;2;41;44;60m[38;5;9m  0      [49m[39m┆[48;2;41;44;60m  9.606   [49m┆[48;2;41;44;60m 10.295 [49m┆[48;2;41;44;60m  7.118 [49m┆[48;2;41;44;60m 12.553 [49m┆[48;2;41;44;60m  9.835  [49m┆[48;2;41;44;60m  9.453  [49m┆[48;2;41;44;60m 30.578 [49m│
│ Austin ┆ 15.576 ┆  9.185 ┆[38;5;9m  0      [39m┆ 13.471   ┆ 13.816 ┆ 12.246 ┆[38;5;9m  0     [39m┆ 13.662  ┆ 13.318  ┆  8.726 │
│[48;2;41;44;60m Chuck  [49m┆[48;2;41;44;60m 12.438 [49m┆[48;2;41;44;60m[38;5;9m  0     [49m[39m┆[48;2;41;44;60m[38;5;9m  0      [49m[39m┆[48;2;41;44;60m 12.553   [49m┆[48;2;41;44;60m[38;5;9m  0     [49m[39m┆[48;2;41;44;60m 11.902 [49m┆[48;2;41;44;60m 29.506 [49m┆[48;2;41;44;60m 12.744  [49m┆[48;2;41;44;60m 11.519  [49m┆[48;2;41;44;60m  9.338 [49m│
│ Connor ┆[38;5;9m  0     [39m┆[38;5;9m  0     [39m┆[38;5;10m 100     [39m┆[38;5;9m  0       [39m┆[38;5;9m  0     [39m┆[38;5;9m  0     [39m┆[38;5;9m  0     [39m┆[38;5;9m  0      [39m┆[38;5;9m  0      [39m┆[38;5;9m  0     [39m│
│[48;2;41;44;60m Devin  [49m┆[48;2;41;44;60m 15.002 [49m┆[48;2;41;44;60m 10.333 [49m┆[48;2;41;44;60m[38;5;9m  0      [49m[39m┆[48;2;41;44;60m 17.336   [49m┆[48;2;41;44;60m 11.558 [49m┆[48;2;41;44;60m 14.619 [49m┆[48;2;41;44;60m[38;5;9m  0     [49m[39m┆[48;2;41;44;60m[38;5;9m  0      [49m[39m┆[48;2;41;44;60m 18.944  [49m┆[48;2;41;44;60m 12.208 [49m│
│ Hunter ┆  8.687 ┆[38;5;11m 54.152 [39m┆[38;5;9m  0      [39m┆  8.419   ┆  9.261 ┆  5.396 ┆[38;5;9m  0     [39m┆  8.496  ┆  5.587  ┆[38;5;9m  0     [39m│
│[48;2;41;44;60m Mike   [49m┆[48;2;41;44;60m[38;5;9m  0     [49m[39m┆[48;2;41;44;60m  8.573 [49m┆[48;2;41;44;60m[38;5;9m  0      [49m[39m┆[48;2;41;44;60m 13.088   [49m┆[48;2;41;44;60m 13.127 [49m┆[48;2;41;44;60m  9.835 [49m┆[48;2;41;44;60m 20.054 [49m┆[48;2;41;44;60m 13.395  [49m┆[48;2;41;44;60m 11.94   [49m┆[48;2;41;44;60m  9.989 [49m│
│ Nelson ┆ 13.05  ┆  6.123 ┆[38;5;9m  0      [39m┆[38;5;9m  0       [39m┆ 13.662 ┆ 11.405 ┆ 18.408 ┆ 14.887  ┆ 12.782  ┆  9.682 │
│[48;2;41;44;60m Tyler  [49m┆[48;2;41;44;60m 12.935 [49m┆[48;2;41;44;60m  8.152 [49m┆[48;2;41;44;60m[38;5;9m  0      [49m[39m┆[48;2;41;44;60m 13.012   [49m┆[48;2;41;44;60m 14.772 [49m┆[48;2;41;44;60m 12.208 [49m┆[48;2;41;44;60m 19.48  [49m┆[48;2;41;44;60m  9.07   [49m┆[48;2;41;44;60m[38;5;9m  0      [49m[39m┆[48;2;41;44;60m 10.371 [49m│
│ Zak    ┆ 15.232 ┆[38;5;9m  0     [39m┆[38;5;9m  0      [39m┆ 12.514   ┆ 13.509 ┆ 15.27  ┆[38;5;9m  0     [39m┆ 17.91   ┆ 16.456  ┆  9.108 │
╰────────┴────────┴────────┴─────────┴──────────┴────────┴────────┴────────┴─────────┴─────────┴────────╯
2613 left -> 11.3515 bits left

MN#5.0 E05
0x Hunter → Melanie  
0x Devin  → Cheyenne 
0x Austin → Hannah   
2x Chuck  → Kiki     
0x Mike   → Britni   
0x Tyler  → Amanda   
0x Nelson → Rashida  
2x Alec   → Stacey   
3x Connor → Chelsey  
1x Zak    → Kayla    
---
-> I[l]/bits: {1: 2.00, 2: 1.68, 3: 2.11, 4: 2.93, 5: 4.22, 6: 5.89, 7: 8.35, 8: 9.77}
-> E[I]/bits: 2.26
2 lights => I = 1.6755 bits
╭────────┬────────┬────────┬─────────┬──────────┬────────┬────────┬────────┬─────────┬─────────┬────────╮
│        ┆ Amanda ┆ Britni ┆ Chelsey ┆ Cheyenne ┆ Hannah ┆  Kayla ┆  Kiki  ┆ Melanie ┆ Rashida ┆ Stacey │
╞════════╪════════╪════════╪═════════╪══════════╪════════╪════════╪════════╪═════════╪═════════╪════════╡
│[48;2;41;44;60m Alec   [49m┆[48;2;41;44;60m  9.78  [49m┆[48;2;41;44;60m  2.812 [49m┆[48;2;41;44;60m[38;5;9m  0      [49m[39m┆[48;2;41;44;60m  8.313   [49m┆[48;2;41;44;60m 10.147 [49m┆[48;2;41;44;60m  7.213 [49m┆[48;2;41;44;60m 15.159 [49m┆[48;2;41;44;60m  7.946  [49m┆[48;2;41;44;60m  6.846  [49m┆[48;2;41;44;60m 31.785 [49m│
│ Austin ┆ 17.604 ┆ 10.636 ┆[38;5;9m  0      [39m┆ 13.081   ┆ 11.002 ┆ 11.491 ┆[38;5;9m  0     [39m┆ 14.303  ┆ 12.592  ┆  9.291 │
│[48;2;41;44;60m Chuck  [49m┆[48;2;41;44;60m 14.548 [49m┆[48;2;41;44;60m[38;5;9m  0     [49m[39m┆[48;2;41;44;60m[38;5;9m  0      [49m[39m┆[48;2;41;44;60m 15.892   [49m┆[48;2;41;44;60m[38;5;9m  0     [49m[39m┆[48;2;41;44;60m 14.548 [49m┆[48;2;41;44;60m 13.447 [49m┆[48;2;41;44;60m 16.748  [49m┆[48;2;41;44;60m 12.836  [49m┆[48;2;41;44;60m 11.98  [49m│
│ Connor ┆[38;5;9m  0     [39m┆[38;5;9m  0     [39m┆[38;5;10m 100     [39m┆[38;5;9m  0       [39m┆[38;5;9m  0     [39m┆[38;5;9m  0     [39m┆[38;5;9m  0     [39m┆[38;5;9m  0      [39m┆[38;5;9m  0      [39m┆[38;5;9m  0     [39m│
│[48;2;41;44;60m Devin  [49m┆[48;2;41;44;60m 16.993 [49m┆[48;2;41;44;60m 12.592 [49m┆[48;2;41;44;60m[38;5;9m  0      [49m[39m┆[48;2;41;44;60m 13.325   [49m┆[48;2;41;44;60m 10.391 [49m┆[48;2;41;44;60m 15.037 [49m┆[48;2;41;44;60m[38;5;9m  0     [49m[39m┆[48;2;41;44;60m[38;5;9m  0      [49m[39m┆[48;2;41;44;60m 20.782  [49m┆[48;2;41;44;60m 10.88  [49m│
│ Hunter ┆  7.824 ┆[38;5;14m 56.601 [39m┆[38;5;9m  0      [39m┆  9.046   ┆ 10.636 ┆  6.357 ┆[38;5;9m  0     [39m┆[38;5;9m  0      [39m┆  9.535  ┆[38;5;9m  0     [39m│
│[48;2;41;44;60m Mike   [49m┆[48;2;41;44;60m[38;5;9m  0     [49m[39m┆[48;2;41;44;60m[38;5;9m  0     [49m[39m┆[48;2;41;44;60m[38;5;9m  0      [49m[39m┆[48;2;41;44;60m 13.692   [49m┆[48;2;41;44;60m 13.203 [49m┆[48;2;41;44;60m 11.247 [49m┆[48;2;41;44;60m 27.751 [49m┆[48;2;41;44;60m 13.936  [49m┆[48;2;41;44;60m 11.125  [49m┆[48;2;41;44;60m  9.046 [49m│
│ Nelson ┆ 12.103 ┆ 10.147 ┆[38;5;9m  0      [39m┆[38;5;9m  0       [39m┆ 11.247 ┆  9.78  ┆ 18.949 ┆ 18.704  ┆ 11.369  ┆  7.702 │
│[48;2;41;44;60m Tyler  [49m┆[48;2;41;44;60m  7.457 [49m┆[48;2;41;44;60m  7.213 [49m┆[48;2;41;44;60m[38;5;9m  0      [49m[39m┆[48;2;41;44;60m 11.736   [49m┆[48;2;41;44;60m 15.281 [49m┆[48;2;41;44;60m 12.714 [49m┆[48;2;41;44;60m 24.694 [49m┆[48;2;41;44;60m 11.247  [49m┆[48;2;41;44;60m[38;5;9m  0      [49m[39m┆[48;2;41;44;60m  9.658 [49m│
│ Zak    ┆ 13.692 ┆[38;5;9m  0     [39m┆[38;5;9m  0      [39m┆ 14.914   ┆ 18.093 ┆ 11.614 ┆[38;5;9m  0     [39m┆ 17.115  ┆ 14.914  ┆  9.658 │
╰────────┴────────┴────────┴─────────┴──────────┴────────┴────────┴────────┴─────────┴─────────┴────────╯
818 left -> 9.676 bits left

MB#6.0 E06
Chuck → Kiki 
---
-> I[l]/bits: {0: 0.21, 1: 2.89}
-> E[I]/bits: 0.57
0 lights => I = 0.2084 bits
╭────────┬────────┬────────┬─────────┬──────────┬────────┬────────┬────────┬─────────┬─────────┬────────╮
│        ┆ Amanda ┆ Britni ┆ Chelsey ┆ Cheyenne ┆ Hannah ┆  Kayla ┆  Kiki  ┆ Melanie ┆ Rashida ┆ Stacey │
╞════════╪════════╪════════╪═════════╪══════════╪════════╪════════╪════════╪═════════╪═════════╪════════╡
│[48;2;41;44;60m Alec   [49m┆[48;2;41;44;60m 11.299 [49m┆[48;2;41;44;60m  3.249 [49m┆[48;2;41;44;60m[38;5;9m  0      [49m[39m┆[48;2;41;44;60m  4.802   [49m┆[48;2;41;44;60m  9.463 [49m┆[48;2;41;44;60m  6.638 [49m┆[48;2;41;44;60m 17.514 [49m┆[48;2;41;44;60m  5.791  [49m┆[48;2;41;44;60m  4.52   [49m┆[48;2;41;44;60m 36.723 [49m│
│ Austin ┆ 20.339 ┆ 12.288 ┆[38;5;9m  0      [39m┆  9.181   ┆ 12.712 ┆ 11.582 ┆[38;5;9m  0     [39m┆ 12.571  ┆ 10.593  ┆ 10.734 │
│[48;2;41;44;60m Chuck  [49m┆[48;2;41;44;60m 16.808 [49m┆[48;2;41;44;60m[38;5;9m  0     [49m[39m┆[48;2;41;44;60m[38;5;9m  0      [49m[39m┆[48;2;41;44;60m 18.362   [49m┆[48;2;41;44;60m[38;5;9m  0     [49m[39m┆[48;2;41;44;60m 16.808 [49m┆[48;2;41;44;60m[38;5;9m  0     [49m[39m┆[48;2;41;44;60m 19.35   [49m┆[48;2;41;44;60m 14.831  [49m┆[48;2;41;44;60m 13.842 [49m│
│ Connor ┆[38;5;9m  0     [39m┆[38;5;9m  0     [39m┆[38;5;10m 100     [39m┆[38;5;9m  0       [39m┆[38;5;9m  0     [39m┆[38;5;9m  0     [39m┆[38;5;9m  0     [39m┆[38;5;9m  0      [39m┆[38;5;9m  0      [39m┆[38;5;9m  0     [39m│
│[48;2;41;44;60m Devin  [49m┆[48;2;41;44;60m 12.288 [49m┆[48;2;41;44;60m 14.548 [49m┆[48;2;41;44;60m[38;5;9m  0      [49m[39m┆[48;2;41;44;60m 15.395   [49m┆[48;2;41;44;60m 12.006 [49m┆[48;2;41;44;60m 13.136 [49m┆[48;2;41;44;60m[38;5;9m  0     [49m[39m┆[48;2;41;44;60m[38;5;9m  0      [49m[39m┆[48;2;41;44;60m 24.011  [49m┆[48;2;41;44;60m  8.616 [49m│
│ Hunter ┆  9.04  ┆[38;5;11m 49.859 [39m┆[38;5;9m  0      [39m┆ 10.452   ┆ 12.288 ┆  7.345 ┆[38;5;9m  0     [39m┆[38;5;9m  0      [39m┆ 11.017  ┆[38;5;9m  0     [39m│
│[48;2;41;44;60m Mike   [49m┆[48;2;41;44;60m[38;5;9m  0     [49m[39m┆[48;2;41;44;60m[38;5;9m  0     [49m[39m┆[48;2;41;44;60m[38;5;9m  0      [49m[39m┆[48;2;41;44;60m 11.017   [49m┆[48;2;41;44;60m 12.994 [49m┆[48;2;41;44;60m 12.994 [49m┆[48;2;41;44;60m 32.062 [49m┆[48;2;41;44;60m 12.712  [49m┆[48;2;41;44;60m  9.463  [49m┆[48;2;41;44;60m  8.757 [49m│
│ Nelson ┆  9.181 ┆ 11.723 ┆[38;5;9m  0      [39m┆[38;5;9m  0       [39m┆  8.757 ┆  7.91  ┆ 21.893 ┆ 21.61   ┆ 13.136  ┆  5.791 │
│[48;2;41;44;60m Tyler  [49m┆[48;2;41;44;60m  8.616 [49m┆[48;2;41;44;60m  8.333 [49m┆[48;2;41;44;60m[38;5;9m  0      [49m[39m┆[48;2;41;44;60m 13.559   [49m┆[48;2;41;44;60m 10.876 [49m┆[48;2;41;44;60m 10.169 [49m┆[48;2;41;44;60m 28.531 [49m┆[48;2;41;44;60m 12.994  [49m┆[48;2;41;44;60m[38;5;9m  0      [49m[39m┆[48;2;41;44;60m  6.921 [49m│
│ Zak    ┆ 12.429 ┆[38;5;9m  0     [39m┆[38;5;9m  0      [39m┆ 17.232   ┆ 20.904 ┆ 13.418 ┆[38;5;9m  0     [39m┆ 14.972  ┆ 12.429  ┆  8.616 │
╰────────┴────────┴────────┴─────────┴──────────┴────────┴────────┴────────┴─────────┴─────────┴────────╯
708 left -> 9.4676 bits left

MN#6.0 E06
0x Mike   → Melanie  
0x Tyler  → Hannah   
2x Hunter → Britni   
0x Nelson → Kiki     
3x Alec   → Stacey   
0x Chuck  → Amanda   
4x Connor → Chelsey  
0x Austin → Cheyenne 
2x Zak    → Kayla    
1x Devin  → Rashida  
---
-> I[l]/bits: {2: 1.46, 3: 1.36, 4: 2.40, 5: 4.47, 6: 6.47, 7: 9.47}
-> E[I]/bits: 1.80
3 lights => I = 1.3643 bits
╭────────┬────────┬────────┬─────────┬──────────┬────────┬────────┬────────┬─────────┬─────────┬────────╮
│        ┆ Amanda ┆ Britni ┆ Chelsey ┆ Cheyenne ┆ Hannah ┆  Kayla ┆  Kiki  ┆ Melanie ┆ Rashida ┆ Stacey │
╞════════╪════════╪════════╪═════════╪══════════╪════════╪════════╪════════╪═════════╪═════════╪════════╡
│[48;2;41;44;60m Alec   [49m┆[48;2;41;44;60m 11.273 [49m┆[48;2;41;44;60m  2.545 [49m┆[48;2;41;44;60m[38;5;9m  0      [49m[39m┆[48;2;41;44;60m  4.727   [49m┆[48;2;41;44;60m  9.091 [49m┆[48;2;41;44;60m  7.273 [49m┆[48;2;41;44;60m 18.545 [49m┆[48;2;41;44;60m  6.545  [49m┆[48;2;41;44;60m  4.364  [49m┆[48;2;41;44;60m 35.636 [49m│
│ Austin ┆ 18.909 ┆ 12     ┆[38;5;9m  0      [39m┆ 10.545   ┆ 13.091 ┆ 11.636 ┆[38;5;9m  0     [39m┆ 12.727  ┆  9.455  ┆ 11.636 │
│[48;2;41;44;60m Chuck  [49m┆[48;2;41;44;60m 17.818 [49m┆[48;2;41;44;60m[38;5;9m  0     [49m[39m┆[48;2;41;44;60m[38;5;9m  0      [49m[39m┆[48;2;41;44;60m 19.636   [49m┆[48;2;41;44;60m[38;5;9m  0     [49m[39m┆[48;2;41;44;60m 17.455 [49m┆[48;2;41;44;60m[38;5;9m  0     [49m[39m┆[48;2;41;44;60m 21.818  [49m┆[48;2;41;44;60m 11.636  [49m┆[48;2;41;44;60m 11.636 [49m│
│ Connor ┆[38;5;9m  0     [39m┆[38;5;9m  0     [39m┆[38;5;10m 100     [39m┆[38;5;9m  0       [39m┆[38;5;9m  0     [39m┆[38;5;9m  0     [39m┆[38;5;9m  0     [39m┆[38;5;9m  0      [39m┆[38;5;9m  0      [39m┆[38;5;9m  0     [39m│
│[48;2;41;44;60m Devin  [49m┆[48;2;41;44;60m 10.182 [49m┆[48;2;41;44;60m 14.909 [49m┆[48;2;41;44;60m[38;5;9m  0      [49m[39m┆[48;2;41;44;60m 16       [49m┆[48;2;41;44;60m  8.364 [49m┆[48;2;41;44;60m 14.182 [49m┆[48;2;41;44;60m[38;5;9m  0     [49m[39m┆[48;2;41;44;60m[38;5;9m  0      [49m[39m┆[48;2;41;44;60m 28.364  [49m┆[48;2;41;44;60m  8     [49m│
│ Hunter ┆  9.455 ┆[38;5;11m 50.909 [39m┆[38;5;9m  0      [39m┆  8       ┆ 13.455 ┆  6.545 ┆[38;5;9m  0     [39m┆[38;5;9m  0      [39m┆ 11.636  ┆[38;5;9m  0     [39m│
│[48;2;41;44;60m Mike   [49m┆[48;2;41;44;60m[38;5;9m  0     [49m[39m┆[48;2;41;44;60m[38;5;9m  0     [49m[39m┆[48;2;41;44;60m[38;5;9m  0      [49m[39m┆[48;2;41;44;60m 10.545   [49m┆[48;2;41;44;60m 12.727 [49m┆[48;2;41;44;60m 12.727 [49m┆[48;2;41;44;60m 33.091 [49m┆[48;2;41;44;60m 10.182  [49m┆[48;2;41;44;60m 11.636  [49m┆[48;2;41;44;60m  9.091 [49m│
│ Nelson ┆ 10.182 ┆ 11.636 ┆[38;5;9m  0      [39m┆[38;5;9m  0       [39m┆ 10.182 ┆  8.364 ┆ 21.818 ┆ 18.909  ┆ 11.636  ┆  7.273 │
│[48;2;41;44;60m Tyler  [49m┆[48;2;41;44;60m 10.182 [49m┆[48;2;41;44;60m  8     [49m┆[48;2;41;44;60m[38;5;9m  0      [49m[39m┆[48;2;41;44;60m 12.727   [49m┆[48;2;41;44;60m 11.273 [49m┆[48;2;41;44;60m  8.364 [49m┆[48;2;41;44;60m 26.545 [49m┆[48;2;41;44;60m 14.909  [49m┆[48;2;41;44;60m[38;5;9m  0      [49m[39m┆[48;2;41;44;60m  8     [49m│
│ Zak    ┆ 12     ┆[38;5;9m  0     [39m┆[38;5;9m  0      [39m┆ 17.818   ┆ 21.818 ┆ 13.455 ┆[38;5;9m  0     [39m┆ 14.909  ┆ 11.273  ┆  8.727 │
╰────────┴────────┴────────┴─────────┴──────────┴────────┴────────┴────────┴─────────┴─────────┴────────╯
275 left -> 8.1033 bits left

MB#7.0 E07
Alec → Melanie 
---
-> I[l]/bits: {0: 0.10, 1: 3.93}
-> E[I]/bits: 0.35
0 lights => I = 0.0977 bits
╭────────┬────────┬────────┬─────────┬──────────┬────────┬────────┬────────┬─────────┬─────────┬────────╮
│        ┆ Amanda ┆ Britni ┆ Chelsey ┆ Cheyenne ┆ Hannah ┆  Kayla ┆  Kiki  ┆ Melanie ┆ Rashida ┆ Stacey │
╞════════╪════════╪════════╪═════════╪══════════╪════════╪════════╪════════╪═════════╪═════════╪════════╡
│[48;2;41;44;60m Alec   [49m┆[48;2;41;44;60m 12.062 [49m┆[48;2;41;44;60m  2.724 [49m┆[48;2;41;44;60m[38;5;9m  0      [49m[39m┆[48;2;41;44;60m  5.058   [49m┆[48;2;41;44;60m  9.728 [49m┆[48;2;41;44;60m  7.782 [49m┆[48;2;41;44;60m 19.844 [49m┆[48;2;41;44;60m[38;5;9m  0      [49m[39m┆[48;2;41;44;60m  4.669  [49m┆[48;2;41;44;60m 38.132 [49m│
│ Austin ┆ 17.51  ┆ 12.84  ┆[38;5;9m  0      [39m┆ 11.284   ┆ 12.451 ┆ 11.673 ┆[38;5;9m  0     [39m┆ 13.619  ┆  9.728  ┆ 10.895 │
│[48;2;41;44;60m Chuck  [49m┆[48;2;41;44;60m 17.51  [49m┆[48;2;41;44;60m[38;5;9m  0     [49m[39m┆[48;2;41;44;60m[38;5;9m  0      [49m[39m┆[48;2;41;44;60m 19.455   [49m┆[48;2;41;44;60m[38;5;9m  0     [49m[39m┆[48;2;41;44;60m 17.51  [49m┆[48;2;41;44;60m[38;5;9m  0     [49m[39m┆[48;2;41;44;60m 23.346  [49m┆[48;2;41;44;60m 12.062  [49m┆[48;2;41;44;60m 10.117 [49m│
│ Connor ┆[38;5;9m  0     [39m┆[38;5;9m  0     [39m┆[38;5;10m 100     [39m┆[38;5;9m  0       [39m┆[38;5;9m  0     [39m┆[38;5;9m  0     [39m┆[38;5;9m  0     [39m┆[38;5;9m  0      [39m┆[38;5;9m  0      [39m┆[38;5;9m  0     [39m│
│[48;2;41;44;60m Devin  [49m┆[48;2;41;44;60m 10.506 [49m┆[48;2;41;44;60m 15.564 [49m┆[48;2;41;44;60m[38;5;9m  0      [49m[39m┆[48;2;41;44;60m 16.342   [49m┆[48;2;41;44;60m  8.56  [49m┆[48;2;41;44;60m 13.619 [49m┆[48;2;41;44;60m[38;5;9m  0     [49m[39m┆[48;2;41;44;60m[38;5;9m  0      [49m[39m┆[48;2;41;44;60m 27.237  [49m┆[48;2;41;44;60m  8.171 [49m│
│ Hunter ┆ 10.117 ┆[38;5;11m 49.416 [39m┆[38;5;9m  0      [39m┆  8.171   ┆ 13.23  ┆  7.004 ┆[38;5;9m  0     [39m┆[38;5;9m  0      [39m┆ 12.062  ┆[38;5;9m  0     [39m│
│[48;2;41;44;60m Mike   [49m┆[48;2;41;44;60m[38;5;9m  0     [49m[39m┆[48;2;41;44;60m[38;5;9m  0     [49m[39m┆[48;2;41;44;60m[38;5;9m  0      [49m[39m┆[48;2;41;44;60m 10.117   [49m┆[48;2;41;44;60m 12.84  [49m┆[48;2;41;44;60m 12.84  [49m┆[48;2;41;44;60m 32.685 [49m┆[48;2;41;44;60m 10.895  [49m┆[48;2;41;44;60m 11.673  [49m┆[48;2;41;44;60m  8.949 [49m│
│ Nelson ┆  9.728 ┆ 10.895 ┆[38;5;9m  0      [39m┆[38;5;9m  0       [39m┆ 10.117 ┆  8.56  ┆ 21.79  ┆ 20.233  ┆ 10.895  ┆  7.782 │
│[48;2;41;44;60m Tyler  [49m┆[48;2;41;44;60m  9.728 [49m┆[48;2;41;44;60m  8.56  [49m┆[48;2;41;44;60m[38;5;9m  0      [49m[39m┆[48;2;41;44;60m 12.84    [49m┆[48;2;41;44;60m 11.284 [49m┆[48;2;41;44;60m  8.56  [49m┆[48;2;41;44;60m 25.681 [49m┆[48;2;41;44;60m 15.953  [49m┆[48;2;41;44;60m[38;5;9m  0      [49m[39m┆[48;2;41;44;60m  7.393 [49m│
│ Zak    ┆ 12.84  ┆[38;5;9m  0     [39m┆[38;5;9m  0      [39m┆ 16.732   ┆ 21.79  ┆ 12.451 ┆[38;5;9m  0     [39m┆ 15.953  ┆ 11.673  ┆  8.56  │
╰────────┴────────┴────────┴─────────┴──────────┴────────┴────────┴────────┴─────────┴─────────┴────────╯
257 left -> 8.0056 bits left

MN#7.0 E07
0x Hunter → Amanda   
0x Chuck  → Melanie  
0x Devin  → Britni   
0x Austin → Kayla    
5x Connor → Chelsey  
0x Alec   → Rashida  
1x Tyler  → Cheyenne 
1x Nelson → Kiki     
0x Mike   → Stacey   
1x Zak    → Hannah   
---
-> I[l]/bits: {1: 1.80, 2: 1.67, 3: 1.98, 4: 3.25, 5: 5.42, 6: 6.01}
-> E[I]/bits: 2.11
3 lights => I = 1.9833 bits
╭────────┬────────┬────────┬─────────┬──────────┬────────┬────────┬────────┬─────────┬─────────┬────────╮
│        ┆ Amanda ┆ Britni ┆ Chelsey ┆ Cheyenne ┆ Hannah ┆  Kayla ┆  Kiki  ┆ Melanie ┆ Rashida ┆ Stacey │
╞════════╪════════╪════════╪═════════╪══════════╪════════╪════════╪════════╪═════════╪═════════╪════════╡
│[48;2;41;44;60m Alec   [49m┆[48;2;41;44;60m 13.846 [49m┆[48;2;41;44;60m  1.538 [49m┆[48;2;41;44;60m[38;5;9m  0      [49m[39m┆[48;2;41;44;60m  4.615   [49m┆[48;2;41;44;60m  7.692 [49m┆[48;2;41;44;60m  1.538 [49m┆[48;2;41;44;60m 18.462 [49m┆[48;2;41;44;60m[38;5;9m  0      [49m[39m┆[48;2;41;44;60m  6.154  [49m┆[48;2;41;44;60m[38;5;11m 46.154 [49m[39m│
│ Austin ┆ 20     ┆ 10.769 ┆[38;5;9m  0      [39m┆ 13.846   ┆ 10.769 ┆ 23.077 ┆[38;5;9m  0     [39m┆  9.231  ┆  7.692  ┆  4.615 │
│[48;2;41;44;60m Chuck  [49m┆[48;2;41;44;60m 13.846 [49m┆[48;2;41;44;60m[38;5;9m  0     [49m[39m┆[48;2;41;44;60m[38;5;9m  0      [49m[39m┆[48;2;41;44;60m 13.846   [49m┆[48;2;41;44;60m[38;5;9m  0     [49m[39m┆[48;2;41;44;60m 18.462 [49m┆[48;2;41;44;60m[38;5;9m  0     [49m[39m┆[48;2;41;44;60m 36.923  [49m┆[48;2;41;44;60m  7.692  [49m┆[48;2;41;44;60m  9.231 [49m│
│ Connor ┆[38;5;9m  0     [39m┆[38;5;9m  0     [39m┆[38;5;10m 100     [39m┆[38;5;9m  0       [39m┆[38;5;9m  0     [39m┆[38;5;9m  0     [39m┆[38;5;9m  0     [39m┆[38;5;9m  0      [39m┆[38;5;9m  0      [39m┆[38;5;9m  0     [39m│
│[48;2;41;44;60m Devin  [49m┆[48;2;41;44;60m 16.923 [49m┆[48;2;41;44;60m 23.077 [49m┆[48;2;41;44;60m[38;5;9m  0      [49m[39m┆[48;2;41;44;60m 13.846   [49m┆[48;2;41;44;60m  3.077 [49m┆[48;2;41;44;60m 10.769 [49m┆[48;2;41;44;60m[38;5;9m  0     [49m[39m┆[48;2;41;44;60m[38;5;9m  0      [49m[39m┆[48;2;41;44;60m 24.615  [49m┆[48;2;41;44;60m  7.692 [49m│
│ Hunter ┆ 12.308 ┆ 40     ┆[38;5;9m  0      [39m┆  9.231   ┆ 15.385 ┆  9.231 ┆[38;5;9m  0     [39m┆[38;5;9m  0      [39m┆ 13.846  ┆[38;5;9m  0     [39m│
│[48;2;41;44;60m Mike   [49m┆[48;2;41;44;60m[38;5;9m  0     [49m[39m┆[48;2;41;44;60m[38;5;9m  0     [49m[39m┆[48;2;41;44;60m[38;5;9m  0      [49m[39m┆[48;2;41;44;60m 10.769   [49m┆[48;2;41;44;60m 15.385 [49m┆[48;2;41;44;60m  7.692 [49m┆[48;2;41;44;60m 23.077 [49m┆[48;2;41;44;60m 10.769  [49m┆[48;2;41;44;60m 16.923  [49m┆[48;2;41;44;60m 15.385 [49m│
│ Nelson ┆ 12.308 ┆ 15.385 ┆[38;5;9m  0      [39m┆[38;5;9m  0       [39m┆  4.615 ┆  7.692 ┆ 30.769 ┆  9.231  ┆ 12.308  ┆  7.692 │
│[48;2;41;44;60m Tyler  [49m┆[48;2;41;44;60m  3.077 [49m┆[48;2;41;44;60m  9.231 [49m┆[48;2;41;44;60m[38;5;9m  0      [49m[39m┆[48;2;41;44;60m 15.385   [49m┆[48;2;41;44;60m  6.154 [49m┆[48;2;41;44;60m  7.692 [49m┆[48;2;41;44;60m 27.692 [49m┆[48;2;41;44;60m 23.077  [49m┆[48;2;41;44;60m[38;5;9m  0      [49m[39m┆[48;2;41;44;60m  7.692 [49m│
│ Zak    ┆  7.692 ┆[38;5;9m  0     [39m┆[38;5;9m  0      [39m┆ 18.462   ┆ 36.923 ┆ 13.846 ┆[38;5;9m  0     [39m┆ 10.769  ┆ 10.769  ┆  1.538 │
╰────────┴────────┴────────┴─────────┴──────────┴────────┴────────┴────────┴─────────┴─────────┴────────╯
65 left -> 6.0224 bits left

MB#8.0 E08
Nelson → Kiki 
---
-> I[l]/bits: {0: 0.53, 1: 1.70}
-> E[I]/bits: 0.89
0 lights => I = 0.5305 bits
╭────────┬────────┬────────┬─────────┬──────────┬────────┬────────┬────────┬─────────┬─────────┬────────╮
│        ┆ Amanda ┆ Britni ┆ Chelsey ┆ Cheyenne ┆ Hannah ┆  Kayla ┆  Kiki  ┆ Melanie ┆ Rashida ┆ Stacey │
╞════════╪════════╪════════╪═════════╪══════════╪════════╪════════╪════════╪═════════╪═════════╪════════╡
│[48;2;41;44;60m Alec   [49m┆[48;2;41;44;60m 11.111 [49m┆[48;2;41;44;60m  2.222 [49m┆[48;2;41;44;60m[38;5;9m  0      [49m[39m┆[48;2;41;44;60m  4.444   [49m┆[48;2;41;44;60m  6.667 [49m┆[48;2;41;44;60m  2.222 [49m┆[48;2;41;44;60m 26.667 [49m┆[48;2;41;44;60m[38;5;9m  0      [49m[39m┆[48;2;41;44;60m  4.444  [49m┆[48;2;41;44;60m 42.222 [49m│
│ Austin ┆ 11.111 ┆  6.667 ┆[38;5;9m  0      [39m┆ 20       ┆  6.667 ┆ 33.333 ┆[38;5;9m  0     [39m┆  6.667  ┆  8.889  ┆  6.667 │
│[48;2;41;44;60m Chuck  [49m┆[48;2;41;44;60m 20     [49m┆[48;2;41;44;60m[38;5;9m  0     [49m[39m┆[48;2;41;44;60m[38;5;9m  0      [49m[39m┆[48;2;41;44;60m 11.111   [49m┆[48;2;41;44;60m[38;5;9m  0     [49m[39m┆[48;2;41;44;60m  6.667 [49m┆[48;2;41;44;60m[38;5;9m  0     [49m[39m┆[48;2;41;44;60m 44.444  [49m┆[48;2;41;44;60m  8.889  [49m┆[48;2;41;44;60m  8.889 [49m│
│ Connor ┆[38;5;9m  0     [39m┆[38;5;9m  0     [39m┆[38;5;10m 100     [39m┆[38;5;9m  0       [39m┆[38;5;9m  0     [39m┆[38;5;9m  0     [39m┆[38;5;9m  0     [39m┆[38;5;9m  0      [39m┆[38;5;9m  0      [39m┆[38;5;9m  0     [39m│
│[48;2;41;44;60m Devin  [49m┆[48;2;41;44;60m  8.889 [49m┆[48;2;41;44;60m 24.444 [49m┆[48;2;41;44;60m[38;5;9m  0      [49m[39m┆[48;2;41;44;60m  8.889   [49m┆[48;2;41;44;60m  2.222 [49m┆[48;2;41;44;60m 11.111 [49m┆[48;2;41;44;60m[38;5;9m  0     [49m[39m┆[48;2;41;44;60m[38;5;9m  0      [49m[39m┆[48;2;41;44;60m 35.556  [49m┆[48;2;41;44;60m  8.889 [49m│
│ Hunter ┆ 17.778 ┆ 37.778 ┆[38;5;9m  0      [39m┆  8.889   ┆ 17.778 ┆  4.444 ┆[38;5;9m  0     [39m┆[38;5;9m  0      [39m┆ 13.333  ┆[38;5;9m  0     [39m│
│[48;2;41;44;60m Mike   [49m┆[48;2;41;44;60m[38;5;9m  0     [49m[39m┆[48;2;41;44;60m[38;5;9m  0     [49m[39m┆[48;2;41;44;60m[38;5;9m  0      [49m[39m┆[48;2;41;44;60m  6.667   [49m┆[48;2;41;44;60m 11.111 [49m┆[48;2;41;44;60m  4.444 [49m┆[48;2;41;44;60m 33.333 [49m┆[48;2;41;44;60m 15.556  [49m┆[48;2;41;44;60m  8.889  [49m┆[48;2;41;44;60m 20     [49m│
│ Nelson ┆ 17.778 ┆ 22.222 ┆[38;5;9m  0      [39m┆[38;5;9m  0       [39m┆  6.667 ┆ 11.111 ┆[38;5;9m  0     [39m┆ 13.333  ┆ 17.778  ┆ 11.111 │
│[48;2;41;44;60m Tyler  [49m┆[48;2;41;44;60m  4.444 [49m┆[48;2;41;44;60m  6.667 [49m┆[48;2;41;44;60m[38;5;9m  0      [49m[39m┆[48;2;41;44;60m 15.556   [49m┆[48;2;41;44;60m  8.889 [49m┆[48;2;41;44;60m  6.667 [49m┆[48;2;41;44;60m 40     [49m┆[48;2;41;44;60m 15.556  [49m┆[48;2;41;44;60m[38;5;9m  0      [49m[39m┆[48;2;41;44;60m  2.222 [49m│
│ Zak    ┆  8.889 ┆[38;5;9m  0     [39m┆[38;5;9m  0      [39m┆ 24.444   ┆ 40     ┆ 20     ┆[38;5;9m  0     [39m┆  4.444  ┆  2.222  ┆[38;5;9m  0     [39m│
╰────────┴────────┴────────┴─────────┴──────────┴────────┴────────┴────────┴─────────┴─────────┴────────╯
45 left -> 5.4919 bits left

MN#8.0 E08
1x Mike   → Melanie  
3x Hunter → Britni   
2x Tyler  → Cheyenne 
1x Chuck  → Amanda   
4x Alec   → Stacey   
2x Devin  → Rashida  
2x Zak    → Hannah   
6x Connor → Chelsey  
0x Nelson → Kayla    
2x Austin → Kiki     
---
-> I[l]/bits: {1: 5.49, 2: 2.68, 3: 0.97, 4: 2.03, 5: 3.91}
-> E[I]/bits: 1.79
3 lights => I = 0.9683 bits
╭────────┬────────┬────────┬─────────┬──────────┬────────┬────────┬────────┬─────────┬─────────┬────────╮
│        ┆ Amanda ┆ Britni ┆ Chelsey ┆ Cheyenne ┆ Hannah ┆  Kayla ┆  Kiki  ┆ Melanie ┆ Rashida ┆ Stacey │
╞════════╪════════╪════════╪═════════╪══════════╪════════╪════════╪════════╪═════════╪═════════╪════════╡
│[48;2;41;44;60m Alec   [49m┆[48;2;41;44;60m 13.043 [49m┆[48;2;41;44;60m  4.348 [49m┆[48;2;41;44;60m[38;5;9m  0      [49m[39m┆[48;2;41;44;60m[38;5;9m  0       [49m[39m┆[48;2;41;44;60m  8.696 [49m┆[48;2;41;44;60m  4.348 [49m┆[48;2;41;44;60m 26.087 [49m┆[48;2;41;44;60m[38;5;9m  0      [49m[39m┆[48;2;41;44;60m  4.348  [49m┆[48;2;41;44;60m 39.13  [49m│
│ Austin ┆  4.348 ┆  8.696 ┆[38;5;9m  0      [39m┆ 26.087   ┆ 13.043 ┆ 30.435 ┆[38;5;9m  0     [39m┆  8.696  ┆[38;5;9m  0      [39m┆  8.696 │
│[48;2;41;44;60m Chuck  [49m┆[48;2;41;44;60m 13.043 [49m┆[48;2;41;44;60m[38;5;9m  0     [49m[39m┆[48;2;41;44;60m[38;5;9m  0      [49m[39m┆[48;2;41;44;60m  4.348   [49m┆[48;2;41;44;60m[38;5;9m  0     [49m[39m┆[48;2;41;44;60m  4.348 [49m┆[48;2;41;44;60m[38;5;9m  0     [49m[39m┆[48;2;41;44;60m[38;5;14m 60.87   [49m[39m┆[48;2;41;44;60m  4.348  [49m┆[48;2;41;44;60m 13.043 [49m│
│ Connor ┆[38;5;9m  0     [39m┆[38;5;9m  0     [39m┆[38;5;10m 100     [39m┆[38;5;9m  0       [39m┆[38;5;9m  0     [39m┆[38;5;9m  0     [39m┆[38;5;9m  0     [39m┆[38;5;9m  0      [39m┆[38;5;9m  0      [39m┆[38;5;9m  0     [39m│
│[48;2;41;44;60m Devin  [49m┆[48;2;41;44;60m  8.696 [49m┆[48;2;41;44;60m 17.391 [49m┆[48;2;41;44;60m[38;5;9m  0      [49m[39m┆[48;2;41;44;60m[38;5;9m  0       [49m[39m┆[48;2;41;44;60m[38;5;9m  0     [49m[39m┆[48;2;41;44;60m 13.043 [49m┆[48;2;41;44;60m[38;5;9m  0     [49m[39m┆[48;2;41;44;60m[38;5;9m  0      [49m[39m┆[48;2;41;44;60m[38;5;14m 56.522  [49m[39m┆[48;2;41;44;60m  4.348 [49m│
│ Hunter ┆ 17.391 ┆ 34.783 ┆[38;5;9m  0      [39m┆  4.348   ┆ 26.087 ┆  8.696 ┆[38;5;9m  0     [39m┆[38;5;9m  0      [39m┆  8.696  ┆[38;5;9m  0     [39m│
│[48;2;41;44;60m Mike   [49m┆[48;2;41;44;60m[38;5;9m  0     [49m[39m┆[48;2;41;44;60m[38;5;9m  0     [49m[39m┆[48;2;41;44;60m[38;5;9m  0      [49m[39m┆[48;2;41;44;60m  4.348   [49m┆[48;2;41;44;60m 17.391 [49m┆[48;2;41;44;60m[38;5;9m  0     [49m[39m┆[48;2;41;44;60m 43.478 [49m┆[48;2;41;44;60m  4.348  [49m┆[48;2;41;44;60m 13.043  [49m┆[48;2;41;44;60m 17.391 [49m│
│ Nelson ┆ 26.087 ┆ 26.087 ┆[38;5;9m  0      [39m┆[38;5;9m  0       [39m┆  8.696 ┆[38;5;9m  0     [39m┆[38;5;9m  0     [39m┆ 13.043  ┆ 13.043  ┆ 13.043 │
│[48;2;41;44;60m Tyler  [49m┆[48;2;41;44;60m  8.696 [49m┆[48;2;41;44;60m  8.696 [49m┆[48;2;41;44;60m[38;5;9m  0      [49m[39m┆[48;2;41;44;60m 26.087   [49m┆[48;2;41;44;60m[38;5;9m  0     [49m[39m┆[48;2;41;44;60m 13.043 [49m┆[48;2;41;44;60m 30.435 [49m┆[48;2;41;44;60m  8.696  [49m┆[48;2;41;44;60m[38;5;9m  0      [49m[39m┆[48;2;41;44;60m  4.348 [49m│
│ Zak    ┆  8.696 ┆[38;5;9m  0     [39m┆[38;5;9m  0      [39m┆ 34.783   ┆ 26.087 ┆ 26.087 ┆[38;5;9m  0     [39m┆  4.348  ┆[38;5;9m  0      [39m┆[38;5;9m  0     [39m│
╰────────┴────────┴────────┴─────────┴──────────┴────────┴────────┴────────┴─────────┴─────────┴────────╯
23 left -> 4.5236 bits left

MB#9.0 E09
Austin → Kayla 
---
-> I[l]/bits: {0: 0.52, 1: 1.72}
-> E[I]/bits: 0.89
0 lights => I = 0.5236 bits
╭────────┬────────┬────────┬─────────┬──────────┬────────┬───────┬───────┬─────────┬─────────┬────────╮
│        ┆ Amanda ┆ Britni ┆ Chelsey ┆ Cheyenne ┆ Hannah ┆ Kayla ┆  Kiki ┆ Melanie ┆ Rashida ┆ Stacey │
╞════════╪════════╪════════╪═════════╪══════════╪════════╪═══════╪═══════╪═════════╪═════════╪════════╡
│[48;2;41;44;60m Alec   [49m┆[48;2;41;44;60m 18.75  [49m┆[48;2;41;44;60m  6.25  [49m┆[48;2;41;44;60m[38;5;9m  0      [49m[39m┆[48;2;41;44;60m[38;5;9m  0       [49m[39m┆[48;2;41;44;60m  6.25  [49m┆[48;2;41;44;60m  6.25 [49m┆[48;2;41;44;60m 31.25 [49m┆[48;2;41;44;60m[38;5;9m  0      [49m[39m┆[48;2;41;44;60m  6.25   [49m┆[48;2;41;44;60m 25     [49m│
│ Austin ┆  6.25  ┆ 12.5   ┆[38;5;9m  0      [39m┆ 37.5     ┆ 18.75  ┆[38;5;9m  0    [39m┆[38;5;9m  0    [39m┆ 12.5    ┆[38;5;9m  0      [39m┆ 12.5   │
│[48;2;41;44;60m Chuck  [49m┆[48;2;41;44;60m 12.5   [49m┆[48;2;41;44;60m[38;5;9m  0     [49m[39m┆[48;2;41;44;60m[38;5;9m  0      [49m[39m┆[48;2;41;44;60m[38;5;9m  0       [49m[39m┆[48;2;41;44;60m[38;5;9m  0     [49m[39m┆[48;2;41;44;60m  6.25 [49m┆[48;2;41;44;60m[38;5;9m  0    [49m[39m┆[48;2;41;44;60m[38;5;14m 56.25   [49m[39m┆[48;2;41;44;60m  6.25   [49m┆[48;2;41;44;60m 18.75  [49m│
│ Connor ┆[38;5;9m  0     [39m┆[38;5;9m  0     [39m┆[38;5;10m 100     [39m┆[38;5;9m  0       [39m┆[38;5;9m  0     [39m┆[38;5;9m  0    [39m┆[38;5;9m  0    [39m┆[38;5;9m  0      [39m┆[38;5;9m  0      [39m┆[38;5;9m  0     [39m│
│[48;2;41;44;60m Devin  [49m┆[48;2;41;44;60m 12.5   [49m┆[48;2;41;44;60m 18.75  [49m┆[48;2;41;44;60m[38;5;9m  0      [49m[39m┆[48;2;41;44;60m[38;5;9m  0       [49m[39m┆[48;2;41;44;60m[38;5;9m  0     [49m[39m┆[48;2;41;44;60m 18.75 [49m┆[48;2;41;44;60m[38;5;9m  0    [49m[39m┆[48;2;41;44;60m[38;5;9m  0      [49m[39m┆[48;2;41;44;60m 43.75   [49m┆[48;2;41;44;60m  6.25  [49m│
│ Hunter ┆ 18.75  ┆ 37.5   ┆[38;5;9m  0      [39m┆[38;5;9m  0       [39m┆ 18.75  ┆ 12.5  ┆[38;5;9m  0    [39m┆[38;5;9m  0      [39m┆ 12.5    ┆[38;5;9m  0     [39m│
│[48;2;41;44;60m Mike   [49m┆[48;2;41;44;60m[38;5;9m  0     [49m[39m┆[48;2;41;44;60m[38;5;9m  0     [49m[39m┆[48;2;41;44;60m[38;5;9m  0      [49m[39m┆[48;2;41;44;60m[38;5;9m  0       [49m[39m┆[48;2;41;44;60m  6.25  [49m┆[48;2;41;44;60m[38;5;9m  0    [49m[39m┆[48;2;41;44;60m[38;5;11m 50    [49m[39m┆[48;2;41;44;60m  6.25   [49m┆[48;2;41;44;60m 12.5    [49m┆[48;2;41;44;60m 25     [49m│
│ Nelson ┆ 31.25  ┆ 18.75  ┆[38;5;9m  0      [39m┆[38;5;9m  0       [39m┆ 12.5   ┆[38;5;9m  0    [39m┆[38;5;9m  0    [39m┆ 12.5    ┆ 18.75   ┆  6.25  │
│[48;2;41;44;60m Tyler  [49m┆[48;2;41;44;60m[38;5;9m  0     [49m[39m┆[48;2;41;44;60m  6.25  [49m┆[48;2;41;44;60m[38;5;9m  0      [49m[39m┆[48;2;41;44;60m 37.5     [49m┆[48;2;41;44;60m[38;5;9m  0     [49m[39m┆[48;2;41;44;60m 18.75 [49m┆[48;2;41;44;60m 18.75 [49m┆[48;2;41;44;60m 12.5    [49m┆[48;2;41;44;60m[38;5;9m  0      [49m[39m┆[48;2;41;44;60m  6.25  [49m│
│ Zak    ┆[38;5;9m  0     [39m┆[38;5;9m  0     [39m┆[38;5;9m  0      [39m┆ 25       ┆ 37.5   ┆ 37.5  ┆[38;5;9m  0    [39m┆[38;5;9m  0      [39m┆[38;5;9m  0      [39m┆[38;5;9m  0     [39m│
╰────────┴────────┴────────┴─────────┴──────────┴────────┴───────┴───────┴─────────┴─────────┴────────╯
16 left -> 4 bits left

MN#9.0 E09
1x Austin → Cheyenne 
5x Alec   → Stacey   
1x Tyler  → Melanie  
0x Chuck  → Rashida  
0x Hunter → Kayla    
0x Nelson → Amanda   
7x Connor → Chelsey  
3x Zak    → Hannah   
1x Devin  → Britni   
0x Mike   → Kiki     
---
-> I[l]/bits: {1: 3.00, 2: 1.42, 3: 3.00, 4: 2.42, 5: 4.00, 6: 4.00, 10: 4.00}
-> E[I]/bits: 2.48
2 lights => I = 1.415 bits
╭────────┬────────┬────────┬─────────┬──────────┬────────┬────────┬────────┬─────────┬─────────┬────────╮
│        ┆ Amanda ┆ Britni ┆ Chelsey ┆ Cheyenne ┆ Hannah ┆  Kayla ┆  Kiki  ┆ Melanie ┆ Rashida ┆ Stacey │
╞════════╪════════╪════════╪═════════╪══════════╪════════╪════════╪════════╪═════════╪═════════╪════════╡
│[48;2;41;44;60m Alec   [49m┆[48;2;41;44;60m 16.667 [49m┆[48;2;41;44;60m[38;5;9m  0     [49m[39m┆[48;2;41;44;60m[38;5;9m  0      [49m[39m┆[48;2;41;44;60m[38;5;9m  0       [49m[39m┆[48;2;41;44;60m 16.667 [49m┆[48;2;41;44;60m 16.667 [49m┆[48;2;41;44;60m[38;5;11m 50     [49m[39m┆[48;2;41;44;60m[38;5;9m  0      [49m[39m┆[48;2;41;44;60m[38;5;9m  0      [49m[39m┆[48;2;41;44;60m[38;5;9m  0     [49m[39m│
│ Austin ┆ 16.667 ┆ 16.667 ┆[38;5;9m  0      [39m┆[38;5;9m  0       [39m┆ 33.333 ┆[38;5;9m  0     [39m┆[38;5;9m  0     [39m┆ 16.667  ┆[38;5;9m  0      [39m┆ 16.667 │
│[48;2;41;44;60m Chuck  [49m┆[48;2;41;44;60m 16.667 [49m┆[48;2;41;44;60m[38;5;9m  0     [49m[39m┆[48;2;41;44;60m[38;5;9m  0      [49m[39m┆[48;2;41;44;60m[38;5;9m  0       [49m[39m┆[48;2;41;44;60m[38;5;9m  0     [49m[39m┆[48;2;41;44;60m[38;5;9m  0     [49m[39m┆[48;2;41;44;60m[38;5;9m  0     [49m[39m┆[48;2;41;44;60m[38;5;11m 50      [49m[39m┆[48;2;41;44;60m[38;5;9m  0      [49m[39m┆[48;2;41;44;60m 33.333 [49m│
│ Connor ┆[38;5;9m  0     [39m┆[38;5;9m  0     [39m┆[38;5;10m 100     [39m┆[38;5;9m  0       [39m┆[38;5;9m  0     [39m┆[38;5;9m  0     [39m┆[38;5;9m  0     [39m┆[38;5;9m  0      [39m┆[38;5;9m  0      [39m┆[38;5;9m  0     [39m│
│[48;2;41;44;60m Devin  [49m┆[48;2;41;44;60m[38;5;9m  0     [49m[39m┆[48;2;41;44;60m 33.333 [49m┆[48;2;41;44;60m[38;5;9m  0      [49m[39m┆[48;2;41;44;60m[38;5;9m  0       [49m[39m┆[48;2;41;44;60m[38;5;9m  0     [49m[39m┆[48;2;41;44;60m[38;5;9m  0     [49m[39m┆[48;2;41;44;60m[38;5;9m  0     [49m[39m┆[48;2;41;44;60m[38;5;9m  0      [49m[39m┆[48;2;41;44;60m[38;5;14m 66.667  [49m[39m┆[48;2;41;44;60m[38;5;9m  0     [49m[39m│
│ Hunter ┆ 16.667 ┆ 33.333 ┆[38;5;9m  0      [39m┆[38;5;9m  0       [39m┆ 33.333 ┆[38;5;9m  0     [39m┆[38;5;9m  0     [39m┆[38;5;9m  0      [39m┆ 16.667  ┆[38;5;9m  0     [39m│
│[48;2;41;44;60m Mike   [49m┆[48;2;41;44;60m[38;5;9m  0     [49m[39m┆[48;2;41;44;60m[38;5;9m  0     [49m[39m┆[48;2;41;44;60m[38;5;9m  0      [49m[39m┆[48;2;41;44;60m[38;5;9m  0       [49m[39m┆[48;2;41;44;60m[38;5;9m  0     [49m[39m┆[48;2;41;44;60m[38;5;9m  0     [49m[39m┆[48;2;41;44;60m 33.333 [49m┆[48;2;41;44;60m 16.667  [49m┆[48;2;41;44;60m 16.667  [49m┆[48;2;41;44;60m 33.333 [49m│
│ Nelson ┆ 33.333 ┆ 16.667 ┆[38;5;9m  0      [39m┆[38;5;9m  0       [39m┆ 16.667 ┆[38;5;9m  0     [39m┆[38;5;9m  0     [39m┆ 16.667  ┆[38;5;9m  0      [39m┆ 16.667 │
│[48;2;41;44;60m Tyler  [49m┆[48;2;41;44;60m[38;5;9m  0     [49m[39m┆[48;2;41;44;60m[38;5;9m  0     [49m[39m┆[48;2;41;44;60m[38;5;9m  0      [49m[39m┆[48;2;41;44;60m[38;5;14m 66.667   [49m[39m┆[48;2;41;44;60m[38;5;9m  0     [49m[39m┆[48;2;41;44;60m 16.667 [49m┆[48;2;41;44;60m 16.667 [49m┆[48;2;41;44;60m[38;5;9m  0      [49m[39m┆[48;2;41;44;60m[38;5;9m  0      [49m[39m┆[48;2;41;44;60m[38;5;9m  0     [49m[39m│
│ Zak    ┆[38;5;9m  0     [39m┆[38;5;9m  0     [39m┆[38;5;9m  0      [39m┆ 33.333   ┆[38;5;9m  0     [39m┆[38;5;14m 66.667 [39m┆[38;5;9m  0     [39m┆[38;5;9m  0      [39m┆[38;5;9m  0      [39m┆[38;5;9m  0     [39m│
╰────────┴────────┴────────┴─────────┴──────────┴────────┴────────┴────────┴─────────┴─────────┴────────╯
6 left -> 2.585 bits left

MB#10.0 E10
Zak → Kayla 
---
-> I[l]/bits: {0: 1.58, 1: 0.58}
-> E[I]/bits: 0.92
1 lights => I = 0.585 bits
╭────────┬────────┬────────┬─────────┬──────────┬────────┬───────┬──────┬─────────┬─────────┬────────╮
│        ┆ Amanda ┆ Britni ┆ Chelsey ┆ Cheyenne ┆ Hannah ┆ Kayla ┆ Kiki ┆ Melanie ┆ Rashida ┆ Stacey │
╞════════╪════════╪════════╪═════════╪══════════╪════════╪═══════╪══════╪═════════╪═════════╪════════╡
│[48;2;41;44;60m Alec   [49m┆[48;2;41;44;60m 25     [49m┆[48;2;41;44;60m[38;5;9m  0     [49m[39m┆[48;2;41;44;60m[38;5;9m  0      [49m[39m┆[48;2;41;44;60m[38;5;9m  0       [49m[39m┆[48;2;41;44;60m 25     [49m┆[48;2;41;44;60m[38;5;9m  0    [49m[39m┆[48;2;41;44;60m[38;5;11m 50   [49m[39m┆[48;2;41;44;60m[38;5;9m  0      [49m[39m┆[48;2;41;44;60m[38;5;9m  0      [49m[39m┆[48;2;41;44;60m[38;5;9m  0     [49m[39m│
│ Austin ┆ 25     ┆ 25     ┆[38;5;9m  0      [39m┆[38;5;9m  0       [39m┆[38;5;9m  0     [39m┆[38;5;9m  0    [39m┆[38;5;9m  0   [39m┆ 25      ┆[38;5;9m  0      [39m┆ 25     │
│[48;2;41;44;60m Chuck  [49m┆[48;2;41;44;60m 25     [49m┆[48;2;41;44;60m[38;5;9m  0     [49m[39m┆[48;2;41;44;60m[38;5;9m  0      [49m[39m┆[48;2;41;44;60m[38;5;9m  0       [49m[39m┆[48;2;41;44;60m[38;5;9m  0     [49m[39m┆[48;2;41;44;60m[38;5;9m  0    [49m[39m┆[48;2;41;44;60m[38;5;9m  0   [49m[39m┆[48;2;41;44;60m 25      [49m┆[48;2;41;44;60m[38;5;9m  0      [49m[39m┆[48;2;41;44;60m[38;5;11m 50     [49m[39m│
│ Connor ┆[38;5;9m  0     [39m┆[38;5;9m  0     [39m┆[38;5;10m 100     [39m┆[38;5;9m  0       [39m┆[38;5;9m  0     [39m┆[38;5;9m  0    [39m┆[38;5;9m  0   [39m┆[38;5;9m  0      [39m┆[38;5;9m  0      [39m┆[38;5;9m  0     [39m│
│[48;2;41;44;60m Devin  [49m┆[48;2;41;44;60m[38;5;9m  0     [49m[39m┆[48;2;41;44;60m[38;5;11m 50     [49m[39m┆[48;2;41;44;60m[38;5;9m  0      [49m[39m┆[48;2;41;44;60m[38;5;9m  0       [49m[39m┆[48;2;41;44;60m[38;5;9m  0     [49m[39m┆[48;2;41;44;60m[38;5;9m  0    [49m[39m┆[48;2;41;44;60m[38;5;9m  0   [49m[39m┆[48;2;41;44;60m[38;5;9m  0      [49m[39m┆[48;2;41;44;60m[38;5;11m 50      [49m[39m┆[48;2;41;44;60m[38;5;9m  0     [49m[39m│
│ Hunter ┆ 25     ┆[38;5;9m  0     [39m┆[38;5;9m  0      [39m┆[38;5;9m  0       [39m┆[38;5;11m 50     [39m┆[38;5;9m  0    [39m┆[38;5;9m  0   [39m┆[38;5;9m  0      [39m┆ 25      ┆[38;5;9m  0     [39m│
│[48;2;41;44;60m Mike   [49m┆[48;2;41;44;60m[38;5;9m  0     [49m[39m┆[48;2;41;44;60m[38;5;9m  0     [49m[39m┆[48;2;41;44;60m[38;5;9m  0      [49m[39m┆[48;2;41;44;60m[38;5;9m  0       [49m[39m┆[48;2;41;44;60m[38;5;9m  0     [49m[39m┆[48;2;41;44;60m[38;5;9m  0    [49m[39m┆[48;2;41;44;60m[38;5;11m 50   [49m[39m┆[48;2;41;44;60m 25      [49m┆[48;2;41;44;60m 25      [49m┆[48;2;41;44;60m[38;5;9m  0     [49m[39m│
│ Nelson ┆[38;5;9m  0     [39m┆ 25     ┆[38;5;9m  0      [39m┆[38;5;9m  0       [39m┆ 25     ┆[38;5;9m  0    [39m┆[38;5;9m  0   [39m┆ 25      ┆[38;5;9m  0      [39m┆ 25     │
│[48;2;41;44;60m Tyler  [49m┆[48;2;41;44;60m[38;5;9m  0     [49m[39m┆[48;2;41;44;60m[38;5;9m  0     [49m[39m┆[48;2;41;44;60m[38;5;9m  0      [49m[39m┆[48;2;41;44;60m[38;5;10m 100      [49m[39m┆[48;2;41;44;60m[38;5;9m  0     [49m[39m┆[48;2;41;44;60m[38;5;9m  0    [49m[39m┆[48;2;41;44;60m[38;5;9m  0   [49m[39m┆[48;2;41;44;60m[38;5;9m  0      [49m[39m┆[48;2;41;44;60m[38;5;9m  0      [49m[39m┆[48;2;41;44;60m[38;5;9m  0     [49m[39m│
│ Zak    ┆[38;5;9m  0     [39m┆[38;5;9m  0     [39m┆[38;5;9m  0      [39m┆[38;5;9m  0       [39m┆[38;5;9m  0     [39m┆[38;5;10m 100   [39m┆[38;5;9m  0   [39m┆[38;5;9m  0      [39m┆[38;5;9m  0      [39m┆[38;5;9m  0     [39m│
╰────────┴────────┴────────┴─────────┴──────────┴────────┴───────┴──────┴─────────┴─────────┴────────╯
4 left -> 2 bits left

MN#10.0 E10
1x Mike   → Kiki     
0x Hunter → Hannah   
1x Chuck  → Melanie  
1x Alec   → Amanda   
8x Connor → Chelsey  
0x Austin → Britni   
3x Zak    → Kayla    
3x Tyler  → Cheyenne 
3x Devin  → Rashida  
0x Nelson → Stacey   
---
-> I[l]/bits: {3: 2.00, 4: 2.00, 5: 2.00, 10: 2.00}
-> E[I]/bits: 2.00
10 lights => I = 2 bits
╭────────┬────────┬────────┬─────────┬──────────┬────────┬───────┬──────┬─────────┬─────────┬────────╮
│        ┆ Amanda ┆ Britni ┆ Chelsey ┆ Cheyenne ┆ Hannah ┆ Kayla ┆ Kiki ┆ Melanie ┆ Rashida ┆ Stacey │
╞════════╪════════╪════════╪═════════╪══════════╪════════╪═══════╪══════╪═════════╪═════════╪════════╡
│[48;2;41;44;60m Alec   [49m┆[48;2;41;44;60m[38;5;10m 100    [49m[39m┆[48;2;41;44;60m[38;5;9m  0     [49m[39m┆[48;2;41;44;60m[38;5;9m  0      [49m[39m┆[48;2;41;44;60m[38;5;9m  0       [49m[39m┆[48;2;41;44;60m[38;5;9m  0     [49m[39m┆[48;2;41;44;60m[38;5;9m  0    [49m[39m┆[48;2;41;44;60m[38;5;9m  0   [49m[39m┆[48;2;41;44;60m[38;5;9m  0      [49m[39m┆[48;2;41;44;60m[38;5;9m  0      [49m[39m┆[48;2;41;44;60m[38;5;9m  0     [49m[39m│
│ Austin ┆[38;5;9m  0     [39m┆[38;5;10m 100    [39m┆[38;5;9m  0      [39m┆[38;5;9m  0       [39m┆[38;5;9m  0     [39m┆[38;5;9m  0    [39m┆[38;5;9m  0   [39m┆[38;5;9m  0      [39m┆[38;5;9m  0      [39m┆[38;5;9m  0     [39m│
│[48;2;41;44;60m Chuck  [49m┆[48;2;41;44;60m[38;5;9m  0     [49m[39m┆[48;2;41;44;60m[38;5;9m  0     [49m[39m┆[48;2;41;44;60m[38;5;9m  0      [49m[39m┆[48;2;41;44;60m[38;5;9m  0       [49m[39m┆[48;2;41;44;60m[38;5;9m  0     [49m[39m┆[48;2;41;44;60m[38;5;9m  0    [49m[39m┆[48;2;41;44;60m[38;5;9m  0   [49m[39m┆[48;2;41;44;60m[38;5;10m 100     [49m[39m┆[48;2;41;44;60m[38;5;9m  0      [49m[39m┆[48;2;41;44;60m[38;5;9m  0     [49m[39m│
│ Connor ┆[38;5;9m  0     [39m┆[38;5;9m  0     [39m┆[38;5;10m 100     [39m┆[38;5;9m  0       [39m┆[38;5;9m  0     [39m┆[38;5;9m  0    [39m┆[38;5;9m  0   [39m┆[38;5;9m  0      [39m┆[38;5;9m  0      [39m┆[38;5;9m  0     [39m│
│[48;2;41;44;60m Devin  [49m┆[48;2;41;44;60m[38;5;9m  0     [49m[39m┆[48;2;41;44;60m[38;5;9m  0     [49m[39m┆[48;2;41;44;60m[38;5;9m  0      [49m[39m┆[48;2;41;44;60m[38;5;9m  0       [49m[39m┆[48;2;41;44;60m[38;5;9m  0     [49m[39m┆[48;2;41;44;60m[38;5;9m  0    [49m[39m┆[48;2;41;44;60m[38;5;9m  0   [49m[39m┆[48;2;41;44;60m[38;5;9m  0      [49m[39m┆[48;2;41;44;60m[38;5;10m 100     [49m[39m┆[48;2;41;44;60m[38;5;9m  0     [49m[39m│
│ Hunter ┆[38;5;9m  0     [39m┆[38;5;9m  0     [39m┆[38;5;9m  0      [39m┆[38;5;9m  0       [39m┆[38;5;10m 100    [39m┆[38;5;9m  0    [39m┆[38;5;9m  0   [39m┆[38;5;9m  0      [39m┆[38;5;9m  0      [39m┆[38;5;9m  0     [39m│
│[48;2;41;44;60m Mike   [49m┆[48;2;41;44;60m[38;5;9m  0     [49m[39m┆[48;2;41;44;60m[38;5;9m  0     [49m[39m┆[48;2;41;44;60m[38;5;9m  0      [49m[39m┆[48;2;41;44;60m[38;5;9m  0       [49m[39m┆[48;2;41;44;60m[38;5;9m  0     [49m[39m┆[48;2;41;44;60m[38;5;9m  0    [49m[39m┆[48;2;41;44;60m[38;5;10m 100  [49m[39m┆[48;2;41;44;60m[38;5;9m  0      [49m[39m┆[48;2;41;44;60m[38;5;9m  0      [49m[39m┆[48;2;41;44;60m[38;5;9m  0     [49m[39m│
│ Nelson ┆[38;5;9m  0     [39m┆[38;5;9m  0     [39m┆[38;5;9m  0      [39m┆[38;5;9m  0       [39m┆[38;5;9m  0     [39m┆[38;5;9m  0    [39m┆[38;5;9m  0   [39m┆[38;5;9m  0      [39m┆[38;5;9m  0      [39m┆[38;5;10m 100    [39m│
│[48;2;41;44;60m Tyler  [49m┆[48;2;41;44;60m[38;5;9m  0     [49m[39m┆[48;2;41;44;60m[38;5;9m  0     [49m[39m┆[48;2;41;44;60m[38;5;9m  0      [49m[39m┆[48;2;41;44;60m[38;5;10m 100      [49m[39m┆[48;2;41;44;60m[38;5;9m  0     [49m[39m┆[48;2;41;44;60m[38;5;9m  0    [49m[39m┆[48;2;41;44;60m[38;5;9m  0   [49m[39m┆[48;2;41;44;60m[38;5;9m  0      [49m[39m┆[48;2;41;44;60m[38;5;9m  0      [49m[39m┆[48;2;41;44;60m[38;5;9m  0     [49m[39m│
│ Zak    ┆[38;5;9m  0     [39m┆[38;5;9m  0     [39m┆[38;5;9m  0      [39m┆[38;5;9m  0       [39m┆[38;5;9m  0     [39m┆[38;5;10m 100   [39m┆[38;5;9m  0   [39m┆[38;5;9m  0      [39m┆[38;5;9m  0      [39m┆[38;5;9m  0     [39m│
╰────────┴────────┴────────┴─────────┴──────────┴────────┴───────┴──────┴─────────┴─────────┴────────╯
1 left -> 0 bits left

╭─────────┬────┬──────────┬───────────┬──────────┬──────────┬───────────┬──────────┬──────────┬───────────┬───────────┬───────────┬───┬────────┬──────┬──────────╮
│         ┆  L ┆   Alec   ┆   Austin  ┆   Chuck  ┆  Connor  ┆   Devin   ┆  Hunter  ┆   Mike   ┆   Nelson  ┆   Tyler   ┆    Zak    ┆   ┆    I   ┆ #new ┆ min dist │
╞═════════╪════╪══════════╪═══════════╪══════════╪══════════╪═══════════╪══════════╪══════════╪═══════════╪═══════════╪═══════════╪═══╪════════╪══════╪══════════╡
│[48;2;41;44;60m MB#1.0  [49m┆[48;2;41;44;60m[38;5;9m 0  [49m[39m┆[48;2;41;44;60m          [49m┆[48;2;41;44;60m           [49m┆[48;2;41;44;60m          [49m┆[48;2;41;44;60m          [49m┆[48;2;41;44;60m           [49m┆[48;2;41;44;60m Kiki     [49m┆[48;2;41;44;60m          [49m┆[48;2;41;44;60m           [49m┆[48;2;41;44;60m           [49m┆[48;2;41;44;60m           [49m┆[48;2;41;44;60m   [49m┆[48;2;41;44;60m 0.152  [49m┆[48;2;41;44;60m      [49m┆[48;2;41;44;60m          [49m│
│ MN#1.0  ┆ 2  ┆ Stacey*  ┆ Kiki*     ┆ Hannah*  ┆ Chelsey* ┆ Melanie*  ┆ Britni*  ┆ Amanda*  ┆ Cheyenne* ┆ Rashida*  ┆ Kayla*    ┆   ┆ 2.425  ┆ 10   ┆          │
│[48;2;41;44;60m MB#2.0  [49m┆[48;2;41;44;60m[38;5;9m 0  [49m[39m┆[48;2;41;44;60m          [49m┆[48;2;41;44;60m           [49m┆[48;2;41;44;60m          [49m┆[48;2;41;44;60m          [49m┆[48;2;41;44;60m Kiki      [49m┆[48;2;41;44;60m          [49m┆[48;2;41;44;60m          [49m┆[48;2;41;44;60m           [49m┆[48;2;41;44;60m           [49m┆[48;2;41;44;60m           [49m┆[48;2;41;44;60m   [49m┆[48;2;41;44;60m 0.1481 [49m┆[48;2;41;44;60m      [49m┆[48;2;41;44;60m          [49m│
│ MN#2.0  ┆ 0  ┆ Chelsey* ┆ Kiki      ┆ Hannah   ┆ Kayla*   ┆ Melanie   ┆ Stacey*  ┆ Amanda   ┆ Cheyenne  ┆ Rashida   ┆ Britni*   ┆   ┆ 3.1182 ┆ 4    ┆ 4/MN#1   │
│[48;2;41;44;60m MB#3.0  [49m┆[48;2;41;44;60m[38;5;9m 0  [49m[39m┆[48;2;41;44;60m          [49m┆[48;2;41;44;60m           [49m┆[48;2;41;44;60m          [49m┆[48;2;41;44;60m          [49m┆[48;2;41;44;60m           [49m┆[48;2;41;44;60m          [49m┆[48;2;41;44;60m          [49m┆[48;2;41;44;60m           [49m┆[48;2;41;44;60m           [49m┆[48;2;41;44;60m Kiki      [49m┆[48;2;41;44;60m   [49m┆[48;2;41;44;60m 0.1451 [49m┆[48;2;41;44;60m      [49m┆[48;2;41;44;60m          [49m│
│ MN#3.0  ┆ 3  ┆ Stacey   ┆ Amanda*   ┆ Kiki*    ┆ Chelsey  ┆ Rashida*  ┆ Britni   ┆ Kayla*   ┆ Melanie*  ┆ Cheyenne* ┆ Hannah*   ┆   ┆ 2.0163 ┆ 7    ┆ 7/MN#1   │
│[48;2;41;44;60m MB#4.0  [49m┆[48;2;41;44;60m[38;5;9m 0  [49m[39m┆[48;2;41;44;60m          [49m┆[48;2;41;44;60m           [49m┆[48;2;41;44;60m Britni   [49m┆[48;2;41;44;60m          [49m┆[48;2;41;44;60m           [49m┆[48;2;41;44;60m          [49m┆[48;2;41;44;60m          [49m┆[48;2;41;44;60m           [49m┆[48;2;41;44;60m           [49m┆[48;2;41;44;60m           [49m┆[48;2;41;44;60m   [49m┆[48;2;41;44;60m 0.0754 [49m┆[48;2;41;44;60m      [49m┆[48;2;41;44;60m          [49m│
│ MN#4.0  ┆ 2  ┆ Amanda*  ┆ Stacey*   ┆ Kiki     ┆ Chelsey  ┆ Hannah*   ┆ Rashida* ┆ Kayla    ┆ Britni*   ┆ Melanie*  ┆ Cheyenne* ┆   ┆ 1.8569 ┆ 7    ┆ 7/MN#3   │
│[48;2;41;44;60m MB#5.0  [49m┆[48;2;41;44;60m[38;5;10m 1  [49m[39m┆[48;2;41;44;60m          [49m┆[48;2;41;44;60m           [49m┆[48;2;41;44;60m          [49m┆[48;2;41;44;60m Chelsey  [49m┆[48;2;41;44;60m           [49m┆[48;2;41;44;60m          [49m┆[48;2;41;44;60m          [49m┆[48;2;41;44;60m           [49m┆[48;2;41;44;60m           [49m┆[48;2;41;44;60m           [49m┆[48;2;41;44;60m   [49m┆[48;2;41;44;60m 0.5026 [49m┆[48;2;41;44;60m      [49m┆[48;2;41;44;60m          [49m│
│ MN#5.0  ┆ 2  ┆ Stacey   ┆ Hannah*   ┆ Kiki     ┆ Chelsey  ┆ Cheyenne* ┆ Melanie* ┆ Britni*  ┆ Rashida*  ┆ Amanda*   ┆ Kayla     ┆   ┆ 1.6755 ┆ 6    ┆ 7/MN#1   │
│[48;2;41;44;60m MB#6.0  [49m┆[48;2;41;44;60m[38;5;9m 0  [49m[39m┆[48;2;41;44;60m          [49m┆[48;2;41;44;60m           [49m┆[48;2;41;44;60m Kiki     [49m┆[48;2;41;44;60m          [49m┆[48;2;41;44;60m           [49m┆[48;2;41;44;60m          [49m┆[48;2;41;44;60m          [49m┆[48;2;41;44;60m           [49m┆[48;2;41;44;60m           [49m┆[48;2;41;44;60m           [49m┆[48;2;41;44;60m   [49m┆[48;2;41;44;60m 0.2084 [49m┆[48;2;41;44;60m      [49m┆[48;2;41;44;60m          [49m│
│ MN#6.0  ┆ 3  ┆ Stacey   ┆ Cheyenne* ┆ Amanda*  ┆ Chelsey  ┆ Rashida   ┆ Britni   ┆ Melanie* ┆ Kiki*     ┆ Hannah*   ┆ Kayla     ┆   ┆ 1.3643 ┆ 5    ┆ 6/MN#1   │
│[48;2;41;44;60m MB#7.0  [49m┆[48;2;41;44;60m[38;5;9m 0  [49m[39m┆[48;2;41;44;60m Melanie  [49m┆[48;2;41;44;60m           [49m┆[48;2;41;44;60m          [49m┆[48;2;41;44;60m          [49m┆[48;2;41;44;60m           [49m┆[48;2;41;44;60m          [49m┆[48;2;41;44;60m          [49m┆[48;2;41;44;60m           [49m┆[48;2;41;44;60m           [49m┆[48;2;41;44;60m           [49m┆[48;2;41;44;60m   [49m┆[48;2;41;44;60m 0.0977 [49m┆[48;2;41;44;60m      [49m┆[48;2;41;44;60m          [49m│
│ MN#7.0  ┆ 3  ┆ Rashida* ┆ Kayla*    ┆ Melanie* ┆ Chelsey  ┆ Britni*   ┆ Amanda*  ┆ Stacey*  ┆ Kiki      ┆ Cheyenne  ┆ Hannah    ┆   ┆ 1.9833 ┆ 6    ┆ 7/MN#3   │
│[48;2;41;44;60m MB#8.0  [49m┆[48;2;41;44;60m[38;5;9m 0  [49m[39m┆[48;2;41;44;60m          [49m┆[48;2;41;44;60m           [49m┆[48;2;41;44;60m          [49m┆[48;2;41;44;60m          [49m┆[48;2;41;44;60m           [49m┆[48;2;41;44;60m          [49m┆[48;2;41;44;60m          [49m┆[48;2;41;44;60m Kiki      [49m┆[48;2;41;44;60m           [49m┆[48;2;41;44;60m           [49m┆[48;2;41;44;60m   [49m┆[48;2;41;44;60m 0.5305 [49m┆[48;2;41;44;60m      [49m┆[48;2;41;44;60m          [49m│
│ MN#8.0  ┆ 3  ┆ Stacey   ┆ Kiki      ┆ Amanda   ┆ Chelsey  ┆ Rashida   ┆ Britni   ┆ Melanie  ┆ Kayla*    ┆ Cheyenne  ┆ Hannah    ┆   ┆ 0.9683 ┆ 1    ┆ 4/MN#3   │
│[48;2;41;44;60m MB#9.0  [49m┆[48;2;41;44;60m[38;5;9m 0  [49m[39m┆[48;2;41;44;60m          [49m┆[48;2;41;44;60m Kayla     [49m┆[48;2;41;44;60m          [49m┆[48;2;41;44;60m          [49m┆[48;2;41;44;60m           [49m┆[48;2;41;44;60m          [49m┆[48;2;41;44;60m          [49m┆[48;2;41;44;60m           [49m┆[48;2;41;44;60m           [49m┆[48;2;41;44;60m           [49m┆[48;2;41;44;60m   [49m┆[48;2;41;44;60m 0.5236 [49m┆[48;2;41;44;60m      [49m┆[48;2;41;44;60m          [49m│
│ MN#9.0  ┆ 2  ┆ Stacey   ┆ Cheyenne  ┆ Rashida* ┆ Chelsey  ┆ Britni    ┆ Kayla*   ┆ Kiki*    ┆ Amanda*   ┆ Melanie   ┆ Hannah    ┆   ┆ 1.415  ┆ 4    ┆ 7/MN#3   │
│[48;2;41;44;60m MB#10.0 [49m┆[48;2;41;44;60m[38;5;10m 1  [49m[39m┆[48;2;41;44;60m          [49m┆[48;2;41;44;60m           [49m┆[48;2;41;44;60m          [49m┆[48;2;41;44;60m          [49m┆[48;2;41;44;60m           [49m┆[48;2;41;44;60m          [49m┆[48;2;41;44;60m          [49m┆[48;2;41;44;60m           [49m┆[48;2;41;44;60m           [49m┆[48;2;41;44;60m Kayla     [49m┆[48;2;41;44;60m   [49m┆[48;2;41;44;60m 0.585  [49m┆[48;2;41;44;60m      [49m┆[48;2;41;44;60m          [49m│
│ MN#10.0 ┆ 10 ┆ Amanda   ┆ Britni*   ┆ Melanie  ┆ Chelsey  ┆ Rashida   ┆ Hannah*  ┆ Kiki     ┆ Stacey*   ┆ Cheyenne  ┆ Kayla     ┆   ┆ 2      ┆ 3    ┆ 7/MN#3   │
╰─────────┴────┴──────────┴───────────┴──────────┴──────────┴───────────┴──────────┴──────────┴───────────┴───────────┴───────────┴───┴────────┴──────┴──────────╯
╭─────────┬────┬─────────┬─────────┬─────────┬──────────┬─────────┬─────────┬─────────┬─────────┬─────────┬─────────┬───┬────────┬──────┬──────────╮
│         ┆  L ┆  Amanda ┆  Britni ┆ Chelsey ┆ Cheyenne ┆  Hannah ┆  Kayla  ┆   Kiki  ┆ Melanie ┆ Rashida ┆  Stacey ┆   ┆    I   ┆ #new ┆ min dist │
╞═════════╪════╪═════════╪═════════╪═════════╪══════════╪═════════╪═════════╪═════════╪═════════╪═════════╪═════════╪═══╪════════╪══════╪══════════╡
│[48;2;41;44;60m MB#1.0  [49m┆[48;2;41;44;60m[38;5;9m 0  [49m[39m┆[48;2;41;44;60m         [49m┆[48;2;41;44;60m         [49m┆[48;2;41;44;60m         [49m┆[48;2;41;44;60m          [49m┆[48;2;41;44;60m         [49m┆[48;2;41;44;60m         [49m┆[48;2;41;44;60m Hunter  [49m┆[48;2;41;44;60m         [49m┆[48;2;41;44;60m         [49m┆[48;2;41;44;60m         [49m┆[48;2;41;44;60m   [49m┆[48;2;41;44;60m 0.152  [49m┆[48;2;41;44;60m      [49m┆[48;2;41;44;60m          [49m│
│ MN#1.0  ┆ 2  ┆ Mike*   ┆ Hunter* ┆ Connor* ┆ Nelson*  ┆ Chuck*  ┆ Zak*    ┆ Austin* ┆ Devin*  ┆ Tyler*  ┆ Alec*   ┆   ┆ 2.425  ┆ 10   ┆          │
│[48;2;41;44;60m MB#2.0  [49m┆[48;2;41;44;60m[38;5;9m 0  [49m[39m┆[48;2;41;44;60m         [49m┆[48;2;41;44;60m         [49m┆[48;2;41;44;60m         [49m┆[48;2;41;44;60m          [49m┆[48;2;41;44;60m         [49m┆[48;2;41;44;60m         [49m┆[48;2;41;44;60m Devin   [49m┆[48;2;41;44;60m         [49m┆[48;2;41;44;60m         [49m┆[48;2;41;44;60m         [49m┆[48;2;41;44;60m   [49m┆[48;2;41;44;60m 0.1481 [49m┆[48;2;41;44;60m      [49m┆[48;2;41;44;60m          [49m│
│ MN#2.0  ┆ 0  ┆ Mike    ┆ Zak*    ┆ Alec*   ┆ Nelson   ┆ Chuck   ┆ Connor* ┆ Austin  ┆ Devin   ┆ Tyler   ┆ Hunter* ┆   ┆ 3.1182 ┆ 4    ┆ 4/MN#1   │
│[48;2;41;44;60m MB#3.0  [49m┆[48;2;41;44;60m[38;5;9m 0  [49m[39m┆[48;2;41;44;60m         [49m┆[48;2;41;44;60m         [49m┆[48;2;41;44;60m         [49m┆[48;2;41;44;60m          [49m┆[48;2;41;44;60m         [49m┆[48;2;41;44;60m         [49m┆[48;2;41;44;60m Zak     [49m┆[48;2;41;44;60m         [49m┆[48;2;41;44;60m         [49m┆[48;2;41;44;60m         [49m┆[48;2;41;44;60m   [49m┆[48;2;41;44;60m 0.1451 [49m┆[48;2;41;44;60m      [49m┆[48;2;41;44;60m          [49m│
│ MN#3.0  ┆ 3  ┆ Austin* ┆ Hunter  ┆ Connor  ┆ Tyler*   ┆ Zak*    ┆ Mike*   ┆ Chuck*  ┆ Nelson* ┆ Devin*  ┆ Alec    ┆   ┆ 2.0163 ┆ 7    ┆ 7/MN#1   │
│[48;2;41;44;60m MB#4.0  [49m┆[48;2;41;44;60m[38;5;9m 0  [49m[39m┆[48;2;41;44;60m         [49m┆[48;2;41;44;60m Chuck   [49m┆[48;2;41;44;60m         [49m┆[48;2;41;44;60m          [49m┆[48;2;41;44;60m         [49m┆[48;2;41;44;60m         [49m┆[48;2;41;44;60m         [49m┆[48;2;41;44;60m         [49m┆[48;2;41;44;60m         [49m┆[48;2;41;44;60m         [49m┆[48;2;41;44;60m   [49m┆[48;2;41;44;60m 0.0754 [49m┆[48;2;41;44;60m      [49m┆[48;2;41;44;60m          [49m│
│ MN#4.0  ┆ 2  ┆ Alec*   ┆ Nelson* ┆ Connor  ┆ Zak*     ┆ Devin*  ┆ Mike    ┆ Chuck   ┆ Tyler*  ┆ Hunter* ┆ Austin* ┆   ┆ 1.8569 ┆ 7    ┆ 7/MN#3   │
│[48;2;41;44;60m MB#5.0  [49m┆[48;2;41;44;60m[38;5;10m 1  [49m[39m┆[48;2;41;44;60m         [49m┆[48;2;41;44;60m         [49m┆[48;2;41;44;60m Connor  [49m┆[48;2;41;44;60m          [49m┆[48;2;41;44;60m         [49m┆[48;2;41;44;60m         [49m┆[48;2;41;44;60m         [49m┆[48;2;41;44;60m         [49m┆[48;2;41;44;60m         [49m┆[48;2;41;44;60m         [49m┆[48;2;41;44;60m   [49m┆[48;2;41;44;60m 0.5026 [49m┆[48;2;41;44;60m      [49m┆[48;2;41;44;60m          [49m│
│ MN#5.0  ┆ 2  ┆ Tyler*  ┆ Mike*   ┆ Connor  ┆ Devin*   ┆ Austin* ┆ Zak     ┆ Chuck   ┆ Hunter* ┆ Nelson* ┆ Alec    ┆   ┆ 1.6755 ┆ 6    ┆ 7/MN#1   │
│[48;2;41;44;60m MB#6.0  [49m┆[48;2;41;44;60m[38;5;9m 0  [49m[39m┆[48;2;41;44;60m         [49m┆[48;2;41;44;60m         [49m┆[48;2;41;44;60m         [49m┆[48;2;41;44;60m          [49m┆[48;2;41;44;60m         [49m┆[48;2;41;44;60m         [49m┆[48;2;41;44;60m Chuck   [49m┆[48;2;41;44;60m         [49m┆[48;2;41;44;60m         [49m┆[48;2;41;44;60m         [49m┆[48;2;41;44;60m   [49m┆[48;2;41;44;60m 0.2084 [49m┆[48;2;41;44;60m      [49m┆[48;2;41;44;60m          [49m│
│ MN#6.0  ┆ 3  ┆ Chuck*  ┆ Hunter  ┆ Connor  ┆ Austin*  ┆ Tyler*  ┆ Zak     ┆ Nelson* ┆ Mike*   ┆ Devin   ┆ Alec    ┆   ┆ 1.3643 ┆ 5    ┆ 6/MN#1   │
│[48;2;41;44;60m MB#7.0  [49m┆[48;2;41;44;60m[38;5;9m 0  [49m[39m┆[48;2;41;44;60m         [49m┆[48;2;41;44;60m         [49m┆[48;2;41;44;60m         [49m┆[48;2;41;44;60m          [49m┆[48;2;41;44;60m         [49m┆[48;2;41;44;60m         [49m┆[48;2;41;44;60m         [49m┆[48;2;41;44;60m Alec    [49m┆[48;2;41;44;60m         [49m┆[48;2;41;44;60m         [49m┆[48;2;41;44;60m   [49m┆[48;2;41;44;60m 0.0977 [49m┆[48;2;41;44;60m      [49m┆[48;2;41;44;60m          [49m│
│ MN#7.0  ┆ 3  ┆ Hunter* ┆ Devin*  ┆ Connor  ┆ Tyler    ┆ Zak     ┆ Austin* ┆ Nelson  ┆ Chuck*  ┆ Alec*   ┆ Mike*   ┆   ┆ 1.9833 ┆ 6    ┆ 7/MN#3   │
│[48;2;41;44;60m MB#8.0  [49m┆[48;2;41;44;60m[38;5;9m 0  [49m[39m┆[48;2;41;44;60m         [49m┆[48;2;41;44;60m         [49m┆[48;2;41;44;60m         [49m┆[48;2;41;44;60m          [49m┆[48;2;41;44;60m         [49m┆[48;2;41;44;60m         [49m┆[48;2;41;44;60m Nelson  [49m┆[48;2;41;44;60m         [49m┆[48;2;41;44;60m         [49m┆[48;2;41;44;60m         [49m┆[48;2;41;44;60m   [49m┆[48;2;41;44;60m 0.5305 [49m┆[48;2;41;44;60m      [49m┆[48;2;41;44;60m          [49m│
│ MN#8.0  ┆ 3  ┆ Chuck   ┆ Hunter  ┆ Connor  ┆ Tyler    ┆ Zak     ┆ Nelson* ┆ Austin  ┆ Mike    ┆ Devin   ┆ Alec    ┆   ┆ 0.9683 ┆ 1    ┆ 4/MN#3   │
│[48;2;41;44;60m MB#9.0  [49m┆[48;2;41;44;60m[38;5;9m 0  [49m[39m┆[48;2;41;44;60m         [49m┆[48;2;41;44;60m         [49m┆[48;2;41;44;60m         [49m┆[48;2;41;44;60m          [49m┆[48;2;41;44;60m         [49m┆[48;2;41;44;60m Austin  [49m┆[48;2;41;44;60m         [49m┆[48;2;41;44;60m         [49m┆[48;2;41;44;60m         [49m┆[48;2;41;44;60m         [49m┆[48;2;41;44;60m   [49m┆[48;2;41;44;60m 0.5236 [49m┆[48;2;41;44;60m      [49m┆[48;2;41;44;60m          [49m│
│ MN#9.0  ┆ 2  ┆ Nelson* ┆ Devin   ┆ Connor  ┆ Austin   ┆ Zak     ┆ Hunter* ┆ Mike*   ┆ Tyler   ┆ Chuck*  ┆ Alec    ┆   ┆ 1.415  ┆ 4    ┆ 7/MN#3   │
│[48;2;41;44;60m MB#10.0 [49m┆[48;2;41;44;60m[38;5;10m 1  [49m[39m┆[48;2;41;44;60m         [49m┆[48;2;41;44;60m         [49m┆[48;2;41;44;60m         [49m┆[48;2;41;44;60m          [49m┆[48;2;41;44;60m         [49m┆[48;2;41;44;60m Zak     [49m┆[48;2;41;44;60m         [49m┆[48;2;41;44;60m         [49m┆[48;2;41;44;60m         [49m┆[48;2;41;44;60m         [49m┆[48;2;41;44;60m   [49m┆[48;2;41;44;60m 0.585  [49m┆[48;2;41;44;60m      [49m┆[48;2;41;44;60m          [49m│
│ MN#10.0 ┆ 10 ┆ Alec    ┆ Austin* ┆ Connor  ┆ Tyler    ┆ Hunter* ┆ Zak     ┆ Mike    ┆ Chuck   ┆ Devin   ┆ Nelson* ┆   ┆ 2      ┆ 3    ┆ 7/MN#3   │
╰─────────┴────┴─────────┴─────────┴─────────┴──────────┴─────────┴─────────┴─────────┴─────────┴─────────┴─────────┴───┴────────┴──────┴──────────╯
Total permutations: 3628800  Permutations left: 1  Initial combinations for each pair: 362880

Ran in 0.97s
