╭───────────┬──────┬─────┬─────────┬─────┬──────┬────────┬─────────┬─────┬─────────┬───────╮
│           ┆ Asaf ┆ Cam ┆ Cameron ┆ Gio ┆ John ┆ Morgan ┆ Prosper ┆ Sam ┆ Stephen ┆ Tyler │
╞═══════════╪══════╪═════╪═════════╪═════╪══════╪════════╪═════════╪═════╪═════════╪═══════╡
│[48;2;41;44;60m Alyssa    [49m┆[48;2;41;44;60m 10   [49m┆[48;2;41;44;60m 10  [49m┆[48;2;41;44;60m 10      [49m┆[48;2;41;44;60m 10  [49m┆[48;2;41;44;60m 10   [49m┆[48;2;41;44;60m 10     [49m┆[48;2;41;44;60m 10      [49m┆[48;2;41;44;60m 10  [49m┆[48;2;41;44;60m 10      [49m┆[48;2;41;44;60m 10    [49m│
│ Camille   ┆ 10   ┆ 10  ┆ 10      ┆ 10  ┆ 10   ┆ 10     ┆ 10      ┆ 10  ┆ 10      ┆ 10    │
│[48;2;41;44;60m Emma      [49m┆[48;2;41;44;60m 10   [49m┆[48;2;41;44;60m 10  [49m┆[48;2;41;44;60m 10      [49m┆[48;2;41;44;60m 10  [49m┆[48;2;41;44;60m 10   [49m┆[48;2;41;44;60m 10     [49m┆[48;2;41;44;60m 10      [49m┆[48;2;41;44;60m 10  [49m┆[48;2;41;44;60m 10      [49m┆[48;2;41;44;60m 10    [49m│
│ Francesca ┆ 10   ┆ 10  ┆ 10      ┆ 10  ┆ 10   ┆ 10     ┆ 10      ┆ 10  ┆ 10      ┆ 10    │
│[48;2;41;44;60m Julia     [49m┆[48;2;41;44;60m 10   [49m┆[48;2;41;44;60m 10  [49m┆[48;2;41;44;60m 10      [49m┆[48;2;41;44;60m 10  [49m┆[48;2;41;44;60m 10   [49m┆[48;2;41;44;60m 10     [49m┆[48;2;41;44;60m 10      [49m┆[48;2;41;44;60m 10  [49m┆[48;2;41;44;60m 10      [49m┆[48;2;41;44;60m 10    [49m│
│ Kaylen    ┆ 10   ┆ 10  ┆ 10      ┆ 10  ┆ 10   ┆ 10     ┆ 10      ┆ 10  ┆ 10      ┆ 10    │
│[48;2;41;44;60m Mikala    [49m┆[48;2;41;44;60m 10   [49m┆[48;2;41;44;60m 10  [49m┆[48;2;41;44;60m 10      [49m┆[48;2;41;44;60m 10  [49m┆[48;2;41;44;60m 10   [49m┆[48;2;41;44;60m 10     [49m┆[48;2;41;44;60m 10      [49m┆[48;2;41;44;60m 10  [49m┆[48;2;41;44;60m 10      [49m┆[48;2;41;44;60m 10    [49m│
│ Nicole    ┆ 10   ┆ 10  ┆ 10      ┆ 10  ┆ 10   ┆ 10     ┆ 10      ┆ 10  ┆ 10      ┆ 10    │
│[48;2;41;44;60m Tori      [49m┆[48;2;41;44;60m 10   [49m┆[48;2;41;44;60m 10  [49m┆[48;2;41;44;60m 10      [49m┆[48;2;41;44;60m 10  [49m┆[48;2;41;44;60m 10   [49m┆[48;2;41;44;60m 10     [49m┆[48;2;41;44;60m 10      [49m┆[48;2;41;44;60m 10  [49m┆[48;2;41;44;60m 10      [49m┆[48;2;41;44;60m 10    [49m│
│ Victoria  ┆ 10   ┆ 10  ┆ 10      ┆ 10  ┆ 10   ┆ 10     ┆ 10      ┆ 10  ┆ 10      ┆ 10    │
╰───────────┴──────┴─────┴─────────┴─────┴──────┴────────┴─────────┴─────┴─────────┴───────╯
3628800 left -> 21.7911 bits left

MB#1.0 E01 -- after all not +250.000$
Tori → Prosper 
---
-> I[l]/bits: {0: 0.15, 1: 3.32}
-> E[I]/bits: 0.47
0 lights => I = 0.152 bits
╭───────────┬────────┬────────┬─────────┬────────┬────────┬────────┬─────────┬────────┬─────────┬────────╮
│           ┆  Asaf  ┆   Cam  ┆ Cameron ┆   Gio  ┆  John  ┆ Morgan ┆ Prosper ┆   Sam  ┆ Stephen ┆  Tyler │
╞═══════════╪════════╪════════╪═════════╪════════╪════════╪════════╪═════════╪════════╪═════════╪════════╡
│[48;2;41;44;60m Alyssa    [49m┆[48;2;41;44;60m  9.877 [49m┆[48;2;41;44;60m  9.877 [49m┆[48;2;41;44;60m  9.877  [49m┆[48;2;41;44;60m  9.877 [49m┆[48;2;41;44;60m  9.877 [49m┆[48;2;41;44;60m  9.877 [49m┆[48;2;41;44;60m 11.111  [49m┆[48;2;41;44;60m  9.877 [49m┆[48;2;41;44;60m  9.877  [49m┆[48;2;41;44;60m  9.877 [49m│
│ Camille   ┆  9.877 ┆  9.877 ┆  9.877  ┆  9.877 ┆  9.877 ┆  9.877 ┆ 11.111  ┆  9.877 ┆  9.877  ┆  9.877 │
│[48;2;41;44;60m Emma      [49m┆[48;2;41;44;60m  9.877 [49m┆[48;2;41;44;60m  9.877 [49m┆[48;2;41;44;60m  9.877  [49m┆[48;2;41;44;60m  9.877 [49m┆[48;2;41;44;60m  9.877 [49m┆[48;2;41;44;60m  9.877 [49m┆[48;2;41;44;60m 11.111  [49m┆[48;2;41;44;60m  9.877 [49m┆[48;2;41;44;60m  9.877  [49m┆[48;2;41;44;60m  9.877 [49m│
│ Francesca ┆  9.877 ┆  9.877 ┆  9.877  ┆  9.877 ┆  9.877 ┆  9.877 ┆ 11.111  ┆  9.877 ┆  9.877  ┆  9.877 │
│[48;2;41;44;60m Julia     [49m┆[48;2;41;44;60m  9.877 [49m┆[48;2;41;44;60m  9.877 [49m┆[48;2;41;44;60m  9.877  [49m┆[48;2;41;44;60m  9.877 [49m┆[48;2;41;44;60m  9.877 [49m┆[48;2;41;44;60m  9.877 [49m┆[48;2;41;44;60m 11.111  [49m┆[48;2;41;44;60m  9.877 [49m┆[48;2;41;44;60m  9.877  [49m┆[48;2;41;44;60m  9.877 [49m│
│ Kaylen    ┆  9.877 ┆  9.877 ┆  9.877  ┆  9.877 ┆  9.877 ┆  9.877 ┆ 11.111  ┆  9.877 ┆  9.877  ┆  9.877 │
│[48;2;41;44;60m Mikala    [49m┆[48;2;41;44;60m  9.877 [49m┆[48;2;41;44;60m  9.877 [49m┆[48;2;41;44;60m  9.877  [49m┆[48;2;41;44;60m  9.877 [49m┆[48;2;41;44;60m  9.877 [49m┆[48;2;41;44;60m  9.877 [49m┆[48;2;41;44;60m 11.111  [49m┆[48;2;41;44;60m  9.877 [49m┆[48;2;41;44;60m  9.877  [49m┆[48;2;41;44;60m  9.877 [49m│
│ Nicole    ┆  9.877 ┆  9.877 ┆  9.877  ┆  9.877 ┆  9.877 ┆  9.877 ┆ 11.111  ┆  9.877 ┆  9.877  ┆  9.877 │
│[48;2;41;44;60m Tori      [49m┆[48;2;41;44;60m 11.111 [49m┆[48;2;41;44;60m 11.111 [49m┆[48;2;41;44;60m 11.111  [49m┆[48;2;41;44;60m 11.111 [49m┆[48;2;41;44;60m 11.111 [49m┆[48;2;41;44;60m 11.111 [49m┆[48;2;41;44;60m[38;5;9m  0      [49m[39m┆[48;2;41;44;60m 11.111 [49m┆[48;2;41;44;60m 11.111  [49m┆[48;2;41;44;60m 11.111 [49m│
│ Victoria  ┆  9.877 ┆  9.877 ┆  9.877  ┆  9.877 ┆  9.877 ┆  9.877 ┆ 11.111  ┆  9.877 ┆  9.877  ┆  9.877 │
╰───────────┴────────┴────────┴─────────┴────────┴────────┴────────┴─────────┴────────┴─────────┴────────╯
3265920 left -> 21.6391 bits left

MN#1.0 E01
0x Julia     → Morgan  
0x Victoria  → Cam     
0x Camille   → Prosper 
0x Mikala    → Cameron 
0x Kaylen    → Gio     
0x Alyssa    → Sam     
0x Emma      → John    
0x Nicole    → Stephen 
0x Tori      → Tyler   
0x Francesca → Asaf    
---
-> I[l]/bits: {0: 1.46, 1: 1.44, 2: 2.42, 3: 3.99, 4: 5.97, 5: 8.28, 6: 10.82, 7: 13.78, 8: 16.18, 10: 21.64}
-> E[I]/bits: 1.89
3 lights => I = 3.9926 bits
╭───────────┬────────┬────────┬─────────┬────────┬────────┬────────┬─────────┬────────┬─────────┬────────╮
│           ┆  Asaf  ┆   Cam  ┆ Cameron ┆   Gio  ┆  John  ┆ Morgan ┆ Prosper ┆   Sam  ┆ Stephen ┆  Tyler │
╞═══════════╪════════╪════════╪═════════╪════════╪════════╪════════╪═════════╪════════╪═════════╪════════╡
│[48;2;41;44;60m Alyssa    [49m┆[48;2;41;44;60m  7.81  [49m┆[48;2;41;44;60m  7.81  [49m┆[48;2;41;44;60m  7.81   [49m┆[48;2;41;44;60m  7.81  [49m┆[48;2;41;44;60m  7.81  [49m┆[48;2;41;44;60m  7.81  [49m┆[48;2;41;44;60m  8.434  [49m┆[48;2;41;44;60m 29.367 [49m┆[48;2;41;44;60m  7.81   [49m┆[48;2;41;44;60m  7.53  [49m│
│ Camille   ┆  7.53  ┆  7.53  ┆  7.53   ┆  7.53  ┆  7.53  ┆  7.53  ┆ 32.53   ┆  7.53  ┆  7.53   ┆  7.233 │
│[48;2;41;44;60m Emma      [49m┆[48;2;41;44;60m  7.81  [49m┆[48;2;41;44;60m  7.81  [49m┆[48;2;41;44;60m  7.81   [49m┆[48;2;41;44;60m  7.81  [49m┆[48;2;41;44;60m 29.367 [49m┆[48;2;41;44;60m  7.81  [49m┆[48;2;41;44;60m  8.434  [49m┆[48;2;41;44;60m  7.81  [49m┆[48;2;41;44;60m  7.81   [49m┆[48;2;41;44;60m  7.53  [49m│
│ Francesca ┆ 29.367 ┆  7.81  ┆  7.81   ┆  7.81  ┆  7.81  ┆  7.81  ┆  8.434  ┆  7.81  ┆  7.81   ┆  7.53  │
│[48;2;41;44;60m Julia     [49m┆[48;2;41;44;60m  7.81  [49m┆[48;2;41;44;60m  7.81  [49m┆[48;2;41;44;60m  7.81   [49m┆[48;2;41;44;60m  7.81  [49m┆[48;2;41;44;60m  7.81  [49m┆[48;2;41;44;60m 29.367 [49m┆[48;2;41;44;60m  8.434  [49m┆[48;2;41;44;60m  7.81  [49m┆[48;2;41;44;60m  7.81   [49m┆[48;2;41;44;60m  7.53  [49m│
│ Kaylen    ┆  7.81  ┆  7.81  ┆  7.81   ┆ 29.367 ┆  7.81  ┆  7.81  ┆  8.434  ┆  7.81  ┆  7.81   ┆  7.53  │
│[48;2;41;44;60m Mikala    [49m┆[48;2;41;44;60m  7.81  [49m┆[48;2;41;44;60m  7.81  [49m┆[48;2;41;44;60m 29.367  [49m┆[48;2;41;44;60m  7.81  [49m┆[48;2;41;44;60m  7.81  [49m┆[48;2;41;44;60m  7.81  [49m┆[48;2;41;44;60m  8.434  [49m┆[48;2;41;44;60m  7.81  [49m┆[48;2;41;44;60m  7.81   [49m┆[48;2;41;44;60m  7.53  [49m│
│ Nicole    ┆  7.81  ┆  7.81  ┆  7.81   ┆  7.81  ┆  7.81  ┆  7.81  ┆  8.434  ┆  7.81  ┆ 29.367  ┆  7.53  │
│[48;2;41;44;60m Tori      [49m┆[48;2;41;44;60m  8.434 [49m┆[48;2;41;44;60m  8.434 [49m┆[48;2;41;44;60m  8.434  [49m┆[48;2;41;44;60m  8.434 [49m┆[48;2;41;44;60m  8.434 [49m┆[48;2;41;44;60m  8.434 [49m┆[48;2;41;44;60m[38;5;9m  0      [49m[39m┆[48;2;41;44;60m  8.434 [49m┆[48;2;41;44;60m  8.434  [49m┆[48;2;41;44;60m 32.53  [49m│
│ Victoria  ┆  7.81  ┆ 29.367 ┆  7.81   ┆  7.81  ┆  7.81  ┆  7.81  ┆  8.434  ┆  7.81  ┆  7.81   ┆  7.53  │
╰───────────┴────────┴────────┴─────────┴────────┴────────┴────────┴─────────┴────────┴─────────┴────────╯
205176 left -> 17.6465 bits left

MB#2.0 E02
Julia → John 
---
-> I[l]/bits: {0: 0.12, 1: 3.68}
-> E[I]/bits: 0.40
0 lights => I = 0.1173 bits
╭───────────┬────────┬────────┬─────────┬────────┬────────┬────────┬─────────┬────────┬─────────┬────────╮
│           ┆  Asaf  ┆   Cam  ┆ Cameron ┆   Gio  ┆  John  ┆ Morgan ┆ Prosper ┆   Sam  ┆ Stephen ┆  Tyler │
╞═══════════╪════════╪════════╪═════════╪════════╪════════╪════════╪═════════╪════════╪═════════╪════════╡
│[48;2;41;44;60m Alyssa    [49m┆[48;2;41;44;60m  7.833 [49m┆[48;2;41;44;60m  7.833 [49m┆[48;2;41;44;60m  7.833  [49m┆[48;2;41;44;60m  7.833 [49m┆[48;2;41;44;60m  8.471 [49m┆[48;2;41;44;60m  7.565 [49m┆[48;2;41;44;60m  8.471  [49m┆[48;2;41;44;60m 28.763 [49m┆[48;2;41;44;60m  7.833  [49m┆[48;2;41;44;60m  7.565 [49m│
│ Camille   ┆  7.565 ┆  7.565 ┆  7.565  ┆  7.565 ┆  8.168 ┆  7.303 ┆ 31.855  ┆  7.565 ┆  7.565  ┆  7.285 │
│[48;2;41;44;60m Emma      [49m┆[48;2;41;44;60m  7.565 [49m┆[48;2;41;44;60m  7.565 [49m┆[48;2;41;44;60m  7.565  [49m┆[48;2;41;44;60m  7.565 [49m┆[48;2;41;44;60m 31.855 [49m┆[48;2;41;44;60m  7.285 [49m┆[48;2;41;44;60m  8.168  [49m┆[48;2;41;44;60m  7.565 [49m┆[48;2;41;44;60m  7.565  [49m┆[48;2;41;44;60m  7.303 [49m│
│ Francesca ┆ 28.763 ┆  7.833 ┆  7.833  ┆  7.833 ┆  8.471 ┆  7.565 ┆  8.471  ┆  7.833 ┆  7.833  ┆  7.565 │
│[48;2;41;44;60m Julia     [49m┆[48;2;41;44;60m  8.471 [49m┆[48;2;41;44;60m  8.471 [49m┆[48;2;41;44;60m  8.471  [49m┆[48;2;41;44;60m  8.471 [49m┆[48;2;41;44;60m[38;5;9m  0     [49m[39m┆[48;2;41;44;60m 31.855 [49m┆[48;2;41;44;60m  9.148  [49m┆[48;2;41;44;60m  8.471 [49m┆[48;2;41;44;60m  8.471  [49m┆[48;2;41;44;60m  8.168 [49m│
│ Kaylen    ┆  7.833 ┆  7.833 ┆  7.833  ┆ 28.763 ┆  8.471 ┆  7.565 ┆  8.471  ┆  7.833 ┆  7.833  ┆  7.565 │
│[48;2;41;44;60m Mikala    [49m┆[48;2;41;44;60m  7.833 [49m┆[48;2;41;44;60m  7.833 [49m┆[48;2;41;44;60m 28.763  [49m┆[48;2;41;44;60m  7.833 [49m┆[48;2;41;44;60m  8.471 [49m┆[48;2;41;44;60m  7.565 [49m┆[48;2;41;44;60m  8.471  [49m┆[48;2;41;44;60m  7.833 [49m┆[48;2;41;44;60m  7.833  [49m┆[48;2;41;44;60m  7.565 [49m│
│ Nicole    ┆  7.833 ┆  7.833 ┆  7.833  ┆  7.833 ┆  8.471 ┆  7.565 ┆  8.471  ┆  7.833 ┆ 28.763  ┆  7.565 │
│[48;2;41;44;60m Tori      [49m┆[48;2;41;44;60m  8.471 [49m┆[48;2;41;44;60m  8.471 [49m┆[48;2;41;44;60m  8.471  [49m┆[48;2;41;44;60m  8.471 [49m┆[48;2;41;44;60m  9.148 [49m┆[48;2;41;44;60m  8.168 [49m┆[48;2;41;44;60m[38;5;9m  0      [49m[39m┆[48;2;41;44;60m  8.471 [49m┆[48;2;41;44;60m  8.471  [49m┆[48;2;41;44;60m 31.855 [49m│
│ Victoria  ┆  7.833 ┆ 28.763 ┆  7.833  ┆  7.833 ┆  8.471 ┆  7.565 ┆  8.471  ┆  7.833 ┆  7.833  ┆  7.565 │
╰───────────┴────────┴────────┴─────────┴────────┴────────┴────────┴─────────┴────────┴─────────┴────────╯
189152 left -> 17.5292 bits left

MN#2.0 E02
0x Tori      → Stephen 
0x Julia     → Cam     
0x Nicole    → John    
0x Emma      → Prosper 
0x Camille   → Asaf    
0x Victoria  → Tyler   
1x Mikala    → Cameron 
0x Francesca → Sam     
0x Alyssa    → Morgan  
1x Kaylen    → Gio     
---
-> I[l]/bits: {0: 1.79, 1: 1.44, 2: 2.16, 3: 3.51, 4: 5.31, 5: 7.43, 6: 9.83, 7: 12.62, 8: 14.53}
-> E[I]/bits: 2.03
3 lights => I = 3.5129 bits
╭───────────┬────────┬────────┬─────────┬────────┬────────┬────────┬─────────┬────────┬─────────┬────────╮
│           ┆  Asaf  ┆   Cam  ┆ Cameron ┆   Gio  ┆  John  ┆ Morgan ┆ Prosper ┆   Sam  ┆ Stephen ┆  Tyler │
╞═══════════╪════════╪════════╪═════════╪════════╪════════╪════════╪═════════╪════════╪═════════╪════════╡
│[48;2;41;44;60m Alyssa    [49m┆[48;2;41;44;60m  7.701 [49m┆[48;2;41;44;60m  7.55  [49m┆[48;2;41;44;60m  4.671  [49m┆[48;2;41;44;60m  4.671 [49m┆[48;2;41;44;60m  8.473 [49m┆[48;2;41;44;60m 20.99  [49m┆[48;2;41;44;60m  8.654  [49m┆[48;2;41;44;60m 21.684 [49m┆[48;2;41;44;60m  7.785  [49m┆[48;2;41;44;60m  7.821 [49m│
│ Camille   ┆ 20.978 ┆  7.514 ┆  4.575  ┆  4.575 ┆  8.316 ┆  7.652 ┆ 23.736  ┆  7.55  ┆  7.532  ┆  7.574 │
│[48;2;41;44;60m Emma      [49m┆[48;2;41;44;60m  7.55  [49m┆[48;2;41;44;60m  7.429 [49m┆[48;2;41;44;60m  4.508  [49m┆[48;2;41;44;60m  4.508 [49m┆[48;2;41;44;60m 22.993 [49m┆[48;2;41;44;60m  7.465 [49m┆[48;2;41;44;60m 23.024  [49m┆[48;2;41;44;60m  7.574 [49m┆[48;2;41;44;60m  7.502  [49m┆[48;2;41;44;60m  7.447 [49m│
│ Francesca ┆ 21.611 ┆  7.683 ┆  4.647  ┆  4.647 ┆  8.558 ┆  7.526 ┆  8.413  ┆ 21.587 ┆  7.725  ┆  7.604 │
│[48;2;41;44;60m Julia     [49m┆[48;2;41;44;60m  8.606 [49m┆[48;2;41;44;60m 23.633 [49m┆[48;2;41;44;60m  4.973  [49m┆[48;2;41;44;60m  4.973 [49m┆[48;2;41;44;60m[38;5;9m  0     [49m[39m┆[48;2;41;44;60m 23.609 [49m┆[48;2;41;44;60m  9.246  [49m┆[48;2;41;44;60m  8.34  [49m┆[48;2;41;44;60m  8.365  [49m┆[48;2;41;44;60m  8.256 [49m│
│ Kaylen    ┆  4.695 ┆  4.635 ┆  1.473  ┆[38;5;14m 60.67  [39m┆  5.069 ┆  4.575 ┆  5.009  ┆  4.647 ┆  4.635  ┆  4.593 │
│[48;2;41;44;60m Mikala    [49m┆[48;2;41;44;60m  4.695 [49m┆[48;2;41;44;60m  4.635 [49m┆[48;2;41;44;60m[38;5;14m 60.67   [49m[39m┆[48;2;41;44;60m  1.473 [49m┆[48;2;41;44;60m  5.069 [49m┆[48;2;41;44;60m  4.575 [49m┆[48;2;41;44;60m  5.009  [49m┆[48;2;41;44;60m  4.647 [49m┆[48;2;41;44;60m  4.635  [49m┆[48;2;41;44;60m  4.593 [49m│
│ Nicole    ┆  7.797 ┆  7.689 ┆  4.671  ┆  4.671 ┆ 23.754 ┆  7.52  ┆  8.316  ┆  7.652 ┆ 20.447  ┆  7.483 │
│[48;2;41;44;60m Tori      [49m┆[48;2;41;44;60m  8.425 [49m┆[48;2;41;44;60m  8.25  [49m┆[48;2;41;44;60m  5.033  [49m┆[48;2;41;44;60m  5.033 [49m┆[48;2;41;44;60m  9.161 [49m┆[48;2;41;44;60m  8.413 [49m┆[48;2;41;44;60m[38;5;9m  0      [49m[39m┆[48;2;41;44;60m  8.425 [49m┆[48;2;41;44;60m 23.663  [49m┆[48;2;41;44;60m 23.597 [49m│
│ Victoria  ┆  7.942 ┆ 20.984 ┆  4.78   ┆  4.78  ┆  8.606 ┆  7.677 ┆  8.594  ┆  7.894 ┆  7.713  ┆ 21.032 │
╰───────────┴────────┴────────┴─────────┴────────┴────────┴────────┴─────────┴────────┴─────────┴────────╯
16570 left -> 14.0163 bits left

MB#3.0 E03
Mikala → Cameron 
---
-> I[l]/bits: {0: 1.35, 1: 0.72}
-> E[I]/bits: 0.97
1 lights => I = 0.7209 bits
╭───────────┬────────┬────────┬─────────┬────────┬────────┬────────┬─────────┬────────┬─────────┬────────╮
│           ┆  Asaf  ┆   Cam  ┆ Cameron ┆   Gio  ┆  John  ┆ Morgan ┆ Prosper ┆   Sam  ┆ Stephen ┆  Tyler │
╞═══════════╪════════╪════════╪═════════╪════════╪════════╪════════╪═════════╪════════╪═════════╪════════╡
│[48;2;41;44;60m Alyssa    [49m┆[48;2;41;44;60m  8.863 [49m┆[48;2;41;44;60m  8.704 [49m┆[48;2;41;44;60m[38;5;9m  0      [49m[39m┆[48;2;41;44;60m  7.162 [49m┆[48;2;41;44;60m  9.888 [49m┆[48;2;41;44;60m 18.452 [49m┆[48;2;41;44;60m 10.057  [49m┆[48;2;41;44;60m 18.969 [49m┆[48;2;41;44;60m  8.933  [49m┆[48;2;41;44;60m  8.972 [49m│
│ Camille   ┆ 18.442 ┆  8.684 ┆[38;5;9m  0      [39m┆  7.003 ┆  9.748 ┆  8.813 ┆ 21.108  ┆  8.744 ┆  8.694  ┆  8.764 │
│[48;2;41;44;60m Emma      [49m┆[48;2;41;44;60m  8.714 [49m┆[48;2;41;44;60m  8.624 [49m┆[48;2;41;44;60m[38;5;9m  0      [49m[39m┆[48;2;41;44;60m  6.884 [49m┆[48;2;41;44;60m 20.541 [49m┆[48;2;41;44;60m  8.634 [49m┆[48;2;41;44;60m 20.551  [49m┆[48;2;41;44;60m  8.734 [49m┆[48;2;41;44;60m  8.694  [49m┆[48;2;41;44;60m  8.624 [49m│
│ Francesca ┆ 18.9   ┆  8.843 ┆[38;5;9m  0      [39m┆  7.122 ┆  9.987 ┆  8.704 ┆  9.858  ┆ 18.92  ┆  8.893  ┆  8.774 │
│[48;2;41;44;60m Julia     [49m┆[48;2;41;44;60m 10.027 [49m┆[48;2;41;44;60m 21.048 [49m┆[48;2;41;44;60m[38;5;9m  0      [49m[39m┆[48;2;41;44;60m  7.649 [49m┆[48;2;41;44;60m[38;5;9m  0     [49m[39m┆[48;2;41;44;60m 21.019 [49m┆[48;2;41;44;60m 10.982  [49m┆[48;2;41;44;60m  9.798 [49m┆[48;2;41;44;60m  9.778  [49m┆[48;2;41;44;60m  9.699 [49m│
│ Kaylen    ┆  7.192 ┆  7.092 ┆[38;5;9m  0      [39m┆ 41.978 ┆  7.799 ┆  7.003 ┆  7.709  ┆  7.122 ┆  7.082  ┆  7.023 │
│[48;2;41;44;60m Mikala    [49m┆[48;2;41;44;60m[38;5;9m  0     [49m[39m┆[48;2;41;44;60m[38;5;9m  0     [49m[39m┆[48;2;41;44;60m[38;5;10m 100     [49m[39m┆[48;2;41;44;60m[38;5;9m  0     [49m[39m┆[48;2;41;44;60m[38;5;9m  0     [49m[39m┆[48;2;41;44;60m[38;5;9m  0     [49m[39m┆[48;2;41;44;60m[38;5;9m  0      [49m[39m┆[48;2;41;44;60m[38;5;9m  0     [49m[39m┆[48;2;41;44;60m[38;5;9m  0      [49m[39m┆[48;2;41;44;60m[38;5;9m  0     [49m[39m│
│ Nicole    ┆  8.943 ┆  8.863 ┆[38;5;9m  0      [39m┆  7.142 ┆ 21.108 ┆  8.694 ┆  9.738  ┆  8.813 ┆ 18.034  ┆  8.664 │
│[48;2;41;44;60m Tori      [49m┆[48;2;41;44;60m  9.858 [49m┆[48;2;41;44;60m  9.709 [49m┆[48;2;41;44;60m[38;5;9m  0      [49m[39m┆[48;2;41;44;60m  7.739 [49m┆[48;2;41;44;60m 10.922 [49m┆[48;2;41;44;60m  9.848 [49m┆[48;2;41;44;60m[38;5;9m  0      [49m[39m┆[48;2;41;44;60m  9.868 [49m┆[48;2;41;44;60m 21.038  [49m┆[48;2;41;44;60m 21.019 [49m│
│ Victoria  ┆  9.062 ┆ 18.432 ┆[38;5;9m  0      [39m┆  7.321 ┆ 10.007 ┆  8.833 ┆  9.997  ┆  9.032 ┆  8.853  ┆ 18.462 │
╰───────────┴────────┴────────┴─────────┴────────┴────────┴────────┴─────────┴────────┴─────────┴────────╯
10053 left -> 13.2953 bits left

MN#3.0 E03
1x Tori      → Stephen 
0x Victoria  → John    
2x Kaylen    → Gio     
1x Emma      → Prosper 
1x Alyssa    → Sam     
2x Mikala    → Cameron 
1x Camille   → Asaf    
0x Nicole    → Cam     
0x Julia     → Tyler   
0x Francesca → Morgan  
---
-> I[l]/bits: {1: 2.72, 2: 1.44, 3: 1.75, 4: 2.99, 5: 4.57, 6: 6.39, 7: 9.21, 8: 13.30}
-> E[I]/bits: 2.13
4 lights => I = 2.9859 bits
╭───────────┬────────┬────────┬─────────┬────────┬────────┬────────┬─────────┬────────┬─────────┬────────╮
│           ┆  Asaf  ┆   Cam  ┆ Cameron ┆   Gio  ┆  John  ┆ Morgan ┆ Prosper ┆   Sam  ┆ Stephen ┆  Tyler │
╞═══════════╪════════╪════════╪═════════╪════════╪════════╪════════╪═════════╪════════╪═════════╪════════╡
│[48;2;41;44;60m Alyssa    [49m┆[48;2;41;44;60m  7.801 [49m┆[48;2;41;44;60m  8.983 [49m┆[48;2;41;44;60m[38;5;9m  0      [49m[39m┆[48;2;41;44;60m  3.467 [49m┆[48;2;41;44;60m 10.402 [49m┆[48;2;41;44;60m  4.807 [49m┆[48;2;41;44;60m  8.747  [49m┆[48;2;41;44;60m 38.377 [49m┆[48;2;41;44;60m  7.644  [49m┆[48;2;41;44;60m  9.771 [49m│
│ Camille   ┆ 30.339 ┆  8.511 ┆[38;5;9m  0      [39m┆  5.122 ┆  9.456 ┆  9.299 ┆ 12.214  ┆  8.353 ┆  7.565  ┆  9.141 │
│[48;2;41;44;60m Emma      [49m┆[48;2;41;44;60m  7.565 [49m┆[48;2;41;44;60m  7.801 [49m┆[48;2;41;44;60m[38;5;9m  0      [49m[39m┆[48;2;41;44;60m  3.783 [49m┆[48;2;41;44;60m 13.554 [49m┆[48;2;41;44;60m  9.062 [49m┆[48;2;41;44;60m 35.225  [49m┆[48;2;41;44;60m  7.486 [49m┆[48;2;41;44;60m  7.25   [49m┆[48;2;41;44;60m  8.274 [49m│
│ Francesca ┆ 14.736 ┆ 10.402 ┆[38;5;9m  0      [39m┆  5.359 ┆ 12.608 ┆ 23.877 ┆ 10.638  ┆  3.94  ┆  8.589  ┆  9.85  │
│[48;2;41;44;60m Julia     [49m┆[48;2;41;44;60m  9.614 [49m┆[48;2;41;44;60m 10.087 [49m┆[48;2;41;44;60m[38;5;9m  0      [49m[39m┆[48;2;41;44;60m  6.304 [49m┆[48;2;41;44;60m[38;5;9m  0     [49m[39m┆[48;2;41;44;60m 18.519 [49m┆[48;2;41;44;60m 11.032  [49m┆[48;2;41;44;60m 10.244 [49m┆[48;2;41;44;60m 10.087  [49m┆[48;2;41;44;60m 24.113 [49m│
│ Kaylen    ┆  4.255 ┆  4.965 ┆[38;5;9m  0      [39m┆[38;5;14m 61.781 [39m┆  6.619 ┆  4.886 ┆  4.571  ┆  3.704 ┆  3.783  ┆  5.437 │
│[48;2;41;44;60m Mikala    [49m┆[48;2;41;44;60m[38;5;9m  0     [49m[39m┆[48;2;41;44;60m[38;5;9m  0     [49m[39m┆[48;2;41;44;60m[38;5;10m 100     [49m[39m┆[48;2;41;44;60m[38;5;9m  0     [49m[39m┆[48;2;41;44;60m[38;5;9m  0     [49m[39m┆[48;2;41;44;60m[38;5;9m  0     [49m[39m┆[48;2;41;44;60m[38;5;9m  0      [49m[39m┆[48;2;41;44;60m[38;5;9m  0     [49m[39m┆[48;2;41;44;60m[38;5;9m  0      [49m[39m┆[48;2;41;44;60m[38;5;9m  0     [49m[39m│
│ Nicole    ┆  8.117 ┆ 23.798 ┆[38;5;9m  0      [39m┆  5.201 ┆  9.693 ┆ 10.875 ┆  8.905  ┆  9.693 ┆ 11.426  ┆ 12.293 │
│[48;2;41;44;60m Tori      [49m┆[48;2;41;44;60m  9.141 [49m┆[48;2;41;44;60m  8.983 [49m┆[48;2;41;44;60m[38;5;9m  0      [49m[39m┆[48;2;41;44;60m  4.019 [49m┆[48;2;41;44;60m 11.111 [49m┆[48;2;41;44;60m  8.826 [49m┆[48;2;41;44;60m[38;5;9m  0      [49m[39m┆[48;2;41;44;60m  9.062 [49m┆[48;2;41;44;60m 35.934  [49m┆[48;2;41;44;60m 12.924 [49m│
│ Victoria  ┆  8.432 ┆ 16.47  ┆[38;5;9m  0      [39m┆  4.965 ┆ 26.556 ┆  9.85  ┆  8.668  ┆  9.141 ┆  7.723  ┆  8.195 │
╰───────────┴────────┴────────┴─────────┴────────┴────────┴────────┴─────────┴────────┴─────────┴────────╯
1269 left -> 10.3095 bits left

MB#4.0 E04
Tori → Asaf 
---
-> I[l]/bits: {0: 0.14, 1: 3.45}
-> E[I]/bits: 0.44
0 lights => I = 0.1383 bits
╭───────────┬────────┬────────┬─────────┬────────┬────────┬────────┬─────────┬────────┬─────────┬────────╮
│           ┆  Asaf  ┆   Cam  ┆ Cameron ┆   Gio  ┆  John  ┆ Morgan ┆ Prosper ┆   Sam  ┆ Stephen ┆  Tyler │
╞═══════════╪════════╪════════╪═════════╪════════╪════════╪════════╪═════════╪════════╪═════════╪════════╡
│[48;2;41;44;60m Alyssa    [49m┆[48;2;41;44;60m  8.586 [49m┆[48;2;41;44;60m  9.107 [49m┆[48;2;41;44;60m[38;5;9m  0      [49m[39m┆[48;2;41;44;60m  3.816 [49m┆[48;2;41;44;60m 10.234 [49m┆[48;2;41;44;60m  4.25  [49m┆[48;2;41;44;60m  8.586  [49m┆[48;2;41;44;60m 38.248 [49m┆[48;2;41;44;60m  7.199  [49m┆[48;2;41;44;60m  9.974 [49m│
│ Camille   ┆ 33.391 ┆  8.413 ┆[38;5;9m  0      [39m┆  5.204 ┆  9.28  ┆  8.673 ┆ 11.709  ┆  7.806 ┆  6.678  ┆  8.846 │
│[48;2;41;44;60m Emma      [49m┆[48;2;41;44;60m  8.326 [49m┆[48;2;41;44;60m  7.632 [49m┆[48;2;41;44;60m[38;5;9m  0      [49m[39m┆[48;2;41;44;60m  4.163 [49m┆[48;2;41;44;60m 14.137 [49m┆[48;2;41;44;60m  8.933 [49m┆[48;2;41;44;60m 34.432  [49m┆[48;2;41;44;60m  7.546 [49m┆[48;2;41;44;60m  6.505  [49m┆[48;2;41;44;60m  8.326 [49m│
│ Francesca ┆ 16.219 ┆ 10.581 ┆[38;5;9m  0      [39m┆  5.377 ┆ 12.749 ┆ 23.33  ┆ 10.581  ┆  3.296 ┆  7.979  ┆  9.887 │
│[48;2;41;44;60m Julia     [49m┆[48;2;41;44;60m 10.581 [49m┆[48;2;41;44;60m  9.367 [49m┆[48;2;41;44;60m[38;5;9m  0      [49m[39m┆[48;2;41;44;60m  6.592 [49m┆[48;2;41;44;60m[38;5;9m  0     [49m[39m┆[48;2;41;44;60m 18.474 [49m┆[48;2;41;44;60m 11.622  [49m┆[48;2;41;44;60m 10.581 [49m┆[48;2;41;44;60m  9.887  [49m┆[48;2;41;44;60m 22.897 [49m│
│ Kaylen    ┆  4.683 ┆  5.377 ┆[38;5;9m  0      [39m┆[38;5;14m 59.41  [39m┆  6.938 ┆  5.03  ┆  5.03   ┆  4.076 ┆  3.816  ┆  5.637 │
│[48;2;41;44;60m Mikala    [49m┆[48;2;41;44;60m[38;5;9m  0     [49m[39m┆[48;2;41;44;60m[38;5;9m  0     [49m[39m┆[48;2;41;44;60m[38;5;10m 100     [49m[39m┆[48;2;41;44;60m[38;5;9m  0     [49m[39m┆[48;2;41;44;60m[38;5;9m  0     [49m[39m┆[48;2;41;44;60m[38;5;9m  0     [49m[39m┆[48;2;41;44;60m[38;5;9m  0      [49m[39m┆[48;2;41;44;60m[38;5;9m  0     [49m[39m┆[48;2;41;44;60m[38;5;9m  0      [49m[39m┆[48;2;41;44;60m[38;5;9m  0     [49m[39m│
│ Nicole    ┆  8.933 ┆ 22.984 ┆[38;5;9m  0      [39m┆  5.724 ┆  8.673 ┆ 11.448 ┆  9.28   ┆  9.454 ┆ 10.928  ┆ 12.576 │
│[48;2;41;44;60m Tori      [49m┆[48;2;41;44;60m[38;5;9m  0     [49m[39m┆[48;2;41;44;60m  9.887 [49m┆[48;2;41;44;60m[38;5;9m  0      [49m[39m┆[48;2;41;44;60m  4.423 [49m┆[48;2;41;44;60m 12.229 [49m┆[48;2;41;44;60m  9.714 [49m┆[48;2;41;44;60m[38;5;9m  0      [49m[39m┆[48;2;41;44;60m  9.974 [49m┆[48;2;41;44;60m 39.549  [49m┆[48;2;41;44;60m 14.224 [49m│
│ Victoria  ┆  9.28  ┆ 16.652 ┆[38;5;9m  0      [39m┆  5.291 ┆ 25.759 ┆ 10.147 ┆  8.76   ┆  9.02  ┆  7.459  ┆  7.632 │
╰───────────┴────────┴────────┴─────────┴────────┴────────┴────────┴─────────┴────────┴─────────┴────────╯
1153 left -> 10.1712 bits left

MN#4.0 E04
3x Mikala    → Cameron 
2x Alyssa    → Sam     
0x Francesca → Tyler   
3x Kaylen    → Gio     
2x Camille   → Asaf    
1x Victoria  → John    
0x Emma      → Cam     
0x Tori      → Morgan  
0x Julia     → Stephen 
0x Nicole    → Prosper 
---
-> I[l]/bits: {1: 5.17, 2: 1.60, 3: 1.51, 4: 2.40, 5: 3.65, 6: 6.00, 7: 7.85, 8: 10.17}
-> E[I]/bits: 2.08
4 lights => I = 2.3964 bits
╭───────────┬────────┬────────┬─────────┬────────┬────────┬────────┬─────────┬────────┬─────────┬────────╮
│           ┆  Asaf  ┆   Cam  ┆ Cameron ┆   Gio  ┆  John  ┆ Morgan ┆ Prosper ┆   Sam  ┆ Stephen ┆  Tyler │
╞═══════════╪════════╪════════╪═════════╪════════╪════════╪════════╪═════════╪════════╪═════════╪════════╡
│[48;2;41;44;60m Alyssa    [49m┆[48;2;41;44;60m  5.023 [49m┆[48;2;41;44;60m 10.046 [49m┆[48;2;41;44;60m[38;5;9m  0      [49m[39m┆[48;2;41;44;60m[38;5;9m  0.913 [49m[39m┆[48;2;41;44;60m  5.023 [49m┆[48;2;41;44;60m  2.74  [49m┆[48;2;41;44;60m  9.132  [49m┆[48;2;41;44;60m[38;5;11m 49.772 [49m[39m┆[48;2;41;44;60m  6.849  [49m┆[48;2;41;44;60m 10.502 [49m│
│ Camille   ┆[38;5;11m 53.881 [39m┆  6.849 ┆[38;5;9m  0      [39m┆  1.826 ┆  3.653 ┆  7.763 ┆  5.936  ┆  6.393 ┆  4.566  ┆  9.132 │
│[48;2;41;44;60m Emma      [49m┆[48;2;41;44;60m  7.306 [49m┆[48;2;41;44;60m 14.155 [49m┆[48;2;41;44;60m[38;5;9m  0      [49m[39m┆[48;2;41;44;60m  5.023 [49m┆[48;2;41;44;60m 11.872 [49m┆[48;2;41;44;60m  9.589 [49m┆[48;2;41;44;60m 24.201  [49m┆[48;2;41;44;60m  7.306 [49m┆[48;2;41;44;60m 12.329  [49m┆[48;2;41;44;60m  8.219 [49m│
│ Francesca ┆ 13.242 ┆ 13.242 ┆[38;5;9m  0      [39m┆  3.196 ┆ 13.699 ┆ 15.068 ┆ 14.155  ┆  2.283 ┆  7.763  ┆ 17.352 │
│[48;2;41;44;60m Julia     [49m┆[48;2;41;44;60m  8.676 [49m┆[48;2;41;44;60m 13.699 [49m┆[48;2;41;44;60m[38;5;9m  0      [49m[39m┆[48;2;41;44;60m  6.849 [49m┆[48;2;41;44;60m[38;5;9m  0     [49m[39m┆[48;2;41;44;60m 15.525 [49m┆[48;2;41;44;60m 13.699  [49m┆[48;2;41;44;60m  9.132 [49m┆[48;2;41;44;60m 19.178  [49m┆[48;2;41;44;60m 13.242 [49m│
│ Kaylen    ┆  1.826 ┆  4.566 ┆[38;5;9m  0      [39m┆[38;5;14m 66.667 [39m┆  6.393 ┆  4.566 ┆  5.023  ┆[38;5;9m  0.913 [39m┆  5.479  ┆  4.566 │
│[48;2;41;44;60m Mikala    [49m┆[48;2;41;44;60m[38;5;9m  0     [49m[39m┆[48;2;41;44;60m[38;5;9m  0     [49m[39m┆[48;2;41;44;60m[38;5;10m 100     [49m[39m┆[48;2;41;44;60m[38;5;9m  0     [49m[39m┆[48;2;41;44;60m[38;5;9m  0     [49m[39m┆[48;2;41;44;60m[38;5;9m  0     [49m[39m┆[48;2;41;44;60m[38;5;9m  0      [49m[39m┆[48;2;41;44;60m[38;5;9m  0     [49m[39m┆[48;2;41;44;60m[38;5;9m  0      [49m[39m┆[48;2;41;44;60m[38;5;9m  0     [49m[39m│
│ Nicole    ┆  5.936 ┆ 13.242 ┆[38;5;9m  0      [39m┆  6.849 ┆  5.936 ┆ 14.612 ┆ 18.721  ┆  9.589 ┆ 10.959  ┆ 14.155 │
│[48;2;41;44;60m Tori      [49m┆[48;2;41;44;60m[38;5;9m  0     [49m[39m┆[48;2;41;44;60m 13.699 [49m┆[48;2;41;44;60m[38;5;9m  0      [49m[39m┆[48;2;41;44;60m  4.566 [49m┆[48;2;41;44;60m 12.785 [49m┆[48;2;41;44;60m 19.635 [49m┆[48;2;41;44;60m[38;5;9m  0      [49m[39m┆[48;2;41;44;60m 10.502 [49m┆[48;2;41;44;60m 23.288  [49m┆[48;2;41;44;60m 15.525 [49m│
│ Victoria  ┆  4.11  ┆ 10.502 ┆[38;5;9m  0      [39m┆  4.11  ┆ 40.639 ┆ 10.502 ┆  9.132  ┆  4.11  ┆  9.589  ┆  7.306 │
╰───────────┴────────┴────────┴─────────┴────────┴────────┴────────┴─────────┴────────┴─────────┴────────╯
219 left -> 7.7748 bits left

MB#5.0 E05
Kaylen → Gio 
---
-> I[l]/bits: {0: 1.58, 1: 0.58}
-> E[I]/bits: 0.92
0 lights => I = 1.585 bits
╭───────────┬────────┬────────┬─────────┬────────┬────────┬────────┬─────────┬───────┬─────────┬────────╮
│           ┆  Asaf  ┆   Cam  ┆ Cameron ┆   Gio  ┆  John  ┆ Morgan ┆ Prosper ┆  Sam  ┆ Stephen ┆  Tyler │
╞═══════════╪════════╪════════╪═════════╪════════╪════════╪════════╪═════════╪═══════╪═════════╪════════╡
│[48;2;41;44;60m Alyssa    [49m┆[48;2;41;44;60m[38;5;9m  0     [49m[39m┆[48;2;41;44;60m  1.37  [49m┆[48;2;41;44;60m[38;5;9m  0      [49m[39m┆[48;2;41;44;60m  2.74  [49m┆[48;2;41;44;60m[38;5;9m  0     [49m[39m┆[48;2;41;44;60m[38;5;9m  0     [49m[39m┆[48;2;41;44;60m[38;5;9m  0      [49m[39m┆[48;2;41;44;60m[38;5;10m 95.89 [49m[39m┆[48;2;41;44;60m[38;5;9m  0      [49m[39m┆[48;2;41;44;60m[38;5;9m  0     [49m[39m│
│ Camille   ┆[38;5;10m 80.822 [39m┆[38;5;9m  0     [39m┆[38;5;9m  0      [39m┆  5.479 ┆[38;5;9m  0     [39m┆  2.74  ┆  5.479  ┆[38;5;9m  0    [39m┆  1.37   ┆  4.11  │
│[48;2;41;44;60m Emma      [49m┆[48;2;41;44;60m  1.37  [49m┆[48;2;41;44;60m 12.329 [49m┆[48;2;41;44;60m[38;5;9m  0      [49m[39m┆[48;2;41;44;60m 15.068 [49m┆[48;2;41;44;60m 15.068 [49m┆[48;2;41;44;60m  9.589 [49m┆[48;2;41;44;60m 32.877  [49m┆[48;2;41;44;60m[38;5;9m  0    [49m[39m┆[48;2;41;44;60m  5.479  [49m┆[48;2;41;44;60m  8.219 [49m│
│ Francesca ┆ 10.959 ┆  5.479 ┆[38;5;9m  0      [39m┆  9.589 ┆ 13.699 ┆ 16.438 ┆ 12.329  ┆[38;5;9m  0    [39m┆  6.849  ┆ 24.658 │
│[48;2;41;44;60m Julia     [49m┆[48;2;41;44;60m[38;5;9m  0     [49m[39m┆[48;2;41;44;60m 32.877 [49m┆[48;2;41;44;60m[38;5;9m  0      [49m[39m┆[48;2;41;44;60m 20.548 [49m┆[48;2;41;44;60m[38;5;9m  0     [49m[39m┆[48;2;41;44;60m 15.068 [49m┆[48;2;41;44;60m  9.589  [49m┆[48;2;41;44;60m[38;5;9m  0    [49m[39m┆[48;2;41;44;60m 17.808  [49m┆[48;2;41;44;60m  4.11  [49m│
│ Kaylen    ┆  5.479 ┆ 13.699 ┆[38;5;9m  0      [39m┆[38;5;9m  0     [39m┆ 19.178 ┆ 13.699 ┆ 15.068  ┆  2.74 ┆ 16.438  ┆ 13.699 │
│[48;2;41;44;60m Mikala    [49m┆[48;2;41;44;60m[38;5;9m  0     [49m[39m┆[48;2;41;44;60m[38;5;9m  0     [49m[39m┆[48;2;41;44;60m[38;5;10m 100     [49m[39m┆[48;2;41;44;60m[38;5;9m  0     [49m[39m┆[48;2;41;44;60m[38;5;9m  0     [49m[39m┆[48;2;41;44;60m[38;5;9m  0     [49m[39m┆[48;2;41;44;60m[38;5;9m  0      [49m[39m┆[48;2;41;44;60m[38;5;9m  0    [49m[39m┆[48;2;41;44;60m[38;5;9m  0      [49m[39m┆[48;2;41;44;60m[38;5;9m  0     [49m[39m│
│ Nicole    ┆  1.37  ┆  6.849 ┆[38;5;9m  0      [39m┆ 20.548 ┆ 10.959 ┆ 16.438 ┆ 17.808  ┆[38;5;9m  0    [39m┆ 15.068  ┆ 10.959 │
│[48;2;41;44;60m Tori      [49m┆[48;2;41;44;60m[38;5;9m  0     [49m[39m┆[48;2;41;44;60m  6.849 [49m┆[48;2;41;44;60m[38;5;9m  0      [49m[39m┆[48;2;41;44;60m 13.699 [49m┆[48;2;41;44;60m  8.219 [49m┆[48;2;41;44;60m 17.808 [49m┆[48;2;41;44;60m[38;5;9m  0      [49m[39m┆[48;2;41;44;60m  1.37 [49m┆[48;2;41;44;60m 30.137  [49m┆[48;2;41;44;60m 21.918 [49m│
│ Victoria  ┆[38;5;9m  0     [39m┆ 20.548 ┆[38;5;9m  0      [39m┆ 12.329 ┆ 32.877 ┆  8.219 ┆  6.849  ┆[38;5;9m  0    [39m┆  6.849  ┆ 12.329 │
╰───────────┴────────┴────────┴─────────┴────────┴────────┴────────┴─────────┴───────┴─────────┴────────╯
73 left -> 6.1898 bits left

MN#5.0 E05
3x Alyssa    → Sam     
1x Julia     → Morgan  
3x Camille   → Asaf    
1x Nicole    → Stephen 
0x Tori      → John    
1x Emma      → Cam     
4x Mikala    → Cameron 
0x Victoria  → Prosper 
0x Kaylen    → Tyler   
0x Francesca → Gio     
---
-> I[l]/bits: {2: 3.02, 3: 1.24, 4: 1.80, 5: 3.19, 6: 5.19, 7: 5.19}
-> E[I]/bits: 2.05
4 lights => I = 1.7975 bits
╭───────────┬────────┬────────┬─────────┬────────┬────────┬────────┬─────────┬────────┬─────────┬────────╮
│           ┆  Asaf  ┆   Cam  ┆ Cameron ┆   Gio  ┆  John  ┆ Morgan ┆ Prosper ┆   Sam  ┆ Stephen ┆  Tyler │
╞═══════════╪════════╪════════╪═════════╪════════╪════════╪════════╪═════════╪════════╪═════════╪════════╡
│[48;2;41;44;60m Alyssa    [49m┆[48;2;41;44;60m[38;5;9m  0     [49m[39m┆[48;2;41;44;60m  4.762 [49m┆[48;2;41;44;60m[38;5;9m  0      [49m[39m┆[48;2;41;44;60m  9.524 [49m┆[48;2;41;44;60m[38;5;9m  0     [49m[39m┆[48;2;41;44;60m[38;5;9m  0     [49m[39m┆[48;2;41;44;60m[38;5;9m  0      [49m[39m┆[48;2;41;44;60m[38;5;10m 85.714 [49m[39m┆[48;2;41;44;60m[38;5;9m  0      [49m[39m┆[48;2;41;44;60m[38;5;9m  0     [49m[39m│
│ Camille   ┆[38;5;10m 95.238 [39m┆[38;5;9m  0     [39m┆[38;5;9m  0      [39m┆[38;5;9m  0     [39m┆[38;5;9m  0     [39m┆[38;5;9m  0     [39m┆[38;5;9m  0      [39m┆[38;5;9m  0     [39m┆[38;5;9m  0      [39m┆  4.762 │
│[48;2;41;44;60m Emma      [49m┆[48;2;41;44;60m[38;5;9m  0     [49m[39m┆[48;2;41;44;60m  9.524 [49m┆[48;2;41;44;60m[38;5;9m  0      [49m[39m┆[48;2;41;44;60m  4.762 [49m┆[48;2;41;44;60m 19.048 [49m┆[48;2;41;44;60m  4.762 [49m┆[48;2;41;44;60m 38.095  [49m┆[48;2;41;44;60m[38;5;9m  0     [49m[39m┆[48;2;41;44;60m  9.524  [49m┆[48;2;41;44;60m 14.286 [49m│
│ Francesca ┆[38;5;9m  0     [39m┆  9.524 ┆[38;5;9m  0      [39m┆ 19.048 ┆ 14.286 ┆ 19.048 ┆  4.762  ┆[38;5;9m  0     [39m┆[38;5;9m  0      [39m┆ 33.333 │
│[48;2;41;44;60m Julia     [49m┆[48;2;41;44;60m[38;5;9m  0     [49m[39m┆[48;2;41;44;60m 19.048 [49m┆[48;2;41;44;60m[38;5;9m  0      [49m[39m┆[48;2;41;44;60m 28.571 [49m┆[48;2;41;44;60m[38;5;9m  0     [49m[39m┆[48;2;41;44;60m 28.571 [49m┆[48;2;41;44;60m  9.524  [49m┆[48;2;41;44;60m[38;5;9m  0     [49m[39m┆[48;2;41;44;60m  9.524  [49m┆[48;2;41;44;60m  4.762 [49m│
│ Kaylen    ┆  4.762 ┆ 19.048 ┆[38;5;9m  0      [39m┆[38;5;9m  0     [39m┆ 14.286 ┆  4.762 ┆ 14.286  ┆  9.524 ┆ 14.286  ┆ 19.048 │
│[48;2;41;44;60m Mikala    [49m┆[48;2;41;44;60m[38;5;9m  0     [49m[39m┆[48;2;41;44;60m[38;5;9m  0     [49m[39m┆[48;2;41;44;60m[38;5;10m 100     [49m[39m┆[48;2;41;44;60m[38;5;9m  0     [49m[39m┆[48;2;41;44;60m[38;5;9m  0     [49m[39m┆[48;2;41;44;60m[38;5;9m  0     [49m[39m┆[48;2;41;44;60m[38;5;9m  0      [49m[39m┆[48;2;41;44;60m[38;5;9m  0     [49m[39m┆[48;2;41;44;60m[38;5;9m  0      [49m[39m┆[48;2;41;44;60m[38;5;9m  0     [49m[39m│
│ Nicole    ┆[38;5;9m  0     [39m┆  4.762 ┆[38;5;9m  0      [39m┆  4.762 ┆ 19.048 ┆ 19.048 ┆ 23.81   ┆[38;5;9m  0     [39m┆ 28.571  ┆[38;5;9m  0     [39m│
│[48;2;41;44;60m Tori      [49m┆[48;2;41;44;60m[38;5;9m  0     [49m[39m┆[48;2;41;44;60m 14.286 [49m┆[48;2;41;44;60m[38;5;9m  0      [49m[39m┆[48;2;41;44;60m 19.048 [49m┆[48;2;41;44;60m  4.762 [49m┆[48;2;41;44;60m 14.286 [49m┆[48;2;41;44;60m[38;5;9m  0      [49m[39m┆[48;2;41;44;60m  4.762 [49m┆[48;2;41;44;60m 23.81   [49m┆[48;2;41;44;60m 19.048 [49m│
│ Victoria  ┆[38;5;9m  0     [39m┆ 19.048 ┆[38;5;9m  0      [39m┆ 14.286 ┆ 28.571 ┆  9.524 ┆  9.524  ┆[38;5;9m  0     [39m┆ 14.286  ┆  4.762 │
╰───────────┴────────┴────────┴─────────┴────────┴────────┴────────┴─────────┴────────┴─────────┴────────╯
21 left -> 4.3923 bits left

MB#6.0 E06
Alyssa → Sam 
---
-> I[l]/bits: {0: 2.81, 1: 0.22}
-> E[I]/bits: 0.59
1 lights => I = 0.2224 bits
╭───────────┬────────┬────────┬─────────┬────────┬────────┬────────┬─────────┬─────┬─────────┬────────╮
│           ┆  Asaf  ┆   Cam  ┆ Cameron ┆   Gio  ┆  John  ┆ Morgan ┆ Prosper ┆ Sam ┆ Stephen ┆  Tyler │
╞═══════════╪════════╪════════╪═════════╪════════╪════════╪════════╪═════════╪═════╪═════════╪════════╡
│[48;2;41;44;60m Alyssa    [49m┆[48;2;41;44;60m[38;5;9m  0     [49m[39m┆[48;2;41;44;60m[38;5;9m  0     [49m[39m┆[48;2;41;44;60m[38;5;9m  0      [49m[39m┆[48;2;41;44;60m[38;5;9m  0     [49m[39m┆[48;2;41;44;60m[38;5;9m  0     [49m[39m┆[48;2;41;44;60m[38;5;9m  0     [49m[39m┆[48;2;41;44;60m[38;5;9m  0      [49m[39m┆[48;2;41;44;60m[38;5;10m 100 [49m[39m┆[48;2;41;44;60m[38;5;9m  0      [49m[39m┆[48;2;41;44;60m[38;5;9m  0     [49m[39m│
│ Camille   ┆[38;5;10m 94.444 [39m┆[38;5;9m  0     [39m┆[38;5;9m  0      [39m┆[38;5;9m  0     [39m┆[38;5;9m  0     [39m┆[38;5;9m  0     [39m┆[38;5;9m  0      [39m┆[38;5;9m  0  [39m┆[38;5;9m  0      [39m┆  5.556 │
│[48;2;41;44;60m Emma      [49m┆[48;2;41;44;60m[38;5;9m  0     [49m[39m┆[48;2;41;44;60m 11.111 [49m┆[48;2;41;44;60m[38;5;9m  0      [49m[39m┆[48;2;41;44;60m  5.556 [49m┆[48;2;41;44;60m 22.222 [49m┆[48;2;41;44;60m  5.556 [49m┆[48;2;41;44;60m 27.778  [49m┆[48;2;41;44;60m[38;5;9m  0  [49m[39m┆[48;2;41;44;60m 11.111  [49m┆[48;2;41;44;60m 16.667 [49m│
│ Francesca ┆[38;5;9m  0     [39m┆ 11.111 ┆[38;5;9m  0      [39m┆ 22.222 ┆ 16.667 ┆ 22.222 ┆  5.556  ┆[38;5;9m  0  [39m┆[38;5;9m  0      [39m┆ 22.222 │
│[48;2;41;44;60m Julia     [49m┆[48;2;41;44;60m[38;5;9m  0     [49m[39m┆[48;2;41;44;60m 22.222 [49m┆[48;2;41;44;60m[38;5;9m  0      [49m[39m┆[48;2;41;44;60m 33.333 [49m┆[48;2;41;44;60m[38;5;9m  0     [49m[39m┆[48;2;41;44;60m 16.667 [49m┆[48;2;41;44;60m 11.111  [49m┆[48;2;41;44;60m[38;5;9m  0  [49m[39m┆[48;2;41;44;60m 11.111  [49m┆[48;2;41;44;60m  5.556 [49m│
│ Kaylen    ┆  5.556 ┆ 16.667 ┆[38;5;9m  0      [39m┆[38;5;9m  0     [39m┆ 16.667 ┆  5.556 ┆ 16.667  ┆[38;5;9m  0  [39m┆ 16.667  ┆ 22.222 │
│[48;2;41;44;60m Mikala    [49m┆[48;2;41;44;60m[38;5;9m  0     [49m[39m┆[48;2;41;44;60m[38;5;9m  0     [49m[39m┆[48;2;41;44;60m[38;5;10m 100     [49m[39m┆[48;2;41;44;60m[38;5;9m  0     [49m[39m┆[48;2;41;44;60m[38;5;9m  0     [49m[39m┆[48;2;41;44;60m[38;5;9m  0     [49m[39m┆[48;2;41;44;60m[38;5;9m  0      [49m[39m┆[48;2;41;44;60m[38;5;9m  0  [49m[39m┆[48;2;41;44;60m[38;5;9m  0      [49m[39m┆[48;2;41;44;60m[38;5;9m  0     [49m[39m│
│ Nicole    ┆[38;5;9m  0     [39m┆  5.556 ┆[38;5;9m  0      [39m┆  5.556 ┆ 22.222 ┆ 22.222 ┆ 27.778  ┆[38;5;9m  0  [39m┆ 16.667  ┆[38;5;9m  0     [39m│
│[48;2;41;44;60m Tori      [49m┆[48;2;41;44;60m[38;5;9m  0     [49m[39m┆[48;2;41;44;60m 11.111 [49m┆[48;2;41;44;60m[38;5;9m  0      [49m[39m┆[48;2;41;44;60m 16.667 [49m┆[48;2;41;44;60m  5.556 [49m┆[48;2;41;44;60m 16.667 [49m┆[48;2;41;44;60m[38;5;9m  0      [49m[39m┆[48;2;41;44;60m[38;5;9m  0  [49m[39m┆[48;2;41;44;60m 27.778  [49m┆[48;2;41;44;60m 22.222 [49m│
│ Victoria  ┆[38;5;9m  0     [39m┆ 22.222 ┆[38;5;9m  0      [39m┆ 16.667 ┆ 16.667 ┆ 11.111 ┆ 11.111  ┆[38;5;9m  0  [39m┆ 16.667  ┆  5.556 │
╰───────────┴────────┴────────┴─────────┴────────┴────────┴────────┴─────────┴─────┴─────────┴────────╯
18 left -> 4.1699 bits left

MN#6.0 E06
1x Emma      → John    
1x Victoria  → Cam     
5x Mikala    → Cameron 
4x Alyssa    → Sam     
1x Julia     → Stephen 
1x Tori      → Morgan  
0x Nicole    → Tyler   
0x Kaylen    → Prosper 
4x Camille   → Asaf    
1x Francesca → Gio     
---
-> I[l]/bits: {3: 1.58, 4: 1.17, 5: 3.17, 6: 4.17, 7: 4.17}
-> E[I]/bits: 1.86
4 lights => I = 1.1699 bits
╭───────────┬──────┬──────┬─────────┬──────┬──────┬────────┬─────────┬─────┬─────────┬───────╮
│           ┆ Asaf ┆  Cam ┆ Cameron ┆  Gio ┆ John ┆ Morgan ┆ Prosper ┆ Sam ┆ Stephen ┆ Tyler │
╞═══════════╪══════╪══════╪═════════╪══════╪══════╪════════╪═════════╪═════╪═════════╪═══════╡
│[48;2;41;44;60m Alyssa    [49m┆[48;2;41;44;60m[38;5;9m  0   [49m[39m┆[48;2;41;44;60m[38;5;9m  0   [49m[39m┆[48;2;41;44;60m[38;5;9m  0      [49m[39m┆[48;2;41;44;60m[38;5;9m  0   [49m[39m┆[48;2;41;44;60m[38;5;9m  0   [49m[39m┆[48;2;41;44;60m[38;5;9m  0     [49m[39m┆[48;2;41;44;60m[38;5;9m  0      [49m[39m┆[48;2;41;44;60m[38;5;10m 100 [49m[39m┆[48;2;41;44;60m[38;5;9m  0      [49m[39m┆[48;2;41;44;60m[38;5;9m  0    [49m[39m│
│ Camille   ┆[38;5;10m 87.5 [39m┆[38;5;9m  0   [39m┆[38;5;9m  0      [39m┆[38;5;9m  0   [39m┆[38;5;9m  0   [39m┆[38;5;9m  0     [39m┆[38;5;9m  0      [39m┆[38;5;9m  0  [39m┆[38;5;9m  0      [39m┆ 12.5  │
│[48;2;41;44;60m Emma      [49m┆[48;2;41;44;60m[38;5;9m  0   [49m[39m┆[48;2;41;44;60m 12.5 [49m┆[48;2;41;44;60m[38;5;9m  0      [49m[39m┆[48;2;41;44;60m 12.5 [49m┆[48;2;41;44;60m 37.5 [49m┆[48;2;41;44;60m 12.5   [49m┆[48;2;41;44;60m 25      [49m┆[48;2;41;44;60m[38;5;9m  0  [49m[39m┆[48;2;41;44;60m[38;5;9m  0      [49m[39m┆[48;2;41;44;60m[38;5;9m  0    [49m[39m│
│ Francesca ┆[38;5;9m  0   [39m┆ 12.5 ┆[38;5;9m  0      [39m┆ 12.5 ┆ 12.5 ┆ 37.5   ┆[38;5;9m  0      [39m┆[38;5;9m  0  [39m┆[38;5;9m  0      [39m┆ 25    │
│[48;2;41;44;60m Julia     [49m┆[48;2;41;44;60m[38;5;9m  0   [49m[39m┆[48;2;41;44;60m 25   [49m┆[48;2;41;44;60m[38;5;9m  0      [49m[39m┆[48;2;41;44;60m[38;5;14m 62.5 [49m[39m┆[48;2;41;44;60m[38;5;9m  0   [49m[39m┆[48;2;41;44;60m[38;5;9m  0     [49m[39m┆[48;2;41;44;60m[38;5;9m  0      [49m[39m┆[48;2;41;44;60m[38;5;9m  0  [49m[39m┆[48;2;41;44;60m 12.5    [49m┆[48;2;41;44;60m[38;5;9m  0    [49m[39m│
│ Kaylen    ┆ 12.5 ┆ 25   ┆[38;5;9m  0      [39m┆[38;5;9m  0   [39m┆[38;5;9m  0   [39m┆[38;5;9m  0     [39m┆ 12.5    ┆[38;5;9m  0  [39m┆ 12.5    ┆ 37.5  │
│[48;2;41;44;60m Mikala    [49m┆[48;2;41;44;60m[38;5;9m  0   [49m[39m┆[48;2;41;44;60m[38;5;9m  0   [49m[39m┆[48;2;41;44;60m[38;5;10m 100     [49m[39m┆[48;2;41;44;60m[38;5;9m  0   [49m[39m┆[48;2;41;44;60m[38;5;9m  0   [49m[39m┆[48;2;41;44;60m[38;5;9m  0     [49m[39m┆[48;2;41;44;60m[38;5;9m  0      [49m[39m┆[48;2;41;44;60m[38;5;9m  0  [49m[39m┆[48;2;41;44;60m[38;5;9m  0      [49m[39m┆[48;2;41;44;60m[38;5;9m  0    [49m[39m│
│ Nicole    ┆[38;5;9m  0   [39m┆[38;5;9m  0   [39m┆[38;5;9m  0      [39m┆[38;5;9m  0   [39m┆ 25   ┆ 25     ┆ 37.5    ┆[38;5;9m  0  [39m┆ 12.5    ┆[38;5;9m  0    [39m│
│[48;2;41;44;60m Tori      [49m┆[48;2;41;44;60m[38;5;9m  0   [49m[39m┆[48;2;41;44;60m[38;5;9m  0   [49m[39m┆[48;2;41;44;60m[38;5;9m  0      [49m[39m┆[48;2;41;44;60m 12.5 [49m┆[48;2;41;44;60m 12.5 [49m┆[48;2;41;44;60m 12.5   [49m┆[48;2;41;44;60m[38;5;9m  0      [49m[39m┆[48;2;41;44;60m[38;5;9m  0  [49m[39m┆[48;2;41;44;60m 37.5    [49m┆[48;2;41;44;60m 25    [49m│
│ Victoria  ┆[38;5;9m  0   [39m┆ 25   ┆[38;5;9m  0      [39m┆[38;5;9m  0   [39m┆ 12.5 ┆ 12.5   ┆ 25      ┆[38;5;9m  0  [39m┆ 25      ┆[38;5;9m  0    [39m│
╰───────────┴──────┴──────┴─────────┴──────┴──────┴────────┴─────────┴─────┴─────────┴───────╯
8 left -> 3 bits left

MB#7.0 E07
Victoria → Cam 
---
-> I[l]/bits: {0: 0.42, 1: 2.00}
-> E[I]/bits: 0.81
0 lights => I = 0.415 bits
╭───────────┬────────┬────────┬─────────┬────────┬────────┬────────┬─────────┬─────┬─────────┬────────╮
│           ┆  Asaf  ┆   Cam  ┆ Cameron ┆   Gio  ┆  John  ┆ Morgan ┆ Prosper ┆ Sam ┆ Stephen ┆  Tyler │
╞═══════════╪════════╪════════╪═════════╪════════╪════════╪════════╪═════════╪═════╪═════════╪════════╡
│[48;2;41;44;60m Alyssa    [49m┆[48;2;41;44;60m[38;5;9m  0     [49m[39m┆[48;2;41;44;60m[38;5;9m  0     [49m[39m┆[48;2;41;44;60m[38;5;9m  0      [49m[39m┆[48;2;41;44;60m[38;5;9m  0     [49m[39m┆[48;2;41;44;60m[38;5;9m  0     [49m[39m┆[48;2;41;44;60m[38;5;9m  0     [49m[39m┆[48;2;41;44;60m[38;5;9m  0      [49m[39m┆[48;2;41;44;60m[38;5;10m 100 [49m[39m┆[48;2;41;44;60m[38;5;9m  0      [49m[39m┆[48;2;41;44;60m[38;5;9m  0     [49m[39m│
│ Camille   ┆[38;5;10m 83.333 [39m┆[38;5;9m  0     [39m┆[38;5;9m  0      [39m┆[38;5;9m  0     [39m┆[38;5;9m  0     [39m┆[38;5;9m  0     [39m┆[38;5;9m  0      [39m┆[38;5;9m  0  [39m┆[38;5;9m  0      [39m┆ 16.667 │
│[48;2;41;44;60m Emma      [49m┆[48;2;41;44;60m[38;5;9m  0     [49m[39m┆[48;2;41;44;60m 16.667 [49m┆[48;2;41;44;60m[38;5;9m  0      [49m[39m┆[48;2;41;44;60m 16.667 [49m┆[48;2;41;44;60m[38;5;11m 50     [49m[39m┆[48;2;41;44;60m[38;5;9m  0     [49m[39m┆[48;2;41;44;60m 16.667  [49m┆[48;2;41;44;60m[38;5;9m  0  [49m[39m┆[48;2;41;44;60m[38;5;9m  0      [49m[39m┆[48;2;41;44;60m[38;5;9m  0     [49m[39m│
│ Francesca ┆[38;5;9m  0     [39m┆ 16.667 ┆[38;5;9m  0      [39m┆ 16.667 ┆[38;5;9m  0     [39m┆[38;5;11m 50     [39m┆[38;5;9m  0      [39m┆[38;5;9m  0  [39m┆[38;5;9m  0      [39m┆ 16.667 │
│[48;2;41;44;60m Julia     [49m┆[48;2;41;44;60m[38;5;9m  0     [49m[39m┆[48;2;41;44;60m 33.333 [49m┆[48;2;41;44;60m[38;5;9m  0      [49m[39m┆[48;2;41;44;60m[38;5;11m 50     [49m[39m┆[48;2;41;44;60m[38;5;9m  0     [49m[39m┆[48;2;41;44;60m[38;5;9m  0     [49m[39m┆[48;2;41;44;60m[38;5;9m  0      [49m[39m┆[48;2;41;44;60m[38;5;9m  0  [49m[39m┆[48;2;41;44;60m 16.667  [49m┆[48;2;41;44;60m[38;5;9m  0     [49m[39m│
│ Kaylen    ┆ 16.667 ┆ 33.333 ┆[38;5;9m  0      [39m┆[38;5;9m  0     [39m┆[38;5;9m  0     [39m┆[38;5;9m  0     [39m┆ 16.667  ┆[38;5;9m  0  [39m┆[38;5;9m  0      [39m┆ 33.333 │
│[48;2;41;44;60m Mikala    [49m┆[48;2;41;44;60m[38;5;9m  0     [49m[39m┆[48;2;41;44;60m[38;5;9m  0     [49m[39m┆[48;2;41;44;60m[38;5;10m 100     [49m[39m┆[48;2;41;44;60m[38;5;9m  0     [49m[39m┆[48;2;41;44;60m[38;5;9m  0     [49m[39m┆[48;2;41;44;60m[38;5;9m  0     [49m[39m┆[48;2;41;44;60m[38;5;9m  0      [49m[39m┆[48;2;41;44;60m[38;5;9m  0  [49m[39m┆[48;2;41;44;60m[38;5;9m  0      [49m[39m┆[48;2;41;44;60m[38;5;9m  0     [49m[39m│
│ Nicole    ┆[38;5;9m  0     [39m┆[38;5;9m  0     [39m┆[38;5;9m  0      [39m┆[38;5;9m  0     [39m┆ 33.333 ┆ 16.667 ┆ 33.333  ┆[38;5;9m  0  [39m┆ 16.667  ┆[38;5;9m  0     [39m│
│[48;2;41;44;60m Tori      [49m┆[48;2;41;44;60m[38;5;9m  0     [49m[39m┆[48;2;41;44;60m[38;5;9m  0     [49m[39m┆[48;2;41;44;60m[38;5;9m  0      [49m[39m┆[48;2;41;44;60m 16.667 [49m┆[48;2;41;44;60m[38;5;9m  0     [49m[39m┆[48;2;41;44;60m 16.667 [49m┆[48;2;41;44;60m[38;5;9m  0      [49m[39m┆[48;2;41;44;60m[38;5;9m  0  [49m[39m┆[48;2;41;44;60m 33.333  [49m┆[48;2;41;44;60m 33.333 [49m│
│ Victoria  ┆[38;5;9m  0     [39m┆[38;5;9m  0     [39m┆[38;5;9m  0      [39m┆[38;5;9m  0     [39m┆ 16.667 ┆ 16.667 ┆ 33.333  ┆[38;5;9m  0  [39m┆ 33.333  ┆[38;5;9m  0     [39m│
╰───────────┴────────┴────────┴─────────┴────────┴────────┴────────┴─────────┴─────┴─────────┴────────╯
6 left -> 2.585 bits left

MN#7.0 E07
1x Victoria  → Prosper 
6x Mikala    → Cameron 
0x Camille   → Tyler   
1x Francesca → Asaf    
2x Tori      → Morgan  
1x Nicole    → Cam     
0x Kaylen    → John    
0x Emma      → Gio     
5x Alyssa    → Sam     
2x Julia     → Stephen 
---
-> I[l]/bits: {2: 1.00, 3: 2.58, 4: 2.58, 5: 2.58}
-> E[I]/bits: 1.79
4 lights => I = 2.585 bits
╭───────────┬──────┬─────┬─────────┬─────┬──────┬────────┬─────────┬─────┬─────────┬───────╮
│           ┆ Asaf ┆ Cam ┆ Cameron ┆ Gio ┆ John ┆ Morgan ┆ Prosper ┆ Sam ┆ Stephen ┆ Tyler │
╞═══════════╪══════╪═════╪═════════╪═════╪══════╪════════╪═════════╪═════╪═════════╪═══════╡
│[48;2;41;44;60m Alyssa    [49m┆[48;2;41;44;60m[38;5;9m  0   [49m[39m┆[48;2;41;44;60m[38;5;9m  0  [49m[39m┆[48;2;41;44;60m[38;5;9m  0      [49m[39m┆[48;2;41;44;60m[38;5;9m  0  [49m[39m┆[48;2;41;44;60m[38;5;9m  0   [49m[39m┆[48;2;41;44;60m[38;5;9m  0     [49m[39m┆[48;2;41;44;60m[38;5;9m  0      [49m[39m┆[48;2;41;44;60m[38;5;10m 100 [49m[39m┆[48;2;41;44;60m[38;5;9m  0      [49m[39m┆[48;2;41;44;60m[38;5;9m  0    [49m[39m│
│ Camille   ┆[38;5;9m  0   [39m┆[38;5;9m  0  [39m┆[38;5;9m  0      [39m┆[38;5;9m  0  [39m┆[38;5;9m  0   [39m┆[38;5;9m  0     [39m┆[38;5;9m  0      [39m┆[38;5;9m  0  [39m┆[38;5;9m  0      [39m┆[38;5;10m 100   [39m│
│[48;2;41;44;60m Emma      [49m┆[48;2;41;44;60m[38;5;9m  0   [49m[39m┆[48;2;41;44;60m[38;5;9m  0  [49m[39m┆[48;2;41;44;60m[38;5;9m  0      [49m[39m┆[48;2;41;44;60m[38;5;9m  0  [49m[39m┆[48;2;41;44;60m[38;5;9m  0   [49m[39m┆[48;2;41;44;60m[38;5;9m  0     [49m[39m┆[48;2;41;44;60m[38;5;10m 100     [49m[39m┆[48;2;41;44;60m[38;5;9m  0  [49m[39m┆[48;2;41;44;60m[38;5;9m  0      [49m[39m┆[48;2;41;44;60m[38;5;9m  0    [49m[39m│
│ Francesca ┆[38;5;9m  0   [39m┆[38;5;9m  0  [39m┆[38;5;9m  0      [39m┆[38;5;10m 100 [39m┆[38;5;9m  0   [39m┆[38;5;9m  0     [39m┆[38;5;9m  0      [39m┆[38;5;9m  0  [39m┆[38;5;9m  0      [39m┆[38;5;9m  0    [39m│
│[48;2;41;44;60m Julia     [49m┆[48;2;41;44;60m[38;5;9m  0   [49m[39m┆[48;2;41;44;60m[38;5;10m 100 [49m[39m┆[48;2;41;44;60m[38;5;9m  0      [49m[39m┆[48;2;41;44;60m[38;5;9m  0  [49m[39m┆[48;2;41;44;60m[38;5;9m  0   [49m[39m┆[48;2;41;44;60m[38;5;9m  0     [49m[39m┆[48;2;41;44;60m[38;5;9m  0      [49m[39m┆[48;2;41;44;60m[38;5;9m  0  [49m[39m┆[48;2;41;44;60m[38;5;9m  0      [49m[39m┆[48;2;41;44;60m[38;5;9m  0    [49m[39m│
│ Kaylen    ┆[38;5;10m 100  [39m┆[38;5;9m  0  [39m┆[38;5;9m  0      [39m┆[38;5;9m  0  [39m┆[38;5;9m  0   [39m┆[38;5;9m  0     [39m┆[38;5;9m  0      [39m┆[38;5;9m  0  [39m┆[38;5;9m  0      [39m┆[38;5;9m  0    [39m│
│[48;2;41;44;60m Mikala    [49m┆[48;2;41;44;60m[38;5;9m  0   [49m[39m┆[48;2;41;44;60m[38;5;9m  0  [49m[39m┆[48;2;41;44;60m[38;5;10m 100     [49m[39m┆[48;2;41;44;60m[38;5;9m  0  [49m[39m┆[48;2;41;44;60m[38;5;9m  0   [49m[39m┆[48;2;41;44;60m[38;5;9m  0     [49m[39m┆[48;2;41;44;60m[38;5;9m  0      [49m[39m┆[48;2;41;44;60m[38;5;9m  0  [49m[39m┆[48;2;41;44;60m[38;5;9m  0      [49m[39m┆[48;2;41;44;60m[38;5;9m  0    [49m[39m│
│ Nicole    ┆[38;5;9m  0   [39m┆[38;5;9m  0  [39m┆[38;5;9m  0      [39m┆[38;5;9m  0  [39m┆[38;5;9m  0   [39m┆[38;5;9m  0     [39m┆[38;5;9m  0      [39m┆[38;5;9m  0  [39m┆[38;5;10m 100     [39m┆[38;5;9m  0    [39m│
│[48;2;41;44;60m Tori      [49m┆[48;2;41;44;60m[38;5;9m  0   [49m[39m┆[48;2;41;44;60m[38;5;9m  0  [49m[39m┆[48;2;41;44;60m[38;5;9m  0      [49m[39m┆[48;2;41;44;60m[38;5;9m  0  [49m[39m┆[48;2;41;44;60m[38;5;9m  0   [49m[39m┆[48;2;41;44;60m[38;5;10m 100    [49m[39m┆[48;2;41;44;60m[38;5;9m  0      [49m[39m┆[48;2;41;44;60m[38;5;9m  0  [49m[39m┆[48;2;41;44;60m[38;5;9m  0      [49m[39m┆[48;2;41;44;60m[38;5;9m  0    [49m[39m│
│ Victoria  ┆[38;5;9m  0   [39m┆[38;5;9m  0  [39m┆[38;5;9m  0      [39m┆[38;5;9m  0  [39m┆[38;5;10m 100  [39m┆[38;5;9m  0     [39m┆[38;5;9m  0      [39m┆[38;5;9m  0  [39m┆[38;5;9m  0      [39m┆[38;5;9m  0    [39m│
╰───────────┴──────┴─────┴─────────┴─────┴──────┴────────┴─────────┴─────┴─────────┴───────╯
1 left -> 0 bits left

MB#8.0 E08
Julia → Gio 
---
-> I[l]/bits: {0: 0.00}
-> E[I]/bits: 0.00
0 lights => I = 0 bits
╭───────────┬──────┬─────┬─────────┬─────┬──────┬────────┬─────────┬─────┬─────────┬───────╮
│           ┆ Asaf ┆ Cam ┆ Cameron ┆ Gio ┆ John ┆ Morgan ┆ Prosper ┆ Sam ┆ Stephen ┆ Tyler │
╞═══════════╪══════╪═════╪═════════╪═════╪══════╪════════╪═════════╪═════╪═════════╪═══════╡
│[48;2;41;44;60m Alyssa    [49m┆[48;2;41;44;60m[38;5;9m  0   [49m[39m┆[48;2;41;44;60m[38;5;9m  0  [49m[39m┆[48;2;41;44;60m[38;5;9m  0      [49m[39m┆[48;2;41;44;60m[38;5;9m  0  [49m[39m┆[48;2;41;44;60m[38;5;9m  0   [49m[39m┆[48;2;41;44;60m[38;5;9m  0     [49m[39m┆[48;2;41;44;60m[38;5;9m  0      [49m[39m┆[48;2;41;44;60m[38;5;10m 100 [49m[39m┆[48;2;41;44;60m[38;5;9m  0      [49m[39m┆[48;2;41;44;60m[38;5;9m  0    [49m[39m│
│ Camille   ┆[38;5;9m  0   [39m┆[38;5;9m  0  [39m┆[38;5;9m  0      [39m┆[38;5;9m  0  [39m┆[38;5;9m  0   [39m┆[38;5;9m  0     [39m┆[38;5;9m  0      [39m┆[38;5;9m  0  [39m┆[38;5;9m  0      [39m┆[38;5;10m 100   [39m│
│[48;2;41;44;60m Emma      [49m┆[48;2;41;44;60m[38;5;9m  0   [49m[39m┆[48;2;41;44;60m[38;5;9m  0  [49m[39m┆[48;2;41;44;60m[38;5;9m  0      [49m[39m┆[48;2;41;44;60m[38;5;9m  0  [49m[39m┆[48;2;41;44;60m[38;5;9m  0   [49m[39m┆[48;2;41;44;60m[38;5;9m  0     [49m[39m┆[48;2;41;44;60m[38;5;10m 100     [49m[39m┆[48;2;41;44;60m[38;5;9m  0  [49m[39m┆[48;2;41;44;60m[38;5;9m  0      [49m[39m┆[48;2;41;44;60m[38;5;9m  0    [49m[39m│
│ Francesca ┆[38;5;9m  0   [39m┆[38;5;9m  0  [39m┆[38;5;9m  0      [39m┆[38;5;10m 100 [39m┆[38;5;9m  0   [39m┆[38;5;9m  0     [39m┆[38;5;9m  0      [39m┆[38;5;9m  0  [39m┆[38;5;9m  0      [39m┆[38;5;9m  0    [39m│
│[48;2;41;44;60m Julia     [49m┆[48;2;41;44;60m[38;5;9m  0   [49m[39m┆[48;2;41;44;60m[38;5;10m 100 [49m[39m┆[48;2;41;44;60m[38;5;9m  0      [49m[39m┆[48;2;41;44;60m[38;5;9m  0  [49m[39m┆[48;2;41;44;60m[38;5;9m  0   [49m[39m┆[48;2;41;44;60m[38;5;9m  0     [49m[39m┆[48;2;41;44;60m[38;5;9m  0      [49m[39m┆[48;2;41;44;60m[38;5;9m  0  [49m[39m┆[48;2;41;44;60m[38;5;9m  0      [49m[39m┆[48;2;41;44;60m[38;5;9m  0    [49m[39m│
│ Kaylen    ┆[38;5;10m 100  [39m┆[38;5;9m  0  [39m┆[38;5;9m  0      [39m┆[38;5;9m  0  [39m┆[38;5;9m  0   [39m┆[38;5;9m  0     [39m┆[38;5;9m  0      [39m┆[38;5;9m  0  [39m┆[38;5;9m  0      [39m┆[38;5;9m  0    [39m│
│[48;2;41;44;60m Mikala    [49m┆[48;2;41;44;60m[38;5;9m  0   [49m[39m┆[48;2;41;44;60m[38;5;9m  0  [49m[39m┆[48;2;41;44;60m[38;5;10m 100     [49m[39m┆[48;2;41;44;60m[38;5;9m  0  [49m[39m┆[48;2;41;44;60m[38;5;9m  0   [49m[39m┆[48;2;41;44;60m[38;5;9m  0     [49m[39m┆[48;2;41;44;60m[38;5;9m  0      [49m[39m┆[48;2;41;44;60m[38;5;9m  0  [49m[39m┆[48;2;41;44;60m[38;5;9m  0      [49m[39m┆[48;2;41;44;60m[38;5;9m  0    [49m[39m│
│ Nicole    ┆[38;5;9m  0   [39m┆[38;5;9m  0  [39m┆[38;5;9m  0      [39m┆[38;5;9m  0  [39m┆[38;5;9m  0   [39m┆[38;5;9m  0     [39m┆[38;5;9m  0      [39m┆[38;5;9m  0  [39m┆[38;5;10m 100     [39m┆[38;5;9m  0    [39m│
│[48;2;41;44;60m Tori      [49m┆[48;2;41;44;60m[38;5;9m  0   [49m[39m┆[48;2;41;44;60m[38;5;9m  0  [49m[39m┆[48;2;41;44;60m[38;5;9m  0      [49m[39m┆[48;2;41;44;60m[38;5;9m  0  [49m[39m┆[48;2;41;44;60m[38;5;9m  0   [49m[39m┆[48;2;41;44;60m[38;5;10m 100    [49m[39m┆[48;2;41;44;60m[38;5;9m  0      [49m[39m┆[48;2;41;44;60m[38;5;9m  0  [49m[39m┆[48;2;41;44;60m[38;5;9m  0      [49m[39m┆[48;2;41;44;60m[38;5;9m  0    [49m[39m│
│ Victoria  ┆[38;5;9m  0   [39m┆[38;5;9m  0  [39m┆[38;5;9m  0      [39m┆[38;5;9m  0  [39m┆[38;5;10m 100  [39m┆[38;5;9m  0     [39m┆[38;5;9m  0      [39m┆[38;5;9m  0  [39m┆[38;5;9m  0      [39m┆[38;5;9m  0    [39m│
╰───────────┴──────┴─────┴─────────┴─────┴──────┴────────┴─────────┴─────┴─────────┴───────╯
1 left -> 0 bits left

MN#8.0 E08 -- blackout -250.000$
6x Alyssa    → Sam     
0x Emma      → Tyler   
0x Victoria  → Morgan  
0x Tori      → Cam     
5x Camille   → Asaf    
1x Kaylen    → John    
7x Mikala    → Cameron 
0x Francesca → Prosper 
0x Nicole    → Gio     
3x Julia     → Stephen 
---
-> I[l]/bits: {2: 0.00}
-> E[I]/bits: 0.00
2 lights => I = 0 bits
╭───────────┬──────┬─────┬─────────┬─────┬──────┬────────┬─────────┬─────┬─────────┬───────╮
│           ┆ Asaf ┆ Cam ┆ Cameron ┆ Gio ┆ John ┆ Morgan ┆ Prosper ┆ Sam ┆ Stephen ┆ Tyler │
╞═══════════╪══════╪═════╪═════════╪═════╪══════╪════════╪═════════╪═════╪═════════╪═══════╡
│[48;2;41;44;60m Alyssa    [49m┆[48;2;41;44;60m[38;5;9m  0   [49m[39m┆[48;2;41;44;60m[38;5;9m  0  [49m[39m┆[48;2;41;44;60m[38;5;9m  0      [49m[39m┆[48;2;41;44;60m[38;5;9m  0  [49m[39m┆[48;2;41;44;60m[38;5;9m  0   [49m[39m┆[48;2;41;44;60m[38;5;9m  0     [49m[39m┆[48;2;41;44;60m[38;5;9m  0      [49m[39m┆[48;2;41;44;60m[38;5;10m 100 [49m[39m┆[48;2;41;44;60m[38;5;9m  0      [49m[39m┆[48;2;41;44;60m[38;5;9m  0    [49m[39m│
│ Camille   ┆[38;5;9m  0   [39m┆[38;5;9m  0  [39m┆[38;5;9m  0      [39m┆[38;5;9m  0  [39m┆[38;5;9m  0   [39m┆[38;5;9m  0     [39m┆[38;5;9m  0      [39m┆[38;5;9m  0  [39m┆[38;5;9m  0      [39m┆[38;5;10m 100   [39m│
│[48;2;41;44;60m Emma      [49m┆[48;2;41;44;60m[38;5;9m  0   [49m[39m┆[48;2;41;44;60m[38;5;9m  0  [49m[39m┆[48;2;41;44;60m[38;5;9m  0      [49m[39m┆[48;2;41;44;60m[38;5;9m  0  [49m[39m┆[48;2;41;44;60m[38;5;9m  0   [49m[39m┆[48;2;41;44;60m[38;5;9m  0     [49m[39m┆[48;2;41;44;60m[38;5;10m 100     [49m[39m┆[48;2;41;44;60m[38;5;9m  0  [49m[39m┆[48;2;41;44;60m[38;5;9m  0      [49m[39m┆[48;2;41;44;60m[38;5;9m  0    [49m[39m│
│ Francesca ┆[38;5;9m  0   [39m┆[38;5;9m  0  [39m┆[38;5;9m  0      [39m┆[38;5;10m 100 [39m┆[38;5;9m  0   [39m┆[38;5;9m  0     [39m┆[38;5;9m  0      [39m┆[38;5;9m  0  [39m┆[38;5;9m  0      [39m┆[38;5;9m  0    [39m│
│[48;2;41;44;60m Julia     [49m┆[48;2;41;44;60m[38;5;9m  0   [49m[39m┆[48;2;41;44;60m[38;5;10m 100 [49m[39m┆[48;2;41;44;60m[38;5;9m  0      [49m[39m┆[48;2;41;44;60m[38;5;9m  0  [49m[39m┆[48;2;41;44;60m[38;5;9m  0   [49m[39m┆[48;2;41;44;60m[38;5;9m  0     [49m[39m┆[48;2;41;44;60m[38;5;9m  0      [49m[39m┆[48;2;41;44;60m[38;5;9m  0  [49m[39m┆[48;2;41;44;60m[38;5;9m  0      [49m[39m┆[48;2;41;44;60m[38;5;9m  0    [49m[39m│
│ Kaylen    ┆[38;5;10m 100  [39m┆[38;5;9m  0  [39m┆[38;5;9m  0      [39m┆[38;5;9m  0  [39m┆[38;5;9m  0   [39m┆[38;5;9m  0     [39m┆[38;5;9m  0      [39m┆[38;5;9m  0  [39m┆[38;5;9m  0      [39m┆[38;5;9m  0    [39m│
│[48;2;41;44;60m Mikala    [49m┆[48;2;41;44;60m[38;5;9m  0   [49m[39m┆[48;2;41;44;60m[38;5;9m  0  [49m[39m┆[48;2;41;44;60m[38;5;10m 100     [49m[39m┆[48;2;41;44;60m[38;5;9m  0  [49m[39m┆[48;2;41;44;60m[38;5;9m  0   [49m[39m┆[48;2;41;44;60m[38;5;9m  0     [49m[39m┆[48;2;41;44;60m[38;5;9m  0      [49m[39m┆[48;2;41;44;60m[38;5;9m  0  [49m[39m┆[48;2;41;44;60m[38;5;9m  0      [49m[39m┆[48;2;41;44;60m[38;5;9m  0    [49m[39m│
│ Nicole    ┆[38;5;9m  0   [39m┆[38;5;9m  0  [39m┆[38;5;9m  0      [39m┆[38;5;9m  0  [39m┆[38;5;9m  0   [39m┆[38;5;9m  0     [39m┆[38;5;9m  0      [39m┆[38;5;9m  0  [39m┆[38;5;10m 100     [39m┆[38;5;9m  0    [39m│
│[48;2;41;44;60m Tori      [49m┆[48;2;41;44;60m[38;5;9m  0   [49m[39m┆[48;2;41;44;60m[38;5;9m  0  [49m[39m┆[48;2;41;44;60m[38;5;9m  0      [49m[39m┆[48;2;41;44;60m[38;5;9m  0  [49m[39m┆[48;2;41;44;60m[38;5;9m  0   [49m[39m┆[48;2;41;44;60m[38;5;10m 100    [49m[39m┆[48;2;41;44;60m[38;5;9m  0      [49m[39m┆[48;2;41;44;60m[38;5;9m  0  [49m[39m┆[48;2;41;44;60m[38;5;9m  0      [49m[39m┆[48;2;41;44;60m[38;5;9m  0    [49m[39m│
│ Victoria  ┆[38;5;9m  0   [39m┆[38;5;9m  0  [39m┆[38;5;9m  0      [39m┆[38;5;9m  0  [39m┆[38;5;10m 100  [39m┆[38;5;9m  0     [39m┆[38;5;9m  0      [39m┆[38;5;9m  0  [39m┆[38;5;9m  0      [39m┆[38;5;9m  0    [39m│
╰───────────┴──────┴─────┴─────────┴─────┴──────┴────────┴─────────┴─────┴─────────┴───────╯
1 left -> 0 bits left

MB#9.0 E09
Emma → Prosper 
---
-> I[l]/bits: {1: 0.00}
-> E[I]/bits: 0.00
1 lights => I = 0 bits
╭───────────┬──────┬─────┬─────────┬─────┬──────┬────────┬─────────┬─────┬─────────┬───────╮
│           ┆ Asaf ┆ Cam ┆ Cameron ┆ Gio ┆ John ┆ Morgan ┆ Prosper ┆ Sam ┆ Stephen ┆ Tyler │
╞═══════════╪══════╪═════╪═════════╪═════╪══════╪════════╪═════════╪═════╪═════════╪═══════╡
│[48;2;41;44;60m Alyssa    [49m┆[48;2;41;44;60m[38;5;9m  0   [49m[39m┆[48;2;41;44;60m[38;5;9m  0  [49m[39m┆[48;2;41;44;60m[38;5;9m  0      [49m[39m┆[48;2;41;44;60m[38;5;9m  0  [49m[39m┆[48;2;41;44;60m[38;5;9m  0   [49m[39m┆[48;2;41;44;60m[38;5;9m  0     [49m[39m┆[48;2;41;44;60m[38;5;9m  0      [49m[39m┆[48;2;41;44;60m[38;5;10m 100 [49m[39m┆[48;2;41;44;60m[38;5;9m  0      [49m[39m┆[48;2;41;44;60m[38;5;9m  0    [49m[39m│
│ Camille   ┆[38;5;9m  0   [39m┆[38;5;9m  0  [39m┆[38;5;9m  0      [39m┆[38;5;9m  0  [39m┆[38;5;9m  0   [39m┆[38;5;9m  0     [39m┆[38;5;9m  0      [39m┆[38;5;9m  0  [39m┆[38;5;9m  0      [39m┆[38;5;10m 100   [39m│
│[48;2;41;44;60m Emma      [49m┆[48;2;41;44;60m[38;5;9m  0   [49m[39m┆[48;2;41;44;60m[38;5;9m  0  [49m[39m┆[48;2;41;44;60m[38;5;9m  0      [49m[39m┆[48;2;41;44;60m[38;5;9m  0  [49m[39m┆[48;2;41;44;60m[38;5;9m  0   [49m[39m┆[48;2;41;44;60m[38;5;9m  0     [49m[39m┆[48;2;41;44;60m[38;5;10m 100     [49m[39m┆[48;2;41;44;60m[38;5;9m  0  [49m[39m┆[48;2;41;44;60m[38;5;9m  0      [49m[39m┆[48;2;41;44;60m[38;5;9m  0    [49m[39m│
│ Francesca ┆[38;5;9m  0   [39m┆[38;5;9m  0  [39m┆[38;5;9m  0      [39m┆[38;5;10m 100 [39m┆[38;5;9m  0   [39m┆[38;5;9m  0     [39m┆[38;5;9m  0      [39m┆[38;5;9m  0  [39m┆[38;5;9m  0      [39m┆[38;5;9m  0    [39m│
│[48;2;41;44;60m Julia     [49m┆[48;2;41;44;60m[38;5;9m  0   [49m[39m┆[48;2;41;44;60m[38;5;10m 100 [49m[39m┆[48;2;41;44;60m[38;5;9m  0      [49m[39m┆[48;2;41;44;60m[38;5;9m  0  [49m[39m┆[48;2;41;44;60m[38;5;9m  0   [49m[39m┆[48;2;41;44;60m[38;5;9m  0     [49m[39m┆[48;2;41;44;60m[38;5;9m  0      [49m[39m┆[48;2;41;44;60m[38;5;9m  0  [49m[39m┆[48;2;41;44;60m[38;5;9m  0      [49m[39m┆[48;2;41;44;60m[38;5;9m  0    [49m[39m│
│ Kaylen    ┆[38;5;10m 100  [39m┆[38;5;9m  0  [39m┆[38;5;9m  0      [39m┆[38;5;9m  0  [39m┆[38;5;9m  0   [39m┆[38;5;9m  0     [39m┆[38;5;9m  0      [39m┆[38;5;9m  0  [39m┆[38;5;9m  0      [39m┆[38;5;9m  0    [39m│
│[48;2;41;44;60m Mikala    [49m┆[48;2;41;44;60m[38;5;9m  0   [49m[39m┆[48;2;41;44;60m[38;5;9m  0  [49m[39m┆[48;2;41;44;60m[38;5;10m 100     [49m[39m┆[48;2;41;44;60m[38;5;9m  0  [49m[39m┆[48;2;41;44;60m[38;5;9m  0   [49m[39m┆[48;2;41;44;60m[38;5;9m  0     [49m[39m┆[48;2;41;44;60m[38;5;9m  0      [49m[39m┆[48;2;41;44;60m[38;5;9m  0  [49m[39m┆[48;2;41;44;60m[38;5;9m  0      [49m[39m┆[48;2;41;44;60m[38;5;9m  0    [49m[39m│
│ Nicole    ┆[38;5;9m  0   [39m┆[38;5;9m  0  [39m┆[38;5;9m  0      [39m┆[38;5;9m  0  [39m┆[38;5;9m  0   [39m┆[38;5;9m  0     [39m┆[38;5;9m  0      [39m┆[38;5;9m  0  [39m┆[38;5;10m 100     [39m┆[38;5;9m  0    [39m│
│[48;2;41;44;60m Tori      [49m┆[48;2;41;44;60m[38;5;9m  0   [49m[39m┆[48;2;41;44;60m[38;5;9m  0  [49m[39m┆[48;2;41;44;60m[38;5;9m  0      [49m[39m┆[48;2;41;44;60m[38;5;9m  0  [49m[39m┆[48;2;41;44;60m[38;5;9m  0   [49m[39m┆[48;2;41;44;60m[38;5;10m 100    [49m[39m┆[48;2;41;44;60m[38;5;9m  0      [49m[39m┆[48;2;41;44;60m[38;5;9m  0  [49m[39m┆[48;2;41;44;60m[38;5;9m  0      [49m[39m┆[48;2;41;44;60m[38;5;9m  0    [49m[39m│
│ Victoria  ┆[38;5;9m  0   [39m┆[38;5;9m  0  [39m┆[38;5;9m  0      [39m┆[38;5;9m  0  [39m┆[38;5;10m 100  [39m┆[38;5;9m  0     [39m┆[38;5;9m  0      [39m┆[38;5;9m  0  [39m┆[38;5;9m  0      [39m┆[38;5;9m  0    [39m│
╰───────────┴──────┴─────┴─────────┴─────┴──────┴────────┴─────────┴─────┴─────────┴───────╯
1 left -> 0 bits left

MN#9.0 E09
2x Emma      → Prosper 
2x Julia     → Morgan  
2x Nicole    → Cam     
7x Alyssa    → Sam     
0x Kaylen    → Stephen 
0x Tori      → Asaf    
2x Victoria  → John    
8x Mikala    → Cameron 
2x Francesca → Gio     
1x Camille   → Tyler   
---
-> I[l]/bits: {6: 0.00}
-> E[I]/bits: 0.00
6 lights => I = 0 bits
╭───────────┬──────┬─────┬─────────┬─────┬──────┬────────┬─────────┬─────┬─────────┬───────╮
│           ┆ Asaf ┆ Cam ┆ Cameron ┆ Gio ┆ John ┆ Morgan ┆ Prosper ┆ Sam ┆ Stephen ┆ Tyler │
╞═══════════╪══════╪═════╪═════════╪═════╪══════╪════════╪═════════╪═════╪═════════╪═══════╡
│[48;2;41;44;60m Alyssa    [49m┆[48;2;41;44;60m[38;5;9m  0   [49m[39m┆[48;2;41;44;60m[38;5;9m  0  [49m[39m┆[48;2;41;44;60m[38;5;9m  0      [49m[39m┆[48;2;41;44;60m[38;5;9m  0  [49m[39m┆[48;2;41;44;60m[38;5;9m  0   [49m[39m┆[48;2;41;44;60m[38;5;9m  0     [49m[39m┆[48;2;41;44;60m[38;5;9m  0      [49m[39m┆[48;2;41;44;60m[38;5;10m 100 [49m[39m┆[48;2;41;44;60m[38;5;9m  0      [49m[39m┆[48;2;41;44;60m[38;5;9m  0    [49m[39m│
│ Camille   ┆[38;5;9m  0   [39m┆[38;5;9m  0  [39m┆[38;5;9m  0      [39m┆[38;5;9m  0  [39m┆[38;5;9m  0   [39m┆[38;5;9m  0     [39m┆[38;5;9m  0      [39m┆[38;5;9m  0  [39m┆[38;5;9m  0      [39m┆[38;5;10m 100   [39m│
│[48;2;41;44;60m Emma      [49m┆[48;2;41;44;60m[38;5;9m  0   [49m[39m┆[48;2;41;44;60m[38;5;9m  0  [49m[39m┆[48;2;41;44;60m[38;5;9m  0      [49m[39m┆[48;2;41;44;60m[38;5;9m  0  [49m[39m┆[48;2;41;44;60m[38;5;9m  0   [49m[39m┆[48;2;41;44;60m[38;5;9m  0     [49m[39m┆[48;2;41;44;60m[38;5;10m 100     [49m[39m┆[48;2;41;44;60m[38;5;9m  0  [49m[39m┆[48;2;41;44;60m[38;5;9m  0      [49m[39m┆[48;2;41;44;60m[38;5;9m  0    [49m[39m│
│ Francesca ┆[38;5;9m  0   [39m┆[38;5;9m  0  [39m┆[38;5;9m  0      [39m┆[38;5;10m 100 [39m┆[38;5;9m  0   [39m┆[38;5;9m  0     [39m┆[38;5;9m  0      [39m┆[38;5;9m  0  [39m┆[38;5;9m  0      [39m┆[38;5;9m  0    [39m│
│[48;2;41;44;60m Julia     [49m┆[48;2;41;44;60m[38;5;9m  0   [49m[39m┆[48;2;41;44;60m[38;5;10m 100 [49m[39m┆[48;2;41;44;60m[38;5;9m  0      [49m[39m┆[48;2;41;44;60m[38;5;9m  0  [49m[39m┆[48;2;41;44;60m[38;5;9m  0   [49m[39m┆[48;2;41;44;60m[38;5;9m  0     [49m[39m┆[48;2;41;44;60m[38;5;9m  0      [49m[39m┆[48;2;41;44;60m[38;5;9m  0  [49m[39m┆[48;2;41;44;60m[38;5;9m  0      [49m[39m┆[48;2;41;44;60m[38;5;9m  0    [49m[39m│
│ Kaylen    ┆[38;5;10m 100  [39m┆[38;5;9m  0  [39m┆[38;5;9m  0      [39m┆[38;5;9m  0  [39m┆[38;5;9m  0   [39m┆[38;5;9m  0     [39m┆[38;5;9m  0      [39m┆[38;5;9m  0  [39m┆[38;5;9m  0      [39m┆[38;5;9m  0    [39m│
│[48;2;41;44;60m Mikala    [49m┆[48;2;41;44;60m[38;5;9m  0   [49m[39m┆[48;2;41;44;60m[38;5;9m  0  [49m[39m┆[48;2;41;44;60m[38;5;10m 100     [49m[39m┆[48;2;41;44;60m[38;5;9m  0  [49m[39m┆[48;2;41;44;60m[38;5;9m  0   [49m[39m┆[48;2;41;44;60m[38;5;9m  0     [49m[39m┆[48;2;41;44;60m[38;5;9m  0      [49m[39m┆[48;2;41;44;60m[38;5;9m  0  [49m[39m┆[48;2;41;44;60m[38;5;9m  0      [49m[39m┆[48;2;41;44;60m[38;5;9m  0    [49m[39m│
│ Nicole    ┆[38;5;9m  0   [39m┆[38;5;9m  0  [39m┆[38;5;9m  0      [39m┆[38;5;9m  0  [39m┆[38;5;9m  0   [39m┆[38;5;9m  0     [39m┆[38;5;9m  0      [39m┆[38;5;9m  0  [39m┆[38;5;10m 100     [39m┆[38;5;9m  0    [39m│
│[48;2;41;44;60m Tori      [49m┆[48;2;41;44;60m[38;5;9m  0   [49m[39m┆[48;2;41;44;60m[38;5;9m  0  [49m[39m┆[48;2;41;44;60m[38;5;9m  0      [49m[39m┆[48;2;41;44;60m[38;5;9m  0  [49m[39m┆[48;2;41;44;60m[38;5;9m  0   [49m[39m┆[48;2;41;44;60m[38;5;10m 100    [49m[39m┆[48;2;41;44;60m[38;5;9m  0      [49m[39m┆[48;2;41;44;60m[38;5;9m  0  [49m[39m┆[48;2;41;44;60m[38;5;9m  0      [49m[39m┆[48;2;41;44;60m[38;5;9m  0    [49m[39m│
│ Victoria  ┆[38;5;9m  0   [39m┆[38;5;9m  0  [39m┆[38;5;9m  0      [39m┆[38;5;9m  0  [39m┆[38;5;10m 100  [39m┆[38;5;9m  0     [39m┆[38;5;9m  0      [39m┆[38;5;9m  0  [39m┆[38;5;9m  0      [39m┆[38;5;9m  0    [39m│
╰───────────┴──────┴─────┴─────────┴─────┴──────┴────────┴─────────┴─────┴─────────┴───────╯
1 left -> 0 bits left

MB#10.0 E10
Julia → Cam 
---
-> I[l]/bits: {1: 0.00}
-> E[I]/bits: 0.00
1 lights => I = 0 bits
╭───────────┬──────┬─────┬─────────┬─────┬──────┬────────┬─────────┬─────┬─────────┬───────╮
│           ┆ Asaf ┆ Cam ┆ Cameron ┆ Gio ┆ John ┆ Morgan ┆ Prosper ┆ Sam ┆ Stephen ┆ Tyler │
╞═══════════╪══════╪═════╪═════════╪═════╪══════╪════════╪═════════╪═════╪═════════╪═══════╡
│[48;2;41;44;60m Alyssa    [49m┆[48;2;41;44;60m[38;5;9m  0   [49m[39m┆[48;2;41;44;60m[38;5;9m  0  [49m[39m┆[48;2;41;44;60m[38;5;9m  0      [49m[39m┆[48;2;41;44;60m[38;5;9m  0  [49m[39m┆[48;2;41;44;60m[38;5;9m  0   [49m[39m┆[48;2;41;44;60m[38;5;9m  0     [49m[39m┆[48;2;41;44;60m[38;5;9m  0      [49m[39m┆[48;2;41;44;60m[38;5;10m 100 [49m[39m┆[48;2;41;44;60m[38;5;9m  0      [49m[39m┆[48;2;41;44;60m[38;5;9m  0    [49m[39m│
│ Camille   ┆[38;5;9m  0   [39m┆[38;5;9m  0  [39m┆[38;5;9m  0      [39m┆[38;5;9m  0  [39m┆[38;5;9m  0   [39m┆[38;5;9m  0     [39m┆[38;5;9m  0      [39m┆[38;5;9m  0  [39m┆[38;5;9m  0      [39m┆[38;5;10m 100   [39m│
│[48;2;41;44;60m Emma      [49m┆[48;2;41;44;60m[38;5;9m  0   [49m[39m┆[48;2;41;44;60m[38;5;9m  0  [49m[39m┆[48;2;41;44;60m[38;5;9m  0      [49m[39m┆[48;2;41;44;60m[38;5;9m  0  [49m[39m┆[48;2;41;44;60m[38;5;9m  0   [49m[39m┆[48;2;41;44;60m[38;5;9m  0     [49m[39m┆[48;2;41;44;60m[38;5;10m 100     [49m[39m┆[48;2;41;44;60m[38;5;9m  0  [49m[39m┆[48;2;41;44;60m[38;5;9m  0      [49m[39m┆[48;2;41;44;60m[38;5;9m  0    [49m[39m│
│ Francesca ┆[38;5;9m  0   [39m┆[38;5;9m  0  [39m┆[38;5;9m  0      [39m┆[38;5;10m 100 [39m┆[38;5;9m  0   [39m┆[38;5;9m  0     [39m┆[38;5;9m  0      [39m┆[38;5;9m  0  [39m┆[38;5;9m  0      [39m┆[38;5;9m  0    [39m│
│[48;2;41;44;60m Julia     [49m┆[48;2;41;44;60m[38;5;9m  0   [49m[39m┆[48;2;41;44;60m[38;5;10m 100 [49m[39m┆[48;2;41;44;60m[38;5;9m  0      [49m[39m┆[48;2;41;44;60m[38;5;9m  0  [49m[39m┆[48;2;41;44;60m[38;5;9m  0   [49m[39m┆[48;2;41;44;60m[38;5;9m  0     [49m[39m┆[48;2;41;44;60m[38;5;9m  0      [49m[39m┆[48;2;41;44;60m[38;5;9m  0  [49m[39m┆[48;2;41;44;60m[38;5;9m  0      [49m[39m┆[48;2;41;44;60m[38;5;9m  0    [49m[39m│
│ Kaylen    ┆[38;5;10m 100  [39m┆[38;5;9m  0  [39m┆[38;5;9m  0      [39m┆[38;5;9m  0  [39m┆[38;5;9m  0   [39m┆[38;5;9m  0     [39m┆[38;5;9m  0      [39m┆[38;5;9m  0  [39m┆[38;5;9m  0      [39m┆[38;5;9m  0    [39m│
│[48;2;41;44;60m Mikala    [49m┆[48;2;41;44;60m[38;5;9m  0   [49m[39m┆[48;2;41;44;60m[38;5;9m  0  [49m[39m┆[48;2;41;44;60m[38;5;10m 100     [49m[39m┆[48;2;41;44;60m[38;5;9m  0  [49m[39m┆[48;2;41;44;60m[38;5;9m  0   [49m[39m┆[48;2;41;44;60m[38;5;9m  0     [49m[39m┆[48;2;41;44;60m[38;5;9m  0      [49m[39m┆[48;2;41;44;60m[38;5;9m  0  [49m[39m┆[48;2;41;44;60m[38;5;9m  0      [49m[39m┆[48;2;41;44;60m[38;5;9m  0    [49m[39m│
│ Nicole    ┆[38;5;9m  0   [39m┆[38;5;9m  0  [39m┆[38;5;9m  0      [39m┆[38;5;9m  0  [39m┆[38;5;9m  0   [39m┆[38;5;9m  0     [39m┆[38;5;9m  0      [39m┆[38;5;9m  0  [39m┆[38;5;10m 100     [39m┆[38;5;9m  0    [39m│
│[48;2;41;44;60m Tori      [49m┆[48;2;41;44;60m[38;5;9m  0   [49m[39m┆[48;2;41;44;60m[38;5;9m  0  [49m[39m┆[48;2;41;44;60m[38;5;9m  0      [49m[39m┆[48;2;41;44;60m[38;5;9m  0  [49m[39m┆[48;2;41;44;60m[38;5;9m  0   [49m[39m┆[48;2;41;44;60m[38;5;10m 100    [49m[39m┆[48;2;41;44;60m[38;5;9m  0      [49m[39m┆[48;2;41;44;60m[38;5;9m  0  [49m[39m┆[48;2;41;44;60m[38;5;9m  0      [49m[39m┆[48;2;41;44;60m[38;5;9m  0    [49m[39m│
│ Victoria  ┆[38;5;9m  0   [39m┆[38;5;9m  0  [39m┆[38;5;9m  0      [39m┆[38;5;9m  0  [39m┆[38;5;10m 100  [39m┆[38;5;9m  0     [39m┆[38;5;9m  0      [39m┆[38;5;9m  0  [39m┆[38;5;9m  0      [39m┆[38;5;9m  0    [39m│
╰───────────┴──────┴─────┴─────────┴─────┴──────┴────────┴─────────┴─────┴─────────┴───────╯
1 left -> 0 bits left

MN#10.0 E10
3x Francesca → Gio     
3x Tori      → Morgan  
8x Alyssa    → Sam     
1x Julia     → Cam     
2x Camille   → Tyler   
3x Victoria  → John    
9x Mikala    → Cameron 
2x Nicole    → Stephen 
3x Emma      → Prosper 
0x Kaylen    → Asaf    
---
-> I[l]/bits: {10: 0.00}
-> E[I]/bits: 0.00
10 lights => I = 0 bits
╭───────────┬──────┬─────┬─────────┬─────┬──────┬────────┬─────────┬─────┬─────────┬───────╮
│           ┆ Asaf ┆ Cam ┆ Cameron ┆ Gio ┆ John ┆ Morgan ┆ Prosper ┆ Sam ┆ Stephen ┆ Tyler │
╞═══════════╪══════╪═════╪═════════╪═════╪══════╪════════╪═════════╪═════╪═════════╪═══════╡
│[48;2;41;44;60m Alyssa    [49m┆[48;2;41;44;60m[38;5;9m  0   [49m[39m┆[48;2;41;44;60m[38;5;9m  0  [49m[39m┆[48;2;41;44;60m[38;5;9m  0      [49m[39m┆[48;2;41;44;60m[38;5;9m  0  [49m[39m┆[48;2;41;44;60m[38;5;9m  0   [49m[39m┆[48;2;41;44;60m[38;5;9m  0     [49m[39m┆[48;2;41;44;60m[38;5;9m  0      [49m[39m┆[48;2;41;44;60m[38;5;10m 100 [49m[39m┆[48;2;41;44;60m[38;5;9m  0      [49m[39m┆[48;2;41;44;60m[38;5;9m  0    [49m[39m│
│ Camille   ┆[38;5;9m  0   [39m┆[38;5;9m  0  [39m┆[38;5;9m  0      [39m┆[38;5;9m  0  [39m┆[38;5;9m  0   [39m┆[38;5;9m  0     [39m┆[38;5;9m  0      [39m┆[38;5;9m  0  [39m┆[38;5;9m  0      [39m┆[38;5;10m 100   [39m│
│[48;2;41;44;60m Emma      [49m┆[48;2;41;44;60m[38;5;9m  0   [49m[39m┆[48;2;41;44;60m[38;5;9m  0  [49m[39m┆[48;2;41;44;60m[38;5;9m  0      [49m[39m┆[48;2;41;44;60m[38;5;9m  0  [49m[39m┆[48;2;41;44;60m[38;5;9m  0   [49m[39m┆[48;2;41;44;60m[38;5;9m  0     [49m[39m┆[48;2;41;44;60m[38;5;10m 100     [49m[39m┆[48;2;41;44;60m[38;5;9m  0  [49m[39m┆[48;2;41;44;60m[38;5;9m  0      [49m[39m┆[48;2;41;44;60m[38;5;9m  0    [49m[39m│
│ Francesca ┆[38;5;9m  0   [39m┆[38;5;9m  0  [39m┆[38;5;9m  0      [39m┆[38;5;10m 100 [39m┆[38;5;9m  0   [39m┆[38;5;9m  0     [39m┆[38;5;9m  0      [39m┆[38;5;9m  0  [39m┆[38;5;9m  0      [39m┆[38;5;9m  0    [39m│
│[48;2;41;44;60m Julia     [49m┆[48;2;41;44;60m[38;5;9m  0   [49m[39m┆[48;2;41;44;60m[38;5;10m 100 [49m[39m┆[48;2;41;44;60m[38;5;9m  0      [49m[39m┆[48;2;41;44;60m[38;5;9m  0  [49m[39m┆[48;2;41;44;60m[38;5;9m  0   [49m[39m┆[48;2;41;44;60m[38;5;9m  0     [49m[39m┆[48;2;41;44;60m[38;5;9m  0      [49m[39m┆[48;2;41;44;60m[38;5;9m  0  [49m[39m┆[48;2;41;44;60m[38;5;9m  0      [49m[39m┆[48;2;41;44;60m[38;5;9m  0    [49m[39m│
│ Kaylen    ┆[38;5;10m 100  [39m┆[38;5;9m  0  [39m┆[38;5;9m  0      [39m┆[38;5;9m  0  [39m┆[38;5;9m  0   [39m┆[38;5;9m  0     [39m┆[38;5;9m  0      [39m┆[38;5;9m  0  [39m┆[38;5;9m  0      [39m┆[38;5;9m  0    [39m│
│[48;2;41;44;60m Mikala    [49m┆[48;2;41;44;60m[38;5;9m  0   [49m[39m┆[48;2;41;44;60m[38;5;9m  0  [49m[39m┆[48;2;41;44;60m[38;5;10m 100     [49m[39m┆[48;2;41;44;60m[38;5;9m  0  [49m[39m┆[48;2;41;44;60m[38;5;9m  0   [49m[39m┆[48;2;41;44;60m[38;5;9m  0     [49m[39m┆[48;2;41;44;60m[38;5;9m  0      [49m[39m┆[48;2;41;44;60m[38;5;9m  0  [49m[39m┆[48;2;41;44;60m[38;5;9m  0      [49m[39m┆[48;2;41;44;60m[38;5;9m  0    [49m[39m│
│ Nicole    ┆[38;5;9m  0   [39m┆[38;5;9m  0  [39m┆[38;5;9m  0      [39m┆[38;5;9m  0  [39m┆[38;5;9m  0   [39m┆[38;5;9m  0     [39m┆[38;5;9m  0      [39m┆[38;5;9m  0  [39m┆[38;5;10m 100     [39m┆[38;5;9m  0    [39m│
│[48;2;41;44;60m Tori      [49m┆[48;2;41;44;60m[38;5;9m  0   [49m[39m┆[48;2;41;44;60m[38;5;9m  0  [49m[39m┆[48;2;41;44;60m[38;5;9m  0      [49m[39m┆[48;2;41;44;60m[38;5;9m  0  [49m[39m┆[48;2;41;44;60m[38;5;9m  0   [49m[39m┆[48;2;41;44;60m[38;5;10m 100    [49m[39m┆[48;2;41;44;60m[38;5;9m  0      [49m[39m┆[48;2;41;44;60m[38;5;9m  0  [49m[39m┆[48;2;41;44;60m[38;5;9m  0      [49m[39m┆[48;2;41;44;60m[38;5;9m  0    [49m[39m│
│ Victoria  ┆[38;5;9m  0   [39m┆[38;5;9m  0  [39m┆[38;5;9m  0      [39m┆[38;5;9m  0  [39m┆[38;5;10m 100  [39m┆[38;5;9m  0     [39m┆[38;5;9m  0      [39m┆[38;5;9m  0  [39m┆[38;5;9m  0      [39m┆[38;5;9m  0    [39m│
╰───────────┴──────┴─────┴─────────┴─────┴──────┴────────┴─────────┴─────┴─────────┴───────╯
1 left -> 0 bits left

╭─────────┬────┬─────────┬──────────┬──────────┬───────────┬──────────┬──────────┬──────────┬──────────┬──────────┬──────────┬───┬────────┬──────┬──────────╮
│         ┆  L ┆  Alyssa ┆  Camille ┆   Emma   ┆ Francesca ┆   Julia  ┆  Kaylen  ┆  Mikala  ┆  Nicole  ┆   Tori   ┆ Victoria ┆   ┆    I   ┆ #new ┆ min dist │
╞═════════╪════╪═════════╪══════════╪══════════╪═══════════╪══════════╪══════════╪══════════╪══════════╪══════════╪══════════╪═══╪════════╪══════╪══════════╡
│[48;2;41;44;60m MB#1.0  [49m┆[48;2;41;44;60m[38;5;9m 0  [49m[39m┆[48;2;41;44;60m         [49m┆[48;2;41;44;60m          [49m┆[48;2;41;44;60m          [49m┆[48;2;41;44;60m           [49m┆[48;2;41;44;60m          [49m┆[48;2;41;44;60m          [49m┆[48;2;41;44;60m          [49m┆[48;2;41;44;60m          [49m┆[48;2;41;44;60m Prosper  [49m┆[48;2;41;44;60m          [49m┆[48;2;41;44;60m   [49m┆[48;2;41;44;60m 0.152  [49m┆[48;2;41;44;60m      [49m┆[48;2;41;44;60m          [49m│
│ MN#1.0  ┆ 3  ┆ Sam*    ┆ Prosper* ┆ John*    ┆ Asaf*     ┆ Morgan*  ┆ Gio*     ┆ Cameron* ┆ Stephen* ┆ Tyler*   ┆ Cam*     ┆   ┆ 3.9926 ┆ 10   ┆          │
│[48;2;41;44;60m MB#2.0  [49m┆[48;2;41;44;60m[38;5;9m 0  [49m[39m┆[48;2;41;44;60m         [49m┆[48;2;41;44;60m          [49m┆[48;2;41;44;60m          [49m┆[48;2;41;44;60m           [49m┆[48;2;41;44;60m John     [49m┆[48;2;41;44;60m          [49m┆[48;2;41;44;60m          [49m┆[48;2;41;44;60m          [49m┆[48;2;41;44;60m          [49m┆[48;2;41;44;60m          [49m┆[48;2;41;44;60m   [49m┆[48;2;41;44;60m 0.1173 [49m┆[48;2;41;44;60m      [49m┆[48;2;41;44;60m          [49m│
│ MN#2.0  ┆ 3  ┆ Morgan* ┆ Asaf*    ┆ Prosper* ┆ Sam*      ┆ Cam*     ┆ Gio      ┆ Cameron  ┆ John*    ┆ Stephen* ┆ Tyler*   ┆   ┆ 3.5129 ┆ 8    ┆ 8/MN#1   │
│[48;2;41;44;60m MB#3.0  [49m┆[48;2;41;44;60m[38;5;10m 1  [49m[39m┆[48;2;41;44;60m         [49m┆[48;2;41;44;60m          [49m┆[48;2;41;44;60m          [49m┆[48;2;41;44;60m           [49m┆[48;2;41;44;60m          [49m┆[48;2;41;44;60m          [49m┆[48;2;41;44;60m Cameron  [49m┆[48;2;41;44;60m          [49m┆[48;2;41;44;60m          [49m┆[48;2;41;44;60m          [49m┆[48;2;41;44;60m   [49m┆[48;2;41;44;60m 0.7209 [49m┆[48;2;41;44;60m      [49m┆[48;2;41;44;60m          [49m│
│ MN#3.0  ┆ 4  ┆ Sam     ┆ Asaf     ┆ Prosper  ┆ Morgan*   ┆ Tyler*   ┆ Gio      ┆ Cameron  ┆ Cam*     ┆ Stephen  ┆ John*    ┆   ┆ 2.9859 ┆ 4    ┆ 5/MN#2   │
│[48;2;41;44;60m MB#4.0  [49m┆[48;2;41;44;60m[38;5;9m 0  [49m[39m┆[48;2;41;44;60m         [49m┆[48;2;41;44;60m          [49m┆[48;2;41;44;60m          [49m┆[48;2;41;44;60m           [49m┆[48;2;41;44;60m          [49m┆[48;2;41;44;60m          [49m┆[48;2;41;44;60m          [49m┆[48;2;41;44;60m          [49m┆[48;2;41;44;60m Asaf     [49m┆[48;2;41;44;60m          [49m┆[48;2;41;44;60m   [49m┆[48;2;41;44;60m 0.1383 [49m┆[48;2;41;44;60m      [49m┆[48;2;41;44;60m          [49m│
│ MN#4.0  ┆ 4  ┆ Sam     ┆ Asaf     ┆ Cam*     ┆ Tyler*    ┆ Stephen* ┆ Gio      ┆ Cameron  ┆ Prosper* ┆ Morgan*  ┆ John     ┆   ┆ 2.3964 ┆ 5    ┆ 5/MN#3   │
│[48;2;41;44;60m MB#5.0  [49m┆[48;2;41;44;60m[38;5;9m 0  [49m[39m┆[48;2;41;44;60m         [49m┆[48;2;41;44;60m          [49m┆[48;2;41;44;60m          [49m┆[48;2;41;44;60m           [49m┆[48;2;41;44;60m          [49m┆[48;2;41;44;60m Gio      [49m┆[48;2;41;44;60m          [49m┆[48;2;41;44;60m          [49m┆[48;2;41;44;60m          [49m┆[48;2;41;44;60m          [49m┆[48;2;41;44;60m   [49m┆[48;2;41;44;60m 1.585  [49m┆[48;2;41;44;60m      [49m┆[48;2;41;44;60m          [49m│
│ MN#5.0  ┆ 4  ┆ Sam     ┆ Asaf     ┆ Cam      ┆ Gio*      ┆ Morgan   ┆ Tyler*   ┆ Cameron  ┆ Stephen  ┆ John*    ┆ Prosper* ┆   ┆ 1.7975 ┆ 4    ┆ 6/MN#1   │
│[48;2;41;44;60m MB#6.0  [49m┆[48;2;41;44;60m[38;5;10m 1  [49m[39m┆[48;2;41;44;60m Sam     [49m┆[48;2;41;44;60m          [49m┆[48;2;41;44;60m          [49m┆[48;2;41;44;60m           [49m┆[48;2;41;44;60m          [49m┆[48;2;41;44;60m          [49m┆[48;2;41;44;60m          [49m┆[48;2;41;44;60m          [49m┆[48;2;41;44;60m          [49m┆[48;2;41;44;60m          [49m┆[48;2;41;44;60m   [49m┆[48;2;41;44;60m 0.2224 [49m┆[48;2;41;44;60m      [49m┆[48;2;41;44;60m          [49m│
│ MN#6.0  ┆ 4  ┆ Sam     ┆ Asaf     ┆ John     ┆ Gio       ┆ Stephen  ┆ Prosper* ┆ Cameron  ┆ Tyler*   ┆ Morgan   ┆ Cam      ┆   ┆ 1.1699 ┆ 2    ┆ 5/MN#4   │
│[48;2;41;44;60m MB#7.0  [49m┆[48;2;41;44;60m[38;5;9m 0  [49m[39m┆[48;2;41;44;60m         [49m┆[48;2;41;44;60m          [49m┆[48;2;41;44;60m          [49m┆[48;2;41;44;60m           [49m┆[48;2;41;44;60m          [49m┆[48;2;41;44;60m          [49m┆[48;2;41;44;60m          [49m┆[48;2;41;44;60m          [49m┆[48;2;41;44;60m          [49m┆[48;2;41;44;60m Cam      [49m┆[48;2;41;44;60m   [49m┆[48;2;41;44;60m 0.415  [49m┆[48;2;41;44;60m      [49m┆[48;2;41;44;60m          [49m│
│ MN#7.0  ┆ 4  ┆ Sam     ┆ Tyler*   ┆ Gio*     ┆ Asaf      ┆ Stephen  ┆ John*    ┆ Cameron  ┆ Cam      ┆ Morgan   ┆ Prosper  ┆   ┆ 2.585  ┆ 3    ┆ 6/MN#4   │
│[48;2;41;44;60m MB#8.0  [49m┆[48;2;41;44;60m[38;5;9m 0  [49m[39m┆[48;2;41;44;60m         [49m┆[48;2;41;44;60m          [49m┆[48;2;41;44;60m          [49m┆[48;2;41;44;60m           [49m┆[48;2;41;44;60m Gio      [49m┆[48;2;41;44;60m          [49m┆[48;2;41;44;60m          [49m┆[48;2;41;44;60m          [49m┆[48;2;41;44;60m          [49m┆[48;2;41;44;60m          [49m┆[48;2;41;44;60m   [49m┆[48;2;41;44;60m 0      [49m┆[48;2;41;44;60m      [49m┆[48;2;41;44;60m          [49m│
│ MN#8.0  ┆ 2  ┆ Sam     ┆ Asaf     ┆ Tyler*   ┆ Prosper*  ┆ Stephen  ┆ John     ┆ Cameron  ┆ Gio*     ┆ Cam*     ┆ Morgan*  ┆   ┆ 0      ┆ 5    ┆ 6/MN#4   │
│[48;2;41;44;60m MB#9.0  [49m┆[48;2;41;44;60m[38;5;10m 1  [49m[39m┆[48;2;41;44;60m         [49m┆[48;2;41;44;60m          [49m┆[48;2;41;44;60m Prosper  [49m┆[48;2;41;44;60m           [49m┆[48;2;41;44;60m          [49m┆[48;2;41;44;60m          [49m┆[48;2;41;44;60m          [49m┆[48;2;41;44;60m          [49m┆[48;2;41;44;60m          [49m┆[48;2;41;44;60m          [49m┆[48;2;41;44;60m   [49m┆[48;2;41;44;60m 0      [49m┆[48;2;41;44;60m      [49m┆[48;2;41;44;60m          [49m│
│ MN#9.0  ┆ 6  ┆ Sam     ┆ Tyler    ┆ Prosper  ┆ Gio       ┆ Morgan   ┆ Stephen* ┆ Cameron  ┆ Cam      ┆ Asaf     ┆ John     ┆   ┆ 0      ┆ 1    ┆ 5/MN#3   │
│[48;2;41;44;60m MB#10.0 [49m┆[48;2;41;44;60m[38;5;10m 1  [49m[39m┆[48;2;41;44;60m         [49m┆[48;2;41;44;60m          [49m┆[48;2;41;44;60m          [49m┆[48;2;41;44;60m           [49m┆[48;2;41;44;60m Cam      [49m┆[48;2;41;44;60m          [49m┆[48;2;41;44;60m          [49m┆[48;2;41;44;60m          [49m┆[48;2;41;44;60m          [49m┆[48;2;41;44;60m          [49m┆[48;2;41;44;60m   [49m┆[48;2;41;44;60m 0      [49m┆[48;2;41;44;60m      [49m┆[48;2;41;44;60m          [49m│
│ MN#10.0 ┆ 10 ┆ Sam     ┆ Tyler    ┆ Prosper  ┆ Gio       ┆ Cam      ┆ Asaf*    ┆ Cameron  ┆ Stephen  ┆ Morgan   ┆ John     ┆   ┆ 0      ┆ 1    ┆ 4/MN#9   │
╰─────────┴────┴─────────┴──────────┴──────────┴───────────┴──────────┴──────────┴──────────┴──────────┴──────────┴──────────┴───┴────────┴──────┴──────────╯
╭─────────┬────┬────────────┬───────────┬─────────┬────────────┬───────────┬────────────┬────────────┬────────────┬─────────┬────────────┬───┬────────┬──────┬──────────╮
│         ┆  L ┆    Asaf    ┆    Cam    ┆ Cameron ┆     Gio    ┆    John   ┆   Morgan   ┆   Prosper  ┆     Sam    ┆ Stephen ┆    Tyler   ┆   ┆    I   ┆ #new ┆ min dist │
╞═════════╪════╪════════════╪═══════════╪═════════╪════════════╪═══════════╪════════════╪════════════╪════════════╪═════════╪════════════╪═══╪════════╪══════╪══════════╡
│[48;2;41;44;60m MB#1.0  [49m┆[48;2;41;44;60m[38;5;9m 0  [49m[39m┆[48;2;41;44;60m            [49m┆[48;2;41;44;60m           [49m┆[48;2;41;44;60m         [49m┆[48;2;41;44;60m            [49m┆[48;2;41;44;60m           [49m┆[48;2;41;44;60m            [49m┆[48;2;41;44;60m Tori       [49m┆[48;2;41;44;60m            [49m┆[48;2;41;44;60m         [49m┆[48;2;41;44;60m            [49m┆[48;2;41;44;60m   [49m┆[48;2;41;44;60m 0.152  [49m┆[48;2;41;44;60m      [49m┆[48;2;41;44;60m          [49m│
│ MN#1.0  ┆ 3  ┆ Francesca* ┆ Victoria* ┆ Mikala* ┆ Kaylen*    ┆ Emma*     ┆ Julia*     ┆ Camille*   ┆ Alyssa*    ┆ Nicole* ┆ Tori*      ┆   ┆ 3.9926 ┆ 10   ┆          │
│[48;2;41;44;60m MB#2.0  [49m┆[48;2;41;44;60m[38;5;9m 0  [49m[39m┆[48;2;41;44;60m            [49m┆[48;2;41;44;60m           [49m┆[48;2;41;44;60m         [49m┆[48;2;41;44;60m            [49m┆[48;2;41;44;60m Julia     [49m┆[48;2;41;44;60m            [49m┆[48;2;41;44;60m            [49m┆[48;2;41;44;60m            [49m┆[48;2;41;44;60m         [49m┆[48;2;41;44;60m            [49m┆[48;2;41;44;60m   [49m┆[48;2;41;44;60m 0.1173 [49m┆[48;2;41;44;60m      [49m┆[48;2;41;44;60m          [49m│
│ MN#2.0  ┆ 3  ┆ Camille*   ┆ Julia*    ┆ Mikala  ┆ Kaylen     ┆ Nicole*   ┆ Alyssa*    ┆ Emma*      ┆ Francesca* ┆ Tori*   ┆ Victoria*  ┆   ┆ 3.5129 ┆ 8    ┆ 8/MN#1   │
│[48;2;41;44;60m MB#3.0  [49m┆[48;2;41;44;60m[38;5;10m 1  [49m[39m┆[48;2;41;44;60m            [49m┆[48;2;41;44;60m           [49m┆[48;2;41;44;60m Mikala  [49m┆[48;2;41;44;60m            [49m┆[48;2;41;44;60m           [49m┆[48;2;41;44;60m            [49m┆[48;2;41;44;60m            [49m┆[48;2;41;44;60m            [49m┆[48;2;41;44;60m         [49m┆[48;2;41;44;60m            [49m┆[48;2;41;44;60m   [49m┆[48;2;41;44;60m 0.7209 [49m┆[48;2;41;44;60m      [49m┆[48;2;41;44;60m          [49m│
│ MN#3.0  ┆ 4  ┆ Camille    ┆ Nicole*   ┆ Mikala  ┆ Kaylen     ┆ Victoria* ┆ Francesca* ┆ Emma       ┆ Alyssa     ┆ Tori    ┆ Julia*     ┆   ┆ 2.9859 ┆ 4    ┆ 5/MN#2   │
│[48;2;41;44;60m MB#4.0  [49m┆[48;2;41;44;60m[38;5;9m 0  [49m[39m┆[48;2;41;44;60m Tori       [49m┆[48;2;41;44;60m           [49m┆[48;2;41;44;60m         [49m┆[48;2;41;44;60m            [49m┆[48;2;41;44;60m           [49m┆[48;2;41;44;60m            [49m┆[48;2;41;44;60m            [49m┆[48;2;41;44;60m            [49m┆[48;2;41;44;60m         [49m┆[48;2;41;44;60m            [49m┆[48;2;41;44;60m   [49m┆[48;2;41;44;60m 0.1383 [49m┆[48;2;41;44;60m      [49m┆[48;2;41;44;60m          [49m│
│ MN#4.0  ┆ 4  ┆ Camille    ┆ Emma*     ┆ Mikala  ┆ Kaylen     ┆ Victoria  ┆ Tori*      ┆ Nicole*    ┆ Alyssa     ┆ Julia*  ┆ Francesca* ┆   ┆ 2.3964 ┆ 5    ┆ 5/MN#3   │
│[48;2;41;44;60m MB#5.0  [49m┆[48;2;41;44;60m[38;5;9m 0  [49m[39m┆[48;2;41;44;60m            [49m┆[48;2;41;44;60m           [49m┆[48;2;41;44;60m         [49m┆[48;2;41;44;60m Kaylen     [49m┆[48;2;41;44;60m           [49m┆[48;2;41;44;60m            [49m┆[48;2;41;44;60m            [49m┆[48;2;41;44;60m            [49m┆[48;2;41;44;60m         [49m┆[48;2;41;44;60m            [49m┆[48;2;41;44;60m   [49m┆[48;2;41;44;60m 1.585  [49m┆[48;2;41;44;60m      [49m┆[48;2;41;44;60m          [49m│
│ MN#5.0  ┆ 4  ┆ Camille    ┆ Emma      ┆ Mikala  ┆ Francesca* ┆ Tori*     ┆ Julia      ┆ Victoria*  ┆ Alyssa     ┆ Nicole  ┆ Kaylen*    ┆   ┆ 1.7975 ┆ 4    ┆ 6/MN#1   │
│[48;2;41;44;60m MB#6.0  [49m┆[48;2;41;44;60m[38;5;10m 1  [49m[39m┆[48;2;41;44;60m            [49m┆[48;2;41;44;60m           [49m┆[48;2;41;44;60m         [49m┆[48;2;41;44;60m            [49m┆[48;2;41;44;60m           [49m┆[48;2;41;44;60m            [49m┆[48;2;41;44;60m            [49m┆[48;2;41;44;60m Alyssa     [49m┆[48;2;41;44;60m         [49m┆[48;2;41;44;60m            [49m┆[48;2;41;44;60m   [49m┆[48;2;41;44;60m 0.2224 [49m┆[48;2;41;44;60m      [49m┆[48;2;41;44;60m          [49m│
│ MN#6.0  ┆ 4  ┆ Camille    ┆ Victoria  ┆ Mikala  ┆ Francesca  ┆ Emma      ┆ Tori       ┆ Kaylen*    ┆ Alyssa     ┆ Julia   ┆ Nicole*    ┆   ┆ 1.1699 ┆ 2    ┆ 5/MN#4   │
│[48;2;41;44;60m MB#7.0  [49m┆[48;2;41;44;60m[38;5;9m 0  [49m[39m┆[48;2;41;44;60m            [49m┆[48;2;41;44;60m Victoria  [49m┆[48;2;41;44;60m         [49m┆[48;2;41;44;60m            [49m┆[48;2;41;44;60m           [49m┆[48;2;41;44;60m            [49m┆[48;2;41;44;60m            [49m┆[48;2;41;44;60m            [49m┆[48;2;41;44;60m         [49m┆[48;2;41;44;60m            [49m┆[48;2;41;44;60m   [49m┆[48;2;41;44;60m 0.415  [49m┆[48;2;41;44;60m      [49m┆[48;2;41;44;60m          [49m│
│ MN#7.0  ┆ 4  ┆ Francesca  ┆ Nicole    ┆ Mikala  ┆ Emma*      ┆ Kaylen*   ┆ Tori       ┆ Victoria   ┆ Alyssa     ┆ Julia   ┆ Camille*   ┆   ┆ 2.585  ┆ 3    ┆ 6/MN#4   │
│[48;2;41;44;60m MB#8.0  [49m┆[48;2;41;44;60m[38;5;9m 0  [49m[39m┆[48;2;41;44;60m            [49m┆[48;2;41;44;60m           [49m┆[48;2;41;44;60m         [49m┆[48;2;41;44;60m Julia      [49m┆[48;2;41;44;60m           [49m┆[48;2;41;44;60m            [49m┆[48;2;41;44;60m            [49m┆[48;2;41;44;60m            [49m┆[48;2;41;44;60m         [49m┆[48;2;41;44;60m            [49m┆[48;2;41;44;60m   [49m┆[48;2;41;44;60m 0      [49m┆[48;2;41;44;60m      [49m┆[48;2;41;44;60m          [49m│
│ MN#8.0  ┆ 2  ┆ Camille    ┆ Tori*     ┆ Mikala  ┆ Nicole*    ┆ Kaylen    ┆ Victoria*  ┆ Francesca* ┆ Alyssa     ┆ Julia   ┆ Emma*      ┆   ┆ 0      ┆ 5    ┆ 6/MN#4   │
│[48;2;41;44;60m MB#9.0  [49m┆[48;2;41;44;60m[38;5;10m 1  [49m[39m┆[48;2;41;44;60m            [49m┆[48;2;41;44;60m           [49m┆[48;2;41;44;60m         [49m┆[48;2;41;44;60m            [49m┆[48;2;41;44;60m           [49m┆[48;2;41;44;60m            [49m┆[48;2;41;44;60m Emma       [49m┆[48;2;41;44;60m            [49m┆[48;2;41;44;60m         [49m┆[48;2;41;44;60m            [49m┆[48;2;41;44;60m   [49m┆[48;2;41;44;60m 0      [49m┆[48;2;41;44;60m      [49m┆[48;2;41;44;60m          [49m│
│ MN#9.0  ┆ 6  ┆ Tori       ┆ Nicole    ┆ Mikala  ┆ Francesca  ┆ Victoria  ┆ Julia      ┆ Emma       ┆ Alyssa     ┆ Kaylen* ┆ Camille    ┆   ┆ 0      ┆ 1    ┆ 5/MN#3   │
│[48;2;41;44;60m MB#10.0 [49m┆[48;2;41;44;60m[38;5;10m 1  [49m[39m┆[48;2;41;44;60m            [49m┆[48;2;41;44;60m Julia     [49m┆[48;2;41;44;60m         [49m┆[48;2;41;44;60m            [49m┆[48;2;41;44;60m           [49m┆[48;2;41;44;60m            [49m┆[48;2;41;44;60m            [49m┆[48;2;41;44;60m            [49m┆[48;2;41;44;60m         [49m┆[48;2;41;44;60m            [49m┆[48;2;41;44;60m   [49m┆[48;2;41;44;60m 0      [49m┆[48;2;41;44;60m      [49m┆[48;2;41;44;60m          [49m│
│ MN#10.0 ┆ 10 ┆ Kaylen*    ┆ Julia     ┆ Mikala  ┆ Francesca  ┆ Victoria  ┆ Tori       ┆ Emma       ┆ Alyssa     ┆ Nicole  ┆ Camille    ┆   ┆ 0      ┆ 1    ┆ 4/MN#9   │
╰─────────┴────┴────────────┴───────────┴─────────┴────────────┴───────────┴────────────┴────────────┴────────────┴─────────┴────────────┴───┴────────┴──────┴──────────╯
Total permutations: 3628800  Permutations left: 1  Initial combinations for each pair: 362880

Ran in 0.96s
