Could use cache file: None
Writing to cache file: Some("./.cache/dc23e6fece84cfa9.cache")
╭──────────┬──────────┬────────┬───────┬──────┬───────┬───────┬───────┬──────────┬─────────┬───────┬────────╮
│          ┆[48;2;74;68;89m Adrianna [49m┆[48;2;74;68;89m Alicia [49m┆[48;2;74;68;89m Elena [49m┆[48;2;74;68;89m Ella [49m┆[48;2;74;68;89m Laura [49m┆[48;2;74;68;89m Linda [49m┆[48;2;74;68;89m Marla [49m┆[48;2;74;68;89m Michelle [49m┆[48;2;74;68;89m Tiziana [49m┆[48;2;74;68;89m Tonia [49m┆[48;2;74;68;89m Aurora [49m│
╞══════════╪══════════╪════════╪═══════╪══════╪═══════╪═══════╪═══════╪══════════╪═════════╪═══════╪════════╡
│[48;2;69;76;102m Chris    [49m┆[48;2;65;77;71m 10       [49m┆[48;2;65;77;71m 10     [49m┆[48;2;65;77;71m 10    [49m┆[48;2;65;77;71m 10   [49m┆[48;2;65;77;71m 10    [49m┆[48;2;65;77;71m 10    [49m┆[48;2;65;77;71m 10    [49m┆[48;2;65;77;71m 10       [49m┆[48;2;65;77;71m 10      [49m┆[48;2;65;77;71m 10    [49m┆[48;2;65;77;71m 10     [49m│
│[48;2;69;76;102m Ema      [49m┆[48;2;65;77;71m 10       [49m┆[48;2;65;77;71m 10     [49m┆[48;2;65;77;71m 10    [49m┆[48;2;65;77;71m 10   [49m┆[48;2;65;77;71m 10    [49m┆[48;2;65;77;71m 10    [49m┆[48;2;65;77;71m 10    [49m┆[48;2;65;77;71m 10       [49m┆[48;2;65;77;71m 10      [49m┆[48;2;65;77;71m 10    [49m┆[48;2;65;77;71m 10     [49m│
│[48;2;69;76;102m Evi      [49m┆[48;2;65;77;71m 10       [49m┆[48;2;65;77;71m 10     [49m┆[48;2;65;77;71m 10    [49m┆[48;2;65;77;71m 10   [49m┆[48;2;65;77;71m 10    [49m┆[48;2;65;77;71m 10    [49m┆[48;2;65;77;71m 10    [49m┆[48;2;65;77;71m 10       [49m┆[48;2;65;77;71m 10      [49m┆[48;2;65;77;71m 10    [49m┆[48;2;65;77;71m 10     [49m│
│[48;2;69;76;102m Jeronymo [49m┆[48;2;65;77;71m 10       [49m┆[48;2;65;77;71m 10     [49m┆[48;2;65;77;71m 10    [49m┆[48;2;65;77;71m 10   [49m┆[48;2;65;77;71m 10    [49m┆[48;2;65;77;71m 10    [49m┆[48;2;65;77;71m 10    [49m┆[48;2;65;77;71m 10       [49m┆[48;2;65;77;71m 10      [49m┆[48;2;65;77;71m 10    [49m┆[48;2;65;77;71m 10     [49m│
│[48;2;69;76;102m Jerry    [49m┆[48;2;65;77;71m 10       [49m┆[48;2;65;77;71m 10     [49m┆[48;2;65;77;71m 10    [49m┆[48;2;65;77;71m 10   [49m┆[48;2;65;77;71m 10    [49m┆[48;2;65;77;71m 10    [49m┆[48;2;65;77;71m 10    [49m┆[48;2;65;77;71m 10       [49m┆[48;2;65;77;71m 10      [49m┆[48;2;65;77;71m 10    [49m┆[48;2;65;77;71m 10     [49m│
│[48;2;69;76;102m JulianM  [49m┆[48;2;65;77;71m 10       [49m┆[48;2;65;77;71m 10     [49m┆[48;2;65;77;71m 10    [49m┆[48;2;65;77;71m 10   [49m┆[48;2;65;77;71m 10    [49m┆[48;2;65;77;71m 10    [49m┆[48;2;65;77;71m 10    [49m┆[48;2;65;77;71m 10       [49m┆[48;2;65;77;71m 10      [49m┆[48;2;65;77;71m 10    [49m┆[48;2;65;77;71m 10     [49m│
│[48;2;69;76;102m Julian   [49m┆[48;2;65;77;71m 10       [49m┆[48;2;65;77;71m 10     [49m┆[48;2;65;77;71m 10    [49m┆[48;2;65;77;71m 10   [49m┆[48;2;65;77;71m 10    [49m┆[48;2;65;77;71m 10    [49m┆[48;2;65;77;71m 10    [49m┆[48;2;65;77;71m 10       [49m┆[48;2;65;77;71m 10      [49m┆[48;2;65;77;71m 10    [49m┆[48;2;65;77;71m 10     [49m│
│[48;2;69;76;102m Luke     [49m┆[48;2;65;77;71m 10       [49m┆[48;2;65;77;71m 10     [49m┆[48;2;65;77;71m 10    [49m┆[48;2;65;77;71m 10   [49m┆[48;2;65;77;71m 10    [49m┆[48;2;65;77;71m 10    [49m┆[48;2;65;77;71m 10    [49m┆[48;2;65;77;71m 10       [49m┆[48;2;65;77;71m 10      [49m┆[48;2;65;77;71m 10    [49m┆[48;2;65;77;71m 10     [49m│
│[48;2;69;76;102m Meji     [49m┆[48;2;65;77;71m 10       [49m┆[48;2;65;77;71m 10     [49m┆[48;2;65;77;71m 10    [49m┆[48;2;65;77;71m 10   [49m┆[48;2;65;77;71m 10    [49m┆[48;2;65;77;71m 10    [49m┆[48;2;65;77;71m 10    [49m┆[48;2;65;77;71m 10       [49m┆[48;2;65;77;71m 10      [49m┆[48;2;65;77;71m 10    [49m┆[48;2;65;77;71m 10     [49m│
│[48;2;69;76;102m Noel     [49m┆[48;2;65;77;71m 10       [49m┆[48;2;65;77;71m 10     [49m┆[48;2;65;77;71m 10    [49m┆[48;2;65;77;71m 10   [49m┆[48;2;65;77;71m 10    [49m┆[48;2;65;77;71m 10    [49m┆[48;2;65;77;71m 10    [49m┆[48;2;65;77;71m 10       [49m┆[48;2;65;77;71m 10      [49m┆[48;2;65;77;71m 10    [49m┆[48;2;65;77;71m 10     [49m│
╰──────────┴──────────┴────────┴───────┴──────┴───────┴───────┴───────┴──────────┴─────────┴───────┴────────╯
199584000 left -> 27.5724 bits left

MB#1.0 E03
Evi → Tiziana 
---
-> I[l]/bits: {0: 0.15, 1: 3.32}
-> E[I]/bits: 0.47
0 lights => I = 0.152 bits
╭──────────┬──────────┬────────┬────────┬────────┬────────┬────────┬────────┬──────────┬─────────┬────────┬────────╮
│          ┆[48;2;74;68;89m Adrianna [49m┆[48;2;74;68;89m Alicia [49m┆[48;2;74;68;89m  Elena [49m┆[48;2;74;68;89m  Ella  [49m┆[48;2;74;68;89m  Laura [49m┆[48;2;74;68;89m  Linda [49m┆[48;2;74;68;89m  Marla [49m┆[48;2;74;68;89m Michelle [49m┆[48;2;74;68;89m Tiziana [49m┆[48;2;74;68;89m  Tonia [49m┆[48;2;74;68;89m Aurora [49m│
╞══════════╪══════════╪════════╪════════╪════════╪════════╪════════╪════════╪══════════╪═════════╪════════╪════════╡
│[48;2;69;76;102m Chris    [49m┆[48;2;41;44;60m  9.899   [49m┆[48;2;41;44;60m  9.899 [49m┆[48;2;41;44;60m  9.899 [49m┆[48;2;41;44;60m  9.899 [49m┆[48;2;41;44;60m  9.899 [49m┆[48;2;41;44;60m  9.899 [49m┆[48;2;41;44;60m  9.899 [49m┆[48;2;41;44;60m  9.899   [49m┆[48;2;65;77;71m 11.111  [49m┆[48;2;41;44;60m  9.899 [49m┆[48;2;41;44;60m  9.899 [49m│
│[48;2;69;76;102m Ema      [49m┆  9.899   ┆  9.899 ┆  9.899 ┆  9.899 ┆  9.899 ┆  9.899 ┆  9.899 ┆  9.899   ┆[48;2;65;77;71m 11.111  [49m┆  9.899 ┆  9.899 │
│[48;2;69;76;102m Evi      [49m┆[48;2;65;77;71m 10.909   [49m┆[48;2;65;77;71m 10.909 [49m┆[48;2;65;77;71m 10.909 [49m┆[48;2;65;77;71m 10.909 [49m┆[48;2;65;77;71m 10.909 [49m┆[48;2;65;77;71m 10.909 [49m┆[48;2;65;77;71m 10.909 [49m┆[48;2;65;77;71m 10.909   [49m┆[48;2;41;44;60m[38;5;9m  0      [49m[39m┆[48;2;65;77;71m 10.909 [49m┆[48;2;65;77;71m 10.909 [49m│
│[48;2;69;76;102m Jeronymo [49m┆  9.899   ┆  9.899 ┆  9.899 ┆  9.899 ┆  9.899 ┆  9.899 ┆  9.899 ┆  9.899   ┆[48;2;65;77;71m 11.111  [49m┆  9.899 ┆  9.899 │
│[48;2;69;76;102m Jerry    [49m┆[48;2;41;44;60m  9.899   [49m┆[48;2;41;44;60m  9.899 [49m┆[48;2;41;44;60m  9.899 [49m┆[48;2;41;44;60m  9.899 [49m┆[48;2;41;44;60m  9.899 [49m┆[48;2;41;44;60m  9.899 [49m┆[48;2;41;44;60m  9.899 [49m┆[48;2;41;44;60m  9.899   [49m┆[48;2;65;77;71m 11.111  [49m┆[48;2;41;44;60m  9.899 [49m┆[48;2;41;44;60m  9.899 [49m│
│[48;2;69;76;102m JulianM  [49m┆  9.899   ┆  9.899 ┆  9.899 ┆  9.899 ┆  9.899 ┆  9.899 ┆  9.899 ┆  9.899   ┆[48;2;65;77;71m 11.111  [49m┆  9.899 ┆  9.899 │
│[48;2;69;76;102m Julian   [49m┆[48;2;41;44;60m  9.899   [49m┆[48;2;41;44;60m  9.899 [49m┆[48;2;41;44;60m  9.899 [49m┆[48;2;41;44;60m  9.899 [49m┆[48;2;41;44;60m  9.899 [49m┆[48;2;41;44;60m  9.899 [49m┆[48;2;41;44;60m  9.899 [49m┆[48;2;41;44;60m  9.899   [49m┆[48;2;65;77;71m 11.111  [49m┆[48;2;41;44;60m  9.899 [49m┆[48;2;41;44;60m  9.899 [49m│
│[48;2;69;76;102m Luke     [49m┆  9.899   ┆  9.899 ┆  9.899 ┆  9.899 ┆  9.899 ┆  9.899 ┆  9.899 ┆  9.899   ┆[48;2;65;77;71m 11.111  [49m┆  9.899 ┆  9.899 │
│[48;2;69;76;102m Meji     [49m┆[48;2;41;44;60m  9.899   [49m┆[48;2;41;44;60m  9.899 [49m┆[48;2;41;44;60m  9.899 [49m┆[48;2;41;44;60m  9.899 [49m┆[48;2;41;44;60m  9.899 [49m┆[48;2;41;44;60m  9.899 [49m┆[48;2;41;44;60m  9.899 [49m┆[48;2;41;44;60m  9.899   [49m┆[48;2;65;77;71m 11.111  [49m┆[48;2;41;44;60m  9.899 [49m┆[48;2;41;44;60m  9.899 [49m│
│[48;2;69;76;102m Noel     [49m┆  9.899   ┆  9.899 ┆  9.899 ┆  9.899 ┆  9.899 ┆  9.899 ┆  9.899 ┆  9.899   ┆[48;2;65;77;71m 11.111  [49m┆  9.899 ┆  9.899 │
╰──────────┴──────────┴────────┴────────┴────────┴────────┴────────┴────────┴──────────┴─────────┴────────┴────────╯
179625600 left -> 27.4204 bits left
Pr[]s for unknown dup
top4 Pr[Dup]: 0.2%/362880: Chris -> ["Adrianna", "Tiziana"] | 0.2%/362880: Chris -> ["Alicia", "Tiziana"] | 0.2%/362880: Chris -> ["Elena", "Tiziana"] | 0.2%/362880: Chris -> ["Ella", "Tiziana"]
top5 Pr[Dup]: 1.8%/3265920: ["Adrianna", "Alicia"] | 1.8%/3265920: ["Adrianna", "Elena"] | 1.8%/3265920: ["Adrianna", "Ella"] | 1.8%/3265920: ["Adrianna", "Laura"] | 1.8%/3265920: ["Adrianna", "Linda"]
top5 Pr[Dup]: 18.2%/32659200: Adrianna | 18.2%/32659200: Alicia | 18.2%/32659200: Elena | 18.2%/32659200: Ella | 18.2%/32659200: Laura   / 200 %
top5 Pr[Dup]: 10.1%/18144000: Chris | 10.1%/18144000: Ema | 10.1%/18144000: Jeronymo | 10.1%/18144000: Jerry | 10.1%/18144000: JulianM

MN#1.0 E04
0x Chris    → Linda    
0x Ema      → Michelle 
0x Evi      → Laura    
0x Jeronymo → Tiziana  
0x Jerry    → Elena    
0x Julian   → Aurora   
0x JulianM  → Adrianna 
0x Luke     → Marla    
0x Meji     → Ella     
0x Noel     → Tonia    
---
-> I[l]/bits: {0: 1.47, 1: 1.43, 2: 2.41, 3: 4.01, 4: 6.04, 5: 8.43, 6: 11.12, 7: 14.09, 8: 17.26, 9: 20.94, 10: 24.10}
-> E[I]/bits: 1.89
3 lights => I = 4.0056 bits
╭──────────┬──────────┬────────┬────────┬────────┬────────┬────────┬────────┬──────────┬─────────┬────────┬────────╮
│          ┆[48;2;74;68;89m Adrianna [49m┆[48;2;74;68;89m Alicia [49m┆[48;2;74;68;89m  Elena [49m┆[48;2;74;68;89m  Ella  [49m┆[48;2;74;68;89m  Laura [49m┆[48;2;74;68;89m  Linda [49m┆[48;2;74;68;89m  Marla [49m┆[48;2;74;68;89m Michelle [49m┆[48;2;74;68;89m Tiziana [49m┆[48;2;74;68;89m  Tonia [49m┆[48;2;74;68;89m Aurora [49m│
╞══════════╪══════════╪════════╪════════╪════════╪════════╪════════╪════════╪══════════╪═════════╪════════╪════════╡
│[48;2;69;76;102m Chris    [49m┆[48;2;41;44;60m  7.809   [49m┆[48;2;41;44;60m  9.951 [49m┆[48;2;41;44;60m  7.809 [49m┆[48;2;41;44;60m  7.809 [49m┆[48;2;41;44;60m  7.583 [49m┆[48;2;65;77;71m 29.434 [49m┆[48;2;41;44;60m  7.809 [49m┆[48;2;41;44;60m  7.809   [49m┆[48;2;41;44;60m  8.434  [49m┆[48;2;41;44;60m  7.809 [49m┆[48;2;41;44;60m  7.809 [49m│
│[48;2;69;76;102m Ema      [49m┆  7.809   ┆  9.951 ┆  7.809 ┆  7.809 ┆  7.583 ┆  7.809 ┆  7.809 ┆[48;2;65;77;71m 29.434   [49m┆  8.434  ┆  7.809 ┆  7.809 │
│[48;2;69;76;102m Evi      [49m┆[48;2;41;44;60m  8.32    [49m┆[48;2;74;68;89m 10.689 [49m┆[48;2;41;44;60m  8.32  [49m┆[48;2;41;44;60m  8.32  [49m┆[48;2;65;77;71m 32     [49m┆[48;2;41;44;60m  8.32  [49m┆[48;2;41;44;60m  8.32  [49m┆[48;2;41;44;60m  8.32    [49m┆[48;2;41;44;60m[38;5;9m  0      [49m[39m┆[48;2;41;44;60m  8.32  [49m┆[48;2;41;44;60m  8.32  [49m│
│[48;2;69;76;102m Jeronymo [49m┆  7.583   ┆  9.705 ┆  7.583 ┆  7.583 ┆  7.34  ┆  7.583 ┆  7.583 ┆  7.583   ┆[48;2;65;77;71m 32.53   [49m┆  7.583 ┆  7.583 │
│[48;2;69;76;102m Jerry    [49m┆[48;2;41;44;60m  7.809   [49m┆[48;2;41;44;60m  9.951 [49m┆[48;2;65;77;71m 29.434 [49m┆[48;2;41;44;60m  7.809 [49m┆[48;2;41;44;60m  7.583 [49m┆[48;2;41;44;60m  7.809 [49m┆[48;2;41;44;60m  7.809 [49m┆[48;2;41;44;60m  7.809   [49m┆[48;2;41;44;60m  8.434  [49m┆[48;2;41;44;60m  7.809 [49m┆[48;2;41;44;60m  7.809 [49m│
│[48;2;69;76;102m JulianM  [49m┆[48;2;65;77;71m 29.434   [49m┆  9.951 ┆  7.809 ┆  7.809 ┆  7.583 ┆  7.809 ┆  7.809 ┆  7.809   ┆  8.434  ┆  7.809 ┆  7.809 │
│[48;2;69;76;102m Julian   [49m┆[48;2;41;44;60m  7.809   [49m┆[48;2;41;44;60m  9.951 [49m┆[48;2;41;44;60m  7.809 [49m┆[48;2;41;44;60m  7.809 [49m┆[48;2;41;44;60m  7.583 [49m┆[48;2;41;44;60m  7.809 [49m┆[48;2;41;44;60m  7.809 [49m┆[48;2;41;44;60m  7.809   [49m┆[48;2;41;44;60m  8.434  [49m┆[48;2;41;44;60m  7.809 [49m┆[48;2;65;77;71m 29.434 [49m│
│[48;2;69;76;102m Luke     [49m┆  7.809   ┆  9.951 ┆  7.809 ┆  7.809 ┆  7.583 ┆  7.809 ┆[48;2;65;77;71m 29.434 [49m┆  7.809   ┆  8.434  ┆  7.809 ┆  7.809 │
│[48;2;69;76;102m Meji     [49m┆[48;2;41;44;60m  7.809   [49m┆[48;2;41;44;60m  9.951 [49m┆[48;2;41;44;60m  7.809 [49m┆[48;2;65;77;71m 29.434 [49m┆[48;2;41;44;60m  7.583 [49m┆[48;2;41;44;60m  7.809 [49m┆[48;2;41;44;60m  7.809 [49m┆[48;2;41;44;60m  7.809   [49m┆[48;2;41;44;60m  8.434  [49m┆[48;2;41;44;60m  7.809 [49m┆[48;2;41;44;60m  7.809 [49m│
│[48;2;69;76;102m Noel     [49m┆  7.809   ┆  9.951 ┆  7.809 ┆  7.809 ┆  7.583 ┆  7.809 ┆  7.809 ┆  7.809   ┆  8.434  ┆[48;2;65;77;71m 29.434 [49m┆  7.809 │
╰──────────┴──────────┴────────┴────────┴────────┴────────┴────────┴────────┴──────────┴─────────┴────────┴────────╯
11182756 left -> 23.4148 bits left
Pr[]s for unknown dup
top4 Pr[Dup]: 0.6%/66744: Evi -> ["Alicia", "Laura"] | 0.6%/66744: Jeronymo -> ["Alicia", "Tiziana"] | 0.5%/60255: Chris -> ["Alicia", "Linda"] | 0.5%/60255: Ema -> ["Alicia", "Michelle"]
top5 Pr[Dup]: 1.9%/207354: ["Adrianna", "Tiziana"] | 1.9%/207354: ["Elena", "Tiziana"] | 1.9%/207354: ["Ella", "Tiziana"] | 1.9%/207354: ["Linda", "Tiziana"] | 1.9%/207354: ["Marla", "Tiziana"]
top5 Pr[Dup]: 18.3%/2051760: Alicia | 18.2%/2037678: Adrianna | 18.2%/2037678: Elena | 18.2%/2037678: Ella | 18.2%/2037678: Linda   / 200 %
top5 Pr[Dup]: 10.2%/1144604: Jeronymo | 10.1%/1125445: Chris | 10.1%/1125445: Ema | 10.1%/1125445: Jerry | 10.1%/1125445: JulianM

MB#2.0 E05
Evi → Laura 
---
Nothing => I = 0 bits
╭──────────┬──────────┬────────┬────────┬────────┬────────┬────────┬────────┬──────────┬─────────┬────────┬────────╮
│          ┆[48;2;74;68;89m Adrianna [49m┆[48;2;74;68;89m Alicia [49m┆[48;2;74;68;89m  Elena [49m┆[48;2;74;68;89m  Ella  [49m┆[48;2;74;68;89m  Laura [49m┆[48;2;74;68;89m  Linda [49m┆[48;2;74;68;89m  Marla [49m┆[48;2;74;68;89m Michelle [49m┆[48;2;74;68;89m Tiziana [49m┆[48;2;74;68;89m  Tonia [49m┆[48;2;74;68;89m Aurora [49m│
╞══════════╪══════════╪════════╪════════╪════════╪════════╪════════╪════════╪══════════╪═════════╪════════╪════════╡
│[48;2;69;76;102m Chris    [49m┆[48;2;41;44;60m  7.809   [49m┆[48;2;41;44;60m  9.951 [49m┆[48;2;41;44;60m  7.809 [49m┆[48;2;41;44;60m  7.809 [49m┆[48;2;41;44;60m  7.583 [49m┆[48;2;65;77;71m 29.434 [49m┆[48;2;41;44;60m  7.809 [49m┆[48;2;41;44;60m  7.809   [49m┆[48;2;41;44;60m  8.434  [49m┆[48;2;41;44;60m  7.809 [49m┆[48;2;41;44;60m  7.809 [49m│
│[48;2;69;76;102m Ema      [49m┆  7.809   ┆  9.951 ┆  7.809 ┆  7.809 ┆  7.583 ┆  7.809 ┆  7.809 ┆[48;2;65;77;71m 29.434   [49m┆  8.434  ┆  7.809 ┆  7.809 │
│[48;2;69;76;102m Evi      [49m┆[48;2;41;44;60m  8.32    [49m┆[48;2;74;68;89m 10.689 [49m┆[48;2;41;44;60m  8.32  [49m┆[48;2;41;44;60m  8.32  [49m┆[48;2;65;77;71m 32     [49m┆[48;2;41;44;60m  8.32  [49m┆[48;2;41;44;60m  8.32  [49m┆[48;2;41;44;60m  8.32    [49m┆[48;2;41;44;60m[38;5;9m  0      [49m[39m┆[48;2;41;44;60m  8.32  [49m┆[48;2;41;44;60m  8.32  [49m│
│[48;2;69;76;102m Jeronymo [49m┆  7.583   ┆  9.705 ┆  7.583 ┆  7.583 ┆  7.34  ┆  7.583 ┆  7.583 ┆  7.583   ┆[48;2;65;77;71m 32.53   [49m┆  7.583 ┆  7.583 │
│[48;2;69;76;102m Jerry    [49m┆[48;2;41;44;60m  7.809   [49m┆[48;2;41;44;60m  9.951 [49m┆[48;2;65;77;71m 29.434 [49m┆[48;2;41;44;60m  7.809 [49m┆[48;2;41;44;60m  7.583 [49m┆[48;2;41;44;60m  7.809 [49m┆[48;2;41;44;60m  7.809 [49m┆[48;2;41;44;60m  7.809   [49m┆[48;2;41;44;60m  8.434  [49m┆[48;2;41;44;60m  7.809 [49m┆[48;2;41;44;60m  7.809 [49m│
│[48;2;69;76;102m JulianM  [49m┆[48;2;65;77;71m 29.434   [49m┆  9.951 ┆  7.809 ┆  7.809 ┆  7.583 ┆  7.809 ┆  7.809 ┆  7.809   ┆  8.434  ┆  7.809 ┆  7.809 │
│[48;2;69;76;102m Julian   [49m┆[48;2;41;44;60m  7.809   [49m┆[48;2;41;44;60m  9.951 [49m┆[48;2;41;44;60m  7.809 [49m┆[48;2;41;44;60m  7.809 [49m┆[48;2;41;44;60m  7.583 [49m┆[48;2;41;44;60m  7.809 [49m┆[48;2;41;44;60m  7.809 [49m┆[48;2;41;44;60m  7.809   [49m┆[48;2;41;44;60m  8.434  [49m┆[48;2;41;44;60m  7.809 [49m┆[48;2;65;77;71m 29.434 [49m│
│[48;2;69;76;102m Luke     [49m┆  7.809   ┆  9.951 ┆  7.809 ┆  7.809 ┆  7.583 ┆  7.809 ┆[48;2;65;77;71m 29.434 [49m┆  7.809   ┆  8.434  ┆  7.809 ┆  7.809 │
│[48;2;69;76;102m Meji     [49m┆[48;2;41;44;60m  7.809   [49m┆[48;2;41;44;60m  9.951 [49m┆[48;2;41;44;60m  7.809 [49m┆[48;2;65;77;71m 29.434 [49m┆[48;2;41;44;60m  7.583 [49m┆[48;2;41;44;60m  7.809 [49m┆[48;2;41;44;60m  7.809 [49m┆[48;2;41;44;60m  7.809   [49m┆[48;2;41;44;60m  8.434  [49m┆[48;2;41;44;60m  7.809 [49m┆[48;2;41;44;60m  7.809 [49m│
│[48;2;69;76;102m Noel     [49m┆  7.809   ┆  9.951 ┆  7.809 ┆  7.809 ┆  7.583 ┆  7.809 ┆  7.809 ┆  7.809   ┆  8.434  ┆[48;2;65;77;71m 29.434 [49m┆  7.809 │
╰──────────┴──────────┴────────┴────────┴────────┴────────┴────────┴────────┴──────────┴─────────┴────────┴────────╯
11182756 left -> 23.4148 bits left
Pr[]s for unknown dup
top4 Pr[Dup]: 0.6%/66744: Evi -> ["Alicia", "Laura"] | 0.6%/66744: Jeronymo -> ["Alicia", "Tiziana"] | 0.5%/60255: Chris -> ["Alicia", "Linda"] | 0.5%/60255: Ema -> ["Alicia", "Michelle"]
top5 Pr[Dup]: 1.9%/207354: ["Adrianna", "Tiziana"] | 1.9%/207354: ["Elena", "Tiziana"] | 1.9%/207354: ["Ella", "Tiziana"] | 1.9%/207354: ["Linda", "Tiziana"] | 1.9%/207354: ["Marla", "Tiziana"]
top5 Pr[Dup]: 18.3%/2051760: Alicia | 18.2%/2037678: Adrianna | 18.2%/2037678: Elena | 18.2%/2037678: Ella | 18.2%/2037678: Linda   / 200 %
top5 Pr[Dup]: 10.2%/1144604: Jeronymo | 10.1%/1125445: Chris | 10.1%/1125445: Ema | 10.1%/1125445: Jerry | 10.1%/1125445: JulianM

MN#2.0 E06
0x Chris    → Tonia    
0x Ema      → Ella     
1x Evi      → Laura    
1x Jeronymo → Tiziana  
0x Jerry    → Michelle 
0x Julian   → Adrianna 
0x JulianM  → Alicia   
1x Luke     → Marla    
0x Meji     → Elena    
0x Noel     → Linda    
---
-> I[l]/bits: {0: 2.47, 1: 1.44, 2: 1.85, 3: 3.02, 4: 4.70, 5: 6.76, 6: 9.17, 7: 11.87, 8: 14.66, 9: 17.80, 10: 20.24}
-> E[I]/bits: 2.12
2 lights => I = 1.8486 bits
╭──────────┬──────────┬────────┬────────┬────────┬────────┬────────┬────────┬──────────┬─────────┬────────┬────────╮
│          ┆[48;2;74;68;89m Adrianna [49m┆[48;2;74;68;89m Alicia [49m┆[48;2;74;68;89m  Elena [49m┆[48;2;74;68;89m  Ella  [49m┆[48;2;74;68;89m  Laura [49m┆[48;2;74;68;89m  Linda [49m┆[48;2;74;68;89m  Marla [49m┆[48;2;74;68;89m Michelle [49m┆[48;2;74;68;89m Tiziana [49m┆[48;2;74;68;89m  Tonia [49m┆[48;2;74;68;89m Aurora [49m│
╞══════════╪══════════╪════════╪════════╪════════╪════════╪════════╪════════╪══════════╪═════════╪════════╪════════╡
│[48;2;69;76;102m Chris    [49m┆[48;2;41;44;60m  8.685   [49m┆[48;2;41;44;60m 10.15  [49m┆[48;2;41;44;60m  8.688 [49m┆[48;2;41;44;60m  8.688 [49m┆[48;2;41;44;60m  6.743 [49m┆[48;2;65;77;71m 24.785 [49m┆[48;2;41;44;60m  7.12  [49m┆[48;2;41;44;60m  8.688   [49m┆[48;2;41;44;60m  7.307  [49m┆[48;2;41;44;60m 10.215 [49m┆[48;2;41;44;60m  8.623 [49m│
│[48;2;69;76;102m Ema      [49m┆  8.631   ┆ 10.177 ┆  8.643 ┆ 10.138 ┆  6.772 ┆  8.686 ┆  7.152 ┆[48;2;65;77;71m 24.833   [49m┆  7.341  ┆  8.686 ┆  8.626 │
│[48;2;69;76;102m Evi      [49m┆[48;2;41;44;60m  7.493   [49m┆[48;2;41;44;60m  8.908 [49m┆[48;2;41;44;60m  7.548 [49m┆[48;2;41;44;60m  7.548 [49m┆[48;2;65;77;71m 42.686 [49m┆[48;2;41;44;60m  7.509 [49m┆[48;2;41;44;60m  5.655 [49m┆[48;2;41;44;60m  7.548   [49m┆[48;2;41;44;60m[38;5;9m  0      [49m[39m┆[48;2;41;44;60m  7.509 [49m┆[48;2;41;44;60m  7.705 [49m│
│[48;2;69;76;102m Jeronymo [49m┆  6.963   ┆  8.262 ┆  7.014 ┆  7.014 ┆  4.934 ┆  6.981 ┆  5.362 ┆  7.014   ┆[48;2;65;77;71m 43.381  [49m┆  6.981 ┆  7.151 │
│[48;2;69;76;102m Jerry    [49m┆[48;2;41;44;60m  8.631   [49m┆[48;2;41;44;60m 10.177 [49m┆[48;2;65;77;71m 24.833 [49m┆[48;2;41;44;60m  8.643 [49m┆[48;2;41;44;60m  6.772 [49m┆[48;2;41;44;60m  8.686 [49m┆[48;2;41;44;60m  7.152 [49m┆[48;2;41;44;60m 10.138   [49m┆[48;2;41;44;60m  7.341  [49m┆[48;2;41;44;60m  8.686 [49m┆[48;2;41;44;60m  8.626 [49m│
│[48;2;69;76;102m JulianM  [49m┆[48;2;65;77;71m 24.545   [49m┆[48;2;74;68;89m 13.372 [49m┆  8.528 ┆  8.528 ┆  6.609 ┆  8.551 ┆  6.987 ┆  8.528   ┆  7.149  ┆  8.551 ┆  8.486 │
│[48;2;69;76;102m Julian   [49m┆[48;2;41;44;60m 10.405   [49m┆[48;2;41;44;60m  9.933 [49m┆[48;2;41;44;60m  8.528 [49m┆[48;2;41;44;60m  8.528 [49m┆[48;2;41;44;60m  6.609 [49m┆[48;2;41;44;60m  8.551 [49m┆[48;2;41;44;60m  6.987 [49m┆[48;2;41;44;60m  8.528   [49m┆[48;2;41;44;60m  7.149  [49m┆[48;2;41;44;60m  8.551 [49m┆[48;2;65;77;71m 26.006 [49m│
│[48;2;69;76;102m Luke     [49m┆  7.33    ┆  8.694 ┆  7.39  ┆  7.39  ┆  5.362 ┆  7.352 ┆[48;2;65;77;71m 39.313 [49m┆  7.39    ┆  5.682  ┆  7.352 ┆  7.528 │
│[48;2;69;76;102m Meji     [49m┆[48;2;41;44;60m  8.631   [49m┆[48;2;41;44;60m 10.177 [49m┆[48;2;41;44;60m 10.138 [49m┆[48;2;65;77;71m 24.833 [49m┆[48;2;41;44;60m  6.772 [49m┆[48;2;41;44;60m  8.686 [49m┆[48;2;41;44;60m  7.152 [49m┆[48;2;41;44;60m  8.643   [49m┆[48;2;41;44;60m  7.341  [49m┆[48;2;41;44;60m  8.686 [49m┆[48;2;41;44;60m  8.626 [49m│
│[48;2;69;76;102m Noel     [49m┆  8.685   ┆ 10.15  ┆  8.688 ┆  8.688 ┆  6.743 ┆ 10.215 ┆  7.12  ┆  8.688   ┆  7.307  ┆[48;2;65;77;71m 24.785 [49m┆  8.623 │
╰──────────┴──────────┴────────┴────────┴────────┴────────┴────────┴────────┴──────────┴─────────┴────────┴────────╯
3104931 left -> 21.5661 bits left
Pr[]s for unknown dup
top4 Pr[Dup]: 0.8%/24785: Evi -> ["Alicia", "Laura"] | 0.8%/24785: Jeronymo -> ["Alicia", "Tiziana"] | 0.8%/23523: JulianM -> ["Adrianna", "Alicia"] | 0.7%/22540: Luke -> ["Alicia", "Marla"]
top5 Pr[Dup]: 2.3%/70760: ["Linda", "Tonia"] | 2.1%/64377: ["Adrianna", "Alicia"] | 2.0%/63491: ["Elena", "Ella"] | 2.0%/63491: ["Elena", "Michelle"] | 2.0%/63491: ["Ella", "Michelle"]
top5 Pr[Dup]: 18.5%/572973: Elena | 18.5%/572973: Ella | 18.5%/572973: Michelle | 18.4%/571725: Linda | 18.4%/571725: Tonia   / 200 %
top5 Pr[Dup]: 11.1%/343308: Jeronymo | 10.8%/334839: Luke | 10.1%/313913: Evi | 9.8%/305396: JulianM | 9.8%/303523: Julian

MB#3.0 E07
Julian → Linda 
---
-> I[l]/bits: {0: 0.13, 1: 3.55}
-> E[I]/bits: 0.42
0 lights => I = 0.129 bits
╭──────────┬──────────┬────────┬────────┬────────┬────────┬────────┬────────┬──────────┬─────────┬────────┬────────╮
│          ┆[48;2;74;68;89m Adrianna [49m┆[48;2;74;68;89m Alicia [49m┆[48;2;74;68;89m  Elena [49m┆[48;2;74;68;89m  Ella  [49m┆[48;2;74;68;89m  Laura [49m┆[48;2;74;68;89m  Linda [49m┆[48;2;74;68;89m  Marla [49m┆[48;2;74;68;89m Michelle [49m┆[48;2;74;68;89m Tiziana [49m┆[48;2;74;68;89m  Tonia [49m┆[48;2;74;68;89m Aurora [49m│
╞══════════╪══════════╪════════╪════════╪════════╪════════╪════════╪════════╪══════════╪═════════╪════════╪════════╡
│[48;2;69;76;102m Chris    [49m┆[48;2;41;44;60m  8.477   [49m┆[48;2;41;44;60m  9.922 [49m┆[48;2;41;44;60m  8.458 [49m┆[48;2;41;44;60m  8.458 [49m┆[48;2;41;44;60m  6.644 [49m┆[48;2;65;77;71m 27.102 [49m┆[48;2;41;44;60m  7.007 [49m┆[48;2;41;44;60m  8.458   [49m┆[48;2;41;44;60m  7.202  [49m┆[48;2;41;44;60m  9.942 [49m┆[48;2;41;44;60m  8.229 [49m│
│[48;2;69;76;102m Ema      [49m┆  8.591   ┆ 10.06  ┆  8.563 ┆ 10.309 ┆  6.789 ┆  9.498 ┆  7.165 ┆[48;2;65;77;71m 24.373   [49m┆  7.365  ┆  8.656 ┆  8.392 │
│[48;2;69;76;102m Evi      [49m┆[48;2;41;44;60m  7.496   [49m┆[48;2;41;44;60m  8.898 [49m┆[48;2;41;44;60m  7.561 [49m┆[48;2;41;44;60m  7.561 [49m┆[48;2;65;77;71m 42.027 [49m┆[48;2;41;44;60m  8.211 [49m┆[48;2;41;44;60m  5.731 [49m┆[48;2;41;44;60m  7.561   [49m┆[48;2;41;44;60m[38;5;9m  0      [49m[39m┆[48;2;41;44;60m  7.564 [49m┆[48;2;41;44;60m  7.552 [49m│
│[48;2;69;76;102m Jeronymo [49m┆  6.966   ┆  8.251 ┆  7.024 ┆  7.024 ┆  5.008 ┆  7.634 ┆  5.425 ┆  7.024   ┆[48;2;65;77;71m 42.718  [49m┆  7.031 ┆  7.01  │
│[48;2;69;76;102m Jerry    [49m┆[48;2;41;44;60m  8.591   [49m┆[48;2;41;44;60m 10.06  [49m┆[48;2;65;77;71m 24.373 [49m┆[48;2;41;44;60m  8.563 [49m┆[48;2;41;44;60m  6.789 [49m┆[48;2;41;44;60m  9.498 [49m┆[48;2;41;44;60m  7.165 [49m┆[48;2;41;44;60m 10.309   [49m┆[48;2;41;44;60m  7.365  [49m┆[48;2;41;44;60m  8.656 [49m┆[48;2;41;44;60m  8.392 [49m│
│[48;2;69;76;102m JulianM  [49m┆[48;2;65;77;71m 24.07    [49m┆[48;2;74;68;89m 13.333 [49m┆  8.48  ┆  8.48  ┆  6.65  ┆  9.35  ┆  7.026 ┆  8.48    ┆  7.198  ┆  8.551 ┆  8.279 │
│[48;2;69;76;102m Julian   [49m┆[48;2;41;44;60m 11.222   [49m┆[48;2;41;44;60m 10.695 [49m┆[48;2;41;44;60m  9.183 [49m┆[48;2;41;44;60m  9.183 [49m┆[48;2;41;44;60m  7.126 [49m┆[48;2;41;44;60m[38;5;9m  0     [49m[39m┆[48;2;41;44;60m  7.533 [49m┆[48;2;41;44;60m  9.183   [49m┆[48;2;41;44;60m  7.71   [49m┆[48;2;41;44;60m  9.216 [49m┆[48;2;65;77;71m 27.972 [49m│
│[48;2;69;76;102m Luke     [49m┆  7.326   ┆  8.672 ┆  7.394 ┆  7.394 ┆  5.425 ┆  8.04  ┆[48;2;65;77;71m 38.661 [49m┆  7.394   ┆  5.76   ┆  7.398 ┆  7.371 │
│[48;2;69;76;102m Meji     [49m┆[48;2;41;44;60m  8.591   [49m┆[48;2;41;44;60m 10.06  [49m┆[48;2;41;44;60m 10.309 [49m┆[48;2;65;77;71m 24.373 [49m┆[48;2;41;44;60m  6.789 [49m┆[48;2;41;44;60m  9.498 [49m┆[48;2;41;44;60m  7.165 [49m┆[48;2;41;44;60m  8.563   [49m┆[48;2;41;44;60m  7.365  [49m┆[48;2;41;44;60m  8.656 [49m┆[48;2;41;44;60m  8.392 [49m│
│[48;2;69;76;102m Noel     [49m┆  8.669   ┆ 10.051 ┆  8.655 ┆  8.655 ┆  6.752 ┆ 11.17  ┆  7.122 ┆  8.655   ┆  7.318  ┆[48;2;65;77;71m 24.332 [49m┆  8.409 │
╰──────────┴──────────┴────────┴────────┴────────┴────────┴────────┴────────┴──────────┴─────────┴────────┴────────╯
2839433 left -> 21.4372 bits left
Pr[]s for unknown dup
top4 Pr[Dup]: 0.8%/22334: Evi -> ["Laura", "Linda"] | 0.8%/22334: Jeronymo -> ["Linda", "Tiziana"] | 0.8%/22234: Evi -> ["Alicia", "Laura"] | 0.8%/22234: Jeronymo -> ["Alicia", "Tiziana"]
top5 Pr[Dup]: 2.4%/66932: ["Linda", "Tonia"] | 2.1%/58661: ["Adrianna", "Alicia"] | 2.0%/57797: ["Elena", "Ella"] | 2.0%/57797: ["Elena", "Michelle"] | 2.0%/57797: ["Ella", "Michelle"]
top5 Pr[Dup]: 18.5%/524879: Tonia | 18.5%/524409: Linda | 18.5%/523931: Elena | 18.5%/523931: Ella | 18.5%/523931: Michelle   / 200 %
top5 Pr[Dup]: 11.1%/315533: Jeronymo | 10.8%/307700: Luke | 10.2%/288556: Evi | 9.9%/281077: Chris | 9.9%/281011: JulianM

MN#3.0 E08
1x Chris    → Linda    
1x Ema      → Michelle 
2x Evi      → Laura    
2x Jeronymo → Tiziana  
0x Jerry    → Aurora   
0x Julian   → Alicia   
1x JulianM  → Adrianna 
2x Luke     → Marla    
1x Meji     → Elena    
1x Noel     → Tonia    
---
-> I[l]/bits: {0: 9.00, 1: 3.17, 2: 1.27, 3: 1.61, 4: 3.07, 5: 5.44, 6: 9.18}
-> E[I]/bits: 1.93
2 lights => I = 1.27 bits
╭──────────┬──────────┬────────┬────────┬────────┬────────┬────────┬────────┬──────────┬─────────┬────────┬────────╮
│          ┆[48;2;74;68;89m Adrianna [49m┆[48;2;74;68;89m Alicia [49m┆[48;2;74;68;89m  Elena [49m┆[48;2;74;68;89m  Ella  [49m┆[48;2;74;68;89m  Laura [49m┆[48;2;74;68;89m  Linda [49m┆[48;2;74;68;89m  Marla [49m┆[48;2;74;68;89m Michelle [49m┆[48;2;74;68;89m Tiziana [49m┆[48;2;74;68;89m  Tonia [49m┆[48;2;74;68;89m Aurora [49m│
╞══════════╪══════════╪════════╪════════╪════════╪════════╪════════╪════════╪══════════╪═════════╪════════╪════════╡
│[48;2;69;76;102m Chris    [49m┆[48;2;41;44;60m  9.226   [49m┆[48;2;41;44;60m 11.404 [49m┆[48;2;41;44;60m  9.002 [49m┆[48;2;41;44;60m  8.453 [49m┆[48;2;41;44;60m  6.903 [49m┆[48;2;65;77;71m 21.162 [49m┆[48;2;41;44;60m  7.295 [49m┆[48;2;41;44;60m  9.084   [49m┆[48;2;41;44;60m  7.429  [49m┆[48;2;41;44;60m 11.105 [49m┆[48;2;41;44;60m  8.625 [49m│
│[48;2;69;76;102m Ema      [49m┆  8.538   ┆ 10.678 ┆  8.791 ┆ 12.258 ┆  6.926 ┆ 10.339 ┆  7.337 ┆[48;2;65;77;71m 19.607   [49m┆  7.479  ┆  9.189 ┆  8.595 │
│[48;2;69;76;102m Evi      [49m┆[48;2;41;44;60m  7.599   [49m┆[48;2;41;44;60m  9.484 [49m┆[48;2;41;44;60m  7.861 [49m┆[48;2;41;44;60m  7.13  [49m┆[48;2;65;77;71m 40.798 [49m┆[48;2;41;44;60m  8.621 [49m┆[48;2;41;44;60m  5.594 [49m┆[48;2;41;44;60m  7.722   [49m┆[48;2;41;44;60m[38;5;9m  0      [49m[39m┆[48;2;41;44;60m  7.814 [49m┆[48;2;41;44;60m  7.628 [49m│
│[48;2;69;76;102m Jeronymo [49m┆  7.095   ┆  8.826 ┆  7.278 ┆  6.619 ┆  4.922 ┆  8.057 ┆  5.359 ┆  7.197   ┆[48;2;65;77;71m 41.495  [49m┆  7.306 ┆  7.057 │
│[48;2;69;76;102m Jerry    [49m┆[48;2;41;44;60m  8.158   [49m┆[48;2;41;44;60m  9.692 [49m┆[48;2;65;77;71m 34.721 [49m┆[48;2;41;44;60m  5.828 [49m┆[48;2;41;44;60m  6.562 [49m┆[48;2;41;44;60m  9.614 [49m┆[48;2;41;44;60m  6.953 [49m┆[48;2;41;44;60m 12.453   [49m┆[48;2;41;44;60m  7.119  [49m┆[48;2;41;44;60m  8.749 [49m┆[48;2;41;44;60m[38;5;9m  0.164 [49m[39m│
│[48;2;69;76;102m JulianM  [49m┆[48;2;65;77;71m 18.634   [49m┆[48;2;74;68;89m 16.797 [49m┆  8.714 ┆  7.827 ┆  6.793 ┆ 10.422 ┆  7.184 ┆  8.439   ┆  7.321  ┆  9.374 ┆  8.392 │
│[48;2;69;76;102m Julian   [49m┆[48;2;41;44;60m 14.606   [49m┆[48;2;41;44;60m  1.366 [49m┆[48;2;41;44;60m  6.508 [49m┆[48;2;41;44;60m  6.636 [49m┆[48;2;41;44;60m  7.359 [49m┆[48;2;41;44;60m[38;5;9m  0     [49m[39m┆[48;2;41;44;60m  7.808 [49m┆[48;2;41;44;60m  9.408   [49m┆[48;2;41;44;60m  7.976  [49m┆[48;2;41;44;60m 10.093 [49m┆[48;2;65;77;71m 37.395 [49m│
│[48;2;69;76;102m Luke     [49m┆  7.478   ┆  9.304 ┆  7.665 ┆  6.992 ┆  5.359 ┆  8.5   ┆[48;2;65;77;71m 37.271 [49m┆  7.599   ┆  5.611  ┆  7.7   ┆  7.428 │
│[48;2;69;76;102m Meji     [49m┆[48;2;41;44;60m  9.287   [49m┆[48;2;41;44;60m 11.071 [49m┆[48;2;41;44;60m[38;5;9m  0.432 [49m[39m┆[48;2;65;77;71m 29.846 [49m┆[48;2;41;44;60m  7.431 [49m┆[48;2;41;44;60m 10.499 [49m┆[48;2;41;44;60m  7.856 [49m┆[48;2;41;44;60m  9.315   [49m┆[48;2;41;44;60m  8.09   [49m┆[48;2;41;44;60m  9.598 [49m┆[48;2;41;44;60m  6.047 [49m│
│[48;2;69;76;102m Noel     [49m┆  9.378   ┆ 11.378 ┆  9.029 ┆  8.411 ┆  6.948 ┆ 12.786 ┆  7.344 ┆  9.175   ┆  7.48   ┆[48;2;65;77;71m 19.072 [49m┆  8.669 │
╰──────────┴──────────┴────────┴────────┴────────┴────────┴────────┴────────┴──────────┴─────────┴────────┴────────╯
1177404 left -> 20.1672 bits left
Pr[]s for unknown dup
top4 Pr[Dup]: 0.9%/10924: Julian -> ["Elena", "Aurora"] | 0.9%/10215: Chris -> ["Linda", "Tonia"] | 0.9%/10215: Noel -> ["Linda", "Tonia"] | 0.9%/10061: Julian -> ["Adrianna", "Aurora"]
top5 Pr[Dup]: 2.7%/31604: ["Linda", "Tonia"] | 2.1%/24532: ["Ella", "Aurora"] | 2.1%/24347: ["Adrianna", "Alicia"] | 2.0%/23626: ["Ella", "Michelle"] | 1.9%/22915: ["Alicia", "Linda"]
top5 Pr[Dup]: 18.9%/222609: Linda | 18.8%/221285: Tonia | 18.7%/220739: Alicia | 18.5%/217351: Michelle | 18.4%/216990: Ella   / 200 %
top5 Pr[Dup]: 11.2%/131986: Jeronymo | 10.9%/128409: Luke | 10.2%/120679: Evi | 10.0%/117908: Jerry | 9.9%/116524: JulianM

╭────────┬───┬────────┬───────────┬─────────┬──────────┬───────────┬───────────┬───────────┬────────┬────────┬────────┬───┬────────┬──────┬──────────╮
│        ┆ L ┆  Chris ┆    Ema    ┆   Evi   ┆ Jeronymo ┆   Jerry   ┆  JulianM  ┆   Julian  ┆  Luke  ┆  Meji  ┆  Noel  ┆   ┆    I   ┆ #new ┆ min dist │
╞════════╪═══╪════════╪═══════════╪═════════╪══════════╪═══════════╪═══════════╪═══════════╪════════╪════════╪════════╪═══╪════════╪══════╪══════════╡
│[48;2;41;44;60m MB#1.0 [49m┆[48;2;41;44;60m[38;5;9m 0 [49m[39m┆[48;2;41;44;60m        [49m┆[48;2;41;44;60m           [49m┆[48;2;41;44;60m[38;5;9m Tiziana [49m[39m┆[48;2;41;44;60m          [49m┆[48;2;41;44;60m           [49m┆[48;2;41;44;60m           [49m┆[48;2;41;44;60m           [49m┆[48;2;41;44;60m        [49m┆[48;2;41;44;60m        [49m┆[48;2;41;44;60m        [49m┆[48;2;41;44;60m   [49m┆[48;2;41;44;60m 0.152  [49m┆[48;2;41;44;60m      [49m┆[48;2;41;44;60m          [49m│
│ MN#1.0 ┆ 3 ┆ Linda* ┆ Michelle* ┆ Laura*  ┆ Tiziana* ┆ Elena*    ┆ Adrianna* ┆ Aurora*   ┆ Marla* ┆ Ella*  ┆ Tonia* ┆   ┆ 4.0056 ┆ 10   ┆          │
│[48;2;41;44;60m MB#2.0 [49m┆[48;2;41;44;60m[38;5;11m ? [49m[39m┆[48;2;41;44;60m        [49m┆[48;2;41;44;60m           [49m┆[48;2;41;44;60m Laura   [49m┆[48;2;41;44;60m          [49m┆[48;2;41;44;60m           [49m┆[48;2;41;44;60m           [49m┆[48;2;41;44;60m           [49m┆[48;2;41;44;60m        [49m┆[48;2;41;44;60m        [49m┆[48;2;41;44;60m        [49m┆[48;2;41;44;60m   [49m┆[48;2;41;44;60m        [49m┆[48;2;41;44;60m      [49m┆[48;2;41;44;60m          [49m│
│ MN#2.0 ┆ 2 ┆ Tonia* ┆ Ella*     ┆ Laura   ┆ Tiziana  ┆ Michelle* ┆ Alicia*   ┆ Adrianna* ┆ Marla  ┆ Elena* ┆ Linda* ┆   ┆ 1.8486 ┆ 7    ┆ 7/MN#1   │
│[48;2;41;44;60m MB#3.0 [49m┆[48;2;41;44;60m[38;5;9m 0 [49m[39m┆[48;2;41;44;60m        [49m┆[48;2;41;44;60m           [49m┆[48;2;41;44;60m         [49m┆[48;2;41;44;60m          [49m┆[48;2;41;44;60m           [49m┆[48;2;41;44;60m           [49m┆[48;2;41;44;60m[38;5;9m Linda     [49m[39m┆[48;2;41;44;60m        [49m┆[48;2;41;44;60m        [49m┆[48;2;41;44;60m        [49m┆[48;2;41;44;60m   [49m┆[48;2;41;44;60m 0.129  [49m┆[48;2;41;44;60m      [49m┆[48;2;41;44;60m          [49m│
│ MN#3.0 ┆ 2 ┆ Linda  ┆ Michelle  ┆ Laura   ┆ Tiziana  ┆ Aurora*   ┆ Adrianna  ┆ Alicia*   ┆ Marla  ┆ Elena  ┆ Tonia  ┆   ┆ 1.27   ┆ 2    ┆ 3/MN#1   │
╰────────┴───┴────────┴───────────┴─────────┴──────────┴───────────┴───────────┴───────────┴────────┴────────┴────────┴───┴────────┴──────┴──────────╯
╭────────┬───┬──────────┬──────────┬────────┬───────┬───────┬────────┬───────┬──────────┬───────────┬────────┬─────────┬───┬────────┬──────┬──────────╮
│        ┆ L ┆ Adrianna ┆  Alicia  ┆  Elena ┆  Ella ┆ Laura ┆  Linda ┆ Marla ┆ Michelle ┆  Tiziana  ┆  Tonia ┆  Aurora ┆   ┆    I   ┆ #new ┆ min dist │
╞════════╪═══╪══════════╪══════════╪════════╪═══════╪═══════╪════════╪═══════╪══════════╪═══════════╪════════╪═════════╪═══╪════════╪══════╪══════════╡
│[48;2;41;44;60m MB#1.0 [49m┆[48;2;41;44;60m[38;5;9m 0 [49m[39m┆[48;2;41;44;60m          [49m┆[48;2;41;44;60m          [49m┆[48;2;41;44;60m        [49m┆[48;2;41;44;60m       [49m┆[48;2;41;44;60m       [49m┆[48;2;41;44;60m        [49m┆[48;2;41;44;60m       [49m┆[48;2;41;44;60m          [49m┆[48;2;41;44;60m[38;5;9m Evi       [49m[39m┆[48;2;41;44;60m        [49m┆[48;2;41;44;60m         [49m┆[48;2;41;44;60m   [49m┆[48;2;41;44;60m 0.152  [49m┆[48;2;41;44;60m      [49m┆[48;2;41;44;60m          [49m│
│ MN#1.0 ┆ 3 ┆ JulianM* ┆          ┆ Jerry* ┆ Meji* ┆ Evi*  ┆ Chris* ┆ Luke* ┆ Ema*     ┆ Jeronymo* ┆ Noel*  ┆ Julian* ┆   ┆ 4.0056 ┆ 10   ┆          │
│[48;2;41;44;60m MB#2.0 [49m┆[48;2;41;44;60m[38;5;11m ? [49m[39m┆[48;2;41;44;60m          [49m┆[48;2;41;44;60m          [49m┆[48;2;41;44;60m        [49m┆[48;2;41;44;60m       [49m┆[48;2;41;44;60m Evi   [49m┆[48;2;41;44;60m        [49m┆[48;2;41;44;60m       [49m┆[48;2;41;44;60m          [49m┆[48;2;41;44;60m           [49m┆[48;2;41;44;60m        [49m┆[48;2;41;44;60m         [49m┆[48;2;41;44;60m   [49m┆[48;2;41;44;60m        [49m┆[48;2;41;44;60m      [49m┆[48;2;41;44;60m          [49m│
│ MN#2.0 ┆ 2 ┆ Julian*  ┆ JulianM* ┆ Meji*  ┆ Ema*  ┆ Evi   ┆ Noel*  ┆ Luke  ┆ Jerry*   ┆ Jeronymo  ┆ Chris* ┆         ┆   ┆ 1.8486 ┆ 7    ┆ 7/MN#1   │
│[48;2;41;44;60m MB#3.0 [49m┆[48;2;41;44;60m[38;5;9m 0 [49m[39m┆[48;2;41;44;60m          [49m┆[48;2;41;44;60m          [49m┆[48;2;41;44;60m        [49m┆[48;2;41;44;60m       [49m┆[48;2;41;44;60m       [49m┆[48;2;41;44;60m[38;5;9m Julian [49m[39m┆[48;2;41;44;60m       [49m┆[48;2;41;44;60m          [49m┆[48;2;41;44;60m           [49m┆[48;2;41;44;60m        [49m┆[48;2;41;44;60m         [49m┆[48;2;41;44;60m   [49m┆[48;2;41;44;60m 0.129  [49m┆[48;2;41;44;60m      [49m┆[48;2;41;44;60m          [49m│
│ MN#3.0 ┆ 2 ┆ JulianM  ┆ Julian*  ┆ Meji   ┆       ┆ Evi   ┆ Chris  ┆ Luke  ┆ Ema      ┆ Jeronymo  ┆ Noel   ┆ Jerry*  ┆   ┆ 1.27   ┆ 2    ┆ 3/MN#1   │
╰────────┴───┴──────────┴──────────┴────────┴───────┴───────┴────────┴───────┴──────────┴───────────┴────────┴─────────┴───┴────────┴──────┴──────────╯
Total permutations: 199584000  Permutations left: 1177404  Initial combinations for each pair: 19958400

Ran in 128.71s
