1694047903.9333978
+---------+------+--------+---------+-------+------+----------+-------+--------+-------+------+------+
|         | Mike | Danilo | Steffen | Teezy | Elia | Emanuell | Fabio | Marvin | Peter | Paco | Max  |
+---------+------+--------+---------+-------+------+----------+-------+--------+-------+------+------+
| Sabrina | 10.0 |  10.0  |   10.0  |  10.0 | 10.0 |   10.0   |  10.0 |  10.0  |  10.0 | 10.0 | 10.0 |
|  Sandra | 10.0 |  10.0  |   10.0  |  10.0 | 10.0 |   10.0   |  10.0 |  10.0  |  10.0 | 10.0 | 10.0 |
| Shakira | 10.0 |  10.0  |   10.0  |  10.0 | 10.0 |   10.0   |  10.0 |  10.0  |  10.0 | 10.0 | 10.0 |
| Paulina | 10.0 |  10.0  |   10.0  |  10.0 | 10.0 |   10.0   |  10.0 |  10.0  |  10.0 | 10.0 | 10.0 |
|  Marie  | 10.0 |  10.0  |   10.0  |  10.0 | 10.0 |   10.0   |  10.0 |  10.0  |  10.0 | 10.0 | 10.0 |
|  Jenny  | 10.0 |  10.0  |   10.0  |  10.0 | 10.0 |   10.0   |  10.0 |  10.0  |  10.0 | 10.0 | 10.0 |
|  Steffi | 10.0 |  10.0  |   10.0  |  10.0 | 10.0 |   10.0   |  10.0 |  10.0  |  10.0 | 10.0 | 10.0 |
|  Alicia | 10.0 |  10.0  |   10.0  |  10.0 | 10.0 |   10.0   |  10.0 |  10.0  |  10.0 | 10.0 | 10.0 |
|   Kim   | 10.0 |  10.0  |   10.0  |  10.0 | 10.0 |   10.0   |  10.0 |  10.0  |  10.0 | 10.0 | 10.0 |
|  Darya  | 10.0 |  10.0  |   10.0  |  10.0 | 10.0 |   10.0   |  10.0 |  10.0  |  10.0 | 10.0 | 10.0 |
+---------+------+--------+---------+-------+------+----------+-------+--------+-------+------+------+
36288000 left -> 25.112989209604315 bits left

0 MB#1.0 E03
Jenny -> Danilo
-> I = 0.15200309344504995
+---------+-------+--------+---------+-------+-------+----------+-------+--------+-------+-------+------+
|         |  Mike | Danilo | Steffen | Teezy |  Elia | Emanuell | Fabio | Marvin | Peter |  Paco | Max  |
+---------+-------+--------+---------+-------+-------+----------+-------+--------+-------+-------+------+
| Sabrina | 9.877 | 11.11  |  9.877  | 9.877 | 9.877 |  9.877   | 9.877 | 9.877  | 9.877 | 9.877 | 10.0 |
|  Sandra | 9.877 | 11.11  |  9.877  | 9.877 | 9.877 |  9.877   | 9.877 | 9.877  | 9.877 | 9.877 | 10.0 |
| Shakira | 9.877 | 11.11  |  9.877  | 9.877 | 9.877 |  9.877   | 9.877 | 9.877  | 9.877 | 9.877 | 10.0 |
| Paulina | 9.877 | 11.11  |  9.877  | 9.877 | 9.877 |  9.877   | 9.877 | 9.877  | 9.877 | 9.877 | 10.0 |
|  Marie  | 9.877 | 11.11  |  9.877  | 9.877 | 9.877 |  9.877   | 9.877 | 9.877  | 9.877 | 9.877 | 10.0 |
|  Jenny  | 11.11 |  0.0   |  11.11  | 11.11 | 11.11 |  11.11   | 11.11 | 11.11  | 11.11 | 11.11 | 10.0 |
|  Steffi | 9.877 | 11.11  |  9.877  | 9.877 | 9.877 |  9.877   | 9.877 | 9.877  | 9.877 | 9.877 | 10.0 |
|  Alicia | 9.877 | 11.11  |  9.877  | 9.877 | 9.877 |  9.877   | 9.877 | 9.877  | 9.877 | 9.877 | 10.0 |
|   Kim   | 9.877 | 11.11  |  9.877  | 9.877 | 9.877 |  9.877   | 9.877 | 9.877  | 9.877 | 9.877 | 10.0 |
|  Darya  | 9.877 | 11.11  |  9.877  | 9.877 | 9.877 |  9.877   | 9.877 | 9.877  | 9.877 | 9.877 | 10.0 |
+---------+-------+--------+---------+-------+-------+----------+-------+--------+-------+-------+------+
32659200 left -> 24.960986116159265 bits left

3 MN#1.0 E04
Alicia -> Peter
Darya -> Danilo
Jenny -> Elia
Kim -> Mike
Marie -> Fabio
Paulina -> Steffen
Sabrina -> Emanuell
Sandra -> Paco
Shakira -> Marvin
Steffi -> Teezy
-> I = 3.9925555620206055
+---------+-------+--------+---------+-------+-------+----------+-------+--------+-------+-------+------+
|         |  Mike | Danilo | Steffen | Teezy |  Elia | Emanuell | Fabio | Marvin | Peter |  Paco | Max  |
+---------+-------+--------+---------+-------+-------+----------+-------+--------+-------+-------+------+
| Sabrina |  7.81 | 8.434  |   7.81  |  7.81 |  7.53 |  29.37   |  7.81 |  7.81  |  7.81 |  7.81 | 10.0 |
|  Sandra |  7.81 | 8.434  |   7.81  |  7.81 |  7.53 |   7.81   |  7.81 |  7.81  |  7.81 | 29.37 | 10.0 |
| Shakira |  7.81 | 8.434  |   7.81  |  7.81 |  7.53 |   7.81   |  7.81 | 29.37  |  7.81 |  7.81 | 10.0 |
| Paulina |  7.81 | 8.434  |  29.37  |  7.81 |  7.53 |   7.81   |  7.81 |  7.81  |  7.81 |  7.81 | 10.0 |
|  Marie  |  7.81 | 8.434  |   7.81  |  7.81 |  7.53 |   7.81   | 29.37 |  7.81  |  7.81 |  7.81 | 10.0 |
|  Jenny  | 8.434 |  0.0   |  8.434  | 8.434 | 32.53 |  8.434   | 8.434 | 8.434  | 8.434 | 8.434 | 10.0 |
|  Steffi |  7.81 | 8.434  |   7.81  | 29.37 |  7.53 |   7.81   |  7.81 |  7.81  |  7.81 |  7.81 | 10.0 |
|  Alicia |  7.81 | 8.434  |   7.81  |  7.81 |  7.53 |   7.81   |  7.81 |  7.81  | 29.37 |  7.81 | 10.0 |
|   Kim   | 29.37 | 8.434  |   7.81  |  7.81 |  7.53 |   7.81   |  7.81 |  7.81  |  7.81 |  7.81 | 10.0 |
|  Darya  |  7.53 | 32.53  |   7.53  |  7.53 | 7.233 |   7.53   |  7.53 |  7.53  |  7.53 |  7.53 | 10.0 |
+---------+-------+--------+---------+-------+-------+----------+-------+--------+-------+-------+------+
2051760 left -> 20.96843055413866 bits left

0 MB#2.0 E05
Jenny -> Elia
-> I = 0.5676845092893208
+---------+-------+--------+---------+-------+-------+----------+-------+--------+-------+-------+------+
|         |  Mike | Danilo | Steffen | Teezy |  Elia | Emanuell | Fabio | Marvin | Peter |  Paco | Max  |
+---------+-------+--------+---------+-------+-------+----------+-------+--------+-------+-------+------+
| Sabrina | 6.888 | 7.812  |  6.888  | 6.888 | 11.16 |  32.81   | 6.888 | 6.888  | 6.888 | 6.888 | 10.0 |
|  Sandra | 6.888 | 7.812  |  6.888  | 6.888 | 11.16 |  6.888   | 6.888 | 6.888  | 6.888 | 32.81 | 10.0 |
| Shakira | 6.888 | 7.812  |  6.888  | 6.888 | 11.16 |  6.888   | 6.888 | 32.81  | 6.888 | 6.888 | 10.0 |
| Paulina | 6.888 | 7.812  |  32.81  | 6.888 | 11.16 |  6.888   | 6.888 | 6.888  | 6.888 | 6.888 | 10.0 |
|  Marie  | 6.888 | 7.812  |  6.888  | 6.888 | 11.16 |  6.888   | 32.81 | 6.888  | 6.888 | 6.888 | 10.0 |
|  Jenny  |  12.5 |  0.0   |   12.5  |  12.5 |  0.0  |   12.5   |  12.5 |  12.5  |  12.5 |  12.5 | 10.0 |
|  Steffi | 6.888 | 7.812  |  6.888  | 32.81 | 11.16 |  6.888   | 6.888 | 6.888  | 6.888 | 6.888 | 10.0 |
|  Alicia | 6.888 | 7.812  |  6.888  | 6.888 | 11.16 |  6.888   | 6.888 | 6.888  | 32.81 | 6.888 | 10.0 |
|   Kim   | 32.81 | 7.812  |  6.888  | 6.888 | 11.16 |  6.888   | 6.888 | 6.888  | 6.888 | 6.888 | 10.0 |
|  Darya  | 6.472 |  37.5  |  6.472  | 6.472 | 10.72 |  6.472   | 6.472 | 6.472  | 6.472 | 6.472 | 10.0 |
+---------+-------+--------+---------+-------+-------+----------+-------+--------+-------+-------+------+
1384320 left -> 20.400746044849342 bits left

2 MN#2.0 E06
Alicia -> Steffen
Darya -> Emanuell
Jenny -> Marvin
Kim -> Paco
Marie -> Fabio
Paulina -> Danilo
Sabrina -> Mike
Sandra -> Elia
Shakira -> Peter
Steffi -> Teezy
-> I = 2.0531592770184797
+---------+-------+--------+---------+-------+-------+----------+-------+--------+-------+-------+------+
|         |  Mike | Danilo | Steffen | Teezy |  Elia | Emanuell | Fabio | Marvin | Peter |  Paco | Max  |
+---------+-------+--------+---------+-------+-------+----------+-------+--------+-------+-------+------+
| Sabrina | 10.51 | 8.709  |  7.624  | 5.537 | 11.08 |  28.56   | 5.537 | 7.315  | 7.552 | 7.576 | 10.0 |
|  Sandra | 7.333 | 8.334  |  7.393  | 5.246 | 17.25 |  7.345   | 5.246 | 7.066  | 7.306 | 27.48 | 10.0 |
| Shakira | 7.723 | 8.778  |  7.732  | 5.672 | 11.18 |  7.714   | 5.672 | 27.16  | 10.59 | 7.783 | 10.0 |
| Paulina | 7.546 | 12.08  |  28.23  | 5.501 | 11.06 |  7.531   | 5.501 | 7.249  | 7.657 | 7.636 | 10.0 |
|  Marie  | 5.543 | 6.227  |  5.567  | 2.944 | 8.214 |  5.633   | 49.57 | 5.115  | 5.546 | 5.642 | 10.0 |
|  Jenny  | 12.43 |  0.0   |  12.45  | 9.108 |  0.0  |  12.47   | 9.108 | 19.49  | 12.43 | 12.51 | 10.0 |
|  Steffi | 5.543 | 6.227  |  5.567  | 49.57 | 8.214 |  5.633   | 2.944 | 5.115  | 5.546 | 5.642 | 10.0 |
|  Alicia | 7.564 | 8.649  |  10.49  | 5.519 | 11.08 |  7.609   | 5.519 | 7.327  | 28.53 | 7.708 | 10.0 |
|   Kim   | 28.53 | 8.622  |  7.567  |  5.57 | 11.05 |  7.663   |  5.57 | 7.243  | 7.573 | 10.61 | 10.0 |
|  Darya  | 7.276 | 32.37  |  7.375  | 5.333 | 10.87 |  9.845   | 5.333 | 6.922  | 7.273 | 7.405 | 10.0 |
+---------+-------+--------+---------+-------+-------+----------+-------+--------+-------+-------+------+
333560 left -> 18.34758676783086 bits left

0 MB#3.0 E07
Darya -> Elia
-> I = 0.16597830439073458
+---------+-------+--------+---------+-------+-------+----------+-------+--------+-------+-------+------+
|         |  Mike | Danilo | Steffen | Teezy |  Elia | Emanuell | Fabio | Marvin | Peter |  Paco | Max  |
+---------+-------+--------+---------+-------+-------+----------+-------+--------+-------+-------+------+
| Sabrina | 10.37 | 8.274  |  7.538  | 5.546 | 12.43 |  28.03   | 5.546 | 7.269  |  7.44 | 7.554 | 10.0 |
|  Sandra | 7.208 | 7.766  |  7.269  | 5.136 | 19.35 |  7.191   | 5.136 | 6.956  | 7.158 | 26.83 | 10.0 |
| Shakira | 7.615 | 8.308  |  7.554  | 5.664 | 12.54 |  7.628   | 5.664 | 26.83  | 10.48 | 7.716 | 10.0 |
| Paulina | 7.497 | 11.05  |  28.03  |  5.57 | 12.41 |  7.477   |  5.57 | 7.191  | 7.578 | 7.628 | 10.0 |
|  Marie  | 5.519 | 5.984  |  5.546  | 3.054 | 9.216 |   5.57   | 48.76 | 5.136  |  5.55 | 5.664 | 10.0 |
|  Jenny  | 12.43 |  0.0   |  12.43  | 9.216 |  0.0  |  12.41   | 9.216 | 19.35  |  12.4 | 12.54 | 10.0 |
|  Steffi | 5.519 | 5.984  |  5.546  | 48.76 | 9.216 |   5.57   | 3.054 | 5.136  |  5.55 | 5.664 | 10.0 |
|  Alicia |  7.46 | 8.163  |  10.37  | 5.519 | 12.43 |  7.497   | 5.519 | 7.208  | 28.22 | 7.615 | 10.0 |
|   Kim   | 28.22 |  8.16  |   7.44  |  5.55 |  12.4 |  7.578   |  5.55 | 7.158  |  7.47 | 10.48 | 10.0 |
|  Darya  | 8.163 | 36.32  |  8.274  | 5.984 |  0.0  |  11.05   | 5.984 | 7.766  |  8.16 | 8.308 | 10.0 |
+---------+-------+--------+---------+-------+-------+----------+-------+--------+-------+-------+------+
297310 left -> 18.181608463440128 bits left

2 MN#3.0 E08
Alicia -> Steffen
Darya -> Danilo
Jenny -> Emanuell
Kim -> Teezy
Marie -> Elia
Paulina -> Mike
Sabrina -> Peter
Sandra -> Paco
Shakira -> Fabio
Steffi -> Marvin
-> I = 2.095638151246178
+---------+-------+--------+---------+-------+-------+----------+-------+--------+-------+-------+------+
|         |  Mike | Danilo | Steffen | Teezy |  Elia | Emanuell | Fabio | Marvin | Peter |  Paco | Max  |
+---------+-------+--------+---------+-------+-------+----------+-------+--------+-------+-------+------+
| Sabrina | 14.16 | 5.736  |  8.539  | 5.736 | 11.57 |  21.69   | 5.779 | 7.174  | 13.13 | 6.484 | 10.0 |
|  Sandra | 6.038 | 3.364  |  6.498  | 4.442 | 15.63 |  5.722   | 4.744 | 6.268  | 6.067 | 41.23 | 10.0 |
| Shakira | 7.706 | 5.794  |  8.353  | 5.894 | 12.19 |  7.907   | 9.517 |  22.4  | 13.54 | 6.699 | 10.0 |
| Paulina | 12.49 | 9.172  |  22.56  | 5.894 | 12.54 |  8.007   | 6.239 | 8.036  | 8.137 | 6.929 | 10.0 |
|  Marie  | 5.808 | 4.011  |  6.009  | 3.335 | 14.66 |  5.736   | 44.48 | 5.607  | 5.851 |  4.5  | 10.0 |
|  Jenny  |  11.1 |  0.0   |  11.34  |  8.18 |  0.0  |  20.17   | 8.583 | 20.41  |  11.8 |  8.41 | 10.0 |
|  Steffi | 5.736 | 4.112  |  5.894  | 47.11 | 9.186 |  5.808   | 3.422 | 8.122  | 5.808 | 4.802 | 10.0 |
|  Alicia | 8.611 | 5.837  |  15.96  | 5.952 | 12.06 |  8.309   | 6.282 | 8.281  | 21.97 | 6.742 | 10.0 |
|   Kim   | 22.77 | 6.182  |  8.597  | 8.928 | 12.16 |  7.936   | 6.412 | 8.108  | 8.079 | 10.83 | 10.0 |
|  Darya  | 5.578 | 55.79  |  6.254  | 4.528 |  0.0  |  8.712   | 4.543 | 5.592  | 5.621 | 3.378 | 10.0 |
+---------+-------+--------+---------+-------+-------+----------+-------+--------+-------+-------+------+
69560 left -> 16.08597031219395 bits left

+--------+---+----------+--------+---------+---------+-------+----------+--------+---------+-------+----------+--+---------------------+
|        | R | Sabrina  | Sandra | Shakira | Paulina | Marie |  Jenny   | Steffi |  Alicia |  Kim  |  Darya   |  |          I          |
+--------+---+----------+--------+---------+---------+-------+----------+--------+---------+-------+----------+--+---------------------+
| MB#1.0 | 0 |          |        |         |         |       |  Danilo  |        |         |       |          |  | 0.15200309344504995 |
| MN#1.0 | 3 | Emanuell |  Paco  |  Marvin | Steffen | Fabio |   Elia   | Teezy  |  Peter  |  Mike |  Danilo  |  |  3.9925555620206055 |
| MB#2.0 | 0 |          |        |         |         |       |   Elia   |        |         |       |          |  |  0.5676845092893208 |
| MN#2.0 | 2 |   Mike   |  Elia  |  Peter  |  Danilo | Fabio |  Marvin  | Teezy  | Steffen |  Paco | Emanuell |  |  2.0531592770184797 |
| MB#3.0 | 0 |          |        |         |         |       |          |        |         |       |   Elia   |  | 0.16597830439073458 |
| MN#3.0 | 2 |  Peter   |  Paco  |  Fabio  |   Mike  |  Elia | Emanuell | Marvin | Steffen | Teezy |  Danilo  |  |  2.095638151246178  |
+--------+---+----------+--------+---------+---------+-------+----------+--------+---------+-------+----------+--+---------------------+
