в•ӯв”Җв”Җв”Җв”Җв”Җв”Җв”Җв”Җв”Җв”¬в”Җв”Җв”Җв”Җв”Җв”Җв”Җв”Җв”¬в”Җв”Җв”Җв”Җв”Җв”Җв”Җв”Җв”¬в”Җв”Җв”Җв”Җв”Җв”Җв”Җв”Җв”Җв”Җв”¬в”Җв”Җв”Җв”Җв”Җв”Җв”Җв”Җв”¬в”Җв”Җв”Җв”Җв”Җв”Җв”Җв”Җв”¬в”Җв”Җв”Җв”Җв”Җв”Җв”Җв”Җв”¬в”Җв”Җв”Җв”Җв”Җв”Җв”Җв”Җв”¬в”Җв”Җв”Җв”Җв”Җв”Җв”Җв”Җв”¬в”Җв”Җв”Җв”Җв”Җв”Җв”Җв”Җв”Җв”¬в”Җв”Җв”Җв”Җв”Җв”Җв”Җв”Җв”¬в”Җв”Җв”Җв”Җв”Җв”Җв”Җв”Җв•®
в”Ӯ         в”Ҷ Danilo в”Ҷ Elia   в”Ҷ Emanuell в”Ҷ Fabio  в”Ҷ Marvin в”Ҷ Mike   в”Ҷ Paco   в”Ҷ Peter  в”Ҷ Steffen в”Ҷ Teezy  в”Ҷ Max    в”Ӯ
в•һв•җв•җв•җв•җв•җв•җв•җв•җв•җв•Әв•җв•җв•җв•җв•җв•җв•җв•җв•Әв•җв•җв•җв•җв•җв•җв•җв•җв•Әв•җв•җв•җв•җв•җв•җв•җв•җв•җв•җв•Әв•җв•җв•җв•җв•җв•җв•җв•җв•Әв•җв•җв•җв•җв•җв•җв•җв•җв•Әв•җв•җв•җв•җв•җв•җв•җв•җв•Әв•җв•җв•җв•җв•җв•җв•җв•җв•Әв•җв•җв•җв•җв•җв•җв•җв•җв•Әв•җв•җв•җв•җв•җв•җв•җв•җв•җв•Әв•җв•җв•җв•җв•җв•җв•җв•җв•Әв•җв•җв•җв•җв•җв•җв•җв•җв•Ў
в”Ӯ Alicia  в”Ҷ 10.000 в”Ҷ 10.000 в”Ҷ 10.000   в”Ҷ 10.000 в”Ҷ 10.000 в”Ҷ 10.000 в”Ҷ 10.000 в”Ҷ 10.000 в”Ҷ 10.000  в”Ҷ 10.000 в”Ҷ 10.000 в”Ӯ
в”Ӯ Darya   в”Ҷ 10.000 в”Ҷ 10.000 в”Ҷ 10.000   в”Ҷ 10.000 в”Ҷ 10.000 в”Ҷ 10.000 в”Ҷ 10.000 в”Ҷ 10.000 в”Ҷ 10.000  в”Ҷ 10.000 в”Ҷ 10.000 в”Ӯ
в”Ӯ Jenny   в”Ҷ 10.000 в”Ҷ 10.000 в”Ҷ 10.000   в”Ҷ 10.000 в”Ҷ 10.000 в”Ҷ 10.000 в”Ҷ 10.000 в”Ҷ 10.000 в”Ҷ 10.000  в”Ҷ 10.000 в”Ҷ 10.000 в”Ӯ
в”Ӯ Kim     в”Ҷ 10.000 в”Ҷ 10.000 в”Ҷ 10.000   в”Ҷ 10.000 в”Ҷ 10.000 в”Ҷ 10.000 в”Ҷ 10.000 в”Ҷ 10.000 в”Ҷ 10.000  в”Ҷ 10.000 в”Ҷ 10.000 в”Ӯ
в”Ӯ Marie   в”Ҷ 10.000 в”Ҷ 10.000 в”Ҷ 10.000   в”Ҷ 10.000 в”Ҷ 10.000 в”Ҷ 10.000 в”Ҷ 10.000 в”Ҷ 10.000 в”Ҷ 10.000  в”Ҷ 10.000 в”Ҷ 10.000 в”Ӯ
в”Ӯ Paulina в”Ҷ 10.000 в”Ҷ 10.000 в”Ҷ 10.000   в”Ҷ 10.000 в”Ҷ 10.000 в”Ҷ 10.000 в”Ҷ 10.000 в”Ҷ 10.000 в”Ҷ 10.000  в”Ҷ 10.000 в”Ҷ 10.000 в”Ӯ
в”Ӯ Sabrina в”Ҷ 10.000 в”Ҷ 10.000 в”Ҷ 10.000   в”Ҷ 10.000 в”Ҷ 10.000 в”Ҷ 10.000 в”Ҷ 10.000 в”Ҷ 10.000 в”Ҷ 10.000  в”Ҷ 10.000 в”Ҷ 10.000 в”Ӯ
в”Ӯ Sandra  в”Ҷ 10.000 в”Ҷ 10.000 в”Ҷ 10.000   в”Ҷ 10.000 в”Ҷ 10.000 в”Ҷ 10.000 в”Ҷ 10.000 в”Ҷ 10.000 в”Ҷ 10.000  в”Ҷ 10.000 в”Ҷ 10.000 в”Ӯ
в”Ӯ Shakira в”Ҷ 10.000 в”Ҷ 10.000 в”Ҷ 10.000   в”Ҷ 10.000 в”Ҷ 10.000 в”Ҷ 10.000 в”Ҷ 10.000 в”Ҷ 10.000 в”Ҷ 10.000  в”Ҷ 10.000 в”Ҷ 10.000 в”Ӯ
в”Ӯ Steffi  в”Ҷ 10.000 в”Ҷ 10.000 в”Ҷ 10.000   в”Ҷ 10.000 в”Ҷ 10.000 в”Ҷ 10.000 в”Ҷ 10.000 в”Ҷ 10.000 в”Ҷ 10.000  в”Ҷ 10.000 в”Ҷ 10.000 в”Ӯ
в•°в”Җв”Җв”Җв”Җв”Җв”Җв”Җв”Җв”Җв”ҙв”Җв”Җв”Җв”Җв”Җв”Җв”Җв”Җв”ҙв”Җв”Җв”Җв”Җв”Җв”Җв”Җв”Җв”ҙв”Җв”Җв”Җв”Җв”Җв”Җв”Җв”Җв”Җв”Җв”ҙв”Җв”Җв”Җв”Җв”Җв”Җв”Җв”Җв”ҙв”Җв”Җв”Җв”Җв”Җв”Җв”Җв”Җв”ҙв”Җв”Җв”Җв”Җв”Җв”Җв”Җв”Җв”ҙв”Җв”Җв”Җв”Җв”Җв”Җв”Җв”Җв”ҙв”Җв”Җв”Җв”Җв”Җв”Җв”Җв”Җв”ҙв”Җв”Җв”Җв”Җв”Җв”Җв”Җв”Җв”Җв”ҙв”Җв”Җв”Җв”Җв”Җв”Җв”Җв”Җв”ҙв”Җв”Җв”Җв”Җв”Җв”Җв”Җв”Җв•Ҝ
199584000 left -> 27.57242082824161 bits left

0 MB#1.0 E03
Jenny -> Danilo
-> I = 0.15200309344504995
в•ӯв”Җв”Җв”Җв”Җв”Җв”Җв”Җв”Җв”Җв”¬в”Җв”Җв”Җв”Җв”Җв”Җв”Җв”Җв”¬в”Җв”Җв”Җв”Җв”Җв”Җв”Җв”Җв”¬в”Җв”Җв”Җв”Җв”Җв”Җв”Җв”Җв”Җв”Җв”¬в”Җв”Җв”Җв”Җв”Җв”Җв”Җв”Җв”¬в”Җв”Җв”Җв”Җв”Җв”Җв”Җв”Җв”¬в”Җв”Җв”Җв”Җв”Җв”Җв”Җв”Җв”¬в”Җв”Җв”Җв”Җв”Җв”Җв”Җв”Җв”¬в”Җв”Җв”Җв”Җв”Җв”Җв”Җв”Җв”¬в”Җв”Җв”Җв”Җв”Җв”Җв”Җв”Җв”Җв”¬в”Җв”Җв”Җв”Җв”Җв”Җв”Җв”Җв”¬в”Җв”Җв”Җв”Җв”Җв”Җв”Җв”Җв•®
в”Ӯ         в”Ҷ Danilo в”Ҷ Elia   в”Ҷ Emanuell в”Ҷ Fabio  в”Ҷ Marvin в”Ҷ Mike   в”Ҷ Paco   в”Ҷ Peter  в”Ҷ Steffen в”Ҷ Teezy  в”Ҷ Max    в”Ӯ
в•һв•җв•җв•җв•җв•җв•җв•җв•җв•җв•Әв•җв•җв•җв•җв•җв•җв•җв•җв•Әв•җв•җв•җв•җв•җв•җв•җв•җв•Әв•җв•җв•җв•җв•җв•җв•җв•җв•җв•җв•Әв•җв•җв•җв•җв•җв•җв•җв•җв•Әв•җв•җв•җв•җв•җв•җв•җв•җв•Әв•җв•җв•җв•җв•җв•җв•җв•җв•Әв•җв•җв•җв•җв•җв•җв•җв•җв•Әв•җв•җв•җв•җв•җв•җв•җв•җв•Әв•җв•җв•җв•җв•җв•җв•җв•җв•җв•Әв•җв•җв•җв•җв•җв•җв•җв•җв•Әв•җв•җв•җв•җв•җв•җв•җв•җв•Ў
в”Ӯ Alicia  в”Ҷ 11.111 в”Ҷ 9.899  в”Ҷ 9.899    в”Ҷ 9.899  в”Ҷ 9.899  в”Ҷ 9.899  в”Ҷ 9.899  в”Ҷ 9.899  в”Ҷ 9.899   в”Ҷ 9.899  в”Ҷ 9.899  в”Ӯ
в”Ӯ Darya   в”Ҷ 11.111 в”Ҷ 9.899  в”Ҷ 9.899    в”Ҷ 9.899  в”Ҷ 9.899  в”Ҷ 9.899  в”Ҷ 9.899  в”Ҷ 9.899  в”Ҷ 9.899   в”Ҷ 9.899  в”Ҷ 9.899  в”Ӯ
в”Ӯ Jenny   в”Ҷ 0.000  в”Ҷ 10.909 в”Ҷ 10.909   в”Ҷ 10.909 в”Ҷ 10.909 в”Ҷ 10.909 в”Ҷ 10.909 в”Ҷ 10.909 в”Ҷ 10.909  в”Ҷ 10.909 в”Ҷ 10.909 в”Ӯ
в”Ӯ Kim     в”Ҷ 11.111 в”Ҷ 9.899  в”Ҷ 9.899    в”Ҷ 9.899  в”Ҷ 9.899  в”Ҷ 9.899  в”Ҷ 9.899  в”Ҷ 9.899  в”Ҷ 9.899   в”Ҷ 9.899  в”Ҷ 9.899  в”Ӯ
в”Ӯ Marie   в”Ҷ 11.111 в”Ҷ 9.899  в”Ҷ 9.899    в”Ҷ 9.899  в”Ҷ 9.899  в”Ҷ 9.899  в”Ҷ 9.899  в”Ҷ 9.899  в”Ҷ 9.899   в”Ҷ 9.899  в”Ҷ 9.899  в”Ӯ
в”Ӯ Paulina в”Ҷ 11.111 в”Ҷ 9.899  в”Ҷ 9.899    в”Ҷ 9.899  в”Ҷ 9.899  в”Ҷ 9.899  в”Ҷ 9.899  в”Ҷ 9.899  в”Ҷ 9.899   в”Ҷ 9.899  в”Ҷ 9.899  в”Ӯ
в”Ӯ Sabrina в”Ҷ 11.111 в”Ҷ 9.899  в”Ҷ 9.899    в”Ҷ 9.899  в”Ҷ 9.899  в”Ҷ 9.899  в”Ҷ 9.899  в”Ҷ 9.899  в”Ҷ 9.899   в”Ҷ 9.899  в”Ҷ 9.899  в”Ӯ
в”Ӯ Sandra  в”Ҷ 11.111 в”Ҷ 9.899  в”Ҷ 9.899    в”Ҷ 9.899  в”Ҷ 9.899  в”Ҷ 9.899  в”Ҷ 9.899  в”Ҷ 9.899  в”Ҷ 9.899   в”Ҷ 9.899  в”Ҷ 9.899  в”Ӯ
в”Ӯ Shakira в”Ҷ 11.111 в”Ҷ 9.899  в”Ҷ 9.899    в”Ҷ 9.899  в”Ҷ 9.899  в”Ҷ 9.899  в”Ҷ 9.899  в”Ҷ 9.899  в”Ҷ 9.899   в”Ҷ 9.899  в”Ҷ 9.899  в”Ӯ
в”Ӯ Steffi  в”Ҷ 11.111 в”Ҷ 9.899  в”Ҷ 9.899    в”Ҷ 9.899  в”Ҷ 9.899  в”Ҷ 9.899  в”Ҷ 9.899  в”Ҷ 9.899  в”Ҷ 9.899   в”Ҷ 9.899  в”Ҷ 9.899  в”Ӯ
в•°в”Җв”Җв”Җв”Җв”Җв”Җв”Җв”Җв”Җв”ҙв”Җв”Җв”Җв”Җв”Җв”Җв”Җв”Җв”ҙв”Җв”Җв”Җв”Җв”Җв”Җв”Җв”Җв”ҙв”Җв”Җв”Җв”Җв”Җв”Җв”Җв”Җв”Җв”Җв”ҙв”Җв”Җв”Җв”Җв”Җв”Җв”Җв”Җв”ҙв”Җв”Җв”Җв”Җв”Җв”Җв”Җв”Җв”ҙв”Җв”Җв”Җв”Җв”Җв”Җв”Җв”Җв”ҙв”Җв”Җв”Җв”Җв”Җв”Җв”Җв”Җв”ҙв”Җв”Җв”Җв”Җв”Җв”Җв”Җв”Җв”ҙв”Җв”Җв”Җв”Җв”Җв”Җв”Җв”Җв”Җв”ҙв”Җв”Җв”Җв”Җв”Җв”Җв”Җв”Җв”ҙв”Җв”Җв”Җв”Җв”Җв”Җв”Җв”Җв•Ҝ
179625600 left -> 27.420417734796562 bits left

3 MN#1.0 E04
Marie -> Fabio
Darya -> Danilo
Kim -> Mike
Steffi -> Teezy
Sabrina -> Emanuell
Paulina -> Steffen
Jenny -> Elia
Shakira -> Marvin
Alicia -> Peter
Sandra -> Paco
-> I = 4.005645285128453
в•ӯв”Җв”Җв”Җв”Җв”Җв”Җв”Җв”Җв”Җв”¬в”Җв”Җв”Җв”Җв”Җв”Җв”Җв”Җв”¬в”Җв”Җв”Җв”Җв”Җв”Җв”Җв”Җв”¬в”Җв”Җв”Җв”Җв”Җв”Җв”Җв”Җв”Җв”Җв”¬в”Җв”Җв”Җв”Җв”Җв”Җв”Җв”Җв”¬в”Җв”Җв”Җв”Җв”Җв”Җв”Җв”Җв”¬в”Җв”Җв”Җв”Җв”Җв”Җв”Җв”Җв”¬в”Җв”Җв”Җв”Җв”Җв”Җв”Җв”Җв”¬в”Җв”Җв”Җв”Җв”Җв”Җв”Җв”Җв”¬в”Җв”Җв”Җв”Җв”Җв”Җв”Җв”Җв”Җв”¬в”Җв”Җв”Җв”Җв”Җв”Җв”Җв”Җв”¬в”Җв”Җв”Җв”Җв”Җв”Җв”Җв”Җв•®
в”Ӯ         в”Ҷ Danilo в”Ҷ Elia   в”Ҷ Emanuell в”Ҷ Fabio  в”Ҷ Marvin в”Ҷ Mike   в”Ҷ Paco   в”Ҷ Peter  в”Ҷ Steffen в”Ҷ Teezy  в”Ҷ Max    в”Ӯ
в•һв•җв•җв•җв•җв•җв•җв•җв•җв•җв•Әв•җв•җв•җв•җв•җв•җв•җв•җв•Әв•җв•җв•җв•җв•җв•җв•җв•җв•Әв•җв•җв•җв•җв•җв•җв•җв•җв•җв•җв•Әв•җв•җв•җв•җв•җв•җв•җв•җв•Әв•җв•җв•җв•җв•җв•җв•җв•җв•Әв•җв•җв•җв•җв•җв•җв•җв•җв•Әв•җв•җв•җв•җв•җв•җв•җв•җв•Әв•җв•җв•җв•җв•җв•җв•җв•җв•Әв•җв•җв•җв•җв•җв•җв•җв•җв•җв•Әв•җв•җв•җв•җв•җв•җв•җв•җв•Әв•җв•җв•җв•җв•җв•җв•җв•җв•Ў
в”Ӯ Alicia  в”Ҷ 8.434  в”Ҷ 7.583  в”Ҷ 7.809    в”Ҷ 7.809  в”Ҷ 7.809  в”Ҷ 7.809  в”Ҷ 7.809  в”Ҷ 29.434 в”Ҷ 7.809   в”Ҷ 7.809  в”Ҷ 9.951  в”Ӯ
в”Ӯ Darya   в”Ҷ 32.530 в”Ҷ 7.340  в”Ҷ 7.583    в”Ҷ 7.583  в”Ҷ 7.583  в”Ҷ 7.583  в”Ҷ 7.583  в”Ҷ 7.583  в”Ҷ 7.583   в”Ҷ 7.583  в”Ҷ 9.705  в”Ӯ
в”Ӯ Jenny   в”Ҷ 0.000  в”Ҷ 32.000 в”Ҷ 8.320    в”Ҷ 8.320  в”Ҷ 8.320  в”Ҷ 8.320  в”Ҷ 8.320  в”Ҷ 8.320  в”Ҷ 8.320   в”Ҷ 8.320  в”Ҷ 10.689 в”Ӯ
в”Ӯ Kim     в”Ҷ 8.434  в”Ҷ 7.583  в”Ҷ 7.809    в”Ҷ 7.809  в”Ҷ 7.809  в”Ҷ 29.434 в”Ҷ 7.809  в”Ҷ 7.809  в”Ҷ 7.809   в”Ҷ 7.809  в”Ҷ 9.951  в”Ӯ
в”Ӯ Marie   в”Ҷ 8.434  в”Ҷ 7.583  в”Ҷ 7.809    в”Ҷ 29.434 в”Ҷ 7.809  в”Ҷ 7.809  в”Ҷ 7.809  в”Ҷ 7.809  в”Ҷ 7.809   в”Ҷ 7.809  в”Ҷ 9.951  в”Ӯ
в”Ӯ Paulina в”Ҷ 8.434  в”Ҷ 7.583  в”Ҷ 7.809    в”Ҷ 7.809  в”Ҷ 7.809  в”Ҷ 7.809  в”Ҷ 7.809  в”Ҷ 7.809  в”Ҷ 29.434  в”Ҷ 7.809  в”Ҷ 9.951  в”Ӯ
в”Ӯ Sabrina в”Ҷ 8.434  в”Ҷ 7.583  в”Ҷ 29.434   в”Ҷ 7.809  в”Ҷ 7.809  в”Ҷ 7.809  в”Ҷ 7.809  в”Ҷ 7.809  в”Ҷ 7.809   в”Ҷ 7.809  в”Ҷ 9.951  в”Ӯ
в”Ӯ Sandra  в”Ҷ 8.434  в”Ҷ 7.583  в”Ҷ 7.809    в”Ҷ 7.809  в”Ҷ 7.809  в”Ҷ 7.809  в”Ҷ 29.434 в”Ҷ 7.809  в”Ҷ 7.809   в”Ҷ 7.809  в”Ҷ 9.951  в”Ӯ
в”Ӯ Shakira в”Ҷ 8.434  в”Ҷ 7.583  в”Ҷ 7.809    в”Ҷ 7.809  в”Ҷ 29.434 в”Ҷ 7.809  в”Ҷ 7.809  в”Ҷ 7.809  в”Ҷ 7.809   в”Ҷ 7.809  в”Ҷ 9.951  в”Ӯ
в”Ӯ Steffi  в”Ҷ 8.434  в”Ҷ 7.583  в”Ҷ 7.809    в”Ҷ 7.809  в”Ҷ 7.809  в”Ҷ 7.809  в”Ҷ 7.809  в”Ҷ 7.809  в”Ҷ 7.809   в”Ҷ 29.434 в”Ҷ 9.951  в”Ӯ
в•°в”Җв”Җв”Җв”Җв”Җв”Җв”Җв”Җв”Җв”ҙв”Җв”Җв”Җв”Җв”Җв”Җв”Җв”Җв”ҙв”Җв”Җв”Җв”Җв”Җв”Җв”Җв”Җв”ҙв”Җв”Җв”Җв”Җв”Җв”Җв”Җв”Җв”Җв”Җв”ҙв”Җв”Җв”Җв”Җв”Җв”Җв”Җв”Җв”ҙв”Җв”Җв”Җв”Җв”Җв”Җв”Җв”Җв”ҙв”Җв”Җв”Җв”Җв”Җв”Җв”Җв”Җв”ҙв”Җв”Җв”Җв”Җв”Җв”Җв”Җв”Җв”ҙв”Җв”Җв”Җв”Җв”Җв”Җв”Җв”Җв”ҙв”Җв”Җв”Җв”Җв”Җв”Җв”Җв”Җв”Җв”ҙв”Җв”Җв”Җв”Җв”Җв”Җв”Җв”Җв”ҙв”Җв”Җв”Җв”Җв”Җв”Җв”Җв”Җв•Ҝ
11182756 left -> 23.41477244966811 bits left

0 MB#2.0 E05
Jenny -> Elia
-> I = 0.556383877653229
в•ӯв”Җв”Җв”Җв”Җв”Җв”Җв”Җв”Җв”Җв”¬в”Җв”Җв”Җв”Җв”Җв”Җв”Җв”Җв”¬в”Җв”Җв”Җв”Җв”Җв”Җв”Җв”Җв”¬в”Җв”Җв”Җв”Җв”Җв”Җв”Җв”Җв”Җв”Җв”¬в”Җв”Җв”Җв”Җв”Җв”Җв”Җв”Җв”¬в”Җв”Җв”Җв”Җв”Җв”Җв”Җв”Җв”¬в”Җв”Җв”Җв”Җв”Җв”Җв”Җв”Җв”¬в”Җв”Җв”Җв”Җв”Җв”Җв”Җв”Җв”¬в”Җв”Җв”Җв”Җв”Җв”Җв”Җв”Җв”¬в”Җв”Җв”Җв”Җв”Җв”Җв”Җв”Җв”Җв”¬в”Җв”Җв”Җв”Җв”Җв”Җв”Җв”Җв”¬в”Җв”Җв”Җв”Җв”Җв”Җв”Җв”Җв•®
в”Ӯ         в”Ҷ Danilo в”Ҷ Elia   в”Ҷ Emanuell в”Ҷ Fabio  в”Ҷ Marvin в”Ҷ Mike   в”Ҷ Paco   в”Ҷ Peter  в”Ҷ Steffen в”Ҷ Teezy  в”Ҷ Max    в”Ӯ
в•һв•җв•җв•җв•җв•җв•җв•җв•җв•җв•Әв•җв•җв•җв•җв•җв•җв•җв•җв•Әв•җв•җв•җв•җв•җв•җв•җв•җв•Әв•җв•җв•җв•җв•җв•җв•җв•җв•җв•җв•Әв•җв•җв•җв•җв•җв•җв•җв•җв•Әв•җв•җв•җв•җв•җв•җв•җв•җв•Әв•җв•җв•җв•җв•җв•җв•җв•җв•Әв•җв•җв•җв•җв•җв•җв•җв•җв•Әв•җв•җв•җв•җв•җв•җв•җв•җв•Әв•җв•җв•җв•җв•җв•җв•җв•җв•җв•Әв•җв•җв•җв•җв•җв•җв•җв•җв•Әв•җв•җв•җв•җв•җв•җв•җв•җв•Ў
в”Ӯ Alicia  в”Ҷ 7.849  в”Ҷ 11.151 в”Ҷ 7.002    в”Ҷ 7.002  в”Ҷ 7.002  в”Ҷ 7.002  в”Ҷ 7.002  в”Ҷ 32.849 в”Ҷ 7.002   в”Ҷ 7.002  в”Ҷ 9.501  в”Ӯ
в”Ӯ Darya   в”Ҷ 37.207 в”Ҷ 10.793 в”Ҷ 6.683    в”Ҷ 6.683  в”Ҷ 6.683  в”Ҷ 6.683  в”Ҷ 6.683  в”Ҷ 6.683  в”Ҷ 6.683   в”Ҷ 6.683  в”Ҷ 9.152  в”Ӯ
в”Ӯ Jenny   в”Ҷ 0.000  в”Ҷ 0.000  в”Ҷ 11.456   в”Ҷ 11.456 в”Ҷ 11.456 в”Ҷ 11.456 в”Ҷ 11.456 в”Ҷ 11.456 в”Ҷ 11.456  в”Ҷ 11.456 в”Ҷ 14.841 в”Ӯ
в”Ӯ Kim     в”Ҷ 7.849  в”Ҷ 11.151 в”Ҷ 7.002    в”Ҷ 7.002  в”Ҷ 7.002  в”Ҷ 32.849 в”Ҷ 7.002  в”Ҷ 7.002  в”Ҷ 7.002   в”Ҷ 7.002  в”Ҷ 9.501  в”Ӯ
в”Ӯ Marie   в”Ҷ 7.849  в”Ҷ 11.151 в”Ҷ 7.002    в”Ҷ 32.849 в”Ҷ 7.002  в”Ҷ 7.002  в”Ҷ 7.002  в”Ҷ 7.002  в”Ҷ 7.002   в”Ҷ 7.002  в”Ҷ 9.501  в”Ӯ
в”Ӯ Paulina в”Ҷ 7.849  в”Ҷ 11.151 в”Ҷ 7.002    в”Ҷ 7.002  в”Ҷ 7.002  в”Ҷ 7.002  в”Ҷ 7.002  в”Ҷ 7.002  в”Ҷ 32.849  в”Ҷ 7.002  в”Ҷ 9.501  в”Ӯ
в”Ӯ Sabrina в”Ҷ 7.849  в”Ҷ 11.151 в”Ҷ 32.849   в”Ҷ 7.002  в”Ҷ 7.002  в”Ҷ 7.002  в”Ҷ 7.002  в”Ҷ 7.002  в”Ҷ 7.002   в”Ҷ 7.002  в”Ҷ 9.501  в”Ӯ
в”Ӯ Sandra  в”Ҷ 7.849  в”Ҷ 11.151 в”Ҷ 7.002    в”Ҷ 7.002  в”Ҷ 7.002  в”Ҷ 7.002  в”Ҷ 32.849 в”Ҷ 7.002  в”Ҷ 7.002   в”Ҷ 7.002  в”Ҷ 9.501  в”Ӯ
в”Ӯ Shakira в”Ҷ 7.849  в”Ҷ 11.151 в”Ҷ 7.002    в”Ҷ 7.002  в”Ҷ 32.849 в”Ҷ 7.002  в”Ҷ 7.002  в”Ҷ 7.002  в”Ҷ 7.002   в”Ҷ 7.002  в”Ҷ 9.501  в”Ӯ
в”Ӯ Steffi  в”Ҷ 7.849  в”Ҷ 11.151 в”Ҷ 7.002    в”Ҷ 7.002  в”Ҷ 7.002  в”Ҷ 7.002  в”Ҷ 7.002  в”Ҷ 7.002  в”Ҷ 7.002   в”Ҷ 32.849 в”Ҷ 9.501  в”Ӯ
в•°в”Җв”Җв”Җв”Җв”Җв”Җв”Җв”Җв”Җв”ҙв”Җв”Җв”Җв”Җв”Җв”Җв”Җв”Җв”ҙв”Җв”Җв”Җв”Җв”Җв”Җв”Җв”Җв”ҙв”Җв”Җв”Җв”Җв”Җв”Җв”Җв”Җв”Җв”Җв”ҙв”Җв”Җв”Җв”Җв”Җв”Җв”Җв”Җв”ҙв”Җв”Җв”Җв”Җв”Җв”Җв”Җв”Җв”ҙв”Җв”Җв”Җв”Җв”Җв”Җв”Җв”Җв”ҙв”Җв”Җв”Җв”Җв”Җв”Җв”Җв”Җв”ҙв”Җв”Җв”Җв”Җв”Җв”Җв”Җв”Җв”ҙв”Җв”Җв”Җв”Җв”Җв”Җв”Җв”Җв”Җв”ҙв”Җв”Җв”Җв”Җв”Җв”Җв”Җв”Җв”ҙв”Җв”Җв”Җв”Җв”Җв”Җв”Җв”Җв•Ҝ
7604324 left -> 22.85838857201488 bits left

2 MN#2.0 E06
Marie -> Fabio
Kim -> Paco
Jenny -> Marvin
Steffi -> Teezy
Sabrina -> Mike
Alicia -> Steffen
Shakira -> Peter
Paulina -> Danilo
Sandra -> Elia
Darya -> Emanuell
-> I = 2.036690095634471
в•ӯв”Җв”Җв”Җв”Җв”Җв”Җв”Җв”Җв”Җв”¬в”Җв”Җв”Җв”Җв”Җв”Җв”Җв”Җв”¬в”Җв”Җв”Җв”Җв”Җв”Җв”Җв”Җв”¬в”Җв”Җв”Җв”Җв”Җв”Җв”Җв”Җв”Җв”Җв”¬в”Җв”Җв”Җв”Җв”Җв”Җв”Җв”Җв”¬в”Җв”Җв”Җв”Җв”Җв”Җв”Җв”Җв”¬в”Җв”Җв”Җв”Җв”Җв”Җв”Җв”Җв”¬в”Җв”Җв”Җв”Җв”Җв”Җв”Җв”Җв”¬в”Җв”Җв”Җв”Җв”Җв”Җв”Җв”Җв”¬в”Җв”Җв”Җв”Җв”Җв”Җв”Җв”Җв”Җв”¬в”Җв”Җв”Җв”Җв”Җв”Җв”Җв”Җв”¬в”Җв”Җв”Җв”Җв”Җв”Җв”Җв”Җв•®
в”Ӯ         в”Ҷ Danilo в”Ҷ Elia   в”Ҷ Emanuell в”Ҷ Fabio  в”Ҷ Marvin в”Ҷ Mike   в”Ҷ Paco   в”Ҷ Peter  в”Ҷ Steffen в”Ҷ Teezy  в”Ҷ Max    в”Ӯ
в•һв•җв•җв•җв•җв•җв•җв•җв•җв•җв•Әв•җв•җв•җв•җв•җв•җв•җв•җв•Әв•җв•җв•җв•җв•җв•җв•җв•җв•Әв•җв•җв•җв•җв•җв•җв•җв•җв•җв•җв•Әв•җв•җв•җв•җв•җв•җв•җв•җв•Әв•җв•җв•җв•җв•җв•җв•җв•җв•Әв•җв•җв•җв•җв•җв•җв•җв•җв•Әв•җв•җв•җв•җв•җв•җв•җв•җв•Әв•җв•җв•җв•җв•җв•җв•җв•җв•Әв•җв•җв•җв•җв•җв•җв•җв•җв•җв•Әв•җв•җв•җв•җв•җв•җв•җв•җв•Әв•җв•җв•җв•җв•җв•җв•җв•җв•Ў
в”Ӯ Alicia  в”Ҷ 8.526  в”Ҷ 10.961 в”Ҷ 7.606    в”Ҷ 5.564  в”Ҷ 7.354  в”Ҷ 7.575  в”Ҷ 7.666  в”Ҷ 28.491 в”Ҷ 10.749  в”Ҷ 5.564  в”Ҷ 9.929  в”Ӯ
в”Ӯ Darya   в”Ҷ 32.071 в”Ҷ 10.759 в”Ҷ 10.251   в”Ҷ 5.403  в”Ҷ 7.069  в”Ҷ 7.334  в”Ҷ 7.437  в”Ҷ 7.357  в”Ҷ 7.415   в”Ҷ 5.403  в”Ҷ 9.680  в”Ӯ
в”Ӯ Jenny   в”Ҷ 0.000  в”Ҷ 0.000  в”Ҷ 11.459   в”Ҷ 8.407  в”Ҷ 17.933 в”Ҷ 11.444 в”Ҷ 11.484 в”Ҷ 11.408 в”Ҷ 11.449  в”Ҷ 8.407  в”Ҷ 14.605 в”Ӯ
в”Ӯ Kim     в”Ҷ 8.546  в”Ҷ 10.919 в”Ҷ 7.635    в”Ҷ 5.571  в”Ҷ 7.320  в”Ҷ 28.479 в”Ҷ 10.844 в”Ҷ 7.585  в”Ҷ 7.591   в”Ҷ 5.571  в”Ҷ 9.927  в”Ӯ
в”Ӯ Marie   в”Ҷ 6.576  в”Ҷ 8.585  в”Ҷ 5.937    в”Ҷ 49.558 в”Ҷ 5.577  в”Ҷ 5.892  в”Ҷ 5.972  в”Ҷ 5.898  в”Ҷ 5.922   в”Ҷ 3.431  в”Ҷ 8.157  в”Ӯ
в”Ӯ Paulina в”Ҷ 12.209 в”Ҷ 10.924 в”Ҷ 7.550    в”Ҷ 5.532  в”Ҷ 7.324  в”Ҷ 7.562  в”Ҷ 7.634  в”Ҷ 7.617  в”Ҷ 28.264  в”Ҷ 5.532  в”Ҷ 9.905  в”Ӯ
в”Ӯ Sabrina в”Ҷ 8.578  в”Ҷ 10.949 в”Ҷ 28.538   в”Ҷ 5.563  в”Ҷ 7.337  в”Ҷ 10.773 в”Ҷ 7.592  в”Ҷ 7.564  в”Ҷ 7.606   в”Ҷ 5.563  в”Ҷ 9.926  в”Ӯ
в”Ӯ Sandra  в”Ҷ 8.295  в”Ҷ 17.309 в”Ҷ 7.399    в”Ҷ 5.314  в”Ҷ 7.130  в”Ҷ 7.372  в”Ҷ 27.662 в”Ҷ 7.365  в”Ҷ 7.409   в”Ҷ 5.314  в”Ҷ 9.705  в”Ӯ
в”Ӯ Shakira в”Ҷ 8.623  в”Ҷ 11.010 в”Ҷ 7.687    в”Ҷ 5.657  в”Ҷ 27.379 в”Ҷ 7.676  в”Ҷ 7.737  в”Ҷ 10.817 в”Ҷ 7.674   в”Ҷ 5.657  в”Ҷ 10.008 в”Ӯ
в”Ӯ Steffi  в”Ҷ 6.576  в”Ҷ 8.585  в”Ҷ 5.937    в”Ҷ 3.431  в”Ҷ 5.577  в”Ҷ 5.892  в”Ҷ 5.972  в”Ҷ 5.898  в”Ҷ 5.922   в”Ҷ 49.558 в”Ҷ 8.157  в”Ӯ
в•°в”Җв”Җв”Җв”Җв”Җв”Җв”Җв”Җв”Җв”ҙв”Җв”Җв”Җв”Җв”Җв”Җв”Җв”Җв”ҙв”Җв”Җв”Җв”Җв”Җв”Җв”Җв”Җв”ҙв”Җв”Җв”Җв”Җв”Җв”Җв”Җв”Җв”Җв”Җв”ҙв”Җв”Җв”Җв”Җв”Җв”Җв”Җв”Җв”ҙв”Җв”Җв”Җв”Җв”Җв”Җв”Җв”Җв”ҙв”Җв”Җв”Җв”Җв”Җв”Җв”Җв”Җв”ҙв”Җв”Җв”Җв”Җв”Җв”Җв”Җв”Җв”ҙв”Җв”Җв”Җв”Җв”Җв”Җв”Җв”Җв”ҙв”Җв”Җв”Җв”Җв”Җв”Җв”Җв”Җв”Җв”ҙв”Җв”Җв”Җв”Җв”Җв”Җв”Җв”Җв”ҙв”Җв”Җв”Җв”Җв”Җв”Җв”Җв”Җв•Ҝ
1853343 left -> 20.821698476380412 bits left

0 MB#3.0 E07
Darya -> Elia
-> I = 0.1642134132388004
в•ӯв”Җв”Җв”Җв”Җв”Җв”Җв”Җв”Җв”Җв”¬в”Җв”Җв”Җв”Җв”Җв”Җв”Җв”Җв”¬в”Җв”Җв”Җв”Җв”Җв”Җв”Җв”Җв”¬в”Җв”Җв”Җв”Җв”Җв”Җв”Җв”Җв”Җв”Җв”¬в”Җв”Җв”Җв”Җв”Җв”Җв”Җв”Җв”¬в”Җв”Җв”Җв”Җв”Җв”Җв”Җв”Җв”¬в”Җв”Җв”Җв”Җв”Җв”Җв”Җв”Җв”¬в”Җв”Җв”Җв”Җв”Җв”Җв”Җв”Җв”¬в”Җв”Җв”Җв”Җв”Җв”Җв”Җв”Җв”¬в”Җв”Җв”Җв”Җв”Җв”Җв”Җв”Җв”Җв”¬в”Җв”Җв”Җв”Җв”Җв”Җв”Җв”Җв”¬в”Җв”Җв”Җв”Җв”Җв”Җв”Җв”Җв•®
в”Ӯ         в”Ҷ Danilo в”Ҷ Elia   в”Ҷ Emanuell в”Ҷ Fabio  в”Ҷ Marvin в”Ҷ Mike   в”Ҷ Paco   в”Ҷ Peter  в”Ҷ Steffen в”Ҷ Teezy  в”Ҷ Max    в”Ӯ
в•һв•җв•җв•җв•җв•җв•җв•җв•җв•җв•Әв•җв•җв•җв•җв•җв•җв•җв•җв•Әв•җв•җв•җв•җв•җв•җв•җв•җв•Әв•җв•җв•җв•җв•җв•җв•җв•җв•җв•җв•Әв•җв•җв•җв•җв•җв•җв•җв•җв•Әв•җв•җв•җв•җв•җв•җв•җв•җв•Әв•җв•җв•җв•җв•җв•җв•җв•җв•Әв•җв•җв•җв•җв•җв•җв•җв•җв•Әв•җв•җв•җв•җв•җв•җв•җв•җв•Әв•җв•җв•җв•җв•җв•җв•җв•җв•җв•Әв•җв•җв•җв•җв•җв•җв•җв•җв•Әв•җв•җв•җв•җв•җв•җв•җв•җв•Ў
в”Ӯ Alicia  в”Ҷ 8.150  в”Ҷ 12.282 в”Ҷ 7.513    в”Ҷ 5.567  в”Ҷ 7.268  в”Ҷ 7.490  в”Ҷ 7.606  в”Ҷ 28.264 в”Ҷ 10.605  в”Ҷ 5.567  в”Ҷ 9.787  в”Ӯ
в”Ӯ Darya   в”Ҷ 35.272 в”Ҷ 0.000  в”Ҷ 11.229   в”Ҷ 5.940  в”Ҷ 7.762  в”Ҷ 8.051  в”Ҷ 8.169  в”Ҷ 8.076  в”Ҷ 8.140   в”Ҷ 5.940  в”Ҷ 10.628 в”Ӯ
в”Ӯ Jenny   в”Ҷ 0.000  в”Ҷ 0.000  в”Ҷ 11.418   в”Ҷ 8.496  в”Ҷ 17.798 в”Ҷ 11.450 в”Ҷ 11.525 в”Ҷ 11.405 в”Ҷ 11.442  в”Ҷ 8.496  в”Ҷ 14.581 в”Ӯ
в”Ӯ Kim     в”Ҷ 8.178  в”Ҷ 12.235 в”Ҷ 7.554    в”Ҷ 5.575  в”Ҷ 7.251  в”Ҷ 28.262 в”Ҷ 10.687 в”Ҷ 7.501  в”Ҷ 7.492   в”Ҷ 5.575  в”Ҷ 9.792  в”Ӯ
в”Ӯ Marie   в”Ҷ 6.364  в”Ҷ 9.620  в”Ҷ 5.899    в”Ҷ 48.830 в”Ҷ 5.584  в”Ҷ 5.886  в”Ҷ 5.998  в”Ҷ 5.892  в”Ҷ 5.907   в”Ҷ 3.527  в”Ҷ 8.110  в”Ӯ
в”Ӯ Paulina в”Ҷ 11.335 в”Ҷ 12.241 в”Ҷ 7.492    в”Ҷ 5.574  в”Ҷ 7.281  в”Ҷ 7.515  в”Ҷ 7.623  в”Ҷ 7.555  в”Ҷ 28.131  в”Ҷ 5.574  в”Ҷ 9.807  в”Ӯ
в”Ӯ Sabrina в”Ҷ 8.238  в”Ҷ 12.269 в”Ҷ 28.119   в”Ҷ 5.585  в”Ҷ 7.292  в”Ҷ 10.610 в”Ҷ 7.571  в”Ҷ 7.489  в”Ҷ 7.530   в”Ҷ 5.585  в”Ҷ 9.805  в”Ӯ
в”Ӯ Sandra  в”Ҷ 7.847  в”Ҷ 19.396 в”Ҷ 7.276    в”Ҷ 5.246  в”Ҷ 7.026  в”Ҷ 7.260  в”Ҷ 27.138 в”Ҷ 7.244  в”Ҷ 7.289   в”Ҷ 5.246  в”Ҷ 9.514  в”Ӯ
в”Ӯ Shakira в”Ҷ 8.252  в”Ҷ 12.337 в”Ҷ 7.602    в”Ҷ 5.659  в”Ҷ 27.153 в”Ҷ 7.588  в”Ҷ 7.685  в”Ҷ 10.680 в”Ҷ 7.557   в”Ҷ 5.659  в”Ҷ 9.867  в”Ӯ
в”Ӯ Steffi  в”Ҷ 6.364  в”Ҷ 9.620  в”Ҷ 5.899    в”Ҷ 3.527  в”Ҷ 5.584  в”Ҷ 5.886  в”Ҷ 5.998  в”Ҷ 5.892  в”Ҷ 5.907   в”Ҷ 48.830 в”Ҷ 8.110  в”Ӯ
в•°в”Җв”Җв”Җв”Җв”Җв”Җв”Җв”Җв”Җв”ҙв”Җв”Җв”Җв”Җв”Җв”Җв”Җв”Җв”ҙв”Җв”Җв”Җв”Җв”Җв”Җв”Җв”Җв”ҙв”Җв”Җв”Җв”Җв”Җв”Җв”Җв”Җв”Җв”Җв”ҙв”Җв”Җв”Җв”Җв”Җв”Җв”Җв”Җв”ҙв”Җв”Җв”Җв”Җв”Җв”Җв”Җв”Җв”ҙв”Җв”Җв”Җв”Җв”Җв”Җв”Җв”Җв”ҙв”Җв”Җв”Җв”Җв”Җв”Җв”Җв”Җв”ҙв”Җв”Җв”Җв”Җв”Җв”Җв”Җв”Җв”ҙв”Җв”Җв”Җв”Җв”Җв”Җв”Җв”Җв”Җв”ҙв”Җв”Җв”Җв”Җв”Җв”Җв”Җв”Җв”ҙв”Җв”Җв”Җв”Җв”Җв”Җв”Җв”Җв•Ҝ
1653951 left -> 20.65748506314161 bits left

2 MN#3.0 E08
Paulina -> Mike
Jenny -> Emanuell
Kim -> Teezy
Marie -> Elia
Sabrina -> Peter
Shakira -> Fabio
Darya -> Danilo
Sandra -> Paco
Steffi -> Marvin
Alicia -> Steffen
-> I = 2.0888126591304843
в•ӯв”Җв”Җв”Җв”Җв”Җв”Җв”Җв”Җв”Җв”¬в”Җв”Җв”Җв”Җв”Җв”Җв”Җв”Җв”¬в”Җв”Җв”Җв”Җв”Җв”Җв”Җв”Җв”¬в”Җв”Җв”Җв”Җв”Җв”Җв”Җв”Җв”Җв”Җв”¬в”Җв”Җв”Җв”Җв”Җв”Җв”Җв”Җв”¬в”Җв”Җв”Җв”Җв”Җв”Җв”Җв”Җв”¬в”Җв”Җв”Җв”Җв”Җв”Җв”Җв”Җв”¬в”Җв”Җв”Җв”Җв”Җв”Җв”Җв”Җв”¬в”Җв”Җв”Җв”Җв”Җв”Җв”Җв”Җв”¬в”Җв”Җв”Җв”Җв”Җв”Җв”Җв”Җв”Җв”¬в”Җв”Җв”Җв”Җв”Җв”Җв”Җв”Җв”¬в”Җв”Җв”Җв”Җв”Җв”Җв”Җв”Җв•®
в”Ӯ         в”Ҷ Danilo в”Ҷ Elia   в”Ҷ Emanuell в”Ҷ Fabio  в”Ҷ Marvin в”Ҷ Mike   в”Ҷ Paco   в”Ҷ Peter  в”Ҷ Steffen в”Ҷ Teezy  в”Ҷ Max    в”Ӯ
в•һв•җв•җв•җв•җв•җв•җв•җв•җв•җв•Әв•җв•җв•җв•җв•җв•җв•җв•җв•Әв•җв•җв•җв•җв•җв•җв•җв•җв•Әв•җв•җв•җв•җв•җв•җв•җв•җв•җв•җв•Әв•җв•җв•җв•җв•җв•җв•җв•җв•Әв•җв•җв•җв•җв•җв•җв•җв•җв•Әв•җв•җв•җв•җв•җв•җв•җв•җв•Әв•җв•җв•җв•җв•җв•җв•җв•җв•Әв•җв•җв•җв•җв•җв•җв•җв•җв•Әв•җв•җв•җв•җв•җв•җв•җв•җв•җв•Әв•җв•җв•җв•җв•җв•җв•җв•җв•Әв•җв•җв•җв•җв•җв•җв•җв•җв•Ў
в”Ӯ Alicia  в”Ҷ 5.848  в”Ҷ 11.728 в”Ҷ 8.019    в”Ҷ 6.145  в”Ҷ 7.994  в”Ҷ 8.282  в”Ҷ 6.474  в”Ҷ 22.180 в”Ҷ 16.652  в”Ҷ 5.930  в”Ҷ 10.605 в”Ӯ
в”Ӯ Darya   в”Ҷ 54.385 в”Ҷ 0.000  в”Ҷ 9.624    в”Ҷ 4.740  в”Ҷ 5.998  в”Ҷ 6.032  в”Ҷ 3.918  в”Ҷ 6.141  в”Ҷ 6.402   в”Ҷ 4.606  в”Ҷ 8.659  в”Ӯ
в”Ӯ Jenny   в”Ҷ 0.000  в”Ҷ 0.000  в”Ҷ 18.713   в”Ҷ 8.059  в”Ҷ 18.969 в”Ҷ 10.357 в”Ҷ 8.110  в”Ҷ 10.700 в”Ҷ 10.630  в”Ҷ 7.799  в”Ҷ 13.691 в”Ӯ
в”Ӯ Kim     в”Ҷ 6.078  в”Ҷ 11.819 в”Ҷ 7.815    в”Ҷ 6.220  в”Ҷ 7.887  в”Ҷ 23.063 в”Ҷ 10.565 в”Ҷ 8.051  в”Ҷ 8.391   в”Ҷ 9.099  в”Ҷ 10.502 в”Ӯ
в”Ӯ Marie   в”Ҷ 4.352  в”Ҷ 15.509 в”Ҷ 5.937    в”Ҷ 44.632 в”Ҷ 5.932  в”Ҷ 5.997  в”Ҷ 4.805  в”Ҷ 6.080  в”Ҷ 6.142   в”Ҷ 3.818  в”Ҷ 8.386  в”Ӯ
в”Ӯ Paulina в”Ҷ 9.436  в”Ҷ 12.059 в”Ҷ 7.852    в”Ҷ 6.178  в”Ҷ 7.885  в”Ҷ 12.474 в”Ҷ 6.650  в”Ҷ 8.084  в”Ҷ 22.583  в”Ҷ 5.924  в”Ҷ 10.458 в”Ӯ
в”Ӯ Sabrina в”Ҷ 5.773  в”Ҷ 11.331 в”Ҷ 22.196   в”Ҷ 5.845  в”Ҷ 7.326  в”Ҷ 13.807 в”Ҷ 6.278  в”Ҷ 12.923 в”Ҷ 8.283   в”Ҷ 5.738  в”Ҷ 10.241 в”Ӯ
в”Ӯ Sandra  в”Ҷ 3.778  в”Ҷ 16.322 в”Ҷ 6.088    в”Ҷ 4.842  в”Ҷ 6.322  в”Ҷ 6.254  в”Ҷ 41.751 в”Ҷ 6.331  в”Ҷ 6.461   в”Ҷ 4.583  в”Ҷ 8.648  в”Ӯ
в”Ӯ Shakira в”Ҷ 5.871  в”Ҷ 11.781 в”Ҷ 7.751    в”Ҷ 9.441  в”Ҷ 22.632 в”Ҷ 7.705  в”Ҷ 6.495  в”Ҷ 13.414 в”Ҷ 8.234   в”Ҷ 5.925  в”Ҷ 10.332 в”Ӯ
в”Ӯ Steffi  в”Ҷ 4.478  в”Ҷ 9.451  в”Ҷ 6.004    в”Ҷ 3.899  в”Ҷ 9.054  в”Ҷ 6.028  в”Ҷ 4.954  в”Ҷ 6.095  в”Ҷ 6.223   в”Ҷ 46.578 в”Ҷ 8.478  в”Ӯ
в•°в”Җв”Җв”Җв”Җв”Җв”Җв”Җв”Җв”Җв”ҙв”Җв”Җв”Җв”Җв”Җв”Җв”Җв”Җв”ҙв”Җв”Җв”Җв”Җв”Җв”Җв”Җв”Җв”ҙв”Җв”Җв”Җв”Җв”Җв”Җв”Җв”Җв”Җв”Җв”ҙв”Җв”Җв”Җв”Җв”Җв”Җв”Җв”Җв”ҙв”Җв”Җв”Җв”Җв”Җв”Җв”Җв”Җв”ҙв”Җв”Җв”Җв”Җв”Җв”Җв”Җв”Җв”ҙв”Җв”Җв”Җв”Җв”Җв”Җв”Җв”Җв”ҙв”Җв”Җв”Җв”Җв”Җв”Җв”Җв”Җв”ҙв”Җв”Җв”Җв”Җв”Җв”Җв”Җв”Җв”Җв”ҙв”Җв”Җв”Җв”Җв”Җв”Җв”Җв”Җв”ҙв”Җв”Җв”Җв”Җв”Җв”Җв”Җв”Җв•Ҝ
388801 left -> 18.568672404011128 bits left

0 MB#4.0 E09
Kim -> Mike
-> I = 0.3782544997965616
в•ӯв”Җв”Җв”Җв”Җв”Җв”Җв”Җв”Җв”Җв”¬в”Җв”Җв”Җв”Җв”Җв”Җв”Җв”Җв”¬в”Җв”Җв”Җв”Җв”Җв”Җв”Җв”Җв”¬в”Җв”Җв”Җв”Җв”Җв”Җв”Җв”Җв”Җв”Җв”¬в”Җв”Җв”Җв”Җв”Җв”Җв”Җв”Җв”¬в”Җв”Җв”Җв”Җв”Җв”Җв”Җв”Җв”¬в”Җв”Җв”Җв”Җв”Җв”Җв”Җв”Җв”¬в”Җв”Җв”Җв”Җв”Җв”Җв”Җв”Җв”¬в”Җв”Җв”Җв”Җв”Җв”Җв”Җв”Җв”¬в”Җв”Җв”Җв”Җв”Җв”Җв”Җв”Җв”Җв”¬в”Җв”Җв”Җв”Җв”Җв”Җв”Җв”Җв”¬в”Җв”Җв”Җв”Җв”Җв”Җв”Җв”Җв•®
в”Ӯ         в”Ҷ Danilo в”Ҷ Elia   в”Ҷ Emanuell в”Ҷ Fabio  в”Ҷ Marvin в”Ҷ Mike   в”Ҷ Paco   в”Ҷ Peter  в”Ҷ Steffen в”Ҷ Teezy  в”Ҷ Max    в”Ӯ
в•һв•җв•җв•җв•җв•җв•җв•җв•җв•җв•Әв•җв•җв•җв•җв•җв•җв•җв•җв•Әв•җв•җв•җв•җв•җв•җв•җв•җв•Әв•җв•җв•җв•җв•җв•җв•җв•җв•җв•җв•Әв•җв•җв•җв•җв•җв•җв•җв•җв•Әв•җв•җв•җв•җв•җв•җв•җв•җв•Әв•җв•җв•җв•җв•җв•җв•җв•җв•Әв•җв•җв•җв•җв•җв•җв•җв•җв•Әв•җв•җв•җв•җв•җв•җв•җв•җв•Әв•җв•җв•җв•җв•җв•җв•җв•җв•җв•Әв•җв•җв•җв•җв•җв•җв•җв•җв•Әв•җв•җв•җв•җв•җв•җв•җв•җв•Ў
в”Ӯ Alicia  в”Ҷ 5.428  в”Ҷ 12.099 в”Ҷ 7.795    в”Ҷ 5.760  в”Ҷ 7.811  в”Ҷ 10.764 в”Ҷ 6.052  в”Ҷ 26.102 в”Ҷ 12.109  в”Ҷ 5.526  в”Ҷ 10.408 в”Ӯ
в”Ӯ Darya   в”Ҷ 57.776 в”Ҷ 0.000  в”Ҷ 8.416    в”Ҷ 4.187  в”Ҷ 5.496  в”Ҷ 7.841  в”Ҷ 3.201  в”Ҷ 5.656  в”Ҷ 6.016   в”Ҷ 4.042  в”Ҷ 8.143  в”Ӯ
в”Ӯ Jenny   в”Ҷ 0.000  в”Ҷ 0.000  в”Ҷ 17.849   в”Ҷ 7.607  в”Ҷ 17.732 в”Ҷ 13.462 в”Ҷ 7.738  в”Ҷ 10.374 в”Ҷ 11.139  в”Ҷ 7.362  в”Ҷ 13.743 в”Ӯ
в”Ӯ Kim     в”Ҷ 7.536  в”Ҷ 14.805 в”Ҷ 9.729    в”Ҷ 7.715  в”Ҷ 9.826  в”Ҷ 0.000  в”Ҷ 12.957 в”Ҷ 10.053 в”Ҷ 10.484  в”Ҷ 11.155 в”Ҷ 13.121 в”Ӯ
в”Ӯ Marie   в”Ҷ 3.782  в”Ҷ 14.211 в”Ҷ 5.522    в”Ҷ 48.010 в”Ҷ 5.530  в”Ҷ 7.795  в”Ҷ 4.318  в”Ҷ 5.718  в”Ҷ 5.859   в”Ҷ 3.157  в”Ҷ 8.004  в”Ӯ
в”Ӯ Paulina в”Ҷ 7.616  в”Ҷ 11.530 в”Ҷ 7.206    в”Ҷ 5.549  в”Ҷ 7.306  в”Ҷ 16.214 в”Ҷ 5.908  в”Ҷ 7.659  в”Ҷ 25.908  в”Ҷ 5.245  в”Ҷ 9.941  в”Ӯ
в”Ӯ Sabrina в”Ҷ 5.126  в”Ҷ 11.075 в”Ҷ 24.600   в”Ҷ 5.255  в”Ҷ 6.723  в”Ҷ 17.946 в”Ҷ 5.649  в”Ҷ 10.973 в”Ҷ 7.947   в”Ҷ 5.077  в”Ҷ 9.804  в”Ӯ
в”Ӯ Sandra  в”Ҷ 3.184  в”Ҷ 15.151 в”Ҷ 5.789    в”Ҷ 4.474  в”Ҷ 6.096  в”Ҷ 8.129  в”Ҷ 43.491 в”Ҷ 6.248  в”Ҷ 6.342   в”Ҷ 4.226  в”Ҷ 8.443  в”Ӯ
в”Ӯ Shakira в”Ҷ 5.453  в”Ҷ 11.856 в”Ҷ 7.404    в”Ҷ 8.171  в”Ҷ 25.428 в”Ҷ 10.015 в”Ҷ 6.152  в”Ҷ 11.379 в”Ҷ 8.158   в”Ҷ 5.527  в”Ҷ 10.218 в”Ӯ
в”Ӯ Steffi  в”Ҷ 4.098  в”Ҷ 9.273  в”Ҷ 5.691    в”Ҷ 3.271  в”Ҷ 8.052  в”Ҷ 7.834  в”Ҷ 4.534  в”Ҷ 5.839  в”Ҷ 6.039   в”Ҷ 48.684 в”Ҷ 8.177  в”Ӯ
в•°в”Җв”Җв”Җв”Җв”Җв”Җв”Җв”Җв”Җв”ҙв”Җв”Җв”Җв”Җв”Җв”Җв”Җв”Җв”ҙв”Җв”Җв”Җв”Җв”Җв”Җв”Җв”Җв”ҙв”Җв”Җв”Җв”Җв”Җв”Җв”Җв”Җв”Җв”Җв”ҙв”Җв”Җв”Җв”Җв”Җв”Җв”Җв”Җв”ҙв”Җв”Җв”Җв”Җв”Җв”Җв”Җв”Җв”ҙв”Җв”Җв”Җв”Җв”Җв”Җв”Җв”Җв”ҙв”Җв”Җв”Җв”Җв”Җв”Җв”Җв”Җв”ҙв”Җв”Җв”Җв”Җв”Җв”Җв”Җв”Җв”ҙв”Җв”Җв”Җв”Җв”Җв”Җв”Җв”Җв”Җв”ҙв”Җв”Җв”Җв”Җв”Җв”Җв”Җв”Җв”ҙв”Җв”Җв”Җв”Җв”Җв”Җв”Җв”Җв•Ҝ
299131 left -> 18.190417904214566 bits left

4 MN#4.0 E10
Darya -> Danilo
Jenny -> Marvin
Alicia -> Teezy
Steffi -> Emanuell
Paulina -> Max
Shakira -> Fabio
Marie -> Elia
Kim -> Peter
Sabrina -> Paco
Sandra -> Steffen
-> I = 5.098651965697764
в•ӯв”Җв”Җв”Җв”Җв”Җв”Җв”Җв”Җв”Җв”¬в”Җв”Җв”Җв”Җв”Җв”Җв”Җв”Җв”¬в”Җв”Җв”Җв”Җв”Җв”Җв”Җв”Җв”¬в”Җв”Җв”Җв”Җв”Җв”Җв”Җв”Җв”Җв”Җв”¬в”Җв”Җв”Җв”Җв”Җв”Җв”Җв”Җв”¬в”Җв”Җв”Җв”Җв”Җв”Җв”Җв”Җв”¬в”Җв”Җв”Җв”Җв”Җв”Җв”Җв”Җв”¬в”Җв”Җв”Җв”Җв”Җв”Җв”Җв”Җв”¬в”Җв”Җв”Җв”Җв”Җв”Җв”Җв”Җв”¬в”Җв”Җв”Җв”Җв”Җв”Җв”Җв”Җв”Җв”¬в”Җв”Җв”Җв”Җв”Җв”Җв”Җв”Җв”¬в”Җв”Җв”Җв”Җв”Җв”Җв”Җв”Җв•®
в”Ӯ         в”Ҷ Danilo в”Ҷ Elia   в”Ҷ Emanuell в”Ҷ Fabio  в”Ҷ Marvin в”Ҷ Mike   в”Ҷ Paco   в”Ҷ Peter  в”Ҷ Steffen в”Ҷ Teezy  в”Ҷ Max    в”Ӯ
в•һв•җв•җв•җв•җв•җв•җв•җв•җв•җв•Әв•җв•җв•җв•җв•җв•җв•җв•җв•Әв•җв•җв•җв•җв•җв•җв•җв•җв•Әв•җв•җв•җв•җв•җв•җв•җв•җв•җв•җв•Әв•җв•җв•җв•җв•җв•җв•җв•җв•Әв•җв•җв•җв•җв•җв•җв•җв•җв•Әв•җв•җв•җв•җв•җв•җв•җв•җв•Әв•җв•җв•җв•җв•җв•җв•җв•җв•Әв•җв•җв•җв•җв•җв•җв•җв•җв•Әв•җв•җв•җв•җв•җв•җв•җв•җв•җв•Әв•җв•җв•җв•җв•җв•җв•җв•җв•Әв•җв•җв•җв•җв•җв•җв•җв•җв•Ў
в”Ӯ Alicia  в”Ҷ 1.214  в”Ҷ 9.141  в”Ҷ 6.403    в”Ҷ 5.865  в”Ҷ 3.585  в”Ҷ 13.792 в”Ҷ 8.167  в”Ҷ 29.003 в”Ҷ 2.440   в”Ҷ 21.523 в”Ҷ 7.629  в”Ӯ
в”Ӯ Darya   в”Ҷ 93.792 в”Ҷ 0.000  в”Ҷ 1.501    в”Ҷ 1.523  в”Ҷ 0.607  в”Ҷ 4.536  в”Ҷ 2.131  в”Ҷ 1.363  в”Ҷ 2.039   в”Ҷ 0.939  в”Ҷ 2.405  в”Ӯ
в”Ӯ Jenny   в”Ҷ 0.000  в”Ҷ 0.000  в”Ҷ 5.132    в”Ҷ 3.666  в”Ҷ 67.400 в”Ҷ 9.175  в”Ҷ 5.338  в”Ҷ 4.605  в”Ҷ 5.189   в”Ҷ 3.024  в”Ҷ 5.556  в”Ӯ
в”Ӯ Kim     в”Ҷ 1.214  в”Ҷ 11.214 в”Ҷ 7.869    в”Ҷ 7.308  в”Ҷ 3.540  в”Ҷ 0.000  в”Ҷ 12.715 в”Ҷ 39.141 в”Ҷ 7.950   в”Ҷ 6.174  в”Ҷ 10.000 в”Ӯ
в”Ӯ Marie   в”Ҷ 0.550  в”Ҷ 33.322 в”Ҷ 5.338    в”Ҷ 36.999 в”Ҷ 2.119  в”Ҷ 10.332 в”Ҷ 5.361  в”Ҷ 4.158  в”Ҷ 5.212   в”Ҷ 3.333  в”Ҷ 6.140  в”Ӯ
в”Ӯ Paulina в”Ҷ 0.321  в”Ҷ 8.259  в”Ҷ 5.876    в”Ҷ 4.559  в”Ҷ 2.268  в”Ҷ 8.751  в”Ҷ 6.140  в”Ҷ 4.238  в”Ҷ 29.175  в”Ҷ 3.288  в”Ҷ 37.274 в”Ӯ
в”Ӯ Sabrina в”Ҷ 0.596  в”Ҷ 10.023 в”Ҷ 28.992   в”Ҷ 5.750  в”Ҷ 2.314  в”Ҷ 14.456 в”Ҷ 27.640 в”Ҷ 1.959  в”Ҷ 6.598   в”Ҷ 4.078  в”Ҷ 7.617  в”Ӯ
в”Ӯ Sandra  в”Ҷ 1.065  в”Ҷ 11.306 в”Ҷ 6.644    в”Ҷ 5.086  в”Ҷ 2.142  в”Ҷ 14.559 в”Ҷ 20.389 в”Ҷ 6.380  в”Ҷ 28.923  в”Ҷ 4.674  в”Ҷ 8.843  в”Ӯ
в”Ӯ Shakira в”Ҷ 0.859  в”Ҷ 9.725  в”Ҷ 7.297    в”Ҷ 26.037 в”Ҷ 14.021 в”Ҷ 15.464 в”Ҷ 7.572  в”Ҷ 5.235  в”Ҷ 8.213   в”Ҷ 5.338  в”Ҷ 9.049  в”Ӯ
в”Ӯ Steffi  в”Ҷ 0.389  в”Ҷ 7.010  в”Ҷ 24.948   в”Ҷ 3.207  в”Ҷ 2.005  в”Ҷ 8.935  в”Ҷ 4.548  в”Ҷ 3.918  в”Ҷ 4.261   в”Ҷ 47.629 в”Ҷ 5.487  в”Ӯ
в•°в”Җв”Җв”Җв”Җв”Җв”Җв”Җв”Җв”Җв”ҙв”Җв”Җв”Җв”Җв”Җв”Җв”Җв”Җв”ҙв”Җв”Җв”Җв”Җв”Җв”Җв”Җв”Җв”ҙв”Җв”Җв”Җв”Җв”Җв”Җв”Җв”Җв”Җв”Җв”ҙв”Җв”Җв”Җв”Җв”Җв”Җв”Җв”Җв”ҙв”Җв”Җв”Җв”Җв”Җв”Җв”Җв”Җв”ҙв”Җв”Җв”Җв”Җв”Җв”Җв”Җв”Җв”ҙв”Җв”Җв”Җв”Җв”Җв”Җв”Җв”Җв”ҙв”Җв”Җв”Җв”Җв”Җв”Җв”Җв”Җв”ҙв”Җв”Җв”Җв”Җв”Җв”Җв”Җв”Җв”Җв”ҙв”Җв”Җв”Җв”Җв”Җв”Җв”Җв”Җв”ҙв”Җв”Җв”Җв”Җв”Җв”Җв”Җв”Җв•Ҝ
8730 left -> 13.091765938516803 bits left

1 MB#5.1 E11
Darya -> Danilo
-> I = 0.2666083838157214
в•ӯв”Җв”Җв”Җв”Җв”Җв”Җв”Җв”Җв”Җв”¬в”Җв”Җв”Җв”Җв”Җв”Җв”Җв”Җв”Җв”¬в”Җв”Җв”Җв”Җв”Җв”Җв”Җв”Җв”¬в”Җв”Җв”Җв”Җв”Җв”Җв”Җв”Җв”Җв”Җв”¬в”Җв”Җв”Җв”Җв”Җв”Җв”Җв”Җв”¬в”Җв”Җв”Җв”Җв”Җв”Җв”Җв”Җв”¬в”Җв”Җв”Җв”Җв”Җв”Җв”Җв”Җв”¬в”Җв”Җв”Җв”Җв”Җв”Җв”Җв”Җв”¬в”Җв”Җв”Җв”Җв”Җв”Җв”Җв”Җв”¬в”Җв”Җв”Җв”Җв”Җв”Җв”Җв”Җв”Җв”¬в”Җв”Җв”Җв”Җв”Җв”Җв”Җв”Җв”¬в”Җв”Җв”Җв”Җв”Җв”Җв”Җв”Җв•®
в”Ӯ         в”Ҷ Danilo  в”Ҷ Elia   в”Ҷ Emanuell в”Ҷ Fabio  в”Ҷ Marvin в”Ҷ Mike   в”Ҷ Paco   в”Ҷ Peter  в”Ҷ Steffen в”Ҷ Teezy  в”Ҷ Max    в”Ӯ
в•һв•җв•җв•җв•җв•җв•җв•җв•җв•җв•Әв•җв•җв•җв•җв•җв•җв•җв•җв•җв•Әв•җв•җв•җв•җв•җв•җв•җв•җв•Әв•җв•җв•җв•җв•җв•җв•җв•җв•җв•җв•Әв•җв•җв•җв•җв•җв•җв•җв•җв•Әв•җв•җв•җв•җв•җв•җв•җв•җв•Әв•җв•җв•җв•җв•җв•җв•җв•җв•Әв•җв•җв•җв•җв•җв•җв•җв•җв•Әв•җв•җв•җв•җв•җв•җв•җв•җв•Әв•җв•җв•җв•җв•җв•җв•җв•җв•җв•Әв•җв•җв•җв•җв•җв•җв•җв•җв•Әв•җв•җв•җв•җв•җв•җв•җв•җв•Ў
в”Ӯ Alicia  в”Ҷ 0.000   в”Ҷ 9.412  в”Ҷ 6.876    в”Ҷ 5.980  в”Ҷ 3.982  в”Ҷ 14.083 в”Ҷ 8.433  в”Ҷ 28.304 в”Ҷ 2.660   в”Ҷ 22.378 в”Ҷ 7.882  в”Ӯ
в”Ӯ Darya   в”Ҷ 100.000 в”Ҷ 0.000  в”Ҷ 0.000    в”Ҷ 0.000  в”Ҷ 0.000  в”Ҷ 0.000  в”Ҷ 0.000  в”Ҷ 0.000  в”Ҷ 0.000   в”Ҷ 0.000  в”Ҷ 0.000  в”Ӯ
в”Ӯ Jenny   в”Ҷ 0.000   в”Ҷ 0.000  в”Ҷ 5.443    в”Ҷ 3.872  в”Ҷ 65.923 в”Ҷ 9.536  в”Ҷ 5.732  в”Ҷ 5.126  в”Ҷ 5.539   в”Ҷ 3.390  в”Ҷ 5.953  в”Ӯ
в”Ӯ Kim     в”Ҷ 0.000   в”Ҷ 11.713 в”Ҷ 8.158    в”Ҷ 7.606  в”Ҷ 3.803  в”Ҷ 0.000  в”Ҷ 13.601 в”Ҷ 38.087 в”Ҷ 8.282   в”Ҷ 6.490  в”Ҷ 10.431 в”Ӯ
в”Ӯ Marie   в”Ҷ 0.000   в”Ҷ 29.461 в”Ҷ 5.732    в”Ҷ 39.176 в”Ҷ 2.356  в”Ҷ 10.941 в”Ҷ 5.856  в”Ҷ 4.671  в”Ҷ 5.526   в”Ҷ 3.665  в”Ҷ 6.573  в”Ӯ
в”Ӯ Paulina в”Ҷ 0.000   в”Ҷ 8.847  в”Ҷ 6.380    в”Ҷ 4.864  в”Ҷ 2.577  в”Ҷ 9.301  в”Ҷ 6.435  в”Ҷ 4.658  в”Ҷ 28.014  в”Ҷ 3.693  в”Ҷ 36.613 в”Ӯ
в”Ӯ Sabrina в”Ҷ 0.000   в”Ҷ 10.500 в”Ҷ 26.664   в”Ҷ 5.994  в”Ҷ 2.563  в”Ҷ 15.695 в”Ҷ 28.138 в”Ҷ 2.150  в”Ҷ 7.028   в”Ҷ 4.465  в”Ҷ 8.116  в”Ӯ
в”Ӯ Sandra  в”Ҷ 0.000   в”Ҷ 12.250 в”Ҷ 6.973    в”Ҷ 5.360  в”Ҷ 2.370  в”Ҷ 14.896 в”Ҷ 18.630 в”Ҷ 6.931  в”Ҷ 29.723  в”Ҷ 5.140  в”Ҷ 8.943  в”Ӯ
в”Ӯ Shakira в”Ҷ 0.000   в”Ҷ 10.349 в”Ҷ 7.772    в”Ҷ 23.674 в”Ҷ 14.235 в”Ҷ 15.943 в”Ҷ 8.213  в”Ҷ 5.719  в”Ҷ 8.502   в”Ҷ 5.801  в”Ҷ 9.563  в”Ӯ
в”Ӯ Steffi  в”Ҷ 0.000   в”Ҷ 7.469  в”Ҷ 26.002   в”Ҷ 3.473  в”Ҷ 2.191  в”Ҷ 9.605  в”Ҷ 4.961  в”Ҷ 4.354  в”Ҷ 4.726   в”Ҷ 44.977 в”Ҷ 5.925  в”Ӯ
в•°в”Җв”Җв”Җв”Җв”Җв”Җв”Җв”Җв”Җв”ҙв”Җв”Җв”Җв”Җв”Җв”Җв”Җв”Җв”Җв”ҙв”Җв”Җв”Җв”Җв”Җв”Җв”Җв”Җв”ҙв”Җв”Җв”Җв”Җв”Җв”Җв”Җв”Җв”Җв”Җв”ҙв”Җв”Җв”Җв”Җв”Җв”Җв”Җв”Җв”ҙв”Җв”Җв”Җв”Җв”Җв”Җв”Җв”Җв”ҙв”Җв”Җв”Җв”Җв”Җв”Җв”Җв”Җв”ҙв”Җв”Җв”Җв”Җв”Җв”Җв”Җв”Җв”ҙв”Җв”Җв”Җв”Җв”Җв”Җв”Җв”Җв”ҙв”Җв”Җв”Җв”Җв”Җв”Җв”Җв”Җв”Җв”ҙв”Җв”Җв”Җв”Җв”Җв”Җв”Җв”Җв”ҙв”Җв”Җв”Җв”Җв”Җв”Җв”Җв”Җв•Ҝ
7257 left -> 12.82515755470108 bits left

3 MN#5.0 E12
Marie -> Fabio
Sandra -> Max
Jenny -> Marvin
Steffi -> Elia
Paulina -> Mike
Shakira -> Paco
Alicia -> Steffen
Darya -> Danilo
Sabrina -> Emanuell
Kim -> Teezy
-> I = 1.5225186309135288
в•ӯв”Җв”Җв”Җв”Җв”Җв”Җв”Җв”Җв”Җв”¬в”Җв”Җв”Җв”Җв”Җв”Җв”Җв”Җв”Җв”¬в”Җв”Җв”Җв”Җв”Җв”Җв”Җв”Җв”¬в”Җв”Җв”Җв”Җв”Җв”Җв”Җв”Җв”Җв”Җв”¬в”Җв”Җв”Җв”Җв”Җв”Җв”Җв”Җв”¬в”Җв”Җв”Җв”Җв”Җв”Җв”Җв”Җв”¬в”Җв”Җв”Җв”Җв”Җв”Җв”Җв”Җв”¬в”Җв”Җв”Җв”Җв”Җв”Җв”Җв”Җв”¬в”Җв”Җв”Җв”Җв”Җв”Җв”Җв”Җв”¬в”Җв”Җв”Җв”Җв”Җв”Җв”Җв”Җв”Җв”¬в”Җв”Җв”Җв”Җв”Җв”Җв”Җв”Җв”¬в”Җв”Җв”Җв”Җв”Җв”Җв”Җв”Җв•®
в”Ӯ         в”Ҷ Danilo  в”Ҷ Elia   в”Ҷ Emanuell в”Ҷ Fabio  в”Ҷ Marvin в”Ҷ Mike   в”Ҷ Paco   в”Ҷ Peter  в”Ҷ Steffen в”Ҷ Teezy  в”Ҷ Max    в”Ӯ
в•һв•җв•җв•җв•җв•җв•җв•җв•җв•җв•Әв•җв•җв•җв•җв•җв•җв•җв•җв•җв•Әв•җв•җв•җв•җв•җв•җв•җв•җв•Әв•җв•җв•җв•җв•җв•җв•җв•җв•җв•җв•Әв•җв•җв•җв•җв•җв•җв•җв•җв•Әв•җв•җв•җв•җв•җв•җв•җв•җв•Әв•җв•җв•җв•җв•җв•җв•җв•җв•Әв•җв•җв•җв•җв•җв•җв•җв•җв•Әв•җв•җв•җв•җв•җв•җв•җв•җв•Әв•җв•җв•җв•җв•җв•җв•җв•җв•җв•Әв•җв•җв•җв•җв•җв•җв•җв•җв•Әв•җв•җв•җв•җв•җв•җв•җв•җв•Ў
в”Ӯ Alicia  в”Ҷ 0.000   в”Ҷ 8.591  в”Ҷ 5.899    в”Ҷ 3.761  в”Ҷ 2.257  в”Ҷ 15.479 в”Ҷ 8.868  в”Ҷ 23.872 в”Ҷ 4.434   в”Ҷ 28.583 в”Ҷ 8.274  в”Ӯ
в”Ӯ Darya   в”Ҷ 100.000 в”Ҷ 0.000  в”Ҷ 0.000    в”Ҷ 0.000  в”Ҷ 0.000  в”Ҷ 0.000  в”Ҷ 0.000  в”Ҷ 0.000  в”Ҷ 0.000   в”Ҷ 0.000  в”Ҷ 0.000  в”Ӯ
в”Ӯ Jenny   в”Ҷ 0.000   в”Ҷ 0.000  в”Ҷ 3.207    в”Ҷ 1.544  в”Ҷ 77.633 в”Ҷ 7.047  в”Ҷ 4.513  в”Ҷ 5.107  в”Ҷ 4.592   в”Ҷ 3.721  в”Ҷ 4.869  в”Ӯ
в”Ӯ Kim     в”Ҷ 0.000   в”Ҷ 13.698 в”Ҷ 6.849    в”Ҷ 7.878  в”Ҷ 1.584  в”Ҷ 0.000  в”Ҷ 14.054 в”Ҷ 38.836 в”Ҷ 10.016  в”Ҷ 3.563  в”Ҷ 11.085 в”Ӯ
в”Ӯ Marie   в”Ҷ 0.000   в”Ҷ 28.068 в”Ҷ 3.840    в”Ҷ 44.972 в”Ҷ 0.475  в”Ҷ 11.085 в”Ҷ 5.661  в”Ҷ 4.988  в”Ҷ 5.107   в”Ҷ 4.553  в”Ҷ 6.097  в”Ӯ
в”Ӯ Paulina в”Ҷ 0.000   в”Ҷ 10.966 в”Ҷ 6.255    в”Ҷ 4.434  в”Ҷ 1.227  в”Ҷ 8.709  в”Ҷ 6.809  в”Ҷ 7.759  в”Ҷ 24.743  в”Ҷ 6.374  в”Ҷ 33.373 в”Ӯ
в”Ӯ Sabrina в”Ҷ 0.000   в”Ҷ 11.599 в”Ҷ 37.094   в”Ҷ 4.632  в”Ҷ 1.465  в”Ҷ 8.076  в”Ҷ 21.219 в”Ҷ 1.742  в”Ҷ 9.699   в”Ҷ 6.572  в”Ҷ 8.709  в”Ӯ
в”Ӯ Sandra  в”Ҷ 0.000   в”Ҷ 12.629 в”Ҷ 4.117    в”Ҷ 5.661  в”Ҷ 1.227  в”Ҷ 15.994 в”Ҷ 24.901 в”Ҷ 6.849  в”Ҷ 23.911  в”Ҷ 6.374  в”Ҷ 10.174 в”Ӯ
в”Ӯ Shakira в”Ҷ 0.000   в”Ҷ 9.541  в”Ҷ 6.968    в”Ҷ 22.605 в”Ҷ 11.362 в”Ҷ 18.369 в”Ҷ 8.511  в”Ҷ 5.146  в”Ҷ 9.976   в”Ҷ 7.205  в”Ҷ 9.699  в”Ӯ
в”Ӯ Steffi  в”Ҷ 0.000   в”Ҷ 4.909  в”Ҷ 25.772   в”Ҷ 4.513  в”Ҷ 2.771  в”Ҷ 15.241 в”Ҷ 5.463  в”Ҷ 5.701  в”Ҷ 7.522   в”Ҷ 33.056 в”Ҷ 7.720  в”Ӯ
в•°в”Җв”Җв”Җв”Җв”Җв”Җв”Җв”Җв”Җв”ҙв”Җв”Җв”Җв”Җв”Җв”Җв”Җв”Җв”Җв”ҙв”Җв”Җв”Җв”Җв”Җв”Җв”Җв”Җв”ҙв”Җв”Җв”Җв”Җв”Җв”Җв”Җв”Җв”Җв”Җв”ҙв”Җв”Җв”Җв”Җв”Җв”Җв”Җв”Җв”ҙв”Җв”Җв”Җв”Җв”Җв”Җв”Җв”Җв”ҙв”Җв”Җв”Җв”Җв”Җв”Җв”Җв”Җв”ҙв”Җв”Җв”Җв”Җв”Җв”Җв”Җв”Җв”ҙв”Җв”Җв”Җв”Җв”Җв”Җв”Җв”Җв”ҙв”Җв”Җв”Җв”Җв”Җв”Җв”Җв”Җв”Җв”ҙв”Җв”Җв”Җв”Җв”Җв”Җв”Җв”Җв”ҙв”Җв”Җв”Җв”Җв”Җв”Җв”Җв”Җв•Ҝ
2526 left -> 11.302638923787553 bits left

0 MB#6.0 E13
Alicia -> Teezy
-> I = 0.48565530053217126
в•ӯв”Җв”Җв”Җв”Җв”Җв”Җв”Җв”Җв”Җв”¬в”Җв”Җв”Җв”Җв”Җв”Җв”Җв”Җв”Җв”¬в”Җв”Җв”Җв”Җв”Җв”Җв”Җв”Җв”¬в”Җв”Җв”Җв”Җв”Җв”Җв”Җв”Җв”Җв”Җв”¬в”Җв”Җв”Җв”Җв”Җв”Җв”Җв”Җв”¬в”Җв”Җв”Җв”Җв”Җв”Җв”Җв”Җв”¬в”Җв”Җв”Җв”Җв”Җв”Җв”Җв”Җв”¬в”Җв”Җв”Җв”Җв”Җв”Җв”Җв”Җв”¬в”Җв”Җв”Җв”Җв”Җв”Җв”Җв”Җв”¬в”Җв”Җв”Җв”Җв”Җв”Җв”Җв”Җв”Җв”¬в”Җв”Җв”Җв”Җв”Җв”Җв”Җв”Җв”¬в”Җв”Җв”Җв”Җв”Җв”Җв”Җв”Җв•®
в”Ӯ         в”Ҷ Danilo  в”Ҷ Elia   в”Ҷ Emanuell в”Ҷ Fabio  в”Ҷ Marvin в”Ҷ Mike   в”Ҷ Paco   в”Ҷ Peter  в”Ҷ Steffen в”Ҷ Teezy  в”Ҷ Max    в”Ӯ
в•һв•җв•җв•җв•җв•җв•җв•җв•җв•җв•Әв•җв•җв•җв•җв•җв•җв•җв•җв•җв•Әв•җв•җв•җв•җв•җв•җв•җв•җв•Әв•җв•җв•җв•җв•җв•җв•җв•җв•җв•җв•Әв•җв•җв•җв•җв•җв•җв•җв•җв•Әв•җв•җв•җв•җв•җв•җв•җв•җв•Әв•җв•җв•җв•җв•җв•җв•җв•җв•Әв•җв•җв•җв•җв•җв•җв•җв•җв•Әв•җв•җв•җв•җв•җв•җв•җв•җв•Әв•җв•җв•җв•җв•җв•җв•җв•җв•җв•Әв•җв•җв•җв•җв•җв•җв•җв•җв•Әв•җв•җв•җв•җв•җв•җв•җв•җв•Ў
в”Ӯ Alicia  в”Ҷ 0.000   в”Ҷ 11.142 в”Ҷ 7.761    в”Ҷ 4.823  в”Ҷ 3.104  в”Ҷ 20.288 в”Ҷ 11.752 в”Ҷ 32.095 в”Ҷ 5.377   в”Ҷ 0.000  в”Ҷ 10.865 в”Ӯ
в”Ӯ Darya   в”Ҷ 100.000 в”Ҷ 0.000  в”Ҷ 0.000    в”Ҷ 0.000  в”Ҷ 0.000  в”Ҷ 0.000  в”Ҷ 0.000  в”Ҷ 0.000  в”Ҷ 0.000   в”Ҷ 0.000  в”Ҷ 0.000  в”Ӯ
в”Ӯ Jenny   в”Ҷ 0.000   в”Ҷ 0.000  в”Ҷ 2.993    в”Ҷ 1.608  в”Ҷ 80.987 в”Ҷ 6.208  в”Ҷ 3.548  в”Ҷ 3.825  в”Ҷ 3.880   в”Ҷ 5.211  в”Ҷ 4.268  в”Ӯ
в”Ӯ Kim     в”Ҷ 0.000   в”Ҷ 12.971 в”Ҷ 6.596    в”Ҷ 8.592  в”Ҷ 1.441  в”Ҷ 0.000  в”Ҷ 12.306 в”Ҷ 41.685 в”Ҷ 9.867   в”Ҷ 4.989  в”Ҷ 9.257  в”Ӯ
в”Ӯ Marie   в”Ҷ 0.000   в”Ҷ 32.982 в”Ҷ 4.213    в”Ҷ 36.142 в”Ҷ 0.610  в”Ҷ 11.530 в”Ҷ 6.541  в”Ҷ 4.878  в”Ҷ 5.211   в”Ҷ 6.375  в”Ҷ 6.319  в”Ӯ
в”Ӯ Paulina в”Ҷ 0.000   в”Ҷ 10.754 в”Ҷ 4.601    в”Ҷ 5.100  в”Ҷ 1.109  в”Ҷ 7.761  в”Ҷ 7.871  в”Ҷ 6.264  в”Ҷ 23.282  в”Ҷ 8.925  в”Ҷ 35.366 в”Ӯ
в”Ӯ Sabrina в”Ҷ 0.000   в”Ҷ 9.701  в”Ҷ 36.863   в”Ҷ 5.820  в”Ҷ 1.608  в”Ҷ 7.262  в”Ҷ 25.942 в”Ҷ 0.831  в”Ҷ 7.428   в”Ҷ 9.202  в”Ҷ 6.984  в”Ӯ
в”Ӯ Sandra  в”Ҷ 0.000   в”Ҷ 10.310 в”Ҷ 4.490    в”Ҷ 5.987  в”Ҷ 1.164  в”Ҷ 16.796 в”Ҷ 16.075 в”Ҷ 6.375  в”Ҷ 28.215  в”Ҷ 8.925  в”Ҷ 13.082 в”Ӯ
в”Ӯ Shakira в”Ҷ 0.000   в”Ҷ 8.592  в”Ҷ 5.931    в”Ҷ 28.271 в”Ҷ 9.257  в”Ҷ 17.018 в”Ҷ 11.253 в”Ҷ 1.330  в”Ҷ 10.144  в”Ҷ 10.089 в”Ҷ 8.038  в”Ӯ
в”Ӯ Steffi  в”Ҷ 0.000   в”Ҷ 3.548  в”Ҷ 26.552   в”Ҷ 3.659  в”Ҷ 0.721  в”Ҷ 13.137 в”Ҷ 4.712  в”Ҷ 2.716  в”Ҷ 6.596   в”Ҷ 46.286 в”Ҷ 5.820  в”Ӯ
в•°в”Җв”Җв”Җв”Җв”Җв”Җв”Җв”Җв”Җв”ҙв”Җв”Җв”Җв”Җв”Җв”Җв”Җв”Җв”Җв”ҙв”Җв”Җв”Җв”Җв”Җв”Җв”Җв”Җв”ҙв”Җв”Җв”Җв”Җв”Җв”Җв”Җв”Җв”Җв”Җв”ҙв”Җв”Җв”Җв”Җв”Җв”Җв”Җв”Җв”ҙв”Җв”Җв”Җв”Җв”Җв”Җв”Җв”Җв”ҙв”Җв”Җв”Җв”Җв”Җв”Җв”Җв”Җв”ҙв”Җв”Җв”Җв”Җв”Җв”Җв”Җв”Җв”ҙв”Җв”Җв”Җв”Җв”Җв”Җв”Җв”Җв”ҙв”Җв”Җв”Җв”Җв”Җв”Җв”Җв”Җв”Җв”ҙв”Җв”Җв”Җв”Җв”Җв”Җв”Җв”Җв”ҙв”Җв”Җв”Җв”Җв”Җв”Җв”Җв”Җв•Ҝ
1804 left -> 10.81698362325538 bits left

в•ӯв”Җв”Җв”Җв”Җв”Җв”Җв”Җв”Җв”¬в”Җв”Җв”Җв”¬в”Җв”Җв”Җв”Җв”Җв”Җв”Җв”Җв”Җв”¬в”Җв”Җв”Җв”Җв”Җв”Җв”Җв”Җв”Җв”Җв”¬в”Җв”Җв”Җв”Җв”Җв”Җв”Җв”Җв”Җв”Җв”¬в”Җв”Җв”Җв”Җв”Җв”Җв”Җв”¬в”Җв”Җв”Җв”Җв”Җв”Җв”Җв”¬в”Җв”Җв”Җв”Җв”Җв”Җв”Җв”Җв”Җв”¬в”Җв”Җв”Җв”Җв”Җв”Җв”Җв”Җв”Җв”Җв”¬в”Җв”Җв”Җв”Җв”Җв”Җв”Җв”Җв”Җв”¬в”Җв”Җв”Җв”Җв”Җв”Җв”Җв”Җв”Җв”¬в”Җв”Җв”Җв”Җв”Җв”Җв”Җв”Җв”Җв”Җв”¬в”Җв”Җв”Җв”¬в”Җв”Җв”Җв”Җв”Җв”Җв”Җв”Җв”Җв”Җв”Җв”Җв”Җв”Җв”Җв”Җв”Җв”Җв”Җв”Җв”Җв•®
в”Ӯ        в”Ҷ L в”Ҷ Alicia  в”Ҷ Darya    в”Ҷ Jenny    в”Ҷ Kim   в”Ҷ Marie в”Ҷ Paulina в”Ҷ Sabrina  в”Ҷ Sandra  в”Ҷ Shakira в”Ҷ Steffi   в”Ҷ   в”Ҷ I                   в”Ӯ
в•һв•җв•җв•җв•җв•җв•җв•җв•җв•Әв•җв•җв•җв•Әв•җв•җв•җв•җв•җв•җв•җв•җв•җв•Әв•җв•җв•җв•җв•җв•җв•җв•җв•җв•җв•Әв•җв•җв•җв•җв•җв•җв•җв•җв•җв•җв•Әв•җв•җв•җв•җв•җв•җв•җв•Әв•җв•җв•җв•җв•җв•җв•җв•Әв•җв•җв•җв•җв•җв•җв•җв•җв•җв•Әв•җв•җв•җв•җв•җв•җв•җв•җв•җв•җв•Әв•җв•җв•җв•җв•җв•җв•җв•җв•җв•Әв•җв•җв•җв•җв•җв•җв•җв•җв•җв•Әв•җв•җв•җв•җв•җв•җв•җв•җв•җв•җв•Әв•җв•җв•җв•Әв•җв•җв•җв•җв•җв•җв•җв•җв•җв•җв•җв•җв•җв•җв•җв•җв•җв•җв•җв•җв•җв•Ў
в”Ӯ MB#1.0 в”Ҷ 0 в”Ҷ         в”Ҷ          в”Ҷ Danilo   в”Ҷ       в”Ҷ       в”Ҷ         в”Ҷ          в”Ҷ         в”Ҷ         в”Ҷ          в”Ҷ   в”Ҷ 0.15200309344504995 в”Ӯ
в”Ӯ MN#1.0 в”Ҷ 3 в”Ҷ Peter   в”Ҷ Danilo   в”Ҷ Elia     в”Ҷ Mike  в”Ҷ Fabio в”Ҷ Steffen в”Ҷ Emanuell в”Ҷ Paco    в”Ҷ Marvin  в”Ҷ Teezy    в”Ҷ   в”Ҷ 4.005645285128453   в”Ӯ
в”Ӯ MB#2.0 в”Ҷ 0 в”Ҷ         в”Ҷ          в”Ҷ Elia     в”Ҷ       в”Ҷ       в”Ҷ         в”Ҷ          в”Ҷ         в”Ҷ         в”Ҷ          в”Ҷ   в”Ҷ 0.556383877653229   в”Ӯ
в”Ӯ MN#2.0 в”Ҷ 2 в”Ҷ Steffen в”Ҷ Emanuell в”Ҷ Marvin   в”Ҷ Paco  в”Ҷ Fabio в”Ҷ Danilo  в”Ҷ Mike     в”Ҷ Elia    в”Ҷ Peter   в”Ҷ Teezy    в”Ҷ   в”Ҷ 2.036690095634471   в”Ӯ
в”Ӯ MB#3.0 в”Ҷ 0 в”Ҷ         в”Ҷ Elia     в”Ҷ          в”Ҷ       в”Ҷ       в”Ҷ         в”Ҷ          в”Ҷ         в”Ҷ         в”Ҷ          в”Ҷ   в”Ҷ 0.1642134132388004  в”Ӯ
в”Ӯ MN#3.0 в”Ҷ 2 в”Ҷ Steffen в”Ҷ Danilo   в”Ҷ Emanuell в”Ҷ Teezy в”Ҷ Elia  в”Ҷ Mike    в”Ҷ Peter    в”Ҷ Paco    в”Ҷ Fabio   в”Ҷ Marvin   в”Ҷ   в”Ҷ 2.0888126591304843  в”Ӯ
в”Ӯ MB#4.0 в”Ҷ 0 в”Ҷ         в”Ҷ          в”Ҷ          в”Ҷ Mike  в”Ҷ       в”Ҷ         в”Ҷ          в”Ҷ         в”Ҷ         в”Ҷ          в”Ҷ   в”Ҷ 0.3782544997965616  в”Ӯ
в”Ӯ MN#4.0 в”Ҷ 4 в”Ҷ Teezy   в”Ҷ Danilo   в”Ҷ Marvin   в”Ҷ Peter в”Ҷ Elia  в”Ҷ Max     в”Ҷ Paco     в”Ҷ Steffen в”Ҷ Fabio   в”Ҷ Emanuell в”Ҷ   в”Ҷ 5.098651965697764   в”Ӯ
в”Ӯ MB#5.1 в”Ҷ 1 в”Ҷ         в”Ҷ Danilo   в”Ҷ          в”Ҷ       в”Ҷ       в”Ҷ         в”Ҷ          в”Ҷ         в”Ҷ         в”Ҷ          в”Ҷ   в”Ҷ 0.2666083838157214  в”Ӯ
в”Ӯ MN#5.0 в”Ҷ 3 в”Ҷ Steffen в”Ҷ Danilo   в”Ҷ Marvin   в”Ҷ Teezy в”Ҷ Fabio в”Ҷ Mike    в”Ҷ Emanuell в”Ҷ Max     в”Ҷ Paco    в”Ҷ Elia     в”Ҷ   в”Ҷ 1.5225186309135288  в”Ӯ
в”Ӯ MB#6.0 в”Ҷ 0 в”Ҷ Teezy   в”Ҷ          в”Ҷ          в”Ҷ       в”Ҷ       в”Ҷ         в”Ҷ          в”Ҷ         в”Ҷ         в”Ҷ          в”Ҷ   в”Ҷ 0.48565530053217126 в”Ӯ
в•°в”Җв”Җв”Җв”Җв”Җв”Җв”Җв”Җв”ҙв”Җв”Җв”Җв”ҙв”Җв”Җв”Җв”Җв”Җв”Җв”Җв”Җв”Җв”ҙв”Җв”Җв”Җв”Җв”Җв”Җв”Җв”Җв”Җв”Җв”ҙв”Җв”Җв”Җв”Җв”Җв”Җв”Җв”Җв”Җв”Җв”ҙв”Җв”Җв”Җв”Җв”Җв”Җв”Җв”ҙв”Җв”Җв”Җв”Җв”Җв”Җв”Җв”ҙв”Җв”Җв”Җв”Җв”Җв”Җв”Җв”Җв”Җв”ҙв”Җв”Җв”Җв”Җв”Җв”Җв”Җв”Җв”Җв”Җв”ҙв”Җв”Җв”Җв”Җв”Җв”Җв”Җв”Җв”Җв”ҙв”Җв”Җв”Җв”Җв”Җв”Җв”Җв”Җв”Җв”ҙв”Җв”Җв”Җв”Җв”Җв”Җв”Җв”Җв”Җв”Җв”ҙв”Җв”Җв”Җв”ҙв”Җв”Җв”Җв”Җв”Җв”Җв”Җв”Җв”Җв”Җв”Җв”Җв”Җв”Җв”Җв”Җв”Җв”Җв”Җв”Җв”Җв•Ҝ
Total permutations: 199584000  Permutations left: 202708261  Initial combinations for each pair: 19958400

Ran in 76.30s
