total 36288000 -> max I 25.112989
-> I = -0.0000 bit
          |  Christin|      Jill|  Kathleen|     Laura|    Leonie|   Melissa|    Mirjam|   Sabrina|   Vanessa|  Victoria|  VanessaM|
     Aaron|   10.0000|[0m   10.0000|[0m   10.0000|[0m   10.0000|[0m   10.0000|[0m   10.0000|[0m   10.0000|[0m   10.0000|[0m   10.0000|[0m   10.0000|[0m   10.0000|[0m
     Dario|   10.0000|[0m   10.0000|[0m   10.0000|[0m   10.0000|[0m   10.0000|[0m   10.0000|[0m   10.0000|[0m   10.0000|[0m   10.0000|[0m   10.0000|[0m   10.0000|[0m
   Dominic|   10.0000|[0m   10.0000|[0m   10.0000|[0m   10.0000|[0m   10.0000|[0m   10.0000|[0m   10.0000|[0m   10.0000|[0m   10.0000|[0m   10.0000|[0m   10.0000|[0m
   Germain|   10.0000|[0m   10.0000|[0m   10.0000|[0m   10.0000|[0m   10.0000|[0m   10.0000|[0m   10.0000|[0m   10.0000|[0m   10.0000|[0m   10.0000|[0m   10.0000|[0m
      Marc|   10.0000|[0m   10.0000|[0m   10.0000|[0m   10.0000|[0m   10.0000|[0m   10.0000|[0m   10.0000|[0m   10.0000|[0m   10.0000|[0m   10.0000|[0m   10.0000|[0m
    Marcel|   10.0000|[0m   10.0000|[0m   10.0000|[0m   10.0000|[0m   10.0000|[0m   10.0000|[0m   10.0000|[0m   10.0000|[0m   10.0000|[0m   10.0000|[0m   10.0000|[0m
     Marko|   10.0000|[0m   10.0000|[0m   10.0000|[0m   10.0000|[0m   10.0000|[0m   10.0000|[0m   10.0000|[0m   10.0000|[0m   10.0000|[0m   10.0000|[0m   10.0000|[0m
    Marvin|   10.0000|[0m   10.0000|[0m   10.0000|[0m   10.0000|[0m   10.0000|[0m   10.0000|[0m   10.0000|[0m   10.0000|[0m   10.0000|[0m   10.0000|[0m   10.0000|[0m
Maximilian|   10.0000|[0m   10.0000|[0m   10.0000|[0m   10.0000|[0m   10.0000|[0m   10.0000|[0m   10.0000|[0m   10.0000|[0m   10.0000|[0m   10.0000|[0m   10.0000|[0m
    Sascha|   10.0000|[0m   10.0000|[0m   10.0000|[0m   10.0000|[0m   10.0000|[0m   10.0000|[0m   10.0000|[0m   10.0000|[0m   10.0000|[0m   10.0000|[0m   10.0000|[0m

opt: Maximilian -> Jill => H = -nan
0
Maximilian -> Jill
H = 0.5033 bit/X -> I = 0.1520 bit
          |  Christin|      Jill|  Kathleen|     Laura|    Leonie|   Melissa|    Mirjam|   Sabrina|   Vanessa|  Victoria|  VanessaM|
     Aaron|    9.8765|[0m   11.1111|[0m    9.8765|[0m    9.8765|[0m    9.8765|[0m    9.8765|[0m    9.8765|[0m    9.8765|[0m    9.8765|[0m    9.8765|[0m   10.0000|[0m
     Dario|    9.8765|[0m   11.1111|[0m    9.8765|[0m    9.8765|[0m    9.8765|[0m    9.8765|[0m    9.8765|[0m    9.8765|[0m    9.8765|[0m    9.8765|[0m   10.0000|[0m
   Dominic|    9.8765|[0m   11.1111|[0m    9.8765|[0m    9.8765|[0m    9.8765|[0m    9.8765|[0m    9.8765|[0m    9.8765|[0m    9.8765|[0m    9.8765|[0m   10.0000|[0m
   Germain|    9.8765|[0m   11.1111|[0m    9.8765|[0m    9.8765|[0m    9.8765|[0m    9.8765|[0m    9.8765|[0m    9.8765|[0m    9.8765|[0m    9.8765|[0m   10.0000|[0m
      Marc|    9.8765|[0m   11.1111|[0m    9.8765|[0m    9.8765|[0m    9.8765|[0m    9.8765|[0m    9.8765|[0m    9.8765|[0m    9.8765|[0m    9.8765|[0m   10.0000|[0m
    Marcel|    9.8765|[0m   11.1111|[0m    9.8765|[0m    9.8765|[0m    9.8765|[0m    9.8765|[0m    9.8765|[0m    9.8765|[0m    9.8765|[0m    9.8765|[0m   10.0000|[0m
     Marko|    9.8765|[0m   11.1111|[0m    9.8765|[0m    9.8765|[0m    9.8765|[0m    9.8765|[0m    9.8765|[0m    9.8765|[0m    9.8765|[0m    9.8765|[0m   10.0000|[0m
    Marvin|    9.8765|[0m   11.1111|[0m    9.8765|[0m    9.8765|[0m    9.8765|[0m    9.8765|[0m    9.8765|[0m    9.8765|[0m    9.8765|[0m    9.8765|[0m   10.0000|[0m
Maximilian|   11.1111|[0m[2m[31m    0.0000|[0m   11.1111|[0m   11.1111|[0m   11.1111|[0m   11.1111|[0m   11.1111|[0m   11.1111|[0m   11.1111|[0m   11.1111|[0m   10.0000|[0m
    Sascha|    9.8765|[0m   11.1111|[0m    9.8765|[0m    9.8765|[0m    9.8765|[0m    9.8765|[0m    9.8765|[0m    9.8765|[0m    9.8765|[0m    9.8765|[0m   10.0000|[0m
32659200 left -> max I 24.960986

2
Aaron -> Kathleen
Dario -> Victoria
Dominic -> Melissa
Germain -> Leonie
Marc -> Mirjam
Marcel -> Laura
Marko -> Sabrina
Marvin -> Jill
Maximilian -> Christin
Sascha -> Vanessa
-> I = 2.4250 bit
          |  Christin|      Jill|  Kathleen|     Laura|    Leonie|   Melissa|    Mirjam|   Sabrina|   Vanessa|  Victoria|  VanessaM|
     Aaron|    8.6891|[0m    9.7561|[0m   19.5122|[0m    8.8632|[0m    8.8632|[0m    8.8632|[0m    8.8632|[0m    8.8632|[0m    8.8632|[0m    8.8632|[0m   10.0000|[0m
     Dario|    8.6891|[0m    9.7561|[0m    8.8632|[0m    8.8632|[0m    8.8632|[0m    8.8632|[0m    8.8632|[0m    8.8632|[0m    8.8632|[0m   19.5122|[0m   10.0000|[0m
   Dominic|    8.6891|[0m    9.7561|[0m    8.8632|[0m    8.8632|[0m    8.8632|[0m   19.5122|[0m    8.8632|[0m    8.8632|[0m    8.8632|[0m    8.8632|[0m   10.0000|[0m
   Germain|    8.6891|[0m    9.7561|[0m    8.8632|[0m    8.8632|[0m   19.5122|[0m    8.8632|[0m    8.8632|[0m    8.8632|[0m    8.8632|[0m    8.8632|[0m   10.0000|[0m
      Marc|    8.6891|[0m    9.7561|[0m    8.8632|[0m    8.8632|[0m    8.8632|[0m    8.8632|[0m   19.5122|[0m    8.8632|[0m    8.8632|[0m    8.8632|[0m   10.0000|[0m
    Marcel|    8.6891|[0m    9.7561|[0m    8.8632|[0m   19.5122|[0m    8.8632|[0m    8.8632|[0m    8.8632|[0m    8.8632|[0m    8.8632|[0m    8.8632|[0m   10.0000|[0m
     Marko|    8.6891|[0m    9.7561|[0m    8.8632|[0m    8.8632|[0m    8.8632|[0m    8.8632|[0m    8.8632|[0m   19.5122|[0m    8.8632|[0m    8.8632|[0m   10.0000|[0m
    Marvin|    8.5360|[0m   21.9512|[0m    8.6891|[0m    8.6891|[0m    8.6891|[0m    8.6891|[0m    8.6891|[0m    8.6891|[0m    8.6891|[0m    8.6891|[0m   10.0000|[0m
Maximilian|   21.9512|[0m[2m[31m    0.0000|[0m    9.7561|[0m    9.7561|[0m    9.7561|[0m    9.7561|[0m    9.7561|[0m    9.7561|[0m    9.7561|[0m    9.7561|[0m   10.0000|[0m
    Sascha|    8.6891|[0m    9.7561|[0m    8.8632|[0m    8.8632|[0m    8.8632|[0m    8.8632|[0m    8.8632|[0m    8.8632|[0m   19.5122|[0m    8.8632|[0m   10.0000|[0m
6081530 left -> max I 22.536003

2
Aaron -> Kathleen
Dario -> Laura
Dominic -> Melissa
Germain -> Victoria
Marc -> Mirjam
Marcel -> Leonie
Marko -> Sabrina
Marvin -> Vanessa
Maximilian -> Christin
Sascha -> Jill
-> I = 1.8314 bit
          |  Christin|      Jill|  Kathleen|     Laura|    Leonie|   Melissa|    Mirjam|   Sabrina|   Vanessa|  Victoria|  VanessaM|
     Aaron|    7.1416|[0m    9.2483|[0m   26.6950|[0m    8.7017|[0m    8.7017|[0m    7.4283|[0m    7.4283|[0m    7.4283|[0m    8.5250|[0m    8.7017|[0m   10.0000|[0m
     Dario|    8.3904|[0m   11.6510|[0m    8.7017|[0m   12.3170|[0m    9.8381|[0m    8.7017|[0m    8.7017|[0m    8.7017|[0m   10.6796|[0m   12.3170|[0m   10.0000|[0m
   Dominic|    7.1416|[0m    9.2483|[0m    7.4283|[0m    8.7017|[0m    8.7017|[0m   26.6950|[0m    7.4283|[0m    7.4283|[0m    8.5250|[0m    8.7017|[0m   10.0000|[0m
   Germain|    8.3904|[0m   11.6510|[0m    8.7017|[0m    9.8381|[0m   12.3170|[0m    8.7017|[0m    8.7017|[0m    8.7017|[0m   10.6796|[0m   12.3170|[0m   10.0000|[0m
      Marc|    7.1416|[0m    9.2483|[0m    7.4283|[0m    8.7017|[0m    8.7017|[0m    7.4283|[0m   26.6950|[0m    7.4283|[0m    8.5250|[0m    8.7017|[0m   10.0000|[0m
    Marcel|    8.3904|[0m   11.6510|[0m    8.7017|[0m   12.3170|[0m   12.3170|[0m    8.7017|[0m    8.7017|[0m    8.7017|[0m   10.6796|[0m    9.8381|[0m   10.0000|[0m
     Marko|    7.1416|[0m    9.2483|[0m    7.4283|[0m    8.7017|[0m    8.7017|[0m    7.4283|[0m    7.4283|[0m   26.6950|[0m    8.5250|[0m    8.7017|[0m   10.0000|[0m
    Marvin|    8.1633|[0m   14.0269|[0m    8.4319|[0m   10.5919|[0m   10.5919|[0m    8.4319|[0m    8.4319|[0m    8.4319|[0m   12.3064|[0m   10.5919|[0m   10.0000|[0m
Maximilian|   29.9357|[0m[2m[31m    0.0000|[0m    8.0510|[0m    9.5374|[0m    9.5374|[0m    8.0510|[0m    8.0510|[0m    8.0510|[0m    9.2483|[0m    9.5374|[0m   10.0000|[0m
    Sascha|    8.1633|[0m   14.0269|[0m    8.4319|[0m   10.5919|[0m   10.5919|[0m    8.4319|[0m    8.4319|[0m    8.4319|[0m   12.3064|[0m   10.5919|[0m   10.0000|[0m
1708860 left -> max I 20.704603

opt: Aaron -> Kathleen => H = -nan
0
Aaron -> Kathleen
H = 0.9461 bit/X -> I = 0.4480 bit
          |  Christin|      Jill|  Kathleen|     Laura|    Leonie|   Melissa|    Mirjam|   Sabrina|   Vanessa|  Victoria|  VanessaM|
     Aaron|    9.7423|[0m   12.6162|[0m[2m[31m    0.0000|[0m   11.8705|[0m   11.8705|[0m   10.1335|[0m   10.1335|[0m   10.1335|[0m   11.6295|[0m   11.8705|[0m   10.0000|[0m
     Dario|    7.5374|[0m   10.6428|[0m   11.8705|[0m   13.6132|[0m    9.0845|[0m    7.9031|[0m    7.9031|[0m    7.9031|[0m    9.9291|[0m   13.6132|[0m   10.0000|[0m
   Dominic|    5.9840|[0m    8.1952|[0m   10.1335|[0m    7.9031|[0m    7.9031|[0m   31.6186|[0m    6.3400|[0m    6.3400|[0m    7.6795|[0m    7.9031|[0m   10.0000|[0m
   Germain|    7.5374|[0m   10.6428|[0m   11.8705|[0m    9.0845|[0m   13.6132|[0m    7.9031|[0m    7.9031|[0m    7.9031|[0m    9.9291|[0m   13.6132|[0m   10.0000|[0m
      Marc|    5.9840|[0m    8.1952|[0m   10.1335|[0m    7.9031|[0m    7.9031|[0m    6.3400|[0m   31.6186|[0m    6.3400|[0m    7.6795|[0m    7.9031|[0m   10.0000|[0m
    Marcel|    7.5374|[0m   10.6428|[0m   11.8705|[0m   13.6132|[0m   13.6132|[0m    7.9031|[0m    7.9031|[0m    7.9031|[0m    9.9291|[0m    9.0845|[0m   10.0000|[0m
     Marko|    5.9840|[0m    8.1952|[0m   10.1335|[0m    7.9031|[0m    7.9031|[0m    6.3400|[0m    6.3400|[0m   31.6186|[0m    7.6795|[0m    7.9031|[0m   10.0000|[0m
    Marvin|    7.2493|[0m   15.4349|[0m   11.5025|[0m    9.8022|[0m    9.8022|[0m    7.5774|[0m    7.5774|[0m    7.5774|[0m   13.6747|[0m    9.8022|[0m   10.0000|[0m
Maximilian|   35.1949|[0m[2m[31m    0.0000|[0m   10.9829|[0m    8.5050|[0m    8.5050|[0m    6.7040|[0m    6.7040|[0m    6.7040|[0m    8.1952|[0m    8.5050|[0m   10.0000|[0m
    Sascha|    7.2493|[0m   15.4349|[0m   11.5025|[0m    9.8022|[0m    9.8022|[0m    7.5774|[0m    7.5774|[0m    7.5774|[0m   13.6747|[0m    9.8022|[0m   10.0000|[0m
1252680 left -> max I 20.256586

3
Aaron -> Melissa
Dario -> Victoria
Dominic -> Vanessa
Germain -> Christin
Marc -> Leonie
Marcel -> Laura
Marko -> Mirjam
Marvin -> Kathleen
Maximilian -> Jill
Sascha -> Sabrina
-> I = 4.5343 bit
          |  Christin|      Jill|  Kathleen|     Laura|    Leonie|   Melissa|    Mirjam|   Sabrina|   Vanessa|  Victoria|  VanessaM|
     Aaron|    5.6604|[0m   11.0063|[0m[2m[31m    0.0000|[0m    7.9171|[0m    8.0651|[0m   37.0329|[0m    8.0651|[0m    7.4177|[0m    7.4732|[0m    7.3622|[0m   10.0000|[0m
     Dario|    4.2545|[0m    8.7680|[0m    7.5657|[0m    7.7321|[0m    7.6397|[0m    5.0314|[0m    6.1598|[0m    5.7159|[0m    6.4558|[0m   40.6770|[0m   10.0000|[0m
   Dominic|    3.6811|[0m    8.2871|[0m    7.0292|[0m    5.7714|[0m    6.9182|[0m   22.9005|[0m    6.0858|[0m    5.5679|[0m   28.2094|[0m    5.5494|[0m   10.0000|[0m
   Germain|   30.1887|[0m    7.8246|[0m    8.4536|[0m    7.9541|[0m    3.6071|[0m    5.8454|[0m    7.2327|[0m    7.1402|[0m    6.2153|[0m   15.5383|[0m   10.0000|[0m
      Marc|    3.4036|[0m    8.1391|[0m    6.9552|[0m    5.5679|[0m   32.7969|[0m    4.3655|[0m   22.4195|[0m    5.1794|[0m    5.9748|[0m    5.1979|[0m   10.0000|[0m
    Marcel|    4.1435|[0m    6.5113|[0m    7.4547|[0m   40.4920|[0m   15.4273|[0m    4.6615|[0m    5.7159|[0m    5.6234|[0m    5.3459|[0m    4.6245|[0m   10.0000|[0m
     Marko|    4.0696|[0m    8.8050|[0m    7.7691|[0m    5.9009|[0m    6.9552|[0m    5.4569|[0m   25.3977|[0m   23.6034|[0m    6.4558|[0m    5.5864|[0m   10.0000|[0m
    Marvin|    4.1435|[0m    6.3818|[0m   37.9208|[0m    5.2164|[0m    5.1424|[0m    4.4580|[0m    5.4569|[0m    5.4014|[0m   21.8461|[0m    4.0326|[0m   10.0000|[0m
Maximilian|   36.2560|[0m[2m[31m    0.0000|[0m   10.3404|[0m    7.7876|[0m    9.1565|[0m    5.9748|[0m    7.7691|[0m    7.0662|[0m    8.3611|[0m    7.2882|[0m   10.0000|[0m
    Sascha|    4.1990|[0m   34.2767|[0m    6.5113|[0m    5.6604|[0m    4.2915|[0m    4.2730|[0m    5.6974|[0m   27.2845|[0m    3.6626|[0m    4.1435|[0m   10.0000|[0m
54060 left -> max I 15.722274

opt: Aaron -> Kathleen => H = -nan
0
Marcel -> Laura
H = 0.9039 bit/X -> I = 0.7488 bit
          |  Christin|      Jill|  Kathleen|     Laura|    Leonie|   Melissa|    Mirjam|   Sabrina|   Vanessa|  Victoria|  VanessaM|
     Aaron|    4.6938|[0m   10.7554|[0m[2m[31m    0.0000|[0m   13.3043|[0m    6.4035|[0m   39.8819|[0m    7.1495|[0m    6.5278|[0m    7.1495|[0m    4.1343|[0m   10.0000|[0m
     Dario|    0.9015|[0m    5.3466|[0m    2.8287|[0m   12.9935|[0m    3.4504|[0m    1.4610|[0m    2.5179|[0m    2.0827|[0m    3.1396|[0m   65.2782|[0m   10.0000|[0m
   Dominic|    2.9220|[0m    8.0199|[0m    6.2170|[0m    9.6985|[0m    5.5331|[0m   23.8110|[0m    5.3777|[0m    4.8803|[0m   31.0227|[0m    2.5179|[0m   10.0000|[0m
   Germain|   31.9242|[0m   10.1026|[0m    8.2686|[0m   13.3665|[0m    5.6264|[0m    5.7818|[0m    7.1495|[0m    6.6832|[0m    7.0873|[0m    4.0099|[0m   10.0000|[0m
      Marc|    2.7044|[0m    7.7712|[0m    6.1237|[0m    9.3565|[0m   33.3541|[0m    3.6991|[0m   24.0286|[0m    4.4762|[0m    5.5953|[0m    2.8909|[0m   10.0000|[0m
    Marcel|    6.9630|[0m   10.9419|[0m   12.5272|[0m[2m[31m    0.0000|[0m   25.9248|[0m    7.8334|[0m    9.6052|[0m    9.4498|[0m    8.9835|[0m    7.7712|[0m   10.0000|[0m
     Marko|    3.4504|[0m    8.4240|[0m    6.9008|[0m    9.9161|[0m    5.6574|[0m    4.5695|[0m   26.9195|[0m   24.8368|[0m    5.9372|[0m    3.3882|[0m   10.0000|[0m
    Marvin|    3.2950|[0m   10.7243|[0m   41.5294|[0m    8.7659|[0m    3.4504|[0m    3.8545|[0m    4.8492|[0m    4.7560|[0m   16.9412|[0m    1.8340|[0m   10.0000|[0m
Maximilian|   39.5399|[0m[2m[31m    0.0000|[0m    9.3565|[0m   13.0867|[0m    7.6469|[0m    5.0357|[0m    6.9008|[0m    6.2170|[0m    7.9888|[0m    4.2275|[0m   10.0000|[0m
    Sascha|    3.6058|[0m   27.9142|[0m    6.2481|[0m    9.5120|[0m    2.9531|[0m    4.0721|[0m    5.5020|[0m   30.0901|[0m    6.1548|[0m    3.9478|[0m   10.0000|[0m
32170 left -> max I 14.973428

3
Aaron -> Melissa
Dario -> Kathleen
Dominic -> Laura
Germain -> Victoria
Marc -> Mirjam
Marcel -> Leonie
Marko -> Sabrina
Marvin -> Christin
Maximilian -> Jill
Sascha -> Vanessa
-> I = 3.0779 bit
          |  Christin|      Jill|  Kathleen|     Laura|    Leonie|   Melissa|    Mirjam|   Sabrina|   Vanessa|  Victoria|  VanessaM|
     Aaron|    1.0499|[0m    4.1995|[0m[2m[31m    0.0000|[0m    1.5748|[0m[2m[31m    0.0000|[0m[32m   90.0262|[0m    0.2625|[0m    0.7874|[0m    1.5748|[0m    0.5249|[0m   10.0000|[0m
     Dario|    3.6745|[0m    8.1365|[0m    8.6614|[0m   12.0735|[0m    6.0367|[0m    0.5249|[0m    3.9370|[0m    4.1995|[0m    4.4619|[0m   48.2940|[0m   10.0000|[0m
   Dominic|    4.9869|[0m   12.3360|[0m    4.4619|[0m   27.8215|[0m    3.6745|[0m[2m[31m    0.0000|[0m    4.4619|[0m    4.7244|[0m   32.2835|[0m    5.2493|[0m   10.0000|[0m
   Germain|   35.4331|[0m   16.7979|[0m    5.7743|[0m    9.7113|[0m    1.5748|[0m    1.3123|[0m    4.7244|[0m    3.9370|[0m    8.1365|[0m   12.5984|[0m   10.0000|[0m
      Marc|    2.8871|[0m    7.8740|[0m    4.4619|[0m    5.7743|[0m   20.9974|[0m    0.2625|[0m   47.2441|[0m    1.5748|[0m    5.5118|[0m    3.4121|[0m   10.0000|[0m
    Marcel|    6.2992|[0m   12.5984|[0m    9.4488|[0m[2m[31m    0.0000|[0m   43.0446|[0m    0.7874|[0m    6.5617|[0m    6.0367|[0m    6.8241|[0m    8.3990|[0m   10.0000|[0m
     Marko|    4.4619|[0m    9.1864|[0m    6.2992|[0m    7.0866|[0m    5.2493|[0m    1.5748|[0m   12.0735|[0m   44.8819|[0m    5.5118|[0m    3.6745|[0m   10.0000|[0m
    Marvin|    8.3990|[0m   17.8478|[0m   38.3202|[0m    9.7113|[0m    3.9370|[0m    0.7874|[0m    7.0866|[0m    4.4619|[0m    6.2992|[0m    3.1496|[0m   10.0000|[0m
Maximilian|   22.8346|[0m[2m[31m    0.0000|[0m   14.6982|[0m   13.9108|[0m   11.2861|[0m    3.1496|[0m    6.8241|[0m    6.8241|[0m   12.0735|[0m    8.3990|[0m   10.0000|[0m
    Sascha|    9.9738|[0m   11.0236|[0m    7.8740|[0m   12.3360|[0m    4.1995|[0m    1.5748|[0m    6.8241|[0m   22.5722|[0m   17.3228|[0m    6.2992|[0m   10.0000|[0m
3810 left -> max I 11.895575

opt: Aaron -> Kathleen => H = -nan
1
Marcel -> Leonie
H = -nan bit/X -> I = 1.2161 bit
          |  Christin|      Jill|  Kathleen|     Laura|    Leonie|   Melissa|    Mirjam|   Sabrina|   Vanessa|  Victoria|  VanessaM|
     Aaron|    2.4390|[0m    8.5366|[0m[2m[31m    0.0000|[0m    3.6585|[0m[2m[31m    0.0000|[0m   79.8780|[0m    0.6098|[0m    0.6098|[0m    3.0488|[0m    1.2195|[0m   10.0000|[0m
     Dario|    2.4390|[0m    1.8293|[0m    6.7073|[0m    3.6585|[0m[2m[31m    0.0000|[0m[2m[31m    0.0000|[0m    3.6585|[0m    5.4878|[0m    3.0488|[0m   73.1707|[0m   10.0000|[0m
   Dominic|    8.5366|[0m   17.6829|[0m    4.8780|[0m   19.5122|[0m[2m[31m    0.0000|[0m[2m[31m    0.0000|[0m    3.6585|[0m    5.4878|[0m   34.1463|[0m    6.0976|[0m   10.0000|[0m
   Germain|   33.5366|[0m   21.9512|[0m    8.5366|[0m   10.9756|[0m[2m[31m    0.0000|[0m    3.0488|[0m    4.2683|[0m    6.0976|[0m   11.5854|[0m[2m[31m    0.0000|[0m   10.0000|[0m
      Marc|    5.4878|[0m   12.8049|[0m    6.0976|[0m    7.9268|[0m[2m[31m    0.0000|[0m    0.6098|[0m   48.1707|[0m    3.6585|[0m    9.7561|[0m    5.4878|[0m   10.0000|[0m
    Marcel|[2m[31m    0.0000|[0m[2m[31m    0.0000|[0m[2m[31m    0.0000|[0m[2m[31m    0.0000|[0m[32m  100.0000|[0m[2m[31m    0.0000|[0m[2m[31m    0.0000|[0m[2m[31m    0.0000|[0m[2m[31m    0.0000|[0m[2m[31m    0.0000|[0m   10.0000|[0m
     Marko|    7.3171|[0m   14.0244|[0m    8.5366|[0m    8.5366|[0m[2m[31m    0.0000|[0m    3.6585|[0m   12.1951|[0m   32.3171|[0m    9.1463|[0m    4.2683|[0m   10.0000|[0m
    Marvin|    6.0976|[0m   23.1707|[0m   36.5854|[0m   14.0244|[0m[2m[31m    0.0000|[0m    1.8293|[0m   10.3659|[0m    7.9268|[0m[2m[31m    0.0000|[0m[2m[31m    0.0000|[0m   10.0000|[0m
Maximilian|   15.8537|[0m[2m[31m    0.0000|[0m   17.6829|[0m   16.4634|[0m[2m[31m    0.0000|[0m    7.3171|[0m    6.7073|[0m    7.9268|[0m   21.9512|[0m    6.0976|[0m   10.0000|[0m
    Sascha|   18.2927|[0m[2m[31m    0.0000|[0m   10.9756|[0m   15.2439|[0m[2m[31m    0.0000|[0m    3.6585|[0m   10.3659|[0m   30.4878|[0m    7.3171|[0m    3.6585|[0m   10.0000|[0m
1640 left -> max I 10.679480

3
Aaron -> Mirjam
Dario -> Victoria
Dominic -> Vanessa
Germain -> Christin
Marc -> Melissa
Marcel -> Leonie
Marko -> VanessaM
Marvin -> Kathleen
Maximilian -> Laura
Sascha -> Jill
-> I = 0.9380 bit
          |  Christin|      Jill|  Kathleen|     Laura|    Leonie|   Melissa|    Mirjam|   Sabrina|   Vanessa|  Victoria|  VanessaM|
     Aaron|    4.2056|[0m    8.4112|[0m[2m[31m    0.0000|[0m    6.3084|[0m[2m[31m    0.0000|[0m   77.9206|[0m[2m[31m    0.0000|[0m[2m[31m    0.0000|[0m    2.1028|[0m    1.0514|[0m   10.6308|[0m
     Dario|    1.4019|[0m    0.3505|[0m    3.7383|[0m    0.7009|[0m[2m[31m    0.0000|[0m[2m[31m    0.0000|[0m    4.2056|[0m    4.5561|[0m    2.3364|[0m[32m   82.7103|[0m   10.6308|[0m
   Dominic|    8.8785|[0m   22.4299|[0m    4.6729|[0m   15.6542|[0m[2m[31m    0.0000|[0m[2m[31m    0.0000|[0m    4.2056|[0m    4.5561|[0m   37.7336|[0m    1.8692|[0m   10.6308|[0m
   Germain|   33.5280|[0m   23.9486|[0m    5.8411|[0m   11.3318|[0m[2m[31m    0.0000|[0m    4.2056|[0m    4.4393|[0m    6.6589|[0m   10.0467|[0m[2m[31m    0.0000|[0m   10.6308|[0m
      Marc|    7.3598|[0m   12.0327|[0m    4.6729|[0m    8.8785|[0m[2m[31m    0.0000|[0m[2m[31m    0.0000|[0m   56.0748|[0m    2.5701|[0m    6.6589|[0m    1.7523|[0m   10.6308|[0m
    Marcel|[2m[31m    0.0000|[0m[2m[31m    0.0000|[0m[2m[31m    0.0000|[0m[2m[31m    0.0000|[0m[32m  100.0000|[0m[2m[31m    0.0000|[0m[2m[31m    0.0000|[0m[2m[31m    0.0000|[0m[2m[31m    0.0000|[0m[2m[31m    0.0000|[0m   10.6308|[0m
     Marko|    8.7617|[0m   16.2383|[0m    7.8271|[0m   10.9813|[0m[2m[31m    0.0000|[0m    4.2056|[0m    1.9860|[0m   36.7991|[0m    8.7617|[0m    4.4393|[0m    4.3224|[0m
    Marvin|    8.4112|[0m   16.5888|[0m   38.5514|[0m   17.6402|[0m[2m[31m    0.0000|[0m    3.1542|[0m    8.0607|[0m    7.5935|[0m[2m[31m    0.0000|[0m[2m[31m    0.0000|[0m   10.6308|[0m
Maximilian|    6.4252|[0m[2m[31m    0.0000|[0m   23.9486|[0m    3.1542|[0m[2m[31m    0.0000|[0m   10.5140|[0m    9.4626|[0m    9.6963|[0m   30.9579|[0m    5.8411|[0m   10.6308|[0m
    Sascha|   21.0280|[0m[2m[31m    0.0000|[0m   10.7477|[0m   25.3505|[0m[2m[31m    0.0000|[0m[2m[31m    0.0000|[0m   11.5654|[0m   27.5701|[0m    1.4019|[0m    2.3364|[0m   10.6308|[0m
856 left -> max I 9.741467

4
Aaron -> Melissa
Dario -> VanessaM
Dominic -> Vanessa
Germain -> Victoria
Marc -> Mirjam
Marcel -> Leonie
Marko -> Sabrina
Marvin -> Laura
Maximilian -> Christin
Sascha -> Jill
-> I = 1.8286 bit
          |  Christin|      Jill|  Kathleen|     Laura|    Leonie|   Melissa|    Mirjam|   Sabrina|   Vanessa|  Victoria|  VanessaM|
     Aaron|[2m[31m    0.0000|[0m    1.6598|[0m[2m[31m    0.0000|[0m    2.4896|[0m[2m[31m    0.0000|[0m[32m   95.4357|[0m[2m[31m    0.0000|[0m[2m[31m    0.0000|[0m[2m[31m    0.0000|[0m    0.4149|[0m    9.1286|[0m
     Dario|    4.5643|[0m[2m[31m    0.0000|[0m    3.3195|[0m[2m[31m    0.0000|[0m[2m[31m    0.0000|[0m[2m[31m    0.0000|[0m   13.2780|[0m   13.2780|[0m    0.8299|[0m   64.7303|[0m   20.7469|[0m
   Dominic|    4.9793|[0m   21.1618|[0m    4.9793|[0m    1.6598|[0m[2m[31m    0.0000|[0m[2m[31m    0.0000|[0m    4.5643|[0m    4.5643|[0m   57.6763|[0m    0.4149|[0m    9.1286|[0m
   Germain|   55.1867|[0m   18.6722|[0m    5.3942|[0m   11.2033|[0m[2m[31m    0.0000|[0m    0.8299|[0m    2.0747|[0m    2.9046|[0m    3.7344|[0m[2m[31m    0.0000|[0m    9.1286|[0m
      Marc|    4.9793|[0m   12.4481|[0m    7.0539|[0m   12.8631|[0m[2m[31m    0.0000|[0m[2m[31m    0.0000|[0m   48.9627|[0m    1.2448|[0m    8.2988|[0m    4.1494|[0m    9.1286|[0m
    Marcel|[2m[31m    0.0000|[0m[2m[31m    0.0000|[0m[2m[31m    0.0000|[0m[2m[31m    0.0000|[0m[32m  100.0000|[0m[2m[31m    0.0000|[0m[2m[31m    0.0000|[0m[2m[31m    0.0000|[0m[2m[31m    0.0000|[0m[2m[31m    0.0000|[0m    9.1286|[0m
     Marko|    5.8091|[0m   10.7884|[0m    5.8091|[0m   13.6929|[0m[2m[31m    0.0000|[0m    1.2448|[0m    1.2448|[0m   47.3029|[0m    5.8091|[0m    8.2988|[0m    6.2241|[0m
    Marvin|    3.3195|[0m   35.2697|[0m   12.0332|[0m   26.1411|[0m[2m[31m    0.0000|[0m[2m[31m    0.0000|[0m   11.6183|[0m   11.6183|[0m[2m[31m    0.0000|[0m[2m[31m    0.0000|[0m    9.1286|[0m
Maximilian|    3.7344|[0m[2m[31m    0.0000|[0m   40.6639|[0m    4.1494|[0m[2m[31m    0.0000|[0m    2.4896|[0m    5.3942|[0m    5.3942|[0m   23.6515|[0m   14.5228|[0m    9.1286|[0m
    Sascha|   17.4274|[0m[2m[31m    0.0000|[0m   20.7469|[0m   27.8008|[0m[2m[31m    0.0000|[0m[2m[31m    0.0000|[0m   12.8631|[0m   13.6929|[0m[2m[31m    0.0000|[0m    7.4689|[0m    9.1286|[0m
241 left -> max I 7.912889

opt: Aaron -> Christin => H = -nan
0
Dario -> Laura
H = -nan bit/X -> I = -0.0000 bit
          |  Christin|      Jill|  Kathleen|     Laura|    Leonie|   Melissa|    Mirjam|   Sabrina|   Vanessa|  Victoria|  VanessaM|
     Aaron|[2m[31m    0.0000|[0m    1.6598|[0m[2m[31m    0.0000|[0m    2.4896|[0m[2m[31m    0.0000|[0m[32m   95.4357|[0m[2m[31m    0.0000|[0m[2m[31m    0.0000|[0m[2m[31m    0.0000|[0m    0.4149|[0m    9.1286|[0m
     Dario|    4.5643|[0m[2m[31m    0.0000|[0m    3.3195|[0m[2m[31m    0.0000|[0m[2m[31m    0.0000|[0m[2m[31m    0.0000|[0m   13.2780|[0m   13.2780|[0m    0.8299|[0m   64.7303|[0m   20.7469|[0m
   Dominic|    4.9793|[0m   21.1618|[0m    4.9793|[0m    1.6598|[0m[2m[31m    0.0000|[0m[2m[31m    0.0000|[0m    4.5643|[0m    4.5643|[0m   57.6763|[0m    0.4149|[0m    9.1286|[0m
   Germain|   55.1867|[0m   18.6722|[0m    5.3942|[0m   11.2033|[0m[2m[31m    0.0000|[0m    0.8299|[0m    2.0747|[0m    2.9046|[0m    3.7344|[0m[2m[31m    0.0000|[0m    9.1286|[0m
      Marc|    4.9793|[0m   12.4481|[0m    7.0539|[0m   12.8631|[0m[2m[31m    0.0000|[0m[2m[31m    0.0000|[0m   48.9627|[0m    1.2448|[0m    8.2988|[0m    4.1494|[0m    9.1286|[0m
    Marcel|[2m[31m    0.0000|[0m[2m[31m    0.0000|[0m[2m[31m    0.0000|[0m[2m[31m    0.0000|[0m[32m  100.0000|[0m[2m[31m    0.0000|[0m[2m[31m    0.0000|[0m[2m[31m    0.0000|[0m[2m[31m    0.0000|[0m[2m[31m    0.0000|[0m    9.1286|[0m
     Marko|    5.8091|[0m   10.7884|[0m    5.8091|[0m   13.6929|[0m[2m[31m    0.0000|[0m    1.2448|[0m    1.2448|[0m   47.3029|[0m    5.8091|[0m    8.2988|[0m    6.2241|[0m
    Marvin|    3.3195|[0m   35.2697|[0m   12.0332|[0m   26.1411|[0m[2m[31m    0.0000|[0m[2m[31m    0.0000|[0m   11.6183|[0m   11.6183|[0m[2m[31m    0.0000|[0m[2m[31m    0.0000|[0m    9.1286|[0m
Maximilian|    3.7344|[0m[2m[31m    0.0000|[0m   40.6639|[0m    4.1494|[0m[2m[31m    0.0000|[0m    2.4896|[0m    5.3942|[0m    5.3942|[0m   23.6515|[0m   14.5228|[0m    9.1286|[0m
    Sascha|   17.4274|[0m[2m[31m    0.0000|[0m   20.7469|[0m   27.8008|[0m[2m[31m    0.0000|[0m[2m[31m    0.0000|[0m   12.8631|[0m   13.6929|[0m[2m[31m    0.0000|[0m    7.4689|[0m    9.1286|[0m
241 left -> max I 7.912889

4
Aaron -> Melissa
Dario -> Sabrina
Dominic -> Laura
Germain -> VanessaM
Marc -> Mirjam
Marcel -> Leonie
Marko -> Victoria
Marvin -> Kathleen
Maximilian -> Christin
Sascha -> Jill
-> I = 2.3583 bit
          |  Christin|      Jill|  Kathleen|     Laura|    Leonie|   Melissa|    Mirjam|   Sabrina|   Vanessa|  Victoria|  VanessaM|
     Aaron|[2m[31m    0.0000|[0m[2m[31m    0.0000|[0m[2m[31m    0.0000|[0m[2m[31m    0.0000|[0m[2m[31m    0.0000|[0m[32m  100.0000|[0m[2m[31m    0.0000|[0m[2m[31m    0.0000|[0m[2m[31m    0.0000|[0m[2m[31m    0.0000|[0m    8.5106|[0m
     Dario|   17.0213|[0m[2m[31m    0.0000|[0m    2.1277|[0m[2m[31m    0.0000|[0m[2m[31m    0.0000|[0m[2m[31m    0.0000|[0m[2m[31m    0.0000|[0m   44.6809|[0m    2.1277|[0m   34.0426|[0m   25.5319|[0m
   Dominic|    6.3830|[0m   12.7660|[0m    2.1277|[0m[2m[31m    0.0000|[0m[2m[31m    0.0000|[0m[2m[31m    0.0000|[0m[2m[31m    0.0000|[0m    8.5106|[0m   70.2128|[0m[2m[31m    0.0000|[0m    8.5106|[0m
   Germain|   51.0638|[0m   10.6383|[0m   14.8936|[0m    8.5106|[0m[2m[31m    0.0000|[0m[2m[31m    0.0000|[0m    2.1277|[0m    6.3830|[0m    6.3830|[0m[2m[31m    0.0000|[0m   10.6383|[0m
      Marc|[2m[31m    0.0000|[0m[2m[31m    0.0000|[0m[2m[31m    0.0000|[0m    2.1277|[0m[2m[31m    0.0000|[0m[2m[31m    0.0000|[0m[32m   97.8723|[0m[2m[31m    0.0000|[0m[2m[31m    0.0000|[0m[2m[31m    0.0000|[0m    8.5106|[0m
    Marcel|[2m[31m    0.0000|[0m[2m[31m    0.0000|[0m[2m[31m    0.0000|[0m[2m[31m    0.0000|[0m[32m  100.0000|[0m[2m[31m    0.0000|[0m[2m[31m    0.0000|[0m[2m[31m    0.0000|[0m[2m[31m    0.0000|[0m[2m[31m    0.0000|[0m    8.5106|[0m
     Marko|    8.5106|[0m   10.6383|[0m   14.8936|[0m   38.2979|[0m[2m[31m    0.0000|[0m[2m[31m    0.0000|[0m[2m[31m    0.0000|[0m[2m[31m    0.0000|[0m    6.3830|[0m   21.2766|[0m    4.2553|[0m
    Marvin|[2m[31m    0.0000|[0m   65.9574|[0m   23.4043|[0m    4.2553|[0m[2m[31m    0.0000|[0m[2m[31m    0.0000|[0m[2m[31m    0.0000|[0m    6.3830|[0m[2m[31m    0.0000|[0m[2m[31m    0.0000|[0m    8.5106|[0m
Maximilian|    2.1277|[0m[2m[31m    0.0000|[0m   23.4043|[0m   17.0213|[0m[2m[31m    0.0000|[0m[2m[31m    0.0000|[0m[2m[31m    0.0000|[0m   12.7660|[0m   14.8936|[0m   29.7872|[0m    8.5106|[0m
    Sascha|   14.8936|[0m[2m[31m    0.0000|[0m   19.1489|[0m   29.7872|[0m[2m[31m    0.0000|[0m[2m[31m    0.0000|[0m[2m[31m    0.0000|[0m   21.2766|[0m[2m[31m    0.0000|[0m   14.8936|[0m    8.5106|[0m
47 left -> max I 5.554589

opt: Aaron -> Christin => H = -nan
0
Marko -> Sabrina
H = -nan bit/X -> I = -0.0000 bit
          |  Christin|      Jill|  Kathleen|     Laura|    Leonie|   Melissa|    Mirjam|   Sabrina|   Vanessa|  Victoria|  VanessaM|
     Aaron|[2m[31m    0.0000|[0m[2m[31m    0.0000|[0m[2m[31m    0.0000|[0m[2m[31m    0.0000|[0m[2m[31m    0.0000|[0m[32m  100.0000|[0m[2m[31m    0.0000|[0m[2m[31m    0.0000|[0m[2m[31m    0.0000|[0m[2m[31m    0.0000|[0m    8.5106|[0m
     Dario|   17.0213|[0m[2m[31m    0.0000|[0m    2.1277|[0m[2m[31m    0.0000|[0m[2m[31m    0.0000|[0m[2m[31m    0.0000|[0m[2m[31m    0.0000|[0m   44.6809|[0m    2.1277|[0m   34.0426|[0m   25.5319|[0m
   Dominic|    6.3830|[0m   12.7660|[0m    2.1277|[0m[2m[31m    0.0000|[0m[2m[31m    0.0000|[0m[2m[31m    0.0000|[0m[2m[31m    0.0000|[0m    8.5106|[0m   70.2128|[0m[2m[31m    0.0000|[0m    8.5106|[0m
   Germain|   51.0638|[0m   10.6383|[0m   14.8936|[0m    8.5106|[0m[2m[31m    0.0000|[0m[2m[31m    0.0000|[0m    2.1277|[0m    6.3830|[0m    6.3830|[0m[2m[31m    0.0000|[0m   10.6383|[0m
      Marc|[2m[31m    0.0000|[0m[2m[31m    0.0000|[0m[2m[31m    0.0000|[0m    2.1277|[0m[2m[31m    0.0000|[0m[2m[31m    0.0000|[0m[32m   97.8723|[0m[2m[31m    0.0000|[0m[2m[31m    0.0000|[0m[2m[31m    0.0000|[0m    8.5106|[0m
    Marcel|[2m[31m    0.0000|[0m[2m[31m    0.0000|[0m[2m[31m    0.0000|[0m[2m[31m    0.0000|[0m[32m  100.0000|[0m[2m[31m    0.0000|[0m[2m[31m    0.0000|[0m[2m[31m    0.0000|[0m[2m[31m    0.0000|[0m[2m[31m    0.0000|[0m    8.5106|[0m
     Marko|    8.5106|[0m   10.6383|[0m   14.8936|[0m   38.2979|[0m[2m[31m    0.0000|[0m[2m[31m    0.0000|[0m[2m[31m    0.0000|[0m[2m[31m    0.0000|[0m    6.3830|[0m   21.2766|[0m    4.2553|[0m
    Marvin|[2m[31m    0.0000|[0m   65.9574|[0m   23.4043|[0m    4.2553|[0m[2m[31m    0.0000|[0m[2m[31m    0.0000|[0m[2m[31m    0.0000|[0m    6.3830|[0m[2m[31m    0.0000|[0m[2m[31m    0.0000|[0m    8.5106|[0m
Maximilian|    2.1277|[0m[2m[31m    0.0000|[0m   23.4043|[0m   17.0213|[0m[2m[31m    0.0000|[0m[2m[31m    0.0000|[0m[2m[31m    0.0000|[0m   12.7660|[0m   14.8936|[0m   29.7872|[0m    8.5106|[0m
    Sascha|   14.8936|[0m[2m[31m    0.0000|[0m   19.1489|[0m   29.7872|[0m[2m[31m    0.0000|[0m[2m[31m    0.0000|[0m[2m[31m    0.0000|[0m   21.2766|[0m[2m[31m    0.0000|[0m   14.8936|[0m    8.5106|[0m
47 left -> max I 5.554589

1
Aaron -> Vanessa
Dario -> Victoria
Dominic -> Melissa
Germain -> Jill
Marc -> VanessaM
Marcel -> Leonie
Marko -> Laura
Marvin -> Kathleen
Maximilian -> Mirjam
Sascha -> Sabrina
-> I = 2.9696 bit
          |  Christin|      Jill|  Kathleen|     Laura|    Leonie|   Melissa|    Mirjam|   Sabrina|   Vanessa|  Victoria|  VanessaM|
     Aaron|[2m[31m    0.0000|[0m[2m[31m    0.0000|[0m[2m[31m    0.0000|[0m[2m[31m    0.0000|[0m[2m[31m    0.0000|[0m[32m  100.0000|[0m[2m[31m    0.0000|[0m[2m[31m    0.0000|[0m[2m[31m    0.0000|[0m[2m[31m    0.0000|[0m   16.6667|[0m
     Dario|[2m[31m    0.0000|[0m[2m[31m    0.0000|[0m[2m[31m    0.0000|[0m[2m[31m    0.0000|[0m[2m[31m    0.0000|[0m[2m[31m    0.0000|[0m[2m[31m    0.0000|[0m[32m  100.0000|[0m[2m[31m    0.0000|[0m[2m[31m    0.0000|[0m[2m[31m    0.0000|[0m
   Dominic|[2m[31m    0.0000|[0m[2m[31m    0.0000|[0m[2m[31m    0.0000|[0m[2m[31m    0.0000|[0m[2m[31m    0.0000|[0m[2m[31m    0.0000|[0m[2m[31m    0.0000|[0m[2m[31m    0.0000|[0m[32m  100.0000|[0m[2m[31m    0.0000|[0m   16.6667|[0m
   Germain|[32m  100.0000|[0m[2m[31m    0.0000|[0m[2m[31m    0.0000|[0m[2m[31m    0.0000|[0m[2m[31m    0.0000|[0m[2m[31m    0.0000|[0m[2m[31m    0.0000|[0m[2m[31m    0.0000|[0m[2m[31m    0.0000|[0m[2m[31m    0.0000|[0m[2m[31m    0.0000|[0m
      Marc|[2m[31m    0.0000|[0m[2m[31m    0.0000|[0m[2m[31m    0.0000|[0m[2m[31m    0.0000|[0m[2m[31m    0.0000|[0m[2m[31m    0.0000|[0m[32m  100.0000|[0m[2m[31m    0.0000|[0m[2m[31m    0.0000|[0m[2m[31m    0.0000|[0m[2m[31m    0.0000|[0m
    Marcel|[2m[31m    0.0000|[0m[2m[31m    0.0000|[0m[2m[31m    0.0000|[0m[2m[31m    0.0000|[0m[32m  100.0000|[0m[2m[31m    0.0000|[0m[2m[31m    0.0000|[0m[2m[31m    0.0000|[0m[2m[31m    0.0000|[0m[2m[31m    0.0000|[0m   16.6667|[0m
     Marko|[2m[31m    0.0000|[0m[2m[31m    0.0000|[0m[32m  100.0000|[0m[2m[31m    0.0000|[0m[2m[31m    0.0000|[0m[2m[31m    0.0000|[0m[2m[31m    0.0000|[0m[2m[31m    0.0000|[0m[2m[31m    0.0000|[0m[2m[31m    0.0000|[0m[2m[31m    0.0000|[0m
    Marvin|[2m[31m    0.0000|[0m[32m  100.0000|[0m[2m[31m    0.0000|[0m[2m[31m    0.0000|[0m[2m[31m    0.0000|[0m[2m[31m    0.0000|[0m[2m[31m    0.0000|[0m[2m[31m    0.0000|[0m[2m[31m    0.0000|[0m[2m[31m    0.0000|[0m   16.6667|[0m
Maximilian|[2m[31m    0.0000|[0m[2m[31m    0.0000|[0m[2m[31m    0.0000|[0m[2m[31m    0.0000|[0m[2m[31m    0.0000|[0m[2m[31m    0.0000|[0m[2m[31m    0.0000|[0m[2m[31m    0.0000|[0m[2m[31m    0.0000|[0m[32m  100.0000|[0m   16.6667|[0m
    Sascha|[2m[31m    0.0000|[0m[2m[31m    0.0000|[0m[2m[31m    0.0000|[0m[32m  100.0000|[0m[2m[31m    0.0000|[0m[2m[31m    0.0000|[0m[2m[31m    0.0000|[0m[2m[31m    0.0000|[0m[2m[31m    0.0000|[0m[2m[31m    0.0000|[0m   16.6667|[0m
6 left -> max I 2.584963

opt: Aaron -> Christin => H = -nan
1
Aaron -> Melissa
H = -nan bit/X -> I = -0.0000 bit
          |  Christin|      Jill|  Kathleen|     Laura|    Leonie|   Melissa|    Mirjam|   Sabrina|   Vanessa|  Victoria|  VanessaM|
     Aaron|[2m[31m    0.0000|[0m[2m[31m    0.0000|[0m[2m[31m    0.0000|[0m[2m[31m    0.0000|[0m[2m[31m    0.0000|[0m[32m  100.0000|[0m[2m[31m    0.0000|[0m[2m[31m    0.0000|[0m[2m[31m    0.0000|[0m[2m[31m    0.0000|[0m   16.6667|[0m
     Dario|[2m[31m    0.0000|[0m[2m[31m    0.0000|[0m[2m[31m    0.0000|[0m[2m[31m    0.0000|[0m[2m[31m    0.0000|[0m[2m[31m    0.0000|[0m[2m[31m    0.0000|[0m[32m  100.0000|[0m[2m[31m    0.0000|[0m[2m[31m    0.0000|[0m[2m[31m    0.0000|[0m
   Dominic|[2m[31m    0.0000|[0m[2m[31m    0.0000|[0m[2m[31m    0.0000|[0m[2m[31m    0.0000|[0m[2m[31m    0.0000|[0m[2m[31m    0.0000|[0m[2m[31m    0.0000|[0m[2m[31m    0.0000|[0m[32m  100.0000|[0m[2m[31m    0.0000|[0m   16.6667|[0m
   Germain|[32m  100.0000|[0m[2m[31m    0.0000|[0m[2m[31m    0.0000|[0m[2m[31m    0.0000|[0m[2m[31m    0.0000|[0m[2m[31m    0.0000|[0m[2m[31m    0.0000|[0m[2m[31m    0.0000|[0m[2m[31m    0.0000|[0m[2m[31m    0.0000|[0m[2m[31m    0.0000|[0m
      Marc|[2m[31m    0.0000|[0m[2m[31m    0.0000|[0m[2m[31m    0.0000|[0m[2m[31m    0.0000|[0m[2m[31m    0.0000|[0m[2m[31m    0.0000|[0m[32m  100.0000|[0m[2m[31m    0.0000|[0m[2m[31m    0.0000|[0m[2m[31m    0.0000|[0m[2m[31m    0.0000|[0m
    Marcel|[2m[31m    0.0000|[0m[2m[31m    0.0000|[0m[2m[31m    0.0000|[0m[2m[31m    0.0000|[0m[32m  100.0000|[0m[2m[31m    0.0000|[0m[2m[31m    0.0000|[0m[2m[31m    0.0000|[0m[2m[31m    0.0000|[0m[2m[31m    0.0000|[0m   16.6667|[0m
     Marko|[2m[31m    0.0000|[0m[2m[31m    0.0000|[0m[32m  100.0000|[0m[2m[31m    0.0000|[0m[2m[31m    0.0000|[0m[2m[31m    0.0000|[0m[2m[31m    0.0000|[0m[2m[31m    0.0000|[0m[2m[31m    0.0000|[0m[2m[31m    0.0000|[0m[2m[31m    0.0000|[0m
    Marvin|[2m[31m    0.0000|[0m[32m  100.0000|[0m[2m[31m    0.0000|[0m[2m[31m    0.0000|[0m[2m[31m    0.0000|[0m[2m[31m    0.0000|[0m[2m[31m    0.0000|[0m[2m[31m    0.0000|[0m[2m[31m    0.0000|[0m[2m[31m    0.0000|[0m   16.6667|[0m
Maximilian|[2m[31m    0.0000|[0m[2m[31m    0.0000|[0m[2m[31m    0.0000|[0m[2m[31m    0.0000|[0m[2m[31m    0.0000|[0m[2m[31m    0.0000|[0m[2m[31m    0.0000|[0m[2m[31m    0.0000|[0m[2m[31m    0.0000|[0m[32m  100.0000|[0m   16.6667|[0m
    Sascha|[2m[31m    0.0000|[0m[2m[31m    0.0000|[0m[2m[31m    0.0000|[0m[32m  100.0000|[0m[2m[31m    0.0000|[0m[2m[31m    0.0000|[0m[2m[31m    0.0000|[0m[2m[31m    0.0000|[0m[2m[31m    0.0000|[0m[2m[31m    0.0000|[0m   16.6667|[0m
6 left -> max I 2.584963

3
Aaron -> Melissa
Dario -> Kathleen
Dominic -> Sabrina
Germain -> Laura
Marc -> Mirjam
Marcel -> Leonie
Marko -> Victoria
Marvin -> Vanessa
Maximilian -> Christin
Sascha -> Jill
-> I = -0.0000 bit
          |  Christin|      Jill|  Kathleen|     Laura|    Leonie|   Melissa|    Mirjam|   Sabrina|   Vanessa|  Victoria|  VanessaM|
     Aaron|[2m[31m    0.0000|[0m[2m[31m    0.0000|[0m[2m[31m    0.0000|[0m[2m[31m    0.0000|[0m[2m[31m    0.0000|[0m[32m  100.0000|[0m[2m[31m    0.0000|[0m[2m[31m    0.0000|[0m[2m[31m    0.0000|[0m[2m[31m    0.0000|[0m   16.6667|[0m
     Dario|[2m[31m    0.0000|[0m[2m[31m    0.0000|[0m[2m[31m    0.0000|[0m[2m[31m    0.0000|[0m[2m[31m    0.0000|[0m[2m[31m    0.0000|[0m[2m[31m    0.0000|[0m[32m  100.0000|[0m[2m[31m    0.0000|[0m[2m[31m    0.0000|[0m[2m[31m    0.0000|[0m
   Dominic|[2m[31m    0.0000|[0m[2m[31m    0.0000|[0m[2m[31m    0.0000|[0m[2m[31m    0.0000|[0m[2m[31m    0.0000|[0m[2m[31m    0.0000|[0m[2m[31m    0.0000|[0m[2m[31m    0.0000|[0m[32m  100.0000|[0m[2m[31m    0.0000|[0m   16.6667|[0m
   Germain|[32m  100.0000|[0m[2m[31m    0.0000|[0m[2m[31m    0.0000|[0m[2m[31m    0.0000|[0m[2m[31m    0.0000|[0m[2m[31m    0.0000|[0m[2m[31m    0.0000|[0m[2m[31m    0.0000|[0m[2m[31m    0.0000|[0m[2m[31m    0.0000|[0m[2m[31m    0.0000|[0m
      Marc|[2m[31m    0.0000|[0m[2m[31m    0.0000|[0m[2m[31m    0.0000|[0m[2m[31m    0.0000|[0m[2m[31m    0.0000|[0m[2m[31m    0.0000|[0m[32m  100.0000|[0m[2m[31m    0.0000|[0m[2m[31m    0.0000|[0m[2m[31m    0.0000|[0m[2m[31m    0.0000|[0m
    Marcel|[2m[31m    0.0000|[0m[2m[31m    0.0000|[0m[2m[31m    0.0000|[0m[2m[31m    0.0000|[0m[32m  100.0000|[0m[2m[31m    0.0000|[0m[2m[31m    0.0000|[0m[2m[31m    0.0000|[0m[2m[31m    0.0000|[0m[2m[31m    0.0000|[0m   16.6667|[0m
     Marko|[2m[31m    0.0000|[0m[2m[31m    0.0000|[0m[32m  100.0000|[0m[2m[31m    0.0000|[0m[2m[31m    0.0000|[0m[2m[31m    0.0000|[0m[2m[31m    0.0000|[0m[2m[31m    0.0000|[0m[2m[31m    0.0000|[0m[2m[31m    0.0000|[0m[2m[31m    0.0000|[0m
    Marvin|[2m[31m    0.0000|[0m[32m  100.0000|[0m[2m[31m    0.0000|[0m[2m[31m    0.0000|[0m[2m[31m    0.0000|[0m[2m[31m    0.0000|[0m[2m[31m    0.0000|[0m[2m[31m    0.0000|[0m[2m[31m    0.0000|[0m[2m[31m    0.0000|[0m   16.6667|[0m
Maximilian|[2m[31m    0.0000|[0m[2m[31m    0.0000|[0m[2m[31m    0.0000|[0m[2m[31m    0.0000|[0m[2m[31m    0.0000|[0m[2m[31m    0.0000|[0m[2m[31m    0.0000|[0m[2m[31m    0.0000|[0m[2m[31m    0.0000|[0m[32m  100.0000|[0m   16.6667|[0m
    Sascha|[2m[31m    0.0000|[0m[2m[31m    0.0000|[0m[2m[31m    0.0000|[0m[32m  100.0000|[0m[2m[31m    0.0000|[0m[2m[31m    0.0000|[0m[2m[31m    0.0000|[0m[2m[31m    0.0000|[0m[2m[31m    0.0000|[0m[2m[31m    0.0000|[0m   16.6667|[0m
6 left -> max I 2.584963

opt: Aaron -> Christin => H = -nan
1
Marc -> Mirjam
H = -nan bit/X -> I = -0.0000 bit
          |  Christin|      Jill|  Kathleen|     Laura|    Leonie|   Melissa|    Mirjam|   Sabrina|   Vanessa|  Victoria|  VanessaM|
     Aaron|[2m[31m    0.0000|[0m[2m[31m    0.0000|[0m[2m[31m    0.0000|[0m[2m[31m    0.0000|[0m[2m[31m    0.0000|[0m[32m  100.0000|[0m[2m[31m    0.0000|[0m[2m[31m    0.0000|[0m[2m[31m    0.0000|[0m[2m[31m    0.0000|[0m   16.6667|[0m
     Dario|[2m[31m    0.0000|[0m[2m[31m    0.0000|[0m[2m[31m    0.0000|[0m[2m[31m    0.0000|[0m[2m[31m    0.0000|[0m[2m[31m    0.0000|[0m[2m[31m    0.0000|[0m[32m  100.0000|[0m[2m[31m    0.0000|[0m[2m[31m    0.0000|[0m[2m[31m    0.0000|[0m
   Dominic|[2m[31m    0.0000|[0m[2m[31m    0.0000|[0m[2m[31m    0.0000|[0m[2m[31m    0.0000|[0m[2m[31m    0.0000|[0m[2m[31m    0.0000|[0m[2m[31m    0.0000|[0m[2m[31m    0.0000|[0m[32m  100.0000|[0m[2m[31m    0.0000|[0m   16.6667|[0m
   Germain|[32m  100.0000|[0m[2m[31m    0.0000|[0m[2m[31m    0.0000|[0m[2m[31m    0.0000|[0m[2m[31m    0.0000|[0m[2m[31m    0.0000|[0m[2m[31m    0.0000|[0m[2m[31m    0.0000|[0m[2m[31m    0.0000|[0m[2m[31m    0.0000|[0m[2m[31m    0.0000|[0m
      Marc|[2m[31m    0.0000|[0m[2m[31m    0.0000|[0m[2m[31m    0.0000|[0m[2m[31m    0.0000|[0m[2m[31m    0.0000|[0m[2m[31m    0.0000|[0m[32m  100.0000|[0m[2m[31m    0.0000|[0m[2m[31m    0.0000|[0m[2m[31m    0.0000|[0m[2m[31m    0.0000|[0m
    Marcel|[2m[31m    0.0000|[0m[2m[31m    0.0000|[0m[2m[31m    0.0000|[0m[2m[31m    0.0000|[0m[32m  100.0000|[0m[2m[31m    0.0000|[0m[2m[31m    0.0000|[0m[2m[31m    0.0000|[0m[2m[31m    0.0000|[0m[2m[31m    0.0000|[0m   16.6667|[0m
     Marko|[2m[31m    0.0000|[0m[2m[31m    0.0000|[0m[32m  100.0000|[0m[2m[31m    0.0000|[0m[2m[31m    0.0000|[0m[2m[31m    0.0000|[0m[2m[31m    0.0000|[0m[2m[31m    0.0000|[0m[2m[31m    0.0000|[0m[2m[31m    0.0000|[0m[2m[31m    0.0000|[0m
    Marvin|[2m[31m    0.0000|[0m[32m  100.0000|[0m[2m[31m    0.0000|[0m[2m[31m    0.0000|[0m[2m[31m    0.0000|[0m[2m[31m    0.0000|[0m[2m[31m    0.0000|[0m[2m[31m    0.0000|[0m[2m[31m    0.0000|[0m[2m[31m    0.0000|[0m   16.6667|[0m
Maximilian|[2m[31m    0.0000|[0m[2m[31m    0.0000|[0m[2m[31m    0.0000|[0m[2m[31m    0.0000|[0m[2m[31m    0.0000|[0m[2m[31m    0.0000|[0m[2m[31m    0.0000|[0m[2m[31m    0.0000|[0m[2m[31m    0.0000|[0m[32m  100.0000|[0m   16.6667|[0m
    Sascha|[2m[31m    0.0000|[0m[2m[31m    0.0000|[0m[2m[31m    0.0000|[0m[32m  100.0000|[0m[2m[31m    0.0000|[0m[2m[31m    0.0000|[0m[2m[31m    0.0000|[0m[2m[31m    0.0000|[0m[2m[31m    0.0000|[0m[2m[31m    0.0000|[0m   16.6667|[0m
6 left -> max I 2.584963

10
Aaron -> Melissa
Dario -> Sabrina
Dominic -> Vanessa
Germain -> Christin
Marc -> Mirjam
Marcel -> Leonie
Marko -> Kathleen
Marvin -> Jill
Maximilian -> Victoria
Sascha -> Laura
-> I = -0.0000 bit
          |  Christin|      Jill|  Kathleen|     Laura|    Leonie|   Melissa|    Mirjam|   Sabrina|   Vanessa|  Victoria|  VanessaM|
     Aaron|[2m[31m    0.0000|[0m[2m[31m    0.0000|[0m[2m[31m    0.0000|[0m[2m[31m    0.0000|[0m[2m[31m    0.0000|[0m[32m  100.0000|[0m[2m[31m    0.0000|[0m[2m[31m    0.0000|[0m[2m[31m    0.0000|[0m[2m[31m    0.0000|[0m   16.6667|[0m
     Dario|[2m[31m    0.0000|[0m[2m[31m    0.0000|[0m[2m[31m    0.0000|[0m[2m[31m    0.0000|[0m[2m[31m    0.0000|[0m[2m[31m    0.0000|[0m[2m[31m    0.0000|[0m[32m  100.0000|[0m[2m[31m    0.0000|[0m[2m[31m    0.0000|[0m[2m[31m    0.0000|[0m
   Dominic|[2m[31m    0.0000|[0m[2m[31m    0.0000|[0m[2m[31m    0.0000|[0m[2m[31m    0.0000|[0m[2m[31m    0.0000|[0m[2m[31m    0.0000|[0m[2m[31m    0.0000|[0m[2m[31m    0.0000|[0m[32m  100.0000|[0m[2m[31m    0.0000|[0m   16.6667|[0m
   Germain|[32m  100.0000|[0m[2m[31m    0.0000|[0m[2m[31m    0.0000|[0m[2m[31m    0.0000|[0m[2m[31m    0.0000|[0m[2m[31m    0.0000|[0m[2m[31m    0.0000|[0m[2m[31m    0.0000|[0m[2m[31m    0.0000|[0m[2m[31m    0.0000|[0m[2m[31m    0.0000|[0m
      Marc|[2m[31m    0.0000|[0m[2m[31m    0.0000|[0m[2m[31m    0.0000|[0m[2m[31m    0.0000|[0m[2m[31m    0.0000|[0m[2m[31m    0.0000|[0m[32m  100.0000|[0m[2m[31m    0.0000|[0m[2m[31m    0.0000|[0m[2m[31m    0.0000|[0m[2m[31m    0.0000|[0m
    Marcel|[2m[31m    0.0000|[0m[2m[31m    0.0000|[0m[2m[31m    0.0000|[0m[2m[31m    0.0000|[0m[32m  100.0000|[0m[2m[31m    0.0000|[0m[2m[31m    0.0000|[0m[2m[31m    0.0000|[0m[2m[31m    0.0000|[0m[2m[31m    0.0000|[0m   16.6667|[0m
     Marko|[2m[31m    0.0000|[0m[2m[31m    0.0000|[0m[32m  100.0000|[0m[2m[31m    0.0000|[0m[2m[31m    0.0000|[0m[2m[31m    0.0000|[0m[2m[31m    0.0000|[0m[2m[31m    0.0000|[0m[2m[31m    0.0000|[0m[2m[31m    0.0000|[0m[2m[31m    0.0000|[0m
    Marvin|[2m[31m    0.0000|[0m[32m  100.0000|[0m[2m[31m    0.0000|[0m[2m[31m    0.0000|[0m[2m[31m    0.0000|[0m[2m[31m    0.0000|[0m[2m[31m    0.0000|[0m[2m[31m    0.0000|[0m[2m[31m    0.0000|[0m[2m[31m    0.0000|[0m   16.6667|[0m
Maximilian|[2m[31m    0.0000|[0m[2m[31m    0.0000|[0m[2m[31m    0.0000|[0m[2m[31m    0.0000|[0m[2m[31m    0.0000|[0m[2m[31m    0.0000|[0m[2m[31m    0.0000|[0m[2m[31m    0.0000|[0m[2m[31m    0.0000|[0m[32m  100.0000|[0m   16.6667|[0m
    Sascha|[2m[31m    0.0000|[0m[2m[31m    0.0000|[0m[2m[31m    0.0000|[0m[32m  100.0000|[0m[2m[31m    0.0000|[0m[2m[31m    0.0000|[0m[2m[31m    0.0000|[0m[2m[31m    0.0000|[0m[2m[31m    0.0000|[0m[2m[31m    0.0000|[0m   16.6667|[0m
6 left -> max I 2.584963

# |     Aaron|      Dario|    Dominic|    Germain|       Marc|     Marcel|      Marko|     Marvin| Maximilian|     Sascha| 
===========================================================================================================================
01|  Kathleen|   Victoria|    Melissa|     Leonie|     Mirjam|      Laura|    Sabrina|       Jill|   Christin|    Vanessa| |2.4250|
02|  Kathleen|      Laura|    Melissa|   Victoria|     Mirjam|     Leonie|    Sabrina|    Vanessa|   Christin|       Jill| |1.8314|
03|   Melissa|   Victoria|    Vanessa|   Christin|     Leonie|      Laura|     Mirjam|   Kathleen|       Jill|    Sabrina| |4.5343|
04|   Melissa|   Kathleen|      Laura|   Victoria|     Mirjam|     Leonie|    Sabrina|   Christin|       Jill|    Vanessa| |3.0779|
05|    Mirjam|   Victoria|    Vanessa|   Christin|    Melissa|     Leonie|   VanessaM|   Kathleen|      Laura|       Jill| |0.9380|
06|   Melissa|   VanessaM|    Vanessa|   Victoria|     Mirjam|     Leonie|    Sabrina|      Laura|   Christin|       Jill| |1.8286|
07|   Melissa|    Sabrina|      Laura|   VanessaM|     Mirjam|     Leonie|   Victoria|   Kathleen|   Christin|       Jill| |2.3583|
08|   Vanessa|   Victoria|    Melissa|       Jill|   VanessaM|     Leonie|      Laura|   Kathleen|     Mirjam|    Sabrina| |2.9696|
09|   Melissa|   Kathleen|    Sabrina|      Laura|     Mirjam|     Leonie|   Victoria|    Vanessa|   Christin|       Jill| |-0.0000|
10|   Melissa|    Sabrina|    Vanessa|   Christin|     Mirjam|     Leonie|   Kathleen|       Jill|   Victoria|      Laura| |-0.0000|


# |  Christin|       Jill|   Kathleen|      Laura|     Leonie|    Melissa|     Mirjam|    Sabrina|    Vanessa|   Victoria|   VanessaM| 
=======================================================================================================================================
01|Maximilian|     Marvin|      Aaron|     Marcel|    Germain|    Dominic|       Marc|      Marko|     Sascha|      Dario|        nil| |2.4250|
02|Maximilian|     Sascha|      Aaron|      Dario|     Marcel|    Dominic|       Marc|      Marko|     Marvin|    Germain|        nil| |1.8314|
03|   Germain| Maximilian|     Marvin|     Marcel|       Marc|      Aaron|      Marko|     Sascha|    Dominic|      Dario|        nil| |4.5343|
04|    Marvin| Maximilian|      Dario|    Dominic|     Marcel|      Aaron|       Marc|      Marko|     Sascha|    Germain|        nil| |3.0779|
05|   Germain|     Sascha|     Marvin| Maximilian|     Marcel|       Marc|      Aaron|        nil|    Dominic|      Dario|      Marko| |0.9380|
06|Maximilian|     Sascha|        nil|     Marvin|     Marcel|      Aaron|       Marc|      Marko|    Dominic|    Germain|      Dario| |1.8286|
07|Maximilian|     Sascha|     Marvin|    Dominic|     Marcel|      Aaron|       Marc|      Dario|        nil|      Marko|    Germain| |2.3583|
08|       nil|    Germain|     Marvin|      Marko|     Marcel|    Dominic| Maximilian|     Sascha|      Aaron|      Dario|       Marc| |2.9696|
09|Maximilian|     Sascha|      Dario|    Germain|     Marcel|      Aaron|       Marc|    Dominic|     Marvin|      Marko|        nil| |-0.0000|
10|   Germain|     Marvin|      Marko|     Sascha|     Marcel|      Aaron|       Marc|      Dario|    Dominic| Maximilian|        nil| |-0.0000|

