╭──────────┬────────┬─────────┬──────────┬─────────┬─────────┬─────────┬────────┬────────┬──────────┬────────┬─────────╮
│          ┆  Dana  ┆ Estelle ┆ Isabelle ┆ Jessica ┆ Joelina ┆ Kerstin ┆  Marie ┆ Monami ┆ Raphaela ┆  Zaira ┆ Desiree │
╞══════════╪════════╪═════════╪══════════╪═════════╪═════════╪═════════╪════════╪════════╪══════════╪════════╪═════════╡
│[48;5;0m Andre    [49m┆[48;5;0m 10.000 [49m┆[48;5;0m 10.000  [49m┆[48;5;0m 10.000   [49m┆[48;5;0m 10.000  [49m┆[48;5;0m 10.000  [49m┆[48;5;0m 10.000  [49m┆[48;5;0m 10.000 [49m┆[48;5;0m 10.000 [49m┆[48;5;0m 10.000   [49m┆[48;5;0m 10.000 [49m┆[48;5;0m 10.000  [49m│
│ Antonino ┆ 10.000 ┆ 10.000  ┆ 10.000   ┆ 10.000  ┆ 10.000  ┆ 10.000  ┆ 10.000 ┆ 10.000 ┆ 10.000   ┆ 10.000 ┆ 10.000  │
│[48;5;0m Dustin   [49m┆[48;5;0m 10.000 [49m┆[48;5;0m 10.000  [49m┆[48;5;0m 10.000   [49m┆[48;5;0m 10.000  [49m┆[48;5;0m 10.000  [49m┆[48;5;0m 10.000  [49m┆[48;5;0m 10.000 [49m┆[48;5;0m 10.000 [49m┆[48;5;0m 10.000   [49m┆[48;5;0m 10.000 [49m┆[48;5;0m 10.000  [49m│
│ Jordi    ┆ 10.000 ┆ 10.000  ┆ 10.000   ┆ 10.000  ┆ 10.000  ┆ 10.000  ┆ 10.000 ┆ 10.000 ┆ 10.000   ┆ 10.000 ┆ 10.000  │
│[48;5;0m Leon     [49m┆[48;5;0m 10.000 [49m┆[48;5;0m 10.000  [49m┆[48;5;0m 10.000   [49m┆[48;5;0m 10.000  [49m┆[48;5;0m 10.000  [49m┆[48;5;0m 10.000  [49m┆[48;5;0m 10.000 [49m┆[48;5;0m 10.000 [49m┆[48;5;0m 10.000   [49m┆[48;5;0m 10.000 [49m┆[48;5;0m 10.000  [49m│
│ Marius   ┆ 10.000 ┆ 10.000  ┆ 10.000   ┆ 10.000  ┆ 10.000  ┆ 10.000  ┆ 10.000 ┆ 10.000 ┆ 10.000   ┆ 10.000 ┆ 10.000  │
│[48;5;0m Max      [49m┆[48;5;0m 10.000 [49m┆[48;5;0m 10.000  [49m┆[48;5;0m 10.000   [49m┆[48;5;0m 10.000  [49m┆[48;5;0m 10.000  [49m┆[48;5;0m 10.000  [49m┆[48;5;0m 10.000 [49m┆[48;5;0m 10.000 [49m┆[48;5;0m 10.000   [49m┆[48;5;0m 10.000 [49m┆[48;5;0m 10.000  [49m│
│ Mike     ┆ 10.000 ┆ 10.000  ┆ 10.000   ┆ 10.000  ┆ 10.000  ┆ 10.000  ┆ 10.000 ┆ 10.000 ┆ 10.000   ┆ 10.000 ┆ 10.000  │
│[48;5;0m Tim      [49m┆[48;5;0m 10.000 [49m┆[48;5;0m 10.000  [49m┆[48;5;0m 10.000   [49m┆[48;5;0m 10.000  [49m┆[48;5;0m 10.000  [49m┆[48;5;0m 10.000  [49m┆[48;5;0m 10.000 [49m┆[48;5;0m 10.000 [49m┆[48;5;0m 10.000   [49m┆[48;5;0m 10.000 [49m┆[48;5;0m 10.000  [49m│
│ William  ┆ 10.000 ┆ 10.000  ┆ 10.000   ┆ 10.000  ┆ 10.000  ┆ 10.000  ┆ 10.000 ┆ 10.000 ┆ 10.000   ┆ 10.000 ┆ 10.000  │
╰──────────┴────────┴─────────┴──────────┴─────────┴─────────┴─────────┴────────┴────────┴──────────┴────────┴─────────╯
36288000 left -> 25.1130 bits left

MB#1.0 E02
Mike -> Jessica
---
-> Pr[lights]: {0: 90.0%, 1: 10.0%}
0 lights => I = 0.1520 bits
╭──────────┬────────┬─────────┬──────────┬─────────┬─────────┬─────────┬────────┬────────┬──────────┬────────┬─────────╮
│          ┆  Dana  ┆ Estelle ┆ Isabelle ┆ Jessica ┆ Joelina ┆ Kerstin ┆  Marie ┆ Monami ┆ Raphaela ┆  Zaira ┆ Desiree │
╞══════════╪════════╪═════════╪══════════╪═════════╪═════════╪═════════╪════════╪════════╪══════════╪════════╪═════════╡
│[48;5;0m Andre    [49m┆[48;5;0m 9.877  [49m┆[48;5;0m 9.877   [49m┆[48;5;0m 9.877    [49m┆[48;5;0m 11.111  [49m┆[48;5;0m 9.877   [49m┆[48;5;0m 9.877   [49m┆[48;5;0m 9.877  [49m┆[48;5;0m 9.877  [49m┆[48;5;0m 9.877    [49m┆[48;5;0m 9.877  [49m┆[48;5;0m 10.000  [49m│
│ Antonino ┆ 9.877  ┆ 9.877   ┆ 9.877    ┆ 11.111  ┆ 9.877   ┆ 9.877   ┆ 9.877  ┆ 9.877  ┆ 9.877    ┆ 9.877  ┆ 10.000  │
│[48;5;0m Dustin   [49m┆[48;5;0m 9.877  [49m┆[48;5;0m 9.877   [49m┆[48;5;0m 9.877    [49m┆[48;5;0m 11.111  [49m┆[48;5;0m 9.877   [49m┆[48;5;0m 9.877   [49m┆[48;5;0m 9.877  [49m┆[48;5;0m 9.877  [49m┆[48;5;0m 9.877    [49m┆[48;5;0m 9.877  [49m┆[48;5;0m 10.000  [49m│
│ Jordi    ┆ 9.877  ┆ 9.877   ┆ 9.877    ┆ 11.111  ┆ 9.877   ┆ 9.877   ┆ 9.877  ┆ 9.877  ┆ 9.877    ┆ 9.877  ┆ 10.000  │
│[48;5;0m Leon     [49m┆[48;5;0m 9.877  [49m┆[48;5;0m 9.877   [49m┆[48;5;0m 9.877    [49m┆[48;5;0m 11.111  [49m┆[48;5;0m 9.877   [49m┆[48;5;0m 9.877   [49m┆[48;5;0m 9.877  [49m┆[48;5;0m 9.877  [49m┆[48;5;0m 9.877    [49m┆[48;5;0m 9.877  [49m┆[48;5;0m 10.000  [49m│
│ Marius   ┆ 9.877  ┆ 9.877   ┆ 9.877    ┆ 11.111  ┆ 9.877   ┆ 9.877   ┆ 9.877  ┆ 9.877  ┆ 9.877    ┆ 9.877  ┆ 10.000  │
│[48;5;0m Max      [49m┆[48;5;0m 9.877  [49m┆[48;5;0m 9.877   [49m┆[48;5;0m 9.877    [49m┆[48;5;0m 11.111  [49m┆[48;5;0m 9.877   [49m┆[48;5;0m 9.877   [49m┆[48;5;0m 9.877  [49m┆[48;5;0m 9.877  [49m┆[48;5;0m 9.877    [49m┆[48;5;0m 9.877  [49m┆[48;5;0m 10.000  [49m│
│ Mike     ┆ 11.111 ┆ 11.111  ┆ 11.111   ┆[38;5;9m 0.000   [39m┆ 11.111  ┆ 11.111  ┆ 11.111 ┆ 11.111 ┆ 11.111   ┆ 11.111 ┆ 10.000  │
│[48;5;0m Tim      [49m┆[48;5;0m 9.877  [49m┆[48;5;0m 9.877   [49m┆[48;5;0m 9.877    [49m┆[48;5;0m 11.111  [49m┆[48;5;0m 9.877   [49m┆[48;5;0m 9.877   [49m┆[48;5;0m 9.877  [49m┆[48;5;0m 9.877  [49m┆[48;5;0m 9.877    [49m┆[48;5;0m 9.877  [49m┆[48;5;0m 10.000  [49m│
│ William  ┆ 9.877  ┆ 9.877   ┆ 9.877    ┆ 11.111  ┆ 9.877   ┆ 9.877   ┆ 9.877  ┆ 9.877  ┆ 9.877    ┆ 9.877  ┆ 10.000  │
╰──────────┴────────┴─────────┴──────────┴─────────┴─────────┴─────────┴────────┴────────┴──────────┴────────┴─────────╯
32659200 left -> 24.9610 bits left

MN#1.0 E02
0x Marius -> Isabelle
0x Leon -> Jessica
0x William -> Dana
0x Mike -> Joelina
0x Max -> Kerstin
0x Dustin -> Zaira
0x Jordi -> Estelle
0x Andre -> Raphaela
0x Antonino -> Monami
0x Tim -> Marie
---
-> Pr[lights]: {0: 36.3%, 1: 36.8%, 2: 18.6%, 3: 6.3%, 4: 1.6%, 5: 0.3%, 6: 0.1%, 7: 0.0%, 8: 0.0%, 10: 0.0%}
->  E[lights]: 1.012
3 lights => I = 3.9926 bits
╭──────────┬────────┬─────────┬──────────┬─────────┬─────────┬─────────┬────────┬────────┬──────────┬────────┬─────────╮
│          ┆  Dana  ┆ Estelle ┆ Isabelle ┆ Jessica ┆ Joelina ┆ Kerstin ┆  Marie ┆ Monami ┆ Raphaela ┆  Zaira ┆ Desiree │
╞══════════╪════════╪═════════╪══════════╪═════════╪═════════╪═════════╪════════╪════════╪══════════╪════════╪═════════╡
│[48;5;0m Andre    [49m┆[48;5;0m 7.810  [49m┆[48;5;0m 7.810   [49m┆[48;5;0m 7.810    [49m┆[48;5;0m 8.434   [49m┆[48;5;0m 7.530   [49m┆[48;5;0m 7.810   [49m┆[48;5;0m 7.810  [49m┆[48;5;0m 7.810  [49m┆[48;5;0m 29.367   [49m┆[48;5;0m 7.810  [49m┆[48;5;0m 10.000  [49m│
│ Antonino ┆ 7.810  ┆ 7.810   ┆ 7.810    ┆ 8.434   ┆ 7.530   ┆ 7.810   ┆ 7.810  ┆ 29.367 ┆ 7.810    ┆ 7.810  ┆ 10.000  │
│[48;5;0m Dustin   [49m┆[48;5;0m 7.810  [49m┆[48;5;0m 7.810   [49m┆[48;5;0m 7.810    [49m┆[48;5;0m 8.434   [49m┆[48;5;0m 7.530   [49m┆[48;5;0m 7.810   [49m┆[48;5;0m 7.810  [49m┆[48;5;0m 7.810  [49m┆[48;5;0m 7.810    [49m┆[48;5;0m 29.367 [49m┆[48;5;0m 10.000  [49m│
│ Jordi    ┆ 7.810  ┆ 29.367  ┆ 7.810    ┆ 8.434   ┆ 7.530   ┆ 7.810   ┆ 7.810  ┆ 7.810  ┆ 7.810    ┆ 7.810  ┆ 10.000  │
│[48;5;0m Leon     [49m┆[48;5;0m 7.530  [49m┆[48;5;0m 7.530   [49m┆[48;5;0m 7.530    [49m┆[48;5;0m 32.530  [49m┆[48;5;0m 7.233   [49m┆[48;5;0m 7.530   [49m┆[48;5;0m 7.530  [49m┆[48;5;0m 7.530  [49m┆[48;5;0m 7.530    [49m┆[48;5;0m 7.530  [49m┆[48;5;0m 10.000  [49m│
│ Marius   ┆ 7.810  ┆ 7.810   ┆ 29.367   ┆ 8.434   ┆ 7.530   ┆ 7.810   ┆ 7.810  ┆ 7.810  ┆ 7.810    ┆ 7.810  ┆ 10.000  │
│[48;5;0m Max      [49m┆[48;5;0m 7.810  [49m┆[48;5;0m 7.810   [49m┆[48;5;0m 7.810    [49m┆[48;5;0m 8.434   [49m┆[48;5;0m 7.530   [49m┆[48;5;0m 29.367  [49m┆[48;5;0m 7.810  [49m┆[48;5;0m 7.810  [49m┆[48;5;0m 7.810    [49m┆[48;5;0m 7.810  [49m┆[48;5;0m 10.000  [49m│
│ Mike     ┆ 8.434  ┆ 8.434   ┆ 8.434    ┆[38;5;9m 0.000   [39m┆ 32.530  ┆ 8.434   ┆ 8.434  ┆ 8.434  ┆ 8.434    ┆ 8.434  ┆ 10.000  │
│[48;5;0m Tim      [49m┆[48;5;0m 7.810  [49m┆[48;5;0m 7.810   [49m┆[48;5;0m 7.810    [49m┆[48;5;0m 8.434   [49m┆[48;5;0m 7.530   [49m┆[48;5;0m 7.810   [49m┆[48;5;0m 29.367 [49m┆[48;5;0m 7.810  [49m┆[48;5;0m 7.810    [49m┆[48;5;0m 7.810  [49m┆[48;5;0m 10.000  [49m│
│ William  ┆ 29.367 ┆ 7.810   ┆ 7.810    ┆ 8.434   ┆ 7.530   ┆ 7.810   ┆ 7.810  ┆ 7.810  ┆ 7.810    ┆ 7.810  ┆ 10.000  │
╰──────────┴────────┴─────────┴──────────┴─────────┴─────────┴─────────┴────────┴────────┴──────────┴────────┴─────────╯
2051760 left -> 20.9684 bits left

MB#2.0 E04
Leon -> Monami
---
-> Pr[lights]: {0: 92.5%, 1: 7.5%}
0 lights => I = 0.1129 bits
╭──────────┬────────┬─────────┬──────────┬─────────┬─────────┬─────────┬────────┬────────┬──────────┬────────┬─────────╮
│          ┆  Dana  ┆ Estelle ┆ Isabelle ┆ Jessica ┆ Joelina ┆ Kerstin ┆  Marie ┆ Monami ┆ Raphaela ┆  Zaira ┆ Desiree │
╞══════════╪════════╪═════════╪══════════╪═════════╪═════════╪═════════╪════════╪════════╪══════════╪════════╪═════════╡
│[48;5;0m Andre    [49m┆[48;5;0m 7.845  [49m┆[48;5;0m 7.845   [49m┆[48;5;0m 7.845    [49m┆[48;5;0m 8.143   [49m┆[48;5;0m 7.584   [49m┆[48;5;0m 7.845   [49m┆[48;5;0m 7.845  [49m┆[48;5;0m 8.446  [49m┆[48;5;0m 28.758   [49m┆[48;5;0m 7.845  [49m┆[48;5;0m 10.000  [49m│
│ Antonino ┆ 7.584  ┆ 7.584   ┆ 7.584    ┆ 7.822   ┆ 7.331   ┆ 7.584   ┆ 7.584  ┆ 31.759 ┆ 7.584    ┆ 7.584  ┆ 10.000  │
│[48;5;0m Dustin   [49m┆[48;5;0m 7.845  [49m┆[48;5;0m 7.845   [49m┆[48;5;0m 7.845    [49m┆[48;5;0m 8.143   [49m┆[48;5;0m 7.584   [49m┆[48;5;0m 7.845   [49m┆[48;5;0m 7.845  [49m┆[48;5;0m 8.446  [49m┆[48;5;0m 7.845    [49m┆[48;5;0m 28.758 [49m┆[48;5;0m 10.000  [49m│
│ Jordi    ┆ 7.845  ┆ 28.758  ┆ 7.845    ┆ 8.143   ┆ 7.584   ┆ 7.845   ┆ 7.845  ┆ 8.446  ┆ 7.845    ┆ 7.845  ┆ 10.000  │
│[48;5;0m Leon     [49m┆[48;5;0m 8.143  [49m┆[48;5;0m 8.143   [49m┆[48;5;0m 8.143    [49m┆[48;5;0m 35.179  [49m┆[48;5;0m 7.822   [49m┆[48;5;0m 8.143   [49m┆[48;5;0m 8.143  [49m┆[48;5;0m[38;5;9m 0.000  [49m[39m┆[48;5;0m 8.143    [49m┆[48;5;0m 8.143  [49m┆[48;5;0m 10.000  [49m│
│ Marius   ┆ 7.845  ┆ 7.845   ┆ 28.758   ┆ 8.143   ┆ 7.584   ┆ 7.845   ┆ 7.845  ┆ 8.446  ┆ 7.845    ┆ 7.845  ┆ 10.000  │
│[48;5;0m Max      [49m┆[48;5;0m 7.845  [49m┆[48;5;0m 7.845   [49m┆[48;5;0m 7.845    [49m┆[48;5;0m 8.143   [49m┆[48;5;0m 7.584   [49m┆[48;5;0m 28.758  [49m┆[48;5;0m 7.845  [49m┆[48;5;0m 8.446  [49m┆[48;5;0m 7.845    [49m┆[48;5;0m 7.845  [49m┆[48;5;0m 10.000  [49m│
│ Mike     ┆ 8.446  ┆ 8.446   ┆ 8.446    ┆[38;5;9m 0.000   [39m┆ 31.759  ┆ 8.446   ┆ 8.446  ┆ 9.120  ┆ 8.446    ┆ 8.446  ┆ 10.000  │
│[48;5;0m Tim      [49m┆[48;5;0m 7.845  [49m┆[48;5;0m 7.845   [49m┆[48;5;0m 7.845    [49m┆[48;5;0m 8.143   [49m┆[48;5;0m 7.584   [49m┆[48;5;0m 7.845   [49m┆[48;5;0m 28.758 [49m┆[48;5;0m 8.446  [49m┆[48;5;0m 7.845    [49m┆[48;5;0m 7.845  [49m┆[48;5;0m 10.000  [49m│
│ William  ┆ 28.758 ┆ 7.845   ┆ 7.845    ┆ 8.143   ┆ 7.584   ┆ 7.845   ┆ 7.845  ┆ 8.446  ┆ 7.845    ┆ 7.845  ┆ 10.000  │
╰──────────┴────────┴─────────┴──────────┴─────────┴─────────┴─────────┴────────┴────────┴──────────┴────────┴─────────╯
1897270 left -> 20.8555 bits left

MN#2.0 E04
0x Dustin -> Isabelle
0x Andre -> Dana
0x Jordi -> Zaira
0x Leon -> Estelle
0x Tim -> Jessica
1x Max -> Kerstin
0x William -> Raphaela
1x Antonino -> Monami
1x Mike -> Joelina
0x Marius -> Marie
---
-> Pr[lights]: {0: 19.7%, 1: 36.5%, 2: 26.7%, 3: 12.0%, 4: 3.8%, 5: 1.0%, 6: 0.2%, 7: 0.0%, 8: 0.0%, 10: 0.0%}
->  E[lights]: 1.478
2 lights => I = 1.9033 bits
╭──────────┬────────┬─────────┬──────────┬─────────┬─────────┬─────────┬────────┬────────┬──────────┬────────┬─────────╮
│          ┆  Dana  ┆ Estelle ┆ Isabelle ┆ Jessica ┆ Joelina ┆ Kerstin ┆  Marie ┆ Monami ┆ Raphaela ┆  Zaira ┆ Desiree │
╞══════════╪════════╪═════════╪══════════╪═════════╪═════════╪═════════╪════════╪════════╪══════════╪════════╪═════════╡
│[48;5;0m Andre    [49m┆[48;5;0m 10.564 [49m┆[48;5;0m 8.703   [49m┆[48;5;0m 8.669    [49m┆[48;5;0m 9.168   [49m┆[48;5;0m 6.662   [49m┆[48;5;0m 7.082   [49m┆[48;5;0m 8.697  [49m┆[48;5;0m 7.512  [49m┆[48;5;0m 24.254   [49m┆[48;5;0m 8.691  [49m┆[48;5;0m 10.000  [49m│
│ Antonino ┆ 6.662  ┆ 6.731   ┆ 6.709    ┆ 6.912   ┆ 4.517   ┆ 4.962   ┆ 6.761  ┆ 43.313 ┆ 6.662    ┆ 6.770  ┆ 10.000  │
│[48;5;0m Dustin   [49m┆[48;5;0m 8.669  [49m┆[48;5;0m 8.703   [49m┆[48;5;0m 10.467   [49m┆[48;5;0m 9.253   [49m┆[48;5;0m 6.709   [49m┆[48;5;0m 7.133   [49m┆[48;5;0m 8.580  [49m┆[48;5;0m 7.579  [49m┆[48;5;0m 8.669    [49m┆[48;5;0m 24.238 [49m┆[48;5;0m 10.000  [49m│
│ Jordi    ┆ 8.697  ┆ 24.112  ┆ 8.580    ┆ 9.115   ┆ 6.761   ┆ 7.169   ┆ 8.911  ┆ 7.606  ┆ 8.697    ┆ 10.353 ┆ 10.000  │
│[48;5;0m Leon     [49m┆[48;5;0m 9.168  [49m┆[48;5;0m 10.932  [49m┆[48;5;0m 9.253    [49m┆[48;5;0m 28.954  [49m┆[48;5;0m 6.912   [49m┆[48;5;0m 7.468   [49m┆[48;5;0m 9.115  [49m┆[48;5;0m[38;5;9m 0.000  [49m[39m┆[48;5;0m 9.168    [49m┆[48;5;0m 9.030  [49m┆[48;5;0m 10.000  [49m│
│ Marius   ┆ 8.691  ┆ 8.823   ┆ 24.238   ┆ 9.030   ┆ 6.770   ┆ 7.177   ┆ 10.353 ┆ 7.618  ┆ 8.691    ┆ 8.610  ┆ 10.000  │
│[48;5;0m Max      [49m┆[48;5;0m 7.082  [49m┆[48;5;0m 7.121   [49m┆[48;5;0m 7.133    [49m┆[48;5;0m 7.468   [49m┆[48;5;0m 4.962   [49m┆[48;5;0m 39.209  [49m┆[48;5;0m 7.169  [49m┆[48;5;0m 5.597  [49m┆[48;5;0m 7.082    [49m┆[48;5;0m 7.177  [49m┆[48;5;0m 10.000  [49m│
│ Mike     ┆ 7.512  ┆ 7.555   ┆ 7.579    ┆[38;5;9m 0.000   [39m┆ 43.313  ┆ 5.597   ┆ 7.606  ┆ 5.708  ┆ 7.512    ┆ 7.618  ┆ 10.000  │
│[48;5;0m Tim      [49m┆[48;5;0m 8.703  [49m┆[48;5;0m 8.618   [49m┆[48;5;0m 8.703    [49m┆[48;5;0m 10.932  [49m┆[48;5;0m 6.731   [49m┆[48;5;0m 7.121   [49m┆[48;5;0m 24.112 [49m┆[48;5;0m 7.555  [49m┆[48;5;0m 8.703    [49m┆[48;5;0m 8.823  [49m┆[48;5;0m 10.000  [49m│
│ William  ┆ 24.254 ┆ 8.703   ┆ 8.669    ┆ 9.168   ┆ 6.662   ┆ 7.082   ┆ 8.697  ┆ 7.512  ┆ 10.564   ┆ 8.691  ┆ 10.000  │
╰──────────┴────────┴─────────┴──────────┴─────────┴─────────┴─────────┴────────┴────────┴──────────┴────────┴─────────╯
507210 left -> 18.9522 bits left

MB#3.0 E06
Andre -> Raphaela
---
-> Pr[lights]: {0: 75.7%, 1: 24.3%}
0 lights => I = 0.4008 bits
╭──────────┬────────┬─────────┬──────────┬─────────┬─────────┬─────────┬────────┬────────┬──────────┬────────┬─────────╮
│          ┆  Dana  ┆ Estelle ┆ Isabelle ┆ Jessica ┆ Joelina ┆ Kerstin ┆  Marie ┆ Monami ┆ Raphaela ┆  Zaira ┆ Desiree │
╞══════════╪════════╪═════════╪══════════╪═════════╪═════════╪═════════╪════════╪════════╪══════════╪════════╪═════════╡
│[48;5;0m Andre    [49m┆[48;5;0m 13.946 [49m┆[48;5;0m 11.489  [49m┆[48;5;0m 11.445   [49m┆[48;5;0m 12.103  [49m┆[48;5;0m 8.795   [49m┆[48;5;0m 9.350   [49m┆[48;5;0m 11.481 [49m┆[48;5;0m 9.917  [49m┆[48;5;0m[38;5;9m 0.000    [49m[39m┆[48;5;0m 11.473 [49m┆[48;5;0m 10.000  [49m│
│ Antonino ┆ 6.078  ┆ 6.296   ┆ 6.276    ┆ 6.333   ┆ 4.144   ┆ 4.545   ┆ 6.296  ┆ 44.913 ┆ 8.795    ┆ 6.325  ┆ 10.000  │
│[48;5;0m Dustin   [49m┆[48;5;0m 8.025  [49m┆[48;5;0m 8.233   [49m┆[48;5;0m 8.256    [49m┆[48;5;0m 8.459   [49m┆[48;5;0m 6.276   [49m┆[48;5;0m 6.669   [49m┆[48;5;0m 8.074  [49m┆[48;5;0m 7.023  [49m┆[48;5;0m 11.445   [49m┆[48;5;0m 27.541 [49m┆[48;5;0m 10.000  [49m│
│ Jordi    ┆ 7.991  ┆ 27.544  ┆ 8.074    ┆ 8.436   ┆ 6.296   ┆ 6.682   ┆ 8.285  ┆ 7.041  ┆ 11.481   ┆ 8.170  ┆ 10.000  │
│[48;5;0m Leon     [49m┆[48;5;0m 8.342  [49m┆[48;5;0m 8.368   [49m┆[48;5;0m 8.459    [49m┆[48;5;0m 32.752  [49m┆[48;5;0m 6.333   [49m┆[48;5;0m 6.885   [49m┆[48;5;0m 8.436  [49m┆[48;5;0m[38;5;9m 0.000  [49m[39m┆[48;5;0m 12.103   [49m┆[48;5;0m 8.321  [49m┆[48;5;0m 10.000  [49m│
│ Marius   ┆ 8.004  ┆ 8.236   ┆ 27.541   ┆ 8.321   ┆ 6.325   ┆ 6.705   ┆ 8.170  ┆ 7.059  ┆ 11.473   ┆ 8.165  ┆ 10.000  │
│[48;5;0m Max      [49m┆[48;5;0m 6.471  [49m┆[48;5;0m 6.661   [49m┆[48;5;0m 6.669    [49m┆[48;5;0m 6.885   [49m┆[48;5;0m 4.545   [49m┆[48;5;0m 40.948  [49m┆[48;5;0m 6.682  [49m┆[48;5;0m 5.086  [49m┆[48;5;0m 9.350    [49m┆[48;5;0m 6.705  [49m┆[48;5;0m 10.000  [49m│
│ Mike     ┆ 6.788  ┆ 7.020   ┆ 7.023    ┆[38;5;9m 0.000   [39m┆ 44.913  ┆ 5.086   ┆ 7.041  ┆ 5.154  ┆ 9.917    ┆ 7.059  ┆ 10.000  │
│[48;5;0m Tim      [49m┆[48;5;0m 8.051  [49m┆[48;5;0m 8.103   [49m┆[48;5;0m 8.233    [49m┆[48;5;0m 8.368   [49m┆[48;5;0m 6.296   [49m┆[48;5;0m 6.661   [49m┆[48;5;0m 27.544 [49m┆[48;5;0m 7.020  [49m┆[48;5;0m 11.489   [49m┆[48;5;0m 8.236  [49m┆[48;5;0m 10.000  [49m│
│ William  ┆ 26.305 ┆ 8.051   ┆ 8.025    ┆ 8.342   ┆ 6.078   ┆ 6.471   ┆ 7.991  ┆ 6.788  ┆ 13.946   ┆ 8.004  ┆ 10.000  │
╰──────────┴────────┴─────────┴──────────┴─────────┴─────────┴─────────┴────────┴────────┴──────────┴────────┴─────────╯
384190 left -> 18.5515 bits left

MN#3.0 E06
0x Antonino -> Kerstin
0x Jordi -> Jessica
2x Mike -> Joelina
1x Leon -> Estelle
1x William -> Dana
1x Tim -> Marie
0x Max -> Monami
1x Marius -> Isabelle
1x Dustin -> Zaira
1x Andre -> Raphaela
---
-> Pr[lights]: {0: 7.2%, 1: 37.9%, 2: 31.7%, 3: 16.0%, 4: 5.1%, 5: 1.7%, 6: 0.3%, 7: 0.0%}
->  E[lights]: 1.803
2 lights => I = 1.6590 bits
╭──────────┬────────┬─────────┬──────────┬─────────┬─────────┬─────────┬────────┬────────┬──────────┬────────┬─────────╮
│          ┆  Dana  ┆ Estelle ┆ Isabelle ┆ Jessica ┆ Joelina ┆ Kerstin ┆  Marie ┆ Monami ┆ Raphaela ┆  Zaira ┆ Desiree │
╞══════════╪════════╪═════════╪══════════╪═════════╪═════════╪═════════╪════════╪════════╪══════════╪════════╪═════════╡
│[48;5;0m Andre    [49m┆[48;5;0m 12.576 [49m┆[48;5;0m 15.798  [49m┆[48;5;0m 9.559    [49m┆[48;5;0m 15.305  [49m┆[48;5;0m 5.293   [49m┆[48;5;0m 10.406  [49m┆[48;5;0m 10.020 [49m┆[48;5;0m 11.195 [49m┆[48;5;0m[38;5;9m 0.000    [49m[39m┆[48;5;0m 9.847  [49m┆[48;5;0m 10.000  [49m│
│ Antonino ┆ 6.461  ┆ 9.042   ┆ 6.773    ┆ 9.000   ┆ 2.770   ┆ 1.430   ┆ 6.921  ┆ 41.156 ┆ 9.469    ┆ 6.978  ┆ 10.000  │
│[48;5;0m Dustin   [49m┆[48;5;0m 6.099  [49m┆[48;5;0m 10.579  [49m┆[48;5;0m 6.559    [49m┆[48;5;0m 10.225  [49m┆[48;5;0m 3.000   [49m┆[48;5;0m 7.480   [49m┆[48;5;0m 6.181  [49m┆[48;5;0m 8.121  [49m┆[48;5;0m 9.822    [49m┆[48;5;0m 31.933 [49m┆[48;5;0m 10.000  [49m│
│ Jordi    ┆ 9.929  ┆ 14.532  ┆ 9.691    ┆ 5.080   ┆ 5.211   ┆ 10.184  ┆ 10.118 ┆ 10.184 ┆ 14.582   ┆ 10.488 ┆ 10.000  │
│[48;5;0m Leon     [49m┆[48;5;0m 11.458 [49m┆[48;5;0m[38;5;9m 0.000   [49m[39m┆[48;5;0m 11.442   [49m┆[48;5;0m 18.017  [49m┆[48;5;0m 8.096   [49m┆[48;5;0m 10.307  [49m┆[48;5;0m 11.647 [49m┆[48;5;0m[38;5;9m 0.000  [49m[39m┆[48;5;0m 17.450   [49m┆[48;5;0m 11.581 [49m┆[48;5;0m 10.000  [49m│
│ Marius   ┆ 5.852  ┆ 10.496  ┆ 33.084   ┆ 9.995   ┆ 2.934   ┆ 7.480   ┆ 6.337  ┆ 8.055  ┆ 9.633    ┆ 6.132  ┆ 10.000  │
│[48;5;0m Max      [49m┆[48;5;0m 7.135  [49m┆[48;5;0m 10.143  [49m┆[48;5;0m 7.480    [49m┆[48;5;0m 10.365  [49m┆[48;5;0m 3.345   [49m┆[48;5;0m 34.235  [49m┆[48;5;0m 7.628  [49m┆[48;5;0m 1.430  [49m┆[48;5;0m 10.554   [49m┆[48;5;0m 7.685  [49m┆[48;5;0m 10.000  [49m│
│ Mike     ┆ 3.074  ┆ 8.606   ┆ 3.321    ┆[38;5;9m 0.000   [39m┆[38;5;14m 64.376  [39m┆ 4.003   ┆ 3.444  ┆ 4.184  ┆ 6.189    ┆ 2.803  ┆ 10.000  │
│[48;5;0m Tim      [49m┆[48;5;0m 6.313  [49m┆[48;5;0m 10.357  [49m┆[48;5;0m 6.206    [49m┆[48;5;0m 11.697  [49m┆[48;5;0m 2.301   [49m┆[48;5;0m 7.447   [49m┆[48;5;0m 31.563 [49m┆[48;5;0m 8.088  [49m┆[48;5;0m 9.724    [49m┆[48;5;0m 6.304  [49m┆[48;5;0m 10.000  [49m│
│ William  ┆ 31.103 ┆ 10.447  ┆ 5.885    ┆ 10.316  ┆ 2.671   ┆ 7.028   ┆ 6.140  ┆ 7.587  ┆ 12.576   ┆ 6.247  ┆ 10.000  │
╰──────────┴────────┴─────────┴──────────┴─────────┴─────────┴─────────┴────────┴────────┴──────────┴────────┴─────────╯
121660 left -> 16.8925 bits left

MB#4.0 E08 -- verkauft
William -> Dana
---
Nothing => I = -0.0000 bits
╭──────────┬────────┬─────────┬──────────┬─────────┬─────────┬─────────┬────────┬────────┬──────────┬────────┬─────────╮
│          ┆  Dana  ┆ Estelle ┆ Isabelle ┆ Jessica ┆ Joelina ┆ Kerstin ┆  Marie ┆ Monami ┆ Raphaela ┆  Zaira ┆ Desiree │
╞══════════╪════════╪═════════╪══════════╪═════════╪═════════╪═════════╪════════╪════════╪══════════╪════════╪═════════╡
│[48;5;0m Andre    [49m┆[48;5;0m 12.576 [49m┆[48;5;0m 15.798  [49m┆[48;5;0m 9.559    [49m┆[48;5;0m 15.305  [49m┆[48;5;0m 5.293   [49m┆[48;5;0m 10.406  [49m┆[48;5;0m 10.020 [49m┆[48;5;0m 11.195 [49m┆[48;5;0m[38;5;9m 0.000    [49m[39m┆[48;5;0m 9.847  [49m┆[48;5;0m 10.000  [49m│
│ Antonino ┆ 6.461  ┆ 9.042   ┆ 6.773    ┆ 9.000   ┆ 2.770   ┆ 1.430   ┆ 6.921  ┆ 41.156 ┆ 9.469    ┆ 6.978  ┆ 10.000  │
│[48;5;0m Dustin   [49m┆[48;5;0m 6.099  [49m┆[48;5;0m 10.579  [49m┆[48;5;0m 6.559    [49m┆[48;5;0m 10.225  [49m┆[48;5;0m 3.000   [49m┆[48;5;0m 7.480   [49m┆[48;5;0m 6.181  [49m┆[48;5;0m 8.121  [49m┆[48;5;0m 9.822    [49m┆[48;5;0m 31.933 [49m┆[48;5;0m 10.000  [49m│
│ Jordi    ┆ 9.929  ┆ 14.532  ┆ 9.691    ┆ 5.080   ┆ 5.211   ┆ 10.184  ┆ 10.118 ┆ 10.184 ┆ 14.582   ┆ 10.488 ┆ 10.000  │
│[48;5;0m Leon     [49m┆[48;5;0m 11.458 [49m┆[48;5;0m[38;5;9m 0.000   [49m[39m┆[48;5;0m 11.442   [49m┆[48;5;0m 18.017  [49m┆[48;5;0m 8.096   [49m┆[48;5;0m 10.307  [49m┆[48;5;0m 11.647 [49m┆[48;5;0m[38;5;9m 0.000  [49m[39m┆[48;5;0m 17.450   [49m┆[48;5;0m 11.581 [49m┆[48;5;0m 10.000  [49m│
│ Marius   ┆ 5.852  ┆ 10.496  ┆ 33.084   ┆ 9.995   ┆ 2.934   ┆ 7.480   ┆ 6.337  ┆ 8.055  ┆ 9.633    ┆ 6.132  ┆ 10.000  │
│[48;5;0m Max      [49m┆[48;5;0m 7.135  [49m┆[48;5;0m 10.143  [49m┆[48;5;0m 7.480    [49m┆[48;5;0m 10.365  [49m┆[48;5;0m 3.345   [49m┆[48;5;0m 34.235  [49m┆[48;5;0m 7.628  [49m┆[48;5;0m 1.430  [49m┆[48;5;0m 10.554   [49m┆[48;5;0m 7.685  [49m┆[48;5;0m 10.000  [49m│
│ Mike     ┆ 3.074  ┆ 8.606   ┆ 3.321    ┆[38;5;9m 0.000   [39m┆[38;5;14m 64.376  [39m┆ 4.003   ┆ 3.444  ┆ 4.184  ┆ 6.189    ┆ 2.803  ┆ 10.000  │
│[48;5;0m Tim      [49m┆[48;5;0m 6.313  [49m┆[48;5;0m 10.357  [49m┆[48;5;0m 6.206    [49m┆[48;5;0m 11.697  [49m┆[48;5;0m 2.301   [49m┆[48;5;0m 7.447   [49m┆[48;5;0m 31.563 [49m┆[48;5;0m 8.088  [49m┆[48;5;0m 9.724    [49m┆[48;5;0m 6.304  [49m┆[48;5;0m 10.000  [49m│
│ William  ┆ 31.103 ┆ 10.447  ┆ 5.885    ┆ 10.316  ┆ 2.671   ┆ 7.028   ┆ 6.140  ┆ 7.587  ┆ 12.576   ┆ 6.247  ┆ 10.000  │
╰──────────┴────────┴─────────┴──────────┴─────────┴─────────┴─────────┴────────┴────────┴──────────┴────────┴─────────╯
121660 left -> 16.8925 bits left

MN#4.0 E08
0x Max -> Marie
2x Leon -> Estelle
2x Antonino -> Monami
3x Mike -> Joelina
0x Marius -> Jessica
0x Tim -> Kerstin
2x William -> Dana
0x Andre -> Isabelle
2x Dustin -> Zaira
0x Jordi -> Raphaela
---
-> Pr[lights]: {0: 3.2%, 1: 27.0%, 2: 35.2%, 3: 22.2%, 4: 9.1%, 5: 2.6%, 6: 0.6%, 7: 0.1%, 8: 0.0%}
->  E[lights]: 2.178
3 lights => I = 2.1724 bits
╭──────────┬────────┬─────────┬──────────┬─────────┬─────────┬─────────┬────────┬────────┬──────────┬────────┬─────────╮
│          ┆  Dana  ┆ Estelle ┆ Isabelle ┆ Jessica ┆ Joelina ┆ Kerstin ┆  Marie ┆ Monami ┆ Raphaela ┆  Zaira ┆ Desiree │
╞══════════╪════════╪═════════╪══════════╪═════════╪═════════╪═════════╪════════╪════════╪══════════╪════════╪═════════╡
│[48;5;0m Andre    [49m┆[48;5;0m 7.595  [49m┆[48;5;0m 16.413  [49m┆[48;5;0m 16.710   [49m┆[48;5;0m 15.710  [49m┆[48;5;0m 3.927   [49m┆[48;5;0m 11.671  [49m┆[48;5;0m 11.152 [49m┆[48;5;0m 8.225  [49m┆[48;5;0m[38;5;9m 0.000    [49m[39m┆[48;5;0m 8.596  [49m┆[48;5;0m 10.000  [49m│
│ Antonino ┆ 3.853  ┆ 7.003   ┆ 6.854    ┆ 5.780   ┆[38;5;9m 0.852   [39m┆[38;5;9m 0.148   [39m┆ 6.299  ┆[38;5;14m 58.059 [39m┆ 6.891    ┆ 4.261  ┆ 10.000  │
│[48;5;0m Dustin   [49m┆[48;5;0m 3.890  [49m┆[48;5;0m 9.485   [49m┆[48;5;0m 5.595    [49m┆[48;5;0m 9.818   [49m┆[48;5;0m 1.667   [49m┆[48;5;0m 6.632   [49m┆[48;5;0m 5.706  [49m┆[48;5;0m 4.854  [49m┆[48;5;0m 7.781    [49m┆[48;5;0m 44.572 [49m┆[48;5;0m 10.000  [49m│
│ Jordi    ┆ 9.707  ┆ 9.559   ┆ 11.486   ┆ 2.816   ┆ 4.446   ┆ 12.523  ┆ 12.486 ┆ 6.854  ┆ 23.750   ┆ 6.373  ┆ 10.000  │
│[48;5;0m Leon     [49m┆[48;5;0m 10.041 [49m┆[48;5;0m[38;5;9m 0.000   [49m[39m┆[48;5;0m 14.190   [49m┆[48;5;0m 12.931  [49m┆[48;5;0m 7.595   [49m┆[48;5;0m 13.153  [49m┆[48;5;0m 14.413 [49m┆[48;5;0m[38;5;9m 0.000  [49m[39m┆[48;5;0m 17.117   [49m┆[48;5;0m 10.559 [49m┆[48;5;0m 10.000  [49m│
│ Marius   ┆ 6.150  ┆ 13.709  ┆ 17.340   ┆ 16.525  ┆ 2.890   ┆ 9.670   ┆ 8.670  ┆ 8.003  ┆ 10.671   ┆ 6.373  ┆ 10.000  │
│[48;5;0m Max      [49m┆[48;5;0m 6.669  [49m┆[48;5;0m 12.931  [49m┆[48;5;0m 9.670    [49m┆[48;5;0m 13.746  [49m┆[48;5;0m 3.779   [49m┆[48;5;0m 22.638  [49m┆[48;5;0m 12.227 [49m┆[48;5;0m[38;5;9m 0.222  [49m[39m┆[48;5;0m 11.115   [49m┆[48;5;0m 7.003  [49m┆[48;5;0m 10.000  [49m│
│ Mike     ┆ 1.482  ┆ 8.225   ┆ 2.890    ┆[38;5;9m 0.000   [39m┆[38;5;14m 71.582  [39m┆ 4.372   ┆ 3.668  ┆ 1.482  ┆ 4.854    ┆ 1.445  ┆ 10.000  │
│[48;5;0m Tim      [49m┆[48;5;0m 6.595  [49m┆[48;5;0m 13.042  [49m┆[48;5;0m 8.966    [49m┆[48;5;0m 12.523  [49m┆[48;5;0m 1.890   [49m┆[48;5;0m 12.560  [49m┆[48;5;0m 19.303 [49m┆[48;5;0m 7.670  [49m┆[48;5;0m 10.856   [49m┆[48;5;0m 6.595  [49m┆[48;5;0m 10.000  [49m│
│ William  ┆ 44.016 ┆ 9.633   ┆ 6.299    ┆ 10.152  ┆ 1.371   ┆ 6.632   ┆ 6.076  ┆ 4.631  ┆ 6.966    ┆ 4.224  ┆ 10.000  │
╰──────────┴────────┴─────────┴──────────┴─────────┴─────────┴─────────┴────────┴────────┴──────────┴────────┴─────────╯
26990 left -> 14.7201 bits left

MB#5.0 E10
Antonino -> Monami
---
-> Pr[lights]: {0: 41.9%, 1: 58.1%}
0 lights => I = 1.2536 bits
╭──────────┬────────┬─────────┬──────────┬─────────┬─────────┬─────────┬────────┬────────┬──────────┬────────┬─────────╮
│          ┆  Dana  ┆ Estelle ┆ Isabelle ┆ Jessica ┆ Joelina ┆ Kerstin ┆  Marie ┆ Monami ┆ Raphaela ┆  Zaira ┆ Desiree │
╞══════════╪════════╪═════════╪══════════╪═════════╪═════════╪═════════╪════════╪════════╪══════════╪════════╪═════════╡
│[48;5;0m Andre    [49m┆[48;5;0m 11.042 [49m┆[48;5;0m 13.074  [49m┆[48;5;0m 24.293   [49m┆[48;5;0m 7.597   [49m┆[48;5;0m[38;5;9m 0.795   [49m[39m┆[48;5;0m 6.714   [49m┆[48;5;0m 9.717  [49m┆[48;5;0m 19.611 [49m┆[48;5;0m[38;5;9m 0.000    [49m[39m┆[48;5;0m 7.155  [49m┆[48;5;0m 10.000  [49m│
│ Antonino ┆ 9.187  ┆ 16.696  ┆ 16.343   ┆ 13.781  ┆ 2.032   ┆[38;5;9m 0.353   [39m┆ 15.018 ┆[38;5;9m 0.000  [39m┆ 16.431   ┆ 10.159 ┆ 10.000  │
│[48;5;0m Dustin   [49m┆[48;5;0m 1.943  [49m┆[48;5;0m 7.244   [49m┆[48;5;0m 9.187    [49m┆[48;5;0m 5.477   [49m┆[48;5;0m[38;5;9m 0.088   [49m[39m┆[48;5;0m 3.975   [49m┆[48;5;0m 4.417  [49m┆[48;5;0m 11.572 [49m┆[48;5;0m 6.360    [49m┆[48;5;0m[38;5;11m 49.735 [49m[39m┆[48;5;0m 10.000  [49m│
│ Jordi    ┆ 5.919  ┆ 22.792  ┆ 7.862    ┆[38;5;9m 0.000   [39m┆[38;5;9m 0.972   [39m┆ 4.770   ┆ 9.717  ┆ 16.343 ┆ 26.060   ┆ 5.565  ┆ 10.000  │
│[48;5;0m Leon     [49m┆[48;5;0m 8.834  [49m┆[48;5;0m[38;5;9m 0.000   [49m[39m┆[48;5;0m 14.223   [49m┆[48;5;0m 30.830  [49m┆[48;5;0m 3.622   [49m┆[48;5;0m 5.830   [49m┆[48;5;0m 13.339 [49m┆[48;5;0m[38;5;9m 0.000  [49m[39m┆[48;5;0m 13.958   [49m┆[48;5;0m 9.364  [49m┆[48;5;0m 10.000  [49m│
│ Marius   ┆ 5.389  ┆ 12.014  ┆ 3.710    ┆ 23.057  ┆ 1.060   ┆ 7.067   ┆ 15.636 ┆ 19.081 ┆ 7.862    ┆ 5.124  ┆ 10.000  │
│[48;5;0m Max      [49m┆[48;5;0m 4.240  [49m┆[48;5;0m 5.830   [49m┆[48;5;0m 6.625    [49m┆[48;5;0m 3.269   [49m┆[48;5;0m[38;5;9m 0.088   [49m[39m┆[48;5;0m[38;5;11m 47.261  [49m[39m┆[48;5;0m 18.905 [49m┆[48;5;0m[38;5;9m 0.530  [49m[39m┆[48;5;0m 8.304    [49m┆[48;5;0m 4.947  [49m┆[48;5;0m 10.000  [49m│
│ Mike     ┆[38;5;9m 0.177  [39m┆ 2.739   ┆[38;5;9m 0.972    [39m┆[38;5;9m 0.000   [39m┆[38;5;10m 90.901  [39m┆[38;5;9m 0.000   [39m┆[38;5;9m 0.972  [39m┆ 3.534  ┆[38;5;9m 0.618    [39m┆[38;5;9m 0.088  [39m┆ 10.000  │
│[48;5;0m Tim      [49m┆[48;5;0m 5.919  [49m┆[48;5;0m 12.279  [49m┆[48;5;0m 10.336   [49m┆[48;5;0m 9.806   [49m┆[48;5;0m[38;5;9m 0.353   [49m[39m┆[48;5;0m 19.700  [49m┆[48;5;0m 7.420  [49m┆[48;5;0m 18.286 [49m┆[48;5;0m 9.806    [49m┆[48;5;0m 6.095  [49m┆[48;5;0m 10.000  [49m│
│ William  ┆[38;5;11m 47.350 [39m┆ 7.332   ┆ 6.449    ┆ 6.184   ┆[38;5;9m 0.088   [39m┆ 4.329   ┆ 4.859  ┆ 11.042 ┆ 10.601   ┆ 1.767  ┆ 10.000  │
╰──────────┴────────┴─────────┴──────────┴─────────┴─────────┴─────────┴────────┴────────┴──────────┴────────┴─────────╯
11320 left -> 13.4666 bits left

MN#5.0 E10
0x Mike -> Estelle
1x Antonino -> Kerstin
1x Jordi -> Zaira
0x Tim -> Desiree
3x William -> Dana
1x Dustin -> Isabelle
0x Marius -> Raphaela
1x Leon -> Jessica
0x Andre -> Joelina
1x Max -> Monami
---
-> Pr[lights]: {0: 29.7%, 1: 41.1%, 2: 17.0%, 3: 9.2%, 4: 2.9%, 5: 0.2%}
->  E[lights]: 1.152
2 lights => I = 2.5567 bits
╭──────────┬────────┬─────────┬──────────┬─────────┬─────────┬─────────┬────────┬────────┬──────────┬────────┬─────────╮
│          ┆  Dana  ┆ Estelle ┆ Isabelle ┆ Jessica ┆ Joelina ┆ Kerstin ┆  Marie ┆ Monami ┆ Raphaela ┆  Zaira ┆ Desiree │
╞══════════╪════════╪═════════╪══════════╪═════════╪═════════╪═════════╪════════╪════════╪══════════╪════════╪═════════╡
│[48;5;0m Andre    [49m┆[48;5;0m 10.551 [49m┆[48;5;0m 8.160   [49m┆[48;5;0m 29.990   [49m┆[48;5;0m 6.757   [49m┆[48;5;0m 2.339   [49m┆[48;5;0m 9.356   [49m┆[48;5;0m 5.925  [49m┆[48;5;0m 17.048 [49m┆[48;5;0m[38;5;9m 0.000    [49m[39m┆[48;5;0m 9.875  [49m┆[48;5;0m 8.368   [49m│
│ Antonino ┆ 3.638  ┆ 19.023  ┆ 14.865   ┆ 13.254  ┆ 3.898   ┆ 1.871   ┆ 12.526 ┆[38;5;9m 0.000  [39m┆ 15.437   ┆ 15.489 ┆ 8.368   │
│[48;5;0m Dustin   [49m┆[48;5;0m 2.911  [49m┆[48;5;0m 8.004   [49m┆[48;5;0m 18.711   [49m┆[48;5;0m 4.314   [49m┆[48;5;0m[38;5;9m 0.468   [49m[39m┆[48;5;0m 9.252   [49m┆[48;5;0m 3.430  [49m┆[48;5;0m 14.709 [49m┆[48;5;0m 7.900    [49m┆[48;5;0m 30.301 [49m┆[48;5;0m 8.368   [49m│
│ Jordi    ┆ 1.299  ┆ 28.119  ┆ 7.744    ┆[38;5;9m 0.000   [39m┆ 2.183   ┆ 7.900   ┆ 6.913  ┆ 18.451 ┆ 23.181   ┆ 4.210  ┆ 8.368   │
│[48;5;0m Leon     [49m┆[48;5;0m[38;5;9m 0.416  [49m[39m┆[48;5;0m[38;5;9m 0.000   [49m[39m┆[48;5;0m 8.264    [49m┆[48;5;0m 44.647  [49m┆[48;5;0m 7.069   [49m┆[48;5;0m 6.705   [49m┆[48;5;0m 11.331 [49m┆[48;5;0m[38;5;9m 0.000  [49m[39m┆[48;5;0m 11.435   [49m┆[48;5;0m 10.135 [49m┆[48;5;0m 8.368   [49m│
│ Marius   ┆ 1.611  ┆ 4.678   ┆ 3.586    ┆ 13.254  ┆ 2.287   ┆ 4.106   ┆ 32.328 ┆ 16.008 ┆ 15.748   ┆ 6.393  ┆ 8.368   │
│[48;5;0m Max      [49m┆[48;5;0m 1.351  [49m┆[48;5;0m 9.511   [49m┆[48;5;0m 7.744    [49m┆[48;5;0m 3.378   [49m┆[48;5;0m[38;5;9m 0.052   [49m[39m┆[48;5;0m 31.913  [49m┆[48;5;0m 20.322 [49m┆[48;5;0m 2.807  [49m┆[48;5;0m 10.707   [49m┆[48;5;0m 12.214 [49m┆[48;5;0m 8.368   [49m│
│ Mike     ┆[38;5;9m 0.468  [39m┆ 8.628   ┆[38;5;9m 0.936    [39m┆[38;5;9m 0.000   [39m┆[38;5;10m 80.665  [39m┆[38;5;9m 0.000   [39m┆ 1.403  ┆ 6.653  ┆[38;5;9m 0.780    [39m┆[38;5;9m 0.468  [39m┆ 8.368   │
│[48;5;0m Tim      [49m┆[48;5;0m 1.403  [49m┆[48;5;0m 10.811  [49m┆[48;5;0m 6.341    [49m┆[48;5;0m 14.085  [49m┆[48;5;0m 1.040   [49m┆[48;5;0m 25.936  [49m┆[48;5;0m 4.418  [49m┆[48;5;0m 18.919 [49m┆[48;5;0m 7.277    [49m┆[48;5;0m 9.771  [49m┆[48;5;0m 24.688  [49m│
│ William  ┆[38;5;14m 76.351 [39m┆ 3.067   ┆ 1.819    ┆[38;5;9m 0.312   [39m┆[38;5;9m 0.000   [39m┆ 2.963   ┆ 1.403  ┆ 5.405  ┆ 7.536    ┆ 1.143  ┆ 8.368   │
╰──────────┴────────┴─────────┴──────────┴─────────┴─────────┴─────────┴────────┴────────┴──────────┴────────┴─────────╯
1924 left -> 10.9099 bits left

MB#6.0 E12
Max -> Jessica
---
-> Pr[lights]: {0: 96.6%, 1: 3.4%}
0 lights => I = 0.0496 bits
╭──────────┬────────┬─────────┬──────────┬─────────┬─────────┬─────────┬────────┬────────┬──────────┬────────┬─────────╮
│          ┆  Dana  ┆ Estelle ┆ Isabelle ┆ Jessica ┆ Joelina ┆ Kerstin ┆  Marie ┆ Monami ┆ Raphaela ┆  Zaira ┆ Desiree │
╞══════════╪════════╪═════════╪══════════╪═════════╪═════════╪═════════╪════════╪════════╪══════════╪════════╪═════════╡
│[48;5;0m Andre    [49m┆[48;5;0m 10.812 [49m┆[48;5;0m 8.445   [49m┆[48;5;0m 30.769   [49m┆[48;5;0m 6.993   [49m┆[48;5;0m 2.421   [49m┆[48;5;0m 9.683   [49m┆[48;5;0m 5.164  [49m┆[48;5;0m 16.568 [49m┆[48;5;0m[38;5;9m 0.000    [49m[39m┆[48;5;0m 9.145  [49m┆[48;5;0m 8.338   [49m│
│ Antonino ┆ 3.765  ┆ 19.688  ┆ 15.223   ┆ 13.717  ┆ 4.034   ┆ 1.937   ┆ 11.942 ┆[38;5;9m 0.000  [39m┆ 14.363   ┆ 15.331 ┆ 8.338   │
│[48;5;0m Dustin   [49m┆[48;5;0m 3.012  [49m┆[48;5;0m 8.284   [49m┆[48;5;0m 16.460   [49m┆[48;5;0m 4.465   [49m┆[48;5;0m[38;5;9m 0.484   [49m[39m┆[48;5;0m 9.467   [49m┆[48;5;0m 3.550  [49m┆[48;5;0m 15.008 [49m┆[48;5;0m 8.015    [49m┆[48;5;0m 31.253 [49m┆[48;5;0m 8.338   [49m│
│ Jordi    ┆ 1.345  ┆ 25.605  ┆ 8.015    ┆[38;5;9m 0.000   [39m┆ 2.259   ┆ 8.176   ┆ 7.154  ┆ 19.096 ┆ 23.991   ┆ 4.357  ┆ 8.338   │
│[48;5;0m Leon     [49m┆[48;5;0m[38;5;9m 0.430  [49m[39m┆[48;5;0m[38;5;9m 0.000   [49m[39m┆[48;5;0m 8.392    [49m┆[48;5;0m[38;5;11m 46.208  [49m[39m┆[48;5;0m 7.316   [49m┆[48;5;0m 6.778   [49m┆[48;5;0m 10.705 [49m┆[48;5;0m[38;5;9m 0.000  [49m[39m┆[48;5;0m 10.274   [49m┆[48;5;0m 9.898  [49m┆[48;5;0m 8.338   [49m│
│ Marius   ┆ 1.668  ┆ 4.841   ┆ 3.712    ┆ 13.717  ┆ 2.367   ┆ 4.250   ┆ 32.975 ┆ 14.632 ┆ 16.192   ┆ 5.648  ┆ 8.338   │
│[48;5;0m Max      [49m┆[48;5;0m 1.399  [49m┆[48;5;0m 9.844   [49m┆[48;5;0m 8.015    [49m┆[48;5;0m[38;5;9m 0.000   [49m[39m┆[48;5;0m[38;5;9m 0.054   [49m[39m┆[48;5;0m 33.029  [49m┆[48;5;0m 21.033 [49m┆[48;5;0m 2.905  [49m┆[48;5;0m 11.081   [49m┆[48;5;0m 12.641 [49m┆[48;5;0m 8.338   [49m│
│ Mike     ┆[38;5;9m 0.484  [39m┆ 8.930   ┆[38;5;9m 0.968    [39m┆[38;5;9m 0.000   [39m┆[38;5;10m 79.989  [39m┆[38;5;9m 0.000   [39m┆ 1.452  ┆ 6.885  ┆[38;5;9m 0.807    [39m┆[38;5;9m 0.484  [39m┆ 8.338   │
│[48;5;0m Tim      [49m┆[48;5;0m 1.452  [49m┆[48;5;0m 11.189  [49m┆[48;5;0m 6.563    [49m┆[48;5;0m 14.578  [49m┆[48;5;0m 1.076   [49m┆[48;5;0m 23.615  [49m┆[48;5;0m 4.572  [49m┆[48;5;0m 19.419 [49m┆[48;5;0m 7.477    [49m┆[48;5;0m 10.059 [49m┆[48;5;0m 24.960  [49m│
│ William  ┆[38;5;14m 75.632 [39m┆ 3.174   ┆ 1.883    ┆[38;5;9m 0.323   [39m┆[38;5;9m 0.000   [39m┆ 3.066   ┆ 1.452  ┆ 5.487  ┆ 7.800    ┆ 1.183  ┆ 8.338   │
╰──────────┴────────┴─────────┴──────────┴─────────┴─────────┴─────────┴────────┴────────┴──────────┴────────┴─────────╯
1859 left -> 10.8603 bits left

MN#6.0 E12
0x Jordi -> Desiree
0x Tim -> Joelina
2x Max -> Kerstin
2x Leon -> Jessica
0x Andre -> Marie
1x William -> Raphaela
0x Antonino -> Dana
0x Marius -> Zaira
2x Dustin -> Isabelle
1x Mike -> Estelle
---
-> Pr[lights]: {0: 5.4%, 1: 61.3%, 2: 25.9%, 3: 6.3%, 4: 1.0%, 5: 0.1%}
->  E[lights]: 1.364
4 lights => I = 6.6124 bits
╭──────────┬────────┬─────────┬──────────┬─────────┬─────────┬─────────┬────────┬────────┬──────────┬────────┬─────────╮
│          ┆  Dana  ┆ Estelle ┆ Isabelle ┆ Jessica ┆ Joelina ┆ Kerstin ┆  Marie ┆ Monami ┆ Raphaela ┆  Zaira ┆ Desiree │
╞══════════╪════════╪═════════╪══════════╪═════════╪═════════╪═════════╪════════╪════════╪══════════╪════════╪═════════╡
│[48;5;0m Andre    [49m┆[48;5;0m 5.263  [49m┆[48;5;0m[38;5;9m 0.000   [49m[39m┆[48;5;0m[38;5;14m 68.421   [49m[39m┆[48;5;0m[38;5;9m 0.000   [49m[39m┆[48;5;0m[38;5;9m 0.000   [49m[39m┆[48;5;0m[38;5;9m 0.000   [49m[39m┆[48;5;0m 21.053 [49m┆[48;5;0m 5.263  [49m┆[48;5;0m[38;5;9m 0.000    [49m[39m┆[48;5;0m[38;5;9m 0.000  [49m[39m┆[48;5;0m 5.263   [49m│
│ Antonino ┆[38;5;14m 57.895 [39m┆[38;5;9m 0.000   [39m┆ 5.263    ┆ 10.526  ┆ 10.526  ┆ 10.526  ┆ 5.263  ┆[38;5;9m 0.000  [39m┆[38;5;9m 0.000    [39m┆[38;5;9m 0.000  [39m┆ 5.263   │
│[48;5;0m Dustin   [49m┆[48;5;0m 10.526 [49m┆[48;5;0m[38;5;9m 0.000   [49m[39m┆[48;5;0m[38;5;9m 0.000    [49m[39m┆[48;5;0m[38;5;9m 0.000   [49m[39m┆[48;5;0m[38;5;9m 0.000   [49m[39m┆[48;5;0m[38;5;9m 0.000   [49m[39m┆[48;5;0m 42.105 [49m┆[48;5;0m 5.263  [49m┆[48;5;0m[38;5;9m 0.000    [49m[39m┆[48;5;0m 42.105 [49m┆[48;5;0m 5.263   [49m│
│ Jordi    ┆[38;5;9m 0.000  [39m┆[38;5;14m 57.895  [39m┆ 5.263    ┆[38;5;9m 0.000   [39m┆[38;5;9m 0.000   [39m┆[38;5;9m 0.000   [39m┆[38;5;9m 0.000  [39m┆ 21.053 ┆ 15.789   ┆[38;5;9m 0.000  [39m┆ 42.105  │
│[48;5;0m Leon     [49m┆[48;5;0m[38;5;9m 0.000  [49m[39m┆[48;5;0m[38;5;9m 0.000   [49m[39m┆[48;5;0m 10.526   [49m┆[48;5;0m[38;5;14m 73.684  [49m[39m┆[48;5;0m 10.526  [49m┆[48;5;0m[38;5;9m 0.000   [49m[39m┆[48;5;0m[38;5;9m 0.000  [49m[39m┆[48;5;0m[38;5;9m 0.000  [49m[39m┆[48;5;0m 5.263    [49m┆[48;5;0m[38;5;9m 0.000  [49m[39m┆[48;5;0m 5.263   [49m│
│ Marius   ┆[38;5;9m 0.000  [39m┆ 5.263   ┆ 5.263    ┆ 5.263   ┆[38;5;9m 0.000   [39m┆[38;5;9m 0.000   [39m┆ 10.526 ┆ 15.789 ┆[38;5;9m 0.000    [39m┆[38;5;14m 57.895 [39m┆ 5.263   │
│[48;5;0m Max      [49m┆[48;5;0m[38;5;9m 0.000  [49m[39m┆[48;5;0m 5.263   [49m┆[48;5;0m 5.263    [49m┆[48;5;0m[38;5;9m 0.000   [49m[39m┆[48;5;0m[38;5;9m 0.000   [49m[39m┆[48;5;0m 26.316  [49m┆[48;5;0m 15.789 [49m┆[48;5;0m[38;5;11m 47.368 [49m[39m┆[48;5;0m[38;5;9m 0.000    [49m[39m┆[48;5;0m[38;5;9m 0.000  [49m[39m┆[48;5;0m 5.263   [49m│
│ Mike     ┆[38;5;9m 0.000  [39m┆ 31.579  ┆[38;5;9m 0.000    [39m┆[38;5;9m 0.000   [39m┆[38;5;14m 68.421  [39m┆[38;5;9m 0.000   [39m┆[38;5;9m 0.000  [39m┆[38;5;9m 0.000  [39m┆[38;5;9m 0.000    [39m┆[38;5;9m 0.000  [39m┆ 5.263   │
│[48;5;0m Tim      [49m┆[48;5;0m 5.263  [49m┆[48;5;0m[38;5;9m 0.000   [49m[39m┆[48;5;0m[38;5;9m 0.000    [49m[39m┆[48;5;0m 10.526  [49m┆[48;5;0m 10.526  [49m┆[48;5;0m[38;5;14m 63.158  [49m[39m┆[48;5;0m 5.263  [49m┆[48;5;0m 5.263  [49m┆[48;5;0m[38;5;9m 0.000    [49m[39m┆[48;5;0m[38;5;9m 0.000  [49m[39m┆[48;5;0m 15.789  [49m│
│ William  ┆ 21.053 ┆[38;5;9m 0.000   [39m┆[38;5;9m 0.000    [39m┆[38;5;9m 0.000   [39m┆[38;5;9m 0.000   [39m┆[38;5;9m 0.000   [39m┆[38;5;9m 0.000  [39m┆[38;5;9m 0.000  [39m┆[38;5;14m 78.947   [39m┆[38;5;9m 0.000  [39m┆ 5.263   │
╰──────────┴────────┴─────────┴──────────┴─────────┴─────────┴─────────┴────────┴────────┴──────────┴────────┴─────────╯
19 left -> 4.2479 bits left

MB#7.0 E14
Marius -> Zaira
---
-> Pr[lights]: {0: 42.1%, 1: 57.9%}
1 lights => I = 0.9260 bits
╭──────────┬────────┬─────────┬──────────┬─────────┬─────────┬─────────┬────────┬────────┬──────────┬─────────┬─────────╮
│          ┆  Dana  ┆ Estelle ┆ Isabelle ┆ Jessica ┆ Joelina ┆ Kerstin ┆  Marie ┆ Monami ┆ Raphaela ┆  Zaira  ┆ Desiree │
╞══════════╪════════╪═════════╪══════════╪═════════╪═════════╪═════════╪════════╪════════╪══════════╪═════════╪═════════╡
│[48;5;0m Andre    [49m┆[48;5;0m[38;5;9m 0.000  [49m[39m┆[48;5;0m[38;5;9m 0.000   [49m[39m┆[48;5;0m[38;5;10m 100.000  [49m[39m┆[48;5;0m[38;5;9m 0.000   [49m[39m┆[48;5;0m[38;5;9m 0.000   [49m[39m┆[48;5;0m[38;5;9m 0.000   [49m[39m┆[48;5;0m[38;5;9m 0.000  [49m[39m┆[48;5;0m[38;5;9m 0.000  [49m[39m┆[48;5;0m[38;5;9m 0.000    [49m[39m┆[48;5;0m[38;5;9m 0.000   [49m[39m┆[48;5;0m 10.000  [49m│
│ Antonino ┆[38;5;14m 70.000 [39m┆[38;5;9m 0.000   [39m┆[38;5;9m 0.000    [39m┆[38;5;9m 0.000   [39m┆[38;5;9m 0.000   [39m┆ 20.000  ┆ 10.000 ┆[38;5;9m 0.000  [39m┆[38;5;9m 0.000    [39m┆[38;5;9m 0.000   [39m┆ 10.000  │
│[48;5;0m Dustin   [49m┆[48;5;0m 20.000 [49m┆[48;5;0m[38;5;9m 0.000   [49m[39m┆[48;5;0m[38;5;9m 0.000    [49m[39m┆[48;5;0m[38;5;9m 0.000   [49m[39m┆[48;5;0m[38;5;9m 0.000   [49m[39m┆[48;5;0m[38;5;9m 0.000   [49m[39m┆[48;5;0m[38;5;14m 70.000 [49m[39m┆[48;5;0m 10.000 [49m┆[48;5;0m[38;5;9m 0.000    [49m[39m┆[48;5;0m[38;5;9m 0.000   [49m[39m┆[48;5;0m 10.000  [49m│
│ Jordi    ┆[38;5;9m 0.000  [39m┆[38;5;10m 100.000 [39m┆[38;5;9m 0.000    [39m┆[38;5;9m 0.000   [39m┆[38;5;9m 0.000   [39m┆[38;5;9m 0.000   [39m┆[38;5;9m 0.000  [39m┆[38;5;9m 0.000  [39m┆[38;5;9m 0.000    [39m┆[38;5;9m 0.000   [39m┆ 30.000  │
│[48;5;0m Leon     [49m┆[48;5;0m[38;5;9m 0.000  [49m[39m┆[48;5;0m[38;5;9m 0.000   [49m[39m┆[48;5;0m[38;5;9m 0.000    [49m[39m┆[48;5;0m[38;5;10m 100.000 [49m[39m┆[48;5;0m[38;5;9m 0.000   [49m[39m┆[48;5;0m[38;5;9m 0.000   [49m[39m┆[48;5;0m[38;5;9m 0.000  [49m[39m┆[48;5;0m[38;5;9m 0.000  [49m[39m┆[48;5;0m[38;5;9m 0.000    [49m[39m┆[48;5;0m[38;5;9m 0.000   [49m[39m┆[48;5;0m 10.000  [49m│
│ Marius   ┆[38;5;9m 0.000  [39m┆[38;5;9m 0.000   [39m┆[38;5;9m 0.000    [39m┆[38;5;9m 0.000   [39m┆[38;5;9m 0.000   [39m┆[38;5;9m 0.000   [39m┆[38;5;9m 0.000  [39m┆[38;5;9m 0.000  [39m┆[38;5;9m 0.000    [39m┆[38;5;10m 100.000 [39m┆[38;5;9m 0.000   [39m│
│[48;5;0m Max      [49m┆[48;5;0m[38;5;9m 0.000  [49m[39m┆[48;5;0m[38;5;9m 0.000   [49m[39m┆[48;5;0m[38;5;9m 0.000    [49m[39m┆[48;5;0m[38;5;9m 0.000   [49m[39m┆[48;5;0m[38;5;9m 0.000   [49m[39m┆[48;5;0m[38;5;9m 0.000   [49m[39m┆[48;5;0m 20.000 [49m┆[48;5;0m[38;5;10m 80.000 [49m[39m┆[48;5;0m[38;5;9m 0.000    [49m[39m┆[48;5;0m[38;5;9m 0.000   [49m[39m┆[48;5;0m 10.000  [49m│
│ Mike     ┆[38;5;9m 0.000  [39m┆[38;5;9m 0.000   [39m┆[38;5;9m 0.000    [39m┆[38;5;9m 0.000   [39m┆[38;5;10m 100.000 [39m┆[38;5;9m 0.000   [39m┆[38;5;9m 0.000  [39m┆[38;5;9m 0.000  [39m┆[38;5;9m 0.000    [39m┆[38;5;9m 0.000   [39m┆ 10.000  │
│[48;5;0m Tim      [49m┆[48;5;0m 10.000 [49m┆[48;5;0m[38;5;9m 0.000   [49m[39m┆[48;5;0m[38;5;9m 0.000    [49m[39m┆[48;5;0m[38;5;9m 0.000   [49m[39m┆[48;5;0m[38;5;9m 0.000   [49m[39m┆[48;5;0m[38;5;10m 80.000  [49m[39m┆[48;5;0m[38;5;9m 0.000  [49m[39m┆[48;5;0m 10.000 [49m┆[48;5;0m[38;5;9m 0.000    [49m[39m┆[48;5;0m[38;5;9m 0.000   [49m[39m┆[48;5;0m[38;5;9m 0.000   [49m[39m│
│ William  ┆[38;5;9m 0.000  [39m┆[38;5;9m 0.000   [39m┆[38;5;9m 0.000    [39m┆[38;5;9m 0.000   [39m┆[38;5;9m 0.000   [39m┆[38;5;9m 0.000   [39m┆[38;5;9m 0.000  [39m┆[38;5;9m 0.000  [39m┆[38;5;10m 100.000  [39m┆[38;5;9m 0.000   [39m┆ 10.000  │
╰──────────┴────────┴─────────┴──────────┴─────────┴─────────┴─────────┴────────┴────────┴──────────┴─────────┴─────────╯
10 left -> 3.3219 bits left

MN#7.0 E14
2x William -> Raphaela
4x Mike -> Joelina
3x Dustin -> Isabelle
1x Antonino -> Dana
3x Leon -> Jessica
0x Andre -> Desiree
1x Tim -> Kerstin
1x Max -> Marie
0x Jordi -> Monami
1x Marius -> Zaira
---
-> Pr[lights]: {5: 30.0%, 6: 60.0%, 7: 10.0%}
->  E[lights]: 5.800
6 lights => I = 0.7370 bits
╭──────────┬─────────┬─────────┬──────────┬─────────┬─────────┬─────────┬─────────┬─────────┬──────────┬─────────┬─────────╮
│          ┆   Dana  ┆ Estelle ┆ Isabelle ┆ Jessica ┆ Joelina ┆ Kerstin ┆  Marie  ┆  Monami ┆ Raphaela ┆  Zaira  ┆ Desiree │
╞══════════╪═════════╪═════════╪══════════╪═════════╪═════════╪═════════╪═════════╪═════════╪══════════╪═════════╪═════════╡
│[48;5;0m Andre    [49m┆[48;5;0m[38;5;9m 0.000   [49m[39m┆[48;5;0m[38;5;9m 0.000   [49m[39m┆[48;5;0m[38;5;10m 100.000  [49m[39m┆[48;5;0m[38;5;9m 0.000   [49m[39m┆[48;5;0m[38;5;9m 0.000   [49m[39m┆[48;5;0m[38;5;9m 0.000   [49m[39m┆[48;5;0m[38;5;9m 0.000   [49m[39m┆[48;5;0m[38;5;9m 0.000   [49m[39m┆[48;5;0m[38;5;9m 0.000    [49m[39m┆[48;5;0m[38;5;9m 0.000   [49m[39m┆[48;5;0m[38;5;9m 0.000   [49m[39m│
│ Antonino ┆[38;5;10m 100.000 [39m┆[38;5;9m 0.000   [39m┆[38;5;9m 0.000    [39m┆[38;5;9m 0.000   [39m┆[38;5;9m 0.000   [39m┆[38;5;9m 0.000   [39m┆[38;5;9m 0.000   [39m┆[38;5;9m 0.000   [39m┆[38;5;9m 0.000    [39m┆[38;5;9m 0.000   [39m┆ 16.667  │
│[48;5;0m Dustin   [49m┆[48;5;0m[38;5;9m 0.000   [49m[39m┆[48;5;0m[38;5;9m 0.000   [49m[39m┆[48;5;0m[38;5;9m 0.000    [49m[39m┆[48;5;0m[38;5;9m 0.000   [49m[39m┆[48;5;0m[38;5;9m 0.000   [49m[39m┆[48;5;0m[38;5;9m 0.000   [49m[39m┆[48;5;0m[38;5;10m 100.000 [49m[39m┆[48;5;0m[38;5;9m 0.000   [49m[39m┆[48;5;0m[38;5;9m 0.000    [49m[39m┆[48;5;0m[38;5;9m 0.000   [49m[39m┆[48;5;0m 16.667  [49m│
│ Jordi    ┆[38;5;9m 0.000   [39m┆[38;5;10m 100.000 [39m┆[38;5;9m 0.000    [39m┆[38;5;9m 0.000   [39m┆[38;5;9m 0.000   [39m┆[38;5;9m 0.000   [39m┆[38;5;9m 0.000   [39m┆[38;5;9m 0.000   [39m┆[38;5;9m 0.000    [39m┆[38;5;9m 0.000   [39m┆[38;5;9m 0.000   [39m│
│[48;5;0m Leon     [49m┆[48;5;0m[38;5;9m 0.000   [49m[39m┆[48;5;0m[38;5;9m 0.000   [49m[39m┆[48;5;0m[38;5;9m 0.000    [49m[39m┆[48;5;0m[38;5;10m 100.000 [49m[39m┆[48;5;0m[38;5;9m 0.000   [49m[39m┆[48;5;0m[38;5;9m 0.000   [49m[39m┆[48;5;0m[38;5;9m 0.000   [49m[39m┆[48;5;0m[38;5;9m 0.000   [49m[39m┆[48;5;0m[38;5;9m 0.000    [49m[39m┆[48;5;0m[38;5;9m 0.000   [49m[39m┆[48;5;0m 16.667  [49m│
│ Marius   ┆[38;5;9m 0.000   [39m┆[38;5;9m 0.000   [39m┆[38;5;9m 0.000    [39m┆[38;5;9m 0.000   [39m┆[38;5;9m 0.000   [39m┆[38;5;9m 0.000   [39m┆[38;5;9m 0.000   [39m┆[38;5;9m 0.000   [39m┆[38;5;9m 0.000    [39m┆[38;5;10m 100.000 [39m┆[38;5;9m 0.000   [39m│
│[48;5;0m Max      [49m┆[48;5;0m[38;5;9m 0.000   [49m[39m┆[48;5;0m[38;5;9m 0.000   [49m[39m┆[48;5;0m[38;5;9m 0.000    [49m[39m┆[48;5;0m[38;5;9m 0.000   [49m[39m┆[48;5;0m[38;5;9m 0.000   [49m[39m┆[48;5;0m[38;5;9m 0.000   [49m[39m┆[48;5;0m[38;5;9m 0.000   [49m[39m┆[48;5;0m[38;5;10m 100.000 [49m[39m┆[48;5;0m[38;5;9m 0.000    [49m[39m┆[48;5;0m[38;5;9m 0.000   [49m[39m┆[48;5;0m 16.667  [49m│
│ Mike     ┆[38;5;9m 0.000   [39m┆[38;5;9m 0.000   [39m┆[38;5;9m 0.000    [39m┆[38;5;9m 0.000   [39m┆[38;5;10m 100.000 [39m┆[38;5;9m 0.000   [39m┆[38;5;9m 0.000   [39m┆[38;5;9m 0.000   [39m┆[38;5;9m 0.000    [39m┆[38;5;9m 0.000   [39m┆ 16.667  │
│[48;5;0m Tim      [49m┆[48;5;0m[38;5;9m 0.000   [49m[39m┆[48;5;0m[38;5;9m 0.000   [49m[39m┆[48;5;0m[38;5;9m 0.000    [49m[39m┆[48;5;0m[38;5;9m 0.000   [49m[39m┆[48;5;0m[38;5;9m 0.000   [49m[39m┆[48;5;0m[38;5;10m 100.000 [49m[39m┆[48;5;0m[38;5;9m 0.000   [49m[39m┆[48;5;0m[38;5;9m 0.000   [49m[39m┆[48;5;0m[38;5;9m 0.000    [49m[39m┆[48;5;0m[38;5;9m 0.000   [49m[39m┆[48;5;0m[38;5;9m 0.000   [49m[39m│
│ William  ┆[38;5;9m 0.000   [39m┆[38;5;9m 0.000   [39m┆[38;5;9m 0.000    [39m┆[38;5;9m 0.000   [39m┆[38;5;9m 0.000   [39m┆[38;5;9m 0.000   [39m┆[38;5;9m 0.000   [39m┆[38;5;9m 0.000   [39m┆[38;5;10m 100.000  [39m┆[38;5;9m 0.000   [39m┆ 16.667  │
╰──────────┴─────────┴─────────┴──────────┴─────────┴─────────┴─────────┴─────────┴─────────┴──────────┴─────────┴─────────╯
6 left -> 2.5850 bits left

MB#8.0 E16
Jordi -> Raphaela
---
-> Pr[lights]: {0: 100.0%}
0 lights => I = -0.0000 bits
╭──────────┬─────────┬─────────┬──────────┬─────────┬─────────┬─────────┬─────────┬─────────┬──────────┬─────────┬─────────╮
│          ┆   Dana  ┆ Estelle ┆ Isabelle ┆ Jessica ┆ Joelina ┆ Kerstin ┆  Marie  ┆  Monami ┆ Raphaela ┆  Zaira  ┆ Desiree │
╞══════════╪═════════╪═════════╪══════════╪═════════╪═════════╪═════════╪═════════╪═════════╪══════════╪═════════╪═════════╡
│[48;5;0m Andre    [49m┆[48;5;0m[38;5;9m 0.000   [49m[39m┆[48;5;0m[38;5;9m 0.000   [49m[39m┆[48;5;0m[38;5;10m 100.000  [49m[39m┆[48;5;0m[38;5;9m 0.000   [49m[39m┆[48;5;0m[38;5;9m 0.000   [49m[39m┆[48;5;0m[38;5;9m 0.000   [49m[39m┆[48;5;0m[38;5;9m 0.000   [49m[39m┆[48;5;0m[38;5;9m 0.000   [49m[39m┆[48;5;0m[38;5;9m 0.000    [49m[39m┆[48;5;0m[38;5;9m 0.000   [49m[39m┆[48;5;0m[38;5;9m 0.000   [49m[39m│
│ Antonino ┆[38;5;10m 100.000 [39m┆[38;5;9m 0.000   [39m┆[38;5;9m 0.000    [39m┆[38;5;9m 0.000   [39m┆[38;5;9m 0.000   [39m┆[38;5;9m 0.000   [39m┆[38;5;9m 0.000   [39m┆[38;5;9m 0.000   [39m┆[38;5;9m 0.000    [39m┆[38;5;9m 0.000   [39m┆ 16.667  │
│[48;5;0m Dustin   [49m┆[48;5;0m[38;5;9m 0.000   [49m[39m┆[48;5;0m[38;5;9m 0.000   [49m[39m┆[48;5;0m[38;5;9m 0.000    [49m[39m┆[48;5;0m[38;5;9m 0.000   [49m[39m┆[48;5;0m[38;5;9m 0.000   [49m[39m┆[48;5;0m[38;5;9m 0.000   [49m[39m┆[48;5;0m[38;5;10m 100.000 [49m[39m┆[48;5;0m[38;5;9m 0.000   [49m[39m┆[48;5;0m[38;5;9m 0.000    [49m[39m┆[48;5;0m[38;5;9m 0.000   [49m[39m┆[48;5;0m 16.667  [49m│
│ Jordi    ┆[38;5;9m 0.000   [39m┆[38;5;10m 100.000 [39m┆[38;5;9m 0.000    [39m┆[38;5;9m 0.000   [39m┆[38;5;9m 0.000   [39m┆[38;5;9m 0.000   [39m┆[38;5;9m 0.000   [39m┆[38;5;9m 0.000   [39m┆[38;5;9m 0.000    [39m┆[38;5;9m 0.000   [39m┆[38;5;9m 0.000   [39m│
│[48;5;0m Leon     [49m┆[48;5;0m[38;5;9m 0.000   [49m[39m┆[48;5;0m[38;5;9m 0.000   [49m[39m┆[48;5;0m[38;5;9m 0.000    [49m[39m┆[48;5;0m[38;5;10m 100.000 [49m[39m┆[48;5;0m[38;5;9m 0.000   [49m[39m┆[48;5;0m[38;5;9m 0.000   [49m[39m┆[48;5;0m[38;5;9m 0.000   [49m[39m┆[48;5;0m[38;5;9m 0.000   [49m[39m┆[48;5;0m[38;5;9m 0.000    [49m[39m┆[48;5;0m[38;5;9m 0.000   [49m[39m┆[48;5;0m 16.667  [49m│
│ Marius   ┆[38;5;9m 0.000   [39m┆[38;5;9m 0.000   [39m┆[38;5;9m 0.000    [39m┆[38;5;9m 0.000   [39m┆[38;5;9m 0.000   [39m┆[38;5;9m 0.000   [39m┆[38;5;9m 0.000   [39m┆[38;5;9m 0.000   [39m┆[38;5;9m 0.000    [39m┆[38;5;10m 100.000 [39m┆[38;5;9m 0.000   [39m│
│[48;5;0m Max      [49m┆[48;5;0m[38;5;9m 0.000   [49m[39m┆[48;5;0m[38;5;9m 0.000   [49m[39m┆[48;5;0m[38;5;9m 0.000    [49m[39m┆[48;5;0m[38;5;9m 0.000   [49m[39m┆[48;5;0m[38;5;9m 0.000   [49m[39m┆[48;5;0m[38;5;9m 0.000   [49m[39m┆[48;5;0m[38;5;9m 0.000   [49m[39m┆[48;5;0m[38;5;10m 100.000 [49m[39m┆[48;5;0m[38;5;9m 0.000    [49m[39m┆[48;5;0m[38;5;9m 0.000   [49m[39m┆[48;5;0m 16.667  [49m│
│ Mike     ┆[38;5;9m 0.000   [39m┆[38;5;9m 0.000   [39m┆[38;5;9m 0.000    [39m┆[38;5;9m 0.000   [39m┆[38;5;10m 100.000 [39m┆[38;5;9m 0.000   [39m┆[38;5;9m 0.000   [39m┆[38;5;9m 0.000   [39m┆[38;5;9m 0.000    [39m┆[38;5;9m 0.000   [39m┆ 16.667  │
│[48;5;0m Tim      [49m┆[48;5;0m[38;5;9m 0.000   [49m[39m┆[48;5;0m[38;5;9m 0.000   [49m[39m┆[48;5;0m[38;5;9m 0.000    [49m[39m┆[48;5;0m[38;5;9m 0.000   [49m[39m┆[48;5;0m[38;5;9m 0.000   [49m[39m┆[48;5;0m[38;5;10m 100.000 [49m[39m┆[48;5;0m[38;5;9m 0.000   [49m[39m┆[48;5;0m[38;5;9m 0.000   [49m[39m┆[48;5;0m[38;5;9m 0.000    [49m[39m┆[48;5;0m[38;5;9m 0.000   [49m[39m┆[48;5;0m[38;5;9m 0.000   [49m[39m│
│ William  ┆[38;5;9m 0.000   [39m┆[38;5;9m 0.000   [39m┆[38;5;9m 0.000    [39m┆[38;5;9m 0.000   [39m┆[38;5;9m 0.000   [39m┆[38;5;9m 0.000   [39m┆[38;5;9m 0.000   [39m┆[38;5;9m 0.000   [39m┆[38;5;10m 100.000  [39m┆[38;5;9m 0.000   [39m┆ 16.667  │
╰──────────┴─────────┴─────────┴──────────┴─────────┴─────────┴─────────┴─────────┴─────────┴──────────┴─────────┴─────────╯
6 left -> 2.5850 bits left

MN#8.0 E16
3x Max -> Kerstin
1x Tim -> Joelina
1x Jordi -> Monami
4x Dustin -> Isabelle
1x Andre -> Marie
3x William -> Raphaela
2x Antonino -> Dana
2x Mike -> Estelle
4x Leon -> Jessica
2x Marius -> Zaira
---
-> Pr[lights]: {4: 100.0%}
->  E[lights]: 4.000
4 lights => I = -0.0000 bits
╭──────────┬─────────┬─────────┬──────────┬─────────┬─────────┬─────────┬─────────┬─────────┬──────────┬─────────┬─────────╮
│          ┆   Dana  ┆ Estelle ┆ Isabelle ┆ Jessica ┆ Joelina ┆ Kerstin ┆  Marie  ┆  Monami ┆ Raphaela ┆  Zaira  ┆ Desiree │
╞══════════╪═════════╪═════════╪══════════╪═════════╪═════════╪═════════╪═════════╪═════════╪══════════╪═════════╪═════════╡
│[48;5;0m Andre    [49m┆[48;5;0m[38;5;9m 0.000   [49m[39m┆[48;5;0m[38;5;9m 0.000   [49m[39m┆[48;5;0m[38;5;10m 100.000  [49m[39m┆[48;5;0m[38;5;9m 0.000   [49m[39m┆[48;5;0m[38;5;9m 0.000   [49m[39m┆[48;5;0m[38;5;9m 0.000   [49m[39m┆[48;5;0m[38;5;9m 0.000   [49m[39m┆[48;5;0m[38;5;9m 0.000   [49m[39m┆[48;5;0m[38;5;9m 0.000    [49m[39m┆[48;5;0m[38;5;9m 0.000   [49m[39m┆[48;5;0m[38;5;9m 0.000   [49m[39m│
│ Antonino ┆[38;5;10m 100.000 [39m┆[38;5;9m 0.000   [39m┆[38;5;9m 0.000    [39m┆[38;5;9m 0.000   [39m┆[38;5;9m 0.000   [39m┆[38;5;9m 0.000   [39m┆[38;5;9m 0.000   [39m┆[38;5;9m 0.000   [39m┆[38;5;9m 0.000    [39m┆[38;5;9m 0.000   [39m┆ 16.667  │
│[48;5;0m Dustin   [49m┆[48;5;0m[38;5;9m 0.000   [49m[39m┆[48;5;0m[38;5;9m 0.000   [49m[39m┆[48;5;0m[38;5;9m 0.000    [49m[39m┆[48;5;0m[38;5;9m 0.000   [49m[39m┆[48;5;0m[38;5;9m 0.000   [49m[39m┆[48;5;0m[38;5;9m 0.000   [49m[39m┆[48;5;0m[38;5;10m 100.000 [49m[39m┆[48;5;0m[38;5;9m 0.000   [49m[39m┆[48;5;0m[38;5;9m 0.000    [49m[39m┆[48;5;0m[38;5;9m 0.000   [49m[39m┆[48;5;0m 16.667  [49m│
│ Jordi    ┆[38;5;9m 0.000   [39m┆[38;5;10m 100.000 [39m┆[38;5;9m 0.000    [39m┆[38;5;9m 0.000   [39m┆[38;5;9m 0.000   [39m┆[38;5;9m 0.000   [39m┆[38;5;9m 0.000   [39m┆[38;5;9m 0.000   [39m┆[38;5;9m 0.000    [39m┆[38;5;9m 0.000   [39m┆[38;5;9m 0.000   [39m│
│[48;5;0m Leon     [49m┆[48;5;0m[38;5;9m 0.000   [49m[39m┆[48;5;0m[38;5;9m 0.000   [49m[39m┆[48;5;0m[38;5;9m 0.000    [49m[39m┆[48;5;0m[38;5;10m 100.000 [49m[39m┆[48;5;0m[38;5;9m 0.000   [49m[39m┆[48;5;0m[38;5;9m 0.000   [49m[39m┆[48;5;0m[38;5;9m 0.000   [49m[39m┆[48;5;0m[38;5;9m 0.000   [49m[39m┆[48;5;0m[38;5;9m 0.000    [49m[39m┆[48;5;0m[38;5;9m 0.000   [49m[39m┆[48;5;0m 16.667  [49m│
│ Marius   ┆[38;5;9m 0.000   [39m┆[38;5;9m 0.000   [39m┆[38;5;9m 0.000    [39m┆[38;5;9m 0.000   [39m┆[38;5;9m 0.000   [39m┆[38;5;9m 0.000   [39m┆[38;5;9m 0.000   [39m┆[38;5;9m 0.000   [39m┆[38;5;9m 0.000    [39m┆[38;5;10m 100.000 [39m┆[38;5;9m 0.000   [39m│
│[48;5;0m Max      [49m┆[48;5;0m[38;5;9m 0.000   [49m[39m┆[48;5;0m[38;5;9m 0.000   [49m[39m┆[48;5;0m[38;5;9m 0.000    [49m[39m┆[48;5;0m[38;5;9m 0.000   [49m[39m┆[48;5;0m[38;5;9m 0.000   [49m[39m┆[48;5;0m[38;5;9m 0.000   [49m[39m┆[48;5;0m[38;5;9m 0.000   [49m[39m┆[48;5;0m[38;5;10m 100.000 [49m[39m┆[48;5;0m[38;5;9m 0.000    [49m[39m┆[48;5;0m[38;5;9m 0.000   [49m[39m┆[48;5;0m 16.667  [49m│
│ Mike     ┆[38;5;9m 0.000   [39m┆[38;5;9m 0.000   [39m┆[38;5;9m 0.000    [39m┆[38;5;9m 0.000   [39m┆[38;5;10m 100.000 [39m┆[38;5;9m 0.000   [39m┆[38;5;9m 0.000   [39m┆[38;5;9m 0.000   [39m┆[38;5;9m 0.000    [39m┆[38;5;9m 0.000   [39m┆ 16.667  │
│[48;5;0m Tim      [49m┆[48;5;0m[38;5;9m 0.000   [49m[39m┆[48;5;0m[38;5;9m 0.000   [49m[39m┆[48;5;0m[38;5;9m 0.000    [49m[39m┆[48;5;0m[38;5;9m 0.000   [49m[39m┆[48;5;0m[38;5;9m 0.000   [49m[39m┆[48;5;0m[38;5;10m 100.000 [49m[39m┆[48;5;0m[38;5;9m 0.000   [49m[39m┆[48;5;0m[38;5;9m 0.000   [49m[39m┆[48;5;0m[38;5;9m 0.000    [49m[39m┆[48;5;0m[38;5;9m 0.000   [49m[39m┆[48;5;0m[38;5;9m 0.000   [49m[39m│
│ William  ┆[38;5;9m 0.000   [39m┆[38;5;9m 0.000   [39m┆[38;5;9m 0.000    [39m┆[38;5;9m 0.000   [39m┆[38;5;9m 0.000   [39m┆[38;5;9m 0.000   [39m┆[38;5;9m 0.000   [39m┆[38;5;9m 0.000   [39m┆[38;5;10m 100.000  [39m┆[38;5;9m 0.000   [39m┆ 16.667  │
╰──────────┴─────────┴─────────┴──────────┴─────────┴─────────┴─────────┴─────────┴─────────┴──────────┴─────────┴─────────╯
6 left -> 2.5850 bits left

MB#9.0 E18
Max -> Kerstin
---
-> Pr[lights]: {0: 100.0%}
0 lights => I = -0.0000 bits
╭──────────┬─────────┬─────────┬──────────┬─────────┬─────────┬─────────┬─────────┬─────────┬──────────┬─────────┬─────────╮
│          ┆   Dana  ┆ Estelle ┆ Isabelle ┆ Jessica ┆ Joelina ┆ Kerstin ┆  Marie  ┆  Monami ┆ Raphaela ┆  Zaira  ┆ Desiree │
╞══════════╪═════════╪═════════╪══════════╪═════════╪═════════╪═════════╪═════════╪═════════╪══════════╪═════════╪═════════╡
│[48;5;0m Andre    [49m┆[48;5;0m[38;5;9m 0.000   [49m[39m┆[48;5;0m[38;5;9m 0.000   [49m[39m┆[48;5;0m[38;5;10m 100.000  [49m[39m┆[48;5;0m[38;5;9m 0.000   [49m[39m┆[48;5;0m[38;5;9m 0.000   [49m[39m┆[48;5;0m[38;5;9m 0.000   [49m[39m┆[48;5;0m[38;5;9m 0.000   [49m[39m┆[48;5;0m[38;5;9m 0.000   [49m[39m┆[48;5;0m[38;5;9m 0.000    [49m[39m┆[48;5;0m[38;5;9m 0.000   [49m[39m┆[48;5;0m[38;5;9m 0.000   [49m[39m│
│ Antonino ┆[38;5;10m 100.000 [39m┆[38;5;9m 0.000   [39m┆[38;5;9m 0.000    [39m┆[38;5;9m 0.000   [39m┆[38;5;9m 0.000   [39m┆[38;5;9m 0.000   [39m┆[38;5;9m 0.000   [39m┆[38;5;9m 0.000   [39m┆[38;5;9m 0.000    [39m┆[38;5;9m 0.000   [39m┆ 16.667  │
│[48;5;0m Dustin   [49m┆[48;5;0m[38;5;9m 0.000   [49m[39m┆[48;5;0m[38;5;9m 0.000   [49m[39m┆[48;5;0m[38;5;9m 0.000    [49m[39m┆[48;5;0m[38;5;9m 0.000   [49m[39m┆[48;5;0m[38;5;9m 0.000   [49m[39m┆[48;5;0m[38;5;9m 0.000   [49m[39m┆[48;5;0m[38;5;10m 100.000 [49m[39m┆[48;5;0m[38;5;9m 0.000   [49m[39m┆[48;5;0m[38;5;9m 0.000    [49m[39m┆[48;5;0m[38;5;9m 0.000   [49m[39m┆[48;5;0m 16.667  [49m│
│ Jordi    ┆[38;5;9m 0.000   [39m┆[38;5;10m 100.000 [39m┆[38;5;9m 0.000    [39m┆[38;5;9m 0.000   [39m┆[38;5;9m 0.000   [39m┆[38;5;9m 0.000   [39m┆[38;5;9m 0.000   [39m┆[38;5;9m 0.000   [39m┆[38;5;9m 0.000    [39m┆[38;5;9m 0.000   [39m┆[38;5;9m 0.000   [39m│
│[48;5;0m Leon     [49m┆[48;5;0m[38;5;9m 0.000   [49m[39m┆[48;5;0m[38;5;9m 0.000   [49m[39m┆[48;5;0m[38;5;9m 0.000    [49m[39m┆[48;5;0m[38;5;10m 100.000 [49m[39m┆[48;5;0m[38;5;9m 0.000   [49m[39m┆[48;5;0m[38;5;9m 0.000   [49m[39m┆[48;5;0m[38;5;9m 0.000   [49m[39m┆[48;5;0m[38;5;9m 0.000   [49m[39m┆[48;5;0m[38;5;9m 0.000    [49m[39m┆[48;5;0m[38;5;9m 0.000   [49m[39m┆[48;5;0m 16.667  [49m│
│ Marius   ┆[38;5;9m 0.000   [39m┆[38;5;9m 0.000   [39m┆[38;5;9m 0.000    [39m┆[38;5;9m 0.000   [39m┆[38;5;9m 0.000   [39m┆[38;5;9m 0.000   [39m┆[38;5;9m 0.000   [39m┆[38;5;9m 0.000   [39m┆[38;5;9m 0.000    [39m┆[38;5;10m 100.000 [39m┆[38;5;9m 0.000   [39m│
│[48;5;0m Max      [49m┆[48;5;0m[38;5;9m 0.000   [49m[39m┆[48;5;0m[38;5;9m 0.000   [49m[39m┆[48;5;0m[38;5;9m 0.000    [49m[39m┆[48;5;0m[38;5;9m 0.000   [49m[39m┆[48;5;0m[38;5;9m 0.000   [49m[39m┆[48;5;0m[38;5;9m 0.000   [49m[39m┆[48;5;0m[38;5;9m 0.000   [49m[39m┆[48;5;0m[38;5;10m 100.000 [49m[39m┆[48;5;0m[38;5;9m 0.000    [49m[39m┆[48;5;0m[38;5;9m 0.000   [49m[39m┆[48;5;0m 16.667  [49m│
│ Mike     ┆[38;5;9m 0.000   [39m┆[38;5;9m 0.000   [39m┆[38;5;9m 0.000    [39m┆[38;5;9m 0.000   [39m┆[38;5;10m 100.000 [39m┆[38;5;9m 0.000   [39m┆[38;5;9m 0.000   [39m┆[38;5;9m 0.000   [39m┆[38;5;9m 0.000    [39m┆[38;5;9m 0.000   [39m┆ 16.667  │
│[48;5;0m Tim      [49m┆[48;5;0m[38;5;9m 0.000   [49m[39m┆[48;5;0m[38;5;9m 0.000   [49m[39m┆[48;5;0m[38;5;9m 0.000    [49m[39m┆[48;5;0m[38;5;9m 0.000   [49m[39m┆[48;5;0m[38;5;9m 0.000   [49m[39m┆[48;5;0m[38;5;10m 100.000 [49m[39m┆[48;5;0m[38;5;9m 0.000   [49m[39m┆[48;5;0m[38;5;9m 0.000   [49m[39m┆[48;5;0m[38;5;9m 0.000    [49m[39m┆[48;5;0m[38;5;9m 0.000   [49m[39m┆[48;5;0m[38;5;9m 0.000   [49m[39m│
│ William  ┆[38;5;9m 0.000   [39m┆[38;5;9m 0.000   [39m┆[38;5;9m 0.000    [39m┆[38;5;9m 0.000   [39m┆[38;5;9m 0.000   [39m┆[38;5;9m 0.000   [39m┆[38;5;9m 0.000   [39m┆[38;5;9m 0.000   [39m┆[38;5;10m 100.000  [39m┆[38;5;9m 0.000   [39m┆ 16.667  │
╰──────────┴─────────┴─────────┴──────────┴─────────┴─────────┴─────────┴─────────┴─────────┴──────────┴─────────┴─────────╯
6 left -> 2.5850 bits left

MN#9.0 E18
2x Tim -> Joelina
1x Andre -> Desiree
0x Dustin -> Dana
0x Antonino -> Isabelle
0x William -> Marie
0x Max -> Raphaela
3x Mike -> Estelle
3x Marius -> Zaira
2x Jordi -> Monami
5x Leon -> Jessica
---
-> Pr[lights]: {2: 100.0%}
->  E[lights]: 2.000
2 lights => I = -0.0000 bits
╭──────────┬─────────┬─────────┬──────────┬─────────┬─────────┬─────────┬─────────┬─────────┬──────────┬─────────┬─────────╮
│          ┆   Dana  ┆ Estelle ┆ Isabelle ┆ Jessica ┆ Joelina ┆ Kerstin ┆  Marie  ┆  Monami ┆ Raphaela ┆  Zaira  ┆ Desiree │
╞══════════╪═════════╪═════════╪══════════╪═════════╪═════════╪═════════╪═════════╪═════════╪══════════╪═════════╪═════════╡
│[48;5;0m Andre    [49m┆[48;5;0m[38;5;9m 0.000   [49m[39m┆[48;5;0m[38;5;9m 0.000   [49m[39m┆[48;5;0m[38;5;10m 100.000  [49m[39m┆[48;5;0m[38;5;9m 0.000   [49m[39m┆[48;5;0m[38;5;9m 0.000   [49m[39m┆[48;5;0m[38;5;9m 0.000   [49m[39m┆[48;5;0m[38;5;9m 0.000   [49m[39m┆[48;5;0m[38;5;9m 0.000   [49m[39m┆[48;5;0m[38;5;9m 0.000    [49m[39m┆[48;5;0m[38;5;9m 0.000   [49m[39m┆[48;5;0m[38;5;9m 0.000   [49m[39m│
│ Antonino ┆[38;5;10m 100.000 [39m┆[38;5;9m 0.000   [39m┆[38;5;9m 0.000    [39m┆[38;5;9m 0.000   [39m┆[38;5;9m 0.000   [39m┆[38;5;9m 0.000   [39m┆[38;5;9m 0.000   [39m┆[38;5;9m 0.000   [39m┆[38;5;9m 0.000    [39m┆[38;5;9m 0.000   [39m┆ 16.667  │
│[48;5;0m Dustin   [49m┆[48;5;0m[38;5;9m 0.000   [49m[39m┆[48;5;0m[38;5;9m 0.000   [49m[39m┆[48;5;0m[38;5;9m 0.000    [49m[39m┆[48;5;0m[38;5;9m 0.000   [49m[39m┆[48;5;0m[38;5;9m 0.000   [49m[39m┆[48;5;0m[38;5;9m 0.000   [49m[39m┆[48;5;0m[38;5;10m 100.000 [49m[39m┆[48;5;0m[38;5;9m 0.000   [49m[39m┆[48;5;0m[38;5;9m 0.000    [49m[39m┆[48;5;0m[38;5;9m 0.000   [49m[39m┆[48;5;0m 16.667  [49m│
│ Jordi    ┆[38;5;9m 0.000   [39m┆[38;5;10m 100.000 [39m┆[38;5;9m 0.000    [39m┆[38;5;9m 0.000   [39m┆[38;5;9m 0.000   [39m┆[38;5;9m 0.000   [39m┆[38;5;9m 0.000   [39m┆[38;5;9m 0.000   [39m┆[38;5;9m 0.000    [39m┆[38;5;9m 0.000   [39m┆[38;5;9m 0.000   [39m│
│[48;5;0m Leon     [49m┆[48;5;0m[38;5;9m 0.000   [49m[39m┆[48;5;0m[38;5;9m 0.000   [49m[39m┆[48;5;0m[38;5;9m 0.000    [49m[39m┆[48;5;0m[38;5;10m 100.000 [49m[39m┆[48;5;0m[38;5;9m 0.000   [49m[39m┆[48;5;0m[38;5;9m 0.000   [49m[39m┆[48;5;0m[38;5;9m 0.000   [49m[39m┆[48;5;0m[38;5;9m 0.000   [49m[39m┆[48;5;0m[38;5;9m 0.000    [49m[39m┆[48;5;0m[38;5;9m 0.000   [49m[39m┆[48;5;0m 16.667  [49m│
│ Marius   ┆[38;5;9m 0.000   [39m┆[38;5;9m 0.000   [39m┆[38;5;9m 0.000    [39m┆[38;5;9m 0.000   [39m┆[38;5;9m 0.000   [39m┆[38;5;9m 0.000   [39m┆[38;5;9m 0.000   [39m┆[38;5;9m 0.000   [39m┆[38;5;9m 0.000    [39m┆[38;5;10m 100.000 [39m┆[38;5;9m 0.000   [39m│
│[48;5;0m Max      [49m┆[48;5;0m[38;5;9m 0.000   [49m[39m┆[48;5;0m[38;5;9m 0.000   [49m[39m┆[48;5;0m[38;5;9m 0.000    [49m[39m┆[48;5;0m[38;5;9m 0.000   [49m[39m┆[48;5;0m[38;5;9m 0.000   [49m[39m┆[48;5;0m[38;5;9m 0.000   [49m[39m┆[48;5;0m[38;5;9m 0.000   [49m[39m┆[48;5;0m[38;5;10m 100.000 [49m[39m┆[48;5;0m[38;5;9m 0.000    [49m[39m┆[48;5;0m[38;5;9m 0.000   [49m[39m┆[48;5;0m 16.667  [49m│
│ Mike     ┆[38;5;9m 0.000   [39m┆[38;5;9m 0.000   [39m┆[38;5;9m 0.000    [39m┆[38;5;9m 0.000   [39m┆[38;5;10m 100.000 [39m┆[38;5;9m 0.000   [39m┆[38;5;9m 0.000   [39m┆[38;5;9m 0.000   [39m┆[38;5;9m 0.000    [39m┆[38;5;9m 0.000   [39m┆ 16.667  │
│[48;5;0m Tim      [49m┆[48;5;0m[38;5;9m 0.000   [49m[39m┆[48;5;0m[38;5;9m 0.000   [49m[39m┆[48;5;0m[38;5;9m 0.000    [49m[39m┆[48;5;0m[38;5;9m 0.000   [49m[39m┆[48;5;0m[38;5;9m 0.000   [49m[39m┆[48;5;0m[38;5;10m 100.000 [49m[39m┆[48;5;0m[38;5;9m 0.000   [49m[39m┆[48;5;0m[38;5;9m 0.000   [49m[39m┆[48;5;0m[38;5;9m 0.000    [49m[39m┆[48;5;0m[38;5;9m 0.000   [49m[39m┆[48;5;0m[38;5;9m 0.000   [49m[39m│
│ William  ┆[38;5;9m 0.000   [39m┆[38;5;9m 0.000   [39m┆[38;5;9m 0.000    [39m┆[38;5;9m 0.000   [39m┆[38;5;9m 0.000   [39m┆[38;5;9m 0.000   [39m┆[38;5;9m 0.000   [39m┆[38;5;9m 0.000   [39m┆[38;5;10m 100.000  [39m┆[38;5;9m 0.000   [39m┆ 16.667  │
╰──────────┴─────────┴─────────┴──────────┴─────────┴─────────┴─────────┴─────────┴─────────┴──────────┴─────────┴─────────╯
6 left -> 2.5850 bits left

MB#10.0 E20
Dustin -> Isabelle
---
-> Pr[lights]: {0: 100.0%}
0 lights => I = -0.0000 bits
╭──────────┬─────────┬─────────┬──────────┬─────────┬─────────┬─────────┬─────────┬─────────┬──────────┬─────────┬─────────╮
│          ┆   Dana  ┆ Estelle ┆ Isabelle ┆ Jessica ┆ Joelina ┆ Kerstin ┆  Marie  ┆  Monami ┆ Raphaela ┆  Zaira  ┆ Desiree │
╞══════════╪═════════╪═════════╪══════════╪═════════╪═════════╪═════════╪═════════╪═════════╪══════════╪═════════╪═════════╡
│[48;5;0m Andre    [49m┆[48;5;0m[38;5;9m 0.000   [49m[39m┆[48;5;0m[38;5;9m 0.000   [49m[39m┆[48;5;0m[38;5;10m 100.000  [49m[39m┆[48;5;0m[38;5;9m 0.000   [49m[39m┆[48;5;0m[38;5;9m 0.000   [49m[39m┆[48;5;0m[38;5;9m 0.000   [49m[39m┆[48;5;0m[38;5;9m 0.000   [49m[39m┆[48;5;0m[38;5;9m 0.000   [49m[39m┆[48;5;0m[38;5;9m 0.000    [49m[39m┆[48;5;0m[38;5;9m 0.000   [49m[39m┆[48;5;0m[38;5;9m 0.000   [49m[39m│
│ Antonino ┆[38;5;10m 100.000 [39m┆[38;5;9m 0.000   [39m┆[38;5;9m 0.000    [39m┆[38;5;9m 0.000   [39m┆[38;5;9m 0.000   [39m┆[38;5;9m 0.000   [39m┆[38;5;9m 0.000   [39m┆[38;5;9m 0.000   [39m┆[38;5;9m 0.000    [39m┆[38;5;9m 0.000   [39m┆ 16.667  │
│[48;5;0m Dustin   [49m┆[48;5;0m[38;5;9m 0.000   [49m[39m┆[48;5;0m[38;5;9m 0.000   [49m[39m┆[48;5;0m[38;5;9m 0.000    [49m[39m┆[48;5;0m[38;5;9m 0.000   [49m[39m┆[48;5;0m[38;5;9m 0.000   [49m[39m┆[48;5;0m[38;5;9m 0.000   [49m[39m┆[48;5;0m[38;5;10m 100.000 [49m[39m┆[48;5;0m[38;5;9m 0.000   [49m[39m┆[48;5;0m[38;5;9m 0.000    [49m[39m┆[48;5;0m[38;5;9m 0.000   [49m[39m┆[48;5;0m 16.667  [49m│
│ Jordi    ┆[38;5;9m 0.000   [39m┆[38;5;10m 100.000 [39m┆[38;5;9m 0.000    [39m┆[38;5;9m 0.000   [39m┆[38;5;9m 0.000   [39m┆[38;5;9m 0.000   [39m┆[38;5;9m 0.000   [39m┆[38;5;9m 0.000   [39m┆[38;5;9m 0.000    [39m┆[38;5;9m 0.000   [39m┆[38;5;9m 0.000   [39m│
│[48;5;0m Leon     [49m┆[48;5;0m[38;5;9m 0.000   [49m[39m┆[48;5;0m[38;5;9m 0.000   [49m[39m┆[48;5;0m[38;5;9m 0.000    [49m[39m┆[48;5;0m[38;5;10m 100.000 [49m[39m┆[48;5;0m[38;5;9m 0.000   [49m[39m┆[48;5;0m[38;5;9m 0.000   [49m[39m┆[48;5;0m[38;5;9m 0.000   [49m[39m┆[48;5;0m[38;5;9m 0.000   [49m[39m┆[48;5;0m[38;5;9m 0.000    [49m[39m┆[48;5;0m[38;5;9m 0.000   [49m[39m┆[48;5;0m 16.667  [49m│
│ Marius   ┆[38;5;9m 0.000   [39m┆[38;5;9m 0.000   [39m┆[38;5;9m 0.000    [39m┆[38;5;9m 0.000   [39m┆[38;5;9m 0.000   [39m┆[38;5;9m 0.000   [39m┆[38;5;9m 0.000   [39m┆[38;5;9m 0.000   [39m┆[38;5;9m 0.000    [39m┆[38;5;10m 100.000 [39m┆[38;5;9m 0.000   [39m│
│[48;5;0m Max      [49m┆[48;5;0m[38;5;9m 0.000   [49m[39m┆[48;5;0m[38;5;9m 0.000   [49m[39m┆[48;5;0m[38;5;9m 0.000    [49m[39m┆[48;5;0m[38;5;9m 0.000   [49m[39m┆[48;5;0m[38;5;9m 0.000   [49m[39m┆[48;5;0m[38;5;9m 0.000   [49m[39m┆[48;5;0m[38;5;9m 0.000   [49m[39m┆[48;5;0m[38;5;10m 100.000 [49m[39m┆[48;5;0m[38;5;9m 0.000    [49m[39m┆[48;5;0m[38;5;9m 0.000   [49m[39m┆[48;5;0m 16.667  [49m│
│ Mike     ┆[38;5;9m 0.000   [39m┆[38;5;9m 0.000   [39m┆[38;5;9m 0.000    [39m┆[38;5;9m 0.000   [39m┆[38;5;10m 100.000 [39m┆[38;5;9m 0.000   [39m┆[38;5;9m 0.000   [39m┆[38;5;9m 0.000   [39m┆[38;5;9m 0.000    [39m┆[38;5;9m 0.000   [39m┆ 16.667  │
│[48;5;0m Tim      [49m┆[48;5;0m[38;5;9m 0.000   [49m[39m┆[48;5;0m[38;5;9m 0.000   [49m[39m┆[48;5;0m[38;5;9m 0.000    [49m[39m┆[48;5;0m[38;5;9m 0.000   [49m[39m┆[48;5;0m[38;5;9m 0.000   [49m[39m┆[48;5;0m[38;5;10m 100.000 [49m[39m┆[48;5;0m[38;5;9m 0.000   [49m[39m┆[48;5;0m[38;5;9m 0.000   [49m[39m┆[48;5;0m[38;5;9m 0.000    [49m[39m┆[48;5;0m[38;5;9m 0.000   [49m[39m┆[48;5;0m[38;5;9m 0.000   [49m[39m│
│ William  ┆[38;5;9m 0.000   [39m┆[38;5;9m 0.000   [39m┆[38;5;9m 0.000    [39m┆[38;5;9m 0.000   [39m┆[38;5;9m 0.000   [39m┆[38;5;9m 0.000   [39m┆[38;5;9m 0.000   [39m┆[38;5;9m 0.000   [39m┆[38;5;10m 100.000  [39m┆[38;5;9m 0.000   [39m┆ 16.667  │
╰──────────┴─────────┴─────────┴──────────┴─────────┴─────────┴─────────┴─────────┴─────────┴──────────┴─────────┴─────────╯
6 left -> 2.5850 bits left

MN#10.0 E20
3x Antonino -> Dana
5x Mike -> Joelina
2x Max -> Monami
4x Marius -> Zaira
6x Leon -> Jessica
2x Tim -> Kerstin
0x Dustin -> Marie
1x Andre -> Isabelle
1x Jordi -> Estelle
4x William -> Raphaela
---
-> Pr[lights]: {10: 100.0%}
->  E[lights]: 10.000
10 lights => I = -0.0000 bits
╭──────────┬─────────┬─────────┬──────────┬─────────┬─────────┬─────────┬─────────┬─────────┬──────────┬─────────┬─────────╮
│          ┆   Dana  ┆ Estelle ┆ Isabelle ┆ Jessica ┆ Joelina ┆ Kerstin ┆  Marie  ┆  Monami ┆ Raphaela ┆  Zaira  ┆ Desiree │
╞══════════╪═════════╪═════════╪══════════╪═════════╪═════════╪═════════╪═════════╪═════════╪══════════╪═════════╪═════════╡
│[48;5;0m Andre    [49m┆[48;5;0m[38;5;9m 0.000   [49m[39m┆[48;5;0m[38;5;9m 0.000   [49m[39m┆[48;5;0m[38;5;10m 100.000  [49m[39m┆[48;5;0m[38;5;9m 0.000   [49m[39m┆[48;5;0m[38;5;9m 0.000   [49m[39m┆[48;5;0m[38;5;9m 0.000   [49m[39m┆[48;5;0m[38;5;9m 0.000   [49m[39m┆[48;5;0m[38;5;9m 0.000   [49m[39m┆[48;5;0m[38;5;9m 0.000    [49m[39m┆[48;5;0m[38;5;9m 0.000   [49m[39m┆[48;5;0m[38;5;9m 0.000   [49m[39m│
│ Antonino ┆[38;5;10m 100.000 [39m┆[38;5;9m 0.000   [39m┆[38;5;9m 0.000    [39m┆[38;5;9m 0.000   [39m┆[38;5;9m 0.000   [39m┆[38;5;9m 0.000   [39m┆[38;5;9m 0.000   [39m┆[38;5;9m 0.000   [39m┆[38;5;9m 0.000    [39m┆[38;5;9m 0.000   [39m┆ 16.667  │
│[48;5;0m Dustin   [49m┆[48;5;0m[38;5;9m 0.000   [49m[39m┆[48;5;0m[38;5;9m 0.000   [49m[39m┆[48;5;0m[38;5;9m 0.000    [49m[39m┆[48;5;0m[38;5;9m 0.000   [49m[39m┆[48;5;0m[38;5;9m 0.000   [49m[39m┆[48;5;0m[38;5;9m 0.000   [49m[39m┆[48;5;0m[38;5;10m 100.000 [49m[39m┆[48;5;0m[38;5;9m 0.000   [49m[39m┆[48;5;0m[38;5;9m 0.000    [49m[39m┆[48;5;0m[38;5;9m 0.000   [49m[39m┆[48;5;0m 16.667  [49m│
│ Jordi    ┆[38;5;9m 0.000   [39m┆[38;5;10m 100.000 [39m┆[38;5;9m 0.000    [39m┆[38;5;9m 0.000   [39m┆[38;5;9m 0.000   [39m┆[38;5;9m 0.000   [39m┆[38;5;9m 0.000   [39m┆[38;5;9m 0.000   [39m┆[38;5;9m 0.000    [39m┆[38;5;9m 0.000   [39m┆[38;5;9m 0.000   [39m│
│[48;5;0m Leon     [49m┆[48;5;0m[38;5;9m 0.000   [49m[39m┆[48;5;0m[38;5;9m 0.000   [49m[39m┆[48;5;0m[38;5;9m 0.000    [49m[39m┆[48;5;0m[38;5;10m 100.000 [49m[39m┆[48;5;0m[38;5;9m 0.000   [49m[39m┆[48;5;0m[38;5;9m 0.000   [49m[39m┆[48;5;0m[38;5;9m 0.000   [49m[39m┆[48;5;0m[38;5;9m 0.000   [49m[39m┆[48;5;0m[38;5;9m 0.000    [49m[39m┆[48;5;0m[38;5;9m 0.000   [49m[39m┆[48;5;0m 16.667  [49m│
│ Marius   ┆[38;5;9m 0.000   [39m┆[38;5;9m 0.000   [39m┆[38;5;9m 0.000    [39m┆[38;5;9m 0.000   [39m┆[38;5;9m 0.000   [39m┆[38;5;9m 0.000   [39m┆[38;5;9m 0.000   [39m┆[38;5;9m 0.000   [39m┆[38;5;9m 0.000    [39m┆[38;5;10m 100.000 [39m┆[38;5;9m 0.000   [39m│
│[48;5;0m Max      [49m┆[48;5;0m[38;5;9m 0.000   [49m[39m┆[48;5;0m[38;5;9m 0.000   [49m[39m┆[48;5;0m[38;5;9m 0.000    [49m[39m┆[48;5;0m[38;5;9m 0.000   [49m[39m┆[48;5;0m[38;5;9m 0.000   [49m[39m┆[48;5;0m[38;5;9m 0.000   [49m[39m┆[48;5;0m[38;5;9m 0.000   [49m[39m┆[48;5;0m[38;5;10m 100.000 [49m[39m┆[48;5;0m[38;5;9m 0.000    [49m[39m┆[48;5;0m[38;5;9m 0.000   [49m[39m┆[48;5;0m 16.667  [49m│
│ Mike     ┆[38;5;9m 0.000   [39m┆[38;5;9m 0.000   [39m┆[38;5;9m 0.000    [39m┆[38;5;9m 0.000   [39m┆[38;5;10m 100.000 [39m┆[38;5;9m 0.000   [39m┆[38;5;9m 0.000   [39m┆[38;5;9m 0.000   [39m┆[38;5;9m 0.000    [39m┆[38;5;9m 0.000   [39m┆ 16.667  │
│[48;5;0m Tim      [49m┆[48;5;0m[38;5;9m 0.000   [49m[39m┆[48;5;0m[38;5;9m 0.000   [49m[39m┆[48;5;0m[38;5;9m 0.000    [49m[39m┆[48;5;0m[38;5;9m 0.000   [49m[39m┆[48;5;0m[38;5;9m 0.000   [49m[39m┆[48;5;0m[38;5;10m 100.000 [49m[39m┆[48;5;0m[38;5;9m 0.000   [49m[39m┆[48;5;0m[38;5;9m 0.000   [49m[39m┆[48;5;0m[38;5;9m 0.000    [49m[39m┆[48;5;0m[38;5;9m 0.000   [49m[39m┆[48;5;0m[38;5;9m 0.000   [49m[39m│
│ William  ┆[38;5;9m 0.000   [39m┆[38;5;9m 0.000   [39m┆[38;5;9m 0.000    [39m┆[38;5;9m 0.000   [39m┆[38;5;9m 0.000   [39m┆[38;5;9m 0.000   [39m┆[38;5;9m 0.000   [39m┆[38;5;9m 0.000   [39m┆[38;5;10m 100.000  [39m┆[38;5;9m 0.000   [39m┆ 16.667  │
╰──────────┴─────────┴─────────┴──────────┴─────────┴─────────┴─────────┴─────────┴─────────┴──────────┴─────────┴─────────╯
6 left -> 2.5850 bits left

MN#11.0 reunion
1x Dustin -> Marie
6x Mike -> Joelina
5x Marius -> Zaira
2x Andre -> Isabelle
0x William -> Desiree
3x Max -> Monami
4x Antonino -> Dana
2x Jordi -> Estelle
3x Tim -> Kerstin
7x Leon -> Jessica
---
-> Pr[lights]: {9: 83.3%, 10: 16.7%}
->  E[lights]: 9.167
10 lights => I = 2.5850 bits
╭──────────┬─────────┬─────────┬──────────┬─────────┬─────────┬─────────┬─────────┬─────────┬──────────┬─────────┬─────────╮
│          ┆   Dana  ┆ Estelle ┆ Isabelle ┆ Jessica ┆ Joelina ┆ Kerstin ┆  Marie  ┆  Monami ┆ Raphaela ┆  Zaira  ┆ Desiree │
╞══════════╪═════════╪═════════╪══════════╪═════════╪═════════╪═════════╪═════════╪═════════╪══════════╪═════════╪═════════╡
│[48;5;0m Andre    [49m┆[48;5;0m[38;5;9m 0.000   [49m[39m┆[48;5;0m[38;5;9m 0.000   [49m[39m┆[48;5;0m[38;5;10m 100.000  [49m[39m┆[48;5;0m[38;5;9m 0.000   [49m[39m┆[48;5;0m[38;5;9m 0.000   [49m[39m┆[48;5;0m[38;5;9m 0.000   [49m[39m┆[48;5;0m[38;5;9m 0.000   [49m[39m┆[48;5;0m[38;5;9m 0.000   [49m[39m┆[48;5;0m[38;5;9m 0.000    [49m[39m┆[48;5;0m[38;5;9m 0.000   [49m[39m┆[48;5;0m[38;5;9m 0.000   [49m[39m│
│ Antonino ┆[38;5;10m 100.000 [39m┆[38;5;9m 0.000   [39m┆[38;5;9m 0.000    [39m┆[38;5;9m 0.000   [39m┆[38;5;9m 0.000   [39m┆[38;5;9m 0.000   [39m┆[38;5;9m 0.000   [39m┆[38;5;9m 0.000   [39m┆[38;5;9m 0.000    [39m┆[38;5;9m 0.000   [39m┆[38;5;9m 0.000   [39m│
│[48;5;0m Dustin   [49m┆[48;5;0m[38;5;9m 0.000   [49m[39m┆[48;5;0m[38;5;9m 0.000   [49m[39m┆[48;5;0m[38;5;9m 0.000    [49m[39m┆[48;5;0m[38;5;9m 0.000   [49m[39m┆[48;5;0m[38;5;9m 0.000   [49m[39m┆[48;5;0m[38;5;9m 0.000   [49m[39m┆[48;5;0m[38;5;10m 100.000 [49m[39m┆[48;5;0m[38;5;9m 0.000   [49m[39m┆[48;5;0m[38;5;9m 0.000    [49m[39m┆[48;5;0m[38;5;9m 0.000   [49m[39m┆[48;5;0m[38;5;9m 0.000   [49m[39m│
│ Jordi    ┆[38;5;9m 0.000   [39m┆[38;5;10m 100.000 [39m┆[38;5;9m 0.000    [39m┆[38;5;9m 0.000   [39m┆[38;5;9m 0.000   [39m┆[38;5;9m 0.000   [39m┆[38;5;9m 0.000   [39m┆[38;5;9m 0.000   [39m┆[38;5;9m 0.000    [39m┆[38;5;9m 0.000   [39m┆[38;5;9m 0.000   [39m│
│[48;5;0m Leon     [49m┆[48;5;0m[38;5;9m 0.000   [49m[39m┆[48;5;0m[38;5;9m 0.000   [49m[39m┆[48;5;0m[38;5;9m 0.000    [49m[39m┆[48;5;0m[38;5;10m 100.000 [49m[39m┆[48;5;0m[38;5;9m 0.000   [49m[39m┆[48;5;0m[38;5;9m 0.000   [49m[39m┆[48;5;0m[38;5;9m 0.000   [49m[39m┆[48;5;0m[38;5;9m 0.000   [49m[39m┆[48;5;0m[38;5;9m 0.000    [49m[39m┆[48;5;0m[38;5;9m 0.000   [49m[39m┆[48;5;0m[38;5;9m 0.000   [49m[39m│
│ Marius   ┆[38;5;9m 0.000   [39m┆[38;5;9m 0.000   [39m┆[38;5;9m 0.000    [39m┆[38;5;9m 0.000   [39m┆[38;5;9m 0.000   [39m┆[38;5;9m 0.000   [39m┆[38;5;9m 0.000   [39m┆[38;5;9m 0.000   [39m┆[38;5;9m 0.000    [39m┆[38;5;10m 100.000 [39m┆[38;5;9m 0.000   [39m│
│[48;5;0m Max      [49m┆[48;5;0m[38;5;9m 0.000   [49m[39m┆[48;5;0m[38;5;9m 0.000   [49m[39m┆[48;5;0m[38;5;9m 0.000    [49m[39m┆[48;5;0m[38;5;9m 0.000   [49m[39m┆[48;5;0m[38;5;9m 0.000   [49m[39m┆[48;5;0m[38;5;9m 0.000   [49m[39m┆[48;5;0m[38;5;9m 0.000   [49m[39m┆[48;5;0m[38;5;10m 100.000 [49m[39m┆[48;5;0m[38;5;9m 0.000    [49m[39m┆[48;5;0m[38;5;9m 0.000   [49m[39m┆[48;5;0m[38;5;9m 0.000   [49m[39m│
│ Mike     ┆[38;5;9m 0.000   [39m┆[38;5;9m 0.000   [39m┆[38;5;9m 0.000    [39m┆[38;5;9m 0.000   [39m┆[38;5;10m 100.000 [39m┆[38;5;9m 0.000   [39m┆[38;5;9m 0.000   [39m┆[38;5;9m 0.000   [39m┆[38;5;9m 0.000    [39m┆[38;5;9m 0.000   [39m┆[38;5;9m 0.000   [39m│
│[48;5;0m Tim      [49m┆[48;5;0m[38;5;9m 0.000   [49m[39m┆[48;5;0m[38;5;9m 0.000   [49m[39m┆[48;5;0m[38;5;9m 0.000    [49m[39m┆[48;5;0m[38;5;9m 0.000   [49m[39m┆[48;5;0m[38;5;9m 0.000   [49m[39m┆[48;5;0m[38;5;10m 100.000 [49m[39m┆[48;5;0m[38;5;9m 0.000   [49m[39m┆[48;5;0m[38;5;9m 0.000   [49m[39m┆[48;5;0m[38;5;9m 0.000    [49m[39m┆[48;5;0m[38;5;9m 0.000   [49m[39m┆[48;5;0m[38;5;9m 0.000   [49m[39m│
│ William  ┆[38;5;9m 0.000   [39m┆[38;5;9m 0.000   [39m┆[38;5;9m 0.000    [39m┆[38;5;9m 0.000   [39m┆[38;5;9m 0.000   [39m┆[38;5;9m 0.000   [39m┆[38;5;9m 0.000   [39m┆[38;5;9m 0.000   [39m┆[38;5;10m 100.000  [39m┆[38;5;9m 0.000   [39m┆[38;5;10m 100.000 [39m│
╰──────────┴─────────┴─────────┴──────────┴─────────┴─────────┴─────────┴─────────┴─────────┴──────────┴─────────┴─────────╯
1 left -> 0.0000 bits left

╭─────────┬────┬───────────┬───────────┬───────────┬───────────┬──────────┬───────────┬───────────┬──────────┬──────────┬───────────┬───┬─────────┬──────┬──────────╮
│         ┆  L ┆   Andre   ┆  Antonino ┆   Dustin  ┆   Jordi   ┆   Leon   ┆   Marius  ┆    Max    ┆   Mike   ┆    Tim   ┆  William  ┆   ┆    I    ┆ #new ┆ min dist │
╞═════════╪════╪═══════════╪═══════════╪═══════════╪═══════════╪══════════╪═══════════╪═══════════╪══════════╪══════════╪═══════════╪═══╪═════════╪══════╪══════════╡
│ MB#1.0  ┆ 0  ┆           ┆           ┆           ┆           ┆          ┆           ┆           ┆ Jessica  ┆          ┆           ┆   ┆ 0.1520  ┆      ┆          │
│ MN#1.0  ┆ 3  ┆ Raphaela* ┆ Monami*   ┆ Zaira*    ┆ Estelle*  ┆ Jessica* ┆ Isabelle* ┆ Kerstin*  ┆ Joelina* ┆ Marie*   ┆ Dana*     ┆   ┆ 3.9926  ┆ 10   ┆          │
│ MB#2.0  ┆ 0  ┆           ┆           ┆           ┆           ┆ Monami   ┆           ┆           ┆          ┆          ┆           ┆   ┆ 0.1129  ┆      ┆          │
│ MN#2.0  ┆ 2  ┆ Dana*     ┆ Monami    ┆ Isabelle* ┆ Zaira*    ┆ Estelle* ┆ Marie*    ┆ Kerstin   ┆ Joelina  ┆ Jessica* ┆ Raphaela* ┆   ┆ 1.9033  ┆ 7    ┆ 7/MN#1   │
│ MB#3.0  ┆ 0  ┆ Raphaela  ┆           ┆           ┆           ┆          ┆           ┆           ┆          ┆          ┆           ┆   ┆ 0.4008  ┆      ┆          │
│ MN#3.0  ┆ 2  ┆ Raphaela  ┆ Kerstin*  ┆ Zaira     ┆ Jessica*  ┆ Estelle  ┆ Isabelle  ┆ Monami*   ┆ Joelina  ┆ Marie    ┆ Dana      ┆   ┆ 1.6590  ┆ 3    ┆ 4/MN#1   │
│ MB#4.0  ┆ -  ┆           ┆           ┆           ┆           ┆          ┆           ┆           ┆          ┆          ┆ Dana      ┆   ┆ -0.0000 ┆      ┆          │
│ MN#4.0  ┆ 3  ┆ Isabelle* ┆ Monami    ┆ Zaira     ┆ Raphaela* ┆ Estelle  ┆ Jessica*  ┆ Marie*    ┆ Joelina  ┆ Kerstin* ┆ Dana      ┆   ┆ 2.1724  ┆ 5    ┆ 6/MN#1   │
│ MB#5.0  ┆ 0  ┆           ┆ Monami    ┆           ┆           ┆          ┆           ┆           ┆          ┆          ┆           ┆   ┆ 1.2536  ┆      ┆          │
│ MN#5.0  ┆ 2  ┆ Joelina*  ┆ Kerstin   ┆ Isabelle  ┆ Zaira     ┆ Jessica  ┆ Raphaela* ┆ Monami    ┆ Estelle* ┆ Desiree* ┆ Dana      ┆   ┆ 2.5567  ┆ 4    ┆ 7/MN#3   │
│ MB#6.0  ┆ 0  ┆           ┆           ┆           ┆           ┆          ┆           ┆ Jessica   ┆          ┆          ┆           ┆   ┆ 0.0496  ┆      ┆          │
│ MN#6.0  ┆ 4  ┆ Marie*    ┆ Dana*     ┆ Isabelle  ┆ Desiree*  ┆ Jessica  ┆ Zaira*    ┆ Kerstin   ┆ Estelle  ┆ Joelina* ┆ Raphaela  ┆   ┆ 6.6124  ┆ 5    ┆ 7/MN#2   │
│ MB#7.0  ┆ 1  ┆           ┆           ┆           ┆           ┆          ┆ Zaira     ┆           ┆          ┆          ┆           ┆   ┆ 0.9260  ┆      ┆          │
│ MN#7.0  ┆ 6  ┆ Desiree*  ┆ Dana      ┆ Isabelle  ┆ Monami*   ┆ Jessica  ┆ Zaira     ┆ Marie     ┆ Joelina  ┆ Kerstin  ┆ Raphaela  ┆   ┆ 0.7370  ┆ 2    ┆ 5/MN#6   │
│ MB#8.0  ┆ 0  ┆           ┆           ┆           ┆ Raphaela  ┆          ┆           ┆           ┆          ┆          ┆           ┆   ┆ -0.0000 ┆      ┆          │
│ MN#8.0  ┆ 4  ┆ Marie     ┆ Dana      ┆ Isabelle  ┆ Monami    ┆ Jessica  ┆ Zaira     ┆ Kerstin   ┆ Estelle  ┆ Joelina  ┆ Raphaela  ┆   ┆ -0.0000 ┆ 0    ┆ 1/MN#6   │
│ MB#9.0  ┆ 0  ┆           ┆           ┆           ┆           ┆          ┆           ┆ Kerstin   ┆          ┆          ┆           ┆   ┆ -0.0000 ┆      ┆          │
│ MN#9.0  ┆ 2  ┆ Desiree   ┆ Isabelle* ┆ Dana*     ┆ Monami    ┆ Jessica  ┆ Zaira     ┆ Raphaela* ┆ Estelle  ┆ Joelina  ┆ Marie*    ┆   ┆ -0.0000 ┆ 4    ┆ 5/MN#8   │
│ MB#10.0 ┆ 0  ┆           ┆           ┆ Isabelle  ┆           ┆          ┆           ┆           ┆          ┆          ┆           ┆   ┆ -0.0000 ┆      ┆          │
│ MN#10.0 ┆ 10 ┆ Isabelle  ┆ Dana      ┆ Marie*    ┆ Estelle   ┆ Jessica  ┆ Zaira     ┆ Monami    ┆ Joelina  ┆ Kerstin  ┆ Raphaela  ┆   ┆ -0.0000 ┆ 1    ┆ 4/MN#7   │
│ MN#11.0 ┆ 10 ┆ Isabelle  ┆ Dana      ┆ Marie     ┆ Estelle   ┆ Jessica  ┆ Zaira     ┆ Monami    ┆ Joelina  ┆ Kerstin  ┆ Desiree*  ┆   ┆ 2.5850  ┆ 1    ┆ 1/MN#10  │
╰─────────┴────┴───────────┴───────────┴───────────┴───────────┴──────────┴───────────┴───────────┴──────────┴──────────┴───────────┴───┴─────────┴──────┴──────────╯
Total permutations: 36288000  Permutations left: 1  Initial combinations for each pair: 3628800

Ran in 9.95s
