╭──────────────┬──────┬─────────┬────────┬───────┬─────┬────────┬───────┬───────┬────────┬────────┬──────╮
│              ┆[48;2;74;68;89m Anna [49m┆[48;2;74;68;89m Camelia [49m┆[48;2;74;68;89m Chiara [49m┆[48;2;74;68;89m Deisy [49m┆[48;2;74;68;89m Ina [49m┆[48;2;74;68;89m Joanna [49m┆[48;2;74;68;89m Nadja [49m┆[48;2;74;68;89m Nasti [49m┆[48;2;74;68;89m Selina [49m┆[48;2;74;68;89m Sophia [49m┆[48;2;74;68;89m Tori [49m│
╞══════════════╪══════╪═════════╪════════╪═══════╪═════╪════════╪═══════╪═══════╪════════╪════════╪══════╡
│[48;2;69;76;102m Danish       [49m┆[48;2;65;77;71m 10   [49m┆[48;2;65;77;71m 10      [49m┆[48;2;65;77;71m 10     [49m┆[48;2;65;77;71m 10    [49m┆[48;2;65;77;71m 10  [49m┆[48;2;65;77;71m 10     [49m┆[48;2;65;77;71m 10    [49m┆[48;2;65;77;71m 10    [49m┆[48;2;65;77;71m 10     [49m┆[48;2;65;77;71m 10     [49m┆[48;2;65;77;71m 10   [49m│
│[48;2;69;76;102m Dino         [49m┆[48;2;65;77;71m 10   [49m┆[48;2;65;77;71m 10      [49m┆[48;2;65;77;71m 10     [49m┆[48;2;65;77;71m 10    [49m┆[48;2;65;77;71m 10  [49m┆[48;2;65;77;71m 10     [49m┆[48;2;65;77;71m 10    [49m┆[48;2;65;77;71m 10    [49m┆[48;2;65;77;71m 10     [49m┆[48;2;65;77;71m 10     [49m┆[48;2;65;77;71m 10   [49m│
│[48;2;69;76;102m Dion         [49m┆[48;2;65;77;71m 10   [49m┆[48;2;65;77;71m 10      [49m┆[48;2;65;77;71m 10     [49m┆[48;2;65;77;71m 10    [49m┆[48;2;65;77;71m 10  [49m┆[48;2;65;77;71m 10     [49m┆[48;2;65;77;71m 10    [49m┆[48;2;65;77;71m 10    [49m┆[48;2;65;77;71m 10     [49m┆[48;2;65;77;71m 10     [49m┆[48;2;65;77;71m 10   [49m│
│[48;2;69;76;102m Enes         [49m┆[48;2;65;77;71m 10   [49m┆[48;2;65;77;71m 10      [49m┆[48;2;65;77;71m 10     [49m┆[48;2;65;77;71m 10    [49m┆[48;2;65;77;71m 10  [49m┆[48;2;65;77;71m 10     [49m┆[48;2;65;77;71m 10    [49m┆[48;2;65;77;71m 10    [49m┆[48;2;65;77;71m 10     [49m┆[48;2;65;77;71m 10     [49m┆[48;2;65;77;71m 10   [49m│
│[48;2;69;76;102m Josh/Monacco [49m┆[48;2;65;77;71m 10   [49m┆[48;2;65;77;71m 10      [49m┆[48;2;65;77;71m 10     [49m┆[48;2;65;77;71m 10    [49m┆[48;2;65;77;71m 10  [49m┆[48;2;65;77;71m 10     [49m┆[48;2;65;77;71m 10    [49m┆[48;2;65;77;71m 10    [49m┆[48;2;65;77;71m 10     [49m┆[48;2;65;77;71m 10     [49m┆[48;2;65;77;71m 10   [49m│
│[48;2;69;76;102m Joshi-Josh   [49m┆[48;2;65;77;71m 10   [49m┆[48;2;65;77;71m 10      [49m┆[48;2;65;77;71m 10     [49m┆[48;2;65;77;71m 10    [49m┆[48;2;65;77;71m 10  [49m┆[48;2;65;77;71m 10     [49m┆[48;2;65;77;71m 10    [49m┆[48;2;65;77;71m 10    [49m┆[48;2;65;77;71m 10     [49m┆[48;2;65;77;71m 10     [49m┆[48;2;65;77;71m 10   [49m│
│[48;2;69;76;102m Kaan         [49m┆[48;2;65;77;71m 10   [49m┆[48;2;65;77;71m 10      [49m┆[48;2;65;77;71m 10     [49m┆[48;2;65;77;71m 10    [49m┆[48;2;65;77;71m 10  [49m┆[48;2;65;77;71m 10     [49m┆[48;2;65;77;71m 10    [49m┆[48;2;65;77;71m 10    [49m┆[48;2;65;77;71m 10     [49m┆[48;2;65;77;71m 10     [49m┆[48;2;65;77;71m 10   [49m│
│[48;2;69;76;102m Levin        [49m┆[48;2;65;77;71m 10   [49m┆[48;2;65;77;71m 10      [49m┆[48;2;65;77;71m 10     [49m┆[48;2;65;77;71m 10    [49m┆[48;2;65;77;71m 10  [49m┆[48;2;65;77;71m 10     [49m┆[48;2;65;77;71m 10    [49m┆[48;2;65;77;71m 10    [49m┆[48;2;65;77;71m 10     [49m┆[48;2;65;77;71m 10     [49m┆[48;2;65;77;71m 10   [49m│
│[48;2;69;76;102m Sinan        [49m┆[48;2;65;77;71m 10   [49m┆[48;2;65;77;71m 10      [49m┆[48;2;65;77;71m 10     [49m┆[48;2;65;77;71m 10    [49m┆[48;2;65;77;71m 10  [49m┆[48;2;65;77;71m 10     [49m┆[48;2;65;77;71m 10    [49m┆[48;2;65;77;71m 10    [49m┆[48;2;65;77;71m 10     [49m┆[48;2;65;77;71m 10     [49m┆[48;2;65;77;71m 10   [49m│
│[48;2;69;76;102m Tano         [49m┆[48;2;65;77;71m 10   [49m┆[48;2;65;77;71m 10      [49m┆[48;2;65;77;71m 10     [49m┆[48;2;65;77;71m 10    [49m┆[48;2;65;77;71m 10  [49m┆[48;2;65;77;71m 10     [49m┆[48;2;65;77;71m 10    [49m┆[48;2;65;77;71m 10    [49m┆[48;2;65;77;71m 10     [49m┆[48;2;65;77;71m 10     [49m┆[48;2;65;77;71m 10   [49m│
╰──────────────┴──────┴─────────┴────────┴───────┴─────┴────────┴───────┴───────┴────────┴────────┴──────╯
199584000 left -> 27.5724 bits left

MB#1.0 E03
Josh/Monacco → Anna 
---
-> I[l]/bits: {0: 0.15, 1: 3.32}
-> E[I]/bits: 0.47
0 lights => I = 0.152 bits
╭──────────────┬────────┬─────────┬────────┬────────┬────────┬────────┬────────┬────────┬────────┬────────┬────────╮
│              ┆[48;2;74;68;89m  Anna  [49m┆[48;2;74;68;89m Camelia [49m┆[48;2;74;68;89m Chiara [49m┆[48;2;74;68;89m  Deisy [49m┆[48;2;74;68;89m   Ina  [49m┆[48;2;74;68;89m Joanna [49m┆[48;2;74;68;89m  Nadja [49m┆[48;2;74;68;89m  Nasti [49m┆[48;2;74;68;89m Selina [49m┆[48;2;74;68;89m Sophia [49m┆[48;2;74;68;89m  Tori  [49m│
╞══════════════╪════════╪═════════╪════════╪════════╪════════╪════════╪════════╪════════╪════════╪════════╪════════╡
│[48;2;69;76;102m Danish       [49m┆[48;2;65;77;71m 11.111 [49m┆[48;2;41;44;60m  9.899  [49m┆[48;2;41;44;60m  9.899 [49m┆[48;2;41;44;60m  9.899 [49m┆[48;2;41;44;60m  9.899 [49m┆[48;2;41;44;60m  9.899 [49m┆[48;2;41;44;60m  9.899 [49m┆[48;2;41;44;60m  9.899 [49m┆[48;2;41;44;60m  9.899 [49m┆[48;2;41;44;60m  9.899 [49m┆[48;2;41;44;60m  9.899 [49m│
│[48;2;69;76;102m Dino         [49m┆[48;2;65;77;71m 11.111 [49m┆  9.899  ┆  9.899 ┆  9.899 ┆  9.899 ┆  9.899 ┆  9.899 ┆  9.899 ┆  9.899 ┆  9.899 ┆  9.899 │
│[48;2;69;76;102m Dion         [49m┆[48;2;65;77;71m 11.111 [49m┆[48;2;41;44;60m  9.899  [49m┆[48;2;41;44;60m  9.899 [49m┆[48;2;41;44;60m  9.899 [49m┆[48;2;41;44;60m  9.899 [49m┆[48;2;41;44;60m  9.899 [49m┆[48;2;41;44;60m  9.899 [49m┆[48;2;41;44;60m  9.899 [49m┆[48;2;41;44;60m  9.899 [49m┆[48;2;41;44;60m  9.899 [49m┆[48;2;41;44;60m  9.899 [49m│
│[48;2;69;76;102m Enes         [49m┆[48;2;65;77;71m 11.111 [49m┆  9.899  ┆  9.899 ┆  9.899 ┆  9.899 ┆  9.899 ┆  9.899 ┆  9.899 ┆  9.899 ┆  9.899 ┆  9.899 │
│[48;2;69;76;102m Josh/Monacco [49m┆[48;2;41;44;60m[38;5;9m  0     [49m[39m┆[48;2;65;77;71m 10.909  [49m┆[48;2;65;77;71m 10.909 [49m┆[48;2;65;77;71m 10.909 [49m┆[48;2;65;77;71m 10.909 [49m┆[48;2;65;77;71m 10.909 [49m┆[48;2;65;77;71m 10.909 [49m┆[48;2;65;77;71m 10.909 [49m┆[48;2;65;77;71m 10.909 [49m┆[48;2;65;77;71m 10.909 [49m┆[48;2;65;77;71m 10.909 [49m│
│[48;2;69;76;102m Joshi-Josh   [49m┆[48;2;65;77;71m 11.111 [49m┆  9.899  ┆  9.899 ┆  9.899 ┆  9.899 ┆  9.899 ┆  9.899 ┆  9.899 ┆  9.899 ┆  9.899 ┆  9.899 │
│[48;2;69;76;102m Kaan         [49m┆[48;2;65;77;71m 11.111 [49m┆[48;2;41;44;60m  9.899  [49m┆[48;2;41;44;60m  9.899 [49m┆[48;2;41;44;60m  9.899 [49m┆[48;2;41;44;60m  9.899 [49m┆[48;2;41;44;60m  9.899 [49m┆[48;2;41;44;60m  9.899 [49m┆[48;2;41;44;60m  9.899 [49m┆[48;2;41;44;60m  9.899 [49m┆[48;2;41;44;60m  9.899 [49m┆[48;2;41;44;60m  9.899 [49m│
│[48;2;69;76;102m Levin        [49m┆[48;2;65;77;71m 11.111 [49m┆  9.899  ┆  9.899 ┆  9.899 ┆  9.899 ┆  9.899 ┆  9.899 ┆  9.899 ┆  9.899 ┆  9.899 ┆  9.899 │
│[48;2;69;76;102m Sinan        [49m┆[48;2;65;77;71m 11.111 [49m┆[48;2;41;44;60m  9.899  [49m┆[48;2;41;44;60m  9.899 [49m┆[48;2;41;44;60m  9.899 [49m┆[48;2;41;44;60m  9.899 [49m┆[48;2;41;44;60m  9.899 [49m┆[48;2;41;44;60m  9.899 [49m┆[48;2;41;44;60m  9.899 [49m┆[48;2;41;44;60m  9.899 [49m┆[48;2;41;44;60m  9.899 [49m┆[48;2;41;44;60m  9.899 [49m│
│[48;2;69;76;102m Tano         [49m┆[48;2;65;77;71m 11.111 [49m┆  9.899  ┆  9.899 ┆  9.899 ┆  9.899 ┆  9.899 ┆  9.899 ┆  9.899 ┆  9.899 ┆  9.899 ┆  9.899 │
╰──────────────┴────────┴─────────┴────────┴────────┴────────┴────────┴────────┴────────┴────────┴────────┴────────╯
179625600 left -> 27.4204 bits left

MN#1.0 E04
0x Danish       → Sophia  
0x Levin        → Camelia 
0x Enes         → Anna    
0x Sinan        → Ina     
0x Kaan         → Joanna  
0x Joshi-Josh   → Selina  
0x Tano         → Chiara  
0x Dino         → Deisy   
0x Dion         → Tori    
0x Josh/Monacco → Nadja   
---
-> I[l]/bits: {0: 1.47, 1: 1.43, 2: 2.41, 3: 4.01, 4: 6.04, 5: 8.43, 6: 11.12, 7: 14.09, 8: 17.26, 9: 20.94, 10: 24.10}
-> E[I]/bits: 1.89
2 lights => I = 2.4119 bits
╭──────────────┬────────┬─────────┬────────┬────────┬────────┬────────┬────────┬────────┬────────┬────────┬────────╮
│              ┆[48;2;74;68;89m  Anna  [49m┆[48;2;74;68;89m Camelia [49m┆[48;2;74;68;89m Chiara [49m┆[48;2;74;68;89m  Deisy [49m┆[48;2;74;68;89m   Ina  [49m┆[48;2;74;68;89m Joanna [49m┆[48;2;74;68;89m  Nadja [49m┆[48;2;74;68;89m  Nasti [49m┆[48;2;74;68;89m Selina [49m┆[48;2;74;68;89m Sophia [49m┆[48;2;74;68;89m  Tori  [49m│
╞══════════════╪════════╪═════════╪════════╪════════╪════════╪════════╪════════╪════════╪════════╪════════╪════════╡
│[48;2;69;76;102m Danish       [49m┆[48;2;41;44;60m  9.756 [49m┆[48;2;41;44;60m  8.872  [49m┆[48;2;41;44;60m  8.872 [49m┆[48;2;41;44;60m  8.872 [49m┆[48;2;41;44;60m  8.872 [49m┆[48;2;41;44;60m  8.872 [49m┆[48;2;41;44;60m  8.73  [49m┆[48;2;41;44;60m  9.925 [49m┆[48;2;41;44;60m  8.872 [49m┆[48;2;65;77;71m 19.562 [49m┆[48;2;41;44;60m  8.872 [49m│
│[48;2;69;76;102m Dino         [49m┆  9.756 ┆  8.872  ┆  8.872 ┆[48;2;65;77;71m 19.562 [49m┆  8.872 ┆  8.872 ┆  8.73  ┆  9.925 ┆  8.872 ┆  8.872 ┆  8.872 │
│[48;2;69;76;102m Dion         [49m┆[48;2;41;44;60m  9.756 [49m┆[48;2;41;44;60m  8.872  [49m┆[48;2;41;44;60m  8.872 [49m┆[48;2;41;44;60m  8.872 [49m┆[48;2;41;44;60m  8.872 [49m┆[48;2;41;44;60m  8.872 [49m┆[48;2;41;44;60m  8.73  [49m┆[48;2;41;44;60m  9.925 [49m┆[48;2;41;44;60m  8.872 [49m┆[48;2;41;44;60m  8.872 [49m┆[48;2;65;77;71m 19.562 [49m│
│[48;2;69;76;102m Enes         [49m┆[48;2;65;77;71m 21.951 [49m┆  8.73   ┆  8.73  ┆  8.73  ┆  8.73  ┆  8.73  ┆  8.602 ┆  9.8   ┆  8.73  ┆  8.73  ┆  8.73  │
│[48;2;69;76;102m Josh/Monacco [49m┆[48;2;41;44;60m[38;5;9m  0     [49m[39m┆[48;2;41;44;60m  9.605  [49m┆[48;2;41;44;60m  9.605 [49m┆[48;2;41;44;60m  9.605 [49m┆[48;2;41;44;60m  9.605 [49m┆[48;2;41;44;60m  9.605 [49m┆[48;2;65;77;71m 21.556 [49m┆[48;2;74;68;89m 10.8   [49m┆[48;2;41;44;60m  9.605 [49m┆[48;2;41;44;60m  9.605 [49m┆[48;2;41;44;60m  9.605 [49m│
│[48;2;69;76;102m Joshi-Josh   [49m┆  9.756 ┆  8.872  ┆  8.872 ┆  8.872 ┆  8.872 ┆  8.872 ┆  8.73  ┆  9.925 ┆[48;2;65;77;71m 19.562 [49m┆  8.872 ┆  8.872 │
│[48;2;69;76;102m Kaan         [49m┆[48;2;41;44;60m  9.756 [49m┆[48;2;41;44;60m  8.872  [49m┆[48;2;41;44;60m  8.872 [49m┆[48;2;41;44;60m  8.872 [49m┆[48;2;41;44;60m  8.872 [49m┆[48;2;65;77;71m 19.562 [49m┆[48;2;41;44;60m  8.73  [49m┆[48;2;41;44;60m  9.925 [49m┆[48;2;41;44;60m  8.872 [49m┆[48;2;41;44;60m  8.872 [49m┆[48;2;41;44;60m  8.872 [49m│
│[48;2;69;76;102m Levin        [49m┆  9.756 ┆[48;2;65;77;71m 19.562  [49m┆  8.872 ┆  8.872 ┆  8.872 ┆  8.872 ┆  8.73  ┆  9.925 ┆  8.872 ┆  8.872 ┆  8.872 │
│[48;2;69;76;102m Sinan        [49m┆[48;2;41;44;60m  9.756 [49m┆[48;2;41;44;60m  8.872  [49m┆[48;2;41;44;60m  8.872 [49m┆[48;2;41;44;60m  8.872 [49m┆[48;2;65;77;71m 19.562 [49m┆[48;2;41;44;60m  8.872 [49m┆[48;2;41;44;60m  8.73  [49m┆[48;2;41;44;60m  9.925 [49m┆[48;2;41;44;60m  8.872 [49m┆[48;2;41;44;60m  8.872 [49m┆[48;2;41;44;60m  8.872 [49m│
│[48;2;69;76;102m Tano         [49m┆  9.756 ┆  8.872  ┆[48;2;65;77;71m 19.562 [49m┆  8.872 ┆  8.872 ┆  8.872 ┆  8.73  ┆  9.925 ┆  8.872 ┆  8.872 ┆  8.872 │
╰──────────────┴────────┴─────────┴────────┴────────┴────────┴────────┴────────┴────────┴────────┴────────┴────────╯
33752266 left -> 25.0085 bits left

MB#2.0 E05 -- verkauft +30.000€
Levin → Camelia 
---
Nothing => I = 0 bits
╭──────────────┬────────┬─────────┬────────┬────────┬────────┬────────┬────────┬────────┬────────┬────────┬────────╮
│              ┆[48;2;74;68;89m  Anna  [49m┆[48;2;74;68;89m Camelia [49m┆[48;2;74;68;89m Chiara [49m┆[48;2;74;68;89m  Deisy [49m┆[48;2;74;68;89m   Ina  [49m┆[48;2;74;68;89m Joanna [49m┆[48;2;74;68;89m  Nadja [49m┆[48;2;74;68;89m  Nasti [49m┆[48;2;74;68;89m Selina [49m┆[48;2;74;68;89m Sophia [49m┆[48;2;74;68;89m  Tori  [49m│
╞══════════════╪════════╪═════════╪════════╪════════╪════════╪════════╪════════╪════════╪════════╪════════╪════════╡
│[48;2;69;76;102m Danish       [49m┆[48;2;41;44;60m  9.756 [49m┆[48;2;41;44;60m  8.872  [49m┆[48;2;41;44;60m  8.872 [49m┆[48;2;41;44;60m  8.872 [49m┆[48;2;41;44;60m  8.872 [49m┆[48;2;41;44;60m  8.872 [49m┆[48;2;41;44;60m  8.73  [49m┆[48;2;41;44;60m  9.925 [49m┆[48;2;41;44;60m  8.872 [49m┆[48;2;65;77;71m 19.562 [49m┆[48;2;41;44;60m  8.872 [49m│
│[48;2;69;76;102m Dino         [49m┆  9.756 ┆  8.872  ┆  8.872 ┆[48;2;65;77;71m 19.562 [49m┆  8.872 ┆  8.872 ┆  8.73  ┆  9.925 ┆  8.872 ┆  8.872 ┆  8.872 │
│[48;2;69;76;102m Dion         [49m┆[48;2;41;44;60m  9.756 [49m┆[48;2;41;44;60m  8.872  [49m┆[48;2;41;44;60m  8.872 [49m┆[48;2;41;44;60m  8.872 [49m┆[48;2;41;44;60m  8.872 [49m┆[48;2;41;44;60m  8.872 [49m┆[48;2;41;44;60m  8.73  [49m┆[48;2;41;44;60m  9.925 [49m┆[48;2;41;44;60m  8.872 [49m┆[48;2;41;44;60m  8.872 [49m┆[48;2;65;77;71m 19.562 [49m│
│[48;2;69;76;102m Enes         [49m┆[48;2;65;77;71m 21.951 [49m┆  8.73   ┆  8.73  ┆  8.73  ┆  8.73  ┆  8.73  ┆  8.602 ┆  9.8   ┆  8.73  ┆  8.73  ┆  8.73  │
│[48;2;69;76;102m Josh/Monacco [49m┆[48;2;41;44;60m[38;5;9m  0     [49m[39m┆[48;2;41;44;60m  9.605  [49m┆[48;2;41;44;60m  9.605 [49m┆[48;2;41;44;60m  9.605 [49m┆[48;2;41;44;60m  9.605 [49m┆[48;2;41;44;60m  9.605 [49m┆[48;2;65;77;71m 21.556 [49m┆[48;2;74;68;89m 10.8   [49m┆[48;2;41;44;60m  9.605 [49m┆[48;2;41;44;60m  9.605 [49m┆[48;2;41;44;60m  9.605 [49m│
│[48;2;69;76;102m Joshi-Josh   [49m┆  9.756 ┆  8.872  ┆  8.872 ┆  8.872 ┆  8.872 ┆  8.872 ┆  8.73  ┆  9.925 ┆[48;2;65;77;71m 19.562 [49m┆  8.872 ┆  8.872 │
│[48;2;69;76;102m Kaan         [49m┆[48;2;41;44;60m  9.756 [49m┆[48;2;41;44;60m  8.872  [49m┆[48;2;41;44;60m  8.872 [49m┆[48;2;41;44;60m  8.872 [49m┆[48;2;41;44;60m  8.872 [49m┆[48;2;65;77;71m 19.562 [49m┆[48;2;41;44;60m  8.73  [49m┆[48;2;41;44;60m  9.925 [49m┆[48;2;41;44;60m  8.872 [49m┆[48;2;41;44;60m  8.872 [49m┆[48;2;41;44;60m  8.872 [49m│
│[48;2;69;76;102m Levin        [49m┆  9.756 ┆[48;2;65;77;71m 19.562  [49m┆  8.872 ┆  8.872 ┆  8.872 ┆  8.872 ┆  8.73  ┆  9.925 ┆  8.872 ┆  8.872 ┆  8.872 │
│[48;2;69;76;102m Sinan        [49m┆[48;2;41;44;60m  9.756 [49m┆[48;2;41;44;60m  8.872  [49m┆[48;2;41;44;60m  8.872 [49m┆[48;2;41;44;60m  8.872 [49m┆[48;2;65;77;71m 19.562 [49m┆[48;2;41;44;60m  8.872 [49m┆[48;2;41;44;60m  8.73  [49m┆[48;2;41;44;60m  9.925 [49m┆[48;2;41;44;60m  8.872 [49m┆[48;2;41;44;60m  8.872 [49m┆[48;2;41;44;60m  8.872 [49m│
│[48;2;69;76;102m Tano         [49m┆  9.756 ┆  8.872  ┆[48;2;65;77;71m 19.562 [49m┆  8.872 ┆  8.872 ┆  8.872 ┆  8.73  ┆  9.925 ┆  8.872 ┆  8.872 ┆  8.872 │
╰──────────────┴────────┴─────────┴────────┴────────┴────────┴────────┴────────┴────────┴────────┴────────┴────────╯
33752266 left -> 25.0085 bits left

MN#2.0 E06
1x Dino         → Deisy   
0x Enes         → Nasti   
0x Joshi-Josh   → Joanna  
0x Danish       → Camelia 
1x Sinan        → Ina     
0x Kaan         → Anna    
0x Tano         → Tori    
1x Josh/Monacco → Nadja   
0x Levin        → Chiara  
0x Dion         → Selina  
---
-> I[l]/bits: {0: 1.89, 1: 1.41, 2: 2.10, 3: 3.47, 4: 5.32, 5: 7.55, 6: 10.10, 7: 12.96, 8: 16.14, 9: 20.25}
-> E[I]/bits: 2.03
3 lights => I = 3.4701 bits
╭──────────────┬────────┬─────────┬────────┬────────┬────────┬────────┬────────┬────────┬────────┬────────┬────────╮
│              ┆[48;2;74;68;89m  Anna  [49m┆[48;2;74;68;89m Camelia [49m┆[48;2;74;68;89m Chiara [49m┆[48;2;74;68;89m  Deisy [49m┆[48;2;74;68;89m   Ina  [49m┆[48;2;74;68;89m Joanna [49m┆[48;2;74;68;89m  Nadja [49m┆[48;2;74;68;89m  Nasti [49m┆[48;2;74;68;89m Selina [49m┆[48;2;74;68;89m Sophia [49m┆[48;2;74;68;89m  Tori  [49m│
╞══════════════╪════════╪═════════╪════════╪════════╪════════╪════════╪════════╪════════╪════════╪════════╪════════╡
│[48;2;69;76;102m Danish       [49m┆[48;2;41;44;60m  9.07  [49m┆[48;2;65;77;71m 24.448  [49m┆[48;2;41;44;60m  8.486 [49m┆[48;2;41;44;60m  6.88  [49m┆[48;2;41;44;60m  6.88  [49m┆[48;2;41;44;60m  8.528 [49m┆[48;2;41;44;60m  6.525 [49m┆[48;2;41;44;60m  8.495 [49m┆[48;2;41;44;60m  8.463 [49m┆[48;2;74;68;89m 13.556 [49m┆[48;2;41;44;60m  8.515 [49m│
│[48;2;69;76;102m Dino         [49m┆  7.703 ┆  7.274  ┆  7.256 ┆[48;2;65;77;71m 40.028 [49m┆  5.568 ┆  7.278 ┆  5.19  ┆  7.455 ┆  7.255 ┆  8.574 ┆  7.263 │
│[48;2;69;76;102m Dion         [49m┆[48;2;41;44;60m  9.266 [49m┆[48;2;41;44;60m  8.663  [49m┆[48;2;41;44;60m  8.616 [49m┆[48;2;41;44;60m  7.001 [49m┆[48;2;41;44;60m  7.001 [49m┆[48;2;41;44;60m  8.682 [49m┆[48;2;41;44;60m  6.641 [49m┆[48;2;41;44;60m  8.583 [49m┆[48;2;65;77;71m 24.806 [49m┆[48;2;41;44;60m 10.09  [49m┆[48;2;41;44;60m 10.356 [49m│
│[48;2;69;76;102m Enes         [49m┆ 11.447 ┆  8.488  ┆  8.501 ┆  6.852 ┆  6.852 ┆  8.451 ┆  6.499 ┆[48;2;65;77;71m 25.878 [49m┆  8.491 ┆  9.899 ┆  8.466 │
│[48;2;69;76;102m Josh/Monacco [49m┆[48;2;41;44;60m[38;5;9m  0     [49m[39m┆[48;2;41;44;60m  7.648  [49m┆[48;2;41;44;60m  7.63  [49m┆[48;2;41;44;60m  5.729 [49m┆[48;2;41;44;60m  5.729 [49m┆[48;2;41;44;60m  7.633 [49m┆[48;2;65;77;71m 43.485 [49m┆[48;2;41;44;60m  7.839 [49m┆[48;2;41;44;60m  7.628 [49m┆[48;2;41;44;60m  9.05  [49m┆[48;2;41;44;60m  7.634 [49m│
│[48;2;69;76;102m Joshi-Josh   [49m┆  9.274 ┆  8.633  ┆  8.654 ┆  7.019 ┆  7.019 ┆[48;2;65;77;71m 24.795 [49m┆  6.662 ┆  8.619 ┆ 10.336 ┆ 10.114 ┆  8.579 │
│[48;2;69;76;102m Kaan         [49m┆[48;2;65;77;71m 27.034 [49m┆[48;2;41;44;60m  8.545  [49m┆[48;2;41;44;60m  8.512 [49m┆[48;2;41;44;60m  6.899 [49m┆[48;2;41;44;60m  6.899 [49m┆[48;2;41;44;60m 10.012 [49m┆[48;2;41;44;60m  6.5   [49m┆[48;2;41;44;60m  8.462 [49m┆[48;2;41;44;60m  8.481 [49m┆[48;2;41;44;60m  9.972 [49m┆[48;2;41;44;60m  8.504 [49m│
│[48;2;69;76;102m Levin        [49m┆  9.266 ┆ 10.411  ┆[48;2;65;77;71m 24.749 [49m┆  7.003 ┆  7.003 ┆  8.659 ┆  6.644 ┆  8.597 ┆  8.646 ┆ 10.061 ┆  8.669 │
│[48;2;69;76;102m Sinan        [49m┆[48;2;41;44;60m  7.703 [49m┆[48;2;41;44;60m  7.274  [49m┆[48;2;41;44;60m  7.256 [49m┆[48;2;41;44;60m  5.568 [49m┆[48;2;65;77;71m 40.028 [49m┆[48;2;41;44;60m  7.278 [49m┆[48;2;41;44;60m  5.19  [49m┆[48;2;41;44;60m  7.455 [49m┆[48;2;41;44;60m  7.255 [49m┆[48;2;41;44;60m  8.574 [49m┆[48;2;41;44;60m  7.263 [49m│
│[48;2;69;76;102m Tano         [49m┆  9.238 ┆  8.616  ┆ 10.341 ┆  7.022 ┆  7.022 ┆  8.683 ┆  6.664 ┆  8.616 ┆  8.641 ┆ 10.111 ┆[48;2;65;77;71m 24.75  [49m│
╰──────────────┴────────┴─────────┴────────┴────────┴────────┴────────┴────────┴────────┴────────┴────────┴────────╯
3045867 left -> 21.5384 bits left

MB#3.0 E07
Sinan → Ina 
---
-> I[l]/bits: {0: 0.74, 1: 1.32}
-> E[I]/bits: 0.97
0 lights => I = 0.7376 bits
╭──────────────┬────────┬─────────┬────────┬────────┬────────┬────────┬────────┬────────┬────────┬────────┬────────╮
│              ┆[48;2;74;68;89m  Anna  [49m┆[48;2;74;68;89m Camelia [49m┆[48;2;74;68;89m Chiara [49m┆[48;2;74;68;89m  Deisy [49m┆[48;2;74;68;89m   Ina  [49m┆[48;2;74;68;89m Joanna [49m┆[48;2;74;68;89m  Nadja [49m┆[48;2;74;68;89m  Nasti [49m┆[48;2;74;68;89m Selina [49m┆[48;2;74;68;89m Sophia [49m┆[48;2;74;68;89m  Tori  [49m│
╞══════════════╪════════╪═════════╪════════╪════════╪════════╪════════╪════════╪════════╪════════╪════════╪════════╡
│[48;2;69;76;102m Danish       [49m┆[48;2;41;44;60m  7.841 [49m┆[48;2;65;77;71m 26.455  [49m┆[48;2;41;44;60m  7.533 [49m┆[48;2;41;44;60m  5.144 [49m┆[48;2;41;44;60m 11.473 [49m┆[48;2;41;44;60m  7.58  [49m┆[48;2;41;44;60m  4.741 [49m┆[48;2;41;44;60m  7.796 [49m┆[48;2;41;44;60m  7.51  [49m┆[48;2;74;68;89m 16.577 [49m┆[48;2;41;44;60m  7.566 [49m│
│[48;2;69;76;102m Dino         [49m┆  5.862 ┆  5.745  ┆  5.708 ┆[48;2;65;77;71m[38;5;11m 52.179 [49m[39m┆  9.285 ┆  5.73  ┆  2.525 ┆  6.128 ┆  5.713 ┆  7.097 ┆  5.72  │
│[48;2;69;76;102m Dion         [49m┆[48;2;41;44;60m  8.103 [49m┆[48;2;41;44;60m  7.771  [49m┆[48;2;41;44;60m  7.715 [49m┆[48;2;41;44;60m  5.322 [49m┆[48;2;41;44;60m 11.674 [49m┆[48;2;41;44;60m  7.795 [49m┆[48;2;41;44;60m  4.911 [49m┆[48;2;41;44;60m  7.934 [49m┆[48;2;65;77;71m 26.96  [49m┆[48;2;41;44;60m  9.396 [49m┆[48;2;41;44;60m 12.433 [49m│
│[48;2;69;76;102m Enes         [49m┆ 13.44  ┆  7.514  ┆  7.532 ┆  5.133 ┆ 11.424 ┆  7.472 ┆  4.699 ┆[48;2;65;77;71m 28.84  [49m┆  7.522 ┆  9.125 ┆  7.491 │
│[48;2;69;76;102m Josh/Monacco [49m┆[48;2;41;44;60m[38;5;9m  0     [49m[39m┆[48;2;41;44;60m  5.857  [49m┆[48;2;41;44;60m  5.814 [49m┆[48;2;41;44;60m  2.741 [49m┆[48;2;41;44;60m  9.553 [49m┆[48;2;41;44;60m  5.819 [49m┆[48;2;65;77;71m[38;5;14m 55.967 [49m[39m┆[48;2;41;44;60m  6.228 [49m┆[48;2;41;44;60m  5.817 [49m┆[48;2;41;44;60m  7.248 [49m┆[48;2;41;44;60m  5.825 [49m│
│[48;2;69;76;102m Joshi-Josh   [49m┆  8.105 ┆  7.745  ┆  7.765 ┆  5.336 ┆ 11.704 ┆[48;2;65;77;71m 26.951 [49m┆  4.93  ┆  7.971 ┆ 12.402 ┆  9.425 ┆  7.68  │
│[48;2;69;76;102m Kaan         [49m┆[48;2;65;77;71m 28.856 [49m┆[48;2;41;44;60m  7.668  [49m┆[48;2;41;44;60m  7.633 [49m┆[48;2;41;44;60m  5.275 [49m┆[48;2;41;44;60m 11.503 [49m┆[48;2;41;44;60m 12.073 [49m┆[48;2;41;44;60m  4.779 [49m┆[48;2;41;44;60m  7.837 [49m┆[48;2;41;44;60m  7.593 [49m┆[48;2;41;44;60m  9.282 [49m┆[48;2;41;44;60m  7.624 [49m│
│[48;2;69;76;102m Levin        [49m┆  8.095 ┆ 12.515  ┆[48;2;65;77;71m 26.9   [49m┆  5.323 ┆ 11.677 ┆  7.764 ┆  4.913 ┆  7.945 ┆  7.749 ┆  9.365 ┆  7.772 │
│[48;2;69;76;102m Sinan        [49m┆[48;2;41;44;60m 11.626 [49m┆[48;2;41;44;60m 11.015  [49m┆[48;2;41;44;60m 10.985 [49m┆[48;2;41;44;60m  8.205 [49m┆[48;2;41;44;60m[38;5;9m  0     [49m[39m┆[48;2;41;44;60m 11.019 [49m┆[48;2;41;44;60m  7.602 [49m┆[48;2;41;44;60m 11.35  [49m┆[48;2;41;44;60m 10.985 [49m┆[48;2;69;76;102m 13.067 [49m┆[48;2;41;44;60m 10.997 [49m│
│[48;2;69;76;102m Tano         [49m┆  8.072 ┆  7.716  ┆ 12.414 ┆  5.342 ┆[48;2;74;68;89m 11.708 [49m┆  7.797 ┆  4.934 ┆  7.97  ┆  7.75  ┆  9.418 ┆[48;2;65;77;71m 26.892 [49m│
╰──────────────┴────────┴─────────┴────────┴────────┴────────┴────────┴────────┴────────┴────────┴────────┴────────╯
1826680 left -> 20.8008 bits left

MN#3.0 E08
1x Danish       → Sophia  
2x Josh/Monacco → Nadja   
1x Levin        → Camelia 
2x Dino         → Deisy   
1x Tano         → Tori    
1x Joshi-Josh   → Joanna  
1x Kaan         → Anna    
0x Enes         → Selina  
0x Dion         → Chiara  
0x Sinan        → Nasti   
---
-> I[l]/bits: {0: 7.28, 1: 2.54, 2: 1.41, 3: 1.79, 4: 3.08, 5: 4.96, 6: 7.34, 7: 10.64, 8: 16.16}
-> E[I]/bits: 2.11
4 lights => I = 3.0819 bits
╭──────────────┬────────┬─────────┬────────┬────────┬────────┬────────┬────────┬────────┬────────┬────────┬────────╮
│              ┆[48;2;74;68;89m  Anna  [49m┆[48;2;74;68;89m Camelia [49m┆[48;2;74;68;89m Chiara [49m┆[48;2;74;68;89m  Deisy [49m┆[48;2;74;68;89m   Ina  [49m┆[48;2;74;68;89m Joanna [49m┆[48;2;74;68;89m  Nadja [49m┆[48;2;74;68;89m  Nasti [49m┆[48;2;74;68;89m Selina [49m┆[48;2;74;68;89m Sophia [49m┆[48;2;74;68;89m  Tori  [49m│
╞══════════════╪════════╪═════════╪════════╪════════╪════════╪════════╪════════╪════════╪════════╪════════╪════════╡
│[48;2;69;76;102m Danish       [49m┆[48;2;41;44;60m  6.804 [49m┆[48;2;41;44;60m  7.064  [49m┆[48;2;41;44;60m  9.604 [49m┆[48;2;41;44;60m  4.606 [49m┆[48;2;41;44;60m 11.794 [49m┆[48;2;41;44;60m  6.685 [49m┆[48;2;41;44;60m  4.287 [49m┆[48;2;41;44;60m  8.531 [49m┆[48;2;41;44;60m  9.755 [49m┆[48;2;65;77;71m 33.948 [49m┆[48;2;41;44;60m  6.921 [49m│
│[48;2;69;76;102m Dino         [49m┆  4.681 ┆  5.535  ┆  6.517 ┆[48;2;65;77;71m[38;5;14m 56.473 [49m[39m┆  8.882 ┆  4.65  ┆  2.25  ┆  5.61  ┆  7.076 ┆  5.199 ┆  4.784 │
│[48;2;69;76;102m Dion         [49m┆[48;2;41;44;60m  7.444 [49m┆[48;2;41;44;60m 10.037  [49m┆[48;2;65;77;71m 24.856 [49m┆[48;2;41;44;60m  5.945 [49m┆[48;2;41;44;60m 13.295 [49m┆[48;2;41;44;60m  7.02  [49m┆[48;2;41;44;60m  5.562 [49m┆[48;2;41;44;60m 10.707 [49m┆[48;2;41;44;60m 11.386 [49m┆[48;2;41;44;60m  8.602 [49m┆[48;2;41;44;60m  4.249 [49m│
│[48;2;69;76;102m Enes         [49m┆  4.444 ┆  9.573  ┆ 12.247 ┆  6.188 ┆[48;2;74;68;89m 13.472 [49m┆  7.494 ┆  5.793 ┆ 11.423 ┆[48;2;65;77;71m 21.787 [49m┆  9.06  ┆  7.452 │
│[48;2;69;76;102m Josh/Monacco [49m┆[48;2;41;44;60m[38;5;9m  0     [49m[39m┆[48;2;41;44;60m  5.587  [49m┆[48;2;41;44;60m  6.638 [49m┆[48;2;41;44;60m  2.391 [49m┆[48;2;41;44;60m  9.053 [49m┆[48;2;41;44;60m  4.69  [49m┆[48;2;65;77;71m[38;5;14m 59.577 [49m[39m┆[48;2;41;44;60m  5.711 [49m┆[48;2;41;44;60m  7.186 [49m┆[48;2;41;44;60m  5.249 [49m┆[48;2;41;44;60m  4.825 [49m│
│[48;2;69;76;102m Joshi-Josh   [49m┆  5.418 ┆  7.274  ┆  7.613 ┆  4.361 ┆ 10.521 ┆[48;2;65;77;71m[38;5;11m 47.281 [49m[39m┆  4.069 ┆  6.786 ┆  4.79  ┆  6.945 ┆  5.43  │
│[48;2;69;76;102m Kaan         [49m┆[48;2;65;77;71m[38;5;11m 50.255 [49m[39m┆[48;2;41;44;60m  7.313  [49m┆[48;2;41;44;60m  7.032 [49m┆[48;2;41;44;60m  4.311 [49m┆[48;2;41;44;60m 10.066 [49m┆[48;2;41;44;60m  2.01  [49m┆[48;2;41;44;60m  3.81  [49m┆[48;2;41;44;60m  6.287 [49m┆[48;2;41;44;60m  7.795 [49m┆[48;2;41;44;60m  6.844 [49m┆[48;2;41;44;60m  4.922 [49m│
│[48;2;69;76;102m Levin        [49m┆  7.19  ┆[48;2;65;77;71m 29.857  [49m┆ 10.495 ┆  4.818 ┆ 12.227 ┆  7.095 ┆  4.481 ┆  8.458 ┆  9.924 ┆  8.039 ┆  7.339 │
│[48;2;69;76;102m Sinan        [49m┆[48;2;41;44;60m  8.256 [49m┆[48;2;41;44;60m 10.003  [49m┆[48;2;41;44;60m 10.348 [49m┆[48;2;41;44;60m  6.408 [49m┆[48;2;41;44;60m[38;5;9m  0     [49m[39m┆[48;2;41;44;60m  7.811 [49m┆[48;2;41;44;60m  5.977 [49m┆[48;2;65;77;71m 29.92  [49m┆[48;2;41;44;60m 12.203 [49m┆[48;2;41;44;60m  8.878 [49m┆[48;2;41;44;60m  8.03  [49m│
│[48;2;69;76;102m Tano         [49m┆  5.508 ┆  7.758  ┆  4.651 ┆  4.498 ┆ 10.69  ┆  5.264 ┆  4.194 ┆  6.567 ┆  8.099 ┆  7.236 ┆[48;2;65;77;71m[38;5;11m 46.047 [49m[39m│
╰──────────────┴────────┴─────────┴────────┴────────┴────────┴────────┴────────┴────────┴────────┴────────┴────────╯
215729 left -> 17.7189 bits left

╭────────┬───┬──────────┬────────┬─────────┬─────────┬──────────────┬────────────┬─────────┬──────────┬────────┬─────────┬───┬────────┬──────┬──────────╮
│        ┆ L ┆  Danish  ┆  Dino  ┆   Dion  ┆   Enes  ┆ Josh/Monacco ┆ Joshi-Josh ┆   Kaan  ┆   Levin  ┆  Sinan ┆   Tano  ┆   ┆    I   ┆ #new ┆ min dist │
╞════════╪═══╪══════════╪════════╪═════════╪═════════╪══════════════╪════════════╪═════════╪══════════╪════════╪═════════╪═══╪════════╪══════╪══════════╡
│[48;2;41;44;60m MB#1.0 [49m┆[48;2;41;44;60m[38;5;9m 0 [49m[39m┆[48;2;41;44;60m          [49m┆[48;2;41;44;60m        [49m┆[48;2;41;44;60m         [49m┆[48;2;41;44;60m         [49m┆[48;2;41;44;60m[38;5;9m Anna         [49m[39m┆[48;2;41;44;60m            [49m┆[48;2;41;44;60m         [49m┆[48;2;41;44;60m          [49m┆[48;2;41;44;60m        [49m┆[48;2;41;44;60m         [49m┆[48;2;41;44;60m   [49m┆[48;2;41;44;60m 0.152  [49m┆[48;2;41;44;60m      [49m┆[48;2;41;44;60m          [49m│
│ MN#1.0 ┆ 2 ┆ Sophia*  ┆ Deisy* ┆ Tori*   ┆ Anna*   ┆ Nadja*       ┆ Selina*    ┆ Joanna* ┆ Camelia* ┆ Ina*   ┆ Chiara* ┆   ┆ 2.4119 ┆ 10   ┆          │
│[48;2;41;44;60m MB#2.0 [49m┆[48;2;41;44;60m[38;5;11m ? [49m[39m┆[48;2;41;44;60m          [49m┆[48;2;41;44;60m        [49m┆[48;2;41;44;60m         [49m┆[48;2;41;44;60m         [49m┆[48;2;41;44;60m              [49m┆[48;2;41;44;60m            [49m┆[48;2;41;44;60m         [49m┆[48;2;41;44;60m Camelia  [49m┆[48;2;41;44;60m        [49m┆[48;2;41;44;60m         [49m┆[48;2;41;44;60m   [49m┆[48;2;41;44;60m        [49m┆[48;2;41;44;60m      [49m┆[48;2;41;44;60m          [49m│
│ MN#2.0 ┆ 3 ┆ Camelia* ┆ Deisy  ┆ Selina* ┆ Nasti*  ┆ Nadja        ┆ Joanna*    ┆ Anna*   ┆ Chiara*  ┆ Ina    ┆ Tori*   ┆   ┆ 3.4701 ┆ 7    ┆ 7/MN#1   │
│[48;2;41;44;60m MB#3.0 [49m┆[48;2;41;44;60m[38;5;9m 0 [49m[39m┆[48;2;41;44;60m          [49m┆[48;2;41;44;60m        [49m┆[48;2;41;44;60m         [49m┆[48;2;41;44;60m         [49m┆[48;2;41;44;60m              [49m┆[48;2;41;44;60m            [49m┆[48;2;41;44;60m         [49m┆[48;2;41;44;60m          [49m┆[48;2;41;44;60m[38;5;9m Ina    [49m[39m┆[48;2;41;44;60m         [49m┆[48;2;41;44;60m   [49m┆[48;2;41;44;60m 0.7376 [49m┆[48;2;41;44;60m      [49m┆[48;2;41;44;60m          [49m│
│ MN#3.0 ┆ 4 ┆ Sophia   ┆ Deisy  ┆ Chiara* ┆ Selina* ┆ Nadja        ┆ Joanna     ┆ Anna    ┆ Camelia  ┆ Nasti* ┆ Tori    ┆   ┆ 3.0819 ┆ 3    ┆ 5/MN#2   │
╰────────┴───┴──────────┴────────┴─────────┴─────────┴──────────────┴────────────┴─────────┴──────────┴────────┴─────────┴───┴────────┴──────┴──────────╯
╭────────┬───┬──────────────┬─────────┬────────┬───────┬────────┬─────────────┬───────────────┬────────┬─────────────┬─────────┬───────┬───┬────────┬──────┬──────────╮
│        ┆ L ┆     Anna     ┆ Camelia ┆ Chiara ┆ Deisy ┆   Ina  ┆    Joanna   ┆     Nadja     ┆  Nasti ┆    Selina   ┆  Sophia ┆  Tori ┆   ┆    I   ┆ #new ┆ min dist │
╞════════╪═══╪══════════════╪═════════╪════════╪═══════╪════════╪═════════════╪═══════════════╪════════╪═════════════╪═════════╪═══════╪═══╪════════╪══════╪══════════╡
│[48;2;41;44;60m MB#1.0 [49m┆[48;2;41;44;60m[38;5;9m 0 [49m[39m┆[48;2;41;44;60m[38;5;9m Josh/Monacco [49m[39m┆[48;2;41;44;60m         [49m┆[48;2;41;44;60m        [49m┆[48;2;41;44;60m       [49m┆[48;2;41;44;60m        [49m┆[48;2;41;44;60m             [49m┆[48;2;41;44;60m               [49m┆[48;2;41;44;60m        [49m┆[48;2;41;44;60m             [49m┆[48;2;41;44;60m         [49m┆[48;2;41;44;60m       [49m┆[48;2;41;44;60m   [49m┆[48;2;41;44;60m 0.152  [49m┆[48;2;41;44;60m      [49m┆[48;2;41;44;60m          [49m│
│ MN#1.0 ┆ 2 ┆ Enes*        ┆ Levin*  ┆ Tano*  ┆ Dino* ┆ Sinan* ┆ Kaan*       ┆ Josh/Monacco* ┆        ┆ Joshi-Josh* ┆ Danish* ┆ Dion* ┆   ┆ 2.4119 ┆ 10   ┆          │
│[48;2;41;44;60m MB#2.0 [49m┆[48;2;41;44;60m[38;5;11m ? [49m[39m┆[48;2;41;44;60m              [49m┆[48;2;41;44;60m Levin   [49m┆[48;2;41;44;60m        [49m┆[48;2;41;44;60m       [49m┆[48;2;41;44;60m        [49m┆[48;2;41;44;60m             [49m┆[48;2;41;44;60m               [49m┆[48;2;41;44;60m        [49m┆[48;2;41;44;60m             [49m┆[48;2;41;44;60m         [49m┆[48;2;41;44;60m       [49m┆[48;2;41;44;60m   [49m┆[48;2;41;44;60m        [49m┆[48;2;41;44;60m      [49m┆[48;2;41;44;60m          [49m│
│ MN#2.0 ┆ 3 ┆ Kaan*        ┆ Danish* ┆ Levin* ┆ Dino  ┆ Sinan  ┆ Joshi-Josh* ┆ Josh/Monacco  ┆ Enes*  ┆ Dion*       ┆         ┆ Tano* ┆   ┆ 3.4701 ┆ 7    ┆ 7/MN#1   │
│[48;2;41;44;60m MB#3.0 [49m┆[48;2;41;44;60m[38;5;9m 0 [49m[39m┆[48;2;41;44;60m              [49m┆[48;2;41;44;60m         [49m┆[48;2;41;44;60m        [49m┆[48;2;41;44;60m       [49m┆[48;2;41;44;60m[38;5;9m Sinan  [49m[39m┆[48;2;41;44;60m             [49m┆[48;2;41;44;60m               [49m┆[48;2;41;44;60m        [49m┆[48;2;41;44;60m             [49m┆[48;2;41;44;60m         [49m┆[48;2;41;44;60m       [49m┆[48;2;41;44;60m   [49m┆[48;2;41;44;60m 0.7376 [49m┆[48;2;41;44;60m      [49m┆[48;2;41;44;60m          [49m│
│ MN#3.0 ┆ 4 ┆ Kaan         ┆ Levin   ┆ Dion*  ┆ Dino  ┆        ┆ Joshi-Josh  ┆ Josh/Monacco  ┆ Sinan* ┆ Enes*       ┆ Danish  ┆ Tano  ┆   ┆ 3.0819 ┆ 3    ┆ 5/MN#2   │
╰────────┴───┴──────────────┴─────────┴────────┴───────┴────────┴─────────────┴───────────────┴────────┴─────────────┴─────────┴───────┴───┴────────┴──────┴──────────╯
Total permutations: 199584000  Permutations left: 215729  Initial combinations for each pair: 19958400

Ran in 67.84s
