total 36288000 -> max I 25.112989
-> I = -0.0000 bit
        |    Dana| Estelle|Isabelle| Jessica| Joelina| Kerstin|   Marie|  Monami|Raphaela|   Zaira| Desiree|
   Andre| 10.0000|[0m 10.0000|[0m 10.0000|[0m 10.0000|[0m 10.0000|[0m 10.0000|[0m 10.0000|[0m 10.0000|[0m 10.0000|[0m 10.0000|[0m 10.0000|[0m
Antonino| 10.0000|[0m 10.0000|[0m 10.0000|[0m 10.0000|[0m 10.0000|[0m 10.0000|[0m 10.0000|[0m 10.0000|[0m 10.0000|[0m 10.0000|[0m 10.0000|[0m
  Dustin| 10.0000|[0m 10.0000|[0m 10.0000|[0m 10.0000|[0m 10.0000|[0m 10.0000|[0m 10.0000|[0m 10.0000|[0m 10.0000|[0m 10.0000|[0m 10.0000|[0m
   Jordi| 10.0000|[0m 10.0000|[0m 10.0000|[0m 10.0000|[0m 10.0000|[0m 10.0000|[0m 10.0000|[0m 10.0000|[0m 10.0000|[0m 10.0000|[0m 10.0000|[0m
    Leon| 10.0000|[0m 10.0000|[0m 10.0000|[0m 10.0000|[0m 10.0000|[0m 10.0000|[0m 10.0000|[0m 10.0000|[0m 10.0000|[0m 10.0000|[0m 10.0000|[0m
  Marius| 10.0000|[0m 10.0000|[0m 10.0000|[0m 10.0000|[0m 10.0000|[0m 10.0000|[0m 10.0000|[0m 10.0000|[0m 10.0000|[0m 10.0000|[0m 10.0000|[0m
     Max| 10.0000|[0m 10.0000|[0m 10.0000|[0m 10.0000|[0m 10.0000|[0m 10.0000|[0m 10.0000|[0m 10.0000|[0m 10.0000|[0m 10.0000|[0m 10.0000|[0m
    Mike| 10.0000|[0m 10.0000|[0m 10.0000|[0m 10.0000|[0m 10.0000|[0m 10.0000|[0m 10.0000|[0m 10.0000|[0m 10.0000|[0m 10.0000|[0m 10.0000|[0m
     Tim| 10.0000|[0m 10.0000|[0m 10.0000|[0m 10.0000|[0m 10.0000|[0m 10.0000|[0m 10.0000|[0m 10.0000|[0m 10.0000|[0m 10.0000|[0m 10.0000|[0m
 William| 10.0000|[0m 10.0000|[0m 10.0000|[0m 10.0000|[0m 10.0000|[0m 10.0000|[0m 10.0000|[0m 10.0000|[0m 10.0000|[0m 10.0000|[0m 10.0000|[0m

opt: Mike -> Jessica => H = -nan
0
Mike -> Jessica
H = 0.5033 bit/X -> I = 0.1520 bit
        |    Dana| Estelle|Isabelle| Jessica| Joelina| Kerstin|   Marie|  Monami|Raphaela|   Zaira| Desiree|
   Andre|  9.8765|[0m  9.8765|[0m  9.8765|[0m 11.1111|[0m  9.8765|[0m  9.8765|[0m  9.8765|[0m  9.8765|[0m  9.8765|[0m  9.8765|[0m 10.0000|[0m
Antonino|  9.8765|[0m  9.8765|[0m  9.8765|[0m 11.1111|[0m  9.8765|[0m  9.8765|[0m  9.8765|[0m  9.8765|[0m  9.8765|[0m  9.8765|[0m 10.0000|[0m
  Dustin|  9.8765|[0m  9.8765|[0m  9.8765|[0m 11.1111|[0m  9.8765|[0m  9.8765|[0m  9.8765|[0m  9.8765|[0m  9.8765|[0m  9.8765|[0m 10.0000|[0m
   Jordi|  9.8765|[0m  9.8765|[0m  9.8765|[0m 11.1111|[0m  9.8765|[0m  9.8765|[0m  9.8765|[0m  9.8765|[0m  9.8765|[0m  9.8765|[0m 10.0000|[0m
    Leon|  9.8765|[0m  9.8765|[0m  9.8765|[0m 11.1111|[0m  9.8765|[0m  9.8765|[0m  9.8765|[0m  9.8765|[0m  9.8765|[0m  9.8765|[0m 10.0000|[0m
  Marius|  9.8765|[0m  9.8765|[0m  9.8765|[0m 11.1111|[0m  9.8765|[0m  9.8765|[0m  9.8765|[0m  9.8765|[0m  9.8765|[0m  9.8765|[0m 10.0000|[0m
     Max|  9.8765|[0m  9.8765|[0m  9.8765|[0m 11.1111|[0m  9.8765|[0m  9.8765|[0m  9.8765|[0m  9.8765|[0m  9.8765|[0m  9.8765|[0m 10.0000|[0m
    Mike| 11.1111|[0m 11.1111|[0m 11.1111|[0m[2m[31m  0.0000|[0m 11.1111|[0m 11.1111|[0m 11.1111|[0m 11.1111|[0m 11.1111|[0m 11.1111|[0m 10.0000|[0m
     Tim|  9.8765|[0m  9.8765|[0m  9.8765|[0m 11.1111|[0m  9.8765|[0m  9.8765|[0m  9.8765|[0m  9.8765|[0m  9.8765|[0m  9.8765|[0m 10.0000|[0m
 William|  9.8765|[0m  9.8765|[0m  9.8765|[0m 11.1111|[0m  9.8765|[0m  9.8765|[0m  9.8765|[0m  9.8765|[0m  9.8765|[0m  9.8765|[0m 10.0000|[0m
32659200 left -> max I 24.960986

3
Andre -> Raphaela
Antonino -> Monami
Dustin -> Zaira
Jordi -> Estelle
Leon -> Jessica
Marius -> Isabelle
Max -> Kerstin
Mike -> Joelina
Tim -> Marie
William -> Dana
-> I = 3.9926 bit
        |    Dana| Estelle|Isabelle| Jessica| Joelina| Kerstin|   Marie|  Monami|Raphaela|   Zaira| Desiree|
   Andre|  7.8099|[0m  7.8099|[0m  7.8099|[0m  8.4337|[0m  7.5296|[0m  7.8099|[0m  7.8099|[0m  7.8099|[0m 29.3675|[0m  7.8099|[0m 10.0000|[0m
Antonino|  7.8099|[0m  7.8099|[0m  7.8099|[0m  8.4337|[0m  7.5296|[0m  7.8099|[0m  7.8099|[0m 29.3675|[0m  7.8099|[0m  7.8099|[0m 10.0000|[0m
  Dustin|  7.8099|[0m  7.8099|[0m  7.8099|[0m  8.4337|[0m  7.5296|[0m  7.8099|[0m  7.8099|[0m  7.8099|[0m  7.8099|[0m 29.3675|[0m 10.0000|[0m
   Jordi|  7.8099|[0m 29.3675|[0m  7.8099|[0m  8.4337|[0m  7.5296|[0m  7.8099|[0m  7.8099|[0m  7.8099|[0m  7.8099|[0m  7.8099|[0m 10.0000|[0m
    Leon|  7.5296|[0m  7.5296|[0m  7.5296|[0m 32.5301|[0m  7.2328|[0m  7.5296|[0m  7.5296|[0m  7.5296|[0m  7.5296|[0m  7.5296|[0m 10.0000|[0m
  Marius|  7.8099|[0m  7.8099|[0m 29.3675|[0m  8.4337|[0m  7.5296|[0m  7.8099|[0m  7.8099|[0m  7.8099|[0m  7.8099|[0m  7.8099|[0m 10.0000|[0m
     Max|  7.8099|[0m  7.8099|[0m  7.8099|[0m  8.4337|[0m  7.5296|[0m 29.3675|[0m  7.8099|[0m  7.8099|[0m  7.8099|[0m  7.8099|[0m 10.0000|[0m
    Mike|  8.4337|[0m  8.4337|[0m  8.4337|[0m[2m[31m  0.0000|[0m 32.5301|[0m  8.4337|[0m  8.4337|[0m  8.4337|[0m  8.4337|[0m  8.4337|[0m 10.0000|[0m
     Tim|  7.8099|[0m  7.8099|[0m  7.8099|[0m  8.4337|[0m  7.5296|[0m  7.8099|[0m 29.3675|[0m  7.8099|[0m  7.8099|[0m  7.8099|[0m 10.0000|[0m
 William| 29.3675|[0m  7.8099|[0m  7.8099|[0m  8.4337|[0m  7.5296|[0m  7.8099|[0m  7.8099|[0m  7.8099|[0m  7.8099|[0m  7.8099|[0m 10.0000|[0m
2051760 left -> max I 20.968431

opt: Leon -> Monami => H = -nan
0
Leon -> Monami
H = 0.4072 bit/X -> I = 0.1129 bit
        |    Dana| Estelle|Isabelle| Jessica| Joelina| Kerstin|   Marie|  Monami|Raphaela|   Zaira| Desiree|
   Andre|  7.8450|[0m  7.8450|[0m  7.8450|[0m  8.1428|[0m  7.5841|[0m  7.8450|[0m  7.8450|[0m  8.4458|[0m 28.7576|[0m  7.8450|[0m 10.0000|[0m
Antonino|  7.5841|[0m  7.5841|[0m  7.5841|[0m  7.8218|[0m  7.3311|[0m  7.5841|[0m  7.5841|[0m 31.7588|[0m  7.5841|[0m  7.5841|[0m 10.0000|[0m
  Dustin|  7.8450|[0m  7.8450|[0m  7.8450|[0m  8.1428|[0m  7.5841|[0m  7.8450|[0m  7.8450|[0m  8.4458|[0m  7.8450|[0m 28.7576|[0m 10.0000|[0m
   Jordi|  7.8450|[0m 28.7576|[0m  7.8450|[0m  8.1428|[0m  7.5841|[0m  7.8450|[0m  7.8450|[0m  8.4458|[0m  7.8450|[0m  7.8450|[0m 10.0000|[0m
    Leon|  8.1428|[0m  8.1428|[0m  8.1428|[0m 35.1790|[0m  7.8218|[0m  8.1428|[0m  8.1428|[0m[2m[31m  0.0000|[0m  8.1428|[0m  8.1428|[0m 10.0000|[0m
  Marius|  7.8450|[0m  7.8450|[0m 28.7576|[0m  8.1428|[0m  7.5841|[0m  7.8450|[0m  7.8450|[0m  8.4458|[0m  7.8450|[0m  7.8450|[0m 10.0000|[0m
     Max|  7.8450|[0m  7.8450|[0m  7.8450|[0m  8.1428|[0m  7.5841|[0m 28.7576|[0m  7.8450|[0m  8.4458|[0m  7.8450|[0m  7.8450|[0m 10.0000|[0m
    Mike|  8.4458|[0m  8.4458|[0m  8.4458|[0m[2m[31m  0.0000|[0m 31.7588|[0m  8.4458|[0m  8.4458|[0m  9.1205|[0m  8.4458|[0m  8.4458|[0m 10.0000|[0m
     Tim|  7.8450|[0m  7.8450|[0m  7.8450|[0m  8.1428|[0m  7.5841|[0m  7.8450|[0m 28.7576|[0m  8.4458|[0m  7.8450|[0m  7.8450|[0m 10.0000|[0m
 William| 28.7576|[0m  7.8450|[0m  7.8450|[0m  8.1428|[0m  7.5841|[0m  7.8450|[0m  7.8450|[0m  8.4458|[0m  7.8450|[0m  7.8450|[0m 10.0000|[0m
1897270 left -> max I 20.855494

2
Andre -> Dana
Antonino -> Monami
Dustin -> Isabelle
Jordi -> Zaira
Leon -> Estelle
Marius -> Marie
Max -> Kerstin
Mike -> Joelina
Tim -> Jessica
William -> Raphaela
-> I = 1.9033 bit
        |    Dana| Estelle|Isabelle| Jessica| Joelina| Kerstin|   Marie|  Monami|Raphaela|   Zaira| Desiree|
   Andre| 10.5637|[0m  8.7025|[0m  8.6690|[0m  9.1678|[0m  6.6619|[0m  7.0819|[0m  8.6966|[0m  7.5117|[0m 24.2543|[0m  8.6907|[0m 10.0000|[0m
Antonino|  6.6619|[0m  6.7309|[0m  6.7093|[0m  6.9123|[0m  4.5169|[0m  4.9624|[0m  6.7605|[0m 43.3134|[0m  6.6619|[0m  6.7704|[0m 10.0000|[0m
  Dustin|  8.6690|[0m  8.7025|[0m 10.4671|[0m  9.2526|[0m  6.7093|[0m  7.1331|[0m  8.5803|[0m  7.5787|[0m  8.6690|[0m 24.2385|[0m 10.0000|[0m
   Jordi|  8.6966|[0m 24.1123|[0m  8.5803|[0m  9.1146|[0m  6.7605|[0m  7.1686|[0m  8.9115|[0m  7.6063|[0m  8.6966|[0m 10.3527|[0m 10.0000|[0m
    Leon|  9.1678|[0m 10.9324|[0m  9.2526|[0m 28.9545|[0m  6.9123|[0m  7.4683|[0m  9.1146|[0m[2m[31m  0.0000|[0m  9.1678|[0m  9.0298|[0m 10.0000|[0m
  Marius|  8.6907|[0m  8.8228|[0m 24.2385|[0m  9.0298|[0m  6.7704|[0m  7.1765|[0m 10.3527|[0m  7.6181|[0m  8.6907|[0m  8.6098|[0m 10.0000|[0m
     Max|  7.0819|[0m  7.1213|[0m  7.1331|[0m  7.4683|[0m  4.9624|[0m 39.2086|[0m  7.1686|[0m  5.5973|[0m  7.0819|[0m  7.1765|[0m 10.0000|[0m
    Mike|  7.5117|[0m  7.5551|[0m  7.5787|[0m[2m[31m  0.0000|[0m 43.3134|[0m  5.5973|[0m  7.6063|[0m  5.7077|[0m  7.5117|[0m  7.6181|[0m 10.0000|[0m
     Tim|  8.7025|[0m  8.6177|[0m  8.7025|[0m 10.9324|[0m  6.7309|[0m  7.1213|[0m 24.1123|[0m  7.5551|[0m  8.7025|[0m  8.8228|[0m 10.0000|[0m
 William| 24.2543|[0m  8.7025|[0m  8.6690|[0m  9.1678|[0m  6.6619|[0m  7.0819|[0m  8.6966|[0m  7.5117|[0m 10.5637|[0m  8.6907|[0m 10.0000|[0m
507210 left -> max I 18.952224

opt: Andre -> Raphaela => H = -nan
0
Andre -> Raphaela
H = 0.9046 bit/X -> I = 0.4008 bit
        |    Dana| Estelle|Isabelle| Jessica| Joelina| Kerstin|   Marie|  Monami|Raphaela|   Zaira| Desiree|
   Andre| 13.9462|[0m 11.4891|[0m 11.4449|[0m 12.1034|[0m  8.7951|[0m  9.3495|[0m 11.4813|[0m  9.9170|[0m[2m[31m  0.0000|[0m 11.4735|[0m 10.0000|[0m
Antonino|  6.0777|[0m  6.2964|[0m  6.2755|[0m  6.3328|[0m  4.1438|[0m  4.5446|[0m  6.2964|[0m 44.9127|[0m  8.7951|[0m  6.3250|[0m 10.0000|[0m
  Dustin|  8.0247|[0m  8.2329|[0m  8.2563|[0m  8.4594|[0m  6.2755|[0m  6.6686|[0m  8.0741|[0m  7.0226|[0m 11.4449|[0m 27.5411|[0m 10.0000|[0m
   Jordi|  7.9908|[0m 27.5437|[0m  8.0741|[0m  8.4359|[0m  6.2964|[0m  6.6816|[0m  8.2850|[0m  7.0408|[0m 11.4813|[0m  8.1704|[0m 10.0000|[0m
    Leon|  8.3422|[0m  8.3683|[0m  8.4594|[0m 32.7520|[0m  6.3328|[0m  6.8846|[0m  8.4359|[0m[2m[31m  0.0000|[0m 12.1034|[0m  8.3214|[0m 10.0000|[0m
  Marius|  8.0039|[0m  8.2355|[0m 27.5411|[0m  8.3214|[0m  6.3250|[0m  6.7050|[0m  8.1704|[0m  7.0590|[0m 11.4735|[0m  8.1652|[0m 10.0000|[0m
     Max|  6.4708|[0m  6.6608|[0m  6.6686|[0m  6.8846|[0m  4.5446|[0m 40.9485|[0m  6.6816|[0m  5.0860|[0m  9.3495|[0m  6.7050|[0m 10.0000|[0m
    Mike|  6.7883|[0m  7.0200|[0m  7.0226|[0m[2m[31m  0.0000|[0m 44.9127|[0m  5.0860|[0m  7.0408|[0m  5.1537|[0m  9.9170|[0m  7.0590|[0m 10.0000|[0m
     Tim|  8.0507|[0m  8.1028|[0m  8.2329|[0m  8.3683|[0m  6.2964|[0m  6.6608|[0m 27.5437|[0m  7.0200|[0m 11.4891|[0m  8.2355|[0m 10.0000|[0m
 William| 26.3047|[0m  8.0507|[0m  8.0247|[0m  8.3422|[0m  6.0777|[0m  6.4708|[0m  7.9908|[0m  6.7883|[0m 13.9462|[0m  8.0039|[0m 10.0000|[0m
384190 left -> max I 18.551460

2
Andre -> Raphaela
Antonino -> Kerstin
Dustin -> Zaira
Jordi -> Jessica
Leon -> Estelle
Marius -> Isabelle
Max -> Monami
Mike -> Joelina
Tim -> Marie
William -> Dana
-> I = 1.6590 bit
        |    Dana| Estelle|Isabelle| Jessica| Joelina| Kerstin|   Marie|  Monami|Raphaela|   Zaira| Desiree|
   Andre| 12.5760|[0m 15.7981|[0m  9.5594|[0m 15.3049|[0m  5.2934|[0m 10.4060|[0m 10.0197|[0m 11.1951|[0m[2m[31m  0.0000|[0m  9.8471|[0m 10.0000|[0m
Antonino|  6.4606|[0m  9.0416|[0m  6.7730|[0m  9.0005|[0m  2.7700|[0m  1.4302|[0m  6.9209|[0m 41.1557|[0m  9.4690|[0m  6.9785|[0m 10.0000|[0m
  Dustin|  6.0990|[0m 10.5787|[0m  6.5593|[0m 10.2252|[0m  3.0002|[0m  7.4799|[0m  6.1812|[0m  8.1210|[0m  9.8225|[0m 31.9333|[0m 10.0000|[0m
   Jordi|  9.9293|[0m 14.5323|[0m  9.6909|[0m  5.0797|[0m  5.2112|[0m 10.1841|[0m 10.1184|[0m 10.1841|[0m 14.5816|[0m 10.4882|[0m 10.0000|[0m
    Leon| 11.4582|[0m[2m[31m  0.0000|[0m 11.4417|[0m 18.0174|[0m  8.0963|[0m 10.3074|[0m 11.6472|[0m[2m[31m  0.0000|[0m 17.4503|[0m 11.5815|[0m 10.0000|[0m
  Marius|  5.8524|[0m 10.4965|[0m 33.0840|[0m  9.9951|[0m  2.9344|[0m  7.4799|[0m  6.3373|[0m  8.0552|[0m  9.6334|[0m  6.1318|[0m 10.0000|[0m
     Max|  7.1346|[0m 10.1430|[0m  7.4799|[0m 10.3650|[0m  3.3454|[0m 34.2348|[0m  7.6278|[0m  1.4302|[0m 10.5540|[0m  7.6854|[0m 10.0000|[0m
    Mike|  3.0741|[0m  8.6060|[0m  3.3207|[0m[2m[31m  0.0000|[0m 64.3761|[0m  4.0030|[0m  3.4440|[0m  4.1838|[0m  6.1894|[0m  2.8029|[0m 10.0000|[0m
     Tim|  6.3127|[0m 10.3567|[0m  6.2058|[0m 11.6965|[0m  2.3015|[0m  7.4470|[0m 31.5634|[0m  8.0881|[0m  9.7238|[0m  6.3045|[0m 10.0000|[0m
 William| 31.1031|[0m 10.4471|[0m  5.8853|[0m 10.3156|[0m  2.6714|[0m  7.0278|[0m  6.1401|[0m  7.5867|[0m 12.5760|[0m  6.2469|[0m 10.0000|[0m
121660 left -> max I 16.892495

3
Andre -> Isabelle
Antonino -> Monami
Dustin -> Zaira
Jordi -> Raphaela
Leon -> Estelle
Marius -> Jessica
Max -> Marie
Mike -> Joelina
Tim -> Kerstin
William -> Dana
-> I = 2.1724 bit
        |    Dana| Estelle|Isabelle| Jessica| Joelina| Kerstin|   Marie|  Monami|Raphaela|   Zaira| Desiree|
   Andre|  7.5954|[0m 16.4135|[0m 16.7099|[0m 15.7095|[0m  3.9274|[0m 11.6710|[0m 11.1523|[0m  8.2253|[0m[2m[31m  0.0000|[0m  8.5958|[0m 10.0000|[0m
Antonino|  3.8533|[0m  7.0026|[0m  6.8544|[0m  5.7799|[0m  0.8522|[0m  0.1482|[0m  6.2986|[0m 58.0585|[0m  6.8914|[0m  4.2608|[0m 10.0000|[0m
  Dustin|  3.8903|[0m  9.4850|[0m  5.5947|[0m  9.8185|[0m  1.6673|[0m  6.6321|[0m  5.7058|[0m  4.8536|[0m  7.7807|[0m 44.5721|[0m 10.0000|[0m
   Jordi|  9.7073|[0m  9.5591|[0m 11.4857|[0m  2.8159|[0m  4.4461|[0m 12.5232|[0m 12.4861|[0m  6.8544|[0m 23.7495|[0m  6.3727|[0m 10.0000|[0m
    Leon| 10.0408|[0m[2m[31m  0.0000|[0m 14.1904|[0m 12.9307|[0m  7.5954|[0m 13.1530|[0m 14.4127|[0m[2m[31m  0.0000|[0m 17.1175|[0m 10.5595|[0m 10.0000|[0m
  Marius|  6.1504|[0m 13.7088|[0m 17.3398|[0m 16.5246|[0m  2.8900|[0m  9.6702|[0m  8.6699|[0m  8.0030|[0m 10.6706|[0m  6.3727|[0m 10.0000|[0m
     Max|  6.6691|[0m 12.9307|[0m  9.6702|[0m 13.7458|[0m  3.7792|[0m 22.6380|[0m 12.2268|[0m  0.2223|[0m 11.1152|[0m  7.0026|[0m 10.0000|[0m
    Mike|  1.4820|[0m  8.2253|[0m  2.8900|[0m[2m[31m  0.0000|[0m 71.5821|[0m  4.3720|[0m  3.6680|[0m  1.4820|[0m  4.8536|[0m  1.4450|[0m 10.0000|[0m
     Tim|  6.5950|[0m 13.0419|[0m  8.9663|[0m 12.5232|[0m  1.8896|[0m 12.5602|[0m 19.3034|[0m  7.6695|[0m 10.8559|[0m  6.5950|[0m 10.0000|[0m
 William| 44.0163|[0m  9.6332|[0m  6.2986|[0m 10.1519|[0m  1.3709|[0m  6.6321|[0m  6.0763|[0m  4.6313|[0m  6.9655|[0m  4.2238|[0m 10.0000|[0m
26990 left -> max I 14.720137

opt: Andre -> Raphaela => H = -nan
0
Antonino -> Monami
H = -nan bit/X -> I = 1.2536 bit
        |    Dana| Estelle|Isabelle| Jessica| Joelina| Kerstin|   Marie|  Monami|Raphaela|   Zaira| Desiree|
   Andre| 11.0424|[0m 13.0742|[0m 24.2933|[0m  7.5972|[0m  0.7951|[0m  6.7138|[0m  9.7173|[0m 19.6113|[0m[2m[31m  0.0000|[0m  7.1555|[0m 10.0000|[0m
Antonino|  9.1873|[0m 16.6961|[0m 16.3428|[0m 13.7809|[0m  2.0318|[0m  0.3534|[0m 15.0177|[0m[2m[31m  0.0000|[0m 16.4311|[0m 10.1590|[0m 10.0000|[0m
  Dustin|  1.9435|[0m  7.2438|[0m  9.1873|[0m  5.4770|[0m  0.0883|[0m  3.9753|[0m  4.4170|[0m 11.5724|[0m  6.3604|[0m 49.7350|[0m 10.0000|[0m
   Jordi|  5.9187|[0m 22.7915|[0m  7.8622|[0m[2m[31m  0.0000|[0m  0.9717|[0m  4.7703|[0m  9.7173|[0m 16.3428|[0m 26.0601|[0m  5.5654|[0m 10.0000|[0m
    Leon|  8.8339|[0m[2m[31m  0.0000|[0m 14.2226|[0m 30.8304|[0m  3.6219|[0m  5.8304|[0m 13.3392|[0m[2m[31m  0.0000|[0m 13.9576|[0m  9.3640|[0m 10.0000|[0m
  Marius|  5.3887|[0m 12.0141|[0m  3.7102|[0m 23.0565|[0m  1.0601|[0m  7.0671|[0m 15.6360|[0m 19.0813|[0m  7.8622|[0m  5.1237|[0m 10.0000|[0m
     Max|  4.2403|[0m  5.8304|[0m  6.6254|[0m  3.2686|[0m  0.0883|[0m 47.2615|[0m 18.9046|[0m  0.5300|[0m  8.3039|[0m  4.9470|[0m 10.0000|[0m
    Mike|  0.1767|[0m  2.7385|[0m  0.9717|[0m[2m[31m  0.0000|[0m[32m 90.9011|[0m[2m[31m  0.0000|[0m  0.9717|[0m  3.5336|[0m  0.6184|[0m  0.0883|[0m 10.0000|[0m
     Tim|  5.9187|[0m 12.2792|[0m 10.3357|[0m  9.8057|[0m  0.3534|[0m 19.6996|[0m  7.4205|[0m 18.2862|[0m  9.8057|[0m  6.0954|[0m 10.0000|[0m
 William| 47.3498|[0m  7.3322|[0m  6.4488|[0m  6.1837|[0m  0.0883|[0m  4.3286|[0m  4.8587|[0m 11.0424|[0m 10.6007|[0m  1.7668|[0m 10.0000|[0m
11320 left -> max I 13.466586

2
Andre -> Joelina
Antonino -> Kerstin
Dustin -> Isabelle
Jordi -> Zaira
Leon -> Jessica
Marius -> Raphaela
Max -> Monami
Mike -> Estelle
Tim -> Desiree
William -> Dana
-> I = 2.5567 bit
        |    Dana| Estelle|Isabelle| Jessica| Joelina| Kerstin|   Marie|  Monami|Raphaela|   Zaira| Desiree|
   Andre| 10.5509|[0m  8.1601|[0m 29.9896|[0m  6.7568|[0m  2.3389|[0m  9.3555|[0m  5.9252|[0m 17.0478|[0m[2m[31m  0.0000|[0m  9.8753|[0m  8.3680|[0m
Antonino|  3.6383|[0m 19.0229|[0m 14.8649|[0m 13.2536|[0m  3.8981|[0m  1.8711|[0m 12.5260|[0m[2m[31m  0.0000|[0m 15.4366|[0m 15.4886|[0m  8.3680|[0m
  Dustin|  2.9106|[0m  8.0042|[0m 18.7110|[0m  4.3139|[0m  0.4678|[0m  9.2516|[0m  3.4304|[0m 14.7089|[0m  7.9002|[0m 30.3015|[0m  8.3680|[0m
   Jordi|  1.2994|[0m 28.1185|[0m  7.7443|[0m[2m[31m  0.0000|[0m  2.1830|[0m  7.9002|[0m  6.9127|[0m 18.4511|[0m 23.1809|[0m  4.2100|[0m  8.3680|[0m
    Leon|  0.4158|[0m[2m[31m  0.0000|[0m  8.2640|[0m 44.6466|[0m  7.0686|[0m  6.7048|[0m 11.3306|[0m[2m[31m  0.0000|[0m 11.4345|[0m 10.1351|[0m  8.3680|[0m
  Marius|  1.6112|[0m  4.6778|[0m  3.5863|[0m 13.2536|[0m  2.2869|[0m  4.1060|[0m 32.3285|[0m 16.0083|[0m 15.7484|[0m  6.3929|[0m  8.3680|[0m
     Max|  1.3514|[0m  9.5114|[0m  7.7443|[0m  3.3784|[0m  0.0520|[0m 31.9127|[0m 20.3222|[0m  2.8067|[0m 10.7069|[0m 12.2141|[0m  8.3680|[0m
    Mike|  0.4678|[0m  8.6279|[0m  0.9356|[0m[2m[31m  0.0000|[0m[32m 80.6653|[0m[2m[31m  0.0000|[0m  1.4033|[0m  6.6528|[0m  0.7796|[0m  0.4678|[0m  8.3680|[0m
     Tim|  1.4033|[0m 10.8108|[0m  6.3410|[0m 14.0852|[0m  1.0395|[0m 25.9356|[0m  4.4179|[0m 18.9189|[0m  7.2765|[0m  9.7713|[0m 24.6881|[0m
 William| 76.3514|[0m  3.0665|[0m  1.8191|[0m  0.3119|[0m[2m[31m  0.0000|[0m  2.9626|[0m  1.4033|[0m  5.4054|[0m  7.5364|[0m  1.1435|[0m  8.3680|[0m
1924 left -> max I 10.909893

opt: Andre -> Raphaela => H = -nan
0
Max -> Jessica
H = 0.2187 bit/X -> I = 0.0496 bit
        |    Dana| Estelle|Isabelle| Jessica| Joelina| Kerstin|   Marie|  Monami|Raphaela|   Zaira| Desiree|
   Andre| 10.8123|[0m  8.4454|[0m 30.7692|[0m  6.9930|[0m  2.4207|[0m  9.6826|[0m  5.1641|[0m 16.5680|[0m[2m[31m  0.0000|[0m  9.1447|[0m  8.3378|[0m
Antonino|  3.7655|[0m 19.6880|[0m 15.2232|[0m 13.7171|[0m  4.0344|[0m  1.9365|[0m 11.9419|[0m[2m[31m  0.0000|[0m 14.3626|[0m 15.3308|[0m  8.3378|[0m
  Dustin|  3.0124|[0m  8.2840|[0m 16.4605|[0m  4.4648|[0m  0.4841|[0m  9.4675|[0m  3.5503|[0m 15.0081|[0m  8.0151|[0m 31.2534|[0m  8.3378|[0m
   Jordi|  1.3448|[0m 25.6052|[0m  8.0151|[0m[2m[31m  0.0000|[0m  2.2593|[0m  8.1764|[0m  7.1544|[0m 19.0963|[0m 23.9914|[0m  4.3572|[0m  8.3378|[0m
    Leon|  0.4303|[0m[2m[31m  0.0000|[0m  8.3916|[0m 46.2076|[0m  7.3158|[0m  6.7778|[0m 10.7047|[0m[2m[31m  0.0000|[0m 10.2743|[0m  9.8978|[0m  8.3378|[0m
  Marius|  1.6676|[0m  4.8413|[0m  3.7117|[0m 13.7171|[0m  2.3669|[0m  4.2496|[0m 32.9747|[0m 14.6315|[0m 16.1915|[0m  5.6482|[0m  8.3378|[0m
     Max|  1.3986|[0m  9.8440|[0m  8.0151|[0m[2m[31m  0.0000|[0m  0.0538|[0m 33.0285|[0m 21.0328|[0m  2.9048|[0m 11.0812|[0m 12.6412|[0m  8.3378|[0m
    Mike|  0.4841|[0m  8.9295|[0m  0.9683|[0m[2m[31m  0.0000|[0m 79.9892|[0m[2m[31m  0.0000|[0m  1.4524|[0m  6.8854|[0m  0.8069|[0m  0.4841|[0m  8.3378|[0m
     Tim|  1.4524|[0m 11.1888|[0m  6.5627|[0m 14.5777|[0m  1.0758|[0m 23.6148|[0m  4.5724|[0m 19.4190|[0m  7.4771|[0m 10.0592|[0m 24.9597|[0m
 William| 75.6321|[0m  3.1737|[0m  1.8827|[0m  0.3228|[0m[2m[31m  0.0000|[0m  3.0662|[0m  1.4524|[0m  5.4868|[0m  7.7999|[0m  1.1834|[0m  8.3378|[0m
1859 left -> max I 10.860311

4
Andre -> Marie
Antonino -> Dana
Dustin -> Isabelle
Jordi -> Desiree
Leon -> Jessica
Marius -> Zaira
Max -> Kerstin
Mike -> Estelle
Tim -> Joelina
William -> Raphaela
-> I = 6.6124 bit
        |    Dana| Estelle|Isabelle| Jessica| Joelina| Kerstin|   Marie|  Monami|Raphaela|   Zaira| Desiree|
   Andre|  5.2632|[0m[2m[31m  0.0000|[0m 68.4211|[0m[2m[31m  0.0000|[0m[2m[31m  0.0000|[0m[2m[31m  0.0000|[0m 21.0526|[0m  5.2632|[0m[2m[31m  0.0000|[0m[2m[31m  0.0000|[0m  5.2632|[0m
Antonino| 57.8947|[0m[2m[31m  0.0000|[0m  5.2632|[0m 10.5263|[0m 10.5263|[0m 10.5263|[0m  5.2632|[0m[2m[31m  0.0000|[0m[2m[31m  0.0000|[0m[2m[31m  0.0000|[0m  5.2632|[0m
  Dustin| 10.5263|[0m[2m[31m  0.0000|[0m[2m[31m  0.0000|[0m[2m[31m  0.0000|[0m[2m[31m  0.0000|[0m[2m[31m  0.0000|[0m 42.1053|[0m  5.2632|[0m[2m[31m  0.0000|[0m 42.1053|[0m  5.2632|[0m
   Jordi|[2m[31m  0.0000|[0m 57.8947|[0m  5.2632|[0m[2m[31m  0.0000|[0m[2m[31m  0.0000|[0m[2m[31m  0.0000|[0m[2m[31m  0.0000|[0m 21.0526|[0m 15.7895|[0m[2m[31m  0.0000|[0m 42.1053|[0m
    Leon|[2m[31m  0.0000|[0m[2m[31m  0.0000|[0m 10.5263|[0m 73.6842|[0m 10.5263|[0m[2m[31m  0.0000|[0m[2m[31m  0.0000|[0m[2m[31m  0.0000|[0m  5.2632|[0m[2m[31m  0.0000|[0m  5.2632|[0m
  Marius|[2m[31m  0.0000|[0m  5.2632|[0m  5.2632|[0m  5.2632|[0m[2m[31m  0.0000|[0m[2m[31m  0.0000|[0m 10.5263|[0m 15.7895|[0m[2m[31m  0.0000|[0m 57.8947|[0m  5.2632|[0m
     Max|[2m[31m  0.0000|[0m  5.2632|[0m  5.2632|[0m[2m[31m  0.0000|[0m[2m[31m  0.0000|[0m 26.3158|[0m 15.7895|[0m 47.3684|[0m[2m[31m  0.0000|[0m[2m[31m  0.0000|[0m  5.2632|[0m
    Mike|[2m[31m  0.0000|[0m 31.5789|[0m[2m[31m  0.0000|[0m[2m[31m  0.0000|[0m 68.4211|[0m[2m[31m  0.0000|[0m[2m[31m  0.0000|[0m[2m[31m  0.0000|[0m[2m[31m  0.0000|[0m[2m[31m  0.0000|[0m  5.2632|[0m
     Tim|  5.2632|[0m[2m[31m  0.0000|[0m[2m[31m  0.0000|[0m 10.5263|[0m 10.5263|[0m 63.1579|[0m  5.2632|[0m  5.2632|[0m[2m[31m  0.0000|[0m[2m[31m  0.0000|[0m 15.7895|[0m
 William| 21.0526|[0m[2m[31m  0.0000|[0m[2m[31m  0.0000|[0m[2m[31m  0.0000|[0m[2m[31m  0.0000|[0m[2m[31m  0.0000|[0m[2m[31m  0.0000|[0m[2m[31m  0.0000|[0m 78.9474|[0m[2m[31m  0.0000|[0m  5.2632|[0m
19 left -> max I 4.247928

opt: Andre -> Dana => H = -nan
1
Marius -> Zaira
H = -nan bit/X -> I = 0.7885 bit
        |    Dana| Estelle|Isabelle| Jessica| Joelina| Kerstin|   Marie|  Monami|Raphaela|   Zaira| Desiree|
   Andre|[2m[31m  0.0000|[0m[2m[31m  0.0000|[0m[32m100.0000|[0m[2m[31m  0.0000|[0m[2m[31m  0.0000|[0m[2m[31m  0.0000|[0m[2m[31m  0.0000|[0m[2m[31m  0.0000|[0m[2m[31m  0.0000|[0m[2m[31m  0.0000|[0m  9.0909|[0m
Antonino| 72.7273|[0m[2m[31m  0.0000|[0m[2m[31m  0.0000|[0m[2m[31m  0.0000|[0m[2m[31m  0.0000|[0m 18.1818|[0m  9.0909|[0m[2m[31m  0.0000|[0m[2m[31m  0.0000|[0m[2m[31m  0.0000|[0m  9.0909|[0m
  Dustin| 18.1818|[0m[2m[31m  0.0000|[0m[2m[31m  0.0000|[0m[2m[31m  0.0000|[0m[2m[31m  0.0000|[0m[2m[31m  0.0000|[0m 72.7273|[0m  9.0909|[0m[2m[31m  0.0000|[0m[2m[31m  0.0000|[0m  9.0909|[0m
   Jordi|[2m[31m  0.0000|[0m[32m100.0000|[0m[2m[31m  0.0000|[0m[2m[31m  0.0000|[0m[2m[31m  0.0000|[0m[2m[31m  0.0000|[0m[2m[31m  0.0000|[0m[2m[31m  0.0000|[0m[2m[31m  0.0000|[0m[2m[31m  0.0000|[0m 27.2727|[0m
    Leon|[2m[31m  0.0000|[0m[2m[31m  0.0000|[0m[2m[31m  0.0000|[0m[32m100.0000|[0m[2m[31m  0.0000|[0m[2m[31m  0.0000|[0m[2m[31m  0.0000|[0m[2m[31m  0.0000|[0m[2m[31m  0.0000|[0m[2m[31m  0.0000|[0m  9.0909|[0m
  Marius|[2m[31m  0.0000|[0m[2m[31m  0.0000|[0m[2m[31m  0.0000|[0m[2m[31m  0.0000|[0m[2m[31m  0.0000|[0m[2m[31m  0.0000|[0m[2m[31m  0.0000|[0m[2m[31m  0.0000|[0m[2m[31m  0.0000|[0m[32m100.0000|[0m  9.0909|[0m
     Max|[2m[31m  0.0000|[0m[2m[31m  0.0000|[0m[2m[31m  0.0000|[0m[2m[31m  0.0000|[0m[2m[31m  0.0000|[0m[2m[31m  0.0000|[0m 18.1818|[0m[32m 81.8182|[0m[2m[31m  0.0000|[0m[2m[31m  0.0000|[0m  9.0909|[0m
    Mike|[2m[31m  0.0000|[0m[2m[31m  0.0000|[0m[2m[31m  0.0000|[0m[2m[31m  0.0000|[0m[32m100.0000|[0m[2m[31m  0.0000|[0m[2m[31m  0.0000|[0m[2m[31m  0.0000|[0m[2m[31m  0.0000|[0m[2m[31m  0.0000|[0m  9.0909|[0m
     Tim|  9.0909|[0m[2m[31m  0.0000|[0m[2m[31m  0.0000|[0m[2m[31m  0.0000|[0m[2m[31m  0.0000|[0m[32m 81.8182|[0m[2m[31m  0.0000|[0m  9.0909|[0m[2m[31m  0.0000|[0m[2m[31m  0.0000|[0m[2m[31m  0.0000|[0m
 William|[2m[31m  0.0000|[0m[2m[31m  0.0000|[0m[2m[31m  0.0000|[0m[2m[31m  0.0000|[0m[2m[31m  0.0000|[0m[2m[31m  0.0000|[0m[2m[31m  0.0000|[0m[2m[31m  0.0000|[0m[32m100.0000|[0m[2m[31m  0.0000|[0m  9.0909|[0m
11 left -> max I 3.459432

6
Andre -> Desiree
Antonino -> Dana
Dustin -> Isabelle
Jordi -> Monami
Leon -> Jessica
Marius -> Zaira
Max -> Marie
Mike -> Joelina
Tim -> Kerstin
William -> Raphaela
-> I = 0.6521 bit
        |    Dana| Estelle|Isabelle| Jessica| Joelina| Kerstin|   Marie|  Monami|Raphaela|   Zaira| Desiree|
   Andre|[2m[31m  0.0000|[0m[2m[31m  0.0000|[0m[32m100.0000|[0m[2m[31m  0.0000|[0m[2m[31m  0.0000|[0m[2m[31m  0.0000|[0m[2m[31m  0.0000|[0m[2m[31m  0.0000|[0m[2m[31m  0.0000|[0m[2m[31m  0.0000|[0m[2m[31m  0.0000|[0m
Antonino|[32m100.0000|[0m[2m[31m  0.0000|[0m[2m[31m  0.0000|[0m[2m[31m  0.0000|[0m[2m[31m  0.0000|[0m[2m[31m  0.0000|[0m[2m[31m  0.0000|[0m[2m[31m  0.0000|[0m[2m[31m  0.0000|[0m[2m[31m  0.0000|[0m 14.2857|[0m
  Dustin|[2m[31m  0.0000|[0m[2m[31m  0.0000|[0m[2m[31m  0.0000|[0m[2m[31m  0.0000|[0m[2m[31m  0.0000|[0m[2m[31m  0.0000|[0m[32m100.0000|[0m[2m[31m  0.0000|[0m[2m[31m  0.0000|[0m[2m[31m  0.0000|[0m 14.2857|[0m
   Jordi|[2m[31m  0.0000|[0m[32m100.0000|[0m[2m[31m  0.0000|[0m[2m[31m  0.0000|[0m[2m[31m  0.0000|[0m[2m[31m  0.0000|[0m[2m[31m  0.0000|[0m[2m[31m  0.0000|[0m[2m[31m  0.0000|[0m[2m[31m  0.0000|[0m[2m[31m  0.0000|[0m
    Leon|[2m[31m  0.0000|[0m[2m[31m  0.0000|[0m[2m[31m  0.0000|[0m[32m100.0000|[0m[2m[31m  0.0000|[0m[2m[31m  0.0000|[0m[2m[31m  0.0000|[0m[2m[31m  0.0000|[0m[2m[31m  0.0000|[0m[2m[31m  0.0000|[0m 14.2857|[0m
  Marius|[2m[31m  0.0000|[0m[2m[31m  0.0000|[0m[2m[31m  0.0000|[0m[2m[31m  0.0000|[0m[2m[31m  0.0000|[0m[2m[31m  0.0000|[0m[2m[31m  0.0000|[0m[2m[31m  0.0000|[0m[2m[31m  0.0000|[0m[32m100.0000|[0m 14.2857|[0m
     Max|[2m[31m  0.0000|[0m[2m[31m  0.0000|[0m[2m[31m  0.0000|[0m[2m[31m  0.0000|[0m[2m[31m  0.0000|[0m[2m[31m  0.0000|[0m[2m[31m  0.0000|[0m[32m100.0000|[0m[2m[31m  0.0000|[0m[2m[31m  0.0000|[0m 14.2857|[0m
    Mike|[2m[31m  0.0000|[0m[2m[31m  0.0000|[0m[2m[31m  0.0000|[0m[2m[31m  0.0000|[0m[32m100.0000|[0m[2m[31m  0.0000|[0m[2m[31m  0.0000|[0m[2m[31m  0.0000|[0m[2m[31m  0.0000|[0m[2m[31m  0.0000|[0m 14.2857|[0m
     Tim|[2m[31m  0.0000|[0m[2m[31m  0.0000|[0m[2m[31m  0.0000|[0m[2m[31m  0.0000|[0m[2m[31m  0.0000|[0m[32m100.0000|[0m[2m[31m  0.0000|[0m[2m[31m  0.0000|[0m[2m[31m  0.0000|[0m[2m[31m  0.0000|[0m[2m[31m  0.0000|[0m
 William|[2m[31m  0.0000|[0m[2m[31m  0.0000|[0m[2m[31m  0.0000|[0m[2m[31m  0.0000|[0m[2m[31m  0.0000|[0m[2m[31m  0.0000|[0m[2m[31m  0.0000|[0m[2m[31m  0.0000|[0m[32m100.0000|[0m[2m[31m  0.0000|[0m 14.2857|[0m
7 left -> max I 2.807355

opt: Andre -> Dana => H = -nan
0
Jordi -> Raphaela
H = -nan bit/X -> I = -0.0000 bit
        |    Dana| Estelle|Isabelle| Jessica| Joelina| Kerstin|   Marie|  Monami|Raphaela|   Zaira| Desiree|
   Andre|[2m[31m  0.0000|[0m[2m[31m  0.0000|[0m[32m100.0000|[0m[2m[31m  0.0000|[0m[2m[31m  0.0000|[0m[2m[31m  0.0000|[0m[2m[31m  0.0000|[0m[2m[31m  0.0000|[0m[2m[31m  0.0000|[0m[2m[31m  0.0000|[0m[2m[31m  0.0000|[0m
Antonino|[32m100.0000|[0m[2m[31m  0.0000|[0m[2m[31m  0.0000|[0m[2m[31m  0.0000|[0m[2m[31m  0.0000|[0m[2m[31m  0.0000|[0m[2m[31m  0.0000|[0m[2m[31m  0.0000|[0m[2m[31m  0.0000|[0m[2m[31m  0.0000|[0m 14.2857|[0m
  Dustin|[2m[31m  0.0000|[0m[2m[31m  0.0000|[0m[2m[31m  0.0000|[0m[2m[31m  0.0000|[0m[2m[31m  0.0000|[0m[2m[31m  0.0000|[0m[32m100.0000|[0m[2m[31m  0.0000|[0m[2m[31m  0.0000|[0m[2m[31m  0.0000|[0m 14.2857|[0m
   Jordi|[2m[31m  0.0000|[0m[32m100.0000|[0m[2m[31m  0.0000|[0m[2m[31m  0.0000|[0m[2m[31m  0.0000|[0m[2m[31m  0.0000|[0m[2m[31m  0.0000|[0m[2m[31m  0.0000|[0m[2m[31m  0.0000|[0m[2m[31m  0.0000|[0m[2m[31m  0.0000|[0m
    Leon|[2m[31m  0.0000|[0m[2m[31m  0.0000|[0m[2m[31m  0.0000|[0m[32m100.0000|[0m[2m[31m  0.0000|[0m[2m[31m  0.0000|[0m[2m[31m  0.0000|[0m[2m[31m  0.0000|[0m[2m[31m  0.0000|[0m[2m[31m  0.0000|[0m 14.2857|[0m
  Marius|[2m[31m  0.0000|[0m[2m[31m  0.0000|[0m[2m[31m  0.0000|[0m[2m[31m  0.0000|[0m[2m[31m  0.0000|[0m[2m[31m  0.0000|[0m[2m[31m  0.0000|[0m[2m[31m  0.0000|[0m[2m[31m  0.0000|[0m[32m100.0000|[0m 14.2857|[0m
     Max|[2m[31m  0.0000|[0m[2m[31m  0.0000|[0m[2m[31m  0.0000|[0m[2m[31m  0.0000|[0m[2m[31m  0.0000|[0m[2m[31m  0.0000|[0m[2m[31m  0.0000|[0m[32m100.0000|[0m[2m[31m  0.0000|[0m[2m[31m  0.0000|[0m 14.2857|[0m
    Mike|[2m[31m  0.0000|[0m[2m[31m  0.0000|[0m[2m[31m  0.0000|[0m[2m[31m  0.0000|[0m[32m100.0000|[0m[2m[31m  0.0000|[0m[2m[31m  0.0000|[0m[2m[31m  0.0000|[0m[2m[31m  0.0000|[0m[2m[31m  0.0000|[0m 14.2857|[0m
     Tim|[2m[31m  0.0000|[0m[2m[31m  0.0000|[0m[2m[31m  0.0000|[0m[2m[31m  0.0000|[0m[2m[31m  0.0000|[0m[32m100.0000|[0m[2m[31m  0.0000|[0m[2m[31m  0.0000|[0m[2m[31m  0.0000|[0m[2m[31m  0.0000|[0m[2m[31m  0.0000|[0m
 William|[2m[31m  0.0000|[0m[2m[31m  0.0000|[0m[2m[31m  0.0000|[0m[2m[31m  0.0000|[0m[2m[31m  0.0000|[0m[2m[31m  0.0000|[0m[2m[31m  0.0000|[0m[2m[31m  0.0000|[0m[32m100.0000|[0m[2m[31m  0.0000|[0m 14.2857|[0m
7 left -> max I 2.807355

4
Andre -> Marie
Antonino -> Dana
Dustin -> Isabelle
Jordi -> Monami
Leon -> Jessica
Marius -> Zaira
Max -> Kerstin
Mike -> Estelle
Tim -> Joelina
William -> Raphaela
-> I = -0.0000 bit
        |    Dana| Estelle|Isabelle| Jessica| Joelina| Kerstin|   Marie|  Monami|Raphaela|   Zaira| Desiree|
   Andre|[2m[31m  0.0000|[0m[2m[31m  0.0000|[0m[32m100.0000|[0m[2m[31m  0.0000|[0m[2m[31m  0.0000|[0m[2m[31m  0.0000|[0m[2m[31m  0.0000|[0m[2m[31m  0.0000|[0m[2m[31m  0.0000|[0m[2m[31m  0.0000|[0m[2m[31m  0.0000|[0m
Antonino|[32m100.0000|[0m[2m[31m  0.0000|[0m[2m[31m  0.0000|[0m[2m[31m  0.0000|[0m[2m[31m  0.0000|[0m[2m[31m  0.0000|[0m[2m[31m  0.0000|[0m[2m[31m  0.0000|[0m[2m[31m  0.0000|[0m[2m[31m  0.0000|[0m 14.2857|[0m
  Dustin|[2m[31m  0.0000|[0m[2m[31m  0.0000|[0m[2m[31m  0.0000|[0m[2m[31m  0.0000|[0m[2m[31m  0.0000|[0m[2m[31m  0.0000|[0m[32m100.0000|[0m[2m[31m  0.0000|[0m[2m[31m  0.0000|[0m[2m[31m  0.0000|[0m 14.2857|[0m
   Jordi|[2m[31m  0.0000|[0m[32m100.0000|[0m[2m[31m  0.0000|[0m[2m[31m  0.0000|[0m[2m[31m  0.0000|[0m[2m[31m  0.0000|[0m[2m[31m  0.0000|[0m[2m[31m  0.0000|[0m[2m[31m  0.0000|[0m[2m[31m  0.0000|[0m[2m[31m  0.0000|[0m
    Leon|[2m[31m  0.0000|[0m[2m[31m  0.0000|[0m[2m[31m  0.0000|[0m[32m100.0000|[0m[2m[31m  0.0000|[0m[2m[31m  0.0000|[0m[2m[31m  0.0000|[0m[2m[31m  0.0000|[0m[2m[31m  0.0000|[0m[2m[31m  0.0000|[0m 14.2857|[0m
  Marius|[2m[31m  0.0000|[0m[2m[31m  0.0000|[0m[2m[31m  0.0000|[0m[2m[31m  0.0000|[0m[2m[31m  0.0000|[0m[2m[31m  0.0000|[0m[2m[31m  0.0000|[0m[2m[31m  0.0000|[0m[2m[31m  0.0000|[0m[32m100.0000|[0m 14.2857|[0m
     Max|[2m[31m  0.0000|[0m[2m[31m  0.0000|[0m[2m[31m  0.0000|[0m[2m[31m  0.0000|[0m[2m[31m  0.0000|[0m[2m[31m  0.0000|[0m[2m[31m  0.0000|[0m[32m100.0000|[0m[2m[31m  0.0000|[0m[2m[31m  0.0000|[0m 14.2857|[0m
    Mike|[2m[31m  0.0000|[0m[2m[31m  0.0000|[0m[2m[31m  0.0000|[0m[2m[31m  0.0000|[0m[32m100.0000|[0m[2m[31m  0.0000|[0m[2m[31m  0.0000|[0m[2m[31m  0.0000|[0m[2m[31m  0.0000|[0m[2m[31m  0.0000|[0m 14.2857|[0m
     Tim|[2m[31m  0.0000|[0m[2m[31m  0.0000|[0m[2m[31m  0.0000|[0m[2m[31m  0.0000|[0m[2m[31m  0.0000|[0m[32m100.0000|[0m[2m[31m  0.0000|[0m[2m[31m  0.0000|[0m[2m[31m  0.0000|[0m[2m[31m  0.0000|[0m[2m[31m  0.0000|[0m
 William|[2m[31m  0.0000|[0m[2m[31m  0.0000|[0m[2m[31m  0.0000|[0m[2m[31m  0.0000|[0m[2m[31m  0.0000|[0m[2m[31m  0.0000|[0m[2m[31m  0.0000|[0m[2m[31m  0.0000|[0m[32m100.0000|[0m[2m[31m  0.0000|[0m 14.2857|[0m
7 left -> max I 2.807355

opt: Andre -> Dana => H = -nan
0
Max -> Kerstin
H = -nan bit/X -> I = -0.0000 bit
        |    Dana| Estelle|Isabelle| Jessica| Joelina| Kerstin|   Marie|  Monami|Raphaela|   Zaira| Desiree|
   Andre|[2m[31m  0.0000|[0m[2m[31m  0.0000|[0m[32m100.0000|[0m[2m[31m  0.0000|[0m[2m[31m  0.0000|[0m[2m[31m  0.0000|[0m[2m[31m  0.0000|[0m[2m[31m  0.0000|[0m[2m[31m  0.0000|[0m[2m[31m  0.0000|[0m[2m[31m  0.0000|[0m
Antonino|[32m100.0000|[0m[2m[31m  0.0000|[0m[2m[31m  0.0000|[0m[2m[31m  0.0000|[0m[2m[31m  0.0000|[0m[2m[31m  0.0000|[0m[2m[31m  0.0000|[0m[2m[31m  0.0000|[0m[2m[31m  0.0000|[0m[2m[31m  0.0000|[0m 14.2857|[0m
  Dustin|[2m[31m  0.0000|[0m[2m[31m  0.0000|[0m[2m[31m  0.0000|[0m[2m[31m  0.0000|[0m[2m[31m  0.0000|[0m[2m[31m  0.0000|[0m[32m100.0000|[0m[2m[31m  0.0000|[0m[2m[31m  0.0000|[0m[2m[31m  0.0000|[0m 14.2857|[0m
   Jordi|[2m[31m  0.0000|[0m[32m100.0000|[0m[2m[31m  0.0000|[0m[2m[31m  0.0000|[0m[2m[31m  0.0000|[0m[2m[31m  0.0000|[0m[2m[31m  0.0000|[0m[2m[31m  0.0000|[0m[2m[31m  0.0000|[0m[2m[31m  0.0000|[0m[2m[31m  0.0000|[0m
    Leon|[2m[31m  0.0000|[0m[2m[31m  0.0000|[0m[2m[31m  0.0000|[0m[32m100.0000|[0m[2m[31m  0.0000|[0m[2m[31m  0.0000|[0m[2m[31m  0.0000|[0m[2m[31m  0.0000|[0m[2m[31m  0.0000|[0m[2m[31m  0.0000|[0m 14.2857|[0m
  Marius|[2m[31m  0.0000|[0m[2m[31m  0.0000|[0m[2m[31m  0.0000|[0m[2m[31m  0.0000|[0m[2m[31m  0.0000|[0m[2m[31m  0.0000|[0m[2m[31m  0.0000|[0m[2m[31m  0.0000|[0m[2m[31m  0.0000|[0m[32m100.0000|[0m 14.2857|[0m
     Max|[2m[31m  0.0000|[0m[2m[31m  0.0000|[0m[2m[31m  0.0000|[0m[2m[31m  0.0000|[0m[2m[31m  0.0000|[0m[2m[31m  0.0000|[0m[2m[31m  0.0000|[0m[32m100.0000|[0m[2m[31m  0.0000|[0m[2m[31m  0.0000|[0m 14.2857|[0m
    Mike|[2m[31m  0.0000|[0m[2m[31m  0.0000|[0m[2m[31m  0.0000|[0m[2m[31m  0.0000|[0m[32m100.0000|[0m[2m[31m  0.0000|[0m[2m[31m  0.0000|[0m[2m[31m  0.0000|[0m[2m[31m  0.0000|[0m[2m[31m  0.0000|[0m 14.2857|[0m
     Tim|[2m[31m  0.0000|[0m[2m[31m  0.0000|[0m[2m[31m  0.0000|[0m[2m[31m  0.0000|[0m[2m[31m  0.0000|[0m[32m100.0000|[0m[2m[31m  0.0000|[0m[2m[31m  0.0000|[0m[2m[31m  0.0000|[0m[2m[31m  0.0000|[0m[2m[31m  0.0000|[0m
 William|[2m[31m  0.0000|[0m[2m[31m  0.0000|[0m[2m[31m  0.0000|[0m[2m[31m  0.0000|[0m[2m[31m  0.0000|[0m[2m[31m  0.0000|[0m[2m[31m  0.0000|[0m[2m[31m  0.0000|[0m[32m100.0000|[0m[2m[31m  0.0000|[0m 14.2857|[0m
7 left -> max I 2.807355

2
Andre -> Desiree
Antonino -> Isabelle
Dustin -> Dana
Jordi -> Monami
Leon -> Jessica
Marius -> Zaira
Max -> Raphaela
Mike -> Estelle
Tim -> Joelina
William -> Marie
-> I = -0.0000 bit
        |    Dana| Estelle|Isabelle| Jessica| Joelina| Kerstin|   Marie|  Monami|Raphaela|   Zaira| Desiree|
   Andre|[2m[31m  0.0000|[0m[2m[31m  0.0000|[0m[32m100.0000|[0m[2m[31m  0.0000|[0m[2m[31m  0.0000|[0m[2m[31m  0.0000|[0m[2m[31m  0.0000|[0m[2m[31m  0.0000|[0m[2m[31m  0.0000|[0m[2m[31m  0.0000|[0m[2m[31m  0.0000|[0m
Antonino|[32m100.0000|[0m[2m[31m  0.0000|[0m[2m[31m  0.0000|[0m[2m[31m  0.0000|[0m[2m[31m  0.0000|[0m[2m[31m  0.0000|[0m[2m[31m  0.0000|[0m[2m[31m  0.0000|[0m[2m[31m  0.0000|[0m[2m[31m  0.0000|[0m 14.2857|[0m
  Dustin|[2m[31m  0.0000|[0m[2m[31m  0.0000|[0m[2m[31m  0.0000|[0m[2m[31m  0.0000|[0m[2m[31m  0.0000|[0m[2m[31m  0.0000|[0m[32m100.0000|[0m[2m[31m  0.0000|[0m[2m[31m  0.0000|[0m[2m[31m  0.0000|[0m 14.2857|[0m
   Jordi|[2m[31m  0.0000|[0m[32m100.0000|[0m[2m[31m  0.0000|[0m[2m[31m  0.0000|[0m[2m[31m  0.0000|[0m[2m[31m  0.0000|[0m[2m[31m  0.0000|[0m[2m[31m  0.0000|[0m[2m[31m  0.0000|[0m[2m[31m  0.0000|[0m[2m[31m  0.0000|[0m
    Leon|[2m[31m  0.0000|[0m[2m[31m  0.0000|[0m[2m[31m  0.0000|[0m[32m100.0000|[0m[2m[31m  0.0000|[0m[2m[31m  0.0000|[0m[2m[31m  0.0000|[0m[2m[31m  0.0000|[0m[2m[31m  0.0000|[0m[2m[31m  0.0000|[0m 14.2857|[0m
  Marius|[2m[31m  0.0000|[0m[2m[31m  0.0000|[0m[2m[31m  0.0000|[0m[2m[31m  0.0000|[0m[2m[31m  0.0000|[0m[2m[31m  0.0000|[0m[2m[31m  0.0000|[0m[2m[31m  0.0000|[0m[2m[31m  0.0000|[0m[32m100.0000|[0m 14.2857|[0m
     Max|[2m[31m  0.0000|[0m[2m[31m  0.0000|[0m[2m[31m  0.0000|[0m[2m[31m  0.0000|[0m[2m[31m  0.0000|[0m[2m[31m  0.0000|[0m[2m[31m  0.0000|[0m[32m100.0000|[0m[2m[31m  0.0000|[0m[2m[31m  0.0000|[0m 14.2857|[0m
    Mike|[2m[31m  0.0000|[0m[2m[31m  0.0000|[0m[2m[31m  0.0000|[0m[2m[31m  0.0000|[0m[32m100.0000|[0m[2m[31m  0.0000|[0m[2m[31m  0.0000|[0m[2m[31m  0.0000|[0m[2m[31m  0.0000|[0m[2m[31m  0.0000|[0m 14.2857|[0m
     Tim|[2m[31m  0.0000|[0m[2m[31m  0.0000|[0m[2m[31m  0.0000|[0m[2m[31m  0.0000|[0m[2m[31m  0.0000|[0m[32m100.0000|[0m[2m[31m  0.0000|[0m[2m[31m  0.0000|[0m[2m[31m  0.0000|[0m[2m[31m  0.0000|[0m[2m[31m  0.0000|[0m
 William|[2m[31m  0.0000|[0m[2m[31m  0.0000|[0m[2m[31m  0.0000|[0m[2m[31m  0.0000|[0m[2m[31m  0.0000|[0m[2m[31m  0.0000|[0m[2m[31m  0.0000|[0m[2m[31m  0.0000|[0m[32m100.0000|[0m[2m[31m  0.0000|[0m 14.2857|[0m
7 left -> max I 2.807355

opt: Andre -> Dana => H = -nan
0
Dustin -> Isabelle
H = -nan bit/X -> I = -0.0000 bit
        |    Dana| Estelle|Isabelle| Jessica| Joelina| Kerstin|   Marie|  Monami|Raphaela|   Zaira| Desiree|
   Andre|[2m[31m  0.0000|[0m[2m[31m  0.0000|[0m[32m100.0000|[0m[2m[31m  0.0000|[0m[2m[31m  0.0000|[0m[2m[31m  0.0000|[0m[2m[31m  0.0000|[0m[2m[31m  0.0000|[0m[2m[31m  0.0000|[0m[2m[31m  0.0000|[0m[2m[31m  0.0000|[0m
Antonino|[32m100.0000|[0m[2m[31m  0.0000|[0m[2m[31m  0.0000|[0m[2m[31m  0.0000|[0m[2m[31m  0.0000|[0m[2m[31m  0.0000|[0m[2m[31m  0.0000|[0m[2m[31m  0.0000|[0m[2m[31m  0.0000|[0m[2m[31m  0.0000|[0m 14.2857|[0m
  Dustin|[2m[31m  0.0000|[0m[2m[31m  0.0000|[0m[2m[31m  0.0000|[0m[2m[31m  0.0000|[0m[2m[31m  0.0000|[0m[2m[31m  0.0000|[0m[32m100.0000|[0m[2m[31m  0.0000|[0m[2m[31m  0.0000|[0m[2m[31m  0.0000|[0m 14.2857|[0m
   Jordi|[2m[31m  0.0000|[0m[32m100.0000|[0m[2m[31m  0.0000|[0m[2m[31m  0.0000|[0m[2m[31m  0.0000|[0m[2m[31m  0.0000|[0m[2m[31m  0.0000|[0m[2m[31m  0.0000|[0m[2m[31m  0.0000|[0m[2m[31m  0.0000|[0m[2m[31m  0.0000|[0m
    Leon|[2m[31m  0.0000|[0m[2m[31m  0.0000|[0m[2m[31m  0.0000|[0m[32m100.0000|[0m[2m[31m  0.0000|[0m[2m[31m  0.0000|[0m[2m[31m  0.0000|[0m[2m[31m  0.0000|[0m[2m[31m  0.0000|[0m[2m[31m  0.0000|[0m 14.2857|[0m
  Marius|[2m[31m  0.0000|[0m[2m[31m  0.0000|[0m[2m[31m  0.0000|[0m[2m[31m  0.0000|[0m[2m[31m  0.0000|[0m[2m[31m  0.0000|[0m[2m[31m  0.0000|[0m[2m[31m  0.0000|[0m[2m[31m  0.0000|[0m[32m100.0000|[0m 14.2857|[0m
     Max|[2m[31m  0.0000|[0m[2m[31m  0.0000|[0m[2m[31m  0.0000|[0m[2m[31m  0.0000|[0m[2m[31m  0.0000|[0m[2m[31m  0.0000|[0m[2m[31m  0.0000|[0m[32m100.0000|[0m[2m[31m  0.0000|[0m[2m[31m  0.0000|[0m 14.2857|[0m
    Mike|[2m[31m  0.0000|[0m[2m[31m  0.0000|[0m[2m[31m  0.0000|[0m[2m[31m  0.0000|[0m[32m100.0000|[0m[2m[31m  0.0000|[0m[2m[31m  0.0000|[0m[2m[31m  0.0000|[0m[2m[31m  0.0000|[0m[2m[31m  0.0000|[0m 14.2857|[0m
     Tim|[2m[31m  0.0000|[0m[2m[31m  0.0000|[0m[2m[31m  0.0000|[0m[2m[31m  0.0000|[0m[2m[31m  0.0000|[0m[32m100.0000|[0m[2m[31m  0.0000|[0m[2m[31m  0.0000|[0m[2m[31m  0.0000|[0m[2m[31m  0.0000|[0m[2m[31m  0.0000|[0m
 William|[2m[31m  0.0000|[0m[2m[31m  0.0000|[0m[2m[31m  0.0000|[0m[2m[31m  0.0000|[0m[2m[31m  0.0000|[0m[2m[31m  0.0000|[0m[2m[31m  0.0000|[0m[2m[31m  0.0000|[0m[32m100.0000|[0m[2m[31m  0.0000|[0m 14.2857|[0m
7 left -> max I 2.807355

10
Andre -> Isabelle
Antonino -> Dana
Dustin -> Marie
Jordi -> Estelle
Leon -> Jessica
Marius -> Zaira
Max -> Monami
Mike -> Joelina
Tim -> Kerstin
William -> Raphaela
-> I = -0.0000 bit
        |    Dana| Estelle|Isabelle| Jessica| Joelina| Kerstin|   Marie|  Monami|Raphaela|   Zaira| Desiree|
   Andre|[2m[31m  0.0000|[0m[2m[31m  0.0000|[0m[32m100.0000|[0m[2m[31m  0.0000|[0m[2m[31m  0.0000|[0m[2m[31m  0.0000|[0m[2m[31m  0.0000|[0m[2m[31m  0.0000|[0m[2m[31m  0.0000|[0m[2m[31m  0.0000|[0m[2m[31m  0.0000|[0m
Antonino|[32m100.0000|[0m[2m[31m  0.0000|[0m[2m[31m  0.0000|[0m[2m[31m  0.0000|[0m[2m[31m  0.0000|[0m[2m[31m  0.0000|[0m[2m[31m  0.0000|[0m[2m[31m  0.0000|[0m[2m[31m  0.0000|[0m[2m[31m  0.0000|[0m 14.2857|[0m
  Dustin|[2m[31m  0.0000|[0m[2m[31m  0.0000|[0m[2m[31m  0.0000|[0m[2m[31m  0.0000|[0m[2m[31m  0.0000|[0m[2m[31m  0.0000|[0m[32m100.0000|[0m[2m[31m  0.0000|[0m[2m[31m  0.0000|[0m[2m[31m  0.0000|[0m 14.2857|[0m
   Jordi|[2m[31m  0.0000|[0m[32m100.0000|[0m[2m[31m  0.0000|[0m[2m[31m  0.0000|[0m[2m[31m  0.0000|[0m[2m[31m  0.0000|[0m[2m[31m  0.0000|[0m[2m[31m  0.0000|[0m[2m[31m  0.0000|[0m[2m[31m  0.0000|[0m[2m[31m  0.0000|[0m
    Leon|[2m[31m  0.0000|[0m[2m[31m  0.0000|[0m[2m[31m  0.0000|[0m[32m100.0000|[0m[2m[31m  0.0000|[0m[2m[31m  0.0000|[0m[2m[31m  0.0000|[0m[2m[31m  0.0000|[0m[2m[31m  0.0000|[0m[2m[31m  0.0000|[0m 14.2857|[0m
  Marius|[2m[31m  0.0000|[0m[2m[31m  0.0000|[0m[2m[31m  0.0000|[0m[2m[31m  0.0000|[0m[2m[31m  0.0000|[0m[2m[31m  0.0000|[0m[2m[31m  0.0000|[0m[2m[31m  0.0000|[0m[2m[31m  0.0000|[0m[32m100.0000|[0m 14.2857|[0m
     Max|[2m[31m  0.0000|[0m[2m[31m  0.0000|[0m[2m[31m  0.0000|[0m[2m[31m  0.0000|[0m[2m[31m  0.0000|[0m[2m[31m  0.0000|[0m[2m[31m  0.0000|[0m[32m100.0000|[0m[2m[31m  0.0000|[0m[2m[31m  0.0000|[0m 14.2857|[0m
    Mike|[2m[31m  0.0000|[0m[2m[31m  0.0000|[0m[2m[31m  0.0000|[0m[2m[31m  0.0000|[0m[32m100.0000|[0m[2m[31m  0.0000|[0m[2m[31m  0.0000|[0m[2m[31m  0.0000|[0m[2m[31m  0.0000|[0m[2m[31m  0.0000|[0m 14.2857|[0m
     Tim|[2m[31m  0.0000|[0m[2m[31m  0.0000|[0m[2m[31m  0.0000|[0m[2m[31m  0.0000|[0m[2m[31m  0.0000|[0m[32m100.0000|[0m[2m[31m  0.0000|[0m[2m[31m  0.0000|[0m[2m[31m  0.0000|[0m[2m[31m  0.0000|[0m[2m[31m  0.0000|[0m
 William|[2m[31m  0.0000|[0m[2m[31m  0.0000|[0m[2m[31m  0.0000|[0m[2m[31m  0.0000|[0m[2m[31m  0.0000|[0m[2m[31m  0.0000|[0m[2m[31m  0.0000|[0m[2m[31m  0.0000|[0m[32m100.0000|[0m[2m[31m  0.0000|[0m 14.2857|[0m
7 left -> max I 2.807355

10
Andre -> Isabelle
Antonino -> Dana
Dustin -> Marie
Jordi -> Estelle
Leon -> Jessica
Marius -> Zaira
Max -> Monami
Mike -> Joelina
Tim -> Kerstin
William -> Desiree
-> I = 2.8074 bit
        |    Dana| Estelle|Isabelle| Jessica| Joelina| Kerstin|   Marie|  Monami|Raphaela|   Zaira| Desiree|
   Andre|[2m[31m  0.0000|[0m[2m[31m  0.0000|[0m[32m100.0000|[0m[2m[31m  0.0000|[0m[2m[31m  0.0000|[0m[2m[31m  0.0000|[0m[2m[31m  0.0000|[0m[2m[31m  0.0000|[0m[2m[31m  0.0000|[0m[2m[31m  0.0000|[0m[2m[31m  0.0000|[0m
Antonino|[32m100.0000|[0m[2m[31m  0.0000|[0m[2m[31m  0.0000|[0m[2m[31m  0.0000|[0m[2m[31m  0.0000|[0m[2m[31m  0.0000|[0m[2m[31m  0.0000|[0m[2m[31m  0.0000|[0m[2m[31m  0.0000|[0m[2m[31m  0.0000|[0m[2m[31m  0.0000|[0m
  Dustin|[2m[31m  0.0000|[0m[2m[31m  0.0000|[0m[2m[31m  0.0000|[0m[2m[31m  0.0000|[0m[2m[31m  0.0000|[0m[2m[31m  0.0000|[0m[32m100.0000|[0m[2m[31m  0.0000|[0m[2m[31m  0.0000|[0m[2m[31m  0.0000|[0m[2m[31m  0.0000|[0m
   Jordi|[2m[31m  0.0000|[0m[32m100.0000|[0m[2m[31m  0.0000|[0m[2m[31m  0.0000|[0m[2m[31m  0.0000|[0m[2m[31m  0.0000|[0m[2m[31m  0.0000|[0m[2m[31m  0.0000|[0m[2m[31m  0.0000|[0m[2m[31m  0.0000|[0m[2m[31m  0.0000|[0m
    Leon|[2m[31m  0.0000|[0m[2m[31m  0.0000|[0m[2m[31m  0.0000|[0m[32m100.0000|[0m[2m[31m  0.0000|[0m[2m[31m  0.0000|[0m[2m[31m  0.0000|[0m[2m[31m  0.0000|[0m[2m[31m  0.0000|[0m[2m[31m  0.0000|[0m[2m[31m  0.0000|[0m
  Marius|[2m[31m  0.0000|[0m[2m[31m  0.0000|[0m[2m[31m  0.0000|[0m[2m[31m  0.0000|[0m[2m[31m  0.0000|[0m[2m[31m  0.0000|[0m[2m[31m  0.0000|[0m[2m[31m  0.0000|[0m[2m[31m  0.0000|[0m[32m100.0000|[0m[2m[31m  0.0000|[0m
     Max|[2m[31m  0.0000|[0m[2m[31m  0.0000|[0m[2m[31m  0.0000|[0m[2m[31m  0.0000|[0m[2m[31m  0.0000|[0m[2m[31m  0.0000|[0m[2m[31m  0.0000|[0m[32m100.0000|[0m[2m[31m  0.0000|[0m[2m[31m  0.0000|[0m[2m[31m  0.0000|[0m
    Mike|[2m[31m  0.0000|[0m[2m[31m  0.0000|[0m[2m[31m  0.0000|[0m[2m[31m  0.0000|[0m[32m100.0000|[0m[2m[31m  0.0000|[0m[2m[31m  0.0000|[0m[2m[31m  0.0000|[0m[2m[31m  0.0000|[0m[2m[31m  0.0000|[0m[2m[31m  0.0000|[0m
     Tim|[2m[31m  0.0000|[0m[2m[31m  0.0000|[0m[2m[31m  0.0000|[0m[2m[31m  0.0000|[0m[2m[31m  0.0000|[0m[32m100.0000|[0m[2m[31m  0.0000|[0m[2m[31m  0.0000|[0m[2m[31m  0.0000|[0m[2m[31m  0.0000|[0m[2m[31m  0.0000|[0m
 William|[2m[31m  0.0000|[0m[2m[31m  0.0000|[0m[2m[31m  0.0000|[0m[2m[31m  0.0000|[0m[2m[31m  0.0000|[0m[2m[31m  0.0000|[0m[2m[31m  0.0000|[0m[2m[31m  0.0000|[0m[32m100.0000|[0m[2m[31m  0.0000|[0m[32m100.0000|[0m
1 left -> max I -0.000000

# |   Andre| Antonino|   Dustin|    Jordi|     Leon|   Marius|      Max|     Mike|      Tim|  William| 
=======================================================================================================
01|Raphaela|   Monami|    Zaira|  Estelle|  Jessica| Isabelle|  Kerstin|  Joelina|    Marie|     Dana| |3.9926|
02|    Dana|   Monami| Isabelle|    Zaira|  Estelle|    Marie|  Kerstin|  Joelina|  Jessica| Raphaela| |1.9033|
03|Raphaela|  Kerstin|    Zaira|  Jessica|  Estelle| Isabelle|   Monami|  Joelina|    Marie|     Dana| |1.6590|
04|Isabelle|   Monami|    Zaira| Raphaela|  Estelle|  Jessica|    Marie|  Joelina|  Kerstin|     Dana| |2.1724|
05| Joelina|  Kerstin| Isabelle|    Zaira|  Jessica| Raphaela|   Monami|  Estelle|  Desiree|     Dana| |2.5567|
06|   Marie|     Dana| Isabelle|  Desiree|  Jessica|    Zaira|  Kerstin|  Estelle|  Joelina| Raphaela| |6.6124|
07| Desiree|     Dana| Isabelle|   Monami|  Jessica|    Zaira|    Marie|  Joelina|  Kerstin| Raphaela| |0.6521|
08|   Marie|     Dana| Isabelle|   Monami|  Jessica|    Zaira|  Kerstin|  Estelle|  Joelina| Raphaela| |-0.0000|
09| Desiree| Isabelle|     Dana|   Monami|  Jessica|    Zaira| Raphaela|  Estelle|  Joelina|    Marie| |-0.0000|
10|Isabelle|     Dana|    Marie|  Estelle|  Jessica|    Zaira|   Monami|  Joelina|  Kerstin| Raphaela| |-0.0000|
11|Isabelle|     Dana|    Marie|  Estelle|  Jessica|    Zaira|   Monami|  Joelina|  Kerstin|  Desiree| |2.8074|


# |    Dana|  Estelle| Isabelle|  Jessica|  Joelina|  Kerstin|    Marie|   Monami| Raphaela|    Zaira|  Desiree| 
=================================================================================================================
01| William|    Jordi|   Marius|     Leon|     Mike|      Max|      Tim| Antonino|    Andre|   Dustin|      nil| |3.9926|
02|   Andre|     Leon|   Dustin|      Tim|     Mike|      Max|   Marius| Antonino|  William|    Jordi|      nil| |1.9033|
03| William|     Leon|   Marius|    Jordi|     Mike| Antonino|      Tim|      Max|    Andre|   Dustin|      nil| |1.6590|
04| William|     Leon|    Andre|   Marius|     Mike|      Tim|      Max| Antonino|    Jordi|   Dustin|      nil| |2.1724|
05| William|     Mike|   Dustin|     Leon|    Andre| Antonino|      nil|      Max|   Marius|    Jordi|      Tim| |2.5567|
06|Antonino|     Mike|   Dustin|     Leon|      Tim|      Max|    Andre|      nil|  William|   Marius|    Jordi| |6.6124|
07|Antonino|      nil|   Dustin|     Leon|     Mike|      Tim|      Max|    Jordi|  William|   Marius|    Andre| |0.6521|
08|Antonino|     Mike|   Dustin|     Leon|      Tim|      Max|    Andre|    Jordi|  William|   Marius|      nil| |-0.0000|
09|  Dustin|     Mike| Antonino|     Leon|      Tim|      nil|  William|    Jordi|      Max|   Marius|    Andre| |-0.0000|
10|Antonino|    Jordi|    Andre|     Leon|     Mike|      Tim|   Dustin|      Max|  William|   Marius|      nil| |-0.0000|
11|Antonino|    Jordi|    Andre|     Leon|     Mike|      Tim|   Dustin|      Max|      nil|   Marius|  William| |2.8074|

