╭──────────┬────────┬────────┬────────┬────────┬────────┬────────┬─────────┬────────┬────────┬────────┬────────╮
│          ┆ Barkin ┆  Burim ┆  Chris ┆  Deniz ┆  Joel  ┆   Ken  ┆ Kenneth ┆   Max  ┆ Pascal ┆  Sasa  ┆ Marwin │
╞══════════╪════════╪════════╪════════╪════════╪════════╪════════╪═════════╪════════╪════════╪════════╪════════╡
│ Aurelia  ┆ 10.000 ┆ 10.000 ┆ 10.000 ┆ 10.000 ┆ 10.000 ┆ 10.000 ┆ 10.000  ┆ 10.000 ┆ 10.000 ┆ 10.000 ┆ 10.000 │
│ Carina   ┆ 10.000 ┆ 10.000 ┆ 10.000 ┆ 10.000 ┆ 10.000 ┆ 10.000 ┆ 10.000  ┆ 10.000 ┆ 10.000 ┆ 10.000 ┆ 10.000 │
│ Caro     ┆ 10.000 ┆ 10.000 ┆ 10.000 ┆ 10.000 ┆ 10.000 ┆ 10.000 ┆ 10.000  ┆ 10.000 ┆ 10.000 ┆ 10.000 ┆ 10.000 │
│ Dorna    ┆ 10.000 ┆ 10.000 ┆ 10.000 ┆ 10.000 ┆ 10.000 ┆ 10.000 ┆ 10.000  ┆ 10.000 ┆ 10.000 ┆ 10.000 ┆ 10.000 │
│ Henna    ┆ 10.000 ┆ 10.000 ┆ 10.000 ┆ 10.000 ┆ 10.000 ┆ 10.000 ┆ 10.000  ┆ 10.000 ┆ 10.000 ┆ 10.000 ┆ 10.000 │
│ Juliette ┆ 10.000 ┆ 10.000 ┆ 10.000 ┆ 10.000 ┆ 10.000 ┆ 10.000 ┆ 10.000  ┆ 10.000 ┆ 10.000 ┆ 10.000 ┆ 10.000 │
│ Larissa  ┆ 10.000 ┆ 10.000 ┆ 10.000 ┆ 10.000 ┆ 10.000 ┆ 10.000 ┆ 10.000  ┆ 10.000 ┆ 10.000 ┆ 10.000 ┆ 10.000 │
│ Steffi   ┆ 10.000 ┆ 10.000 ┆ 10.000 ┆ 10.000 ┆ 10.000 ┆ 10.000 ┆ 10.000  ┆ 10.000 ┆ 10.000 ┆ 10.000 ┆ 10.000 │
│ Valeria  ┆ 10.000 ┆ 10.000 ┆ 10.000 ┆ 10.000 ┆ 10.000 ┆ 10.000 ┆ 10.000  ┆ 10.000 ┆ 10.000 ┆ 10.000 ┆ 10.000 │
│ Vanessa  ┆ 10.000 ┆ 10.000 ┆ 10.000 ┆ 10.000 ┆ 10.000 ┆ 10.000 ┆ 10.000  ┆ 10.000 ┆ 10.000 ┆ 10.000 ┆ 10.000 │
╰──────────┴────────┴────────┴────────┴────────┴────────┴────────┴─────────┴────────┴────────┴────────┴────────╯
199584000 left -> 27.57242082824161 bits left

0 MB#1.0 E02
Valeria -> Marwin
-> I = 0.15200309344504995
╭──────────┬────────┬────────┬────────┬────────┬────────┬────────┬─────────┬────────┬────────┬────────┬────────╮
│          ┆ Barkin ┆  Burim ┆  Chris ┆  Deniz ┆  Joel  ┆   Ken  ┆ Kenneth ┆   Max  ┆ Pascal ┆  Sasa  ┆ Marwin │
╞══════════╪════════╪════════╪════════╪════════╪════════╪════════╪═════════╪════════╪════════╪════════╪════════╡
│ Aurelia  ┆ 9.899  ┆ 9.899  ┆ 9.899  ┆ 9.899  ┆ 9.899  ┆ 9.899  ┆ 9.899   ┆ 9.899  ┆ 9.899  ┆ 9.899  ┆ 11.111 │
│ Carina   ┆ 9.899  ┆ 9.899  ┆ 9.899  ┆ 9.899  ┆ 9.899  ┆ 9.899  ┆ 9.899   ┆ 9.899  ┆ 9.899  ┆ 9.899  ┆ 11.111 │
│ Caro     ┆ 9.899  ┆ 9.899  ┆ 9.899  ┆ 9.899  ┆ 9.899  ┆ 9.899  ┆ 9.899   ┆ 9.899  ┆ 9.899  ┆ 9.899  ┆ 11.111 │
│ Dorna    ┆ 9.899  ┆ 9.899  ┆ 9.899  ┆ 9.899  ┆ 9.899  ┆ 9.899  ┆ 9.899   ┆ 9.899  ┆ 9.899  ┆ 9.899  ┆ 11.111 │
│ Henna    ┆ 9.899  ┆ 9.899  ┆ 9.899  ┆ 9.899  ┆ 9.899  ┆ 9.899  ┆ 9.899   ┆ 9.899  ┆ 9.899  ┆ 9.899  ┆ 11.111 │
│ Juliette ┆ 9.899  ┆ 9.899  ┆ 9.899  ┆ 9.899  ┆ 9.899  ┆ 9.899  ┆ 9.899   ┆ 9.899  ┆ 9.899  ┆ 9.899  ┆ 11.111 │
│ Larissa  ┆ 9.899  ┆ 9.899  ┆ 9.899  ┆ 9.899  ┆ 9.899  ┆ 9.899  ┆ 9.899   ┆ 9.899  ┆ 9.899  ┆ 9.899  ┆ 11.111 │
│ Steffi   ┆ 9.899  ┆ 9.899  ┆ 9.899  ┆ 9.899  ┆ 9.899  ┆ 9.899  ┆ 9.899   ┆ 9.899  ┆ 9.899  ┆ 9.899  ┆ 11.111 │
│ Valeria  ┆ 10.909 ┆ 10.909 ┆ 10.909 ┆ 10.909 ┆ 10.909 ┆ 10.909 ┆ 10.909  ┆ 10.909 ┆ 10.909 ┆ 10.909 ┆[38;5;9m 0.000  [39m│
│ Vanessa  ┆ 9.899  ┆ 9.899  ┆ 9.899  ┆ 9.899  ┆ 9.899  ┆ 9.899  ┆ 9.899   ┆ 9.899  ┆ 9.899  ┆ 9.899  ┆ 11.111 │
╰──────────┴────────┴────────┴────────┴────────┴────────┴────────┴─────────┴────────┴────────┴────────┴────────╯
179625600 left -> 27.420417734796562 bits left

0 MB#1.2 E03
Dorna -> Kenneth
-> I = 0.15038481504666718
╭──────────┬────────┬────────┬────────┬────────┬────────┬────────┬─────────┬────────┬────────┬────────┬────────╮
│          ┆ Barkin ┆  Burim ┆  Chris ┆  Deniz ┆  Joel  ┆   Ken  ┆ Kenneth ┆   Max  ┆ Pascal ┆  Sasa  ┆ Marwin │
╞══════════╪════════╪════════╪════════╪════════╪════════╪════════╪═════════╪════════╪════════╪════════╪════════╡
│ Aurelia  ┆ 9.803  ┆ 9.803  ┆ 9.803  ┆ 9.803  ┆ 9.803  ┆ 9.803  ┆ 10.987  ┆ 9.803  ┆ 9.803  ┆ 9.803  ┆ 10.987 │
│ Carina   ┆ 9.803  ┆ 9.803  ┆ 9.803  ┆ 9.803  ┆ 9.803  ┆ 9.803  ┆ 10.987  ┆ 9.803  ┆ 9.803  ┆ 9.803  ┆ 10.987 │
│ Caro     ┆ 9.803  ┆ 9.803  ┆ 9.803  ┆ 9.803  ┆ 9.803  ┆ 9.803  ┆ 10.987  ┆ 9.803  ┆ 9.803  ┆ 9.803  ┆ 10.987 │
│ Dorna    ┆ 10.787 ┆ 10.787 ┆ 10.787 ┆ 10.787 ┆ 10.787 ┆ 10.787 ┆[38;5;9m 0.000   [39m┆ 10.787 ┆ 10.787 ┆ 10.787 ┆ 12.108 │
│ Henna    ┆ 9.803  ┆ 9.803  ┆ 9.803  ┆ 9.803  ┆ 9.803  ┆ 9.803  ┆ 10.987  ┆ 9.803  ┆ 9.803  ┆ 9.803  ┆ 10.987 │
│ Juliette ┆ 9.803  ┆ 9.803  ┆ 9.803  ┆ 9.803  ┆ 9.803  ┆ 9.803  ┆ 10.987  ┆ 9.803  ┆ 9.803  ┆ 9.803  ┆ 10.987 │
│ Larissa  ┆ 9.803  ┆ 9.803  ┆ 9.803  ┆ 9.803  ┆ 9.803  ┆ 9.803  ┆ 10.987  ┆ 9.803  ┆ 9.803  ┆ 9.803  ┆ 10.987 │
│ Steffi   ┆ 9.803  ┆ 9.803  ┆ 9.803  ┆ 9.803  ┆ 9.803  ┆ 9.803  ┆ 10.987  ┆ 9.803  ┆ 9.803  ┆ 9.803  ┆ 10.987 │
│ Valeria  ┆ 10.787 ┆ 10.787 ┆ 10.787 ┆ 10.787 ┆ 10.787 ┆ 10.787 ┆ 12.108  ┆ 10.787 ┆ 10.787 ┆ 10.787 ┆[38;5;9m 0.000  [39m│
│ Vanessa  ┆ 9.803  ┆ 9.803  ┆ 9.803  ┆ 9.803  ┆ 9.803  ┆ 9.803  ┆ 10.987  ┆ 9.803  ┆ 9.803  ┆ 9.803  ┆ 10.987 │
╰──────────┴────────┴────────┴────────┴────────┴────────┴────────┴─────────┴────────┴────────┴────────┴────────╯
161844480 left -> 27.270032919749895 bits left

3 MN#1.0 E04
Juliette -> Burim
Vanessa -> Sasa
Dorna -> Marwin
Henna -> Kenneth
Steffi -> Chris
Carina -> Ken
Aurelia -> Deniz
Valeria -> Max
Larissa -> Joel
Caro -> Barkin
-> I = 3.9690242501185837
╭──────────┬────────┬────────┬────────┬────────┬────────┬────────┬─────────┬────────┬────────┬────────┬────────╮
│          ┆ Barkin ┆  Burim ┆  Chris ┆  Deniz ┆  Joel  ┆   Ken  ┆ Kenneth ┆   Max  ┆ Pascal ┆  Sasa  ┆ Marwin │
╞══════════╪════════╪════════╪════════╪════════╪════════╪════════╪═════════╪════════╪════════╪════════╪════════╡
│ Aurelia  ┆ 7.842  ┆ 7.842  ┆ 7.842  ┆ 28.884 ┆ 7.842  ┆ 7.842  ┆ 8.450   ┆ 7.629  ┆ 9.908  ┆ 7.842  ┆ 8.205  │
│ Carina   ┆ 7.842  ┆ 7.842  ┆ 7.842  ┆ 7.842  ┆ 7.842  ┆ 28.884 ┆ 8.450   ┆ 7.629  ┆ 9.908  ┆ 7.842  ┆ 8.205  │
│ Caro     ┆ 28.884 ┆ 7.842  ┆ 7.842  ┆ 7.842  ┆ 7.842  ┆ 7.842  ┆ 8.450   ┆ 7.629  ┆ 9.908  ┆ 7.842  ┆ 8.205  │
│ Dorna    ┆ 8.095  ┆ 8.095  ┆ 8.095  ┆ 8.095  ┆ 8.095  ┆ 8.095  ┆[38;5;9m 0.000   [39m┆ 7.837  ┆ 10.352 ┆ 8.095  ┆ 34.625 │
│ Henna    ┆ 7.629  ┆ 7.629  ┆ 7.629  ┆ 7.629  ┆ 7.629  ┆ 7.629  ┆ 31.849  ┆ 7.420  ┆ 9.677  ┆ 7.629  ┆ 7.942  │
│ Juliette ┆ 7.842  ┆ 28.884 ┆ 7.842  ┆ 7.842  ┆ 7.842  ┆ 7.842  ┆ 8.450   ┆ 7.629  ┆ 9.908  ┆ 7.842  ┆ 8.205  │
│ Larissa  ┆ 7.842  ┆ 7.842  ┆ 7.842  ┆ 7.842  ┆ 28.884 ┆ 7.842  ┆ 8.450   ┆ 7.629  ┆ 9.908  ┆ 7.842  ┆ 8.205  │
│ Steffi   ┆ 7.842  ┆ 7.842  ┆ 28.884 ┆ 7.842  ┆ 7.842  ┆ 7.842  ┆ 8.450   ┆ 7.629  ┆ 9.908  ┆ 7.842  ┆ 8.205  │
│ Valeria  ┆ 8.340  ┆ 8.340  ┆ 8.340  ┆ 8.340  ┆ 8.340  ┆ 8.340  ┆ 9.003   ┆ 31.337 ┆ 10.618 ┆ 8.340  ┆[38;5;9m 0.000  [39m│
│ Vanessa  ┆ 7.842  ┆ 7.842  ┆ 7.842  ┆ 7.842  ┆ 7.842  ┆ 7.842  ┆ 8.450   ┆ 7.629  ┆ 9.908  ┆ 28.884 ┆ 8.205  │
╰──────────┴────────┴────────┴────────┴────────┴────────┴────────┴─────────┴────────┴────────┴────────┴────────╯
10334811 left -> 23.30100866963131 bits left

0 MB#2.0 E05
Carina -> Burim
-> I = 0.11781991711387982
╭──────────┬────────┬────────┬────────┬────────┬────────┬────────┬─────────┬────────┬────────┬────────┬────────╮
│          ┆ Barkin ┆  Burim ┆  Chris ┆  Deniz ┆  Joel  ┆   Ken  ┆ Kenneth ┆   Max  ┆ Pascal ┆  Sasa  ┆ Marwin │
╞══════════╪════════╪════════╪════════╪════════╪════════╪════════╪═════════╪════════╪════════╪════════╪════════╡
│ Aurelia  ┆ 7.861  ┆ 8.509  ┆ 7.861  ┆ 28.360 ┆ 7.861  ┆ 7.651  ┆ 8.479   ┆ 7.656  ┆ 9.853  ┆ 7.861  ┆ 8.244  │
│ Carina   ┆ 8.392  ┆[38;5;9m 0.000  [39m┆ 8.392  ┆ 8.392  ┆ 8.392  ┆ 30.826 ┆ 9.044   ┆ 8.166  ┆ 10.594 ┆ 8.392  ┆ 8.783  │
│ Caro     ┆ 28.360 ┆ 8.509  ┆ 7.861  ┆ 7.861  ┆ 7.861  ┆ 7.651  ┆ 8.479   ┆ 7.656  ┆ 9.853  ┆ 7.861  ┆ 8.244  │
│ Dorna    ┆ 8.131  ┆ 8.783  ┆ 8.131  ┆ 8.131  ┆ 8.131  ┆ 7.905  ┆[38;5;9m 0.000   [39m┆ 7.886  ┆ 10.312 ┆ 8.131  ┆ 33.993 │
│ Henna    ┆ 7.656  ┆ 8.279  ┆ 7.656  ┆ 7.656  ┆ 7.656  ┆ 7.450  ┆ 31.271  ┆ 7.453  ┆ 9.634  ┆ 7.656  ┆ 7.993  │
│ Juliette ┆ 7.651  ┆ 31.342 ┆ 7.651  ┆ 7.651  ┆ 7.651  ┆ 7.430  ┆ 8.244   ┆ 7.450  ┆ 9.631  ┆ 7.651  ┆ 8.013  │
│ Larissa  ┆ 7.861  ┆ 8.509  ┆ 7.861  ┆ 7.861  ┆ 28.360 ┆ 7.651  ┆ 8.479   ┆ 7.656  ┆ 9.853  ┆ 7.861  ┆ 8.244  │
│ Steffi   ┆ 7.861  ┆ 8.509  ┆ 28.360 ┆ 7.861  ┆ 7.861  ┆ 7.651  ┆ 8.479   ┆ 7.656  ┆ 9.853  ┆ 7.861  ┆ 8.244  │
│ Valeria  ┆ 8.367  ┆ 9.049  ┆ 8.367  ┆ 8.367  ┆ 8.367  ┆ 8.136  ┆ 9.044   ┆ 30.767 ┆ 10.565 ┆ 8.367  ┆[38;5;9m 0.000  [39m│
│ Vanessa  ┆ 7.861  ┆ 8.509  ┆ 7.861  ┆ 7.861  ┆ 7.861  ┆ 7.651  ┆ 8.479   ┆ 7.656  ┆ 9.853  ┆ 28.360 ┆ 8.244  │
╰──────────┴────────┴────────┴────────┴────────┴────────┴────────┴─────────┴────────┴────────┴────────┴────────╯
9524347 left -> 23.18318875251743 bits left

3 MN#2.0 E06
Dorna -> Marwin
Larissa -> Joel
Caro -> Max
Carina -> Ken
Vanessa -> Sasa
Juliette -> Barkin
Valeria -> Pascal
Aurelia -> Burim
Henna -> Kenneth
Steffi -> Chris
-> I = 2.099208936927085
╭──────────┬────────┬────────┬────────┬────────┬────────┬────────┬─────────┬────────┬────────┬────────┬────────╮
│          ┆ Barkin ┆  Burim ┆  Chris ┆  Deniz ┆  Joel  ┆   Ken  ┆ Kenneth ┆   Max  ┆ Pascal ┆  Sasa  ┆ Marwin │
╞══════════╪════════╪════════╪════════╪════════╪════════╪════════╪═════════╪════════╪════════╪════════╪════════╡
│ Aurelia  ┆ 10.652 ┆ 15.865 ┆ 7.517  ┆ 17.200 ┆ 7.517  ┆ 7.199  ┆ 7.917   ┆ 10.633 ┆ 9.806  ┆ 7.517  ┆ 7.738  │
│ Carina   ┆ 9.044  ┆[38;5;9m 0.000  [39m┆ 6.634  ┆ 8.999  ┆ 6.634  ┆ 40.692 ┆ 6.904   ┆ 8.581  ┆ 8.875  ┆ 6.634  ┆ 6.766  │
│ Caro     ┆ 13.667 ┆ 12.634 ┆ 7.919  ┆ 10.798 ┆ 7.919  ┆ 7.536  ┆ 8.347   ┆ 14.159 ┆ 10.246 ┆ 7.919  ┆ 8.113  │
│ Dorna    ┆ 8.502  ┆ 8.645  ┆ 6.160  ┆ 8.489  ┆ 6.160  ┆ 5.866  ┆[38;5;9m 0.000   [39m┆ 7.924  ┆ 8.322  ┆ 6.160  ┆ 43.967 │
│ Henna    ┆ 8.199  ┆ 8.422  ┆ 6.011  ┆ 8.161  ┆ 6.011  ┆ 5.733  ┆ 40.616  ┆ 7.661  ┆ 8.019  ┆ 6.011  ┆ 6.057  │
│ Juliette ┆ 13.254 ┆ 15.748 ┆ 7.880  ┆ 10.430 ┆ 7.880  ┆ 7.548  ┆ 8.294   ┆ 11.492 ┆ 10.730 ┆ 7.880  ┆ 8.187  │
│ Larissa  ┆ 8.488  ┆ 8.721  ┆ 6.254  ┆ 8.445  ┆ 37.447 ┆ 5.965  ┆ 6.519   ┆ 7.927  ┆ 8.298  ┆ 6.254  ┆ 6.391  │
│ Steffi   ┆ 8.488  ┆ 8.721  ┆ 37.447 ┆ 8.445  ┆ 6.254  ┆ 5.965  ┆ 6.519   ┆ 7.927  ┆ 8.298  ┆ 6.254  ┆ 6.391  │
│ Valeria  ┆ 11.219 ┆ 12.523 ┆ 7.925  ┆ 10.586 ┆ 7.925  ┆ 7.531  ┆ 8.366   ┆ 15.770 ┆ 19.108 ┆ 7.925  ┆[38;5;9m 0.000  [39m│
│ Vanessa  ┆ 8.488  ┆ 8.721  ┆ 6.254  ┆ 8.445  ┆ 6.254  ┆ 5.965  ┆ 6.519   ┆ 7.927  ┆ 8.298  ┆ 37.447 ┆ 6.391  │
╰──────────┴────────┴────────┴────────┴────────┴────────┴────────┴─────────┴────────┴────────┴────────┴────────╯
2222851 left -> 21.083979815590347 bits left

1 MB#3.0 E07
Steffi -> Chris
-> I = 1.6817109240403267
╭──────────┬────────┬────────┬─────────┬────────┬────────┬────────┬─────────┬────────┬────────┬────────┬────────╮
│          ┆ Barkin ┆  Burim ┆  Chris  ┆  Deniz ┆  Joel  ┆   Ken  ┆ Kenneth ┆   Max  ┆ Pascal ┆  Sasa  ┆ Marwin │
╞══════════╪════════╪════════╪═════════╪════════╪════════╪════════╪═════════╪════════╪════════╪════════╪════════╡
│ Aurelia  ┆ 12.277 ┆ 13.471 ┆[38;5;9m 0.000   [39m┆ 13.970 ┆ 9.332  ┆ 9.065  ┆ 10.081  ┆ 12.324 ┆ 11.072 ┆ 9.332  ┆ 9.906  │
│ Carina   ┆ 11.130 ┆[38;5;9m 0.000  [39m┆[38;5;9m 0.000   [39m┆ 10.751 ┆ 9.111  ┆ 30.049 ┆ 9.737   ┆ 10.729 ┆ 10.625 ┆ 9.111  ┆ 9.546  │
│ Caro     ┆ 11.406 ┆ 14.642 ┆[38;5;9m 0.000   [39m┆ 11.869 ┆ 9.720  ┆ 9.389  ┆ 10.514  ┆ 11.613 ┆ 11.397 ┆ 9.720  ┆ 10.257 │
│ Dorna    ┆ 10.579 ┆ 11.139 ┆[38;5;9m 0.000   [39m┆ 10.290 ┆ 8.593  ┆ 8.292  ┆[38;5;9m 0.000   [39m┆ 10.007 ┆ 10.141 ┆ 8.593  ┆ 33.613 │
│ Henna    ┆ 9.966  ┆ 10.606 ┆[38;5;9m 0.000   [39m┆ 9.650  ┆ 8.137  ┆ 7.869  ┆ 30.333  ┆ 9.438  ┆ 9.494  ┆ 8.137  ┆ 8.565  │
│ Juliette ┆ 11.028 ┆ 13.212 ┆[38;5;9m 0.000   [39m┆ 11.614 ┆ 9.711  ┆ 9.434  ┆ 10.481  ┆ 13.086 ┆ 11.905 ┆ 9.711  ┆ 10.401 │
│ Larissa  ┆ 10.240 ┆ 10.916 ┆[38;5;9m 0.000   [39m┆ 9.903  ┆ 27.009 ┆ 8.154  ┆ 9.024   ┆ 9.702  ┆ 9.745  ┆ 8.417  ┆ 8.856  │
│ Steffi   ┆[38;5;9m 0.000  [39m┆[38;5;9m 0.000  [39m┆[38;5;10m 100.000 [39m┆[38;5;9m 0.000  [39m┆[38;5;9m 0.000  [39m┆[38;5;9m 0.000  [39m┆[38;5;9m 0.000   [39m┆[38;5;9m 0.000  [39m┆[38;5;9m 0.000  [39m┆[38;5;9m 0.000  [39m┆[38;5;9m 0.000  [39m│
│ Valeria  ┆ 13.135 ┆ 15.098 ┆[38;5;9m 0.000   [39m┆ 12.050 ┆ 9.970  ┆ 9.593  ┆ 10.806  ┆ 13.400 ┆ 15.875 ┆ 9.970  ┆[38;5;9m 0.000  [39m│
│ Vanessa  ┆ 10.240 ┆ 10.916 ┆[38;5;9m 0.000   [39m┆ 9.903  ┆ 8.417  ┆ 8.154  ┆ 9.024   ┆ 9.702  ┆ 9.745  ┆ 27.009 ┆ 8.856  │
╰──────────┴────────┴────────┴─────────┴────────┴────────┴────────┴─────────┴────────┴────────┴────────┴────────╯
692891 left -> 19.40226889155002 bits left

2 MN#3.0 E08
Valeria -> Max
Dorna -> Deniz
Henna -> Ken
Steffi -> Chris
Larissa -> Joel
Juliette -> Barkin
Aurelia -> Kenneth
Caro -> Pascal
Vanessa -> Marwin
Carina -> Sasa
-> I = 1.4910817401192722
╭──────────┬────────┬────────┬─────────┬────────┬────────┬────────┬─────────┬────────┬────────┬────────┬────────╮
│          ┆ Barkin ┆  Burim ┆  Chris  ┆  Deniz ┆  Joel  ┆   Ken  ┆ Kenneth ┆   Max  ┆ Pascal ┆  Sasa  ┆ Marwin │
╞══════════╪════════╪════════╪═════════╪════════╪════════╪════════╪═════════╪════════╪════════╪════════╪════════╡
│ Aurelia  ┆ 12.874 ┆ 14.738 ┆[38;5;9m 0.000   [39m┆ 14.570 ┆ 7.826  ┆ 8.872  ┆ 9.752   ┆ 12.926 ┆ 10.154 ┆ 9.193  ┆ 10.036 │
│ Carina   ┆ 11.813 ┆[38;5;9m 0.000  [39m┆[38;5;9m 0.000   [39m┆ 10.790 ┆ 8.396  ┆ 29.689 ┆ 9.865   ┆ 11.538 ┆ 10.952 ┆ 7.836  ┆ 9.854  │
│ Caro     ┆ 11.575 ┆ 14.095 ┆[38;5;9m 0.000   [39m┆ 11.643 ┆ 8.990  ┆ 9.910  ┆ 10.701  ┆ 11.518 ┆ 10.846 ┆ 10.141 ┆ 11.032 │
│ Dorna    ┆ 11.389 ┆ 10.820 ┆[38;5;9m 0.000   [39m┆ 9.566  ┆ 7.879  ┆ 8.480  ┆[38;5;9m 0.000   [39m┆ 10.720 ┆ 10.501 ┆ 8.863  ┆ 33.049 │
│ Henna    ┆ 10.623 ┆ 10.344 ┆[38;5;9m 0.000   [39m┆ 9.730  ┆ 7.659  ┆ 6.645  ┆ 29.482  ┆ 10.209 ┆ 9.961  ┆ 8.290  ┆ 9.055  │
│ Juliette ┆ 6.878  ┆ 13.787 ┆[38;5;9m 0.000   [39m┆ 12.237 ┆ 9.553  ┆ 9.892  ┆ 11.032  ┆ 13.533 ┆ 12.292 ┆ 10.180 ┆ 10.993 │
│ Larissa  ┆ 10.359 ┆ 9.849  ┆[38;5;9m 0.000   [39m┆ 9.061  ┆ 31.880 ┆ 7.755  ┆ 8.330   ┆ 9.913  ┆ 9.183  ┆ 7.943  ┆ 8.547  │
│ Steffi   ┆[38;5;9m 0.000  [39m┆[38;5;9m 0.000  [39m┆[38;5;10m 100.000 [39m┆[38;5;9m 0.000  [39m┆[38;5;9m 0.000  [39m┆[38;5;9m 0.000  [39m┆[38;5;9m 0.000   [39m┆[38;5;9m 0.000  [39m┆[38;5;9m 0.000  [39m┆[38;5;9m 0.000  [39m┆[38;5;9m 0.000  [39m│
│ Valeria  ┆ 13.625 ┆ 15.716 ┆[38;5;9m 0.000   [39m┆ 12.477 ┆ 9.952  ┆ 10.328 ┆ 11.635  ┆ 9.163  ┆ 15.963 ┆ 10.749 ┆[38;5;9m 0.000  [39m│
│ Vanessa  ┆ 10.864 ┆ 10.649 ┆[38;5;9m 0.000   [39m┆ 9.927  ┆ 7.865  ┆ 8.428  ┆ 9.202   ┆ 10.481 ┆ 10.148 ┆ 26.804 ┆ 7.434  │
╰──────────┴────────┴────────┴─────────┴────────┴────────┴────────┴─────────┴────────┴────────┴────────┴────────╯
246493 left -> 17.911187151430745 bits left

0 MB#4.0 E09
Valeria -> Max
-> I = 0.13865348844493983
╭──────────┬────────┬────────┬─────────┬────────┬────────┬────────┬─────────┬────────┬────────┬────────┬────────╮
│          ┆ Barkin ┆  Burim ┆  Chris  ┆  Deniz ┆  Joel  ┆   Ken  ┆ Kenneth ┆   Max  ┆ Pascal ┆  Sasa  ┆ Marwin │
╞══════════╪════════╪════════╪═════════╪════════╪════════╪════════╪═════════╪════════╪════════╪════════╪════════╡
│ Aurelia  ┆ 13.626 ┆ 7.159  ┆[38;5;9m 0.000   [39m┆ 16.040 ┆ 8.160  ┆ 9.355  ┆ 10.736  ┆ 14.230 ┆ 10.922 ┆ 9.700  ┆ 10.644 │
│ Carina   ┆ 11.185 ┆[38;5;9m 0.000  [39m┆[38;5;9m 0.000   [39m┆ 10.326 ┆ 7.756  ┆ 30.337 ┆ 9.596   ┆ 12.702 ┆ 10.644 ┆ 8.627  ┆ 9.694  │
│ Caro     ┆ 12.696 ┆ 15.306 ┆[38;5;9m 0.000   [39m┆ 10.905 ┆ 8.113  ┆ 9.219  ┆ 10.006  ┆ 12.679 ┆ 11.940 ┆ 9.471  ┆ 10.472 │
│ Dorna    ┆ 10.508 ┆ 11.683 ┆[38;5;9m 0.000   [39m┆ 10.531 ┆ 7.031  ┆ 8.057  ┆[38;5;9m 0.000   [39m┆ 11.802 ┆ 9.972  ┆ 8.449  ┆ 33.538 │
│ Henna    ┆ 9.953  ┆ 11.205 ┆[38;5;9m 0.000   [39m┆ 9.210  ┆ 7.003  ┆ 7.315  ┆ 29.934  ┆ 11.239 ┆ 9.579  ┆ 7.958  ┆ 8.855  │
│ Juliette ┆ 7.571  ┆ 15.178 ┆[38;5;9m 0.000   [39m┆ 11.750 ┆ 8.918  ┆ 9.385  ┆ 10.558  ┆ 14.898 ┆ 12.026 ┆ 9.698  ┆ 10.616 │
│ Larissa  ┆ 9.557  ┆ 10.635 ┆[38;5;9m 0.000   [39m┆ 8.343  ┆ 35.096 ┆ 7.106  ┆ 7.670   ┆ 10.913 ┆ 8.638  ┆ 7.308  ┆ 7.997  │
│ Steffi   ┆[38;5;9m 0.000  [39m┆[38;5;9m 0.000  [39m┆[38;5;10m 100.000 [39m┆[38;5;9m 0.000  [39m┆[38;5;9m 0.000  [39m┆[38;5;9m 0.000  [39m┆[38;5;9m 0.000   [39m┆[38;5;9m 0.000  [39m┆[38;5;9m 0.000  [39m┆[38;5;9m 0.000  [39m┆[38;5;9m 0.000  [39m│
│ Valeria  ┆ 14.701 ┆ 17.302 ┆[38;5;9m 0.000   [39m┆ 13.483 ┆ 10.708 ┆ 11.144 ┆ 12.582  ┆[38;5;9m 0.000  [39m┆ 16.504 ┆ 11.607 ┆[38;5;9m 0.000  [39m│
│ Vanessa  ┆ 10.202 ┆ 11.532 ┆[38;5;9m 0.000   [39m┆ 9.412  ┆ 7.216  ┆ 8.082  ┆ 8.918   ┆ 11.538 ┆ 9.776  ┆ 27.181 ┆ 8.184  │
╰──────────┴────────┴────────┴─────────┴────────┴────────┴────────┴─────────┴────────┴────────┴────────┴────────╯
223906 left -> 17.772533662985808 bits left

3 MN#4.0 E10
Carina -> Pascal
Vanessa -> Sasa
Dorna -> Burim
Valeria -> Joel
Juliette -> Kenneth
Caro -> Max
Steffi -> Chris
Larissa -> Deniz
Henna -> Ken
Aurelia -> Marwin
-> I = 2.2963254061632217
╭──────────┬────────┬────────┬─────────┬────────┬────────┬────────┬─────────┬────────┬────────┬────────┬────────╮
│          ┆ Barkin ┆  Burim ┆  Chris  ┆  Deniz ┆  Joel  ┆   Ken  ┆ Kenneth ┆   Max  ┆ Pascal ┆  Sasa  ┆ Marwin │
╞══════════╪════════╪════════╪═════════╪════════╪════════╪════════╪═════════╪════════╪════════╪════════╪════════╡
│ Aurelia  ┆ 12.711 ┆ 5.737  ┆[38;5;9m 0.000   [39m┆ 15.986 ┆ 7.825  ┆ 8.872  ┆ 12.070  ┆ 12.382 ┆ 9.293  ┆ 5.732  ┆ 20.100 │
│ Carina   ┆ 11.972 ┆[38;5;9m 0.000  [39m┆[38;5;9m 0.000   [39m┆ 9.626  ┆ 8.361  ┆ 24.807 ┆ 9.802   ┆ 11.349 ┆ 18.985 ┆ 6.092  ┆ 9.433  │
│ Caro     ┆ 11.759 ┆ 13.402 ┆[38;5;9m 0.000   [39m┆ 9.723  ┆ 6.838  ┆ 8.832  ┆ 8.823   ┆ 22.717 ┆ 13.472 ┆ 6.287  ┆ 9.365  │
│ Dorna    ┆ 10.835 ┆ 21.909 ┆[38;5;9m 0.000   [39m┆ 11.965 ┆ 6.799  ┆ 8.681  ┆[38;5;9m 0.000   [39m┆ 10.416 ┆ 9.025  ┆ 5.517  ┆ 26.359 │
│ Henna    ┆ 10.899 ┆ 10.627 ┆[38;5;9m 0.000   [39m┆ 8.839  ┆ 7.220  ┆ 12.954 ┆ 23.956  ┆ 11.103 ┆ 10.616 ┆ 6.000  ┆ 9.319  │
│ Juliette ┆ 6.009  ┆ 17.197 ┆[38;5;9m 0.000   [39m┆ 9.622  ┆ 8.521  ┆ 9.170  ┆ 19.444  ┆ 13.722 ┆ 11.434 ┆ 5.923  ┆ 9.499  │
│ Larissa  ┆ 10.192 ┆ 9.887  ┆[38;5;9m 0.000   [39m┆ 14.464 ┆ 29.757 ┆ 7.630  ┆ 7.746   ┆ 9.955  ┆ 9.093  ┆ 5.590  ┆ 8.244  │
│ Steffi   ┆[38;5;9m 0.000  [39m┆[38;5;9m 0.000  [39m┆[38;5;10m 100.000 [39m┆[38;5;9m 0.000  [39m┆[38;5;9m 0.000  [39m┆[38;5;9m 0.000  [39m┆[38;5;9m 0.000   [39m┆[38;5;9m 0.000  [39m┆[38;5;9m 0.000  [39m┆[38;5;9m 0.000  [39m┆[38;5;9m 0.000  [39m│
│ Valeria  ┆ 16.901 ┆ 14.468 ┆[38;5;9m 0.000   [39m┆ 13.042 ┆ 19.248 ┆ 12.450 ┆ 12.281  ┆[38;5;9m 0.000  [39m┆ 10.480 ┆ 8.679  ┆[38;5;9m 0.000  [39m│
│ Vanessa  ┆ 8.723  ┆ 6.772  ┆[38;5;9m 0.000   [39m┆ 6.733  ┆ 5.432  ┆ 6.603  ┆ 5.877   ┆ 8.356  ┆ 7.602  ┆ 50.179 ┆ 7.680  │
╰──────────┴────────┴────────┴─────────┴────────┴────────┴────────┴─────────┴────────┴────────┴────────┴────────╯
45583 left -> 15.476208256822586 bits left

1 MB#5.0 E11
Caro -> Ken
-> I = 7.839583636278954
╭──────────┬────────┬────────┬─────────┬────────┬────────┬─────────┬─────────┬─────────┬────────┬────────┬────────╮
│          ┆ Barkin ┆  Burim ┆  Chris  ┆  Deniz ┆  Joel  ┆   Ken   ┆ Kenneth ┆   Max   ┆ Pascal ┆  Sasa  ┆ Marwin │
╞══════════╪════════╪════════╪═════════╪════════╪════════╪═════════╪═════════╪═════════╪════════╪════════╪════════╡
│ Aurelia  ┆ 8.543  ┆[38;5;9m 0.000  [39m┆[38;5;9m 0.000   [39m┆ 34.673 ┆ 7.035  ┆[38;5;9m 0.000   [39m┆ 17.588  ┆[38;5;9m 0.000   [39m┆ 10.050 ┆ 5.025  ┆ 17.085 │
│ Carina   ┆ 15.075 ┆[38;5;9m 0.000  [39m┆[38;5;9m 0.000   [39m┆ 10.553 ┆ 11.558 ┆[38;5;9m 0.000   [39m┆ 9.548   ┆[38;5;9m 0.000   [39m┆ 16.583 ┆ 20.603 ┆ 16.080 │
│ Caro     ┆[38;5;9m 0.000  [39m┆[38;5;9m 0.000  [39m┆[38;5;9m 0.000   [39m┆[38;5;9m 0.000  [39m┆[38;5;9m 0.000  [39m┆[38;5;10m 100.000 [39m┆[38;5;9m 0.000   [39m┆[38;5;10m 100.000 [39m┆[38;5;9m 0.000  [39m┆[38;5;9m 0.000  [39m┆[38;5;9m 0.000  [39m│
│ Dorna    ┆ 14.573 ┆ 11.055 ┆[38;5;9m 0.000   [39m┆ 14.573 ┆ 7.538  ┆[38;5;9m 0.000   [39m┆[38;5;9m 0.000   [39m┆[38;5;9m 0.000   [39m┆ 15.578 ┆ 14.070 ┆ 22.613 │
│ Henna    ┆ 12.060 ┆ 4.523  ┆[38;5;9m 0.000   [39m┆ 7.035  ┆ 10.050 ┆[38;5;9m 0.000   [39m┆ 27.638  ┆[38;5;9m 0.000   [39m┆ 17.085 ┆ 11.055 ┆ 10.553 │
│ Juliette ┆[38;5;9m 0.000  [39m┆ 65.327 ┆[38;5;9m 0.000   [39m┆[38;5;9m 0.000  [39m┆ 3.015  ┆[38;5;9m 0.000   [39m┆ 10.553  ┆[38;5;9m 0.000   [39m┆ 7.035  ┆ 5.528  ┆ 8.543  │
│ Larissa  ┆ 13.065 ┆ 5.025  ┆[38;5;9m 0.000   [39m┆ 9.548  ┆ 33.166 ┆[38;5;9m 0.000   [39m┆ 4.523   ┆[38;5;9m 0.000   [39m┆ 15.075 ┆ 8.543  ┆ 11.055 │
│ Steffi   ┆[38;5;9m 0.000  [39m┆[38;5;9m 0.000  [39m┆[38;5;10m 100.000 [39m┆[38;5;9m 0.000  [39m┆[38;5;9m 0.000  [39m┆[38;5;9m 0.000   [39m┆[38;5;9m 0.000   [39m┆[38;5;9m 0.000   [39m┆[38;5;9m 0.000  [39m┆[38;5;9m 0.000  [39m┆[38;5;9m 0.000  [39m│
│ Valeria  ┆ 22.613 ┆ 7.538  ┆[38;5;9m 0.000   [39m┆ 15.075 ┆ 18.593 ┆[38;5;9m 0.000   [39m┆ 17.588  ┆[38;5;9m 0.000   [39m┆[38;5;9m 0.000  [39m┆ 18.593 ┆[38;5;9m 0.000  [39m│
│ Vanessa  ┆ 14.070 ┆ 6.533  ┆[38;5;9m 0.000   [39m┆ 8.543  ┆ 9.045  ┆[38;5;9m 0.000   [39m┆ 12.563  ┆[38;5;9m 0.000   [39m┆ 18.593 ┆ 16.583 ┆ 14.070 │
╰──────────┴────────┴────────┴─────────┴────────┴────────┴─────────┴─────────┴─────────┴────────┴────────┴────────╯
199 left -> 7.636624620543649 bits left

4 MN#5.0 E12
Henna -> Kenneth
Caro -> Ken
Dorna -> Burim
Aurelia -> Marwin
Valeria -> Joel
Carina -> Pascal
Vanessa -> Sasa
Larissa -> Deniz
Juliette -> Barkin
Steffi -> Chris
-> I = 1.8552649070189893
╭──────────┬────────┬────────┬─────────┬────────┬────────┬─────────┬─────────┬─────────┬────────┬────────┬────────╮
│          ┆ Barkin ┆  Burim ┆  Chris  ┆  Deniz ┆  Joel  ┆   Ken   ┆ Kenneth ┆   Max   ┆ Pascal ┆  Sasa  ┆ Marwin │
╞══════════╪════════╪════════╪═════════╪════════╪════════╪═════════╪═════════╪═════════╪════════╪════════╪════════╡
│ Aurelia  ┆ 12.727 ┆[38;5;9m 0.000  [39m┆[38;5;9m 0.000   [39m┆ 36.364 ┆ 7.273  ┆[38;5;9m 0.000   [39m┆[38;5;9m 0.000   [39m┆[38;5;9m 0.000   [39m┆ 12.727 ┆ 14.545 ┆ 16.364 │
│ Carina   ┆ 12.727 ┆[38;5;9m 0.000  [39m┆[38;5;9m 0.000   [39m┆ 10.909 ┆ 18.182 ┆[38;5;9m 0.000   [39m┆[38;5;9m 0.000   [39m┆[38;5;9m 0.000   [39m┆ 23.636 ┆ 27.273 ┆ 7.273  │
│ Caro     ┆[38;5;9m 0.000  [39m┆[38;5;9m 0.000  [39m┆[38;5;9m 0.000   [39m┆[38;5;9m 0.000  [39m┆[38;5;9m 0.000  [39m┆[38;5;10m 100.000 [39m┆[38;5;9m 0.000   [39m┆[38;5;10m 100.000 [39m┆[38;5;9m 0.000  [39m┆[38;5;9m 0.000  [39m┆[38;5;9m 0.000  [39m│
│ Dorna    ┆ 20.000 ┆ 12.727 ┆[38;5;9m 0.000   [39m┆ 21.818 ┆ 14.545 ┆[38;5;9m 0.000   [39m┆[38;5;9m 0.000   [39m┆[38;5;9m 0.000   [39m┆ 18.182 ┆ 12.727 ┆[38;5;9m 0.000  [39m│
│ Henna    ┆[38;5;9m 0.000  [39m┆[38;5;9m 0.000  [39m┆[38;5;9m 0.000   [39m┆[38;5;9m 0.000  [39m┆[38;5;9m 0.000  [39m┆[38;5;9m 0.000   [39m┆[38;5;10m 100.000 [39m┆[38;5;9m 0.000   [39m┆[38;5;9m 0.000  [39m┆[38;5;9m 0.000  [39m┆[38;5;9m 0.000  [39m│
│ Juliette ┆[38;5;9m 0.000  [39m┆ 63.636 ┆[38;5;9m 0.000   [39m┆[38;5;9m 0.000  [39m┆ 10.909 ┆[38;5;9m 0.000   [39m┆[38;5;9m 0.000   [39m┆[38;5;9m 0.000   [39m┆ 9.091  ┆ 7.273  ┆ 9.091  │
│ Larissa  ┆ 21.818 ┆ 12.727 ┆[38;5;9m 0.000   [39m┆ 10.909 ┆[38;5;9m 0.000  [39m┆[38;5;9m 0.000   [39m┆[38;5;9m 0.000   [39m┆[38;5;9m 0.000   [39m┆ 21.818 ┆ 16.364 ┆ 16.364 │
│ Steffi   ┆[38;5;9m 0.000  [39m┆[38;5;9m 0.000  [39m┆[38;5;10m 100.000 [39m┆[38;5;9m 0.000  [39m┆[38;5;9m 0.000  [39m┆[38;5;9m 0.000   [39m┆[38;5;9m 0.000   [39m┆[38;5;9m 0.000   [39m┆[38;5;9m 0.000  [39m┆[38;5;9m 0.000  [39m┆[38;5;9m 0.000  [39m│
│ Valeria  ┆ 21.818 ┆ 5.455  ┆[38;5;9m 0.000   [39m┆ 14.545 ┆ 36.364 ┆[38;5;9m 0.000   [39m┆[38;5;9m 0.000   [39m┆[38;5;9m 0.000   [39m┆[38;5;9m 0.000  [39m┆ 21.818 ┆[38;5;9m 0.000  [39m│
│ Vanessa  ┆ 10.909 ┆ 5.455  ┆[38;5;9m 0.000   [39m┆ 5.455  ┆ 12.727 ┆[38;5;9m 0.000   [39m┆[38;5;9m 0.000   [39m┆[38;5;9m 0.000   [39m┆ 14.545 ┆[38;5;9m 0.000  [39m┆ 50.909 │
╰──────────┴────────┴────────┴─────────┴────────┴────────┴─────────┴─────────┴─────────┴────────┴────────┴────────╯
55 left -> 5.78135971352466 bits left

0 MB#6.0 E13
Dorna -> Burim
-> I = 0.1963972128035033
╭──────────┬────────┬────────┬─────────┬────────┬────────┬─────────┬─────────┬─────────┬────────┬────────┬────────╮
│          ┆ Barkin ┆  Burim ┆  Chris  ┆  Deniz ┆  Joel  ┆   Ken   ┆ Kenneth ┆   Max   ┆ Pascal ┆  Sasa  ┆ Marwin │
╞══════════╪════════╪════════╪═════════╪════════╪════════╪═════════╪═════════╪═════════╪════════╪════════╪════════╡
│ Aurelia  ┆ 14.583 ┆[38;5;9m 0.000  [39m┆[38;5;9m 0.000   [39m┆ 27.083 ┆ 8.333  ┆[38;5;9m 0.000   [39m┆[38;5;9m 0.000   [39m┆[38;5;9m 0.000   [39m┆ 14.583 ┆ 16.667 ┆ 18.750 │
│ Carina   ┆ 12.500 ┆[38;5;9m 0.000  [39m┆[38;5;9m 0.000   [39m┆ 12.500 ┆ 14.583 ┆[38;5;9m 0.000   [39m┆[38;5;9m 0.000   [39m┆[38;5;9m 0.000   [39m┆ 27.083 ┆ 25.000 ┆ 8.333  │
│ Caro     ┆[38;5;9m 0.000  [39m┆[38;5;9m 0.000  [39m┆[38;5;9m 0.000   [39m┆[38;5;9m 0.000  [39m┆[38;5;9m 0.000  [39m┆[38;5;10m 100.000 [39m┆[38;5;9m 0.000   [39m┆[38;5;10m 100.000 [39m┆[38;5;9m 0.000  [39m┆[38;5;9m 0.000  [39m┆[38;5;9m 0.000  [39m│
│ Dorna    ┆ 22.917 ┆[38;5;9m 0.000  [39m┆[38;5;9m 0.000   [39m┆ 25.000 ┆ 16.667 ┆[38;5;9m 0.000   [39m┆[38;5;9m 0.000   [39m┆[38;5;9m 0.000   [39m┆ 20.833 ┆ 14.583 ┆[38;5;9m 0.000  [39m│
│ Henna    ┆[38;5;9m 0.000  [39m┆[38;5;9m 0.000  [39m┆[38;5;9m 0.000   [39m┆[38;5;9m 0.000  [39m┆[38;5;9m 0.000  [39m┆[38;5;9m 0.000   [39m┆[38;5;10m 100.000 [39m┆[38;5;9m 0.000   [39m┆[38;5;9m 0.000  [39m┆[38;5;9m 0.000  [39m┆[38;5;9m 0.000  [39m│
│ Juliette ┆[38;5;9m 0.000  [39m┆ 72.917 ┆[38;5;9m 0.000   [39m┆[38;5;9m 0.000  [39m┆ 8.333  ┆[38;5;9m 0.000   [39m┆[38;5;9m 0.000   [39m┆[38;5;9m 0.000   [39m┆ 4.167  ┆ 6.250  ┆ 8.333  │
│ Larissa  ┆ 22.917 ┆ 14.583 ┆[38;5;9m 0.000   [39m┆ 12.500 ┆[38;5;9m 0.000  [39m┆[38;5;9m 0.000   [39m┆[38;5;9m 0.000   [39m┆[38;5;9m 0.000   [39m┆ 18.750 ┆ 16.667 ┆ 14.583 │
│ Steffi   ┆[38;5;9m 0.000  [39m┆[38;5;9m 0.000  [39m┆[38;5;10m 100.000 [39m┆[38;5;9m 0.000  [39m┆[38;5;9m 0.000  [39m┆[38;5;9m 0.000   [39m┆[38;5;9m 0.000   [39m┆[38;5;9m 0.000   [39m┆[38;5;9m 0.000  [39m┆[38;5;9m 0.000  [39m┆[38;5;9m 0.000  [39m│
│ Valeria  ┆ 14.583 ┆ 6.250  ┆[38;5;9m 0.000   [39m┆ 16.667 ┆ 41.667 ┆[38;5;9m 0.000   [39m┆[38;5;9m 0.000   [39m┆[38;5;9m 0.000   [39m┆[38;5;9m 0.000  [39m┆ 20.833 ┆[38;5;9m 0.000  [39m│
│ Vanessa  ┆ 12.500 ┆ 6.250  ┆[38;5;9m 0.000   [39m┆ 6.250  ┆ 10.417 ┆[38;5;9m 0.000   [39m┆[38;5;9m 0.000   [39m┆[38;5;9m 0.000   [39m┆ 14.583 ┆[38;5;9m 0.000  [39m┆ 50.000 │
╰──────────┴────────┴────────┴─────────┴────────┴────────┴─────────┴─────────┴─────────┴────────┴────────┴────────╯
48 left -> 5.584962500721156 bits left

3 MN#6.0 E14
Caro -> Ken
Henna -> Kenneth
Carina -> Sasa
Juliette -> Barkin
Vanessa -> Joel
Valeria -> Pascal
Steffi -> Chris
Larissa -> Marwin
Aurelia -> Burim
Dorna -> Deniz
-> I = 1
╭──────────┬────────┬────────┬─────────┬────────┬────────┬─────────┬─────────┬─────────┬────────┬────────┬─────────╮
│          ┆ Barkin ┆  Burim ┆  Chris  ┆  Deniz ┆  Joel  ┆   Ken   ┆ Kenneth ┆   Max   ┆ Pascal ┆  Sasa  ┆  Marwin │
╞══════════╪════════╪════════╪═════════╪════════╪════════╪═════════╪═════════╪═════════╪════════╪════════╪═════════╡
│ Aurelia  ┆ 16.667 ┆[38;5;9m 0.000  [39m┆[38;5;9m 0.000   [39m┆ 33.333 ┆ 12.500 ┆[38;5;9m 0.000   [39m┆[38;5;9m 0.000   [39m┆[38;5;9m 0.000   [39m┆ 20.833 ┆ 16.667 ┆[38;5;9m 0.000   [39m│
│ Carina   ┆ 16.667 ┆[38;5;9m 0.000  [39m┆[38;5;9m 0.000   [39m┆ 25.000 ┆ 16.667 ┆[38;5;9m 0.000   [39m┆[38;5;9m 0.000   [39m┆[38;5;9m 0.000   [39m┆ 41.667 ┆[38;5;9m 0.000  [39m┆[38;5;9m 0.000   [39m│
│ Caro     ┆[38;5;9m 0.000  [39m┆[38;5;9m 0.000  [39m┆[38;5;9m 0.000   [39m┆[38;5;9m 0.000  [39m┆[38;5;9m 0.000  [39m┆[38;5;10m 100.000 [39m┆[38;5;9m 0.000   [39m┆[38;5;10m 100.000 [39m┆[38;5;9m 0.000  [39m┆[38;5;9m 0.000  [39m┆[38;5;9m 0.000   [39m│
│ Dorna    ┆ 25.000 ┆[38;5;9m 0.000  [39m┆[38;5;9m 0.000   [39m┆[38;5;9m 0.000  [39m┆ 20.833 ┆[38;5;9m 0.000   [39m┆[38;5;9m 0.000   [39m┆[38;5;9m 0.000   [39m┆ 25.000 ┆ 29.167 ┆[38;5;9m 0.000   [39m│
│ Henna    ┆[38;5;9m 0.000  [39m┆[38;5;9m 0.000  [39m┆[38;5;9m 0.000   [39m┆[38;5;9m 0.000  [39m┆[38;5;9m 0.000  [39m┆[38;5;9m 0.000   [39m┆[38;5;10m 100.000 [39m┆[38;5;9m 0.000   [39m┆[38;5;9m 0.000  [39m┆[38;5;9m 0.000  [39m┆[38;5;9m 0.000   [39m│
│ Juliette ┆[38;5;9m 0.000  [39m┆ 66.667 ┆[38;5;9m 0.000   [39m┆[38;5;9m 0.000  [39m┆ 16.667 ┆[38;5;9m 0.000   [39m┆[38;5;9m 0.000   [39m┆[38;5;9m 0.000   [39m┆ 4.167  ┆ 12.500 ┆[38;5;9m 0.000   [39m│
│ Larissa  ┆ 25.000 ┆ 20.833 ┆[38;5;9m 0.000   [39m┆ 25.000 ┆[38;5;9m 0.000  [39m┆[38;5;9m 0.000   [39m┆[38;5;9m 0.000   [39m┆[38;5;9m 0.000   [39m┆ 8.333  ┆ 20.833 ┆[38;5;9m 0.000   [39m│
│ Steffi   ┆[38;5;9m 0.000  [39m┆[38;5;9m 0.000  [39m┆[38;5;10m 100.000 [39m┆[38;5;9m 0.000  [39m┆[38;5;9m 0.000  [39m┆[38;5;9m 0.000   [39m┆[38;5;9m 0.000   [39m┆[38;5;9m 0.000   [39m┆[38;5;9m 0.000  [39m┆[38;5;9m 0.000  [39m┆[38;5;9m 0.000   [39m│
│ Valeria  ┆ 16.667 ┆ 12.500 ┆[38;5;9m 0.000   [39m┆ 16.667 ┆ 33.333 ┆[38;5;9m 0.000   [39m┆[38;5;9m 0.000   [39m┆[38;5;9m 0.000   [39m┆[38;5;9m 0.000  [39m┆ 20.833 ┆[38;5;9m 0.000   [39m│
│ Vanessa  ┆[38;5;9m 0.000  [39m┆[38;5;9m 0.000  [39m┆[38;5;9m 0.000   [39m┆[38;5;9m 0.000  [39m┆[38;5;9m 0.000  [39m┆[38;5;9m 0.000   [39m┆[38;5;9m 0.000   [39m┆[38;5;9m 0.000   [39m┆[38;5;9m 0.000  [39m┆[38;5;9m 0.000  [39m┆[38;5;10m 100.000 [39m│
╰──────────┴────────┴────────┴─────────┴────────┴────────┴─────────┴─────────┴─────────┴────────┴────────┴─────────╯
24 left -> 4.584962500721156 bits left

0 MB#7.0 E15
Juliette -> Joel
-> I = 0.2630344058337938
╭──────────┬────────┬────────┬─────────┬────────┬────────┬─────────┬─────────┬─────────┬────────┬────────┬─────────╮
│          ┆ Barkin ┆  Burim ┆  Chris  ┆  Deniz ┆  Joel  ┆   Ken   ┆ Kenneth ┆   Max   ┆ Pascal ┆  Sasa  ┆  Marwin │
╞══════════╪════════╪════════╪═════════╪════════╪════════╪═════════╪═════════╪═════════╪════════╪════════╪═════════╡
│ Aurelia  ┆ 20.000 ┆[38;5;9m 0.000  [39m┆[38;5;9m 0.000   [39m┆ 20.000 ┆ 15.000 ┆[38;5;9m 0.000   [39m┆[38;5;9m 0.000   [39m┆[38;5;9m 0.000   [39m┆ 25.000 ┆ 20.000 ┆[38;5;9m 0.000   [39m│
│ Carina   ┆ 20.000 ┆[38;5;9m 0.000  [39m┆[38;5;9m 0.000   [39m┆ 30.000 ┆ 20.000 ┆[38;5;9m 0.000   [39m┆[38;5;9m 0.000   [39m┆[38;5;9m 0.000   [39m┆ 30.000 ┆[38;5;9m 0.000  [39m┆[38;5;9m 0.000   [39m│
│ Caro     ┆[38;5;9m 0.000  [39m┆[38;5;9m 0.000  [39m┆[38;5;9m 0.000   [39m┆[38;5;9m 0.000  [39m┆[38;5;9m 0.000  [39m┆[38;5;10m 100.000 [39m┆[38;5;9m 0.000   [39m┆[38;5;10m 100.000 [39m┆[38;5;9m 0.000  [39m┆[38;5;9m 0.000  [39m┆[38;5;9m 0.000   [39m│
│ Dorna    ┆ 20.000 ┆[38;5;9m 0.000  [39m┆[38;5;9m 0.000   [39m┆[38;5;9m 0.000  [39m┆ 25.000 ┆[38;5;9m 0.000   [39m┆[38;5;9m 0.000   [39m┆[38;5;9m 0.000   [39m┆ 30.000 ┆ 25.000 ┆[38;5;9m 0.000   [39m│
│ Henna    ┆[38;5;9m 0.000  [39m┆[38;5;9m 0.000  [39m┆[38;5;9m 0.000   [39m┆[38;5;9m 0.000  [39m┆[38;5;9m 0.000  [39m┆[38;5;9m 0.000   [39m┆[38;5;10m 100.000 [39m┆[38;5;9m 0.000   [39m┆[38;5;9m 0.000  [39m┆[38;5;9m 0.000  [39m┆[38;5;9m 0.000   [39m│
│ Juliette ┆[38;5;9m 0.000  [39m┆[38;5;10m 80.000 [39m┆[38;5;9m 0.000   [39m┆[38;5;9m 0.000  [39m┆[38;5;9m 0.000  [39m┆[38;5;9m 0.000   [39m┆[38;5;9m 0.000   [39m┆[38;5;9m 0.000   [39m┆ 5.000  ┆ 15.000 ┆[38;5;9m 0.000   [39m│
│ Larissa  ┆ 25.000 ┆ 15.000 ┆[38;5;9m 0.000   [39m┆ 30.000 ┆[38;5;9m 0.000  [39m┆[38;5;9m 0.000   [39m┆[38;5;9m 0.000   [39m┆[38;5;9m 0.000   [39m┆ 10.000 ┆ 20.000 ┆[38;5;9m 0.000   [39m│
│ Steffi   ┆[38;5;9m 0.000  [39m┆[38;5;9m 0.000  [39m┆[38;5;10m 100.000 [39m┆[38;5;9m 0.000  [39m┆[38;5;9m 0.000  [39m┆[38;5;9m 0.000   [39m┆[38;5;9m 0.000   [39m┆[38;5;9m 0.000   [39m┆[38;5;9m 0.000  [39m┆[38;5;9m 0.000  [39m┆[38;5;9m 0.000   [39m│
│ Valeria  ┆ 15.000 ┆ 5.000  ┆[38;5;9m 0.000   [39m┆ 20.000 ┆ 40.000 ┆[38;5;9m 0.000   [39m┆[38;5;9m 0.000   [39m┆[38;5;9m 0.000   [39m┆[38;5;9m 0.000  [39m┆ 20.000 ┆[38;5;9m 0.000   [39m│
│ Vanessa  ┆[38;5;9m 0.000  [39m┆[38;5;9m 0.000  [39m┆[38;5;9m 0.000   [39m┆[38;5;9m 0.000  [39m┆[38;5;9m 0.000  [39m┆[38;5;9m 0.000   [39m┆[38;5;9m 0.000   [39m┆[38;5;9m 0.000   [39m┆[38;5;9m 0.000  [39m┆[38;5;9m 0.000  [39m┆[38;5;10m 100.000 [39m│
╰──────────┴────────┴────────┴─────────┴────────┴────────┴─────────┴─────────┴─────────┴────────┴────────┴─────────╯
20 left -> 4.321928094887363 bits left

2 MN#7.0 E16 -- Blackout
Larissa -> Sasa
Carina -> Marwin
Juliette -> Kenneth
Vanessa -> Deniz
Henna -> Burim
Aurelia -> Joel
Valeria -> Pascal
Steffi -> Chris
Caro -> Ken
Dorna -> Barkin
-> I = 0.7369655941662062
╭──────────┬────────┬────────┬─────────┬────────┬────────┬─────────┬─────────┬─────────┬────────┬────────┬─────────╮
│          ┆ Barkin ┆  Burim ┆  Chris  ┆  Deniz ┆  Joel  ┆   Ken   ┆ Kenneth ┆   Max   ┆ Pascal ┆  Sasa  ┆  Marwin │
╞══════════╪════════╪════════╪═════════╪════════╪════════╪═════════╪═════════╪═════════╪════════╪════════╪═════════╡
│ Aurelia  ┆ 16.667 ┆[38;5;9m 0.000  [39m┆[38;5;9m 0.000   [39m┆ 33.333 ┆[38;5;9m 0.000  [39m┆[38;5;9m 0.000   [39m┆[38;5;9m 0.000   [39m┆[38;5;9m 0.000   [39m┆ 25.000 ┆ 25.000 ┆[38;5;9m 0.000   [39m│
│ Carina   ┆ 25.000 ┆[38;5;9m 0.000  [39m┆[38;5;9m 0.000   [39m┆ 25.000 ┆ 25.000 ┆[38;5;9m 0.000   [39m┆[38;5;9m 0.000   [39m┆[38;5;9m 0.000   [39m┆ 25.000 ┆[38;5;9m 0.000  [39m┆[38;5;9m 0.000   [39m│
│ Caro     ┆[38;5;9m 0.000  [39m┆[38;5;9m 0.000  [39m┆[38;5;9m 0.000   [39m┆[38;5;9m 0.000  [39m┆[38;5;9m 0.000  [39m┆[38;5;10m 100.000 [39m┆[38;5;9m 0.000   [39m┆[38;5;10m 100.000 [39m┆[38;5;9m 0.000  [39m┆[38;5;9m 0.000  [39m┆[38;5;9m 0.000   [39m│
│ Dorna    ┆[38;5;9m 0.000  [39m┆[38;5;9m 0.000  [39m┆[38;5;9m 0.000   [39m┆[38;5;9m 0.000  [39m┆ 33.333 ┆[38;5;9m 0.000   [39m┆[38;5;9m 0.000   [39m┆[38;5;9m 0.000   [39m┆ 33.333 ┆ 33.333 ┆[38;5;9m 0.000   [39m│
│ Henna    ┆[38;5;9m 0.000  [39m┆[38;5;9m 0.000  [39m┆[38;5;9m 0.000   [39m┆[38;5;9m 0.000  [39m┆[38;5;9m 0.000  [39m┆[38;5;9m 0.000   [39m┆[38;5;10m 100.000 [39m┆[38;5;9m 0.000   [39m┆[38;5;9m 0.000  [39m┆[38;5;9m 0.000  [39m┆[38;5;9m 0.000   [39m│
│ Juliette ┆[38;5;9m 0.000  [39m┆ 66.667 ┆[38;5;9m 0.000   [39m┆[38;5;9m 0.000  [39m┆[38;5;9m 0.000  [39m┆[38;5;9m 0.000   [39m┆[38;5;9m 0.000   [39m┆[38;5;9m 0.000   [39m┆ 8.333  ┆ 25.000 ┆[38;5;9m 0.000   [39m│
│ Larissa  ┆ 33.333 ┆ 25.000 ┆[38;5;9m 0.000   [39m┆ 33.333 ┆[38;5;9m 0.000  [39m┆[38;5;9m 0.000   [39m┆[38;5;9m 0.000   [39m┆[38;5;9m 0.000   [39m┆ 8.333  ┆[38;5;9m 0.000  [39m┆[38;5;9m 0.000   [39m│
│ Steffi   ┆[38;5;9m 0.000  [39m┆[38;5;9m 0.000  [39m┆[38;5;10m 100.000 [39m┆[38;5;9m 0.000  [39m┆[38;5;9m 0.000  [39m┆[38;5;9m 0.000   [39m┆[38;5;9m 0.000   [39m┆[38;5;9m 0.000   [39m┆[38;5;9m 0.000  [39m┆[38;5;9m 0.000  [39m┆[38;5;9m 0.000   [39m│
│ Valeria  ┆ 25.000 ┆ 8.333  ┆[38;5;9m 0.000   [39m┆ 8.333  ┆ 41.667 ┆[38;5;9m 0.000   [39m┆[38;5;9m 0.000   [39m┆[38;5;9m 0.000   [39m┆[38;5;9m 0.000  [39m┆ 16.667 ┆[38;5;9m 0.000   [39m│
│ Vanessa  ┆[38;5;9m 0.000  [39m┆[38;5;9m 0.000  [39m┆[38;5;9m 0.000   [39m┆[38;5;9m 0.000  [39m┆[38;5;9m 0.000  [39m┆[38;5;9m 0.000   [39m┆[38;5;9m 0.000   [39m┆[38;5;9m 0.000   [39m┆[38;5;9m 0.000  [39m┆[38;5;9m 0.000  [39m┆[38;5;10m 100.000 [39m│
╰──────────┴────────┴────────┴─────────┴────────┴────────┴─────────┴─────────┴─────────┴────────┴────────┴─────────╯
12 left -> 3.584962500721156 bits left

0 MB#8.0 E17
Dorna -> Marwin
-> I = -0
╭──────────┬────────┬────────┬─────────┬────────┬────────┬─────────┬─────────┬─────────┬────────┬────────┬─────────╮
│          ┆ Barkin ┆  Burim ┆  Chris  ┆  Deniz ┆  Joel  ┆   Ken   ┆ Kenneth ┆   Max   ┆ Pascal ┆  Sasa  ┆  Marwin │
╞══════════╪════════╪════════╪═════════╪════════╪════════╪═════════╪═════════╪═════════╪════════╪════════╪═════════╡
│ Aurelia  ┆ 16.667 ┆[38;5;9m 0.000  [39m┆[38;5;9m 0.000   [39m┆ 33.333 ┆[38;5;9m 0.000  [39m┆[38;5;9m 0.000   [39m┆[38;5;9m 0.000   [39m┆[38;5;9m 0.000   [39m┆ 25.000 ┆ 25.000 ┆[38;5;9m 0.000   [39m│
│ Carina   ┆ 25.000 ┆[38;5;9m 0.000  [39m┆[38;5;9m 0.000   [39m┆ 25.000 ┆ 25.000 ┆[38;5;9m 0.000   [39m┆[38;5;9m 0.000   [39m┆[38;5;9m 0.000   [39m┆ 25.000 ┆[38;5;9m 0.000  [39m┆[38;5;9m 0.000   [39m│
│ Caro     ┆[38;5;9m 0.000  [39m┆[38;5;9m 0.000  [39m┆[38;5;9m 0.000   [39m┆[38;5;9m 0.000  [39m┆[38;5;9m 0.000  [39m┆[38;5;10m 100.000 [39m┆[38;5;9m 0.000   [39m┆[38;5;10m 100.000 [39m┆[38;5;9m 0.000  [39m┆[38;5;9m 0.000  [39m┆[38;5;9m 0.000   [39m│
│ Dorna    ┆[38;5;9m 0.000  [39m┆[38;5;9m 0.000  [39m┆[38;5;9m 0.000   [39m┆[38;5;9m 0.000  [39m┆ 33.333 ┆[38;5;9m 0.000   [39m┆[38;5;9m 0.000   [39m┆[38;5;9m 0.000   [39m┆ 33.333 ┆ 33.333 ┆[38;5;9m 0.000   [39m│
│ Henna    ┆[38;5;9m 0.000  [39m┆[38;5;9m 0.000  [39m┆[38;5;9m 0.000   [39m┆[38;5;9m 0.000  [39m┆[38;5;9m 0.000  [39m┆[38;5;9m 0.000   [39m┆[38;5;10m 100.000 [39m┆[38;5;9m 0.000   [39m┆[38;5;9m 0.000  [39m┆[38;5;9m 0.000  [39m┆[38;5;9m 0.000   [39m│
│ Juliette ┆[38;5;9m 0.000  [39m┆ 66.667 ┆[38;5;9m 0.000   [39m┆[38;5;9m 0.000  [39m┆[38;5;9m 0.000  [39m┆[38;5;9m 0.000   [39m┆[38;5;9m 0.000   [39m┆[38;5;9m 0.000   [39m┆ 8.333  ┆ 25.000 ┆[38;5;9m 0.000   [39m│
│ Larissa  ┆ 33.333 ┆ 25.000 ┆[38;5;9m 0.000   [39m┆ 33.333 ┆[38;5;9m 0.000  [39m┆[38;5;9m 0.000   [39m┆[38;5;9m 0.000   [39m┆[38;5;9m 0.000   [39m┆ 8.333  ┆[38;5;9m 0.000  [39m┆[38;5;9m 0.000   [39m│
│ Steffi   ┆[38;5;9m 0.000  [39m┆[38;5;9m 0.000  [39m┆[38;5;10m 100.000 [39m┆[38;5;9m 0.000  [39m┆[38;5;9m 0.000  [39m┆[38;5;9m 0.000   [39m┆[38;5;9m 0.000   [39m┆[38;5;9m 0.000   [39m┆[38;5;9m 0.000  [39m┆[38;5;9m 0.000  [39m┆[38;5;9m 0.000   [39m│
│ Valeria  ┆ 25.000 ┆ 8.333  ┆[38;5;9m 0.000   [39m┆ 8.333  ┆ 41.667 ┆[38;5;9m 0.000   [39m┆[38;5;9m 0.000   [39m┆[38;5;9m 0.000   [39m┆[38;5;9m 0.000  [39m┆ 16.667 ┆[38;5;9m 0.000   [39m│
│ Vanessa  ┆[38;5;9m 0.000  [39m┆[38;5;9m 0.000  [39m┆[38;5;9m 0.000   [39m┆[38;5;9m 0.000  [39m┆[38;5;9m 0.000  [39m┆[38;5;9m 0.000   [39m┆[38;5;9m 0.000   [39m┆[38;5;9m 0.000   [39m┆[38;5;9m 0.000  [39m┆[38;5;9m 0.000  [39m┆[38;5;10m 100.000 [39m│
╰──────────┴────────┴────────┴─────────┴────────┴────────┴─────────┴─────────┴─────────┴────────┴────────┴─────────╯
12 left -> 3.584962500721156 bits left

2 MN#8.0 E18 -- Blackout
Steffi -> Chris
Juliette -> Barkin
Larissa -> Pascal
Aurelia -> Marwin
Carina -> Kenneth
Henna -> Deniz
Vanessa -> Sasa
Valeria -> Burim
Caro -> Ken
Dorna -> Joel
-> I = 0.7776075786635522
╭──────────┬────────┬────────┬─────────┬────────┬────────┬─────────┬─────────┬─────────┬────────┬────────┬─────────╮
│          ┆ Barkin ┆  Burim ┆  Chris  ┆  Deniz ┆  Joel  ┆   Ken   ┆ Kenneth ┆   Max   ┆ Pascal ┆  Sasa  ┆  Marwin │
╞══════════╪════════╪════════╪═════════╪════════╪════════╪═════════╪═════════╪═════════╪════════╪════════╪═════════╡
│ Aurelia  ┆ 14.286 ┆[38;5;9m 0.000  [39m┆[38;5;9m 0.000   [39m┆ 28.571 ┆[38;5;9m 0.000  [39m┆[38;5;9m 0.000   [39m┆[38;5;9m 0.000   [39m┆[38;5;9m 0.000   [39m┆ 28.571 ┆ 28.571 ┆[38;5;9m 0.000   [39m│
│ Carina   ┆ 28.571 ┆[38;5;9m 0.000  [39m┆[38;5;9m 0.000   [39m┆ 28.571 ┆ 42.857 ┆[38;5;9m 0.000   [39m┆[38;5;9m 0.000   [39m┆[38;5;9m 0.000   [39m┆[38;5;9m 0.000  [39m┆[38;5;9m 0.000  [39m┆[38;5;9m 0.000   [39m│
│ Caro     ┆[38;5;9m 0.000  [39m┆[38;5;9m 0.000  [39m┆[38;5;9m 0.000   [39m┆[38;5;9m 0.000  [39m┆[38;5;9m 0.000  [39m┆[38;5;10m 100.000 [39m┆[38;5;9m 0.000   [39m┆[38;5;10m 100.000 [39m┆[38;5;9m 0.000  [39m┆[38;5;9m 0.000  [39m┆[38;5;9m 0.000   [39m│
│ Dorna    ┆[38;5;9m 0.000  [39m┆[38;5;9m 0.000  [39m┆[38;5;9m 0.000   [39m┆[38;5;9m 0.000  [39m┆[38;5;9m 0.000  [39m┆[38;5;9m 0.000   [39m┆[38;5;9m 0.000   [39m┆[38;5;9m 0.000   [39m┆ 57.143 ┆ 42.857 ┆[38;5;9m 0.000   [39m│
│ Henna    ┆[38;5;9m 0.000  [39m┆[38;5;9m 0.000  [39m┆[38;5;9m 0.000   [39m┆[38;5;9m 0.000  [39m┆[38;5;9m 0.000  [39m┆[38;5;9m 0.000   [39m┆[38;5;10m 100.000 [39m┆[38;5;9m 0.000   [39m┆[38;5;9m 0.000  [39m┆[38;5;9m 0.000  [39m┆[38;5;9m 0.000   [39m│
│ Juliette ┆[38;5;9m 0.000  [39m┆ 71.429 ┆[38;5;9m 0.000   [39m┆[38;5;9m 0.000  [39m┆[38;5;9m 0.000  [39m┆[38;5;9m 0.000   [39m┆[38;5;9m 0.000   [39m┆[38;5;9m 0.000   [39m┆ 14.286 ┆ 14.286 ┆[38;5;9m 0.000   [39m│
│ Larissa  ┆ 28.571 ┆ 28.571 ┆[38;5;9m 0.000   [39m┆ 42.857 ┆[38;5;9m 0.000  [39m┆[38;5;9m 0.000   [39m┆[38;5;9m 0.000   [39m┆[38;5;9m 0.000   [39m┆[38;5;9m 0.000  [39m┆[38;5;9m 0.000  [39m┆[38;5;9m 0.000   [39m│
│ Steffi   ┆[38;5;9m 0.000  [39m┆[38;5;9m 0.000  [39m┆[38;5;10m 100.000 [39m┆[38;5;9m 0.000  [39m┆[38;5;9m 0.000  [39m┆[38;5;9m 0.000   [39m┆[38;5;9m 0.000   [39m┆[38;5;9m 0.000   [39m┆[38;5;9m 0.000  [39m┆[38;5;9m 0.000  [39m┆[38;5;9m 0.000   [39m│
│ Valeria  ┆ 28.571 ┆[38;5;9m 0.000  [39m┆[38;5;9m 0.000   [39m┆[38;5;9m 0.000  [39m┆ 57.143 ┆[38;5;9m 0.000   [39m┆[38;5;9m 0.000   [39m┆[38;5;9m 0.000   [39m┆[38;5;9m 0.000  [39m┆ 14.286 ┆[38;5;9m 0.000   [39m│
│ Vanessa  ┆[38;5;9m 0.000  [39m┆[38;5;9m 0.000  [39m┆[38;5;9m 0.000   [39m┆[38;5;9m 0.000  [39m┆[38;5;9m 0.000  [39m┆[38;5;9m 0.000   [39m┆[38;5;9m 0.000   [39m┆[38;5;9m 0.000   [39m┆[38;5;9m 0.000  [39m┆[38;5;9m 0.000  [39m┆[38;5;10m 100.000 [39m│
╰──────────┴────────┴────────┴─────────┴────────┴────────┴─────────┴─────────┴─────────┴────────┴────────┴─────────╯
7 left -> 2.807354922057604 bits left

0 MB#9.0 E19
Carina -> Pascal
-> I = -0
╭──────────┬────────┬────────┬─────────┬────────┬────────┬─────────┬─────────┬─────────┬────────┬────────┬─────────╮
│          ┆ Barkin ┆  Burim ┆  Chris  ┆  Deniz ┆  Joel  ┆   Ken   ┆ Kenneth ┆   Max   ┆ Pascal ┆  Sasa  ┆  Marwin │
╞══════════╪════════╪════════╪═════════╪════════╪════════╪═════════╪═════════╪═════════╪════════╪════════╪═════════╡
│ Aurelia  ┆ 14.286 ┆[38;5;9m 0.000  [39m┆[38;5;9m 0.000   [39m┆ 28.571 ┆[38;5;9m 0.000  [39m┆[38;5;9m 0.000   [39m┆[38;5;9m 0.000   [39m┆[38;5;9m 0.000   [39m┆ 28.571 ┆ 28.571 ┆[38;5;9m 0.000   [39m│
│ Carina   ┆ 28.571 ┆[38;5;9m 0.000  [39m┆[38;5;9m 0.000   [39m┆ 28.571 ┆ 42.857 ┆[38;5;9m 0.000   [39m┆[38;5;9m 0.000   [39m┆[38;5;9m 0.000   [39m┆[38;5;9m 0.000  [39m┆[38;5;9m 0.000  [39m┆[38;5;9m 0.000   [39m│
│ Caro     ┆[38;5;9m 0.000  [39m┆[38;5;9m 0.000  [39m┆[38;5;9m 0.000   [39m┆[38;5;9m 0.000  [39m┆[38;5;9m 0.000  [39m┆[38;5;10m 100.000 [39m┆[38;5;9m 0.000   [39m┆[38;5;10m 100.000 [39m┆[38;5;9m 0.000  [39m┆[38;5;9m 0.000  [39m┆[38;5;9m 0.000   [39m│
│ Dorna    ┆[38;5;9m 0.000  [39m┆[38;5;9m 0.000  [39m┆[38;5;9m 0.000   [39m┆[38;5;9m 0.000  [39m┆[38;5;9m 0.000  [39m┆[38;5;9m 0.000   [39m┆[38;5;9m 0.000   [39m┆[38;5;9m 0.000   [39m┆ 57.143 ┆ 42.857 ┆[38;5;9m 0.000   [39m│
│ Henna    ┆[38;5;9m 0.000  [39m┆[38;5;9m 0.000  [39m┆[38;5;9m 0.000   [39m┆[38;5;9m 0.000  [39m┆[38;5;9m 0.000  [39m┆[38;5;9m 0.000   [39m┆[38;5;10m 100.000 [39m┆[38;5;9m 0.000   [39m┆[38;5;9m 0.000  [39m┆[38;5;9m 0.000  [39m┆[38;5;9m 0.000   [39m│
│ Juliette ┆[38;5;9m 0.000  [39m┆ 71.429 ┆[38;5;9m 0.000   [39m┆[38;5;9m 0.000  [39m┆[38;5;9m 0.000  [39m┆[38;5;9m 0.000   [39m┆[38;5;9m 0.000   [39m┆[38;5;9m 0.000   [39m┆ 14.286 ┆ 14.286 ┆[38;5;9m 0.000   [39m│
│ Larissa  ┆ 28.571 ┆ 28.571 ┆[38;5;9m 0.000   [39m┆ 42.857 ┆[38;5;9m 0.000  [39m┆[38;5;9m 0.000   [39m┆[38;5;9m 0.000   [39m┆[38;5;9m 0.000   [39m┆[38;5;9m 0.000  [39m┆[38;5;9m 0.000  [39m┆[38;5;9m 0.000   [39m│
│ Steffi   ┆[38;5;9m 0.000  [39m┆[38;5;9m 0.000  [39m┆[38;5;10m 100.000 [39m┆[38;5;9m 0.000  [39m┆[38;5;9m 0.000  [39m┆[38;5;9m 0.000   [39m┆[38;5;9m 0.000   [39m┆[38;5;9m 0.000   [39m┆[38;5;9m 0.000  [39m┆[38;5;9m 0.000  [39m┆[38;5;9m 0.000   [39m│
│ Valeria  ┆ 28.571 ┆[38;5;9m 0.000  [39m┆[38;5;9m 0.000   [39m┆[38;5;9m 0.000  [39m┆ 57.143 ┆[38;5;9m 0.000   [39m┆[38;5;9m 0.000   [39m┆[38;5;9m 0.000   [39m┆[38;5;9m 0.000  [39m┆ 14.286 ┆[38;5;9m 0.000   [39m│
│ Vanessa  ┆[38;5;9m 0.000  [39m┆[38;5;9m 0.000  [39m┆[38;5;9m 0.000   [39m┆[38;5;9m 0.000  [39m┆[38;5;9m 0.000  [39m┆[38;5;9m 0.000   [39m┆[38;5;9m 0.000   [39m┆[38;5;9m 0.000   [39m┆[38;5;9m 0.000  [39m┆[38;5;9m 0.000  [39m┆[38;5;10m 100.000 [39m│
╰──────────┴────────┴────────┴─────────┴────────┴────────┴─────────┴─────────┴─────────┴────────┴────────┴─────────╯
7 left -> 2.807354922057604 bits left

10 MN#10.0 E21 -- finale
Larissa -> Barkin
Carina -> Deniz
Aurelia -> Pascal
Valeria -> Joel
Caro -> Ken
Vanessa -> Marwin
Dorna -> Sasa
Juliette -> Burim
Henna -> Kenneth
Steffi -> Chris
-> I = 2.8073549220576037
╭──────────┬─────────┬─────────┬─────────┬─────────┬─────────┬─────────┬─────────┬─────────┬─────────┬─────────┬─────────╮
│          ┆  Barkin ┆  Burim  ┆  Chris  ┆  Deniz  ┆   Joel  ┆   Ken   ┆ Kenneth ┆   Max   ┆  Pascal ┆   Sasa  ┆  Marwin │
╞══════════╪═════════╪═════════╪═════════╪═════════╪═════════╪═════════╪═════════╪═════════╪═════════╪═════════╪═════════╡
│ Aurelia  ┆[38;5;9m 0.000   [39m┆[38;5;9m 0.000   [39m┆[38;5;9m 0.000   [39m┆[38;5;9m 0.000   [39m┆[38;5;9m 0.000   [39m┆[38;5;9m 0.000   [39m┆[38;5;9m 0.000   [39m┆[38;5;9m 0.000   [39m┆[38;5;10m 100.000 [39m┆[38;5;9m 0.000   [39m┆[38;5;9m 0.000   [39m│
│ Carina   ┆[38;5;9m 0.000   [39m┆[38;5;9m 0.000   [39m┆[38;5;9m 0.000   [39m┆[38;5;10m 100.000 [39m┆[38;5;9m 0.000   [39m┆[38;5;9m 0.000   [39m┆[38;5;9m 0.000   [39m┆[38;5;9m 0.000   [39m┆[38;5;9m 0.000   [39m┆[38;5;9m 0.000   [39m┆[38;5;9m 0.000   [39m│
│ Caro     ┆[38;5;9m 0.000   [39m┆[38;5;9m 0.000   [39m┆[38;5;9m 0.000   [39m┆[38;5;9m 0.000   [39m┆[38;5;9m 0.000   [39m┆[38;5;10m 100.000 [39m┆[38;5;9m 0.000   [39m┆[38;5;10m 100.000 [39m┆[38;5;9m 0.000   [39m┆[38;5;9m 0.000   [39m┆[38;5;9m 0.000   [39m│
│ Dorna    ┆[38;5;9m 0.000   [39m┆[38;5;9m 0.000   [39m┆[38;5;9m 0.000   [39m┆[38;5;9m 0.000   [39m┆[38;5;9m 0.000   [39m┆[38;5;9m 0.000   [39m┆[38;5;9m 0.000   [39m┆[38;5;9m 0.000   [39m┆[38;5;9m 0.000   [39m┆[38;5;10m 100.000 [39m┆[38;5;9m 0.000   [39m│
│ Henna    ┆[38;5;9m 0.000   [39m┆[38;5;9m 0.000   [39m┆[38;5;9m 0.000   [39m┆[38;5;9m 0.000   [39m┆[38;5;9m 0.000   [39m┆[38;5;9m 0.000   [39m┆[38;5;10m 100.000 [39m┆[38;5;9m 0.000   [39m┆[38;5;9m 0.000   [39m┆[38;5;9m 0.000   [39m┆[38;5;9m 0.000   [39m│
│ Juliette ┆[38;5;9m 0.000   [39m┆[38;5;10m 100.000 [39m┆[38;5;9m 0.000   [39m┆[38;5;9m 0.000   [39m┆[38;5;9m 0.000   [39m┆[38;5;9m 0.000   [39m┆[38;5;9m 0.000   [39m┆[38;5;9m 0.000   [39m┆[38;5;9m 0.000   [39m┆[38;5;9m 0.000   [39m┆[38;5;9m 0.000   [39m│
│ Larissa  ┆[38;5;10m 100.000 [39m┆[38;5;9m 0.000   [39m┆[38;5;9m 0.000   [39m┆[38;5;9m 0.000   [39m┆[38;5;9m 0.000   [39m┆[38;5;9m 0.000   [39m┆[38;5;9m 0.000   [39m┆[38;5;9m 0.000   [39m┆[38;5;9m 0.000   [39m┆[38;5;9m 0.000   [39m┆[38;5;9m 0.000   [39m│
│ Steffi   ┆[38;5;9m 0.000   [39m┆[38;5;9m 0.000   [39m┆[38;5;10m 100.000 [39m┆[38;5;9m 0.000   [39m┆[38;5;9m 0.000   [39m┆[38;5;9m 0.000   [39m┆[38;5;9m 0.000   [39m┆[38;5;9m 0.000   [39m┆[38;5;9m 0.000   [39m┆[38;5;9m 0.000   [39m┆[38;5;9m 0.000   [39m│
│ Valeria  ┆[38;5;9m 0.000   [39m┆[38;5;9m 0.000   [39m┆[38;5;9m 0.000   [39m┆[38;5;9m 0.000   [39m┆[38;5;10m 100.000 [39m┆[38;5;9m 0.000   [39m┆[38;5;9m 0.000   [39m┆[38;5;9m 0.000   [39m┆[38;5;9m 0.000   [39m┆[38;5;9m 0.000   [39m┆[38;5;9m 0.000   [39m│
│ Vanessa  ┆[38;5;9m 0.000   [39m┆[38;5;9m 0.000   [39m┆[38;5;9m 0.000   [39m┆[38;5;9m 0.000   [39m┆[38;5;9m 0.000   [39m┆[38;5;9m 0.000   [39m┆[38;5;9m 0.000   [39m┆[38;5;9m 0.000   [39m┆[38;5;9m 0.000   [39m┆[38;5;9m 0.000   [39m┆[38;5;10m 100.000 [39m│
╰──────────┴─────────┴─────────┴─────────┴─────────┴─────────┴─────────┴─────────┴─────────┴─────────┴─────────┴─────────╯
1 left -> 0 bits left

╭─────────┬────┬─────────┬─────────┬────────┬─────────┬─────────┬──────────┬─────────┬────────┬─────────┬─────────┬───┬─────────────────────╮
│         ┆  L ┆ Aurelia ┆  Carina ┆  Caro  ┆  Dorna  ┆  Henna  ┆ Juliette ┆ Larissa ┆ Steffi ┆ Valeria ┆ Vanessa ┆   ┆          I          │
╞═════════╪════╪═════════╪═════════╪════════╪═════════╪═════════╪══════════╪═════════╪════════╪═════════╪═════════╪═══╪═════════════════════╡
│ MB#1.0  ┆ 0  ┆         ┆         ┆        ┆         ┆         ┆          ┆         ┆        ┆ Marwin  ┆         ┆   ┆ 0.15200309344504995 │
│ MB#1.2  ┆ 0  ┆         ┆         ┆        ┆ Kenneth ┆         ┆          ┆         ┆        ┆         ┆         ┆   ┆ 0.15038481504666718 │
│ MN#1.0  ┆ 3  ┆ Deniz   ┆ Ken     ┆ Barkin ┆ Marwin  ┆ Kenneth ┆ Burim    ┆ Joel    ┆ Chris  ┆ Max     ┆ Sasa    ┆   ┆ 3.9690242501185837  │
│ MB#2.0  ┆ 0  ┆         ┆ Burim   ┆        ┆         ┆         ┆          ┆         ┆        ┆         ┆         ┆   ┆ 0.11781991711387982 │
│ MN#2.0  ┆ 3  ┆ Burim   ┆ Ken     ┆ Max    ┆ Marwin  ┆ Kenneth ┆ Barkin   ┆ Joel    ┆ Chris  ┆ Pascal  ┆ Sasa    ┆   ┆ 2.099208936927085   │
│ MB#3.0  ┆ 1  ┆         ┆         ┆        ┆         ┆         ┆          ┆         ┆ Chris  ┆         ┆         ┆   ┆ 1.6817109240403267  │
│ MN#3.0  ┆ 2  ┆ Kenneth ┆ Sasa    ┆ Pascal ┆ Deniz   ┆ Ken     ┆ Barkin   ┆ Joel    ┆ Chris  ┆ Max     ┆ Marwin  ┆   ┆ 1.4910817401192722  │
│ MB#4.0  ┆ 0  ┆         ┆         ┆        ┆         ┆         ┆          ┆         ┆        ┆ Max     ┆         ┆   ┆ 0.13865348844493983 │
│ MN#4.0  ┆ 3  ┆ Marwin  ┆ Pascal  ┆ Max    ┆ Burim   ┆ Ken     ┆ Kenneth  ┆ Deniz   ┆ Chris  ┆ Joel    ┆ Sasa    ┆   ┆ 2.2963254061632217  │
│ MB#5.0  ┆ 1  ┆         ┆         ┆ Ken    ┆         ┆         ┆          ┆         ┆        ┆         ┆         ┆   ┆ 7.839583636278954   │
│ MN#5.0  ┆ 4  ┆ Marwin  ┆ Pascal  ┆ Ken    ┆ Burim   ┆ Kenneth ┆ Barkin   ┆ Deniz   ┆ Chris  ┆ Joel    ┆ Sasa    ┆   ┆ 1.8552649070189893  │
│ MB#6.0  ┆ 0  ┆         ┆         ┆        ┆ Burim   ┆         ┆          ┆         ┆        ┆         ┆         ┆   ┆ 0.1963972128035033  │
│ MN#6.0  ┆ 3  ┆ Burim   ┆ Sasa    ┆ Ken    ┆ Deniz   ┆ Kenneth ┆ Barkin   ┆ Marwin  ┆ Chris  ┆ Pascal  ┆ Joel    ┆   ┆ 1                   │
│ MB#7.0  ┆ 0  ┆         ┆         ┆        ┆         ┆         ┆ Joel     ┆         ┆        ┆         ┆         ┆   ┆ 0.2630344058337938  │
│ MN#7.0  ┆ 2  ┆ Joel    ┆ Marwin  ┆ Ken    ┆ Barkin  ┆ Burim   ┆ Kenneth  ┆ Sasa    ┆ Chris  ┆ Pascal  ┆ Deniz   ┆   ┆ 0.7369655941662062  │
│ MB#8.0  ┆ 0  ┆         ┆         ┆        ┆ Marwin  ┆         ┆          ┆         ┆        ┆         ┆         ┆   ┆ -0                  │
│ MN#8.0  ┆ 2  ┆ Marwin  ┆ Kenneth ┆ Ken    ┆ Joel    ┆ Deniz   ┆ Barkin   ┆ Pascal  ┆ Chris  ┆ Burim   ┆ Sasa    ┆   ┆ 0.7776075786635522  │
│ MB#9.0  ┆ 0  ┆         ┆ Pascal  ┆        ┆         ┆         ┆          ┆         ┆        ┆         ┆         ┆   ┆ -0                  │
│ MN#10.0 ┆ 10 ┆ Pascal  ┆ Deniz   ┆ Ken    ┆ Sasa    ┆ Kenneth ┆ Burim    ┆ Barkin  ┆ Chris  ┆ Joel    ┆ Marwin  ┆   ┆ 2.8073549220576037  │
╰─────────┴────┴─────────┴─────────┴────────┴─────────┴─────────┴──────────┴─────────┴────────┴─────────┴─────────┴───┴─────────────────────╯
Total permutations: 199584000  Permutations left: 1  Initial combinations for each pair: 19958400

Ran in 64.89s
