1671809934.5454707
+----------+--------+-------+-------+-------+------+------+---------+------+--------+------+--------+
|          | Barkin | Burim | Chris | Deniz | Joel | Ken  | Kenneth | Max  | Pascal | Sasa | Marwin |
+----------+--------+-------+-------+-------+------+------+---------+------+--------+------+--------+
| Aurelia  |  10.0  |  10.0 |  10.0 |  10.0 | 10.0 | 10.0 |   10.0  | 10.0 |  10.0  | 10.0 |  10.0  |
|  Carina  |  10.0  |  10.0 |  10.0 |  10.0 | 10.0 | 10.0 |   10.0  | 10.0 |  10.0  | 10.0 |  10.0  |
|   Caro   |  10.0  |  10.0 |  10.0 |  10.0 | 10.0 | 10.0 |   10.0  | 10.0 |  10.0  | 10.0 |  10.0  |
|  Dorna   |  10.0  |  10.0 |  10.0 |  10.0 | 10.0 | 10.0 |   10.0  | 10.0 |  10.0  | 10.0 |  10.0  |
|  Henna   |  10.0  |  10.0 |  10.0 |  10.0 | 10.0 | 10.0 |   10.0  | 10.0 |  10.0  | 10.0 |  10.0  |
| Juliette |  10.0  |  10.0 |  10.0 |  10.0 | 10.0 | 10.0 |   10.0  | 10.0 |  10.0  | 10.0 |  10.0  |
| Larissa  |  10.0  |  10.0 |  10.0 |  10.0 | 10.0 | 10.0 |   10.0  | 10.0 |  10.0  | 10.0 |  10.0  |
|  Steffi  |  10.0  |  10.0 |  10.0 |  10.0 | 10.0 | 10.0 |   10.0  | 10.0 |  10.0  | 10.0 |  10.0  |
| Valeria  |  10.0  |  10.0 |  10.0 |  10.0 | 10.0 | 10.0 |   10.0  | 10.0 |  10.0  | 10.0 |  10.0  |
| Vanessa  |  10.0  |  10.0 |  10.0 |  10.0 | 10.0 | 10.0 |   10.0  | 10.0 |  10.0  | 10.0 |  10.0  |
+----------+--------+-------+-------+-------+------+------+---------+------+--------+------+--------+
199584000 left -> 27.57242082824161 bits left

0 MB#1.0 E02
Valeria -> Marwin
-> I = 0.15200309344504995
+----------+--------+-------+-------+-------+-------+-------+---------+-------+--------+-------+--------+
|          | Barkin | Burim | Chris | Deniz |  Joel |  Ken  | Kenneth |  Max  | Pascal |  Sasa | Marwin |
+----------+--------+-------+-------+-------+-------+-------+---------+-------+--------+-------+--------+
| Aurelia  | 9.899  | 9.899 | 9.899 | 9.899 | 9.899 | 9.899 |  9.899  | 9.899 | 9.899  | 9.899 | 11.11  |
|  Carina  | 9.899  | 9.899 | 9.899 | 9.899 | 9.899 | 9.899 |  9.899  | 9.899 | 9.899  | 9.899 | 11.11  |
|   Caro   | 9.899  | 9.899 | 9.899 | 9.899 | 9.899 | 9.899 |  9.899  | 9.899 | 9.899  | 9.899 | 11.11  |
|  Dorna   | 9.899  | 9.899 | 9.899 | 9.899 | 9.899 | 9.899 |  9.899  | 9.899 | 9.899  | 9.899 | 11.11  |
|  Henna   | 9.899  | 9.899 | 9.899 | 9.899 | 9.899 | 9.899 |  9.899  | 9.899 | 9.899  | 9.899 | 11.11  |
| Juliette | 9.899  | 9.899 | 9.899 | 9.899 | 9.899 | 9.899 |  9.899  | 9.899 | 9.899  | 9.899 | 11.11  |
| Larissa  | 9.899  | 9.899 | 9.899 | 9.899 | 9.899 | 9.899 |  9.899  | 9.899 | 9.899  | 9.899 | 11.11  |
|  Steffi  | 9.899  | 9.899 | 9.899 | 9.899 | 9.899 | 9.899 |  9.899  | 9.899 | 9.899  | 9.899 | 11.11  |
| Valeria  | 10.91  | 10.91 | 10.91 | 10.91 | 10.91 | 10.91 |  10.91  | 10.91 | 10.91  | 10.91 |  0.0   |
| Vanessa  | 9.899  | 9.899 | 9.899 | 9.899 | 9.899 | 9.899 |  9.899  | 9.899 | 9.899  | 9.899 | 11.11  |
+----------+--------+-------+-------+-------+-------+-------+---------+-------+--------+-------+--------+
179625600 left -> 27.420417734796562 bits left

0 MB#1.2 E03
Dorna -> Kenneth
-> I = 0.15038481504666718
+----------+--------+-------+-------+-------+-------+-------+---------+-------+--------+-------+--------+
|          | Barkin | Burim | Chris | Deniz |  Joel |  Ken  | Kenneth |  Max  | Pascal |  Sasa | Marwin |
+----------+--------+-------+-------+-------+-------+-------+---------+-------+--------+-------+--------+
| Aurelia  | 9.803  | 9.803 | 9.803 | 9.803 | 9.803 | 9.803 |  10.99  | 9.803 | 9.803  | 9.803 | 10.99  |
|  Carina  | 9.803  | 9.803 | 9.803 | 9.803 | 9.803 | 9.803 |  10.99  | 9.803 | 9.803  | 9.803 | 10.99  |
|   Caro   | 9.803  | 9.803 | 9.803 | 9.803 | 9.803 | 9.803 |  10.99  | 9.803 | 9.803  | 9.803 | 10.99  |
|  Dorna   | 10.79  | 10.79 | 10.79 | 10.79 | 10.79 | 10.79 |   0.0   | 10.79 | 10.79  | 10.79 | 12.11  |
|  Henna   | 9.803  | 9.803 | 9.803 | 9.803 | 9.803 | 9.803 |  10.99  | 9.803 | 9.803  | 9.803 | 10.99  |
| Juliette | 9.803  | 9.803 | 9.803 | 9.803 | 9.803 | 9.803 |  10.99  | 9.803 | 9.803  | 9.803 | 10.99  |
| Larissa  | 9.803  | 9.803 | 9.803 | 9.803 | 9.803 | 9.803 |  10.99  | 9.803 | 9.803  | 9.803 | 10.99  |
|  Steffi  | 9.803  | 9.803 | 9.803 | 9.803 | 9.803 | 9.803 |  10.99  | 9.803 | 9.803  | 9.803 | 10.99  |
| Valeria  | 10.79  | 10.79 | 10.79 | 10.79 | 10.79 | 10.79 |  12.11  | 10.79 | 10.79  | 10.79 |  0.0   |
| Vanessa  | 9.803  | 9.803 | 9.803 | 9.803 | 9.803 | 9.803 |  10.99  | 9.803 | 9.803  | 9.803 | 10.99  |
+----------+--------+-------+-------+-------+-------+-------+---------+-------+--------+-------+--------+
161844480 left -> 27.270032919749895 bits left

3 MN#1.0 E04
Aurelia -> Deniz
Carina -> Ken
Caro -> Barkin
Dorna -> Marwin
Henna -> Kenneth
Juliette -> Burim
Larissa -> Joel
Steffi -> Chris
Valeria -> Max
Vanessa -> Sasa
-> I = 3.9690242501185837
+----------+--------+-------+-------+-------+-------+-------+---------+-------+--------+-------+--------+
|          | Barkin | Burim | Chris | Deniz |  Joel |  Ken  | Kenneth |  Max  | Pascal |  Sasa | Marwin |
+----------+--------+-------+-------+-------+-------+-------+---------+-------+--------+-------+--------+
| Aurelia  | 7.842  | 7.842 | 7.842 | 28.88 | 7.842 | 7.842 |   8.45  | 7.629 | 9.908  | 7.842 | 8.205  |
|  Carina  | 7.842  | 7.842 | 7.842 | 7.842 | 7.842 | 28.88 |   8.45  | 7.629 | 9.908  | 7.842 | 8.205  |
|   Caro   | 28.88  | 7.842 | 7.842 | 7.842 | 7.842 | 7.842 |   8.45  | 7.629 | 9.908  | 7.842 | 8.205  |
|  Dorna   | 8.095  | 8.095 | 8.095 | 8.095 | 8.095 | 8.095 |   0.0   | 7.837 | 10.35  | 8.095 | 34.63  |
|  Henna   | 7.629  | 7.629 | 7.629 | 7.629 | 7.629 | 7.629 |  31.85  |  7.42 | 9.677  | 7.629 | 7.942  |
| Juliette | 7.842  | 28.88 | 7.842 | 7.842 | 7.842 | 7.842 |   8.45  | 7.629 | 9.908  | 7.842 | 8.205  |
| Larissa  | 7.842  | 7.842 | 7.842 | 7.842 | 28.88 | 7.842 |   8.45  | 7.629 | 9.908  | 7.842 | 8.205  |
|  Steffi  | 7.842  | 7.842 | 28.88 | 7.842 | 7.842 | 7.842 |   8.45  | 7.629 | 9.908  | 7.842 | 8.205  |
| Valeria  |  8.34  |  8.34 |  8.34 |  8.34 |  8.34 |  8.34 |  9.003  | 31.34 | 10.62  |  8.34 |  0.0   |
| Vanessa  | 7.842  | 7.842 | 7.842 | 7.842 | 7.842 | 7.842 |   8.45  | 7.629 | 9.908  | 28.88 | 8.205  |
+----------+--------+-------+-------+-------+-------+-------+---------+-------+--------+-------+--------+
10334811 left -> 23.30100866963131 bits left

0 MB#2.0 E05
Carina -> Burim
-> I = 0.11781991711387982
+----------+--------+-------+-------+-------+-------+-------+---------+-------+--------+-------+--------+
|          | Barkin | Burim | Chris | Deniz |  Joel |  Ken  | Kenneth |  Max  | Pascal |  Sasa | Marwin |
+----------+--------+-------+-------+-------+-------+-------+---------+-------+--------+-------+--------+
| Aurelia  | 7.861  | 8.509 | 7.861 | 28.36 | 7.861 | 7.651 |  8.479  | 7.656 | 9.853  | 7.861 | 8.244  |
|  Carina  | 8.392  |  0.0  | 8.392 | 8.392 | 8.392 | 30.83 |  9.044  | 8.166 | 10.59  | 8.392 | 8.783  |
|   Caro   | 28.36  | 8.509 | 7.861 | 7.861 | 7.861 | 7.651 |  8.479  | 7.656 | 9.853  | 7.861 | 8.244  |
|  Dorna   | 8.131  | 8.783 | 8.131 | 8.131 | 8.131 | 7.905 |   0.0   | 7.886 | 10.31  | 8.131 | 33.99  |
|  Henna   | 7.656  | 8.279 | 7.656 | 7.656 | 7.656 |  7.45 |  31.27  | 7.453 | 9.634  | 7.656 | 7.993  |
| Juliette | 7.651  | 31.34 | 7.651 | 7.651 | 7.651 |  7.43 |  8.244  |  7.45 | 9.631  | 7.651 | 8.013  |
| Larissa  | 7.861  | 8.509 | 7.861 | 7.861 | 28.36 | 7.651 |  8.479  | 7.656 | 9.853  | 7.861 | 8.244  |
|  Steffi  | 7.861  | 8.509 | 28.36 | 7.861 | 7.861 | 7.651 |  8.479  | 7.656 | 9.853  | 7.861 | 8.244  |
| Valeria  | 8.367  | 9.049 | 8.367 | 8.367 | 8.367 | 8.136 |  9.044  | 30.77 | 10.56  | 8.367 |  0.0   |
| Vanessa  | 7.861  | 8.509 | 7.861 | 7.861 | 7.861 | 7.651 |  8.479  | 7.656 | 9.853  | 28.36 | 8.244  |
+----------+--------+-------+-------+-------+-------+-------+---------+-------+--------+-------+--------+
9524347 left -> 23.18318875251743 bits left

3 MN#2.0 E06
Aurelia -> Burim
Carina -> Ken
Caro -> Max
Dorna -> Marwin
Henna -> Kenneth
Juliette -> Barkin
Larissa -> Joel
Steffi -> Chris
Valeria -> Pascal
Vanessa -> Sasa
-> I = 2.099208936927085
+----------+--------+-------+-------+-------+-------+-------+---------+-------+--------+-------+--------+
|          | Barkin | Burim | Chris | Deniz |  Joel |  Ken  | Kenneth |  Max  | Pascal |  Sasa | Marwin |
+----------+--------+-------+-------+-------+-------+-------+---------+-------+--------+-------+--------+
| Aurelia  | 10.65  | 15.86 | 7.517 |  17.2 | 7.517 | 7.199 |  7.917  | 10.63 | 9.806  | 7.517 | 7.738  |
|  Carina  | 9.044  |  0.0  | 6.634 | 8.999 | 6.634 | 40.69 |  6.904  | 8.581 | 8.875  | 6.634 | 6.766  |
|   Caro   | 13.67  | 12.63 | 7.919 |  10.8 | 7.919 | 7.536 |  8.347  | 14.16 | 10.25  | 7.919 | 8.113  |
|  Dorna   | 8.502  | 8.645 |  6.16 | 8.489 |  6.16 | 5.866 |   0.0   | 7.924 | 8.322  |  6.16 | 43.97  |
|  Henna   | 8.199  | 8.422 | 6.011 | 8.161 | 6.011 | 5.733 |  40.62  | 7.661 | 8.019  | 6.011 | 6.057  |
| Juliette | 13.25  | 15.75 |  7.88 | 10.43 |  7.88 | 7.548 |  8.294  | 11.49 | 10.73  |  7.88 | 8.187  |
| Larissa  | 8.488  | 8.721 | 6.254 | 8.445 | 37.45 | 5.965 |  6.519  | 7.927 | 8.298  | 6.254 | 6.391  |
|  Steffi  | 8.488  | 8.721 | 37.45 | 8.445 | 6.254 | 5.965 |  6.519  | 7.927 | 8.298  | 6.254 | 6.391  |
| Valeria  | 11.22  | 12.52 | 7.925 | 10.59 | 7.925 | 7.531 |  8.366  | 15.77 | 19.11  | 7.925 |  0.0   |
| Vanessa  | 8.488  | 8.721 | 6.254 | 8.445 | 6.254 | 5.965 |  6.519  | 7.927 | 8.298  | 37.45 | 6.391  |
+----------+--------+-------+-------+-------+-------+-------+---------+-------+--------+-------+--------+
2222851 left -> 21.083979815590347 bits left

+--------+---+---------+--------+--------+---------+---------+----------+---------+--------+---------+---------+--+---------------------+
|        | R | Aurelia | Carina |  Caro  |  Dorna  |  Henna  | Juliette | Larissa | Steffi | Valeria | Vanessa |  |          I          |
+--------+---+---------+--------+--------+---------+---------+----------+---------+--------+---------+---------+--+---------------------+
| MB#1.0 | 0 |         |        |        |         |         |          |         |        |  Marwin |         |  | 0.15200309344504995 |
| MB#1.2 | 0 |         |        |        | Kenneth |         |          |         |        |         |         |  | 0.15038481504666718 |
| MN#1.0 | 3 |  Deniz  |  Ken   | Barkin |  Marwin | Kenneth |  Burim   |   Joel  | Chris  |   Max   |   Sasa  |  |  3.9690242501185837 |
| MB#2.0 | 0 |         | Burim  |        |         |         |          |         |        |         |         |  | 0.11781991711387982 |
| MN#2.0 | 3 |  Burim  |  Ken   |  Max   |  Marwin | Kenneth |  Barkin  |   Joel  | Chris  |  Pascal |   Sasa  |  |  2.099208936927085  |
+--------+---+---------+--------+--------+---------+---------+----------+---------+--------+---------+---------+--+---------------------+
