total 36288000 -> 25.112989 bit left
-> I = 0.0000 bit
          |   Aurelia|    Finnja|Jacqueline|      Jill|  Kathleen|    Melina|     Sarah|  Stefanie| Walentina|     Jules|   Vanessa|
 Alexander|   10.0000|   10.0000|   10.0000|   10.0000|   10.0000|   10.0000|   10.0000|   10.0000|   10.0000|   10.0000|   10.0000|
    Danilo|   10.0000|   10.0000|   10.0000|   10.0000|   10.0000|   10.0000|   10.0000|   10.0000|   10.0000|   10.0000|   10.0000|
     Diogo|   10.0000|   10.0000|   10.0000|   10.0000|   10.0000|   10.0000|   10.0000|   10.0000|   10.0000|   10.0000|   10.0000|
     Eugen|   10.0000|   10.0000|   10.0000|   10.0000|   10.0000|   10.0000|   10.0000|   10.0000|   10.0000|   10.0000|   10.0000|
     Josua|   10.0000|   10.0000|   10.0000|   10.0000|   10.0000|   10.0000|   10.0000|   10.0000|   10.0000|   10.0000|   10.0000|
    Manuel|   10.0000|   10.0000|   10.0000|   10.0000|   10.0000|   10.0000|   10.0000|   10.0000|   10.0000|   10.0000|   10.0000|
 Salvatore|   10.0000|   10.0000|   10.0000|   10.0000|   10.0000|   10.0000|   10.0000|   10.0000|   10.0000|   10.0000|   10.0000|
     Tommy|   10.0000|   10.0000|   10.0000|   10.0000|   10.0000|   10.0000|   10.0000|   10.0000|   10.0000|   10.0000|   10.0000|
 Francesco|   10.0000|   10.0000|   10.0000|   10.0000|   10.0000|   10.0000|   10.0000|   10.0000|   10.0000|   10.0000|   10.0000|
      Jamy|   10.0000|   10.0000|   10.0000|   10.0000|   10.0000|   10.0000|   10.0000|   10.0000|   10.0000|   10.0000|   10.0000|

opt: Alexander -> Aurelia => H = 0.46899559358928
0	MB#1	 
Danilo -> Finnja
H = 0.5033 bit/X -> I = 0.1520 bit
          |   Aurelia|    Finnja|Jacqueline|      Jill|  Kathleen|    Melina|     Sarah|  Stefanie| Walentina|     Jules|   Vanessa|
 Alexander|    9.8765|   11.1111|    9.8765|    9.8765|    9.8765|    9.8765|    9.8765|    9.8765|    9.8765|    9.8765|   10.0000|
    Danilo|   11.1111|    0.0000|   11.1111|   11.1111|   11.1111|   11.1111|   11.1111|   11.1111|   11.1111|   11.1111|   10.0000|
     Diogo|    9.8765|   11.1111|    9.8765|    9.8765|    9.8765|    9.8765|    9.8765|    9.8765|    9.8765|    9.8765|   10.0000|
     Eugen|    9.8765|   11.1111|    9.8765|    9.8765|    9.8765|    9.8765|    9.8765|    9.8765|    9.8765|    9.8765|   10.0000|
     Josua|    9.8765|   11.1111|    9.8765|    9.8765|    9.8765|    9.8765|    9.8765|    9.8765|    9.8765|    9.8765|   10.0000|
    Manuel|    9.8765|   11.1111|    9.8765|    9.8765|    9.8765|    9.8765|    9.8765|    9.8765|    9.8765|    9.8765|   10.0000|
 Salvatore|    9.8765|   11.1111|    9.8765|    9.8765|    9.8765|    9.8765|    9.8765|    9.8765|    9.8765|    9.8765|   10.0000|
     Tommy|    9.8765|   11.1111|    9.8765|    9.8765|    9.8765|    9.8765|    9.8765|    9.8765|    9.8765|    9.8765|   10.0000|
 Francesco|    9.8765|   11.1111|    9.8765|    9.8765|    9.8765|    9.8765|    9.8765|    9.8765|    9.8765|    9.8765|   10.0000|
      Jamy|    9.8765|   11.1111|    9.8765|    9.8765|    9.8765|    9.8765|    9.8765|    9.8765|    9.8765|    9.8765|   10.0000|
32659200 left -> 24.960986 bit left

3	MN#1	 
Alexander -> Jules
Danilo -> Stefanie
Diogo -> Aurelia
Eugen -> Walentina
Josua -> Sarah
Manuel -> Kathleen
Salvatore -> Jacqueline
Tommy -> Melina
Francesco -> Finnja
Jamy -> Jill
-> I = 3.9926 bit
          |   Aurelia|    Finnja|Jacqueline|      Jill|  Kathleen|    Melina|     Sarah|  Stefanie| Walentina|     Jules|   Vanessa|
 Alexander|    7.8099|    8.4337|    7.8099|    7.8099|    7.8099|    7.8099|    7.8099|    7.5296|    7.8099|   29.3675|   10.0000|
    Danilo|    8.4337|    0.0000|    8.4337|    8.4337|    8.4337|    8.4337|    8.4337|   32.5301|    8.4337|    8.4337|   10.0000|
     Diogo|   29.3675|    8.4337|    7.8099|    7.8099|    7.8099|    7.8099|    7.8099|    7.5296|    7.8099|    7.8099|   10.0000|
     Eugen|    7.8099|    8.4337|    7.8099|    7.8099|    7.8099|    7.8099|    7.8099|    7.5296|   29.3675|    7.8099|   10.0000|
     Josua|    7.8099|    8.4337|    7.8099|    7.8099|    7.8099|    7.8099|   29.3675|    7.5296|    7.8099|    7.8099|   10.0000|
    Manuel|    7.8099|    8.4337|    7.8099|    7.8099|   29.3675|    7.8099|    7.8099|    7.5296|    7.8099|    7.8099|   10.0000|
 Salvatore|    7.8099|    8.4337|   29.3675|    7.8099|    7.8099|    7.8099|    7.8099|    7.5296|    7.8099|    7.8099|   10.0000|
     Tommy|    7.8099|    8.4337|    7.8099|    7.8099|    7.8099|   29.3675|    7.8099|    7.5296|    7.8099|    7.8099|   10.0000|
 Francesco|    7.5296|   32.5301|    7.5296|    7.5296|    7.5296|    7.5296|    7.5296|    7.2328|    7.5296|    7.5296|   10.0000|
      Jamy|    7.8099|    8.4337|    7.8099|   29.3675|    7.8099|    7.8099|    7.8099|    7.5296|    7.8099|    7.8099|   10.0000|
2051760 left -> 20.968431 bit left

opt: Danilo -> Stefanie => H = 0.91005342901392
1	MB#2	 
Francesco -> Jules
H = -nan bit/X -> I = 3.7313 bit
          |   Aurelia|    Finnja|Jacqueline|      Jill|  Kathleen|    Melina|     Sarah|  Stefanie| Walentina|     Jules|   Vanessa|
 Alexander|   10.5832|   15.9493|   10.5832|   10.5832|   10.5832|   10.5832|   10.5832|    9.9683|   10.5832|    0.0000|   10.0000|
    Danilo|    8.2853|    0.0000|    8.2853|    8.2853|    8.2853|    8.2853|    8.2853|   42.0027|    8.2853|    0.0000|   10.0000|
     Diogo|   36.8568|   12.0072|    7.3791|    7.3791|    7.3791|    7.3791|    7.3791|    6.8613|    7.3791|    0.0000|   10.0000|
     Eugen|    7.3791|   12.0072|    7.3791|    7.3791|    7.3791|    7.3791|    7.3791|    6.8613|   36.8568|    0.0000|   10.0000|
     Josua|    7.3791|   12.0072|    7.3791|    7.3791|    7.3791|    7.3791|   36.8568|    6.8613|    7.3791|    0.0000|   10.0000|
    Manuel|    7.3791|   12.0072|    7.3791|    7.3791|   36.8568|    7.3791|    7.3791|    6.8613|    7.3791|    0.0000|   10.0000|
 Salvatore|    7.3791|   12.0072|   36.8568|    7.3791|    7.3791|    7.3791|    7.3791|    6.8613|    7.3791|    0.0000|   10.0000|
     Tommy|    7.3791|   12.0072|    7.3791|    7.3791|    7.3791|   36.8568|    7.3791|    6.8613|    7.3791|    0.0000|   10.0000|
 Francesco|    0.0000|    0.0000|    0.0000|    0.0000|    0.0000|    0.0000|    0.0000|    0.0000|    0.0000|  100.0000|   10.0000|
      Jamy|    7.3791|   12.0072|    7.3791|   36.8568|    7.3791|    7.3791|    7.3791|    6.8613|    7.3791|    0.0000|   10.0000|
154490 left -> 17.237154 bit left

opt: Danilo -> Stefanie => H = 0.98146655248003
0	MB#3	 
Tommy -> Walentina
H = 0.4010 bit/X -> I = 0.1106 bit
          |   Aurelia|    Finnja|Jacqueline|      Jill|  Kathleen|    Melina|     Sarah|  Stefanie| Walentina|     Jules|   Vanessa|
 Alexander|   10.5598|   15.6824|   10.5598|   10.5598|   10.5598|   10.0985|   10.5598|    9.9937|   11.4264|    0.0000|   10.0000|
    Danilo|    8.4422|    0.0000|    8.4422|    8.4422|    8.4422|    7.9670|    8.4422|   40.8764|    8.9454|    0.0000|   10.0000|
     Diogo|   35.9075|   11.9855|    7.5058|    7.5058|    7.5058|    7.1004|    7.5058|    7.0166|    7.9670|    0.0000|   10.0000|
     Eugen|    7.1004|   11.4264|    7.1004|    7.1004|    7.1004|    6.6392|    7.1004|    6.6392|   39.7931|    0.0000|   10.0000|
     Josua|    7.5058|   11.9855|    7.5058|    7.5058|    7.5058|    7.1004|   35.9075|    7.0166|    7.9670|    0.0000|   10.0000|
    Manuel|    7.5058|   11.9855|    7.5058|    7.5058|   35.9075|    7.1004|    7.5058|    7.0166|    7.9670|    0.0000|   10.0000|
 Salvatore|    7.5058|   11.9855|   35.9075|    7.5058|    7.5058|    7.1004|    7.5058|    7.0166|    7.9670|    0.0000|   10.0000|
     Tommy|    7.9670|   12.9639|    7.9670|    7.9670|    7.9670|   39.7931|    7.9670|    7.4079|    0.0000|    0.0000|   10.0000|
 Francesco|    0.0000|    0.0000|    0.0000|    0.0000|    0.0000|    0.0000|    0.0000|    0.0000|    0.0000|  100.0000|   10.0000|
      Jamy|    7.5058|   11.9855|    7.5058|   35.9075|    7.5058|    7.1004|    7.5058|    7.0166|    7.9670|    0.0000|   10.0000|
143090 left -> 17.126563 bit left

3	MN#2	 
Alexander -> Finnja
Danilo -> Sarah
Diogo -> Aurelia
Eugen -> Stefanie
Josua -> Walentina
Manuel -> Kathleen
Salvatore -> Jacqueline
Tommy -> Melina
Francesco -> Jules
Jamy -> Jill
-> I = 1.3737 bit
          |   Aurelia|    Finnja|Jacqueline|      Jill|  Kathleen|    Melina|     Sarah|  Stefanie| Walentina|     Jules|   Vanessa|
 Alexander|    9.5074|   11.1554|    9.5074|    9.5074|    9.5074|    8.8012|   13.6907|   12.7490|   15.5741|    0.0000|   10.0000|
    Danilo|   10.5216|    0.0000|   10.5216|   10.5216|   10.5216|   10.1413|    0.0000|   39.8044|    7.9681|    0.0000|   10.0000|
     Diogo|   36.8164|   11.4089|    6.3383|    6.3383|    6.3383|    5.8131|    8.8374|    8.1854|    9.9239|    0.0000|   10.0000|
     Eugen|    8.4571|   14.8135|    8.4571|    8.4571|    8.4571|    7.8233|    6.7729|    0.0000|   36.7620|    0.0000|   10.0000|
     Josua|    8.8374|   15.6827|    8.8374|    8.8374|    8.8374|    8.4028|   34.5889|    5.9761|    0.0000|    0.0000|   10.0000|
    Manuel|    6.3383|   11.4089|    6.3383|    6.3383|   36.8164|    5.8131|    8.8374|    8.1854|    9.9239|    0.0000|   10.0000|
 Salvatore|    6.3383|   11.4089|   36.8164|    6.3383|    6.3383|    5.8131|    8.8374|    8.1854|    9.9239|    0.0000|   10.0000|
     Tommy|    6.8453|   12.7128|    6.8453|    6.8453|    6.8453|   41.5791|    9.5980|    8.7287|    0.0000|    0.0000|   10.0000|
 Francesco|    0.0000|    0.0000|    0.0000|    0.0000|    0.0000|    0.0000|    0.0000|    0.0000|    0.0000|  100.0000|   10.0000|
      Jamy|    6.3383|   11.4089|    6.3383|   36.8164|    6.3383|    5.8131|    8.8374|    8.1854|    9.9239|    0.0000|   10.0000|
55220 left -> 15.752903 bit left

opt: Tommy -> Melina => H = 0.97944159479968
1	MB#4	 
Francesco -> Jules
H = -nan bit/X -> I = 0.0000 bit
          |   Aurelia|    Finnja|Jacqueline|      Jill|  Kathleen|    Melina|     Sarah|  Stefanie| Walentina|     Jules|   Vanessa|
 Alexander|    9.5074|   11.1554|    9.5074|    9.5074|    9.5074|    8.8012|   13.6907|   12.7490|   15.5741|    0.0000|   10.0000|
    Danilo|   10.5216|    0.0000|   10.5216|   10.5216|   10.5216|   10.1413|    0.0000|   39.8044|    7.9681|    0.0000|   10.0000|
     Diogo|   36.8164|   11.4089|    6.3383|    6.3383|    6.3383|    5.8131|    8.8374|    8.1854|    9.9239|    0.0000|   10.0000|
     Eugen|    8.4571|   14.8135|    8.4571|    8.4571|    8.4571|    7.8233|    6.7729|    0.0000|   36.7620|    0.0000|   10.0000|
     Josua|    8.8374|   15.6827|    8.8374|    8.8374|    8.8374|    8.4028|   34.5889|    5.9761|    0.0000|    0.0000|   10.0000|
    Manuel|    6.3383|   11.4089|    6.3383|    6.3383|   36.8164|    5.8131|    8.8374|    8.1854|    9.9239|    0.0000|   10.0000|
 Salvatore|    6.3383|   11.4089|   36.8164|    6.3383|    6.3383|    5.8131|    8.8374|    8.1854|    9.9239|    0.0000|   10.0000|
     Tommy|    6.8453|   12.7128|    6.8453|    6.8453|    6.8453|   41.5791|    9.5980|    8.7287|    0.0000|    0.0000|   10.0000|
 Francesco|    0.0000|    0.0000|    0.0000|    0.0000|    0.0000|    0.0000|    0.0000|    0.0000|    0.0000|  100.0000|   10.0000|
      Jamy|    6.3383|   11.4089|    6.3383|   36.8164|    6.3383|    5.8131|    8.8374|    8.1854|    9.9239|    0.0000|   10.0000|
55220 left -> 15.752903 bit left

4	MN#3	 
Alexander -> Stefanie
Danilo -> Melina
Diogo -> Aurelia
Eugen -> Finnja
Josua -> Sarah
Manuel -> Kathleen
Salvatore -> Walentina
Tommy -> Jill
Francesco -> Jules
Jamy -> Vanessa
-> I = 2.7046 bit
          |   Aurelia|    Finnja|Jacqueline|      Jill|  Kathleen|    Melina|     Sarah|  Stefanie| Walentina|     Jules|   Vanessa|
 Alexander|    6.5636|    8.6058|   10.6245|   10.9196|    6.5636|    9.3968|    7.8031|   24.9675|   14.5555|    0.0000|    9.0662|
    Danilo|    7.8267|    0.0000|   13.1035|   11.3918|    7.8267|   20.8240|    0.0000|   22.9725|   16.0548|    0.0000|    9.0662|
     Diogo|   54.9758|    6.8941|    6.0323|    5.7490|    2.6207|    4.7928|    3.4471|    7.2246|    8.2635|    0.0000|    9.0662|
     Eugen|    6.2448|   31.0707|   10.8016|   10.3294|    6.2448|   10.0460|    2.4436|    0.0000|   22.8190|    0.0000|    9.0662|
     Josua|    3.4471|    7.9566|    6.7406|    6.4573|    3.4471|    6.4691|   62.8143|    2.6679|    0.0000|    0.0000|    9.0662|
    Manuel|    2.6207|    6.8941|    6.0323|    5.7490|   54.9758|    4.7928|    3.4471|    7.2246|    8.2635|    0.0000|    9.0662|
 Salvatore|    5.6546|   11.1911|   27.0098|    8.3579|    5.6546|    8.0746|    4.9463|   11.0849|   18.0262|    0.0000|    9.0662|
     Tommy|    6.6462|   14.9569|   10.1995|   13.9417|    6.6462|   27.3285|    7.5670|   12.7140|    0.0000|    0.0000|    9.0662|
 Francesco|    0.0000|    0.0000|    0.0000|    0.0000|    0.0000|    0.0000|    0.0000|    0.0000|    0.0000|  100.0000|    9.0662|
      Jamy|    6.0205|   12.4306|    9.4558|   27.1042|    6.0205|    8.2753|    7.5316|   11.1439|   12.0175|    0.0000|   18.4040|
8471 left -> 13.048317 bit left

3	MN#4	 
Alexander -> Sarah
Danilo -> Aurelia
Diogo -> Vanessa
Eugen -> Finnja
Josua -> Walentina
Manuel -> Jill
Salvatore -> Kathleen
Tommy -> Melina
Francesco -> Jules
Jamy -> Stefanie
-> I = 2.3204 bit
          |   Aurelia|    Finnja|Jacqueline|      Jill|  Kathleen|    Melina|     Sarah|  Stefanie| Walentina|     Jules|   Vanessa|
 Alexander|    9.0802|    3.3608|   11.3208|   12.8538|    7.7241|    7.0755|   14.6226|   20.6368|   13.3255|    0.0000|    8.4906|
    Danilo|   15.0943|    0.0000|   14.9764|   13.7972|   10.3774|    7.4292|    0.0000|   22.4057|   15.9198|    0.0000|    8.4906|
     Diogo|   45.6368|    6.3090|    7.9009|    8.2547|    4.4222|    5.1297|    3.4198|    9.0212|    9.9057|    0.0000|   15.6250|
     Eugen|    3.1840|   60.9080|    9.0212|    8.0189|    5.3066|    2.2406|    0.2358|    0.0000|   11.0849|    0.0000|    8.4906|
     Josua|    4.7170|    3.3608|    5.6604|    6.3679|    4.4811|    4.8349|   69.8703|    0.7075|    0.0000|    0.0000|    8.4906|
    Manuel|    4.0094|    7.7241|    8.3726|    8.1368|   45.5189|    5.6014|    3.2429|    6.9575|   10.4363|    0.0000|    8.4906|
 Salvatore|    5.8962|    7.6061|   24.7642|   10.3184|    8.7264|    4.9528|    1.9458|   11.8514|   23.9387|    0.0000|    8.4906|
     Tommy|    4.3632|    3.8325|    7.4292|    9.6108|    5.2476|   58.0778|    1.8278|    9.6108|    0.0000|    0.0000|    8.4906|
 Francesco|    0.0000|    0.0000|    0.0000|    0.0000|    0.0000|    0.0000|    0.0000|    0.0000|    0.0000|  100.0000|    8.4906|
      Jamy|    8.0189|    6.8986|   10.5542|   22.6415|    8.1958|    4.6580|    4.8349|   18.8090|   15.3892|    0.0000|   16.4505|
1696 left -> 10.727920 bit left

opt: Diogo -> Aurelia => H = 0.99449992252804
0	MB#5	 
Salvatore -> Finnja
H = 0.4103 bit/X -> I = 0.1141 bit
          |   Aurelia|    Finnja|Jacqueline|      Jill|  Kathleen|    Melina|     Sarah|  Stefanie| Walentina|     Jules|   Vanessa|
 Alexander|    9.5724|    3.6375|   11.8698|   13.4014|    8.1685|    7.5941|   14.4863|   17.2304|   14.0396|    0.0000|    8.6152|
    Danilo|   14.1672|    0.0000|   14.5501|   14.0396|   10.3382|    7.3389|    0.0000|   24.1225|   15.4435|    0.0000|    8.6152|
     Diogo|   44.4799|    6.8283|    7.5941|    7.9770|    4.7224|    5.5520|    3.6375|    9.5724|    9.6362|    0.0000|   15.3159|
     Eugen|    2.8079|   65.9221|    7.5941|    6.7007|    4.2119|    2.1698|    0.2553|    0.0000|   10.3382|    0.0000|    8.6152|
     Josua|    5.1053|    3.6375|    5.8711|    6.1264|    4.7862|    4.5948|   69.1768|    0.7020|    0.0000|    0.0000|    8.6152|
    Manuel|    4.3395|    8.3599|    8.5514|    6.6369|   44.4799|    6.0625|    3.5099|    7.5303|   10.5297|    0.0000|    8.6152|
 Salvatore|    6.3816|    0.0000|   26.8028|   11.1678|    9.4448|    5.3606|    2.1059|   12.8271|   25.9094|    0.0000|    8.6152|
     Tommy|    4.7224|    4.1481|    7.2112|    9.7001|    5.6796|   56.3497|    1.8507|   10.3382|    0.0000|    0.0000|    8.6152|
 Francesco|    0.0000|    0.0000|    0.0000|    0.0000|    0.0000|    0.0000|    0.0000|    0.0000|    0.0000|  100.0000|    8.6152|
      Jamy|    8.4237|    7.4665|    9.9553|   24.2502|    8.1685|    4.9777|    4.9777|   17.6771|   14.1034|    0.0000|   15.7626|
1567 left -> 10.613789 bit left

3	MN#5	 
Alexander -> Stefanie
Danilo -> Jill
Diogo -> Aurelia
Eugen -> Finnja
Josua -> Walentina
Manuel -> Kathleen
Salvatore -> Jacqueline
Tommy -> Melina
Francesco -> Jules
Jamy -> Sarah
-> I = 1.4819 bit
          |   Aurelia|    Finnja|Jacqueline|      Jill|  Kathleen|    Melina|     Sarah|  Stefanie| Walentina|     Jules|   Vanessa|
 Alexander|    9.6257|    0.1783|   12.8342|    8.0214|    8.3779|   10.1604|   26.7380|    7.6649|   16.3993|    0.0000|    6.9519|
    Danilo|   20.4991|    0.0000|   19.6078|    0.1783|   11.4082|   15.6863|    0.0000|   19.9643|   12.6560|    0.0000|    6.9519|
     Diogo|   45.0980|   11.5865|    8.9127|    1.6043|    5.3476|    6.2389|    1.7825|   12.2995|    7.1301|    0.0000|   22.2816|
     Eugen|    4.4563|   47.9501|    8.5561|   11.2299|    7.8431|    4.0998|    0.7130|    0.0000|   15.1515|    0.0000|    6.9519|
     Josua|    4.9911|    7.3084|    7.6649|    2.6738|    4.9911|    5.7041|   65.0624|    1.6043|    0.0000|    0.0000|    6.9519|
    Manuel|    5.3476|   13.7255|    9.0909|    4.4563|   43.3155|    8.0214|    2.1390|    8.5561|    5.3476|    0.0000|    6.9519|
 Salvatore|    3.3868|    0.0000|   16.7558|    5.8824|   11.0517|    9.9822|    0.7130|    9.4474|   42.7807|    0.0000|    6.9519|
     Tommy|    5.5258|    9.0909|   14.4385|   10.3387|    6.2389|   39.0374|    2.8520|   12.4777|    0.0000|    0.0000|    6.9519|
 Francesco|    0.0000|    0.0000|    0.0000|    0.0000|    0.0000|    0.0000|    0.0000|    0.0000|    0.0000|  100.0000|    6.9519|
      Jamy|    1.0695|   10.1604|    2.1390|   55.6150|    1.4260|    1.0695|    0.0000|   27.9857|    0.5348|    0.0000|   22.1034|
561 left -> 9.131857 bit left

opt: Eugen -> Finnja => H = 0.998787180358
0	MB#6	 
Eugen -> Finnja
H = 0.3978 bit/X -> I = 0.9420 bit
          |   Aurelia|    Finnja|Jacqueline|      Jill|  Kathleen|    Melina|     Sarah|  Stefanie| Walentina|     Jules|   Vanessa|
 Alexander|    4.4521|    0.3425|   10.2740|   15.4110|    6.1644|    2.3973|   33.2192|   14.7260|   13.0137|    0.0000|    6.1644|
    Danilo|   22.9452|    0.0000|   21.2329|    0.3425|    9.2466|   27.0548|    0.0000|   10.2740|    8.9041|    0.0000|    6.1644|
     Diogo|   54.4521|   22.2603|    4.7945|    3.0822|    3.0822|    0.6849|    0.6849|    8.2192|    2.7397|    0.0000|   23.9726|
     Eugen|    8.5616|    0.0000|   16.4384|   21.5753|   15.0685|    7.8767|    1.3699|    0.0000|   29.1096|    0.0000|    6.1644|
     Josua|    4.4521|   14.0411|    5.8219|    5.1370|    4.4521|    2.0548|   60.9589|    3.0822|    0.0000|    0.0000|    6.1644|
    Manuel|    1.0274|   26.3699|    5.1370|    8.5616|   52.3973|    1.0274|    1.0274|    3.0822|    1.3699|    0.0000|    6.1644|
 Salvatore|    1.0274|    0.0000|   26.3699|   11.3014|    5.8219|    5.1370|    1.3699|    5.1370|   43.8356|    0.0000|    6.1644|
     Tommy|    1.0274|   17.4658|    5.8219|   19.8630|    1.0274|   51.7123|    1.3699|    1.7123|    0.0000|    0.0000|    6.1644|
 Francesco|    0.0000|    0.0000|    0.0000|    0.0000|    0.0000|    0.0000|    0.0000|    0.0000|    0.0000|  100.0000|    6.1644|
      Jamy|    2.0548|   19.5205|    4.1096|   14.7260|    2.7397|    2.0548|    0.0000|   53.7671|    1.0274|    0.0000|   26.7123|
292 left -> 8.189825 bit left

2	MN#6	 
Alexander -> Jacqueline
Danilo -> Aurelia
Diogo -> Vanessa
Eugen -> Jill
Josua -> Sarah
Manuel -> Kathleen
Salvatore -> Walentina
Tommy -> Melina
Jamy -> Finnja
Francesco -> Jules
-> I = 2.3318 bit
          |   Aurelia|    Finnja|Jacqueline|      Jill|  Kathleen|    Melina|     Sarah|  Stefanie| Walentina|     Jules|   Vanessa|
 Alexander|    0.0000|    1.7241|    0.0000|    0.0000|    3.4483|    1.7241|   70.6897|    6.8966|   15.5172|    0.0000|    8.6207|
    Danilo|    0.0000|    0.0000|   17.2414|    1.7241|    1.7241|   75.8621|    0.0000|    0.0000|    3.4483|    0.0000|    8.6207|
     Diogo|   81.0345|   15.5172|    0.0000|    3.4483|    0.0000|    0.0000|    0.0000|    0.0000|    0.0000|    0.0000|   12.0690|
     Eugen|    0.0000|    0.0000|    0.0000|    0.0000|   15.5172|    3.4483|    0.0000|    0.0000|   81.0345|    0.0000|    8.6207|
     Josua|   15.5172|   36.2069|   17.2414|    3.4483|    1.7241|    1.7241|   20.6897|    3.4483|    0.0000|    0.0000|    8.6207|
    Manuel|    0.0000|    3.4483|    1.7241|   22.4138|   63.7931|    1.7241|    5.1724|    1.7241|    0.0000|    0.0000|    8.6207|
 Salvatore|    0.0000|    0.0000|   46.5517|   29.3103|    8.6207|   15.5172|    0.0000|    0.0000|    0.0000|    0.0000|    8.6207|
     Tommy|    3.4483|   39.6552|   17.2414|   32.7586|    1.7241|    0.0000|    3.4483|    1.7241|    0.0000|    0.0000|    8.6207|
 Francesco|    0.0000|    0.0000|    0.0000|    0.0000|    0.0000|    0.0000|    0.0000|    0.0000|    0.0000|  100.0000|    8.6207|
      Jamy|    0.0000|    3.4483|    0.0000|    6.8966|    3.4483|    0.0000|    0.0000|   86.2069|    0.0000|    0.0000|   18.9655|
58 left -> 5.857981 bit left

opt: Salvatore -> Jacqueline => H = 0.99656637132746
0	MB#7	 
Eugen -> Stefanie
H = -nan bit/X -> I = 0.0000 bit
          |   Aurelia|    Finnja|Jacqueline|      Jill|  Kathleen|    Melina|     Sarah|  Stefanie| Walentina|     Jules|   Vanessa|
 Alexander|    0.0000|    1.7241|    0.0000|    0.0000|    3.4483|    1.7241|   70.6897|    6.8966|   15.5172|    0.0000|    8.6207|
    Danilo|    0.0000|    0.0000|   17.2414|    1.7241|    1.7241|   75.8621|    0.0000|    0.0000|    3.4483|    0.0000|    8.6207|
     Diogo|   81.0345|   15.5172|    0.0000|    3.4483|    0.0000|    0.0000|    0.0000|    0.0000|    0.0000|    0.0000|   12.0690|
     Eugen|    0.0000|    0.0000|    0.0000|    0.0000|   15.5172|    3.4483|    0.0000|    0.0000|   81.0345|    0.0000|    8.6207|
     Josua|   15.5172|   36.2069|   17.2414|    3.4483|    1.7241|    1.7241|   20.6897|    3.4483|    0.0000|    0.0000|    8.6207|
    Manuel|    0.0000|    3.4483|    1.7241|   22.4138|   63.7931|    1.7241|    5.1724|    1.7241|    0.0000|    0.0000|    8.6207|
 Salvatore|    0.0000|    0.0000|   46.5517|   29.3103|    8.6207|   15.5172|    0.0000|    0.0000|    0.0000|    0.0000|    8.6207|
     Tommy|    3.4483|   39.6552|   17.2414|   32.7586|    1.7241|    0.0000|    3.4483|    1.7241|    0.0000|    0.0000|    8.6207|
 Francesco|    0.0000|    0.0000|    0.0000|    0.0000|    0.0000|    0.0000|    0.0000|    0.0000|    0.0000|  100.0000|    8.6207|
      Jamy|    0.0000|    3.4483|    0.0000|    6.8966|    3.4483|    0.0000|    0.0000|   86.2069|    0.0000|    0.0000|   18.9655|
58 left -> 5.857981 bit left

1	MN#7	 
Alexander -> Melina
Danilo -> Aurelia
Diogo -> Vanessa
Eugen -> Jacqueline
Josua -> Walentina
Manuel -> Finnja
Salvatore -> Jill
Tommy -> Stefanie
Francesco -> Jules
Jamy -> Sarah
-> I = 0.8580 bit
          |   Aurelia|    Finnja|Jacqueline|      Jill|  Kathleen|    Melina|     Sarah|  Stefanie| Walentina|     Jules|   Vanessa|
 Alexander|    0.0000|    3.1250|    0.0000|    0.0000|    3.1250|    0.0000|   65.6250|    0.0000|   28.1250|    0.0000|    9.3750|
    Danilo|    0.0000|    0.0000|   28.1250|    3.1250|    3.1250|   62.5000|    0.0000|    0.0000|    3.1250|    0.0000|    9.3750|
     Diogo|   65.6250|   28.1250|    0.0000|    6.2500|    0.0000|    0.0000|    0.0000|    0.0000|    0.0000|    0.0000|    0.0000|
     Eugen|    0.0000|    0.0000|    0.0000|    0.0000|   25.0000|    6.2500|    0.0000|    0.0000|   68.7500|    0.0000|    9.3750|
     Josua|   28.1250|   28.1250|    0.0000|    6.2500|    0.0000|    0.0000|   34.3750|    3.1250|    0.0000|    0.0000|    9.3750|
    Manuel|    0.0000|    0.0000|    0.0000|   34.3750|   62.5000|    3.1250|    0.0000|    0.0000|    0.0000|    0.0000|    9.3750|
 Salvatore|    0.0000|    0.0000|   68.7500|    0.0000|    3.1250|   28.1250|    0.0000|    0.0000|    0.0000|    0.0000|    9.3750|
     Tommy|    6.2500|   37.5000|    3.1250|   50.0000|    3.1250|    0.0000|    0.0000|    0.0000|    0.0000|    0.0000|    9.3750|
 Francesco|    0.0000|    0.0000|    0.0000|    0.0000|    0.0000|    0.0000|    0.0000|    0.0000|    0.0000|  100.0000|    9.3750|
      Jamy|    0.0000|    3.1250|    0.0000|    0.0000|    0.0000|    0.0000|    0.0000|   96.8750|    0.0000|    0.0000|   25.0000|
32 left -> 5.000000 bit left

opt: Tommy -> Jill => H = 1
0	MB#8	 
Josua -> Sarah
H = 0.9984 bit/X -> I = 0.6077 bit
          |   Aurelia|    Finnja|Jacqueline|      Jill|  Kathleen|    Melina|     Sarah|  Stefanie| Walentina|     Jules|   Vanessa|
 Alexander|    0.0000|    0.0000|    0.0000|    0.0000|    0.0000|    0.0000|  100.0000|    0.0000|    0.0000|    0.0000|    9.5238|
    Danilo|    0.0000|    0.0000|   42.8571|    0.0000|    0.0000|   57.1429|    0.0000|    0.0000|    0.0000|    0.0000|    9.5238|
     Diogo|   47.6190|   42.8571|    0.0000|    9.5238|    0.0000|    0.0000|    0.0000|    0.0000|    0.0000|    0.0000|    0.0000|
     Eugen|    0.0000|    0.0000|    0.0000|    0.0000|    0.0000|    0.0000|    0.0000|    0.0000|  100.0000|    0.0000|    9.5238|
     Josua|   42.8571|   42.8571|    0.0000|    9.5238|    0.0000|    0.0000|    0.0000|    4.7619|    0.0000|    0.0000|    9.5238|
    Manuel|    0.0000|    0.0000|    0.0000|    4.7619|   95.2381|    0.0000|    0.0000|    0.0000|    0.0000|    0.0000|    9.5238|
 Salvatore|    0.0000|    0.0000|   57.1429|    0.0000|    0.0000|   42.8571|    0.0000|    0.0000|    0.0000|    0.0000|    9.5238|
     Tommy|    9.5238|    9.5238|    0.0000|   76.1905|    4.7619|    0.0000|    0.0000|    0.0000|    0.0000|    0.0000|    9.5238|
 Francesco|    0.0000|    0.0000|    0.0000|    0.0000|    0.0000|    0.0000|    0.0000|    0.0000|    0.0000|  100.0000|    9.5238|
      Jamy|    0.0000|    4.7619|    0.0000|    0.0000|    0.0000|    0.0000|    0.0000|   95.2381|    0.0000|    0.0000|   23.8095|
21 left -> 4.392317 bit left

opt: Diogo -> Aurelia => H = 0.99836367259381
0	MB#9	 
Tommy -> Melina
H = -nan bit/X -> I = 0.0000 bit
          |   Aurelia|    Finnja|Jacqueline|      Jill|  Kathleen|    Melina|     Sarah|  Stefanie| Walentina|     Jules|   Vanessa|
 Alexander|    0.0000|    0.0000|    0.0000|    0.0000|    0.0000|    0.0000|  100.0000|    0.0000|    0.0000|    0.0000|    9.5238|
    Danilo|    0.0000|    0.0000|   42.8571|    0.0000|    0.0000|   57.1429|    0.0000|    0.0000|    0.0000|    0.0000|    9.5238|
     Diogo|   47.6190|   42.8571|    0.0000|    9.5238|    0.0000|    0.0000|    0.0000|    0.0000|    0.0000|    0.0000|    0.0000|
     Eugen|    0.0000|    0.0000|    0.0000|    0.0000|    0.0000|    0.0000|    0.0000|    0.0000|  100.0000|    0.0000|    9.5238|
     Josua|   42.8571|   42.8571|    0.0000|    9.5238|    0.0000|    0.0000|    0.0000|    4.7619|    0.0000|    0.0000|    9.5238|
    Manuel|    0.0000|    0.0000|    0.0000|    4.7619|   95.2381|    0.0000|    0.0000|    0.0000|    0.0000|    0.0000|    9.5238|
 Salvatore|    0.0000|    0.0000|   57.1429|    0.0000|    0.0000|   42.8571|    0.0000|    0.0000|    0.0000|    0.0000|    9.5238|
     Tommy|    9.5238|    9.5238|    0.0000|   76.1905|    4.7619|    0.0000|    0.0000|    0.0000|    0.0000|    0.0000|    9.5238|
 Francesco|    0.0000|    0.0000|    0.0000|    0.0000|    0.0000|    0.0000|    0.0000|    0.0000|    0.0000|  100.0000|    9.5238|
      Jamy|    0.0000|    4.7619|    0.0000|    0.0000|    0.0000|    0.0000|    0.0000|   95.2381|    0.0000|    0.0000|   23.8095|
21 left -> 4.392317 bit left

4	MN#8	 
Alexander -> Sarah
Danilo -> Jill
Diogo -> Aurelia
Eugen -> Melina
Josua -> Vanessa
Manuel -> Kathleen
Salvatore -> Walentina
Tommy -> Finnja
Francesco -> Jules
Jamy -> Stefanie
-> I = 1.2224 bit
          |   Aurelia|    Finnja|Jacqueline|      Jill|  Kathleen|    Melina|     Sarah|  Stefanie| Walentina|     Jules|   Vanessa|
 Alexander|    0.0000|    0.0000|    0.0000|    0.0000|    0.0000|    0.0000|  100.0000|    0.0000|    0.0000|    0.0000|   11.1111|
    Danilo|    0.0000|    0.0000|    0.0000|    0.0000|    0.0000|  100.0000|    0.0000|    0.0000|    0.0000|    0.0000|   11.1111|
     Diogo|    0.0000|   88.8889|    0.0000|   11.1111|    0.0000|    0.0000|    0.0000|    0.0000|    0.0000|    0.0000|    0.0000|
     Eugen|    0.0000|    0.0000|    0.0000|    0.0000|    0.0000|    0.0000|    0.0000|    0.0000|  100.0000|    0.0000|   11.1111|
     Josua|   77.7778|   11.1111|    0.0000|   11.1111|    0.0000|    0.0000|    0.0000|    0.0000|    0.0000|    0.0000|    0.0000|
    Manuel|    0.0000|    0.0000|    0.0000|    0.0000|  100.0000|    0.0000|    0.0000|    0.0000|    0.0000|    0.0000|   11.1111|
 Salvatore|    0.0000|    0.0000|  100.0000|    0.0000|    0.0000|    0.0000|    0.0000|    0.0000|    0.0000|    0.0000|   11.1111|
     Tommy|   22.2222|    0.0000|    0.0000|   77.7778|    0.0000|    0.0000|    0.0000|    0.0000|    0.0000|    0.0000|   11.1111|
 Francesco|    0.0000|    0.0000|    0.0000|    0.0000|    0.0000|    0.0000|    0.0000|    0.0000|    0.0000|  100.0000|   11.1111|
      Jamy|    0.0000|    0.0000|    0.0000|    0.0000|    0.0000|    0.0000|    0.0000|  100.0000|    0.0000|    0.0000|   22.2222|
9 left -> 3.169925 bit left

opt: Josua -> Aurelia => H = 0.76420450650862
1	MB#10	 
Josua -> Aurelia
H = -nan bit/X -> I = 0.3626 bit
          |   Aurelia|    Finnja|Jacqueline|      Jill|  Kathleen|    Melina|     Sarah|  Stefanie| Walentina|     Jules|   Vanessa|
 Alexander|    0.0000|    0.0000|    0.0000|    0.0000|    0.0000|    0.0000|  100.0000|    0.0000|    0.0000|    0.0000|   14.2857|
    Danilo|    0.0000|    0.0000|    0.0000|    0.0000|    0.0000|  100.0000|    0.0000|    0.0000|    0.0000|    0.0000|   14.2857|
     Diogo|    0.0000|  100.0000|    0.0000|    0.0000|    0.0000|    0.0000|    0.0000|    0.0000|    0.0000|    0.0000|    0.0000|
     Eugen|    0.0000|    0.0000|    0.0000|    0.0000|    0.0000|    0.0000|    0.0000|    0.0000|  100.0000|    0.0000|   14.2857|
     Josua|  100.0000|    0.0000|    0.0000|    0.0000|    0.0000|    0.0000|    0.0000|    0.0000|    0.0000|    0.0000|    0.0000|
    Manuel|    0.0000|    0.0000|    0.0000|    0.0000|  100.0000|    0.0000|    0.0000|    0.0000|    0.0000|    0.0000|   14.2857|
 Salvatore|    0.0000|    0.0000|  100.0000|    0.0000|    0.0000|    0.0000|    0.0000|    0.0000|    0.0000|    0.0000|   14.2857|
     Tommy|    0.0000|    0.0000|    0.0000|  100.0000|    0.0000|    0.0000|    0.0000|    0.0000|    0.0000|    0.0000|   14.2857|
 Francesco|    0.0000|    0.0000|    0.0000|    0.0000|    0.0000|    0.0000|    0.0000|    0.0000|    0.0000|  100.0000|   14.2857|
      Jamy|    0.0000|    0.0000|    0.0000|    0.0000|    0.0000|    0.0000|    0.0000|  100.0000|    0.0000|    0.0000|    0.0000|
7 left -> 2.807355 bit left

7	MN#9	 
Alexander -> Vanessa
Danilo -> Sarah
Diogo -> Jill
Eugen -> Walentina
Josua -> Aurelia
Manuel -> Kathleen
Salvatore -> Jacqueline
Tommy -> Finnja
Francesco -> Jules
Jamy -> Stefanie
-> I = 2.8074 bit
          |   Aurelia|    Finnja|Jacqueline|      Jill|  Kathleen|    Melina|     Sarah|  Stefanie| Walentina|     Jules|   Vanessa|
 Alexander|    0.0000|    0.0000|    0.0000|    0.0000|    0.0000|    0.0000|  100.0000|    0.0000|    0.0000|    0.0000|  100.0000|
    Danilo|    0.0000|    0.0000|    0.0000|    0.0000|    0.0000|  100.0000|    0.0000|    0.0000|    0.0000|    0.0000|    0.0000|
     Diogo|    0.0000|  100.0000|    0.0000|    0.0000|    0.0000|    0.0000|    0.0000|    0.0000|    0.0000|    0.0000|    0.0000|
     Eugen|    0.0000|    0.0000|    0.0000|    0.0000|    0.0000|    0.0000|    0.0000|    0.0000|  100.0000|    0.0000|    0.0000|
     Josua|  100.0000|    0.0000|    0.0000|    0.0000|    0.0000|    0.0000|    0.0000|    0.0000|    0.0000|    0.0000|    0.0000|
    Manuel|    0.0000|    0.0000|    0.0000|    0.0000|  100.0000|    0.0000|    0.0000|    0.0000|    0.0000|    0.0000|    0.0000|
 Salvatore|    0.0000|    0.0000|  100.0000|    0.0000|    0.0000|    0.0000|    0.0000|    0.0000|    0.0000|    0.0000|    0.0000|
     Tommy|    0.0000|    0.0000|    0.0000|  100.0000|    0.0000|    0.0000|    0.0000|    0.0000|    0.0000|    0.0000|    0.0000|
 Francesco|    0.0000|    0.0000|    0.0000|    0.0000|    0.0000|    0.0000|    0.0000|    0.0000|    0.0000|  100.0000|    0.0000|
      Jamy|    0.0000|    0.0000|    0.0000|    0.0000|    0.0000|    0.0000|    0.0000|  100.0000|    0.0000|    0.0000|    0.0000|
1 left -> -0.000000 bit left

10	MN#10	 
Alexander -> Sarah
Danilo -> Melina
Diogo -> Finnja
Eugen -> Walentina
Josua -> Aurelia
Manuel -> Kathleen
Salvatore -> Jacqueline
Tommy -> Jill
Francesco -> Jules
Jamy -> Stefanie
-> I = 0.0000 bit
          |   Aurelia|    Finnja|Jacqueline|      Jill|  Kathleen|    Melina|     Sarah|  Stefanie| Walentina|     Jules|   Vanessa|
 Alexander|    0.0000|    0.0000|    0.0000|    0.0000|    0.0000|    0.0000|  100.0000|    0.0000|    0.0000|    0.0000|  100.0000|
    Danilo|    0.0000|    0.0000|    0.0000|    0.0000|    0.0000|  100.0000|    0.0000|    0.0000|    0.0000|    0.0000|    0.0000|
     Diogo|    0.0000|  100.0000|    0.0000|    0.0000|    0.0000|    0.0000|    0.0000|    0.0000|    0.0000|    0.0000|    0.0000|
     Eugen|    0.0000|    0.0000|    0.0000|    0.0000|    0.0000|    0.0000|    0.0000|    0.0000|  100.0000|    0.0000|    0.0000|
     Josua|  100.0000|    0.0000|    0.0000|    0.0000|    0.0000|    0.0000|    0.0000|    0.0000|    0.0000|    0.0000|    0.0000|
    Manuel|    0.0000|    0.0000|    0.0000|    0.0000|  100.0000|    0.0000|    0.0000|    0.0000|    0.0000|    0.0000|    0.0000|
 Salvatore|    0.0000|    0.0000|  100.0000|    0.0000|    0.0000|    0.0000|    0.0000|    0.0000|    0.0000|    0.0000|    0.0000|
     Tommy|    0.0000|    0.0000|    0.0000|  100.0000|    0.0000|    0.0000|    0.0000|    0.0000|    0.0000|    0.0000|    0.0000|
 Francesco|    0.0000|    0.0000|    0.0000|    0.0000|    0.0000|    0.0000|    0.0000|    0.0000|    0.0000|  100.0000|    0.0000|
      Jamy|    0.0000|    0.0000|    0.0000|    0.0000|    0.0000|    0.0000|    0.0000|  100.0000|    0.0000|    0.0000|    0.0000|
1 left -> -0.000000 bit left

10	MN#11	 
Alexander -> Vanessa
Danilo -> Melina
Diogo -> Finnja
Eugen -> Walentina
Josua -> Aurelia
Manuel -> Kathleen
Salvatore -> Jacqueline
Tommy -> Jill
Francesco -> Jules
Jamy -> Stefanie
-> I = 0.0000 bit
          |   Aurelia|    Finnja|Jacqueline|      Jill|  Kathleen|    Melina|     Sarah|  Stefanie| Walentina|     Jules|   Vanessa|
 Alexander|    0.0000|    0.0000|    0.0000|    0.0000|    0.0000|    0.0000|  100.0000|    0.0000|    0.0000|    0.0000|  100.0000|
    Danilo|    0.0000|    0.0000|    0.0000|    0.0000|    0.0000|  100.0000|    0.0000|    0.0000|    0.0000|    0.0000|    0.0000|
     Diogo|    0.0000|  100.0000|    0.0000|    0.0000|    0.0000|    0.0000|    0.0000|    0.0000|    0.0000|    0.0000|    0.0000|
     Eugen|    0.0000|    0.0000|    0.0000|    0.0000|    0.0000|    0.0000|    0.0000|    0.0000|  100.0000|    0.0000|    0.0000|
     Josua|  100.0000|    0.0000|    0.0000|    0.0000|    0.0000|    0.0000|    0.0000|    0.0000|    0.0000|    0.0000|    0.0000|
    Manuel|    0.0000|    0.0000|    0.0000|    0.0000|  100.0000|    0.0000|    0.0000|    0.0000|    0.0000|    0.0000|    0.0000|
 Salvatore|    0.0000|    0.0000|  100.0000|    0.0000|    0.0000|    0.0000|    0.0000|    0.0000|    0.0000|    0.0000|    0.0000|
     Tommy|    0.0000|    0.0000|    0.0000|  100.0000|    0.0000|    0.0000|    0.0000|    0.0000|    0.0000|    0.0000|    0.0000|
 Francesco|    0.0000|    0.0000|    0.0000|    0.0000|    0.0000|    0.0000|    0.0000|    0.0000|    0.0000|  100.0000|    0.0000|
      Jamy|    0.0000|    0.0000|    0.0000|    0.0000|    0.0000|    0.0000|    0.0000|  100.0000|    0.0000|    0.0000|    0.0000|
1 left -> -0.000000 bit left

  #  |R | Alexander|     Danilo|      Diogo|      Eugen|      Josua|     Manuel|  Salvatore|      Tommy|  Francesco|       Jamy|   I   
=========================================================================================================================================
MB#01|00|          |     Finnja|           |           |           |           |           |           |           |           | |0.1520|
MN#01|03|     Jules|   Stefanie|    Aurelia|  Walentina|      Sarah|   Kathleen| Jacqueline|     Melina|     Finnja|       Jill| |3.9926|
MB#02|01|          |           |           |           |           |           |           |           |      Jules|           | |3.7313|
MB#03|00|          |           |           |           |           |           |           |  Walentina|           |           | |0.1106|
MN#02|03|    Finnja|      Sarah|    Aurelia|   Stefanie|  Walentina|   Kathleen| Jacqueline|     Melina|      Jules|       Jill| |1.3737|
MB#04|01|          |           |           |           |           |           |           |           |      Jules|           | |0.0000|
MN#03|04|  Stefanie|     Melina|    Aurelia|     Finnja|      Sarah|   Kathleen|  Walentina|       Jill|      Jules|    Vanessa| |2.7046|
MN#04|03|     Sarah|    Aurelia|    Vanessa|     Finnja|  Walentina|       Jill|   Kathleen|     Melina|      Jules|   Stefanie| |2.3204|
MB#05|00|          |           |           |           |           |           |     Finnja|           |           |           | |0.1141|
MN#05|03|  Stefanie|       Jill|    Aurelia|     Finnja|  Walentina|   Kathleen| Jacqueline|     Melina|      Jules|      Sarah| |1.4819|
MB#06|00|          |           |           |     Finnja|           |           |           |           |           |           | |0.9420|
MN#06|02|Jacqueline|    Aurelia|    Vanessa|       Jill|      Sarah|   Kathleen|  Walentina|     Melina|      Jules|     Finnja| |2.3318|
MB#07|00|          |           |           |   Stefanie|           |           |           |           |           |           | |0.0000|
MN#07|01|    Melina|    Aurelia|    Vanessa| Jacqueline|  Walentina|     Finnja|       Jill|   Stefanie|      Jules|      Sarah| |0.8580|
MB#08|00|          |           |           |           |      Sarah|           |           |           |           |           | |0.6077|
MB#09|00|          |           |           |           |           |           |           |     Melina|           |           | |0.0000|
MN#08|04|     Sarah|       Jill|    Aurelia|     Melina|    Vanessa|   Kathleen|  Walentina|     Finnja|      Jules|   Stefanie| |1.2224|
MB#10|01|          |           |           |           |    Aurelia|           |           |           |           |           | |0.3626|
MN#09|07|   Vanessa|      Sarah|       Jill|  Walentina|    Aurelia|   Kathleen| Jacqueline|     Finnja|      Jules|   Stefanie| |2.8074|
MN#10|10|     Sarah|     Melina|     Finnja|  Walentina|    Aurelia|   Kathleen| Jacqueline|       Jill|      Jules|   Stefanie| |0.0000|
MN#11|10|   Vanessa|     Melina|     Finnja|  Walentina|    Aurelia|   Kathleen| Jacqueline|       Jill|      Jules|   Stefanie| |0.0000|


  #  |R |   Aurelia|     Finnja| Jacqueline|       Jill|   Kathleen|     Melina|      Sarah|   Stefanie|  Walentina|      Jules|    Vanessa|   I   
=====================================================================================================================================================
MB#01|00|          |     Danilo|           |           |           |           |           |           |           |           |           | |0.1520|
MN#01|03|     Diogo|  Francesco|  Salvatore|       Jamy|     Manuel|      Tommy|      Josua|     Danilo|      Eugen|  Alexander|           | |3.9926|
MB#02|01|          |           |           |           |           |           |           |           |           |  Francesco|           | |3.7313|
MB#03|00|          |           |           |           |           |           |           |           |      Tommy|           |           | |0.1106|
MN#02|03|     Diogo|  Alexander|  Salvatore|       Jamy|     Manuel|      Tommy|     Danilo|      Eugen|      Josua|  Francesco|           | |1.3737|
MB#04|01|          |           |           |           |           |           |           |           |           |  Francesco|           | |0.0000|
MN#03|04|     Diogo|      Eugen|           |      Tommy|     Manuel|     Danilo|      Josua|  Alexander|  Salvatore|  Francesco|       Jamy| |2.7046|
MN#04|03|    Danilo|      Eugen|           |     Manuel|  Salvatore|      Tommy|  Alexander|       Jamy|      Josua|  Francesco|      Diogo| |2.3204|
MB#05|00|          |  Salvatore|           |           |           |           |           |           |           |           |           | |0.1141|
MN#05|03|     Diogo|      Eugen|  Salvatore|     Danilo|     Manuel|      Tommy|       Jamy|  Alexander|      Josua|  Francesco|           | |1.4819|
MB#06|00|          |      Eugen|           |           |           |           |           |           |           |           |           | |0.9420|
MN#06|02|    Danilo|       Jamy|  Alexander|      Eugen|     Manuel|      Tommy|      Josua|           |  Salvatore|  Francesco|      Diogo| |2.3318|
MB#07|00|          |           |           |           |           |           |           |      Eugen|           |           |           | |0.0000|
MN#07|01|    Danilo|     Manuel|      Eugen|  Salvatore|           |  Alexander|       Jamy|      Tommy|      Josua|  Francesco|      Diogo| |0.8580|
MB#08|00|          |           |           |           |           |           |      Josua|           |           |           |           | |0.6077|
MB#09|00|          |           |           |           |           |      Tommy|           |           |           |           |           | |0.0000|
MN#08|04|     Diogo|      Tommy|           |     Danilo|     Manuel|      Eugen|  Alexander|       Jamy|  Salvatore|  Francesco|      Josua| |1.2224|
MB#10|01|     Josua|           |           |           |           |           |           |           |           |           |           | |0.3626|
MN#09|07|     Josua|      Tommy|  Salvatore|      Diogo|     Manuel|           |     Danilo|       Jamy|      Eugen|  Francesco|  Alexander| |2.8074|
MN#10|10|     Josua|      Diogo|  Salvatore|      Tommy|     Manuel|     Danilo|  Alexander|       Jamy|      Eugen|  Francesco|           | |0.0000|
MN#11|10|     Josua|      Diogo|  Salvatore|      Tommy|     Manuel|     Danilo|           |       Jamy|      Eugen|  Francesco|  Alexander| |0.0000|

