╭──────────┬────────┬────────┬─────────┬────────┬────────┬─────────┬────────┬────────┬────────┬────────┬────────╮
│          ┆  Aleks ┆  Axel  ┆ Dominic ┆ Elisha ┆ Ferhat ┆ Juliano ┆  Kevin ┆ Laurin ┆   Mo   ┆  Rene  ┆  Edin  │
╞══════════╪════════╪════════╪═════════╪════════╪════════╪═════════╪════════╪════════╪════════╪════════╪════════╡
│[48;5;0m Aline    [49m┆[48;5;0m 10.000 [49m┆[48;5;0m 10.000 [49m┆[48;5;0m 10.000  [49m┆[48;5;0m 10.000 [49m┆[48;5;0m 10.000 [49m┆[48;5;0m 10.000  [49m┆[48;5;0m 10.000 [49m┆[48;5;0m 10.000 [49m┆[48;5;0m 10.000 [49m┆[48;5;0m 10.000 [49m┆[48;5;0m 10.000 [49m│
│ Ivana    ┆ 10.000 ┆ 10.000 ┆ 10.000  ┆ 10.000 ┆ 10.000 ┆ 10.000  ┆ 10.000 ┆ 10.000 ┆ 10.000 ┆ 10.000 ┆ 10.000 │
│[48;5;0m Kathi    [49m┆[48;5;0m 10.000 [49m┆[48;5;0m 10.000 [49m┆[48;5;0m 10.000  [49m┆[48;5;0m 10.000 [49m┆[48;5;0m 10.000 [49m┆[48;5;0m 10.000  [49m┆[48;5;0m 10.000 [49m┆[48;5;0m 10.000 [49m┆[48;5;0m 10.000 [49m┆[48;5;0m 10.000 [49m┆[48;5;0m 10.000 [49m│
│ Laura    ┆ 10.000 ┆ 10.000 ┆ 10.000  ┆ 10.000 ┆ 10.000 ┆ 10.000  ┆ 10.000 ┆ 10.000 ┆ 10.000 ┆ 10.000 ┆ 10.000 │
│[48;5;0m Luisa    [49m┆[48;5;0m 10.000 [49m┆[48;5;0m 10.000 [49m┆[48;5;0m 10.000  [49m┆[48;5;0m 10.000 [49m┆[48;5;0m 10.000 [49m┆[48;5;0m 10.000  [49m┆[48;5;0m 10.000 [49m┆[48;5;0m 10.000 [49m┆[48;5;0m 10.000 [49m┆[48;5;0m 10.000 [49m┆[48;5;0m 10.000 [49m│
│ Madleine ┆ 10.000 ┆ 10.000 ┆ 10.000  ┆ 10.000 ┆ 10.000 ┆ 10.000  ┆ 10.000 ┆ 10.000 ┆ 10.000 ┆ 10.000 ┆ 10.000 │
│[48;5;0m Melissa  [49m┆[48;5;0m 10.000 [49m┆[48;5;0m 10.000 [49m┆[48;5;0m 10.000  [49m┆[48;5;0m 10.000 [49m┆[48;5;0m 10.000 [49m┆[48;5;0m 10.000  [49m┆[48;5;0m 10.000 [49m┆[48;5;0m 10.000 [49m┆[48;5;0m 10.000 [49m┆[48;5;0m 10.000 [49m┆[48;5;0m 10.000 [49m│
│ Michelle ┆ 10.000 ┆ 10.000 ┆ 10.000  ┆ 10.000 ┆ 10.000 ┆ 10.000  ┆ 10.000 ┆ 10.000 ┆ 10.000 ┆ 10.000 ┆ 10.000 │
│[48;5;0m Nadine   [49m┆[48;5;0m 10.000 [49m┆[48;5;0m 10.000 [49m┆[48;5;0m 10.000  [49m┆[48;5;0m 10.000 [49m┆[48;5;0m 10.000 [49m┆[48;5;0m 10.000  [49m┆[48;5;0m 10.000 [49m┆[48;5;0m 10.000 [49m┆[48;5;0m 10.000 [49m┆[48;5;0m 10.000 [49m┆[48;5;0m 10.000 [49m│
│ Sabrina  ┆ 10.000 ┆ 10.000 ┆ 10.000  ┆ 10.000 ┆ 10.000 ┆ 10.000  ┆ 10.000 ┆ 10.000 ┆ 10.000 ┆ 10.000 ┆ 10.000 │
╰──────────┴────────┴────────┴─────────┴────────┴────────┴─────────┴────────┴────────┴────────┴────────┴────────╯
36288000 left -> 25.1130 bits left

MB#1.0 E02
Ivana -> Mo
---
-> Pr[lights]: {0: 90.0%, 1: 10.0%}
0 lights => I = 0.1520 bits
╭──────────┬─────────┬─────────┬─────────┬─────────┬─────────┬─────────┬─────────┬─────────┬─────────┬─────────┬─────────╮
│          ┆  Aleks  ┆   Axel  ┆ Dominic ┆  Elisha ┆  Ferhat ┆ Juliano ┆  Kevin  ┆  Laurin ┆    Mo   ┆   Rene  ┆   Edin  │
╞══════════╪═════════╪═════════╪═════════╪═════════╪═════════╪═════════╪═════════╪═════════╪═════════╪═════════╪═════════╡
│[48;5;0m Aline    [49m┆[48;5;0m[38;5;9m 0.000   [49m[39m┆[48;5;0m[38;5;9m 0.000   [49m[39m┆[48;5;0m[38;5;9m 0.000   [49m[39m┆[48;5;0m[38;5;9m 0.000   [49m[39m┆[48;5;0m[38;5;9m 0.000   [49m[39m┆[48;5;0m[38;5;9m 0.000   [49m[39m┆[48;5;0m[38;5;9m 0.000   [49m[39m┆[48;5;0m[38;5;9m 0.000   [49m[39m┆[48;5;0m[38;5;10m 100.000 [49m[39m┆[48;5;0m[38;5;9m 0.000   [49m[39m┆[48;5;0m[38;5;9m 0.000   [49m[39m│
│ Ivana    ┆[38;5;9m 0.000   [39m┆[38;5;9m 0.000   [39m┆[38;5;10m 100.000 [39m┆[38;5;9m 0.000   [39m┆[38;5;9m 0.000   [39m┆[38;5;9m 0.000   [39m┆[38;5;9m 0.000   [39m┆[38;5;9m 0.000   [39m┆[38;5;9m 0.000   [39m┆[38;5;9m 0.000   [39m┆[38;5;9m 0.000   [39m│
│[48;5;0m Kathi    [49m┆[48;5;0m[38;5;9m 0.000   [49m[39m┆[48;5;0m[38;5;9m 0.000   [49m[39m┆[48;5;0m[38;5;9m 0.000   [49m[39m┆[48;5;0m[38;5;9m 0.000   [49m[39m┆[48;5;0m[38;5;9m 0.000   [49m[39m┆[48;5;0m[38;5;9m 0.000   [49m[39m┆[48;5;0m[38;5;10m 100.000 [49m[39m┆[48;5;0m[38;5;9m 0.000   [49m[39m┆[48;5;0m[38;5;9m 0.000   [49m[39m┆[48;5;0m[38;5;9m 0.000   [49m[39m┆[48;5;0m[38;5;9m 0.000   [49m[39m│
│ Laura    ┆[38;5;10m 100.000 [39m┆[38;5;9m 0.000   [39m┆[38;5;9m 0.000   [39m┆[38;5;9m 0.000   [39m┆[38;5;9m 0.000   [39m┆[38;5;9m 0.000   [39m┆[38;5;9m 0.000   [39m┆[38;5;9m 0.000   [39m┆[38;5;9m 0.000   [39m┆[38;5;9m 0.000   [39m┆[38;5;9m 0.000   [39m│
│[48;5;0m Luisa    [49m┆[48;5;0m[38;5;9m 0.000   [49m[39m┆[48;5;0m[38;5;10m 100.000 [49m[39m┆[48;5;0m[38;5;9m 0.000   [49m[39m┆[48;5;0m[38;5;9m 0.000   [49m[39m┆[48;5;0m[38;5;9m 0.000   [49m[39m┆[48;5;0m[38;5;9m 0.000   [49m[39m┆[48;5;0m[38;5;9m 0.000   [49m[39m┆[48;5;0m[38;5;9m 0.000   [49m[39m┆[48;5;0m[38;5;9m 0.000   [49m[39m┆[48;5;0m[38;5;9m 0.000   [49m[39m┆[48;5;0m[38;5;9m 0.000   [49m[39m│
│ Madleine ┆[38;5;9m 0.000   [39m┆[38;5;9m 0.000   [39m┆[38;5;9m 0.000   [39m┆[38;5;9m 0.000   [39m┆[38;5;9m 0.000   [39m┆[38;5;10m 100.000 [39m┆[38;5;9m 0.000   [39m┆[38;5;9m 0.000   [39m┆[38;5;9m 0.000   [39m┆[38;5;9m 0.000   [39m┆[38;5;10m 100.000 [39m│
│[48;5;0m Melissa  [49m┆[48;5;0m[38;5;9m 0.000   [49m[39m┆[48;5;0m[38;5;9m 0.000   [49m[39m┆[48;5;0m[38;5;9m 0.000   [49m[39m┆[48;5;0m[38;5;9m 0.000   [49m[39m┆[48;5;0m[38;5;9m 0.000   [49m[39m┆[48;5;0m[38;5;9m 0.000   [49m[39m┆[48;5;0m[38;5;9m 0.000   [49m[39m┆[48;5;0m[38;5;10m 100.000 [49m[39m┆[48;5;0m[38;5;9m 0.000   [49m[39m┆[48;5;0m[38;5;9m 0.000   [49m[39m┆[48;5;0m[38;5;9m 0.000   [49m[39m│
│ Michelle ┆[38;5;9m 0.000   [39m┆[38;5;9m 0.000   [39m┆[38;5;9m 0.000   [39m┆[38;5;9m 0.000   [39m┆[38;5;9m 0.000   [39m┆[38;5;9m 0.000   [39m┆[38;5;9m 0.000   [39m┆[38;5;9m 0.000   [39m┆[38;5;9m 0.000   [39m┆[38;5;10m 100.000 [39m┆[38;5;9m 0.000   [39m│
│[48;5;0m Nadine   [49m┆[48;5;0m[38;5;9m 0.000   [49m[39m┆[48;5;0m[38;5;9m 0.000   [49m[39m┆[48;5;0m[38;5;9m 0.000   [49m[39m┆[48;5;0m[38;5;9m 0.000   [49m[39m┆[48;5;0m[38;5;10m 100.000 [49m[39m┆[48;5;0m[38;5;9m 0.000   [49m[39m┆[48;5;0m[38;5;9m 0.000   [49m[39m┆[48;5;0m[38;5;9m 0.000   [49m[39m┆[48;5;0m[38;5;9m 0.000   [49m[39m┆[48;5;0m[38;5;9m 0.000   [49m[39m┆[48;5;0m[38;5;9m 0.000   [49m[39m│
│ Sabrina  ┆[38;5;9m 0.000   [39m┆[38;5;9m 0.000   [39m┆[38;5;9m 0.000   [39m┆[38;5;10m 100.000 [39m┆[38;5;9m 0.000   [39m┆[38;5;9m 0.000   [39m┆[38;5;9m 0.000   [39m┆[38;5;9m 0.000   [39m┆[38;5;9m 0.000   [39m┆[38;5;9m 0.000   [39m┆[38;5;9m 0.000   [39m│
╰──────────┴─────────┴─────────┴─────────┴─────────┴─────────┴─────────┴─────────┴─────────┴─────────┴─────────┴─────────╯
1 left -> 0.0000 bits left

MN#1.0 E03
0x Laura -> Ferhat
0x Aline -> Kevin
0x Melissa -> Dominic
0x Ivana -> Juliano
0x Luisa -> Axel
0x Madleine -> Laurin
0x Nadine -> Elisha
0x Michelle -> Mo
0x Sabrina -> Aleks
0x Kathi -> Rene
---
-> Pr[lights]: {0: 36.3%, 1: 36.8%, 2: 18.6%, 3: 6.3%, 4: 1.6%, 5: 0.3%, 6: 0.1%, 7: 0.0%, 8: 0.0%, 10: 0.0%}
->  E[lights]: 1.012
1 lights => I = 1.4427 bits
╭──────────┬─────────┬─────────┬─────────┬─────────┬─────────┬─────────┬─────────┬─────────┬─────────┬─────────┬─────────╮
│          ┆  Aleks  ┆   Axel  ┆ Dominic ┆  Elisha ┆  Ferhat ┆ Juliano ┆  Kevin  ┆  Laurin ┆    Mo   ┆   Rene  ┆   Edin  │
╞══════════╪═════════╪═════════╪═════════╪═════════╪═════════╪═════════╪═════════╪═════════╪═════════╪═════════╪═════════╡
│[48;5;0m Aline    [49m┆[48;5;0m[38;5;9m 0.000   [49m[39m┆[48;5;0m[38;5;9m 0.000   [49m[39m┆[48;5;0m[38;5;9m 0.000   [49m[39m┆[48;5;0m[38;5;9m 0.000   [49m[39m┆[48;5;0m[38;5;9m 0.000   [49m[39m┆[48;5;0m[38;5;9m 0.000   [49m[39m┆[48;5;0m[38;5;9m 0.000   [49m[39m┆[48;5;0m[38;5;9m 0.000   [49m[39m┆[48;5;0m[38;5;10m 100.000 [49m[39m┆[48;5;0m[38;5;9m 0.000   [49m[39m┆[48;5;0m[38;5;9m 0.000   [49m[39m│
│ Ivana    ┆[38;5;9m 0.000   [39m┆[38;5;9m 0.000   [39m┆[38;5;10m 100.000 [39m┆[38;5;9m 0.000   [39m┆[38;5;9m 0.000   [39m┆[38;5;9m 0.000   [39m┆[38;5;9m 0.000   [39m┆[38;5;9m 0.000   [39m┆[38;5;9m 0.000   [39m┆[38;5;9m 0.000   [39m┆[38;5;9m 0.000   [39m│
│[48;5;0m Kathi    [49m┆[48;5;0m[38;5;9m 0.000   [49m[39m┆[48;5;0m[38;5;9m 0.000   [49m[39m┆[48;5;0m[38;5;9m 0.000   [49m[39m┆[48;5;0m[38;5;9m 0.000   [49m[39m┆[48;5;0m[38;5;9m 0.000   [49m[39m┆[48;5;0m[38;5;9m 0.000   [49m[39m┆[48;5;0m[38;5;10m 100.000 [49m[39m┆[48;5;0m[38;5;9m 0.000   [49m[39m┆[48;5;0m[38;5;9m 0.000   [49m[39m┆[48;5;0m[38;5;9m 0.000   [49m[39m┆[48;5;0m[38;5;9m 0.000   [49m[39m│
│ Laura    ┆[38;5;10m 100.000 [39m┆[38;5;9m 0.000   [39m┆[38;5;9m 0.000   [39m┆[38;5;9m 0.000   [39m┆[38;5;9m 0.000   [39m┆[38;5;9m 0.000   [39m┆[38;5;9m 0.000   [39m┆[38;5;9m 0.000   [39m┆[38;5;9m 0.000   [39m┆[38;5;9m 0.000   [39m┆[38;5;9m 0.000   [39m│
│[48;5;0m Luisa    [49m┆[48;5;0m[38;5;9m 0.000   [49m[39m┆[48;5;0m[38;5;10m 100.000 [49m[39m┆[48;5;0m[38;5;9m 0.000   [49m[39m┆[48;5;0m[38;5;9m 0.000   [49m[39m┆[48;5;0m[38;5;9m 0.000   [49m[39m┆[48;5;0m[38;5;9m 0.000   [49m[39m┆[48;5;0m[38;5;9m 0.000   [49m[39m┆[48;5;0m[38;5;9m 0.000   [49m[39m┆[48;5;0m[38;5;9m 0.000   [49m[39m┆[48;5;0m[38;5;9m 0.000   [49m[39m┆[48;5;0m[38;5;9m 0.000   [49m[39m│
│ Madleine ┆[38;5;9m 0.000   [39m┆[38;5;9m 0.000   [39m┆[38;5;9m 0.000   [39m┆[38;5;9m 0.000   [39m┆[38;5;9m 0.000   [39m┆[38;5;10m 100.000 [39m┆[38;5;9m 0.000   [39m┆[38;5;9m 0.000   [39m┆[38;5;9m 0.000   [39m┆[38;5;9m 0.000   [39m┆[38;5;10m 100.000 [39m│
│[48;5;0m Melissa  [49m┆[48;5;0m[38;5;9m 0.000   [49m[39m┆[48;5;0m[38;5;9m 0.000   [49m[39m┆[48;5;0m[38;5;9m 0.000   [49m[39m┆[48;5;0m[38;5;9m 0.000   [49m[39m┆[48;5;0m[38;5;9m 0.000   [49m[39m┆[48;5;0m[38;5;9m 0.000   [49m[39m┆[48;5;0m[38;5;9m 0.000   [49m[39m┆[48;5;0m[38;5;10m 100.000 [49m[39m┆[48;5;0m[38;5;9m 0.000   [49m[39m┆[48;5;0m[38;5;9m 0.000   [49m[39m┆[48;5;0m[38;5;9m 0.000   [49m[39m│
│ Michelle ┆[38;5;9m 0.000   [39m┆[38;5;9m 0.000   [39m┆[38;5;9m 0.000   [39m┆[38;5;9m 0.000   [39m┆[38;5;9m 0.000   [39m┆[38;5;9m 0.000   [39m┆[38;5;9m 0.000   [39m┆[38;5;9m 0.000   [39m┆[38;5;9m 0.000   [39m┆[38;5;10m 100.000 [39m┆[38;5;9m 0.000   [39m│
│[48;5;0m Nadine   [49m┆[48;5;0m[38;5;9m 0.000   [49m[39m┆[48;5;0m[38;5;9m 0.000   [49m[39m┆[48;5;0m[38;5;9m 0.000   [49m[39m┆[48;5;0m[38;5;9m 0.000   [49m[39m┆[48;5;0m[38;5;10m 100.000 [49m[39m┆[48;5;0m[38;5;9m 0.000   [49m[39m┆[48;5;0m[38;5;9m 0.000   [49m[39m┆[48;5;0m[38;5;9m 0.000   [49m[39m┆[48;5;0m[38;5;9m 0.000   [49m[39m┆[48;5;0m[38;5;9m 0.000   [49m[39m┆[48;5;0m[38;5;9m 0.000   [49m[39m│
│ Sabrina  ┆[38;5;9m 0.000   [39m┆[38;5;9m 0.000   [39m┆[38;5;9m 0.000   [39m┆[38;5;10m 100.000 [39m┆[38;5;9m 0.000   [39m┆[38;5;9m 0.000   [39m┆[38;5;9m 0.000   [39m┆[38;5;9m 0.000   [39m┆[38;5;9m 0.000   [39m┆[38;5;9m 0.000   [39m┆[38;5;9m 0.000   [39m│
╰──────────┴─────────┴─────────┴─────────┴─────────┴─────────┴─────────┴─────────┴─────────┴─────────┴─────────┴─────────╯
1 left -> 0.0000 bits left

MB#2.0 E04
Melissa -> Dominic
---
-> Pr[lights]: {0: 90.3%, 1: 9.7%}
0 lights => I = 0.1476 bits
╭──────────┬─────────┬─────────┬─────────┬─────────┬─────────┬─────────┬─────────┬─────────┬─────────┬─────────┬─────────╮
│          ┆  Aleks  ┆   Axel  ┆ Dominic ┆  Elisha ┆  Ferhat ┆ Juliano ┆  Kevin  ┆  Laurin ┆    Mo   ┆   Rene  ┆   Edin  │
╞══════════╪═════════╪═════════╪═════════╪═════════╪═════════╪═════════╪═════════╪═════════╪═════════╪═════════╪═════════╡
│[48;5;0m Aline    [49m┆[48;5;0m[38;5;9m 0.000   [49m[39m┆[48;5;0m[38;5;9m 0.000   [49m[39m┆[48;5;0m[38;5;9m 0.000   [49m[39m┆[48;5;0m[38;5;9m 0.000   [49m[39m┆[48;5;0m[38;5;9m 0.000   [49m[39m┆[48;5;0m[38;5;9m 0.000   [49m[39m┆[48;5;0m[38;5;9m 0.000   [49m[39m┆[48;5;0m[38;5;9m 0.000   [49m[39m┆[48;5;0m[38;5;10m 100.000 [49m[39m┆[48;5;0m[38;5;9m 0.000   [49m[39m┆[48;5;0m[38;5;9m 0.000   [49m[39m│
│ Ivana    ┆[38;5;9m 0.000   [39m┆[38;5;9m 0.000   [39m┆[38;5;10m 100.000 [39m┆[38;5;9m 0.000   [39m┆[38;5;9m 0.000   [39m┆[38;5;9m 0.000   [39m┆[38;5;9m 0.000   [39m┆[38;5;9m 0.000   [39m┆[38;5;9m 0.000   [39m┆[38;5;9m 0.000   [39m┆[38;5;9m 0.000   [39m│
│[48;5;0m Kathi    [49m┆[48;5;0m[38;5;9m 0.000   [49m[39m┆[48;5;0m[38;5;9m 0.000   [49m[39m┆[48;5;0m[38;5;9m 0.000   [49m[39m┆[48;5;0m[38;5;9m 0.000   [49m[39m┆[48;5;0m[38;5;9m 0.000   [49m[39m┆[48;5;0m[38;5;9m 0.000   [49m[39m┆[48;5;0m[38;5;10m 100.000 [49m[39m┆[48;5;0m[38;5;9m 0.000   [49m[39m┆[48;5;0m[38;5;9m 0.000   [49m[39m┆[48;5;0m[38;5;9m 0.000   [49m[39m┆[48;5;0m[38;5;9m 0.000   [49m[39m│
│ Laura    ┆[38;5;10m 100.000 [39m┆[38;5;9m 0.000   [39m┆[38;5;9m 0.000   [39m┆[38;5;9m 0.000   [39m┆[38;5;9m 0.000   [39m┆[38;5;9m 0.000   [39m┆[38;5;9m 0.000   [39m┆[38;5;9m 0.000   [39m┆[38;5;9m 0.000   [39m┆[38;5;9m 0.000   [39m┆[38;5;9m 0.000   [39m│
│[48;5;0m Luisa    [49m┆[48;5;0m[38;5;9m 0.000   [49m[39m┆[48;5;0m[38;5;10m 100.000 [49m[39m┆[48;5;0m[38;5;9m 0.000   [49m[39m┆[48;5;0m[38;5;9m 0.000   [49m[39m┆[48;5;0m[38;5;9m 0.000   [49m[39m┆[48;5;0m[38;5;9m 0.000   [49m[39m┆[48;5;0m[38;5;9m 0.000   [49m[39m┆[48;5;0m[38;5;9m 0.000   [49m[39m┆[48;5;0m[38;5;9m 0.000   [49m[39m┆[48;5;0m[38;5;9m 0.000   [49m[39m┆[48;5;0m[38;5;9m 0.000   [49m[39m│
│ Madleine ┆[38;5;9m 0.000   [39m┆[38;5;9m 0.000   [39m┆[38;5;9m 0.000   [39m┆[38;5;9m 0.000   [39m┆[38;5;9m 0.000   [39m┆[38;5;10m 100.000 [39m┆[38;5;9m 0.000   [39m┆[38;5;9m 0.000   [39m┆[38;5;9m 0.000   [39m┆[38;5;9m 0.000   [39m┆[38;5;10m 100.000 [39m│
│[48;5;0m Melissa  [49m┆[48;5;0m[38;5;9m 0.000   [49m[39m┆[48;5;0m[38;5;9m 0.000   [49m[39m┆[48;5;0m[38;5;9m 0.000   [49m[39m┆[48;5;0m[38;5;9m 0.000   [49m[39m┆[48;5;0m[38;5;9m 0.000   [49m[39m┆[48;5;0m[38;5;9m 0.000   [49m[39m┆[48;5;0m[38;5;9m 0.000   [49m[39m┆[48;5;0m[38;5;10m 100.000 [49m[39m┆[48;5;0m[38;5;9m 0.000   [49m[39m┆[48;5;0m[38;5;9m 0.000   [49m[39m┆[48;5;0m[38;5;9m 0.000   [49m[39m│
│ Michelle ┆[38;5;9m 0.000   [39m┆[38;5;9m 0.000   [39m┆[38;5;9m 0.000   [39m┆[38;5;9m 0.000   [39m┆[38;5;9m 0.000   [39m┆[38;5;9m 0.000   [39m┆[38;5;9m 0.000   [39m┆[38;5;9m 0.000   [39m┆[38;5;9m 0.000   [39m┆[38;5;10m 100.000 [39m┆[38;5;9m 0.000   [39m│
│[48;5;0m Nadine   [49m┆[48;5;0m[38;5;9m 0.000   [49m[39m┆[48;5;0m[38;5;9m 0.000   [49m[39m┆[48;5;0m[38;5;9m 0.000   [49m[39m┆[48;5;0m[38;5;9m 0.000   [49m[39m┆[48;5;0m[38;5;10m 100.000 [49m[39m┆[48;5;0m[38;5;9m 0.000   [49m[39m┆[48;5;0m[38;5;9m 0.000   [49m[39m┆[48;5;0m[38;5;9m 0.000   [49m[39m┆[48;5;0m[38;5;9m 0.000   [49m[39m┆[48;5;0m[38;5;9m 0.000   [49m[39m┆[48;5;0m[38;5;9m 0.000   [49m[39m│
│ Sabrina  ┆[38;5;9m 0.000   [39m┆[38;5;9m 0.000   [39m┆[38;5;9m 0.000   [39m┆[38;5;10m 100.000 [39m┆[38;5;9m 0.000   [39m┆[38;5;9m 0.000   [39m┆[38;5;9m 0.000   [39m┆[38;5;9m 0.000   [39m┆[38;5;9m 0.000   [39m┆[38;5;9m 0.000   [39m┆[38;5;9m 0.000   [39m│
╰──────────┴─────────┴─────────┴─────────┴─────────┴─────────┴─────────┴─────────┴─────────┴─────────┴─────────┴─────────╯
1 left -> 0.0000 bits left

MN#2.0 E04
0x Ivana -> Elisha
1x Michelle -> Mo
0x Laura -> Juliano
0x Madleine -> Axel
0x Melissa -> Laurin
0x Nadine -> Aleks
0x Luisa -> Rene
0x Kathi -> Kevin
0x Aline -> Ferhat
0x Sabrina -> Dominic
---
-> Pr[lights]: {0: 36.1%, 1: 36.5%, 2: 18.7%, 3: 6.5%, 4: 1.7%, 5: 0.4%, 6: 0.1%, 7: 0.0%, 8: 0.0%, 10: 0.0%}
->  E[lights]: 1.029
2 lights => I = 2.4182 bits
╭──────────┬─────────┬─────────┬─────────┬─────────┬─────────┬─────────┬─────────┬─────────┬─────────┬─────────┬─────────╮
│          ┆  Aleks  ┆   Axel  ┆ Dominic ┆  Elisha ┆  Ferhat ┆ Juliano ┆  Kevin  ┆  Laurin ┆    Mo   ┆   Rene  ┆   Edin  │
╞══════════╪═════════╪═════════╪═════════╪═════════╪═════════╪═════════╪═════════╪═════════╪═════════╪═════════╪═════════╡
│[48;5;0m Aline    [49m┆[48;5;0m[38;5;9m 0.000   [49m[39m┆[48;5;0m[38;5;9m 0.000   [49m[39m┆[48;5;0m[38;5;9m 0.000   [49m[39m┆[48;5;0m[38;5;9m 0.000   [49m[39m┆[48;5;0m[38;5;9m 0.000   [49m[39m┆[48;5;0m[38;5;9m 0.000   [49m[39m┆[48;5;0m[38;5;9m 0.000   [49m[39m┆[48;5;0m[38;5;9m 0.000   [49m[39m┆[48;5;0m[38;5;10m 100.000 [49m[39m┆[48;5;0m[38;5;9m 0.000   [49m[39m┆[48;5;0m[38;5;9m 0.000   [49m[39m│
│ Ivana    ┆[38;5;9m 0.000   [39m┆[38;5;9m 0.000   [39m┆[38;5;10m 100.000 [39m┆[38;5;9m 0.000   [39m┆[38;5;9m 0.000   [39m┆[38;5;9m 0.000   [39m┆[38;5;9m 0.000   [39m┆[38;5;9m 0.000   [39m┆[38;5;9m 0.000   [39m┆[38;5;9m 0.000   [39m┆[38;5;9m 0.000   [39m│
│[48;5;0m Kathi    [49m┆[48;5;0m[38;5;9m 0.000   [49m[39m┆[48;5;0m[38;5;9m 0.000   [49m[39m┆[48;5;0m[38;5;9m 0.000   [49m[39m┆[48;5;0m[38;5;9m 0.000   [49m[39m┆[48;5;0m[38;5;9m 0.000   [49m[39m┆[48;5;0m[38;5;9m 0.000   [49m[39m┆[48;5;0m[38;5;10m 100.000 [49m[39m┆[48;5;0m[38;5;9m 0.000   [49m[39m┆[48;5;0m[38;5;9m 0.000   [49m[39m┆[48;5;0m[38;5;9m 0.000   [49m[39m┆[48;5;0m[38;5;9m 0.000   [49m[39m│
│ Laura    ┆[38;5;10m 100.000 [39m┆[38;5;9m 0.000   [39m┆[38;5;9m 0.000   [39m┆[38;5;9m 0.000   [39m┆[38;5;9m 0.000   [39m┆[38;5;9m 0.000   [39m┆[38;5;9m 0.000   [39m┆[38;5;9m 0.000   [39m┆[38;5;9m 0.000   [39m┆[38;5;9m 0.000   [39m┆[38;5;9m 0.000   [39m│
│[48;5;0m Luisa    [49m┆[48;5;0m[38;5;9m 0.000   [49m[39m┆[48;5;0m[38;5;10m 100.000 [49m[39m┆[48;5;0m[38;5;9m 0.000   [49m[39m┆[48;5;0m[38;5;9m 0.000   [49m[39m┆[48;5;0m[38;5;9m 0.000   [49m[39m┆[48;5;0m[38;5;9m 0.000   [49m[39m┆[48;5;0m[38;5;9m 0.000   [49m[39m┆[48;5;0m[38;5;9m 0.000   [49m[39m┆[48;5;0m[38;5;9m 0.000   [49m[39m┆[48;5;0m[38;5;9m 0.000   [49m[39m┆[48;5;0m[38;5;9m 0.000   [49m[39m│
│ Madleine ┆[38;5;9m 0.000   [39m┆[38;5;9m 0.000   [39m┆[38;5;9m 0.000   [39m┆[38;5;9m 0.000   [39m┆[38;5;9m 0.000   [39m┆[38;5;10m 100.000 [39m┆[38;5;9m 0.000   [39m┆[38;5;9m 0.000   [39m┆[38;5;9m 0.000   [39m┆[38;5;9m 0.000   [39m┆[38;5;10m 100.000 [39m│
│[48;5;0m Melissa  [49m┆[48;5;0m[38;5;9m 0.000   [49m[39m┆[48;5;0m[38;5;9m 0.000   [49m[39m┆[48;5;0m[38;5;9m 0.000   [49m[39m┆[48;5;0m[38;5;9m 0.000   [49m[39m┆[48;5;0m[38;5;9m 0.000   [49m[39m┆[48;5;0m[38;5;9m 0.000   [49m[39m┆[48;5;0m[38;5;9m 0.000   [49m[39m┆[48;5;0m[38;5;10m 100.000 [49m[39m┆[48;5;0m[38;5;9m 0.000   [49m[39m┆[48;5;0m[38;5;9m 0.000   [49m[39m┆[48;5;0m[38;5;9m 0.000   [49m[39m│
│ Michelle ┆[38;5;9m 0.000   [39m┆[38;5;9m 0.000   [39m┆[38;5;9m 0.000   [39m┆[38;5;9m 0.000   [39m┆[38;5;9m 0.000   [39m┆[38;5;9m 0.000   [39m┆[38;5;9m 0.000   [39m┆[38;5;9m 0.000   [39m┆[38;5;9m 0.000   [39m┆[38;5;10m 100.000 [39m┆[38;5;9m 0.000   [39m│
│[48;5;0m Nadine   [49m┆[48;5;0m[38;5;9m 0.000   [49m[39m┆[48;5;0m[38;5;9m 0.000   [49m[39m┆[48;5;0m[38;5;9m 0.000   [49m[39m┆[48;5;0m[38;5;9m 0.000   [49m[39m┆[48;5;0m[38;5;10m 100.000 [49m[39m┆[48;5;0m[38;5;9m 0.000   [49m[39m┆[48;5;0m[38;5;9m 0.000   [49m[39m┆[48;5;0m[38;5;9m 0.000   [49m[39m┆[48;5;0m[38;5;9m 0.000   [49m[39m┆[48;5;0m[38;5;9m 0.000   [49m[39m┆[48;5;0m[38;5;9m 0.000   [49m[39m│
│ Sabrina  ┆[38;5;9m 0.000   [39m┆[38;5;9m 0.000   [39m┆[38;5;9m 0.000   [39m┆[38;5;10m 100.000 [39m┆[38;5;9m 0.000   [39m┆[38;5;9m 0.000   [39m┆[38;5;9m 0.000   [39m┆[38;5;9m 0.000   [39m┆[38;5;9m 0.000   [39m┆[38;5;9m 0.000   [39m┆[38;5;9m 0.000   [39m│
╰──────────┴─────────┴─────────┴─────────┴─────────┴─────────┴─────────┴─────────┴─────────┴─────────┴─────────┴─────────╯
1 left -> 0.0000 bits left

MB#3.0 E06
Aline -> Mo
---
-> Pr[lights]: {0: 90.6%, 1: 9.4%}
1 lights => I = 3.5680 bits
╭──────────┬─────────┬─────────┬─────────┬─────────┬─────────┬─────────┬─────────┬─────────┬─────────┬─────────┬─────────╮
│          ┆  Aleks  ┆   Axel  ┆ Dominic ┆  Elisha ┆  Ferhat ┆ Juliano ┆  Kevin  ┆  Laurin ┆    Mo   ┆   Rene  ┆   Edin  │
╞══════════╪═════════╪═════════╪═════════╪═════════╪═════════╪═════════╪═════════╪═════════╪═════════╪═════════╪═════════╡
│[48;5;0m Aline    [49m┆[48;5;0m[38;5;9m 0.000   [49m[39m┆[48;5;0m[38;5;9m 0.000   [49m[39m┆[48;5;0m[38;5;9m 0.000   [49m[39m┆[48;5;0m[38;5;9m 0.000   [49m[39m┆[48;5;0m[38;5;9m 0.000   [49m[39m┆[48;5;0m[38;5;9m 0.000   [49m[39m┆[48;5;0m[38;5;9m 0.000   [49m[39m┆[48;5;0m[38;5;9m 0.000   [49m[39m┆[48;5;0m[38;5;10m 100.000 [49m[39m┆[48;5;0m[38;5;9m 0.000   [49m[39m┆[48;5;0m[38;5;9m 0.000   [49m[39m│
│ Ivana    ┆[38;5;9m 0.000   [39m┆[38;5;9m 0.000   [39m┆[38;5;10m 100.000 [39m┆[38;5;9m 0.000   [39m┆[38;5;9m 0.000   [39m┆[38;5;9m 0.000   [39m┆[38;5;9m 0.000   [39m┆[38;5;9m 0.000   [39m┆[38;5;9m 0.000   [39m┆[38;5;9m 0.000   [39m┆[38;5;9m 0.000   [39m│
│[48;5;0m Kathi    [49m┆[48;5;0m[38;5;9m 0.000   [49m[39m┆[48;5;0m[38;5;9m 0.000   [49m[39m┆[48;5;0m[38;5;9m 0.000   [49m[39m┆[48;5;0m[38;5;9m 0.000   [49m[39m┆[48;5;0m[38;5;9m 0.000   [49m[39m┆[48;5;0m[38;5;9m 0.000   [49m[39m┆[48;5;0m[38;5;10m 100.000 [49m[39m┆[48;5;0m[38;5;9m 0.000   [49m[39m┆[48;5;0m[38;5;9m 0.000   [49m[39m┆[48;5;0m[38;5;9m 0.000   [49m[39m┆[48;5;0m[38;5;9m 0.000   [49m[39m│
│ Laura    ┆[38;5;10m 100.000 [39m┆[38;5;9m 0.000   [39m┆[38;5;9m 0.000   [39m┆[38;5;9m 0.000   [39m┆[38;5;9m 0.000   [39m┆[38;5;9m 0.000   [39m┆[38;5;9m 0.000   [39m┆[38;5;9m 0.000   [39m┆[38;5;9m 0.000   [39m┆[38;5;9m 0.000   [39m┆[38;5;9m 0.000   [39m│
│[48;5;0m Luisa    [49m┆[48;5;0m[38;5;9m 0.000   [49m[39m┆[48;5;0m[38;5;10m 100.000 [49m[39m┆[48;5;0m[38;5;9m 0.000   [49m[39m┆[48;5;0m[38;5;9m 0.000   [49m[39m┆[48;5;0m[38;5;9m 0.000   [49m[39m┆[48;5;0m[38;5;9m 0.000   [49m[39m┆[48;5;0m[38;5;9m 0.000   [49m[39m┆[48;5;0m[38;5;9m 0.000   [49m[39m┆[48;5;0m[38;5;9m 0.000   [49m[39m┆[48;5;0m[38;5;9m 0.000   [49m[39m┆[48;5;0m[38;5;9m 0.000   [49m[39m│
│ Madleine ┆[38;5;9m 0.000   [39m┆[38;5;9m 0.000   [39m┆[38;5;9m 0.000   [39m┆[38;5;9m 0.000   [39m┆[38;5;9m 0.000   [39m┆[38;5;10m 100.000 [39m┆[38;5;9m 0.000   [39m┆[38;5;9m 0.000   [39m┆[38;5;9m 0.000   [39m┆[38;5;9m 0.000   [39m┆[38;5;10m 100.000 [39m│
│[48;5;0m Melissa  [49m┆[48;5;0m[38;5;9m 0.000   [49m[39m┆[48;5;0m[38;5;9m 0.000   [49m[39m┆[48;5;0m[38;5;9m 0.000   [49m[39m┆[48;5;0m[38;5;9m 0.000   [49m[39m┆[48;5;0m[38;5;9m 0.000   [49m[39m┆[48;5;0m[38;5;9m 0.000   [49m[39m┆[48;5;0m[38;5;9m 0.000   [49m[39m┆[48;5;0m[38;5;10m 100.000 [49m[39m┆[48;5;0m[38;5;9m 0.000   [49m[39m┆[48;5;0m[38;5;9m 0.000   [49m[39m┆[48;5;0m[38;5;9m 0.000   [49m[39m│
│ Michelle ┆[38;5;9m 0.000   [39m┆[38;5;9m 0.000   [39m┆[38;5;9m 0.000   [39m┆[38;5;9m 0.000   [39m┆[38;5;9m 0.000   [39m┆[38;5;9m 0.000   [39m┆[38;5;9m 0.000   [39m┆[38;5;9m 0.000   [39m┆[38;5;9m 0.000   [39m┆[38;5;10m 100.000 [39m┆[38;5;9m 0.000   [39m│
│[48;5;0m Nadine   [49m┆[48;5;0m[38;5;9m 0.000   [49m[39m┆[48;5;0m[38;5;9m 0.000   [49m[39m┆[48;5;0m[38;5;9m 0.000   [49m[39m┆[48;5;0m[38;5;9m 0.000   [49m[39m┆[48;5;0m[38;5;10m 100.000 [49m[39m┆[48;5;0m[38;5;9m 0.000   [49m[39m┆[48;5;0m[38;5;9m 0.000   [49m[39m┆[48;5;0m[38;5;9m 0.000   [49m[39m┆[48;5;0m[38;5;9m 0.000   [49m[39m┆[48;5;0m[38;5;9m 0.000   [49m[39m┆[48;5;0m[38;5;9m 0.000   [49m[39m│
│ Sabrina  ┆[38;5;9m 0.000   [39m┆[38;5;9m 0.000   [39m┆[38;5;9m 0.000   [39m┆[38;5;10m 100.000 [39m┆[38;5;9m 0.000   [39m┆[38;5;9m 0.000   [39m┆[38;5;9m 0.000   [39m┆[38;5;9m 0.000   [39m┆[38;5;9m 0.000   [39m┆[38;5;9m 0.000   [39m┆[38;5;9m 0.000   [39m│
╰──────────┴─────────┴─────────┴─────────┴─────────┴─────────┴─────────┴─────────┴─────────┴─────────┴─────────┴─────────╯
1 left -> 0.0000 bits left

MN#3.0 E06
1x Sabrina -> Dominic
0x Aline -> Mo
1x Ivana -> Elisha
1x Nadine -> Aleks
1x Laura -> Juliano
1x Madleine -> Axel
0x Michelle -> Ferhat
1x Luisa -> Rene
1x Kathi -> Kevin
1x Melissa -> Laurin
---
-> Pr[lights]: {3: 87.7%, 4: 12.3%}
->  E[lights]: 3.123
3 lights => I = 0.1886 bits
╭──────────┬─────────┬─────────┬─────────┬─────────┬─────────┬─────────┬─────────┬─────────┬─────────┬─────────┬─────────╮
│          ┆  Aleks  ┆   Axel  ┆ Dominic ┆  Elisha ┆  Ferhat ┆ Juliano ┆  Kevin  ┆  Laurin ┆    Mo   ┆   Rene  ┆   Edin  │
╞══════════╪═════════╪═════════╪═════════╪═════════╪═════════╪═════════╪═════════╪═════════╪═════════╪═════════╪═════════╡
│[48;5;0m Aline    [49m┆[48;5;0m[38;5;9m 0.000   [49m[39m┆[48;5;0m[38;5;9m 0.000   [49m[39m┆[48;5;0m[38;5;9m 0.000   [49m[39m┆[48;5;0m[38;5;9m 0.000   [49m[39m┆[48;5;0m[38;5;9m 0.000   [49m[39m┆[48;5;0m[38;5;9m 0.000   [49m[39m┆[48;5;0m[38;5;9m 0.000   [49m[39m┆[48;5;0m[38;5;9m 0.000   [49m[39m┆[48;5;0m[38;5;10m 100.000 [49m[39m┆[48;5;0m[38;5;9m 0.000   [49m[39m┆[48;5;0m[38;5;9m 0.000   [49m[39m│
│ Ivana    ┆[38;5;9m 0.000   [39m┆[38;5;9m 0.000   [39m┆[38;5;10m 100.000 [39m┆[38;5;9m 0.000   [39m┆[38;5;9m 0.000   [39m┆[38;5;9m 0.000   [39m┆[38;5;9m 0.000   [39m┆[38;5;9m 0.000   [39m┆[38;5;9m 0.000   [39m┆[38;5;9m 0.000   [39m┆[38;5;9m 0.000   [39m│
│[48;5;0m Kathi    [49m┆[48;5;0m[38;5;9m 0.000   [49m[39m┆[48;5;0m[38;5;9m 0.000   [49m[39m┆[48;5;0m[38;5;9m 0.000   [49m[39m┆[48;5;0m[38;5;9m 0.000   [49m[39m┆[48;5;0m[38;5;9m 0.000   [49m[39m┆[48;5;0m[38;5;9m 0.000   [49m[39m┆[48;5;0m[38;5;10m 100.000 [49m[39m┆[48;5;0m[38;5;9m 0.000   [49m[39m┆[48;5;0m[38;5;9m 0.000   [49m[39m┆[48;5;0m[38;5;9m 0.000   [49m[39m┆[48;5;0m[38;5;9m 0.000   [49m[39m│
│ Laura    ┆[38;5;10m 100.000 [39m┆[38;5;9m 0.000   [39m┆[38;5;9m 0.000   [39m┆[38;5;9m 0.000   [39m┆[38;5;9m 0.000   [39m┆[38;5;9m 0.000   [39m┆[38;5;9m 0.000   [39m┆[38;5;9m 0.000   [39m┆[38;5;9m 0.000   [39m┆[38;5;9m 0.000   [39m┆[38;5;9m 0.000   [39m│
│[48;5;0m Luisa    [49m┆[48;5;0m[38;5;9m 0.000   [49m[39m┆[48;5;0m[38;5;10m 100.000 [49m[39m┆[48;5;0m[38;5;9m 0.000   [49m[39m┆[48;5;0m[38;5;9m 0.000   [49m[39m┆[48;5;0m[38;5;9m 0.000   [49m[39m┆[48;5;0m[38;5;9m 0.000   [49m[39m┆[48;5;0m[38;5;9m 0.000   [49m[39m┆[48;5;0m[38;5;9m 0.000   [49m[39m┆[48;5;0m[38;5;9m 0.000   [49m[39m┆[48;5;0m[38;5;9m 0.000   [49m[39m┆[48;5;0m[38;5;9m 0.000   [49m[39m│
│ Madleine ┆[38;5;9m 0.000   [39m┆[38;5;9m 0.000   [39m┆[38;5;9m 0.000   [39m┆[38;5;9m 0.000   [39m┆[38;5;9m 0.000   [39m┆[38;5;10m 100.000 [39m┆[38;5;9m 0.000   [39m┆[38;5;9m 0.000   [39m┆[38;5;9m 0.000   [39m┆[38;5;9m 0.000   [39m┆[38;5;10m 100.000 [39m│
│[48;5;0m Melissa  [49m┆[48;5;0m[38;5;9m 0.000   [49m[39m┆[48;5;0m[38;5;9m 0.000   [49m[39m┆[48;5;0m[38;5;9m 0.000   [49m[39m┆[48;5;0m[38;5;9m 0.000   [49m[39m┆[48;5;0m[38;5;9m 0.000   [49m[39m┆[48;5;0m[38;5;9m 0.000   [49m[39m┆[48;5;0m[38;5;9m 0.000   [49m[39m┆[48;5;0m[38;5;10m 100.000 [49m[39m┆[48;5;0m[38;5;9m 0.000   [49m[39m┆[48;5;0m[38;5;9m 0.000   [49m[39m┆[48;5;0m[38;5;9m 0.000   [49m[39m│
│ Michelle ┆[38;5;9m 0.000   [39m┆[38;5;9m 0.000   [39m┆[38;5;9m 0.000   [39m┆[38;5;9m 0.000   [39m┆[38;5;9m 0.000   [39m┆[38;5;9m 0.000   [39m┆[38;5;9m 0.000   [39m┆[38;5;9m 0.000   [39m┆[38;5;9m 0.000   [39m┆[38;5;10m 100.000 [39m┆[38;5;9m 0.000   [39m│
│[48;5;0m Nadine   [49m┆[48;5;0m[38;5;9m 0.000   [49m[39m┆[48;5;0m[38;5;9m 0.000   [49m[39m┆[48;5;0m[38;5;9m 0.000   [49m[39m┆[48;5;0m[38;5;9m 0.000   [49m[39m┆[48;5;0m[38;5;10m 100.000 [49m[39m┆[48;5;0m[38;5;9m 0.000   [49m[39m┆[48;5;0m[38;5;9m 0.000   [49m[39m┆[48;5;0m[38;5;9m 0.000   [49m[39m┆[48;5;0m[38;5;9m 0.000   [49m[39m┆[48;5;0m[38;5;9m 0.000   [49m[39m┆[48;5;0m[38;5;9m 0.000   [49m[39m│
│ Sabrina  ┆[38;5;9m 0.000   [39m┆[38;5;9m 0.000   [39m┆[38;5;9m 0.000   [39m┆[38;5;10m 100.000 [39m┆[38;5;9m 0.000   [39m┆[38;5;9m 0.000   [39m┆[38;5;9m 0.000   [39m┆[38;5;9m 0.000   [39m┆[38;5;9m 0.000   [39m┆[38;5;9m 0.000   [39m┆[38;5;9m 0.000   [39m│
╰──────────┴─────────┴─────────┴─────────┴─────────┴─────────┴─────────┴─────────┴─────────┴─────────┴─────────┴─────────╯
1 left -> 0.0000 bits left

MB#4.0 E08
Melissa -> Laurin
---
-> Pr[lights]: {0: 71.7%, 1: 28.3%}
1 lights => I = 1.9914 bits
╭──────────┬─────────┬─────────┬─────────┬─────────┬─────────┬─────────┬─────────┬─────────┬─────────┬─────────┬─────────╮
│          ┆  Aleks  ┆   Axel  ┆ Dominic ┆  Elisha ┆  Ferhat ┆ Juliano ┆  Kevin  ┆  Laurin ┆    Mo   ┆   Rene  ┆   Edin  │
╞══════════╪═════════╪═════════╪═════════╪═════════╪═════════╪═════════╪═════════╪═════════╪═════════╪═════════╪═════════╡
│[48;5;0m Aline    [49m┆[48;5;0m[38;5;9m 0.000   [49m[39m┆[48;5;0m[38;5;9m 0.000   [49m[39m┆[48;5;0m[38;5;9m 0.000   [49m[39m┆[48;5;0m[38;5;9m 0.000   [49m[39m┆[48;5;0m[38;5;9m 0.000   [49m[39m┆[48;5;0m[38;5;9m 0.000   [49m[39m┆[48;5;0m[38;5;9m 0.000   [49m[39m┆[48;5;0m[38;5;9m 0.000   [49m[39m┆[48;5;0m[38;5;10m 100.000 [49m[39m┆[48;5;0m[38;5;9m 0.000   [49m[39m┆[48;5;0m[38;5;9m 0.000   [49m[39m│
│ Ivana    ┆[38;5;9m 0.000   [39m┆[38;5;9m 0.000   [39m┆[38;5;10m 100.000 [39m┆[38;5;9m 0.000   [39m┆[38;5;9m 0.000   [39m┆[38;5;9m 0.000   [39m┆[38;5;9m 0.000   [39m┆[38;5;9m 0.000   [39m┆[38;5;9m 0.000   [39m┆[38;5;9m 0.000   [39m┆[38;5;9m 0.000   [39m│
│[48;5;0m Kathi    [49m┆[48;5;0m[38;5;9m 0.000   [49m[39m┆[48;5;0m[38;5;9m 0.000   [49m[39m┆[48;5;0m[38;5;9m 0.000   [49m[39m┆[48;5;0m[38;5;9m 0.000   [49m[39m┆[48;5;0m[38;5;9m 0.000   [49m[39m┆[48;5;0m[38;5;9m 0.000   [49m[39m┆[48;5;0m[38;5;10m 100.000 [49m[39m┆[48;5;0m[38;5;9m 0.000   [49m[39m┆[48;5;0m[38;5;9m 0.000   [49m[39m┆[48;5;0m[38;5;9m 0.000   [49m[39m┆[48;5;0m[38;5;9m 0.000   [49m[39m│
│ Laura    ┆[38;5;10m 100.000 [39m┆[38;5;9m 0.000   [39m┆[38;5;9m 0.000   [39m┆[38;5;9m 0.000   [39m┆[38;5;9m 0.000   [39m┆[38;5;9m 0.000   [39m┆[38;5;9m 0.000   [39m┆[38;5;9m 0.000   [39m┆[38;5;9m 0.000   [39m┆[38;5;9m 0.000   [39m┆[38;5;9m 0.000   [39m│
│[48;5;0m Luisa    [49m┆[48;5;0m[38;5;9m 0.000   [49m[39m┆[48;5;0m[38;5;10m 100.000 [49m[39m┆[48;5;0m[38;5;9m 0.000   [49m[39m┆[48;5;0m[38;5;9m 0.000   [49m[39m┆[48;5;0m[38;5;9m 0.000   [49m[39m┆[48;5;0m[38;5;9m 0.000   [49m[39m┆[48;5;0m[38;5;9m 0.000   [49m[39m┆[48;5;0m[38;5;9m 0.000   [49m[39m┆[48;5;0m[38;5;9m 0.000   [49m[39m┆[48;5;0m[38;5;9m 0.000   [49m[39m┆[48;5;0m[38;5;9m 0.000   [49m[39m│
│ Madleine ┆[38;5;9m 0.000   [39m┆[38;5;9m 0.000   [39m┆[38;5;9m 0.000   [39m┆[38;5;9m 0.000   [39m┆[38;5;9m 0.000   [39m┆[38;5;10m 100.000 [39m┆[38;5;9m 0.000   [39m┆[38;5;9m 0.000   [39m┆[38;5;9m 0.000   [39m┆[38;5;9m 0.000   [39m┆[38;5;10m 100.000 [39m│
│[48;5;0m Melissa  [49m┆[48;5;0m[38;5;9m 0.000   [49m[39m┆[48;5;0m[38;5;9m 0.000   [49m[39m┆[48;5;0m[38;5;9m 0.000   [49m[39m┆[48;5;0m[38;5;9m 0.000   [49m[39m┆[48;5;0m[38;5;9m 0.000   [49m[39m┆[48;5;0m[38;5;9m 0.000   [49m[39m┆[48;5;0m[38;5;9m 0.000   [49m[39m┆[48;5;0m[38;5;10m 100.000 [49m[39m┆[48;5;0m[38;5;9m 0.000   [49m[39m┆[48;5;0m[38;5;9m 0.000   [49m[39m┆[48;5;0m[38;5;9m 0.000   [49m[39m│
│ Michelle ┆[38;5;9m 0.000   [39m┆[38;5;9m 0.000   [39m┆[38;5;9m 0.000   [39m┆[38;5;9m 0.000   [39m┆[38;5;9m 0.000   [39m┆[38;5;9m 0.000   [39m┆[38;5;9m 0.000   [39m┆[38;5;9m 0.000   [39m┆[38;5;9m 0.000   [39m┆[38;5;10m 100.000 [39m┆[38;5;9m 0.000   [39m│
│[48;5;0m Nadine   [49m┆[48;5;0m[38;5;9m 0.000   [49m[39m┆[48;5;0m[38;5;9m 0.000   [49m[39m┆[48;5;0m[38;5;9m 0.000   [49m[39m┆[48;5;0m[38;5;9m 0.000   [49m[39m┆[48;5;0m[38;5;10m 100.000 [49m[39m┆[48;5;0m[38;5;9m 0.000   [49m[39m┆[48;5;0m[38;5;9m 0.000   [49m[39m┆[48;5;0m[38;5;9m 0.000   [49m[39m┆[48;5;0m[38;5;9m 0.000   [49m[39m┆[48;5;0m[38;5;9m 0.000   [49m[39m┆[48;5;0m[38;5;9m 0.000   [49m[39m│
│ Sabrina  ┆[38;5;9m 0.000   [39m┆[38;5;9m 0.000   [39m┆[38;5;9m 0.000   [39m┆[38;5;10m 100.000 [39m┆[38;5;9m 0.000   [39m┆[38;5;9m 0.000   [39m┆[38;5;9m 0.000   [39m┆[38;5;9m 0.000   [39m┆[38;5;9m 0.000   [39m┆[38;5;9m 0.000   [39m┆[38;5;9m 0.000   [39m│
╰──────────┴─────────┴─────────┴─────────┴─────────┴─────────┴─────────┴─────────┴─────────┴─────────┴─────────┴─────────╯
1 left -> 0.0000 bits left

MN#4.0 E08 -- Blackout
0x Michelle -> Elisha
0x Ivana -> Axel
1x Aline -> Mo
0x Madleine -> Ferhat
0x Laura -> Kevin
2x Luisa -> Rene
0x Kathi -> Juliano
0x Nadine -> Dominic
2x Melissa -> Laurin
1x Sabrina -> Aleks
---
-> Pr[lights]: {2: 35.9%, 3: 36.5%, 4: 18.2%, 5: 6.8%, 6: 1.9%, 7: 0.4%, 8: 0.2%, 10: 0.0%}
->  E[lights]: 3.044
2 lights => I = 1.4767 bits
╭──────────┬─────────┬─────────┬─────────┬─────────┬─────────┬─────────┬─────────┬─────────┬─────────┬─────────┬─────────╮
│          ┆  Aleks  ┆   Axel  ┆ Dominic ┆  Elisha ┆  Ferhat ┆ Juliano ┆  Kevin  ┆  Laurin ┆    Mo   ┆   Rene  ┆   Edin  │
╞══════════╪═════════╪═════════╪═════════╪═════════╪═════════╪═════════╪═════════╪═════════╪═════════╪═════════╪═════════╡
│[48;5;0m Aline    [49m┆[48;5;0m[38;5;9m 0.000   [49m[39m┆[48;5;0m[38;5;9m 0.000   [49m[39m┆[48;5;0m[38;5;9m 0.000   [49m[39m┆[48;5;0m[38;5;9m 0.000   [49m[39m┆[48;5;0m[38;5;9m 0.000   [49m[39m┆[48;5;0m[38;5;9m 0.000   [49m[39m┆[48;5;0m[38;5;9m 0.000   [49m[39m┆[48;5;0m[38;5;9m 0.000   [49m[39m┆[48;5;0m[38;5;10m 100.000 [49m[39m┆[48;5;0m[38;5;9m 0.000   [49m[39m┆[48;5;0m[38;5;9m 0.000   [49m[39m│
│ Ivana    ┆[38;5;9m 0.000   [39m┆[38;5;9m 0.000   [39m┆[38;5;10m 100.000 [39m┆[38;5;9m 0.000   [39m┆[38;5;9m 0.000   [39m┆[38;5;9m 0.000   [39m┆[38;5;9m 0.000   [39m┆[38;5;9m 0.000   [39m┆[38;5;9m 0.000   [39m┆[38;5;9m 0.000   [39m┆[38;5;9m 0.000   [39m│
│[48;5;0m Kathi    [49m┆[48;5;0m[38;5;9m 0.000   [49m[39m┆[48;5;0m[38;5;9m 0.000   [49m[39m┆[48;5;0m[38;5;9m 0.000   [49m[39m┆[48;5;0m[38;5;9m 0.000   [49m[39m┆[48;5;0m[38;5;9m 0.000   [49m[39m┆[48;5;0m[38;5;9m 0.000   [49m[39m┆[48;5;0m[38;5;10m 100.000 [49m[39m┆[48;5;0m[38;5;9m 0.000   [49m[39m┆[48;5;0m[38;5;9m 0.000   [49m[39m┆[48;5;0m[38;5;9m 0.000   [49m[39m┆[48;5;0m[38;5;9m 0.000   [49m[39m│
│ Laura    ┆[38;5;10m 100.000 [39m┆[38;5;9m 0.000   [39m┆[38;5;9m 0.000   [39m┆[38;5;9m 0.000   [39m┆[38;5;9m 0.000   [39m┆[38;5;9m 0.000   [39m┆[38;5;9m 0.000   [39m┆[38;5;9m 0.000   [39m┆[38;5;9m 0.000   [39m┆[38;5;9m 0.000   [39m┆[38;5;9m 0.000   [39m│
│[48;5;0m Luisa    [49m┆[48;5;0m[38;5;9m 0.000   [49m[39m┆[48;5;0m[38;5;10m 100.000 [49m[39m┆[48;5;0m[38;5;9m 0.000   [49m[39m┆[48;5;0m[38;5;9m 0.000   [49m[39m┆[48;5;0m[38;5;9m 0.000   [49m[39m┆[48;5;0m[38;5;9m 0.000   [49m[39m┆[48;5;0m[38;5;9m 0.000   [49m[39m┆[48;5;0m[38;5;9m 0.000   [49m[39m┆[48;5;0m[38;5;9m 0.000   [49m[39m┆[48;5;0m[38;5;9m 0.000   [49m[39m┆[48;5;0m[38;5;9m 0.000   [49m[39m│
│ Madleine ┆[38;5;9m 0.000   [39m┆[38;5;9m 0.000   [39m┆[38;5;9m 0.000   [39m┆[38;5;9m 0.000   [39m┆[38;5;9m 0.000   [39m┆[38;5;10m 100.000 [39m┆[38;5;9m 0.000   [39m┆[38;5;9m 0.000   [39m┆[38;5;9m 0.000   [39m┆[38;5;9m 0.000   [39m┆[38;5;10m 100.000 [39m│
│[48;5;0m Melissa  [49m┆[48;5;0m[38;5;9m 0.000   [49m[39m┆[48;5;0m[38;5;9m 0.000   [49m[39m┆[48;5;0m[38;5;9m 0.000   [49m[39m┆[48;5;0m[38;5;9m 0.000   [49m[39m┆[48;5;0m[38;5;9m 0.000   [49m[39m┆[48;5;0m[38;5;9m 0.000   [49m[39m┆[48;5;0m[38;5;9m 0.000   [49m[39m┆[48;5;0m[38;5;10m 100.000 [49m[39m┆[48;5;0m[38;5;9m 0.000   [49m[39m┆[48;5;0m[38;5;9m 0.000   [49m[39m┆[48;5;0m[38;5;9m 0.000   [49m[39m│
│ Michelle ┆[38;5;9m 0.000   [39m┆[38;5;9m 0.000   [39m┆[38;5;9m 0.000   [39m┆[38;5;9m 0.000   [39m┆[38;5;9m 0.000   [39m┆[38;5;9m 0.000   [39m┆[38;5;9m 0.000   [39m┆[38;5;9m 0.000   [39m┆[38;5;9m 0.000   [39m┆[38;5;10m 100.000 [39m┆[38;5;9m 0.000   [39m│
│[48;5;0m Nadine   [49m┆[48;5;0m[38;5;9m 0.000   [49m[39m┆[48;5;0m[38;5;9m 0.000   [49m[39m┆[48;5;0m[38;5;9m 0.000   [49m[39m┆[48;5;0m[38;5;9m 0.000   [49m[39m┆[48;5;0m[38;5;10m 100.000 [49m[39m┆[48;5;0m[38;5;9m 0.000   [49m[39m┆[48;5;0m[38;5;9m 0.000   [49m[39m┆[48;5;0m[38;5;9m 0.000   [49m[39m┆[48;5;0m[38;5;9m 0.000   [49m[39m┆[48;5;0m[38;5;9m 0.000   [49m[39m┆[48;5;0m[38;5;9m 0.000   [49m[39m│
│ Sabrina  ┆[38;5;9m 0.000   [39m┆[38;5;9m 0.000   [39m┆[38;5;9m 0.000   [39m┆[38;5;10m 100.000 [39m┆[38;5;9m 0.000   [39m┆[38;5;9m 0.000   [39m┆[38;5;9m 0.000   [39m┆[38;5;9m 0.000   [39m┆[38;5;9m 0.000   [39m┆[38;5;9m 0.000   [39m┆[38;5;9m 0.000   [39m│
╰──────────┴─────────┴─────────┴─────────┴─────────┴─────────┴─────────┴─────────┴─────────┴─────────┴─────────┴─────────╯
1 left -> 0.0000 bits left

MB#5.0 E10
Ivana -> Elisha
---
-> Pr[lights]: {0: 84.4%, 1: 15.6%}
0 lights => I = 0.2441 bits
╭──────────┬─────────┬─────────┬─────────┬─────────┬─────────┬─────────┬─────────┬─────────┬─────────┬─────────┬─────────╮
│          ┆  Aleks  ┆   Axel  ┆ Dominic ┆  Elisha ┆  Ferhat ┆ Juliano ┆  Kevin  ┆  Laurin ┆    Mo   ┆   Rene  ┆   Edin  │
╞══════════╪═════════╪═════════╪═════════╪═════════╪═════════╪═════════╪═════════╪═════════╪═════════╪═════════╪═════════╡
│[48;5;0m Aline    [49m┆[48;5;0m[38;5;9m 0.000   [49m[39m┆[48;5;0m[38;5;9m 0.000   [49m[39m┆[48;5;0m[38;5;9m 0.000   [49m[39m┆[48;5;0m[38;5;9m 0.000   [49m[39m┆[48;5;0m[38;5;9m 0.000   [49m[39m┆[48;5;0m[38;5;9m 0.000   [49m[39m┆[48;5;0m[38;5;9m 0.000   [49m[39m┆[48;5;0m[38;5;9m 0.000   [49m[39m┆[48;5;0m[38;5;10m 100.000 [49m[39m┆[48;5;0m[38;5;9m 0.000   [49m[39m┆[48;5;0m[38;5;9m 0.000   [49m[39m│
│ Ivana    ┆[38;5;9m 0.000   [39m┆[38;5;9m 0.000   [39m┆[38;5;10m 100.000 [39m┆[38;5;9m 0.000   [39m┆[38;5;9m 0.000   [39m┆[38;5;9m 0.000   [39m┆[38;5;9m 0.000   [39m┆[38;5;9m 0.000   [39m┆[38;5;9m 0.000   [39m┆[38;5;9m 0.000   [39m┆[38;5;9m 0.000   [39m│
│[48;5;0m Kathi    [49m┆[48;5;0m[38;5;9m 0.000   [49m[39m┆[48;5;0m[38;5;9m 0.000   [49m[39m┆[48;5;0m[38;5;9m 0.000   [49m[39m┆[48;5;0m[38;5;9m 0.000   [49m[39m┆[48;5;0m[38;5;9m 0.000   [49m[39m┆[48;5;0m[38;5;9m 0.000   [49m[39m┆[48;5;0m[38;5;10m 100.000 [49m[39m┆[48;5;0m[38;5;9m 0.000   [49m[39m┆[48;5;0m[38;5;9m 0.000   [49m[39m┆[48;5;0m[38;5;9m 0.000   [49m[39m┆[48;5;0m[38;5;9m 0.000   [49m[39m│
│ Laura    ┆[38;5;10m 100.000 [39m┆[38;5;9m 0.000   [39m┆[38;5;9m 0.000   [39m┆[38;5;9m 0.000   [39m┆[38;5;9m 0.000   [39m┆[38;5;9m 0.000   [39m┆[38;5;9m 0.000   [39m┆[38;5;9m 0.000   [39m┆[38;5;9m 0.000   [39m┆[38;5;9m 0.000   [39m┆[38;5;9m 0.000   [39m│
│[48;5;0m Luisa    [49m┆[48;5;0m[38;5;9m 0.000   [49m[39m┆[48;5;0m[38;5;10m 100.000 [49m[39m┆[48;5;0m[38;5;9m 0.000   [49m[39m┆[48;5;0m[38;5;9m 0.000   [49m[39m┆[48;5;0m[38;5;9m 0.000   [49m[39m┆[48;5;0m[38;5;9m 0.000   [49m[39m┆[48;5;0m[38;5;9m 0.000   [49m[39m┆[48;5;0m[38;5;9m 0.000   [49m[39m┆[48;5;0m[38;5;9m 0.000   [49m[39m┆[48;5;0m[38;5;9m 0.000   [49m[39m┆[48;5;0m[38;5;9m 0.000   [49m[39m│
│ Madleine ┆[38;5;9m 0.000   [39m┆[38;5;9m 0.000   [39m┆[38;5;9m 0.000   [39m┆[38;5;9m 0.000   [39m┆[38;5;9m 0.000   [39m┆[38;5;10m 100.000 [39m┆[38;5;9m 0.000   [39m┆[38;5;9m 0.000   [39m┆[38;5;9m 0.000   [39m┆[38;5;9m 0.000   [39m┆[38;5;10m 100.000 [39m│
│[48;5;0m Melissa  [49m┆[48;5;0m[38;5;9m 0.000   [49m[39m┆[48;5;0m[38;5;9m 0.000   [49m[39m┆[48;5;0m[38;5;9m 0.000   [49m[39m┆[48;5;0m[38;5;9m 0.000   [49m[39m┆[48;5;0m[38;5;9m 0.000   [49m[39m┆[48;5;0m[38;5;9m 0.000   [49m[39m┆[48;5;0m[38;5;9m 0.000   [49m[39m┆[48;5;0m[38;5;10m 100.000 [49m[39m┆[48;5;0m[38;5;9m 0.000   [49m[39m┆[48;5;0m[38;5;9m 0.000   [49m[39m┆[48;5;0m[38;5;9m 0.000   [49m[39m│
│ Michelle ┆[38;5;9m 0.000   [39m┆[38;5;9m 0.000   [39m┆[38;5;9m 0.000   [39m┆[38;5;9m 0.000   [39m┆[38;5;9m 0.000   [39m┆[38;5;9m 0.000   [39m┆[38;5;9m 0.000   [39m┆[38;5;9m 0.000   [39m┆[38;5;9m 0.000   [39m┆[38;5;10m 100.000 [39m┆[38;5;9m 0.000   [39m│
│[48;5;0m Nadine   [49m┆[48;5;0m[38;5;9m 0.000   [49m[39m┆[48;5;0m[38;5;9m 0.000   [49m[39m┆[48;5;0m[38;5;9m 0.000   [49m[39m┆[48;5;0m[38;5;9m 0.000   [49m[39m┆[48;5;0m[38;5;10m 100.000 [49m[39m┆[48;5;0m[38;5;9m 0.000   [49m[39m┆[48;5;0m[38;5;9m 0.000   [49m[39m┆[48;5;0m[38;5;9m 0.000   [49m[39m┆[48;5;0m[38;5;9m 0.000   [49m[39m┆[48;5;0m[38;5;9m 0.000   [49m[39m┆[48;5;0m[38;5;9m 0.000   [49m[39m│
│ Sabrina  ┆[38;5;9m 0.000   [39m┆[38;5;9m 0.000   [39m┆[38;5;9m 0.000   [39m┆[38;5;10m 100.000 [39m┆[38;5;9m 0.000   [39m┆[38;5;9m 0.000   [39m┆[38;5;9m 0.000   [39m┆[38;5;9m 0.000   [39m┆[38;5;9m 0.000   [39m┆[38;5;9m 0.000   [39m┆[38;5;9m 0.000   [39m│
╰──────────┴─────────┴─────────┴─────────┴─────────┴─────────┴─────────┴─────────┴─────────┴─────────┴─────────┴─────────╯
1 left -> 0.0000 bits left

MN#5.0 E10
2x Laura -> Juliano
0x Michelle -> Axel
0x Sabrina -> Elisha
0x Madleine -> Aleks
3x Melissa -> Laurin
0x Nadine -> Rene
0x Ivana -> Dominic
2x Kathi -> Kevin
0x Luisa -> Ferhat
2x Aline -> Mo
---
-> Pr[lights]: {2: 28.4%, 3: 35.4%, 4: 22.2%, 5: 10.1%, 6: 3.1%, 7: 0.6%, 8: 0.2%}
->  E[lights]: 3.266
5 lights => I = 3.3139 bits
╭──────────┬─────────┬─────────┬─────────┬─────────┬─────────┬─────────┬─────────┬─────────┬─────────┬─────────┬─────────╮
│          ┆  Aleks  ┆   Axel  ┆ Dominic ┆  Elisha ┆  Ferhat ┆ Juliano ┆  Kevin  ┆  Laurin ┆    Mo   ┆   Rene  ┆   Edin  │
╞══════════╪═════════╪═════════╪═════════╪═════════╪═════════╪═════════╪═════════╪═════════╪═════════╪═════════╪═════════╡
│[48;5;0m Aline    [49m┆[48;5;0m[38;5;9m 0.000   [49m[39m┆[48;5;0m[38;5;9m 0.000   [49m[39m┆[48;5;0m[38;5;9m 0.000   [49m[39m┆[48;5;0m[38;5;9m 0.000   [49m[39m┆[48;5;0m[38;5;9m 0.000   [49m[39m┆[48;5;0m[38;5;9m 0.000   [49m[39m┆[48;5;0m[38;5;9m 0.000   [49m[39m┆[48;5;0m[38;5;9m 0.000   [49m[39m┆[48;5;0m[38;5;10m 100.000 [49m[39m┆[48;5;0m[38;5;9m 0.000   [49m[39m┆[48;5;0m[38;5;9m 0.000   [49m[39m│
│ Ivana    ┆[38;5;9m 0.000   [39m┆[38;5;9m 0.000   [39m┆[38;5;10m 100.000 [39m┆[38;5;9m 0.000   [39m┆[38;5;9m 0.000   [39m┆[38;5;9m 0.000   [39m┆[38;5;9m 0.000   [39m┆[38;5;9m 0.000   [39m┆[38;5;9m 0.000   [39m┆[38;5;9m 0.000   [39m┆[38;5;9m 0.000   [39m│
│[48;5;0m Kathi    [49m┆[48;5;0m[38;5;9m 0.000   [49m[39m┆[48;5;0m[38;5;9m 0.000   [49m[39m┆[48;5;0m[38;5;9m 0.000   [49m[39m┆[48;5;0m[38;5;9m 0.000   [49m[39m┆[48;5;0m[38;5;9m 0.000   [49m[39m┆[48;5;0m[38;5;9m 0.000   [49m[39m┆[48;5;0m[38;5;10m 100.000 [49m[39m┆[48;5;0m[38;5;9m 0.000   [49m[39m┆[48;5;0m[38;5;9m 0.000   [49m[39m┆[48;5;0m[38;5;9m 0.000   [49m[39m┆[48;5;0m[38;5;9m 0.000   [49m[39m│
│ Laura    ┆[38;5;10m 100.000 [39m┆[38;5;9m 0.000   [39m┆[38;5;9m 0.000   [39m┆[38;5;9m 0.000   [39m┆[38;5;9m 0.000   [39m┆[38;5;9m 0.000   [39m┆[38;5;9m 0.000   [39m┆[38;5;9m 0.000   [39m┆[38;5;9m 0.000   [39m┆[38;5;9m 0.000   [39m┆[38;5;9m 0.000   [39m│
│[48;5;0m Luisa    [49m┆[48;5;0m[38;5;9m 0.000   [49m[39m┆[48;5;0m[38;5;10m 100.000 [49m[39m┆[48;5;0m[38;5;9m 0.000   [49m[39m┆[48;5;0m[38;5;9m 0.000   [49m[39m┆[48;5;0m[38;5;9m 0.000   [49m[39m┆[48;5;0m[38;5;9m 0.000   [49m[39m┆[48;5;0m[38;5;9m 0.000   [49m[39m┆[48;5;0m[38;5;9m 0.000   [49m[39m┆[48;5;0m[38;5;9m 0.000   [49m[39m┆[48;5;0m[38;5;9m 0.000   [49m[39m┆[48;5;0m[38;5;9m 0.000   [49m[39m│
│ Madleine ┆[38;5;9m 0.000   [39m┆[38;5;9m 0.000   [39m┆[38;5;9m 0.000   [39m┆[38;5;9m 0.000   [39m┆[38;5;9m 0.000   [39m┆[38;5;10m 100.000 [39m┆[38;5;9m 0.000   [39m┆[38;5;9m 0.000   [39m┆[38;5;9m 0.000   [39m┆[38;5;9m 0.000   [39m┆[38;5;10m 100.000 [39m│
│[48;5;0m Melissa  [49m┆[48;5;0m[38;5;9m 0.000   [49m[39m┆[48;5;0m[38;5;9m 0.000   [49m[39m┆[48;5;0m[38;5;9m 0.000   [49m[39m┆[48;5;0m[38;5;9m 0.000   [49m[39m┆[48;5;0m[38;5;9m 0.000   [49m[39m┆[48;5;0m[38;5;9m 0.000   [49m[39m┆[48;5;0m[38;5;9m 0.000   [49m[39m┆[48;5;0m[38;5;10m 100.000 [49m[39m┆[48;5;0m[38;5;9m 0.000   [49m[39m┆[48;5;0m[38;5;9m 0.000   [49m[39m┆[48;5;0m[38;5;9m 0.000   [49m[39m│
│ Michelle ┆[38;5;9m 0.000   [39m┆[38;5;9m 0.000   [39m┆[38;5;9m 0.000   [39m┆[38;5;9m 0.000   [39m┆[38;5;9m 0.000   [39m┆[38;5;9m 0.000   [39m┆[38;5;9m 0.000   [39m┆[38;5;9m 0.000   [39m┆[38;5;9m 0.000   [39m┆[38;5;10m 100.000 [39m┆[38;5;9m 0.000   [39m│
│[48;5;0m Nadine   [49m┆[48;5;0m[38;5;9m 0.000   [49m[39m┆[48;5;0m[38;5;9m 0.000   [49m[39m┆[48;5;0m[38;5;9m 0.000   [49m[39m┆[48;5;0m[38;5;9m 0.000   [49m[39m┆[48;5;0m[38;5;10m 100.000 [49m[39m┆[48;5;0m[38;5;9m 0.000   [49m[39m┆[48;5;0m[38;5;9m 0.000   [49m[39m┆[48;5;0m[38;5;9m 0.000   [49m[39m┆[48;5;0m[38;5;9m 0.000   [49m[39m┆[48;5;0m[38;5;9m 0.000   [49m[39m┆[48;5;0m[38;5;9m 0.000   [49m[39m│
│ Sabrina  ┆[38;5;9m 0.000   [39m┆[38;5;9m 0.000   [39m┆[38;5;9m 0.000   [39m┆[38;5;10m 100.000 [39m┆[38;5;9m 0.000   [39m┆[38;5;9m 0.000   [39m┆[38;5;9m 0.000   [39m┆[38;5;9m 0.000   [39m┆[38;5;9m 0.000   [39m┆[38;5;9m 0.000   [39m┆[38;5;9m 0.000   [39m│
╰──────────┴─────────┴─────────┴─────────┴─────────┴─────────┴─────────┴─────────┴─────────┴─────────┴─────────┴─────────╯
1 left -> 0.0000 bits left

MB#6.0 E12
Michelle -> Rene
---
-> Pr[lights]: {0: 86.1%, 1: 13.9%}
1 lights => I = 3.0406 bits
╭──────────┬─────────┬─────────┬─────────┬─────────┬─────────┬─────────┬─────────┬─────────┬─────────┬─────────┬─────────╮
│          ┆  Aleks  ┆   Axel  ┆ Dominic ┆  Elisha ┆  Ferhat ┆ Juliano ┆  Kevin  ┆  Laurin ┆    Mo   ┆   Rene  ┆   Edin  │
╞══════════╪═════════╪═════════╪═════════╪═════════╪═════════╪═════════╪═════════╪═════════╪═════════╪═════════╪═════════╡
│[48;5;0m Aline    [49m┆[48;5;0m[38;5;9m 0.000   [49m[39m┆[48;5;0m[38;5;9m 0.000   [49m[39m┆[48;5;0m[38;5;9m 0.000   [49m[39m┆[48;5;0m[38;5;9m 0.000   [49m[39m┆[48;5;0m[38;5;9m 0.000   [49m[39m┆[48;5;0m[38;5;9m 0.000   [49m[39m┆[48;5;0m[38;5;9m 0.000   [49m[39m┆[48;5;0m[38;5;9m 0.000   [49m[39m┆[48;5;0m[38;5;10m 100.000 [49m[39m┆[48;5;0m[38;5;9m 0.000   [49m[39m┆[48;5;0m[38;5;9m 0.000   [49m[39m│
│ Ivana    ┆[38;5;9m 0.000   [39m┆[38;5;9m 0.000   [39m┆[38;5;10m 100.000 [39m┆[38;5;9m 0.000   [39m┆[38;5;9m 0.000   [39m┆[38;5;9m 0.000   [39m┆[38;5;9m 0.000   [39m┆[38;5;9m 0.000   [39m┆[38;5;9m 0.000   [39m┆[38;5;9m 0.000   [39m┆[38;5;9m 0.000   [39m│
│[48;5;0m Kathi    [49m┆[48;5;0m[38;5;9m 0.000   [49m[39m┆[48;5;0m[38;5;9m 0.000   [49m[39m┆[48;5;0m[38;5;9m 0.000   [49m[39m┆[48;5;0m[38;5;9m 0.000   [49m[39m┆[48;5;0m[38;5;9m 0.000   [49m[39m┆[48;5;0m[38;5;9m 0.000   [49m[39m┆[48;5;0m[38;5;10m 100.000 [49m[39m┆[48;5;0m[38;5;9m 0.000   [49m[39m┆[48;5;0m[38;5;9m 0.000   [49m[39m┆[48;5;0m[38;5;9m 0.000   [49m[39m┆[48;5;0m[38;5;9m 0.000   [49m[39m│
│ Laura    ┆[38;5;10m 100.000 [39m┆[38;5;9m 0.000   [39m┆[38;5;9m 0.000   [39m┆[38;5;9m 0.000   [39m┆[38;5;9m 0.000   [39m┆[38;5;9m 0.000   [39m┆[38;5;9m 0.000   [39m┆[38;5;9m 0.000   [39m┆[38;5;9m 0.000   [39m┆[38;5;9m 0.000   [39m┆[38;5;9m 0.000   [39m│
│[48;5;0m Luisa    [49m┆[48;5;0m[38;5;9m 0.000   [49m[39m┆[48;5;0m[38;5;10m 100.000 [49m[39m┆[48;5;0m[38;5;9m 0.000   [49m[39m┆[48;5;0m[38;5;9m 0.000   [49m[39m┆[48;5;0m[38;5;9m 0.000   [49m[39m┆[48;5;0m[38;5;9m 0.000   [49m[39m┆[48;5;0m[38;5;9m 0.000   [49m[39m┆[48;5;0m[38;5;9m 0.000   [49m[39m┆[48;5;0m[38;5;9m 0.000   [49m[39m┆[48;5;0m[38;5;9m 0.000   [49m[39m┆[48;5;0m[38;5;9m 0.000   [49m[39m│
│ Madleine ┆[38;5;9m 0.000   [39m┆[38;5;9m 0.000   [39m┆[38;5;9m 0.000   [39m┆[38;5;9m 0.000   [39m┆[38;5;9m 0.000   [39m┆[38;5;10m 100.000 [39m┆[38;5;9m 0.000   [39m┆[38;5;9m 0.000   [39m┆[38;5;9m 0.000   [39m┆[38;5;9m 0.000   [39m┆[38;5;10m 100.000 [39m│
│[48;5;0m Melissa  [49m┆[48;5;0m[38;5;9m 0.000   [49m[39m┆[48;5;0m[38;5;9m 0.000   [49m[39m┆[48;5;0m[38;5;9m 0.000   [49m[39m┆[48;5;0m[38;5;9m 0.000   [49m[39m┆[48;5;0m[38;5;9m 0.000   [49m[39m┆[48;5;0m[38;5;9m 0.000   [49m[39m┆[48;5;0m[38;5;9m 0.000   [49m[39m┆[48;5;0m[38;5;10m 100.000 [49m[39m┆[48;5;0m[38;5;9m 0.000   [49m[39m┆[48;5;0m[38;5;9m 0.000   [49m[39m┆[48;5;0m[38;5;9m 0.000   [49m[39m│
│ Michelle ┆[38;5;9m 0.000   [39m┆[38;5;9m 0.000   [39m┆[38;5;9m 0.000   [39m┆[38;5;9m 0.000   [39m┆[38;5;9m 0.000   [39m┆[38;5;9m 0.000   [39m┆[38;5;9m 0.000   [39m┆[38;5;9m 0.000   [39m┆[38;5;9m 0.000   [39m┆[38;5;10m 100.000 [39m┆[38;5;9m 0.000   [39m│
│[48;5;0m Nadine   [49m┆[48;5;0m[38;5;9m 0.000   [49m[39m┆[48;5;0m[38;5;9m 0.000   [49m[39m┆[48;5;0m[38;5;9m 0.000   [49m[39m┆[48;5;0m[38;5;9m 0.000   [49m[39m┆[48;5;0m[38;5;10m 100.000 [49m[39m┆[48;5;0m[38;5;9m 0.000   [49m[39m┆[48;5;0m[38;5;9m 0.000   [49m[39m┆[48;5;0m[38;5;9m 0.000   [49m[39m┆[48;5;0m[38;5;9m 0.000   [49m[39m┆[48;5;0m[38;5;9m 0.000   [49m[39m┆[48;5;0m[38;5;9m 0.000   [49m[39m│
│ Sabrina  ┆[38;5;9m 0.000   [39m┆[38;5;9m 0.000   [39m┆[38;5;9m 0.000   [39m┆[38;5;10m 100.000 [39m┆[38;5;9m 0.000   [39m┆[38;5;9m 0.000   [39m┆[38;5;9m 0.000   [39m┆[38;5;9m 0.000   [39m┆[38;5;9m 0.000   [39m┆[38;5;9m 0.000   [39m┆[38;5;9m 0.000   [39m│
╰──────────┴─────────┴─────────┴─────────┴─────────┴─────────┴─────────┴─────────┴─────────┴─────────┴─────────┴─────────╯
1 left -> 0.0000 bits left

MN#6.0 E12
4x Melissa -> Laurin
0x Laura -> Edin
2x Sabrina -> Dominic
1x Ivana -> Juliano
1x Nadine -> Elisha
0x Michelle -> Rene
3x Aline -> Mo
3x Kathi -> Kevin
1x Luisa -> Axel
1x Madleine -> Aleks
---
-> Pr[lights]: {4: 12.9%, 5: 53.6%, 6: 30.0%, 7: 3.6%}
->  E[lights]: 5.243
5 lights => I = 0.9005 bits
╭──────────┬─────────┬─────────┬─────────┬─────────┬─────────┬─────────┬─────────┬─────────┬─────────┬─────────┬─────────╮
│          ┆  Aleks  ┆   Axel  ┆ Dominic ┆  Elisha ┆  Ferhat ┆ Juliano ┆  Kevin  ┆  Laurin ┆    Mo   ┆   Rene  ┆   Edin  │
╞══════════╪═════════╪═════════╪═════════╪═════════╪═════════╪═════════╪═════════╪═════════╪═════════╪═════════╪═════════╡
│[48;5;0m Aline    [49m┆[48;5;0m[38;5;9m 0.000   [49m[39m┆[48;5;0m[38;5;9m 0.000   [49m[39m┆[48;5;0m[38;5;9m 0.000   [49m[39m┆[48;5;0m[38;5;9m 0.000   [49m[39m┆[48;5;0m[38;5;9m 0.000   [49m[39m┆[48;5;0m[38;5;9m 0.000   [49m[39m┆[48;5;0m[38;5;9m 0.000   [49m[39m┆[48;5;0m[38;5;9m 0.000   [49m[39m┆[48;5;0m[38;5;10m 100.000 [49m[39m┆[48;5;0m[38;5;9m 0.000   [49m[39m┆[48;5;0m[38;5;9m 0.000   [49m[39m│
│ Ivana    ┆[38;5;9m 0.000   [39m┆[38;5;9m 0.000   [39m┆[38;5;10m 100.000 [39m┆[38;5;9m 0.000   [39m┆[38;5;9m 0.000   [39m┆[38;5;9m 0.000   [39m┆[38;5;9m 0.000   [39m┆[38;5;9m 0.000   [39m┆[38;5;9m 0.000   [39m┆[38;5;9m 0.000   [39m┆[38;5;9m 0.000   [39m│
│[48;5;0m Kathi    [49m┆[48;5;0m[38;5;9m 0.000   [49m[39m┆[48;5;0m[38;5;9m 0.000   [49m[39m┆[48;5;0m[38;5;9m 0.000   [49m[39m┆[48;5;0m[38;5;9m 0.000   [49m[39m┆[48;5;0m[38;5;9m 0.000   [49m[39m┆[48;5;0m[38;5;9m 0.000   [49m[39m┆[48;5;0m[38;5;10m 100.000 [49m[39m┆[48;5;0m[38;5;9m 0.000   [49m[39m┆[48;5;0m[38;5;9m 0.000   [49m[39m┆[48;5;0m[38;5;9m 0.000   [49m[39m┆[48;5;0m[38;5;9m 0.000   [49m[39m│
│ Laura    ┆[38;5;10m 100.000 [39m┆[38;5;9m 0.000   [39m┆[38;5;9m 0.000   [39m┆[38;5;9m 0.000   [39m┆[38;5;9m 0.000   [39m┆[38;5;9m 0.000   [39m┆[38;5;9m 0.000   [39m┆[38;5;9m 0.000   [39m┆[38;5;9m 0.000   [39m┆[38;5;9m 0.000   [39m┆[38;5;9m 0.000   [39m│
│[48;5;0m Luisa    [49m┆[48;5;0m[38;5;9m 0.000   [49m[39m┆[48;5;0m[38;5;10m 100.000 [49m[39m┆[48;5;0m[38;5;9m 0.000   [49m[39m┆[48;5;0m[38;5;9m 0.000   [49m[39m┆[48;5;0m[38;5;9m 0.000   [49m[39m┆[48;5;0m[38;5;9m 0.000   [49m[39m┆[48;5;0m[38;5;9m 0.000   [49m[39m┆[48;5;0m[38;5;9m 0.000   [49m[39m┆[48;5;0m[38;5;9m 0.000   [49m[39m┆[48;5;0m[38;5;9m 0.000   [49m[39m┆[48;5;0m[38;5;9m 0.000   [49m[39m│
│ Madleine ┆[38;5;9m 0.000   [39m┆[38;5;9m 0.000   [39m┆[38;5;9m 0.000   [39m┆[38;5;9m 0.000   [39m┆[38;5;9m 0.000   [39m┆[38;5;10m 100.000 [39m┆[38;5;9m 0.000   [39m┆[38;5;9m 0.000   [39m┆[38;5;9m 0.000   [39m┆[38;5;9m 0.000   [39m┆[38;5;10m 100.000 [39m│
│[48;5;0m Melissa  [49m┆[48;5;0m[38;5;9m 0.000   [49m[39m┆[48;5;0m[38;5;9m 0.000   [49m[39m┆[48;5;0m[38;5;9m 0.000   [49m[39m┆[48;5;0m[38;5;9m 0.000   [49m[39m┆[48;5;0m[38;5;9m 0.000   [49m[39m┆[48;5;0m[38;5;9m 0.000   [49m[39m┆[48;5;0m[38;5;9m 0.000   [49m[39m┆[48;5;0m[38;5;10m 100.000 [49m[39m┆[48;5;0m[38;5;9m 0.000   [49m[39m┆[48;5;0m[38;5;9m 0.000   [49m[39m┆[48;5;0m[38;5;9m 0.000   [49m[39m│
│ Michelle ┆[38;5;9m 0.000   [39m┆[38;5;9m 0.000   [39m┆[38;5;9m 0.000   [39m┆[38;5;9m 0.000   [39m┆[38;5;9m 0.000   [39m┆[38;5;9m 0.000   [39m┆[38;5;9m 0.000   [39m┆[38;5;9m 0.000   [39m┆[38;5;9m 0.000   [39m┆[38;5;10m 100.000 [39m┆[38;5;9m 0.000   [39m│
│[48;5;0m Nadine   [49m┆[48;5;0m[38;5;9m 0.000   [49m[39m┆[48;5;0m[38;5;9m 0.000   [49m[39m┆[48;5;0m[38;5;9m 0.000   [49m[39m┆[48;5;0m[38;5;9m 0.000   [49m[39m┆[48;5;0m[38;5;10m 100.000 [49m[39m┆[48;5;0m[38;5;9m 0.000   [49m[39m┆[48;5;0m[38;5;9m 0.000   [49m[39m┆[48;5;0m[38;5;9m 0.000   [49m[39m┆[48;5;0m[38;5;9m 0.000   [49m[39m┆[48;5;0m[38;5;9m 0.000   [49m[39m┆[48;5;0m[38;5;9m 0.000   [49m[39m│
│ Sabrina  ┆[38;5;9m 0.000   [39m┆[38;5;9m 0.000   [39m┆[38;5;9m 0.000   [39m┆[38;5;10m 100.000 [39m┆[38;5;9m 0.000   [39m┆[38;5;9m 0.000   [39m┆[38;5;9m 0.000   [39m┆[38;5;9m 0.000   [39m┆[38;5;9m 0.000   [39m┆[38;5;9m 0.000   [39m┆[38;5;9m 0.000   [39m│
╰──────────┴─────────┴─────────┴─────────┴─────────┴─────────┴─────────┴─────────┴─────────┴─────────┴─────────┴─────────╯
1 left -> 0.0000 bits left

MB#7.0 E14
Ivana -> Edin
---
-> Pr[lights]: {0: 84.0%, 1: 16.0%}
0 lights => I = 0.2515 bits
╭──────────┬─────────┬─────────┬─────────┬─────────┬─────────┬─────────┬─────────┬─────────┬─────────┬─────────┬─────────╮
│          ┆  Aleks  ┆   Axel  ┆ Dominic ┆  Elisha ┆  Ferhat ┆ Juliano ┆  Kevin  ┆  Laurin ┆    Mo   ┆   Rene  ┆   Edin  │
╞══════════╪═════════╪═════════╪═════════╪═════════╪═════════╪═════════╪═════════╪═════════╪═════════╪═════════╪═════════╡
│[48;5;0m Aline    [49m┆[48;5;0m[38;5;9m 0.000   [49m[39m┆[48;5;0m[38;5;9m 0.000   [49m[39m┆[48;5;0m[38;5;9m 0.000   [49m[39m┆[48;5;0m[38;5;9m 0.000   [49m[39m┆[48;5;0m[38;5;9m 0.000   [49m[39m┆[48;5;0m[38;5;9m 0.000   [49m[39m┆[48;5;0m[38;5;9m 0.000   [49m[39m┆[48;5;0m[38;5;9m 0.000   [49m[39m┆[48;5;0m[38;5;10m 100.000 [49m[39m┆[48;5;0m[38;5;9m 0.000   [49m[39m┆[48;5;0m[38;5;9m 0.000   [49m[39m│
│ Ivana    ┆[38;5;9m 0.000   [39m┆[38;5;9m 0.000   [39m┆[38;5;10m 100.000 [39m┆[38;5;9m 0.000   [39m┆[38;5;9m 0.000   [39m┆[38;5;9m 0.000   [39m┆[38;5;9m 0.000   [39m┆[38;5;9m 0.000   [39m┆[38;5;9m 0.000   [39m┆[38;5;9m 0.000   [39m┆[38;5;9m 0.000   [39m│
│[48;5;0m Kathi    [49m┆[48;5;0m[38;5;9m 0.000   [49m[39m┆[48;5;0m[38;5;9m 0.000   [49m[39m┆[48;5;0m[38;5;9m 0.000   [49m[39m┆[48;5;0m[38;5;9m 0.000   [49m[39m┆[48;5;0m[38;5;9m 0.000   [49m[39m┆[48;5;0m[38;5;9m 0.000   [49m[39m┆[48;5;0m[38;5;10m 100.000 [49m[39m┆[48;5;0m[38;5;9m 0.000   [49m[39m┆[48;5;0m[38;5;9m 0.000   [49m[39m┆[48;5;0m[38;5;9m 0.000   [49m[39m┆[48;5;0m[38;5;9m 0.000   [49m[39m│
│ Laura    ┆[38;5;10m 100.000 [39m┆[38;5;9m 0.000   [39m┆[38;5;9m 0.000   [39m┆[38;5;9m 0.000   [39m┆[38;5;9m 0.000   [39m┆[38;5;9m 0.000   [39m┆[38;5;9m 0.000   [39m┆[38;5;9m 0.000   [39m┆[38;5;9m 0.000   [39m┆[38;5;9m 0.000   [39m┆[38;5;9m 0.000   [39m│
│[48;5;0m Luisa    [49m┆[48;5;0m[38;5;9m 0.000   [49m[39m┆[48;5;0m[38;5;10m 100.000 [49m[39m┆[48;5;0m[38;5;9m 0.000   [49m[39m┆[48;5;0m[38;5;9m 0.000   [49m[39m┆[48;5;0m[38;5;9m 0.000   [49m[39m┆[48;5;0m[38;5;9m 0.000   [49m[39m┆[48;5;0m[38;5;9m 0.000   [49m[39m┆[48;5;0m[38;5;9m 0.000   [49m[39m┆[48;5;0m[38;5;9m 0.000   [49m[39m┆[48;5;0m[38;5;9m 0.000   [49m[39m┆[48;5;0m[38;5;9m 0.000   [49m[39m│
│ Madleine ┆[38;5;9m 0.000   [39m┆[38;5;9m 0.000   [39m┆[38;5;9m 0.000   [39m┆[38;5;9m 0.000   [39m┆[38;5;9m 0.000   [39m┆[38;5;10m 100.000 [39m┆[38;5;9m 0.000   [39m┆[38;5;9m 0.000   [39m┆[38;5;9m 0.000   [39m┆[38;5;9m 0.000   [39m┆[38;5;10m 100.000 [39m│
│[48;5;0m Melissa  [49m┆[48;5;0m[38;5;9m 0.000   [49m[39m┆[48;5;0m[38;5;9m 0.000   [49m[39m┆[48;5;0m[38;5;9m 0.000   [49m[39m┆[48;5;0m[38;5;9m 0.000   [49m[39m┆[48;5;0m[38;5;9m 0.000   [49m[39m┆[48;5;0m[38;5;9m 0.000   [49m[39m┆[48;5;0m[38;5;9m 0.000   [49m[39m┆[48;5;0m[38;5;10m 100.000 [49m[39m┆[48;5;0m[38;5;9m 0.000   [49m[39m┆[48;5;0m[38;5;9m 0.000   [49m[39m┆[48;5;0m[38;5;9m 0.000   [49m[39m│
│ Michelle ┆[38;5;9m 0.000   [39m┆[38;5;9m 0.000   [39m┆[38;5;9m 0.000   [39m┆[38;5;9m 0.000   [39m┆[38;5;9m 0.000   [39m┆[38;5;9m 0.000   [39m┆[38;5;9m 0.000   [39m┆[38;5;9m 0.000   [39m┆[38;5;9m 0.000   [39m┆[38;5;10m 100.000 [39m┆[38;5;9m 0.000   [39m│
│[48;5;0m Nadine   [49m┆[48;5;0m[38;5;9m 0.000   [49m[39m┆[48;5;0m[38;5;9m 0.000   [49m[39m┆[48;5;0m[38;5;9m 0.000   [49m[39m┆[48;5;0m[38;5;9m 0.000   [49m[39m┆[48;5;0m[38;5;10m 100.000 [49m[39m┆[48;5;0m[38;5;9m 0.000   [49m[39m┆[48;5;0m[38;5;9m 0.000   [49m[39m┆[48;5;0m[38;5;9m 0.000   [49m[39m┆[48;5;0m[38;5;9m 0.000   [49m[39m┆[48;5;0m[38;5;9m 0.000   [49m[39m┆[48;5;0m[38;5;9m 0.000   [49m[39m│
│ Sabrina  ┆[38;5;9m 0.000   [39m┆[38;5;9m 0.000   [39m┆[38;5;9m 0.000   [39m┆[38;5;10m 100.000 [39m┆[38;5;9m 0.000   [39m┆[38;5;9m 0.000   [39m┆[38;5;9m 0.000   [39m┆[38;5;9m 0.000   [39m┆[38;5;9m 0.000   [39m┆[38;5;9m 0.000   [39m┆[38;5;9m 0.000   [39m│
╰──────────┴─────────┴─────────┴─────────┴─────────┴─────────┴─────────┴─────────┴─────────┴─────────┴─────────┴─────────╯
1 left -> 0.0000 bits left

MN#7.0 E14
4x Aline -> Mo
5x Melissa -> Laurin
0x Kathi -> Elisha
1x Michelle -> Rene
2x Luisa -> Axel
0x Ivana -> Kevin
3x Laura -> Juliano
0x Nadine -> Ferhat
3x Sabrina -> Dominic
2x Madleine -> Aleks
---
-> Pr[lights]: {3: 17.5%, 4: 17.5%, 5: 23.8%, 6: 17.5%, 7: 7.9%, 8: 15.9%}
->  E[lights]: 5.286
5 lights => I = 2.0704 bits
╭──────────┬─────────┬─────────┬─────────┬─────────┬─────────┬─────────┬─────────┬─────────┬─────────┬─────────┬─────────╮
│          ┆  Aleks  ┆   Axel  ┆ Dominic ┆  Elisha ┆  Ferhat ┆ Juliano ┆  Kevin  ┆  Laurin ┆    Mo   ┆   Rene  ┆   Edin  │
╞══════════╪═════════╪═════════╪═════════╪═════════╪═════════╪═════════╪═════════╪═════════╪═════════╪═════════╪═════════╡
│[48;5;0m Aline    [49m┆[48;5;0m[38;5;9m 0.000   [49m[39m┆[48;5;0m[38;5;9m 0.000   [49m[39m┆[48;5;0m[38;5;9m 0.000   [49m[39m┆[48;5;0m[38;5;9m 0.000   [49m[39m┆[48;5;0m[38;5;9m 0.000   [49m[39m┆[48;5;0m[38;5;9m 0.000   [49m[39m┆[48;5;0m[38;5;9m 0.000   [49m[39m┆[48;5;0m[38;5;9m 0.000   [49m[39m┆[48;5;0m[38;5;10m 100.000 [49m[39m┆[48;5;0m[38;5;9m 0.000   [49m[39m┆[48;5;0m[38;5;9m 0.000   [49m[39m│
│ Ivana    ┆[38;5;9m 0.000   [39m┆[38;5;9m 0.000   [39m┆[38;5;10m 100.000 [39m┆[38;5;9m 0.000   [39m┆[38;5;9m 0.000   [39m┆[38;5;9m 0.000   [39m┆[38;5;9m 0.000   [39m┆[38;5;9m 0.000   [39m┆[38;5;9m 0.000   [39m┆[38;5;9m 0.000   [39m┆[38;5;9m 0.000   [39m│
│[48;5;0m Kathi    [49m┆[48;5;0m[38;5;9m 0.000   [49m[39m┆[48;5;0m[38;5;9m 0.000   [49m[39m┆[48;5;0m[38;5;9m 0.000   [49m[39m┆[48;5;0m[38;5;9m 0.000   [49m[39m┆[48;5;0m[38;5;9m 0.000   [49m[39m┆[48;5;0m[38;5;9m 0.000   [49m[39m┆[48;5;0m[38;5;10m 100.000 [49m[39m┆[48;5;0m[38;5;9m 0.000   [49m[39m┆[48;5;0m[38;5;9m 0.000   [49m[39m┆[48;5;0m[38;5;9m 0.000   [49m[39m┆[48;5;0m[38;5;9m 0.000   [49m[39m│
│ Laura    ┆[38;5;10m 100.000 [39m┆[38;5;9m 0.000   [39m┆[38;5;9m 0.000   [39m┆[38;5;9m 0.000   [39m┆[38;5;9m 0.000   [39m┆[38;5;9m 0.000   [39m┆[38;5;9m 0.000   [39m┆[38;5;9m 0.000   [39m┆[38;5;9m 0.000   [39m┆[38;5;9m 0.000   [39m┆[38;5;9m 0.000   [39m│
│[48;5;0m Luisa    [49m┆[48;5;0m[38;5;9m 0.000   [49m[39m┆[48;5;0m[38;5;10m 100.000 [49m[39m┆[48;5;0m[38;5;9m 0.000   [49m[39m┆[48;5;0m[38;5;9m 0.000   [49m[39m┆[48;5;0m[38;5;9m 0.000   [49m[39m┆[48;5;0m[38;5;9m 0.000   [49m[39m┆[48;5;0m[38;5;9m 0.000   [49m[39m┆[48;5;0m[38;5;9m 0.000   [49m[39m┆[48;5;0m[38;5;9m 0.000   [49m[39m┆[48;5;0m[38;5;9m 0.000   [49m[39m┆[48;5;0m[38;5;9m 0.000   [49m[39m│
│ Madleine ┆[38;5;9m 0.000   [39m┆[38;5;9m 0.000   [39m┆[38;5;9m 0.000   [39m┆[38;5;9m 0.000   [39m┆[38;5;9m 0.000   [39m┆[38;5;10m 100.000 [39m┆[38;5;9m 0.000   [39m┆[38;5;9m 0.000   [39m┆[38;5;9m 0.000   [39m┆[38;5;9m 0.000   [39m┆[38;5;10m 100.000 [39m│
│[48;5;0m Melissa  [49m┆[48;5;0m[38;5;9m 0.000   [49m[39m┆[48;5;0m[38;5;9m 0.000   [49m[39m┆[48;5;0m[38;5;9m 0.000   [49m[39m┆[48;5;0m[38;5;9m 0.000   [49m[39m┆[48;5;0m[38;5;9m 0.000   [49m[39m┆[48;5;0m[38;5;9m 0.000   [49m[39m┆[48;5;0m[38;5;9m 0.000   [49m[39m┆[48;5;0m[38;5;10m 100.000 [49m[39m┆[48;5;0m[38;5;9m 0.000   [49m[39m┆[48;5;0m[38;5;9m 0.000   [49m[39m┆[48;5;0m[38;5;9m 0.000   [49m[39m│
│ Michelle ┆[38;5;9m 0.000   [39m┆[38;5;9m 0.000   [39m┆[38;5;9m 0.000   [39m┆[38;5;9m 0.000   [39m┆[38;5;9m 0.000   [39m┆[38;5;9m 0.000   [39m┆[38;5;9m 0.000   [39m┆[38;5;9m 0.000   [39m┆[38;5;9m 0.000   [39m┆[38;5;10m 100.000 [39m┆[38;5;9m 0.000   [39m│
│[48;5;0m Nadine   [49m┆[48;5;0m[38;5;9m 0.000   [49m[39m┆[48;5;0m[38;5;9m 0.000   [49m[39m┆[48;5;0m[38;5;9m 0.000   [49m[39m┆[48;5;0m[38;5;9m 0.000   [49m[39m┆[48;5;0m[38;5;10m 100.000 [49m[39m┆[48;5;0m[38;5;9m 0.000   [49m[39m┆[48;5;0m[38;5;9m 0.000   [49m[39m┆[48;5;0m[38;5;9m 0.000   [49m[39m┆[48;5;0m[38;5;9m 0.000   [49m[39m┆[48;5;0m[38;5;9m 0.000   [49m[39m┆[48;5;0m[38;5;9m 0.000   [49m[39m│
│ Sabrina  ┆[38;5;9m 0.000   [39m┆[38;5;9m 0.000   [39m┆[38;5;9m 0.000   [39m┆[38;5;10m 100.000 [39m┆[38;5;9m 0.000   [39m┆[38;5;9m 0.000   [39m┆[38;5;9m 0.000   [39m┆[38;5;9m 0.000   [39m┆[38;5;9m 0.000   [39m┆[38;5;9m 0.000   [39m┆[38;5;9m 0.000   [39m│
╰──────────┴─────────┴─────────┴─────────┴─────────┴─────────┴─────────┴─────────┴─────────┴─────────┴─────────┴─────────╯
1 left -> 0.0000 bits left

MB#8.0 E16
Sabrina -> Axel
---
-> Pr[lights]: {0: 66.7%, 1: 33.3%}
0 lights => I = 0.5850 bits
╭──────────┬─────────┬─────────┬─────────┬─────────┬─────────┬─────────┬─────────┬─────────┬─────────┬─────────┬─────────╮
│          ┆  Aleks  ┆   Axel  ┆ Dominic ┆  Elisha ┆  Ferhat ┆ Juliano ┆  Kevin  ┆  Laurin ┆    Mo   ┆   Rene  ┆   Edin  │
╞══════════╪═════════╪═════════╪═════════╪═════════╪═════════╪═════════╪═════════╪═════════╪═════════╪═════════╪═════════╡
│[48;5;0m Aline    [49m┆[48;5;0m[38;5;9m 0.000   [49m[39m┆[48;5;0m[38;5;9m 0.000   [49m[39m┆[48;5;0m[38;5;9m 0.000   [49m[39m┆[48;5;0m[38;5;9m 0.000   [49m[39m┆[48;5;0m[38;5;9m 0.000   [49m[39m┆[48;5;0m[38;5;9m 0.000   [49m[39m┆[48;5;0m[38;5;9m 0.000   [49m[39m┆[48;5;0m[38;5;9m 0.000   [49m[39m┆[48;5;0m[38;5;10m 100.000 [49m[39m┆[48;5;0m[38;5;9m 0.000   [49m[39m┆[48;5;0m[38;5;9m 0.000   [49m[39m│
│ Ivana    ┆[38;5;9m 0.000   [39m┆[38;5;9m 0.000   [39m┆[38;5;10m 100.000 [39m┆[38;5;9m 0.000   [39m┆[38;5;9m 0.000   [39m┆[38;5;9m 0.000   [39m┆[38;5;9m 0.000   [39m┆[38;5;9m 0.000   [39m┆[38;5;9m 0.000   [39m┆[38;5;9m 0.000   [39m┆[38;5;9m 0.000   [39m│
│[48;5;0m Kathi    [49m┆[48;5;0m[38;5;9m 0.000   [49m[39m┆[48;5;0m[38;5;9m 0.000   [49m[39m┆[48;5;0m[38;5;9m 0.000   [49m[39m┆[48;5;0m[38;5;9m 0.000   [49m[39m┆[48;5;0m[38;5;9m 0.000   [49m[39m┆[48;5;0m[38;5;9m 0.000   [49m[39m┆[48;5;0m[38;5;10m 100.000 [49m[39m┆[48;5;0m[38;5;9m 0.000   [49m[39m┆[48;5;0m[38;5;9m 0.000   [49m[39m┆[48;5;0m[38;5;9m 0.000   [49m[39m┆[48;5;0m[38;5;9m 0.000   [49m[39m│
│ Laura    ┆[38;5;10m 100.000 [39m┆[38;5;9m 0.000   [39m┆[38;5;9m 0.000   [39m┆[38;5;9m 0.000   [39m┆[38;5;9m 0.000   [39m┆[38;5;9m 0.000   [39m┆[38;5;9m 0.000   [39m┆[38;5;9m 0.000   [39m┆[38;5;9m 0.000   [39m┆[38;5;9m 0.000   [39m┆[38;5;9m 0.000   [39m│
│[48;5;0m Luisa    [49m┆[48;5;0m[38;5;9m 0.000   [49m[39m┆[48;5;0m[38;5;10m 100.000 [49m[39m┆[48;5;0m[38;5;9m 0.000   [49m[39m┆[48;5;0m[38;5;9m 0.000   [49m[39m┆[48;5;0m[38;5;9m 0.000   [49m[39m┆[48;5;0m[38;5;9m 0.000   [49m[39m┆[48;5;0m[38;5;9m 0.000   [49m[39m┆[48;5;0m[38;5;9m 0.000   [49m[39m┆[48;5;0m[38;5;9m 0.000   [49m[39m┆[48;5;0m[38;5;9m 0.000   [49m[39m┆[48;5;0m[38;5;9m 0.000   [49m[39m│
│ Madleine ┆[38;5;9m 0.000   [39m┆[38;5;9m 0.000   [39m┆[38;5;9m 0.000   [39m┆[38;5;9m 0.000   [39m┆[38;5;9m 0.000   [39m┆[38;5;10m 100.000 [39m┆[38;5;9m 0.000   [39m┆[38;5;9m 0.000   [39m┆[38;5;9m 0.000   [39m┆[38;5;9m 0.000   [39m┆[38;5;10m 100.000 [39m│
│[48;5;0m Melissa  [49m┆[48;5;0m[38;5;9m 0.000   [49m[39m┆[48;5;0m[38;5;9m 0.000   [49m[39m┆[48;5;0m[38;5;9m 0.000   [49m[39m┆[48;5;0m[38;5;9m 0.000   [49m[39m┆[48;5;0m[38;5;9m 0.000   [49m[39m┆[48;5;0m[38;5;9m 0.000   [49m[39m┆[48;5;0m[38;5;9m 0.000   [49m[39m┆[48;5;0m[38;5;10m 100.000 [49m[39m┆[48;5;0m[38;5;9m 0.000   [49m[39m┆[48;5;0m[38;5;9m 0.000   [49m[39m┆[48;5;0m[38;5;9m 0.000   [49m[39m│
│ Michelle ┆[38;5;9m 0.000   [39m┆[38;5;9m 0.000   [39m┆[38;5;9m 0.000   [39m┆[38;5;9m 0.000   [39m┆[38;5;9m 0.000   [39m┆[38;5;9m 0.000   [39m┆[38;5;9m 0.000   [39m┆[38;5;9m 0.000   [39m┆[38;5;9m 0.000   [39m┆[38;5;10m 100.000 [39m┆[38;5;9m 0.000   [39m│
│[48;5;0m Nadine   [49m┆[48;5;0m[38;5;9m 0.000   [49m[39m┆[48;5;0m[38;5;9m 0.000   [49m[39m┆[48;5;0m[38;5;9m 0.000   [49m[39m┆[48;5;0m[38;5;9m 0.000   [49m[39m┆[48;5;0m[38;5;10m 100.000 [49m[39m┆[48;5;0m[38;5;9m 0.000   [49m[39m┆[48;5;0m[38;5;9m 0.000   [49m[39m┆[48;5;0m[38;5;9m 0.000   [49m[39m┆[48;5;0m[38;5;9m 0.000   [49m[39m┆[48;5;0m[38;5;9m 0.000   [49m[39m┆[48;5;0m[38;5;9m 0.000   [49m[39m│
│ Sabrina  ┆[38;5;9m 0.000   [39m┆[38;5;9m 0.000   [39m┆[38;5;9m 0.000   [39m┆[38;5;10m 100.000 [39m┆[38;5;9m 0.000   [39m┆[38;5;9m 0.000   [39m┆[38;5;9m 0.000   [39m┆[38;5;9m 0.000   [39m┆[38;5;9m 0.000   [39m┆[38;5;9m 0.000   [39m┆[38;5;9m 0.000   [39m│
╰──────────┴─────────┴─────────┴─────────┴─────────┴─────────┴─────────┴─────────┴─────────┴─────────┴─────────┴─────────╯
1 left -> 0.0000 bits left

MN#8.0 E16
3x Luisa -> Axel
5x Aline -> Mo
2x Michelle -> Rene
0x Kathi -> Aleks
6x Melissa -> Laurin
1x Nadine -> Ferhat
4x Sabrina -> Dominic
1x Ivana -> Kevin
4x Laura -> Juliano
0x Madleine -> Edin
---
-> Pr[lights]: {4: 40.0%, 5: 50.0%, 6: 10.0%}
->  E[lights]: 4.700
6 lights => I = 3.3219 bits
╭──────────┬─────────┬─────────┬─────────┬─────────┬─────────┬─────────┬─────────┬─────────┬─────────┬─────────┬─────────╮
│          ┆  Aleks  ┆   Axel  ┆ Dominic ┆  Elisha ┆  Ferhat ┆ Juliano ┆  Kevin  ┆  Laurin ┆    Mo   ┆   Rene  ┆   Edin  │
╞══════════╪═════════╪═════════╪═════════╪═════════╪═════════╪═════════╪═════════╪═════════╪═════════╪═════════╪═════════╡
│[48;5;0m Aline    [49m┆[48;5;0m[38;5;9m 0.000   [49m[39m┆[48;5;0m[38;5;9m 0.000   [49m[39m┆[48;5;0m[38;5;9m 0.000   [49m[39m┆[48;5;0m[38;5;9m 0.000   [49m[39m┆[48;5;0m[38;5;9m 0.000   [49m[39m┆[48;5;0m[38;5;9m 0.000   [49m[39m┆[48;5;0m[38;5;9m 0.000   [49m[39m┆[48;5;0m[38;5;9m 0.000   [49m[39m┆[48;5;0m[38;5;10m 100.000 [49m[39m┆[48;5;0m[38;5;9m 0.000   [49m[39m┆[48;5;0m[38;5;9m 0.000   [49m[39m│
│ Ivana    ┆[38;5;9m 0.000   [39m┆[38;5;9m 0.000   [39m┆[38;5;10m 100.000 [39m┆[38;5;9m 0.000   [39m┆[38;5;9m 0.000   [39m┆[38;5;9m 0.000   [39m┆[38;5;9m 0.000   [39m┆[38;5;9m 0.000   [39m┆[38;5;9m 0.000   [39m┆[38;5;9m 0.000   [39m┆[38;5;9m 0.000   [39m│
│[48;5;0m Kathi    [49m┆[48;5;0m[38;5;9m 0.000   [49m[39m┆[48;5;0m[38;5;9m 0.000   [49m[39m┆[48;5;0m[38;5;9m 0.000   [49m[39m┆[48;5;0m[38;5;9m 0.000   [49m[39m┆[48;5;0m[38;5;9m 0.000   [49m[39m┆[48;5;0m[38;5;9m 0.000   [49m[39m┆[48;5;0m[38;5;10m 100.000 [49m[39m┆[48;5;0m[38;5;9m 0.000   [49m[39m┆[48;5;0m[38;5;9m 0.000   [49m[39m┆[48;5;0m[38;5;9m 0.000   [49m[39m┆[48;5;0m[38;5;9m 0.000   [49m[39m│
│ Laura    ┆[38;5;10m 100.000 [39m┆[38;5;9m 0.000   [39m┆[38;5;9m 0.000   [39m┆[38;5;9m 0.000   [39m┆[38;5;9m 0.000   [39m┆[38;5;9m 0.000   [39m┆[38;5;9m 0.000   [39m┆[38;5;9m 0.000   [39m┆[38;5;9m 0.000   [39m┆[38;5;9m 0.000   [39m┆[38;5;9m 0.000   [39m│
│[48;5;0m Luisa    [49m┆[48;5;0m[38;5;9m 0.000   [49m[39m┆[48;5;0m[38;5;10m 100.000 [49m[39m┆[48;5;0m[38;5;9m 0.000   [49m[39m┆[48;5;0m[38;5;9m 0.000   [49m[39m┆[48;5;0m[38;5;9m 0.000   [49m[39m┆[48;5;0m[38;5;9m 0.000   [49m[39m┆[48;5;0m[38;5;9m 0.000   [49m[39m┆[48;5;0m[38;5;9m 0.000   [49m[39m┆[48;5;0m[38;5;9m 0.000   [49m[39m┆[48;5;0m[38;5;9m 0.000   [49m[39m┆[48;5;0m[38;5;9m 0.000   [49m[39m│
│ Madleine ┆[38;5;9m 0.000   [39m┆[38;5;9m 0.000   [39m┆[38;5;9m 0.000   [39m┆[38;5;9m 0.000   [39m┆[38;5;9m 0.000   [39m┆[38;5;10m 100.000 [39m┆[38;5;9m 0.000   [39m┆[38;5;9m 0.000   [39m┆[38;5;9m 0.000   [39m┆[38;5;9m 0.000   [39m┆[38;5;10m 100.000 [39m│
│[48;5;0m Melissa  [49m┆[48;5;0m[38;5;9m 0.000   [49m[39m┆[48;5;0m[38;5;9m 0.000   [49m[39m┆[48;5;0m[38;5;9m 0.000   [49m[39m┆[48;5;0m[38;5;9m 0.000   [49m[39m┆[48;5;0m[38;5;9m 0.000   [49m[39m┆[48;5;0m[38;5;9m 0.000   [49m[39m┆[48;5;0m[38;5;9m 0.000   [49m[39m┆[48;5;0m[38;5;10m 100.000 [49m[39m┆[48;5;0m[38;5;9m 0.000   [49m[39m┆[48;5;0m[38;5;9m 0.000   [49m[39m┆[48;5;0m[38;5;9m 0.000   [49m[39m│
│ Michelle ┆[38;5;9m 0.000   [39m┆[38;5;9m 0.000   [39m┆[38;5;9m 0.000   [39m┆[38;5;9m 0.000   [39m┆[38;5;9m 0.000   [39m┆[38;5;9m 0.000   [39m┆[38;5;9m 0.000   [39m┆[38;5;9m 0.000   [39m┆[38;5;9m 0.000   [39m┆[38;5;10m 100.000 [39m┆[38;5;9m 0.000   [39m│
│[48;5;0m Nadine   [49m┆[48;5;0m[38;5;9m 0.000   [49m[39m┆[48;5;0m[38;5;9m 0.000   [49m[39m┆[48;5;0m[38;5;9m 0.000   [49m[39m┆[48;5;0m[38;5;9m 0.000   [49m[39m┆[48;5;0m[38;5;10m 100.000 [49m[39m┆[48;5;0m[38;5;9m 0.000   [49m[39m┆[48;5;0m[38;5;9m 0.000   [49m[39m┆[48;5;0m[38;5;9m 0.000   [49m[39m┆[48;5;0m[38;5;9m 0.000   [49m[39m┆[48;5;0m[38;5;9m 0.000   [49m[39m┆[48;5;0m[38;5;9m 0.000   [49m[39m│
│ Sabrina  ┆[38;5;9m 0.000   [39m┆[38;5;9m 0.000   [39m┆[38;5;9m 0.000   [39m┆[38;5;10m 100.000 [39m┆[38;5;9m 0.000   [39m┆[38;5;9m 0.000   [39m┆[38;5;9m 0.000   [39m┆[38;5;9m 0.000   [39m┆[38;5;9m 0.000   [39m┆[38;5;9m 0.000   [39m┆[38;5;9m 0.000   [39m│
╰──────────┴─────────┴─────────┴─────────┴─────────┴─────────┴─────────┴─────────┴─────────┴─────────┴─────────┴─────────╯
1 left -> 0.0000 bits left

MB#9.0 E18
Luisa -> Ferhat
---
-> Pr[lights]: {0: 100.0%}
0 lights => I = -0.0000 bits
╭──────────┬─────────┬─────────┬─────────┬─────────┬─────────┬─────────┬─────────┬─────────┬─────────┬─────────┬─────────╮
│          ┆  Aleks  ┆   Axel  ┆ Dominic ┆  Elisha ┆  Ferhat ┆ Juliano ┆  Kevin  ┆  Laurin ┆    Mo   ┆   Rene  ┆   Edin  │
╞══════════╪═════════╪═════════╪═════════╪═════════╪═════════╪═════════╪═════════╪═════════╪═════════╪═════════╪═════════╡
│[48;5;0m Aline    [49m┆[48;5;0m[38;5;9m 0.000   [49m[39m┆[48;5;0m[38;5;9m 0.000   [49m[39m┆[48;5;0m[38;5;9m 0.000   [49m[39m┆[48;5;0m[38;5;9m 0.000   [49m[39m┆[48;5;0m[38;5;9m 0.000   [49m[39m┆[48;5;0m[38;5;9m 0.000   [49m[39m┆[48;5;0m[38;5;9m 0.000   [49m[39m┆[48;5;0m[38;5;9m 0.000   [49m[39m┆[48;5;0m[38;5;10m 100.000 [49m[39m┆[48;5;0m[38;5;9m 0.000   [49m[39m┆[48;5;0m[38;5;9m 0.000   [49m[39m│
│ Ivana    ┆[38;5;9m 0.000   [39m┆[38;5;9m 0.000   [39m┆[38;5;10m 100.000 [39m┆[38;5;9m 0.000   [39m┆[38;5;9m 0.000   [39m┆[38;5;9m 0.000   [39m┆[38;5;9m 0.000   [39m┆[38;5;9m 0.000   [39m┆[38;5;9m 0.000   [39m┆[38;5;9m 0.000   [39m┆[38;5;9m 0.000   [39m│
│[48;5;0m Kathi    [49m┆[48;5;0m[38;5;9m 0.000   [49m[39m┆[48;5;0m[38;5;9m 0.000   [49m[39m┆[48;5;0m[38;5;9m 0.000   [49m[39m┆[48;5;0m[38;5;9m 0.000   [49m[39m┆[48;5;0m[38;5;9m 0.000   [49m[39m┆[48;5;0m[38;5;9m 0.000   [49m[39m┆[48;5;0m[38;5;10m 100.000 [49m[39m┆[48;5;0m[38;5;9m 0.000   [49m[39m┆[48;5;0m[38;5;9m 0.000   [49m[39m┆[48;5;0m[38;5;9m 0.000   [49m[39m┆[48;5;0m[38;5;9m 0.000   [49m[39m│
│ Laura    ┆[38;5;10m 100.000 [39m┆[38;5;9m 0.000   [39m┆[38;5;9m 0.000   [39m┆[38;5;9m 0.000   [39m┆[38;5;9m 0.000   [39m┆[38;5;9m 0.000   [39m┆[38;5;9m 0.000   [39m┆[38;5;9m 0.000   [39m┆[38;5;9m 0.000   [39m┆[38;5;9m 0.000   [39m┆[38;5;9m 0.000   [39m│
│[48;5;0m Luisa    [49m┆[48;5;0m[38;5;9m 0.000   [49m[39m┆[48;5;0m[38;5;10m 100.000 [49m[39m┆[48;5;0m[38;5;9m 0.000   [49m[39m┆[48;5;0m[38;5;9m 0.000   [49m[39m┆[48;5;0m[38;5;9m 0.000   [49m[39m┆[48;5;0m[38;5;9m 0.000   [49m[39m┆[48;5;0m[38;5;9m 0.000   [49m[39m┆[48;5;0m[38;5;9m 0.000   [49m[39m┆[48;5;0m[38;5;9m 0.000   [49m[39m┆[48;5;0m[38;5;9m 0.000   [49m[39m┆[48;5;0m[38;5;9m 0.000   [49m[39m│
│ Madleine ┆[38;5;9m 0.000   [39m┆[38;5;9m 0.000   [39m┆[38;5;9m 0.000   [39m┆[38;5;9m 0.000   [39m┆[38;5;9m 0.000   [39m┆[38;5;10m 100.000 [39m┆[38;5;9m 0.000   [39m┆[38;5;9m 0.000   [39m┆[38;5;9m 0.000   [39m┆[38;5;9m 0.000   [39m┆[38;5;10m 100.000 [39m│
│[48;5;0m Melissa  [49m┆[48;5;0m[38;5;9m 0.000   [49m[39m┆[48;5;0m[38;5;9m 0.000   [49m[39m┆[48;5;0m[38;5;9m 0.000   [49m[39m┆[48;5;0m[38;5;9m 0.000   [49m[39m┆[48;5;0m[38;5;9m 0.000   [49m[39m┆[48;5;0m[38;5;9m 0.000   [49m[39m┆[48;5;0m[38;5;9m 0.000   [49m[39m┆[48;5;0m[38;5;10m 100.000 [49m[39m┆[48;5;0m[38;5;9m 0.000   [49m[39m┆[48;5;0m[38;5;9m 0.000   [49m[39m┆[48;5;0m[38;5;9m 0.000   [49m[39m│
│ Michelle ┆[38;5;9m 0.000   [39m┆[38;5;9m 0.000   [39m┆[38;5;9m 0.000   [39m┆[38;5;9m 0.000   [39m┆[38;5;9m 0.000   [39m┆[38;5;9m 0.000   [39m┆[38;5;9m 0.000   [39m┆[38;5;9m 0.000   [39m┆[38;5;9m 0.000   [39m┆[38;5;10m 100.000 [39m┆[38;5;9m 0.000   [39m│
│[48;5;0m Nadine   [49m┆[48;5;0m[38;5;9m 0.000   [49m[39m┆[48;5;0m[38;5;9m 0.000   [49m[39m┆[48;5;0m[38;5;9m 0.000   [49m[39m┆[48;5;0m[38;5;9m 0.000   [49m[39m┆[48;5;0m[38;5;10m 100.000 [49m[39m┆[48;5;0m[38;5;9m 0.000   [49m[39m┆[48;5;0m[38;5;9m 0.000   [49m[39m┆[48;5;0m[38;5;9m 0.000   [49m[39m┆[48;5;0m[38;5;9m 0.000   [49m[39m┆[48;5;0m[38;5;9m 0.000   [49m[39m┆[48;5;0m[38;5;9m 0.000   [49m[39m│
│ Sabrina  ┆[38;5;9m 0.000   [39m┆[38;5;9m 0.000   [39m┆[38;5;9m 0.000   [39m┆[38;5;10m 100.000 [39m┆[38;5;9m 0.000   [39m┆[38;5;9m 0.000   [39m┆[38;5;9m 0.000   [39m┆[38;5;9m 0.000   [39m┆[38;5;9m 0.000   [39m┆[38;5;9m 0.000   [39m┆[38;5;9m 0.000   [39m│
╰──────────┴─────────┴─────────┴─────────┴─────────┴─────────┴─────────┴─────────┴─────────┴─────────┴─────────┴─────────╯
1 left -> 0.0000 bits left

MN#9.0 E18
3x Michelle -> Rene
1x Kathi -> Aleks
4x Luisa -> Axel
6x Aline -> Mo
2x Nadine -> Ferhat
1x Sabrina -> Elisha
0x Madleine -> Kevin
5x Laura -> Juliano
1x Ivana -> Dominic
7x Melissa -> Laurin
---
-> Pr[lights]: {7: 100.0%}
->  E[lights]: 7.000
7 lights => I = -0.0000 bits
╭──────────┬─────────┬─────────┬─────────┬─────────┬─────────┬─────────┬─────────┬─────────┬─────────┬─────────┬─────────╮
│          ┆  Aleks  ┆   Axel  ┆ Dominic ┆  Elisha ┆  Ferhat ┆ Juliano ┆  Kevin  ┆  Laurin ┆    Mo   ┆   Rene  ┆   Edin  │
╞══════════╪═════════╪═════════╪═════════╪═════════╪═════════╪═════════╪═════════╪═════════╪═════════╪═════════╪═════════╡
│[48;5;0m Aline    [49m┆[48;5;0m[38;5;9m 0.000   [49m[39m┆[48;5;0m[38;5;9m 0.000   [49m[39m┆[48;5;0m[38;5;9m 0.000   [49m[39m┆[48;5;0m[38;5;9m 0.000   [49m[39m┆[48;5;0m[38;5;9m 0.000   [49m[39m┆[48;5;0m[38;5;9m 0.000   [49m[39m┆[48;5;0m[38;5;9m 0.000   [49m[39m┆[48;5;0m[38;5;9m 0.000   [49m[39m┆[48;5;0m[38;5;10m 100.000 [49m[39m┆[48;5;0m[38;5;9m 0.000   [49m[39m┆[48;5;0m[38;5;9m 0.000   [49m[39m│
│ Ivana    ┆[38;5;9m 0.000   [39m┆[38;5;9m 0.000   [39m┆[38;5;10m 100.000 [39m┆[38;5;9m 0.000   [39m┆[38;5;9m 0.000   [39m┆[38;5;9m 0.000   [39m┆[38;5;9m 0.000   [39m┆[38;5;9m 0.000   [39m┆[38;5;9m 0.000   [39m┆[38;5;9m 0.000   [39m┆[38;5;9m 0.000   [39m│
│[48;5;0m Kathi    [49m┆[48;5;0m[38;5;9m 0.000   [49m[39m┆[48;5;0m[38;5;9m 0.000   [49m[39m┆[48;5;0m[38;5;9m 0.000   [49m[39m┆[48;5;0m[38;5;9m 0.000   [49m[39m┆[48;5;0m[38;5;9m 0.000   [49m[39m┆[48;5;0m[38;5;9m 0.000   [49m[39m┆[48;5;0m[38;5;10m 100.000 [49m[39m┆[48;5;0m[38;5;9m 0.000   [49m[39m┆[48;5;0m[38;5;9m 0.000   [49m[39m┆[48;5;0m[38;5;9m 0.000   [49m[39m┆[48;5;0m[38;5;9m 0.000   [49m[39m│
│ Laura    ┆[38;5;10m 100.000 [39m┆[38;5;9m 0.000   [39m┆[38;5;9m 0.000   [39m┆[38;5;9m 0.000   [39m┆[38;5;9m 0.000   [39m┆[38;5;9m 0.000   [39m┆[38;5;9m 0.000   [39m┆[38;5;9m 0.000   [39m┆[38;5;9m 0.000   [39m┆[38;5;9m 0.000   [39m┆[38;5;9m 0.000   [39m│
│[48;5;0m Luisa    [49m┆[48;5;0m[38;5;9m 0.000   [49m[39m┆[48;5;0m[38;5;10m 100.000 [49m[39m┆[48;5;0m[38;5;9m 0.000   [49m[39m┆[48;5;0m[38;5;9m 0.000   [49m[39m┆[48;5;0m[38;5;9m 0.000   [49m[39m┆[48;5;0m[38;5;9m 0.000   [49m[39m┆[48;5;0m[38;5;9m 0.000   [49m[39m┆[48;5;0m[38;5;9m 0.000   [49m[39m┆[48;5;0m[38;5;9m 0.000   [49m[39m┆[48;5;0m[38;5;9m 0.000   [49m[39m┆[48;5;0m[38;5;9m 0.000   [49m[39m│
│ Madleine ┆[38;5;9m 0.000   [39m┆[38;5;9m 0.000   [39m┆[38;5;9m 0.000   [39m┆[38;5;9m 0.000   [39m┆[38;5;9m 0.000   [39m┆[38;5;10m 100.000 [39m┆[38;5;9m 0.000   [39m┆[38;5;9m 0.000   [39m┆[38;5;9m 0.000   [39m┆[38;5;9m 0.000   [39m┆[38;5;10m 100.000 [39m│
│[48;5;0m Melissa  [49m┆[48;5;0m[38;5;9m 0.000   [49m[39m┆[48;5;0m[38;5;9m 0.000   [49m[39m┆[48;5;0m[38;5;9m 0.000   [49m[39m┆[48;5;0m[38;5;9m 0.000   [49m[39m┆[48;5;0m[38;5;9m 0.000   [49m[39m┆[48;5;0m[38;5;9m 0.000   [49m[39m┆[48;5;0m[38;5;9m 0.000   [49m[39m┆[48;5;0m[38;5;10m 100.000 [49m[39m┆[48;5;0m[38;5;9m 0.000   [49m[39m┆[48;5;0m[38;5;9m 0.000   [49m[39m┆[48;5;0m[38;5;9m 0.000   [49m[39m│
│ Michelle ┆[38;5;9m 0.000   [39m┆[38;5;9m 0.000   [39m┆[38;5;9m 0.000   [39m┆[38;5;9m 0.000   [39m┆[38;5;9m 0.000   [39m┆[38;5;9m 0.000   [39m┆[38;5;9m 0.000   [39m┆[38;5;9m 0.000   [39m┆[38;5;9m 0.000   [39m┆[38;5;10m 100.000 [39m┆[38;5;9m 0.000   [39m│
│[48;5;0m Nadine   [49m┆[48;5;0m[38;5;9m 0.000   [49m[39m┆[48;5;0m[38;5;9m 0.000   [49m[39m┆[48;5;0m[38;5;9m 0.000   [49m[39m┆[48;5;0m[38;5;9m 0.000   [49m[39m┆[48;5;0m[38;5;10m 100.000 [49m[39m┆[48;5;0m[38;5;9m 0.000   [49m[39m┆[48;5;0m[38;5;9m 0.000   [49m[39m┆[48;5;0m[38;5;9m 0.000   [49m[39m┆[48;5;0m[38;5;9m 0.000   [49m[39m┆[48;5;0m[38;5;9m 0.000   [49m[39m┆[48;5;0m[38;5;9m 0.000   [49m[39m│
│ Sabrina  ┆[38;5;9m 0.000   [39m┆[38;5;9m 0.000   [39m┆[38;5;9m 0.000   [39m┆[38;5;10m 100.000 [39m┆[38;5;9m 0.000   [39m┆[38;5;9m 0.000   [39m┆[38;5;9m 0.000   [39m┆[38;5;9m 0.000   [39m┆[38;5;9m 0.000   [39m┆[38;5;9m 0.000   [39m┆[38;5;9m 0.000   [39m│
╰──────────┴─────────┴─────────┴─────────┴─────────┴─────────┴─────────┴─────────┴─────────┴─────────┴─────────┴─────────╯
1 left -> 0.0000 bits left

MB#10.0 E20
Kathi -> Kevin
---
-> Pr[lights]: {1: 100.0%}
1 lights => I = -0.0000 bits
╭──────────┬─────────┬─────────┬─────────┬─────────┬─────────┬─────────┬─────────┬─────────┬─────────┬─────────┬─────────╮
│          ┆  Aleks  ┆   Axel  ┆ Dominic ┆  Elisha ┆  Ferhat ┆ Juliano ┆  Kevin  ┆  Laurin ┆    Mo   ┆   Rene  ┆   Edin  │
╞══════════╪═════════╪═════════╪═════════╪═════════╪═════════╪═════════╪═════════╪═════════╪═════════╪═════════╪═════════╡
│[48;5;0m Aline    [49m┆[48;5;0m[38;5;9m 0.000   [49m[39m┆[48;5;0m[38;5;9m 0.000   [49m[39m┆[48;5;0m[38;5;9m 0.000   [49m[39m┆[48;5;0m[38;5;9m 0.000   [49m[39m┆[48;5;0m[38;5;9m 0.000   [49m[39m┆[48;5;0m[38;5;9m 0.000   [49m[39m┆[48;5;0m[38;5;9m 0.000   [49m[39m┆[48;5;0m[38;5;9m 0.000   [49m[39m┆[48;5;0m[38;5;10m 100.000 [49m[39m┆[48;5;0m[38;5;9m 0.000   [49m[39m┆[48;5;0m[38;5;9m 0.000   [49m[39m│
│ Ivana    ┆[38;5;9m 0.000   [39m┆[38;5;9m 0.000   [39m┆[38;5;10m 100.000 [39m┆[38;5;9m 0.000   [39m┆[38;5;9m 0.000   [39m┆[38;5;9m 0.000   [39m┆[38;5;9m 0.000   [39m┆[38;5;9m 0.000   [39m┆[38;5;9m 0.000   [39m┆[38;5;9m 0.000   [39m┆[38;5;9m 0.000   [39m│
│[48;5;0m Kathi    [49m┆[48;5;0m[38;5;9m 0.000   [49m[39m┆[48;5;0m[38;5;9m 0.000   [49m[39m┆[48;5;0m[38;5;9m 0.000   [49m[39m┆[48;5;0m[38;5;9m 0.000   [49m[39m┆[48;5;0m[38;5;9m 0.000   [49m[39m┆[48;5;0m[38;5;9m 0.000   [49m[39m┆[48;5;0m[38;5;10m 100.000 [49m[39m┆[48;5;0m[38;5;9m 0.000   [49m[39m┆[48;5;0m[38;5;9m 0.000   [49m[39m┆[48;5;0m[38;5;9m 0.000   [49m[39m┆[48;5;0m[38;5;9m 0.000   [49m[39m│
│ Laura    ┆[38;5;10m 100.000 [39m┆[38;5;9m 0.000   [39m┆[38;5;9m 0.000   [39m┆[38;5;9m 0.000   [39m┆[38;5;9m 0.000   [39m┆[38;5;9m 0.000   [39m┆[38;5;9m 0.000   [39m┆[38;5;9m 0.000   [39m┆[38;5;9m 0.000   [39m┆[38;5;9m 0.000   [39m┆[38;5;9m 0.000   [39m│
│[48;5;0m Luisa    [49m┆[48;5;0m[38;5;9m 0.000   [49m[39m┆[48;5;0m[38;5;10m 100.000 [49m[39m┆[48;5;0m[38;5;9m 0.000   [49m[39m┆[48;5;0m[38;5;9m 0.000   [49m[39m┆[48;5;0m[38;5;9m 0.000   [49m[39m┆[48;5;0m[38;5;9m 0.000   [49m[39m┆[48;5;0m[38;5;9m 0.000   [49m[39m┆[48;5;0m[38;5;9m 0.000   [49m[39m┆[48;5;0m[38;5;9m 0.000   [49m[39m┆[48;5;0m[38;5;9m 0.000   [49m[39m┆[48;5;0m[38;5;9m 0.000   [49m[39m│
│ Madleine ┆[38;5;9m 0.000   [39m┆[38;5;9m 0.000   [39m┆[38;5;9m 0.000   [39m┆[38;5;9m 0.000   [39m┆[38;5;9m 0.000   [39m┆[38;5;10m 100.000 [39m┆[38;5;9m 0.000   [39m┆[38;5;9m 0.000   [39m┆[38;5;9m 0.000   [39m┆[38;5;9m 0.000   [39m┆[38;5;10m 100.000 [39m│
│[48;5;0m Melissa  [49m┆[48;5;0m[38;5;9m 0.000   [49m[39m┆[48;5;0m[38;5;9m 0.000   [49m[39m┆[48;5;0m[38;5;9m 0.000   [49m[39m┆[48;5;0m[38;5;9m 0.000   [49m[39m┆[48;5;0m[38;5;9m 0.000   [49m[39m┆[48;5;0m[38;5;9m 0.000   [49m[39m┆[48;5;0m[38;5;9m 0.000   [49m[39m┆[48;5;0m[38;5;10m 100.000 [49m[39m┆[48;5;0m[38;5;9m 0.000   [49m[39m┆[48;5;0m[38;5;9m 0.000   [49m[39m┆[48;5;0m[38;5;9m 0.000   [49m[39m│
│ Michelle ┆[38;5;9m 0.000   [39m┆[38;5;9m 0.000   [39m┆[38;5;9m 0.000   [39m┆[38;5;9m 0.000   [39m┆[38;5;9m 0.000   [39m┆[38;5;9m 0.000   [39m┆[38;5;9m 0.000   [39m┆[38;5;9m 0.000   [39m┆[38;5;9m 0.000   [39m┆[38;5;10m 100.000 [39m┆[38;5;9m 0.000   [39m│
│[48;5;0m Nadine   [49m┆[48;5;0m[38;5;9m 0.000   [49m[39m┆[48;5;0m[38;5;9m 0.000   [49m[39m┆[48;5;0m[38;5;9m 0.000   [49m[39m┆[48;5;0m[38;5;9m 0.000   [49m[39m┆[48;5;0m[38;5;10m 100.000 [49m[39m┆[48;5;0m[38;5;9m 0.000   [49m[39m┆[48;5;0m[38;5;9m 0.000   [49m[39m┆[48;5;0m[38;5;9m 0.000   [49m[39m┆[48;5;0m[38;5;9m 0.000   [49m[39m┆[48;5;0m[38;5;9m 0.000   [49m[39m┆[48;5;0m[38;5;9m 0.000   [49m[39m│
│ Sabrina  ┆[38;5;9m 0.000   [39m┆[38;5;9m 0.000   [39m┆[38;5;9m 0.000   [39m┆[38;5;10m 100.000 [39m┆[38;5;9m 0.000   [39m┆[38;5;9m 0.000   [39m┆[38;5;9m 0.000   [39m┆[38;5;9m 0.000   [39m┆[38;5;9m 0.000   [39m┆[38;5;9m 0.000   [39m┆[38;5;9m 0.000   [39m│
╰──────────┴─────────┴─────────┴─────────┴─────────┴─────────┴─────────┴─────────┴─────────┴─────────┴─────────┴─────────╯
1 left -> 0.0000 bits left

MN#10.0 E20
8x Melissa -> Laurin
1x Madleine -> Edin
2x Sabrina -> Elisha
2x Ivana -> Dominic
0x Laura -> Aleks
7x Aline -> Mo
5x Luisa -> Axel
4x Kathi -> Kevin
3x Nadine -> Ferhat
4x Michelle -> Rene
---
-> Pr[lights]: {10: 100.0%}
->  E[lights]: 10.000
10 lights => I = -0.0000 bits
╭──────────┬─────────┬─────────┬─────────┬─────────┬─────────┬─────────┬─────────┬─────────┬─────────┬─────────┬─────────╮
│          ┆  Aleks  ┆   Axel  ┆ Dominic ┆  Elisha ┆  Ferhat ┆ Juliano ┆  Kevin  ┆  Laurin ┆    Mo   ┆   Rene  ┆   Edin  │
╞══════════╪═════════╪═════════╪═════════╪═════════╪═════════╪═════════╪═════════╪═════════╪═════════╪═════════╪═════════╡
│[48;5;0m Aline    [49m┆[48;5;0m[38;5;9m 0.000   [49m[39m┆[48;5;0m[38;5;9m 0.000   [49m[39m┆[48;5;0m[38;5;9m 0.000   [49m[39m┆[48;5;0m[38;5;9m 0.000   [49m[39m┆[48;5;0m[38;5;9m 0.000   [49m[39m┆[48;5;0m[38;5;9m 0.000   [49m[39m┆[48;5;0m[38;5;9m 0.000   [49m[39m┆[48;5;0m[38;5;9m 0.000   [49m[39m┆[48;5;0m[38;5;10m 100.000 [49m[39m┆[48;5;0m[38;5;9m 0.000   [49m[39m┆[48;5;0m[38;5;9m 0.000   [49m[39m│
│ Ivana    ┆[38;5;9m 0.000   [39m┆[38;5;9m 0.000   [39m┆[38;5;10m 100.000 [39m┆[38;5;9m 0.000   [39m┆[38;5;9m 0.000   [39m┆[38;5;9m 0.000   [39m┆[38;5;9m 0.000   [39m┆[38;5;9m 0.000   [39m┆[38;5;9m 0.000   [39m┆[38;5;9m 0.000   [39m┆[38;5;9m 0.000   [39m│
│[48;5;0m Kathi    [49m┆[48;5;0m[38;5;9m 0.000   [49m[39m┆[48;5;0m[38;5;9m 0.000   [49m[39m┆[48;5;0m[38;5;9m 0.000   [49m[39m┆[48;5;0m[38;5;9m 0.000   [49m[39m┆[48;5;0m[38;5;9m 0.000   [49m[39m┆[48;5;0m[38;5;9m 0.000   [49m[39m┆[48;5;0m[38;5;10m 100.000 [49m[39m┆[48;5;0m[38;5;9m 0.000   [49m[39m┆[48;5;0m[38;5;9m 0.000   [49m[39m┆[48;5;0m[38;5;9m 0.000   [49m[39m┆[48;5;0m[38;5;9m 0.000   [49m[39m│
│ Laura    ┆[38;5;10m 100.000 [39m┆[38;5;9m 0.000   [39m┆[38;5;9m 0.000   [39m┆[38;5;9m 0.000   [39m┆[38;5;9m 0.000   [39m┆[38;5;9m 0.000   [39m┆[38;5;9m 0.000   [39m┆[38;5;9m 0.000   [39m┆[38;5;9m 0.000   [39m┆[38;5;9m 0.000   [39m┆[38;5;9m 0.000   [39m│
│[48;5;0m Luisa    [49m┆[48;5;0m[38;5;9m 0.000   [49m[39m┆[48;5;0m[38;5;10m 100.000 [49m[39m┆[48;5;0m[38;5;9m 0.000   [49m[39m┆[48;5;0m[38;5;9m 0.000   [49m[39m┆[48;5;0m[38;5;9m 0.000   [49m[39m┆[48;5;0m[38;5;9m 0.000   [49m[39m┆[48;5;0m[38;5;9m 0.000   [49m[39m┆[48;5;0m[38;5;9m 0.000   [49m[39m┆[48;5;0m[38;5;9m 0.000   [49m[39m┆[48;5;0m[38;5;9m 0.000   [49m[39m┆[48;5;0m[38;5;9m 0.000   [49m[39m│
│ Madleine ┆[38;5;9m 0.000   [39m┆[38;5;9m 0.000   [39m┆[38;5;9m 0.000   [39m┆[38;5;9m 0.000   [39m┆[38;5;9m 0.000   [39m┆[38;5;10m 100.000 [39m┆[38;5;9m 0.000   [39m┆[38;5;9m 0.000   [39m┆[38;5;9m 0.000   [39m┆[38;5;9m 0.000   [39m┆[38;5;10m 100.000 [39m│
│[48;5;0m Melissa  [49m┆[48;5;0m[38;5;9m 0.000   [49m[39m┆[48;5;0m[38;5;9m 0.000   [49m[39m┆[48;5;0m[38;5;9m 0.000   [49m[39m┆[48;5;0m[38;5;9m 0.000   [49m[39m┆[48;5;0m[38;5;9m 0.000   [49m[39m┆[48;5;0m[38;5;9m 0.000   [49m[39m┆[48;5;0m[38;5;9m 0.000   [49m[39m┆[48;5;0m[38;5;10m 100.000 [49m[39m┆[48;5;0m[38;5;9m 0.000   [49m[39m┆[48;5;0m[38;5;9m 0.000   [49m[39m┆[48;5;0m[38;5;9m 0.000   [49m[39m│
│ Michelle ┆[38;5;9m 0.000   [39m┆[38;5;9m 0.000   [39m┆[38;5;9m 0.000   [39m┆[38;5;9m 0.000   [39m┆[38;5;9m 0.000   [39m┆[38;5;9m 0.000   [39m┆[38;5;9m 0.000   [39m┆[38;5;9m 0.000   [39m┆[38;5;9m 0.000   [39m┆[38;5;10m 100.000 [39m┆[38;5;9m 0.000   [39m│
│[48;5;0m Nadine   [49m┆[48;5;0m[38;5;9m 0.000   [49m[39m┆[48;5;0m[38;5;9m 0.000   [49m[39m┆[48;5;0m[38;5;9m 0.000   [49m[39m┆[48;5;0m[38;5;9m 0.000   [49m[39m┆[48;5;0m[38;5;10m 100.000 [49m[39m┆[48;5;0m[38;5;9m 0.000   [49m[39m┆[48;5;0m[38;5;9m 0.000   [49m[39m┆[48;5;0m[38;5;9m 0.000   [49m[39m┆[48;5;0m[38;5;9m 0.000   [49m[39m┆[48;5;0m[38;5;9m 0.000   [49m[39m┆[48;5;0m[38;5;9m 0.000   [49m[39m│
│ Sabrina  ┆[38;5;9m 0.000   [39m┆[38;5;9m 0.000   [39m┆[38;5;9m 0.000   [39m┆[38;5;10m 100.000 [39m┆[38;5;9m 0.000   [39m┆[38;5;9m 0.000   [39m┆[38;5;9m 0.000   [39m┆[38;5;9m 0.000   [39m┆[38;5;9m 0.000   [39m┆[38;5;9m 0.000   [39m┆[38;5;9m 0.000   [39m│
╰──────────┴─────────┴─────────┴─────────┴─────────┴─────────┴─────────┴─────────┴─────────┴─────────┴─────────┴─────────╯
1 left -> 0.0000 bits left

╭─────────┬────┬─────────┬──────────┬──────────┬──────────┬─────────┬──────────┬──────────┬──────────┬──────────┬──────────┬───┬─────────┬──────┬──────────╮
│         ┆  L ┆  Aline  ┆   Ivana  ┆   Kathi  ┆   Laura  ┆  Luisa  ┆ Madleine ┆  Melissa ┆ Michelle ┆  Nadine  ┆  Sabrina ┆   ┆    I    ┆ #new ┆ min dist │
╞═════════╪════╪═════════╪══════════╪══════════╪══════════╪═════════╪══════════╪══════════╪══════════╪══════════╪══════════╪═══╪═════════╪══════╪══════════╡
│ MB#1.0  ┆ 0  ┆         ┆ Mo       ┆          ┆          ┆         ┆          ┆          ┆          ┆          ┆          ┆   ┆ 0.1520  ┆      ┆          │
│ MN#1.0  ┆ 1  ┆ Kevin*  ┆ Juliano* ┆ Rene*    ┆ Ferhat*  ┆ Axel*   ┆ Laurin*  ┆ Dominic* ┆ Mo*      ┆ Elisha*  ┆ Aleks*   ┆   ┆ 1.4427  ┆ 10   ┆          │
│ MB#2.0  ┆ 0  ┆         ┆          ┆          ┆          ┆         ┆          ┆ Dominic  ┆          ┆          ┆          ┆   ┆ 0.1476  ┆      ┆          │
│ MN#2.0  ┆ 2  ┆ Ferhat* ┆ Elisha*  ┆ Kevin*   ┆ Juliano* ┆ Rene*   ┆ Axel*    ┆ Laurin*  ┆ Mo       ┆ Aleks*   ┆ Dominic* ┆   ┆ 2.4182  ┆ 9    ┆ 9/MN#1   │
│ MB#3.0  ┆ 1  ┆ Mo      ┆          ┆          ┆          ┆         ┆          ┆          ┆          ┆          ┆          ┆   ┆ 3.5680  ┆      ┆          │
│ MN#3.0  ┆ 3  ┆ Mo      ┆ Elisha   ┆ Kevin    ┆ Juliano  ┆ Rene    ┆ Axel     ┆ Laurin   ┆ Ferhat*  ┆ Aleks    ┆ Dominic  ┆   ┆ 0.1886  ┆ 1    ┆ 2/MN#2   │
│ MB#4.0  ┆ 1  ┆         ┆          ┆          ┆          ┆         ┆          ┆ Laurin   ┆          ┆          ┆          ┆   ┆ 1.9914  ┆      ┆          │
│ MN#4.0  ┆ 2  ┆ Mo      ┆ Axel*    ┆ Juliano* ┆ Kevin*   ┆ Rene    ┆ Ferhat*  ┆ Laurin   ┆ Elisha*  ┆ Dominic* ┆ Aleks    ┆   ┆ 1.4767  ┆ 6    ┆ 7/MN#3   │
│ MB#5.0  ┆ 0  ┆         ┆ Elisha   ┆          ┆          ┆         ┆          ┆          ┆          ┆          ┆          ┆   ┆ 0.2441  ┆      ┆          │
│ MN#5.0  ┆ 5  ┆ Mo      ┆ Dominic* ┆ Kevin    ┆ Juliano  ┆ Ferhat* ┆ Aleks*   ┆ Laurin   ┆ Axel*    ┆ Rene*    ┆ Elisha*  ┆   ┆ 3.3139  ┆ 6    ┆ 6/MN#3   │
│ MB#6.0  ┆ 1  ┆         ┆          ┆          ┆          ┆         ┆          ┆          ┆ Rene     ┆          ┆          ┆   ┆ 3.0406  ┆      ┆          │
│ MN#6.0  ┆ 5  ┆ Mo      ┆ Juliano  ┆ Kevin    ┆ Edin*    ┆ Axel    ┆ Aleks    ┆ Laurin   ┆ Rene     ┆ Elisha   ┆ Dominic  ┆   ┆ 0.9005  ┆ 1    ┆ 6/MN#3   │
│ MB#7.0  ┆ 0  ┆         ┆ Edin     ┆          ┆          ┆         ┆          ┆          ┆          ┆          ┆          ┆   ┆ 0.2515  ┆      ┆          │
│ MN#7.0  ┆ 5  ┆ Mo      ┆ Kevin*   ┆ Elisha*  ┆ Juliano  ┆ Axel    ┆ Aleks    ┆ Laurin   ┆ Rene     ┆ Ferhat*  ┆ Dominic  ┆   ┆ 2.0704  ┆ 3    ┆ 4/MN#6   │
│ MB#8.0  ┆ 0  ┆         ┆          ┆          ┆          ┆         ┆          ┆          ┆          ┆          ┆ Axel     ┆   ┆ 0.5850  ┆      ┆          │
│ MN#8.0  ┆ 6  ┆ Mo      ┆ Kevin    ┆ Aleks*   ┆ Juliano  ┆ Axel    ┆ Edin*    ┆ Laurin   ┆ Rene     ┆ Ferhat   ┆ Dominic  ┆   ┆ 3.3219  ┆ 2    ┆ 2/MN#7   │
│ MB#9.0  ┆ 0  ┆         ┆          ┆          ┆          ┆ Ferhat  ┆          ┆          ┆          ┆          ┆          ┆   ┆ -0.0000 ┆      ┆          │
│ MN#9.0  ┆ 7  ┆ Mo      ┆ Dominic  ┆ Aleks    ┆ Juliano  ┆ Axel    ┆ Kevin*   ┆ Laurin   ┆ Rene     ┆ Ferhat   ┆ Elisha   ┆   ┆ -0.0000 ┆ 1    ┆ 3/MN#8   │
│ MB#10.0 ┆ 1  ┆         ┆          ┆ Kevin    ┆          ┆         ┆          ┆          ┆          ┆          ┆          ┆   ┆ -0.0000 ┆      ┆          │
│ MN#10.0 ┆ 10 ┆ Mo      ┆ Dominic  ┆ Kevin    ┆ Aleks*   ┆ Axel    ┆ Edin     ┆ Laurin   ┆ Rene     ┆ Ferhat   ┆ Elisha   ┆   ┆ -0.0000 ┆ 1    ┆ 3/MN#9   │
╰─────────┴────┴─────────┴──────────┴──────────┴──────────┴─────────┴──────────┴──────────┴──────────┴──────────┴──────────┴───┴─────────┴──────┴──────────╯
Total permutations: 36288000  Permutations left: 1  Initial combinations for each pair: 3628800

Ran in 10.71s
