╭──────────────┬─────────┬─────────┬───────┬───────┬─────────┬──────┬──────┬─────┬───────┬────────┬─────────╮
│              ┆[48;2;74;68;89m CalvinO [49m┆[48;2;74;68;89m CalvinS [49m┆[48;2;74;68;89m Jonny [49m┆[48;2;74;68;89m Kevin [49m┆[48;2;74;68;89m Lennert [49m┆[48;2;74;68;89m Nico [49m┆[48;2;74;68;89m Olli [49m┆[48;2;74;68;89m Rob [49m┆[48;2;74;68;89m Sidar [49m┆[48;2;74;68;89m Xander [49m┆[48;2;74;68;89m Leandro [49m│
╞══════════════╪═════════╪═════════╪═══════╪═══════╪═════════╪══════╪══════╪═════╪═══════╪════════╪═════════╡
│[48;2;69;76;102m Antonina     [49m┆[48;2;65;77;71m 10      [49m┆[48;2;65;77;71m 10      [49m┆[48;2;65;77;71m 10    [49m┆[48;2;65;77;71m 10    [49m┆[48;2;65;77;71m 10      [49m┆[48;2;65;77;71m 10   [49m┆[48;2;65;77;71m 10   [49m┆[48;2;65;77;71m 10  [49m┆[48;2;65;77;71m 10    [49m┆[48;2;65;77;71m 10     [49m┆[48;2;65;77;71m 10      [49m│
│[48;2;69;76;102m Ariel        [49m┆[48;2;65;77;71m 10      [49m┆[48;2;65;77;71m 10      [49m┆[48;2;65;77;71m 10    [49m┆[48;2;65;77;71m 10    [49m┆[48;2;65;77;71m 10      [49m┆[48;2;65;77;71m 10   [49m┆[48;2;65;77;71m 10   [49m┆[48;2;65;77;71m 10  [49m┆[48;2;65;77;71m 10    [49m┆[48;2;65;77;71m 10     [49m┆[48;2;65;77;71m 10      [49m│
│[48;2;69;76;102m Beverly      [49m┆[48;2;65;77;71m 10      [49m┆[48;2;65;77;71m 10      [49m┆[48;2;65;77;71m 10    [49m┆[48;2;65;77;71m 10    [49m┆[48;2;65;77;71m 10      [49m┆[48;2;65;77;71m 10   [49m┆[48;2;65;77;71m 10   [49m┆[48;2;65;77;71m 10  [49m┆[48;2;65;77;71m 10    [49m┆[48;2;65;77;71m 10     [49m┆[48;2;65;77;71m 10      [49m│
│[48;2;69;76;102m Elli         [49m┆[48;2;65;77;71m 10      [49m┆[48;2;65;77;71m 10      [49m┆[48;2;65;77;71m 10    [49m┆[48;2;65;77;71m 10    [49m┆[48;2;65;77;71m 10      [49m┆[48;2;65;77;71m 10   [49m┆[48;2;65;77;71m 10   [49m┆[48;2;65;77;71m 10  [49m┆[48;2;65;77;71m 10    [49m┆[48;2;65;77;71m 10     [49m┆[48;2;65;77;71m 10      [49m│
│[48;2;69;76;102m Hati         [49m┆[48;2;65;77;71m 10      [49m┆[48;2;65;77;71m 10      [49m┆[48;2;65;77;71m 10    [49m┆[48;2;65;77;71m 10    [49m┆[48;2;65;77;71m 10      [49m┆[48;2;65;77;71m 10   [49m┆[48;2;65;77;71m 10   [49m┆[48;2;65;77;71m 10  [49m┆[48;2;65;77;71m 10    [49m┆[48;2;65;77;71m 10     [49m┆[48;2;65;77;71m 10      [49m│
│[48;2;69;76;102m Henna        [49m┆[48;2;65;77;71m 10      [49m┆[48;2;65;77;71m 10      [49m┆[48;2;65;77;71m 10    [49m┆[48;2;65;77;71m 10    [49m┆[48;2;65;77;71m 10      [49m┆[48;2;65;77;71m 10   [49m┆[48;2;65;77;71m 10   [49m┆[48;2;65;77;71m 10  [49m┆[48;2;65;77;71m 10    [49m┆[48;2;65;77;71m 10     [49m┆[48;2;65;77;71m 10      [49m│
│[48;2;69;76;102m Joanna       [49m┆[48;2;65;77;71m 10      [49m┆[48;2;65;77;71m 10      [49m┆[48;2;65;77;71m 10    [49m┆[48;2;65;77;71m 10    [49m┆[48;2;65;77;71m 10      [49m┆[48;2;65;77;71m 10   [49m┆[48;2;65;77;71m 10   [49m┆[48;2;65;77;71m 10  [49m┆[48;2;65;77;71m 10    [49m┆[48;2;65;77;71m 10     [49m┆[48;2;65;77;71m 10      [49m│
│[48;2;69;76;102m Nelly        [49m┆[48;2;65;77;71m 10      [49m┆[48;2;65;77;71m 10      [49m┆[48;2;65;77;71m 10    [49m┆[48;2;65;77;71m 10    [49m┆[48;2;65;77;71m 10      [49m┆[48;2;65;77;71m 10   [49m┆[48;2;65;77;71m 10   [49m┆[48;2;65;77;71m 10  [49m┆[48;2;65;77;71m 10    [49m┆[48;2;65;77;71m 10     [49m┆[48;2;65;77;71m 10      [49m│
│[48;2;69;76;102m SandraJanina [49m┆[48;2;65;77;71m 10      [49m┆[48;2;65;77;71m 10      [49m┆[48;2;65;77;71m 10    [49m┆[48;2;65;77;71m 10    [49m┆[48;2;65;77;71m 10      [49m┆[48;2;65;77;71m 10   [49m┆[48;2;65;77;71m 10   [49m┆[48;2;65;77;71m 10  [49m┆[48;2;65;77;71m 10    [49m┆[48;2;65;77;71m 10     [49m┆[48;2;65;77;71m 10      [49m│
│[48;2;69;76;102m Viki         [49m┆[48;2;65;77;71m 10      [49m┆[48;2;65;77;71m 10      [49m┆[48;2;65;77;71m 10    [49m┆[48;2;65;77;71m 10    [49m┆[48;2;65;77;71m 10      [49m┆[48;2;65;77;71m 10   [49m┆[48;2;65;77;71m 10   [49m┆[48;2;65;77;71m 10  [49m┆[48;2;65;77;71m 10    [49m┆[48;2;65;77;71m 10     [49m┆[48;2;65;77;71m 10      [49m│
╰──────────────┴─────────┴─────────┴───────┴───────┴─────────┴──────┴──────┴─────┴───────┴────────┴─────────╯
199584000 left -> 27.5724 bits left

MB#1.0 E01 -- verkauft 20€
SandraJanina → Kevin 
---
Nothing => I = 0 bits
╭──────────────┬─────────┬─────────┬───────┬───────┬─────────┬──────┬──────┬─────┬───────┬────────┬─────────╮
│              ┆[48;2;74;68;89m CalvinO [49m┆[48;2;74;68;89m CalvinS [49m┆[48;2;74;68;89m Jonny [49m┆[48;2;74;68;89m Kevin [49m┆[48;2;74;68;89m Lennert [49m┆[48;2;74;68;89m Nico [49m┆[48;2;74;68;89m Olli [49m┆[48;2;74;68;89m Rob [49m┆[48;2;74;68;89m Sidar [49m┆[48;2;74;68;89m Xander [49m┆[48;2;74;68;89m Leandro [49m│
╞══════════════╪═════════╪═════════╪═══════╪═══════╪═════════╪══════╪══════╪═════╪═══════╪════════╪═════════╡
│[48;2;69;76;102m Antonina     [49m┆[48;2;65;77;71m 10      [49m┆[48;2;65;77;71m 10      [49m┆[48;2;65;77;71m 10    [49m┆[48;2;65;77;71m 10    [49m┆[48;2;65;77;71m 10      [49m┆[48;2;65;77;71m 10   [49m┆[48;2;65;77;71m 10   [49m┆[48;2;65;77;71m 10  [49m┆[48;2;65;77;71m 10    [49m┆[48;2;65;77;71m 10     [49m┆[48;2;65;77;71m 10      [49m│
│[48;2;69;76;102m Ariel        [49m┆[48;2;65;77;71m 10      [49m┆[48;2;65;77;71m 10      [49m┆[48;2;65;77;71m 10    [49m┆[48;2;65;77;71m 10    [49m┆[48;2;65;77;71m 10      [49m┆[48;2;65;77;71m 10   [49m┆[48;2;65;77;71m 10   [49m┆[48;2;65;77;71m 10  [49m┆[48;2;65;77;71m 10    [49m┆[48;2;65;77;71m 10     [49m┆[48;2;65;77;71m 10      [49m│
│[48;2;69;76;102m Beverly      [49m┆[48;2;65;77;71m 10      [49m┆[48;2;65;77;71m 10      [49m┆[48;2;65;77;71m 10    [49m┆[48;2;65;77;71m 10    [49m┆[48;2;65;77;71m 10      [49m┆[48;2;65;77;71m 10   [49m┆[48;2;65;77;71m 10   [49m┆[48;2;65;77;71m 10  [49m┆[48;2;65;77;71m 10    [49m┆[48;2;65;77;71m 10     [49m┆[48;2;65;77;71m 10      [49m│
│[48;2;69;76;102m Elli         [49m┆[48;2;65;77;71m 10      [49m┆[48;2;65;77;71m 10      [49m┆[48;2;65;77;71m 10    [49m┆[48;2;65;77;71m 10    [49m┆[48;2;65;77;71m 10      [49m┆[48;2;65;77;71m 10   [49m┆[48;2;65;77;71m 10   [49m┆[48;2;65;77;71m 10  [49m┆[48;2;65;77;71m 10    [49m┆[48;2;65;77;71m 10     [49m┆[48;2;65;77;71m 10      [49m│
│[48;2;69;76;102m Hati         [49m┆[48;2;65;77;71m 10      [49m┆[48;2;65;77;71m 10      [49m┆[48;2;65;77;71m 10    [49m┆[48;2;65;77;71m 10    [49m┆[48;2;65;77;71m 10      [49m┆[48;2;65;77;71m 10   [49m┆[48;2;65;77;71m 10   [49m┆[48;2;65;77;71m 10  [49m┆[48;2;65;77;71m 10    [49m┆[48;2;65;77;71m 10     [49m┆[48;2;65;77;71m 10      [49m│
│[48;2;69;76;102m Henna        [49m┆[48;2;65;77;71m 10      [49m┆[48;2;65;77;71m 10      [49m┆[48;2;65;77;71m 10    [49m┆[48;2;65;77;71m 10    [49m┆[48;2;65;77;71m 10      [49m┆[48;2;65;77;71m 10   [49m┆[48;2;65;77;71m 10   [49m┆[48;2;65;77;71m 10  [49m┆[48;2;65;77;71m 10    [49m┆[48;2;65;77;71m 10     [49m┆[48;2;65;77;71m 10      [49m│
│[48;2;69;76;102m Joanna       [49m┆[48;2;65;77;71m 10      [49m┆[48;2;65;77;71m 10      [49m┆[48;2;65;77;71m 10    [49m┆[48;2;65;77;71m 10    [49m┆[48;2;65;77;71m 10      [49m┆[48;2;65;77;71m 10   [49m┆[48;2;65;77;71m 10   [49m┆[48;2;65;77;71m 10  [49m┆[48;2;65;77;71m 10    [49m┆[48;2;65;77;71m 10     [49m┆[48;2;65;77;71m 10      [49m│
│[48;2;69;76;102m Nelly        [49m┆[48;2;65;77;71m 10      [49m┆[48;2;65;77;71m 10      [49m┆[48;2;65;77;71m 10    [49m┆[48;2;65;77;71m 10    [49m┆[48;2;65;77;71m 10      [49m┆[48;2;65;77;71m 10   [49m┆[48;2;65;77;71m 10   [49m┆[48;2;65;77;71m 10  [49m┆[48;2;65;77;71m 10    [49m┆[48;2;65;77;71m 10     [49m┆[48;2;65;77;71m 10      [49m│
│[48;2;69;76;102m SandraJanina [49m┆[48;2;65;77;71m 10      [49m┆[48;2;65;77;71m 10      [49m┆[48;2;65;77;71m 10    [49m┆[48;2;65;77;71m 10    [49m┆[48;2;65;77;71m 10      [49m┆[48;2;65;77;71m 10   [49m┆[48;2;65;77;71m 10   [49m┆[48;2;65;77;71m 10  [49m┆[48;2;65;77;71m 10    [49m┆[48;2;65;77;71m 10     [49m┆[48;2;65;77;71m 10      [49m│
│[48;2;69;76;102m Viki         [49m┆[48;2;65;77;71m 10      [49m┆[48;2;65;77;71m 10      [49m┆[48;2;65;77;71m 10    [49m┆[48;2;65;77;71m 10    [49m┆[48;2;65;77;71m 10      [49m┆[48;2;65;77;71m 10   [49m┆[48;2;65;77;71m 10   [49m┆[48;2;65;77;71m 10  [49m┆[48;2;65;77;71m 10    [49m┆[48;2;65;77;71m 10     [49m┆[48;2;65;77;71m 10      [49m│
╰──────────────┴─────────┴─────────┴───────┴───────┴─────────┴──────┴──────┴─────┴───────┴────────┴─────────╯
199584000 left -> 27.5724 bits left
top4 Pr[Dup]: 0.2%/362880: Beverly -> ["Rob", "Nico"] | 0.2%/362880: Elli -> ["Nico", "CalvinO"] | 0.2%/362880: Ariel -> ["Olli", "Jonny"] | 0.2%/362880: Joanna -> ["Rob", "CalvinO"]
top5 Pr[Dup]: 1.8%/3628800: ["Kevin", "CalvinO"] | 1.8%/3628800: ["Xander", "CalvinO"] | 1.8%/3628800: ["Jonny", "CalvinO"] | 1.8%/3628800: ["Sidar", "Jonny"] | 1.8%/3628800: ["Leandro", "Rob"]
top5 Pr[Dup]: 18.2%/36288000: Nico | 18.2%/36288000: Olli | 18.2%/36288000: Lennert | 18.2%/36288000: Xander | 18.2%/36288000: CalvinO
top5 Pr[Dup]: 10.0%/19958400: Hati | 10.0%/19958400: Ariel | 10.0%/19958400: Henna | 10.0%/19958400: Nelly | 10.0%/19958400: Elli

MN#1.0 E02
0x Elli         → Xander  
0x Antonina     → Lennert 
0x Ariel        → Nico    
0x Henna        → Jonny   
0x Joanna       → Rob     
0x SandraJanina → Kevin   
0x Viki         → Leandro 
0x Hati         → CalvinO 
0x Nelly        → Sidar   
0x Beverly      → CalvinS 
---
-> I[l]/bits: {0: 1.46, 1: 1.43, 2: 2.43, 3: 4.04, 4: 6.09, 5: 8.50, 6: 11.21, 7: 14.19, 8: 17.38, 9: 21.08, 10: 24.25}
-> E[I]/bits: 1.88
2 lights => I = 2.4296 bits
╭──────────────┬─────────┬─────────┬────────┬────────┬─────────┬────────┬──────┬────────┬────────┬────────┬─────────╮
│              ┆[48;2;74;68;89m CalvinO [49m┆[48;2;74;68;89m CalvinS [49m┆[48;2;74;68;89m  Jonny [49m┆[48;2;74;68;89m  Kevin [49m┆[48;2;74;68;89m Lennert [49m┆[48;2;74;68;89m  Nico  [49m┆[48;2;74;68;89m Olli [49m┆[48;2;74;68;89m   Rob  [49m┆[48;2;74;68;89m  Sidar [49m┆[48;2;74;68;89m Xander [49m┆[48;2;74;68;89m Leandro [49m│
╞══════════════╪═════════╪═════════╪════════╪════════╪═════════╪════════╪══════╪════════╪════════╪════════╪═════════╡
│[48;2;69;76;102m Antonina     [49m┆[48;2;41;44;60m  8.889  [49m┆[48;2;41;44;60m  8.889  [49m┆[48;2;41;44;60m  8.889 [49m┆[48;2;41;44;60m  8.889 [49m┆[48;2;65;77;71m 20      [49m┆[48;2;41;44;60m  8.889 [49m┆[48;2;74;68;89m 10   [49m┆[48;2;41;44;60m  8.889 [49m┆[48;2;41;44;60m  8.889 [49m┆[48;2;41;44;60m  8.889 [49m┆[48;2;41;44;60m  8.889  [49m│
│[48;2;69;76;102m Ariel        [49m┆  8.889  ┆  8.889  ┆  8.889 ┆  8.889 ┆  8.889  ┆[48;2;65;77;71m 20     [49m┆[48;2;74;68;89m 10   [49m┆  8.889 ┆  8.889 ┆  8.889 ┆  8.889  │
│[48;2;69;76;102m Beverly      [49m┆[48;2;41;44;60m  8.889  [49m┆[48;2;65;77;71m 20      [49m┆[48;2;41;44;60m  8.889 [49m┆[48;2;41;44;60m  8.889 [49m┆[48;2;41;44;60m  8.889  [49m┆[48;2;41;44;60m  8.889 [49m┆[48;2;74;68;89m 10   [49m┆[48;2;41;44;60m  8.889 [49m┆[48;2;41;44;60m  8.889 [49m┆[48;2;41;44;60m  8.889 [49m┆[48;2;41;44;60m  8.889  [49m│
│[48;2;69;76;102m Elli         [49m┆  8.889  ┆  8.889  ┆  8.889 ┆  8.889 ┆  8.889  ┆  8.889 ┆[48;2;74;68;89m 10   [49m┆  8.889 ┆  8.889 ┆[48;2;65;77;71m 20     [49m┆  8.889  │
│[48;2;69;76;102m Hati         [49m┆[48;2;65;77;71m 20      [49m┆[48;2;41;44;60m  8.889  [49m┆[48;2;41;44;60m  8.889 [49m┆[48;2;41;44;60m  8.889 [49m┆[48;2;41;44;60m  8.889  [49m┆[48;2;41;44;60m  8.889 [49m┆[48;2;74;68;89m 10   [49m┆[48;2;41;44;60m  8.889 [49m┆[48;2;41;44;60m  8.889 [49m┆[48;2;41;44;60m  8.889 [49m┆[48;2;41;44;60m  8.889  [49m│
│[48;2;69;76;102m Henna        [49m┆  8.889  ┆  8.889  ┆[48;2;65;77;71m 20     [49m┆  8.889 ┆  8.889  ┆  8.889 ┆[48;2;74;68;89m 10   [49m┆  8.889 ┆  8.889 ┆  8.889 ┆  8.889  │
│[48;2;69;76;102m Joanna       [49m┆[48;2;41;44;60m  8.889  [49m┆[48;2;41;44;60m  8.889  [49m┆[48;2;41;44;60m  8.889 [49m┆[48;2;41;44;60m  8.889 [49m┆[48;2;41;44;60m  8.889  [49m┆[48;2;41;44;60m  8.889 [49m┆[48;2;74;68;89m 10   [49m┆[48;2;65;77;71m 20     [49m┆[48;2;41;44;60m  8.889 [49m┆[48;2;41;44;60m  8.889 [49m┆[48;2;41;44;60m  8.889  [49m│
│[48;2;69;76;102m Nelly        [49m┆  8.889  ┆  8.889  ┆  8.889 ┆  8.889 ┆  8.889  ┆  8.889 ┆[48;2;74;68;89m 10   [49m┆  8.889 ┆[48;2;65;77;71m 20     [49m┆  8.889 ┆  8.889  │
│[48;2;69;76;102m SandraJanina [49m┆[48;2;41;44;60m  8.889  [49m┆[48;2;41;44;60m  8.889  [49m┆[48;2;41;44;60m  8.889 [49m┆[48;2;65;77;71m 20     [49m┆[48;2;41;44;60m  8.889  [49m┆[48;2;41;44;60m  8.889 [49m┆[48;2;74;68;89m 10   [49m┆[48;2;41;44;60m  8.889 [49m┆[48;2;41;44;60m  8.889 [49m┆[48;2;41;44;60m  8.889 [49m┆[48;2;41;44;60m  8.889  [49m│
│[48;2;69;76;102m Viki         [49m┆  8.889  ┆  8.889  ┆  8.889 ┆  8.889 ┆  8.889  ┆  8.889 ┆[48;2;74;68;89m 10   [49m┆  8.889 ┆  8.889 ┆  8.889 ┆[48;2;65;77;71m 20      [49m│
╰──────────────┴─────────┴─────────┴────────┴────────┴─────────┴────────┴──────┴────────┴────────┴────────┴─────────╯
37045170 left -> 25.1428 bits left
top4 Pr[Dup]: 0.4%/133497: Beverly -> ["Olli", "CalvinS"] | 0.4%/133497: Elli -> ["Xander", "Olli"] | 0.4%/133497: Antonina -> ["Olli", "Lennert"] | 0.4%/133497: Ariel -> ["Olli", "Nico"]
top5 Pr[Dup]: 1.8%/674896: ["Xander", "Kevin"] | 1.8%/674896: ["Sidar", "Nico"] | 1.8%/674896: ["Leandro", "CalvinO"] | 1.8%/674896: ["Nico", "Jonny"] | 1.8%/674896: ["Lennert", "CalvinO"]
top5 Pr[Dup]: 18.2%/6741549: Sidar | 18.2%/6741549: Nico | 18.2%/6741549: Xander | 18.2%/6741549: CalvinS | 18.2%/6741549: Rob
top5 Pr[Dup]: 10.0%/3704517: Ariel | 10.0%/3704517: Joanna | 10.0%/3704517: Beverly | 10.0%/3704517: Henna | 10.0%/3704517: Nelly

╭────────┬───┬──────────┬───────┬──────────┬─────────┬──────────┬────────┬────────┬────────┬──────────────┬──────────┬───┬────────┬──────┬──────────╮
│        ┆ L ┆ Antonina ┆ Ariel ┆  Beverly ┆   Elli  ┆   Hati   ┆  Henna ┆ Joanna ┆  Nelly ┆ SandraJanina ┆   Viki   ┆   ┆    I   ┆ #new ┆ min dist │
╞════════╪═══╪══════════╪═══════╪══════════╪═════════╪══════════╪════════╪════════╪════════╪══════════════╪══════════╪═══╪════════╪══════╪══════════╡
│[48;2;41;44;60m MB#1.0 [49m┆[48;2;41;44;60m[38;5;11m ? [49m[39m┆[48;2;41;44;60m          [49m┆[48;2;41;44;60m       [49m┆[48;2;41;44;60m          [49m┆[48;2;41;44;60m         [49m┆[48;2;41;44;60m          [49m┆[48;2;41;44;60m        [49m┆[48;2;41;44;60m        [49m┆[48;2;41;44;60m        [49m┆[48;2;41;44;60m Kevin        [49m┆[48;2;41;44;60m          [49m┆[48;2;41;44;60m   [49m┆[48;2;41;44;60m        [49m┆[48;2;41;44;60m      [49m┆[48;2;41;44;60m          [49m│
│ MN#1.0 ┆ 2 ┆ Lennert* ┆ Nico* ┆ CalvinS* ┆ Xander* ┆ CalvinO* ┆ Jonny* ┆ Rob*   ┆ Sidar* ┆ Kevin*       ┆ Leandro* ┆   ┆ 2.4296 ┆ 10   ┆          │
╰────────┴───┴──────────┴───────┴──────────┴─────────┴──────────┴────────┴────────┴────────┴──────────────┴──────────┴───┴────────┴──────┴──────────╯
╭────────┬───┬─────────┬──────────┬────────┬───────────────┬───────────┬────────┬──────┬─────────┬────────┬────────┬─────────┬───┬────────┬──────┬──────────╮
│        ┆ L ┆ CalvinO ┆  CalvinS ┆  Jonny ┆     Kevin     ┆  Lennert  ┆  Nico  ┆ Olli ┆   Rob   ┆  Sidar ┆ Xander ┆ Leandro ┆   ┆    I   ┆ #new ┆ min dist │
╞════════╪═══╪═════════╪══════════╪════════╪═══════════════╪═══════════╪════════╪══════╪═════════╪════════╪════════╪═════════╪═══╪════════╪══════╪══════════╡
│[48;2;41;44;60m MB#1.0 [49m┆[48;2;41;44;60m[38;5;11m ? [49m[39m┆[48;2;41;44;60m         [49m┆[48;2;41;44;60m          [49m┆[48;2;41;44;60m        [49m┆[48;2;41;44;60m SandraJanina  [49m┆[48;2;41;44;60m           [49m┆[48;2;41;44;60m        [49m┆[48;2;41;44;60m      [49m┆[48;2;41;44;60m         [49m┆[48;2;41;44;60m        [49m┆[48;2;41;44;60m        [49m┆[48;2;41;44;60m         [49m┆[48;2;41;44;60m   [49m┆[48;2;41;44;60m        [49m┆[48;2;41;44;60m      [49m┆[48;2;41;44;60m          [49m│
│ MN#1.0 ┆ 2 ┆ Hati*   ┆ Beverly* ┆ Henna* ┆ SandraJanina* ┆ Antonina* ┆ Ariel* ┆      ┆ Joanna* ┆ Nelly* ┆ Elli*  ┆ Viki*   ┆   ┆ 2.4296 ┆ 10   ┆          │
╰────────┴───┴─────────┴──────────┴────────┴───────────────┴───────────┴────────┴──────┴─────────┴────────┴────────┴─────────┴───┴────────┴──────┴──────────╯
Total permutations: 199584000  Permutations left: 37045170  Initial combinations for each pair: 19958400

Ran in 75.11s
