╭────────────┬──────────┬────────┬──────────┬────────┬────────┬─────────┬────────┬─────────┬─────────┬──────────┬──────────╮
│            ┆ Christin ┆  Jill  ┆ Kathleen ┆  Laura ┆ Leonie ┆ Melissa ┆ Mirjam ┆ Sabrina ┆ Vanessa ┆ Victoria ┆ VanessaM │
╞════════════╪══════════╪════════╪══════════╪════════╪════════╪═════════╪════════╪═════════╪═════════╪══════════╪══════════╡
│[48;2;41;44;60m Aaron      [49m┆[48;2;41;44;60m 10.000   [49m┆[48;2;41;44;60m 10.000 [49m┆[48;2;41;44;60m 10.000   [49m┆[48;2;41;44;60m 10.000 [49m┆[48;2;41;44;60m 10.000 [49m┆[48;2;41;44;60m 10.000  [49m┆[48;2;41;44;60m 10.000 [49m┆[48;2;41;44;60m 10.000  [49m┆[48;2;41;44;60m 10.000  [49m┆[48;2;41;44;60m 10.000   [49m┆[48;2;41;44;60m 10.000   [49m│
│ Dario      ┆ 10.000   ┆ 10.000 ┆ 10.000   ┆ 10.000 ┆ 10.000 ┆ 10.000  ┆ 10.000 ┆ 10.000  ┆ 10.000  ┆ 10.000   ┆ 10.000   │
│[48;2;41;44;60m Dominic    [49m┆[48;2;41;44;60m 10.000   [49m┆[48;2;41;44;60m 10.000 [49m┆[48;2;41;44;60m 10.000   [49m┆[48;2;41;44;60m 10.000 [49m┆[48;2;41;44;60m 10.000 [49m┆[48;2;41;44;60m 10.000  [49m┆[48;2;41;44;60m 10.000 [49m┆[48;2;41;44;60m 10.000  [49m┆[48;2;41;44;60m 10.000  [49m┆[48;2;41;44;60m 10.000   [49m┆[48;2;41;44;60m 10.000   [49m│
│ Germain    ┆ 10.000   ┆ 10.000 ┆ 10.000   ┆ 10.000 ┆ 10.000 ┆ 10.000  ┆ 10.000 ┆ 10.000  ┆ 10.000  ┆ 10.000   ┆ 10.000   │
│[48;2;41;44;60m Marc       [49m┆[48;2;41;44;60m 10.000   [49m┆[48;2;41;44;60m 10.000 [49m┆[48;2;41;44;60m 10.000   [49m┆[48;2;41;44;60m 10.000 [49m┆[48;2;41;44;60m 10.000 [49m┆[48;2;41;44;60m 10.000  [49m┆[48;2;41;44;60m 10.000 [49m┆[48;2;41;44;60m 10.000  [49m┆[48;2;41;44;60m 10.000  [49m┆[48;2;41;44;60m 10.000   [49m┆[48;2;41;44;60m 10.000   [49m│
│ Marcel     ┆ 10.000   ┆ 10.000 ┆ 10.000   ┆ 10.000 ┆ 10.000 ┆ 10.000  ┆ 10.000 ┆ 10.000  ┆ 10.000  ┆ 10.000   ┆ 10.000   │
│[48;2;41;44;60m Marko      [49m┆[48;2;41;44;60m 10.000   [49m┆[48;2;41;44;60m 10.000 [49m┆[48;2;41;44;60m 10.000   [49m┆[48;2;41;44;60m 10.000 [49m┆[48;2;41;44;60m 10.000 [49m┆[48;2;41;44;60m 10.000  [49m┆[48;2;41;44;60m 10.000 [49m┆[48;2;41;44;60m 10.000  [49m┆[48;2;41;44;60m 10.000  [49m┆[48;2;41;44;60m 10.000   [49m┆[48;2;41;44;60m 10.000   [49m│
│ Marvin     ┆ 10.000   ┆ 10.000 ┆ 10.000   ┆ 10.000 ┆ 10.000 ┆ 10.000  ┆ 10.000 ┆ 10.000  ┆ 10.000  ┆ 10.000   ┆ 10.000   │
│[48;2;41;44;60m Maximilian [49m┆[48;2;41;44;60m 10.000   [49m┆[48;2;41;44;60m 10.000 [49m┆[48;2;41;44;60m 10.000   [49m┆[48;2;41;44;60m 10.000 [49m┆[48;2;41;44;60m 10.000 [49m┆[48;2;41;44;60m 10.000  [49m┆[48;2;41;44;60m 10.000 [49m┆[48;2;41;44;60m 10.000  [49m┆[48;2;41;44;60m 10.000  [49m┆[48;2;41;44;60m 10.000   [49m┆[48;2;41;44;60m 10.000   [49m│
│ Sascha     ┆ 10.000   ┆ 10.000 ┆ 10.000   ┆ 10.000 ┆ 10.000 ┆ 10.000  ┆ 10.000 ┆ 10.000  ┆ 10.000  ┆ 10.000   ┆ 10.000   │
╰────────────┴──────────┴────────┴──────────┴────────┴────────┴─────────┴────────┴─────────┴─────────┴──────────┴──────────╯
36288000 left -> 25.1130 bits left

MB#1.0 E02
Maximilian -> Jill
---
-> Pr[lights]: {0: 90.0%, 1: 10.0%}
0 lights => I = 0.1520 bits
╭────────────┬──────────┬────────┬──────────┬────────┬────────┬─────────┬────────┬─────────┬─────────┬──────────┬──────────╮
│            ┆ Christin ┆  Jill  ┆ Kathleen ┆  Laura ┆ Leonie ┆ Melissa ┆ Mirjam ┆ Sabrina ┆ Vanessa ┆ Victoria ┆ VanessaM │
╞════════════╪══════════╪════════╪══════════╪════════╪════════╪═════════╪════════╪═════════╪═════════╪══════════╪══════════╡
│[48;2;41;44;60m Aaron      [49m┆[48;2;41;44;60m 9.877    [49m┆[48;2;41;44;60m 11.111 [49m┆[48;2;41;44;60m 9.877    [49m┆[48;2;41;44;60m 9.877  [49m┆[48;2;41;44;60m 9.877  [49m┆[48;2;41;44;60m 9.877   [49m┆[48;2;41;44;60m 9.877  [49m┆[48;2;41;44;60m 9.877   [49m┆[48;2;41;44;60m 9.877   [49m┆[48;2;41;44;60m 9.877    [49m┆[48;2;41;44;60m 10.000   [49m│
│ Dario      ┆ 9.877    ┆ 11.111 ┆ 9.877    ┆ 9.877  ┆ 9.877  ┆ 9.877   ┆ 9.877  ┆ 9.877   ┆ 9.877   ┆ 9.877    ┆ 10.000   │
│[48;2;41;44;60m Dominic    [49m┆[48;2;41;44;60m 9.877    [49m┆[48;2;41;44;60m 11.111 [49m┆[48;2;41;44;60m 9.877    [49m┆[48;2;41;44;60m 9.877  [49m┆[48;2;41;44;60m 9.877  [49m┆[48;2;41;44;60m 9.877   [49m┆[48;2;41;44;60m 9.877  [49m┆[48;2;41;44;60m 9.877   [49m┆[48;2;41;44;60m 9.877   [49m┆[48;2;41;44;60m 9.877    [49m┆[48;2;41;44;60m 10.000   [49m│
│ Germain    ┆ 9.877    ┆ 11.111 ┆ 9.877    ┆ 9.877  ┆ 9.877  ┆ 9.877   ┆ 9.877  ┆ 9.877   ┆ 9.877   ┆ 9.877    ┆ 10.000   │
│[48;2;41;44;60m Marc       [49m┆[48;2;41;44;60m 9.877    [49m┆[48;2;41;44;60m 11.111 [49m┆[48;2;41;44;60m 9.877    [49m┆[48;2;41;44;60m 9.877  [49m┆[48;2;41;44;60m 9.877  [49m┆[48;2;41;44;60m 9.877   [49m┆[48;2;41;44;60m 9.877  [49m┆[48;2;41;44;60m 9.877   [49m┆[48;2;41;44;60m 9.877   [49m┆[48;2;41;44;60m 9.877    [49m┆[48;2;41;44;60m 10.000   [49m│
│ Marcel     ┆ 9.877    ┆ 11.111 ┆ 9.877    ┆ 9.877  ┆ 9.877  ┆ 9.877   ┆ 9.877  ┆ 9.877   ┆ 9.877   ┆ 9.877    ┆ 10.000   │
│[48;2;41;44;60m Marko      [49m┆[48;2;41;44;60m 9.877    [49m┆[48;2;41;44;60m 11.111 [49m┆[48;2;41;44;60m 9.877    [49m┆[48;2;41;44;60m 9.877  [49m┆[48;2;41;44;60m 9.877  [49m┆[48;2;41;44;60m 9.877   [49m┆[48;2;41;44;60m 9.877  [49m┆[48;2;41;44;60m 9.877   [49m┆[48;2;41;44;60m 9.877   [49m┆[48;2;41;44;60m 9.877    [49m┆[48;2;41;44;60m 10.000   [49m│
│ Marvin     ┆ 9.877    ┆ 11.111 ┆ 9.877    ┆ 9.877  ┆ 9.877  ┆ 9.877   ┆ 9.877  ┆ 9.877   ┆ 9.877   ┆ 9.877    ┆ 10.000   │
│[48;2;41;44;60m Maximilian [49m┆[48;2;41;44;60m 11.111   [49m┆[48;2;41;44;60m[38;5;9m 0.000  [49m[39m┆[48;2;41;44;60m 11.111   [49m┆[48;2;41;44;60m 11.111 [49m┆[48;2;41;44;60m 11.111 [49m┆[48;2;41;44;60m 11.111  [49m┆[48;2;41;44;60m 11.111 [49m┆[48;2;41;44;60m 11.111  [49m┆[48;2;41;44;60m 11.111  [49m┆[48;2;41;44;60m 11.111   [49m┆[48;2;41;44;60m 10.000   [49m│
│ Sascha     ┆ 9.877    ┆ 11.111 ┆ 9.877    ┆ 9.877  ┆ 9.877  ┆ 9.877   ┆ 9.877  ┆ 9.877   ┆ 9.877   ┆ 9.877    ┆ 10.000   │
╰────────────┴──────────┴────────┴──────────┴────────┴────────┴─────────┴────────┴─────────┴─────────┴──────────┴──────────╯
32659200 left -> 24.9610 bits left

MN#1.0 E02
0x Germain -> Leonie
0x Dominic -> Melissa
0x Marc -> Mirjam
0x Maximilian -> Christin
0x Marcel -> Laura
0x Marvin -> Jill
0x Dario -> Victoria
0x Aaron -> Kathleen
0x Marko -> Sabrina
0x Sascha -> Vanessa
---
-> Pr[lights]: {0: 36.3%, 1: 36.8%, 2: 18.6%, 3: 6.3%, 4: 1.6%, 5: 0.3%, 6: 0.1%, 7: 0.0%, 8: 0.0%, 10: 0.0%}
->  E[lights]: 1.012
2 lights => I = 2.4250 bits
╭────────────┬──────────┬────────┬──────────┬────────┬────────┬─────────┬────────┬─────────┬─────────┬──────────┬──────────╮
│            ┆ Christin ┆  Jill  ┆ Kathleen ┆  Laura ┆ Leonie ┆ Melissa ┆ Mirjam ┆ Sabrina ┆ Vanessa ┆ Victoria ┆ VanessaM │
╞════════════╪══════════╪════════╪══════════╪════════╪════════╪═════════╪════════╪═════════╪═════════╪══════════╪══════════╡
│[48;2;41;44;60m Aaron      [49m┆[48;2;41;44;60m 8.689    [49m┆[48;2;41;44;60m 9.756  [49m┆[48;2;41;44;60m 19.512   [49m┆[48;2;41;44;60m 8.863  [49m┆[48;2;41;44;60m 8.863  [49m┆[48;2;41;44;60m 8.863   [49m┆[48;2;41;44;60m 8.863  [49m┆[48;2;41;44;60m 8.863   [49m┆[48;2;41;44;60m 8.863   [49m┆[48;2;41;44;60m 8.863    [49m┆[48;2;41;44;60m 10.000   [49m│
│ Dario      ┆ 8.689    ┆ 9.756  ┆ 8.863    ┆ 8.863  ┆ 8.863  ┆ 8.863   ┆ 8.863  ┆ 8.863   ┆ 8.863   ┆ 19.512   ┆ 10.000   │
│[48;2;41;44;60m Dominic    [49m┆[48;2;41;44;60m 8.689    [49m┆[48;2;41;44;60m 9.756  [49m┆[48;2;41;44;60m 8.863    [49m┆[48;2;41;44;60m 8.863  [49m┆[48;2;41;44;60m 8.863  [49m┆[48;2;41;44;60m 19.512  [49m┆[48;2;41;44;60m 8.863  [49m┆[48;2;41;44;60m 8.863   [49m┆[48;2;41;44;60m 8.863   [49m┆[48;2;41;44;60m 8.863    [49m┆[48;2;41;44;60m 10.000   [49m│
│ Germain    ┆ 8.689    ┆ 9.756  ┆ 8.863    ┆ 8.863  ┆ 19.512 ┆ 8.863   ┆ 8.863  ┆ 8.863   ┆ 8.863   ┆ 8.863    ┆ 10.000   │
│[48;2;41;44;60m Marc       [49m┆[48;2;41;44;60m 8.689    [49m┆[48;2;41;44;60m 9.756  [49m┆[48;2;41;44;60m 8.863    [49m┆[48;2;41;44;60m 8.863  [49m┆[48;2;41;44;60m 8.863  [49m┆[48;2;41;44;60m 8.863   [49m┆[48;2;41;44;60m 19.512 [49m┆[48;2;41;44;60m 8.863   [49m┆[48;2;41;44;60m 8.863   [49m┆[48;2;41;44;60m 8.863    [49m┆[48;2;41;44;60m 10.000   [49m│
│ Marcel     ┆ 8.689    ┆ 9.756  ┆ 8.863    ┆ 19.512 ┆ 8.863  ┆ 8.863   ┆ 8.863  ┆ 8.863   ┆ 8.863   ┆ 8.863    ┆ 10.000   │
│[48;2;41;44;60m Marko      [49m┆[48;2;41;44;60m 8.689    [49m┆[48;2;41;44;60m 9.756  [49m┆[48;2;41;44;60m 8.863    [49m┆[48;2;41;44;60m 8.863  [49m┆[48;2;41;44;60m 8.863  [49m┆[48;2;41;44;60m 8.863   [49m┆[48;2;41;44;60m 8.863  [49m┆[48;2;41;44;60m 19.512  [49m┆[48;2;41;44;60m 8.863   [49m┆[48;2;41;44;60m 8.863    [49m┆[48;2;41;44;60m 10.000   [49m│
│ Marvin     ┆ 8.536    ┆ 21.951 ┆ 8.689    ┆ 8.689  ┆ 8.689  ┆ 8.689   ┆ 8.689  ┆ 8.689   ┆ 8.689   ┆ 8.689    ┆ 10.000   │
│[48;2;41;44;60m Maximilian [49m┆[48;2;41;44;60m 21.951   [49m┆[48;2;41;44;60m[38;5;9m 0.000  [49m[39m┆[48;2;41;44;60m 9.756    [49m┆[48;2;41;44;60m 9.756  [49m┆[48;2;41;44;60m 9.756  [49m┆[48;2;41;44;60m 9.756   [49m┆[48;2;41;44;60m 9.756  [49m┆[48;2;41;44;60m 9.756   [49m┆[48;2;41;44;60m 9.756   [49m┆[48;2;41;44;60m 9.756    [49m┆[48;2;41;44;60m 10.000   [49m│
│ Sascha     ┆ 8.689    ┆ 9.756  ┆ 8.863    ┆ 8.863  ┆ 8.863  ┆ 8.863   ┆ 8.863  ┆ 8.863   ┆ 19.512  ┆ 8.863    ┆ 10.000   │
╰────────────┴──────────┴────────┴──────────┴────────┴────────┴─────────┴────────┴─────────┴─────────┴──────────┴──────────╯
6081530 left -> 22.5360 bits left

MB#2.0 E04 -- verkauft?
Germain -> Victoria
---
Nothing => I = -0.0000 bits
╭────────────┬──────────┬────────┬──────────┬────────┬────────┬─────────┬────────┬─────────┬─────────┬──────────┬──────────╮
│            ┆ Christin ┆  Jill  ┆ Kathleen ┆  Laura ┆ Leonie ┆ Melissa ┆ Mirjam ┆ Sabrina ┆ Vanessa ┆ Victoria ┆ VanessaM │
╞════════════╪══════════╪════════╪══════════╪════════╪════════╪═════════╪════════╪═════════╪═════════╪══════════╪══════════╡
│[48;2;41;44;60m Aaron      [49m┆[48;2;41;44;60m 8.689    [49m┆[48;2;41;44;60m 9.756  [49m┆[48;2;41;44;60m 19.512   [49m┆[48;2;41;44;60m 8.863  [49m┆[48;2;41;44;60m 8.863  [49m┆[48;2;41;44;60m 8.863   [49m┆[48;2;41;44;60m 8.863  [49m┆[48;2;41;44;60m 8.863   [49m┆[48;2;41;44;60m 8.863   [49m┆[48;2;41;44;60m 8.863    [49m┆[48;2;41;44;60m 10.000   [49m│
│ Dario      ┆ 8.689    ┆ 9.756  ┆ 8.863    ┆ 8.863  ┆ 8.863  ┆ 8.863   ┆ 8.863  ┆ 8.863   ┆ 8.863   ┆ 19.512   ┆ 10.000   │
│[48;2;41;44;60m Dominic    [49m┆[48;2;41;44;60m 8.689    [49m┆[48;2;41;44;60m 9.756  [49m┆[48;2;41;44;60m 8.863    [49m┆[48;2;41;44;60m 8.863  [49m┆[48;2;41;44;60m 8.863  [49m┆[48;2;41;44;60m 19.512  [49m┆[48;2;41;44;60m 8.863  [49m┆[48;2;41;44;60m 8.863   [49m┆[48;2;41;44;60m 8.863   [49m┆[48;2;41;44;60m 8.863    [49m┆[48;2;41;44;60m 10.000   [49m│
│ Germain    ┆ 8.689    ┆ 9.756  ┆ 8.863    ┆ 8.863  ┆ 19.512 ┆ 8.863   ┆ 8.863  ┆ 8.863   ┆ 8.863   ┆ 8.863    ┆ 10.000   │
│[48;2;41;44;60m Marc       [49m┆[48;2;41;44;60m 8.689    [49m┆[48;2;41;44;60m 9.756  [49m┆[48;2;41;44;60m 8.863    [49m┆[48;2;41;44;60m 8.863  [49m┆[48;2;41;44;60m 8.863  [49m┆[48;2;41;44;60m 8.863   [49m┆[48;2;41;44;60m 19.512 [49m┆[48;2;41;44;60m 8.863   [49m┆[48;2;41;44;60m 8.863   [49m┆[48;2;41;44;60m 8.863    [49m┆[48;2;41;44;60m 10.000   [49m│
│ Marcel     ┆ 8.689    ┆ 9.756  ┆ 8.863    ┆ 19.512 ┆ 8.863  ┆ 8.863   ┆ 8.863  ┆ 8.863   ┆ 8.863   ┆ 8.863    ┆ 10.000   │
│[48;2;41;44;60m Marko      [49m┆[48;2;41;44;60m 8.689    [49m┆[48;2;41;44;60m 9.756  [49m┆[48;2;41;44;60m 8.863    [49m┆[48;2;41;44;60m 8.863  [49m┆[48;2;41;44;60m 8.863  [49m┆[48;2;41;44;60m 8.863   [49m┆[48;2;41;44;60m 8.863  [49m┆[48;2;41;44;60m 19.512  [49m┆[48;2;41;44;60m 8.863   [49m┆[48;2;41;44;60m 8.863    [49m┆[48;2;41;44;60m 10.000   [49m│
│ Marvin     ┆ 8.536    ┆ 21.951 ┆ 8.689    ┆ 8.689  ┆ 8.689  ┆ 8.689   ┆ 8.689  ┆ 8.689   ┆ 8.689   ┆ 8.689    ┆ 10.000   │
│[48;2;41;44;60m Maximilian [49m┆[48;2;41;44;60m 21.951   [49m┆[48;2;41;44;60m[38;5;9m 0.000  [49m[39m┆[48;2;41;44;60m 9.756    [49m┆[48;2;41;44;60m 9.756  [49m┆[48;2;41;44;60m 9.756  [49m┆[48;2;41;44;60m 9.756   [49m┆[48;2;41;44;60m 9.756  [49m┆[48;2;41;44;60m 9.756   [49m┆[48;2;41;44;60m 9.756   [49m┆[48;2;41;44;60m 9.756    [49m┆[48;2;41;44;60m 10.000   [49m│
│ Sascha     ┆ 8.689    ┆ 9.756  ┆ 8.863    ┆ 8.863  ┆ 8.863  ┆ 8.863   ┆ 8.863  ┆ 8.863   ┆ 19.512  ┆ 8.863    ┆ 10.000   │
╰────────────┴──────────┴────────┴──────────┴────────┴────────┴─────────┴────────┴─────────┴─────────┴──────────┴──────────╯
6081530 left -> 22.5360 bits left

MN#2.0 E04
0x Sascha -> Jill
1x Maximilian -> Christin
0x Germain -> Victoria
0x Marcel -> Leonie
1x Dominic -> Melissa
1x Marc -> Mirjam
1x Aaron -> Kathleen
0x Marvin -> Vanessa
0x Dario -> Laura
1x Marko -> Sabrina
---
-> Pr[lights]: {0: 17.7%, 1: 39.2%, 2: 28.1%, 3: 11.3%, 4: 3.1%, 5: 0.6%, 6: 0.1%, 7: 0.0%}
->  E[lights]: 1.450
2 lights => I = 1.8314 bits
╭────────────┬──────────┬────────┬──────────┬────────┬────────┬─────────┬────────┬─────────┬─────────┬──────────┬──────────╮
│            ┆ Christin ┆  Jill  ┆ Kathleen ┆  Laura ┆ Leonie ┆ Melissa ┆ Mirjam ┆ Sabrina ┆ Vanessa ┆ Victoria ┆ VanessaM │
╞════════════╪══════════╪════════╪══════════╪════════╪════════╪═════════╪════════╪═════════╪═════════╪══════════╪══════════╡
│[48;2;41;44;60m Aaron      [49m┆[48;2;41;44;60m 7.142    [49m┆[48;2;41;44;60m 9.248  [49m┆[48;2;41;44;60m 26.695   [49m┆[48;2;41;44;60m 8.702  [49m┆[48;2;41;44;60m 8.702  [49m┆[48;2;41;44;60m 7.428   [49m┆[48;2;41;44;60m 7.428  [49m┆[48;2;41;44;60m 7.428   [49m┆[48;2;41;44;60m 8.525   [49m┆[48;2;41;44;60m 8.702    [49m┆[48;2;41;44;60m 10.000   [49m│
│ Dario      ┆ 8.390    ┆ 11.651 ┆ 8.702    ┆ 12.317 ┆ 9.838  ┆ 8.702   ┆ 8.702  ┆ 8.702   ┆ 10.680  ┆ 12.317   ┆ 10.000   │
│[48;2;41;44;60m Dominic    [49m┆[48;2;41;44;60m 7.142    [49m┆[48;2;41;44;60m 9.248  [49m┆[48;2;41;44;60m 7.428    [49m┆[48;2;41;44;60m 8.702  [49m┆[48;2;41;44;60m 8.702  [49m┆[48;2;41;44;60m 26.695  [49m┆[48;2;41;44;60m 7.428  [49m┆[48;2;41;44;60m 7.428   [49m┆[48;2;41;44;60m 8.525   [49m┆[48;2;41;44;60m 8.702    [49m┆[48;2;41;44;60m 10.000   [49m│
│ Germain    ┆ 8.390    ┆ 11.651 ┆ 8.702    ┆ 9.838  ┆ 12.317 ┆ 8.702   ┆ 8.702  ┆ 8.702   ┆ 10.680  ┆ 12.317   ┆ 10.000   │
│[48;2;41;44;60m Marc       [49m┆[48;2;41;44;60m 7.142    [49m┆[48;2;41;44;60m 9.248  [49m┆[48;2;41;44;60m 7.428    [49m┆[48;2;41;44;60m 8.702  [49m┆[48;2;41;44;60m 8.702  [49m┆[48;2;41;44;60m 7.428   [49m┆[48;2;41;44;60m 26.695 [49m┆[48;2;41;44;60m 7.428   [49m┆[48;2;41;44;60m 8.525   [49m┆[48;2;41;44;60m 8.702    [49m┆[48;2;41;44;60m 10.000   [49m│
│ Marcel     ┆ 8.390    ┆ 11.651 ┆ 8.702    ┆ 12.317 ┆ 12.317 ┆ 8.702   ┆ 8.702  ┆ 8.702   ┆ 10.680  ┆ 9.838    ┆ 10.000   │
│[48;2;41;44;60m Marko      [49m┆[48;2;41;44;60m 7.142    [49m┆[48;2;41;44;60m 9.248  [49m┆[48;2;41;44;60m 7.428    [49m┆[48;2;41;44;60m 8.702  [49m┆[48;2;41;44;60m 8.702  [49m┆[48;2;41;44;60m 7.428   [49m┆[48;2;41;44;60m 7.428  [49m┆[48;2;41;44;60m 26.695  [49m┆[48;2;41;44;60m 8.525   [49m┆[48;2;41;44;60m 8.702    [49m┆[48;2;41;44;60m 10.000   [49m│
│ Marvin     ┆ 8.163    ┆ 14.027 ┆ 8.432    ┆ 10.592 ┆ 10.592 ┆ 8.432   ┆ 8.432  ┆ 8.432   ┆ 12.306  ┆ 10.592   ┆ 10.000   │
│[48;2;41;44;60m Maximilian [49m┆[48;2;41;44;60m 29.936   [49m┆[48;2;41;44;60m[38;5;9m 0.000  [49m[39m┆[48;2;41;44;60m 8.051    [49m┆[48;2;41;44;60m 9.537  [49m┆[48;2;41;44;60m 9.537  [49m┆[48;2;41;44;60m 8.051   [49m┆[48;2;41;44;60m 8.051  [49m┆[48;2;41;44;60m 8.051   [49m┆[48;2;41;44;60m 9.248   [49m┆[48;2;41;44;60m 9.537    [49m┆[48;2;41;44;60m 10.000   [49m│
│ Sascha     ┆ 8.163    ┆ 14.027 ┆ 8.432    ┆ 10.592 ┆ 10.592 ┆ 8.432   ┆ 8.432  ┆ 8.432   ┆ 12.306  ┆ 10.592   ┆ 10.000   │
╰────────────┴──────────┴────────┴──────────┴────────┴────────┴─────────┴────────┴─────────┴─────────┴──────────┴──────────╯
1708860 left -> 20.7046 bits left

MB#3.0 E06
Aaron -> Kathleen
---
-> Pr[lights]: {0: 73.3%, 1: 26.7%}
0 lights => I = 0.4480 bits
╭────────────┬──────────┬────────┬──────────┬────────┬────────┬─────────┬────────┬─────────┬─────────┬──────────┬──────────╮
│            ┆ Christin ┆  Jill  ┆ Kathleen ┆  Laura ┆ Leonie ┆ Melissa ┆ Mirjam ┆ Sabrina ┆ Vanessa ┆ Victoria ┆ VanessaM │
╞════════════╪══════════╪════════╪══════════╪════════╪════════╪═════════╪════════╪═════════╪═════════╪══════════╪══════════╡
│[48;2;41;44;60m Aaron      [49m┆[48;2;41;44;60m 9.742    [49m┆[48;2;41;44;60m 12.616 [49m┆[48;2;41;44;60m[38;5;9m 0.000    [49m[39m┆[48;2;41;44;60m 11.871 [49m┆[48;2;41;44;60m 11.871 [49m┆[48;2;41;44;60m 10.133  [49m┆[48;2;41;44;60m 10.133 [49m┆[48;2;41;44;60m 10.133  [49m┆[48;2;41;44;60m 11.629  [49m┆[48;2;41;44;60m 11.871   [49m┆[48;2;41;44;60m 10.000   [49m│
│ Dario      ┆ 7.537    ┆ 10.643 ┆ 11.871   ┆ 13.613 ┆ 9.085  ┆ 7.903   ┆ 7.903  ┆ 7.903   ┆ 9.929   ┆ 13.613   ┆ 10.000   │
│[48;2;41;44;60m Dominic    [49m┆[48;2;41;44;60m 5.984    [49m┆[48;2;41;44;60m 8.195  [49m┆[48;2;41;44;60m 10.133   [49m┆[48;2;41;44;60m 7.903  [49m┆[48;2;41;44;60m 7.903  [49m┆[48;2;41;44;60m 31.619  [49m┆[48;2;41;44;60m 6.340  [49m┆[48;2;41;44;60m 6.340   [49m┆[48;2;41;44;60m 7.680   [49m┆[48;2;41;44;60m 7.903    [49m┆[48;2;41;44;60m 10.000   [49m│
│ Germain    ┆ 7.537    ┆ 10.643 ┆ 11.871   ┆ 9.085  ┆ 13.613 ┆ 7.903   ┆ 7.903  ┆ 7.903   ┆ 9.929   ┆ 13.613   ┆ 10.000   │
│[48;2;41;44;60m Marc       [49m┆[48;2;41;44;60m 5.984    [49m┆[48;2;41;44;60m 8.195  [49m┆[48;2;41;44;60m 10.133   [49m┆[48;2;41;44;60m 7.903  [49m┆[48;2;41;44;60m 7.903  [49m┆[48;2;41;44;60m 6.340   [49m┆[48;2;41;44;60m 31.619 [49m┆[48;2;41;44;60m 6.340   [49m┆[48;2;41;44;60m 7.680   [49m┆[48;2;41;44;60m 7.903    [49m┆[48;2;41;44;60m 10.000   [49m│
│ Marcel     ┆ 7.537    ┆ 10.643 ┆ 11.871   ┆ 13.613 ┆ 13.613 ┆ 7.903   ┆ 7.903  ┆ 7.903   ┆ 9.929   ┆ 9.085    ┆ 10.000   │
│[48;2;41;44;60m Marko      [49m┆[48;2;41;44;60m 5.984    [49m┆[48;2;41;44;60m 8.195  [49m┆[48;2;41;44;60m 10.133   [49m┆[48;2;41;44;60m 7.903  [49m┆[48;2;41;44;60m 7.903  [49m┆[48;2;41;44;60m 6.340   [49m┆[48;2;41;44;60m 6.340  [49m┆[48;2;41;44;60m 31.619  [49m┆[48;2;41;44;60m 7.680   [49m┆[48;2;41;44;60m 7.903    [49m┆[48;2;41;44;60m 10.000   [49m│
│ Marvin     ┆ 7.249    ┆ 15.435 ┆ 11.503   ┆ 9.802  ┆ 9.802  ┆ 7.577   ┆ 7.577  ┆ 7.577   ┆ 13.675  ┆ 9.802    ┆ 10.000   │
│[48;2;41;44;60m Maximilian [49m┆[48;2;41;44;60m 35.195   [49m┆[48;2;41;44;60m[38;5;9m 0.000  [49m[39m┆[48;2;41;44;60m 10.983   [49m┆[48;2;41;44;60m 8.505  [49m┆[48;2;41;44;60m 8.505  [49m┆[48;2;41;44;60m 6.704   [49m┆[48;2;41;44;60m 6.704  [49m┆[48;2;41;44;60m 6.704   [49m┆[48;2;41;44;60m 8.195   [49m┆[48;2;41;44;60m 8.505    [49m┆[48;2;41;44;60m 10.000   [49m│
│ Sascha     ┆ 7.249    ┆ 15.435 ┆ 11.503   ┆ 9.802  ┆ 9.802  ┆ 7.577   ┆ 7.577  ┆ 7.577   ┆ 13.675  ┆ 9.802    ┆ 10.000   │
╰────────────┴──────────┴────────┴──────────┴────────┴────────┴─────────┴────────┴─────────┴─────────┴──────────┴──────────╯
1252680 left -> 20.2566 bits left

MN#3.0 E06
0x Germain -> Christin
0x Marc -> Leonie
0x Marvin -> Kathleen
1x Dario -> Victoria
1x Marcel -> Laura
0x Aaron -> Melissa
0x Dominic -> Vanessa
0x Maximilian -> Jill
0x Marko -> Mirjam
0x Sascha -> Sabrina
---
-> Pr[lights]: {0: 41.6%, 1: 37.2%, 2: 16.0%, 3: 4.3%, 4: 0.8%, 5: 0.1%, 6: 0.0%, 7: 0.0%}
->  E[lights]: 0.859
3 lights => I = 4.5343 bits
╭────────────┬──────────┬────────┬──────────┬────────┬────────┬─────────┬────────┬─────────┬─────────┬──────────┬──────────╮
│            ┆ Christin ┆  Jill  ┆ Kathleen ┆  Laura ┆ Leonie ┆ Melissa ┆ Mirjam ┆ Sabrina ┆ Vanessa ┆ Victoria ┆ VanessaM │
╞════════════╪══════════╪════════╪══════════╪════════╪════════╪═════════╪════════╪═════════╪═════════╪══════════╪══════════╡
│[48;2;41;44;60m Aaron      [49m┆[48;2;41;44;60m 5.660    [49m┆[48;2;41;44;60m 11.006 [49m┆[48;2;41;44;60m[38;5;9m 0.000    [49m[39m┆[48;2;41;44;60m 7.917  [49m┆[48;2;41;44;60m 8.065  [49m┆[48;2;41;44;60m 37.033  [49m┆[48;2;41;44;60m 8.065  [49m┆[48;2;41;44;60m 7.418   [49m┆[48;2;41;44;60m 7.473   [49m┆[48;2;41;44;60m 7.362    [49m┆[48;2;41;44;60m 10.000   [49m│
│ Dario      ┆ 4.255    ┆ 8.768  ┆ 7.566    ┆ 7.732  ┆ 7.640  ┆ 5.031   ┆ 6.160  ┆ 5.716   ┆ 6.456   ┆ 40.677   ┆ 10.000   │
│[48;2;41;44;60m Dominic    [49m┆[48;2;41;44;60m 3.681    [49m┆[48;2;41;44;60m 8.287  [49m┆[48;2;41;44;60m 7.029    [49m┆[48;2;41;44;60m 5.771  [49m┆[48;2;41;44;60m 6.918  [49m┆[48;2;41;44;60m 22.900  [49m┆[48;2;41;44;60m 6.086  [49m┆[48;2;41;44;60m 5.568   [49m┆[48;2;41;44;60m 28.209  [49m┆[48;2;41;44;60m 5.549    [49m┆[48;2;41;44;60m 10.000   [49m│
│ Germain    ┆ 30.189   ┆ 7.825  ┆ 8.454    ┆ 7.954  ┆ 3.607  ┆ 5.845   ┆ 7.233  ┆ 7.140   ┆ 6.215   ┆ 15.538   ┆ 10.000   │
│[48;2;41;44;60m Marc       [49m┆[48;2;41;44;60m 3.404    [49m┆[48;2;41;44;60m 8.139  [49m┆[48;2;41;44;60m 6.955    [49m┆[48;2;41;44;60m 5.568  [49m┆[48;2;41;44;60m 32.797 [49m┆[48;2;41;44;60m 4.366   [49m┆[48;2;41;44;60m 22.420 [49m┆[48;2;41;44;60m 5.179   [49m┆[48;2;41;44;60m 5.975   [49m┆[48;2;41;44;60m 5.198    [49m┆[48;2;41;44;60m 10.000   [49m│
│ Marcel     ┆ 4.144    ┆ 6.511  ┆ 7.455    ┆ 40.492 ┆ 15.427 ┆ 4.661   ┆ 5.716  ┆ 5.623   ┆ 5.346   ┆ 4.624    ┆ 10.000   │
│[48;2;41;44;60m Marko      [49m┆[48;2;41;44;60m 4.070    [49m┆[48;2;41;44;60m 8.805  [49m┆[48;2;41;44;60m 7.769    [49m┆[48;2;41;44;60m 5.901  [49m┆[48;2;41;44;60m 6.955  [49m┆[48;2;41;44;60m 5.457   [49m┆[48;2;41;44;60m 25.398 [49m┆[48;2;41;44;60m 23.603  [49m┆[48;2;41;44;60m 6.456   [49m┆[48;2;41;44;60m 5.586    [49m┆[48;2;41;44;60m 10.000   [49m│
│ Marvin     ┆ 4.144    ┆ 6.382  ┆ 37.921   ┆ 5.216  ┆ 5.142  ┆ 4.458   ┆ 5.457  ┆ 5.401   ┆ 21.846  ┆ 4.033    ┆ 10.000   │
│[48;2;41;44;60m Maximilian [49m┆[48;2;41;44;60m 36.256   [49m┆[48;2;41;44;60m[38;5;9m 0.000  [49m[39m┆[48;2;41;44;60m 10.340   [49m┆[48;2;41;44;60m 7.788  [49m┆[48;2;41;44;60m 9.156  [49m┆[48;2;41;44;60m 5.975   [49m┆[48;2;41;44;60m 7.769  [49m┆[48;2;41;44;60m 7.066   [49m┆[48;2;41;44;60m 8.361   [49m┆[48;2;41;44;60m 7.288    [49m┆[48;2;41;44;60m 10.000   [49m│
│ Sascha     ┆ 4.199    ┆ 34.277 ┆ 6.511    ┆ 5.660  ┆ 4.292  ┆ 4.273   ┆ 5.697  ┆ 27.284  ┆ 3.663   ┆ 4.144    ┆ 10.000   │
╰────────────┴──────────┴────────┴──────────┴────────┴────────┴─────────┴────────┴─────────┴─────────┴──────────┴──────────╯
54060 left -> 15.7223 bits left

MB#4.0 E08
Marcel -> Laura
---
-> Pr[lights]: {0: 59.5%, 1: 40.5%}
0 lights => I = 0.7488 bits
╭────────────┬──────────┬────────┬──────────┬────────┬────────┬─────────┬────────┬─────────┬─────────┬──────────┬──────────╮
│            ┆ Christin ┆  Jill  ┆ Kathleen ┆  Laura ┆ Leonie ┆ Melissa ┆ Mirjam ┆ Sabrina ┆ Vanessa ┆ Victoria ┆ VanessaM │
╞════════════╪══════════╪════════╪══════════╪════════╪════════╪═════════╪════════╪═════════╪═════════╪══════════╪══════════╡
│[48;2;41;44;60m Aaron      [49m┆[48;2;41;44;60m 4.694    [49m┆[48;2;41;44;60m 10.755 [49m┆[48;2;41;44;60m[38;5;9m 0.000    [49m[39m┆[48;2;41;44;60m 13.304 [49m┆[48;2;41;44;60m 6.403  [49m┆[48;2;41;44;60m 39.882  [49m┆[48;2;41;44;60m 7.150  [49m┆[48;2;41;44;60m 6.528   [49m┆[48;2;41;44;60m 7.150   [49m┆[48;2;41;44;60m 4.134    [49m┆[48;2;41;44;60m 10.000   [49m│
│ Dario      ┆[38;5;9m 0.901    [39m┆ 5.347  ┆ 2.829    ┆ 12.993 ┆ 3.450  ┆ 1.461   ┆ 2.518  ┆ 2.083   ┆ 3.140   ┆[38;5;14m 65.278   [39m┆ 10.000   │
│[48;2;41;44;60m Dominic    [49m┆[48;2;41;44;60m 2.922    [49m┆[48;2;41;44;60m 8.020  [49m┆[48;2;41;44;60m 6.217    [49m┆[48;2;41;44;60m 9.698  [49m┆[48;2;41;44;60m 5.533  [49m┆[48;2;41;44;60m 23.811  [49m┆[48;2;41;44;60m 5.378  [49m┆[48;2;41;44;60m 4.880   [49m┆[48;2;41;44;60m 31.023  [49m┆[48;2;41;44;60m 2.518    [49m┆[48;2;41;44;60m 10.000   [49m│
│ Germain    ┆ 31.924   ┆ 10.103 ┆ 8.269    ┆ 13.366 ┆ 5.626  ┆ 5.782   ┆ 7.150  ┆ 6.683   ┆ 7.087   ┆ 4.010    ┆ 10.000   │
│[48;2;41;44;60m Marc       [49m┆[48;2;41;44;60m 2.704    [49m┆[48;2;41;44;60m 7.771  [49m┆[48;2;41;44;60m 6.124    [49m┆[48;2;41;44;60m 9.357  [49m┆[48;2;41;44;60m 33.354 [49m┆[48;2;41;44;60m 3.699   [49m┆[48;2;41;44;60m 24.029 [49m┆[48;2;41;44;60m 4.476   [49m┆[48;2;41;44;60m 5.595   [49m┆[48;2;41;44;60m 2.891    [49m┆[48;2;41;44;60m 10.000   [49m│
│ Marcel     ┆ 6.963    ┆ 10.942 ┆ 12.527   ┆[38;5;9m 0.000  [39m┆ 25.925 ┆ 7.833   ┆ 9.605  ┆ 9.450   ┆ 8.984   ┆ 7.771    ┆ 10.000   │
│[48;2;41;44;60m Marko      [49m┆[48;2;41;44;60m 3.450    [49m┆[48;2;41;44;60m 8.424  [49m┆[48;2;41;44;60m 6.901    [49m┆[48;2;41;44;60m 9.916  [49m┆[48;2;41;44;60m 5.657  [49m┆[48;2;41;44;60m 4.569   [49m┆[48;2;41;44;60m 26.919 [49m┆[48;2;41;44;60m 24.837  [49m┆[48;2;41;44;60m 5.937   [49m┆[48;2;41;44;60m 3.388    [49m┆[48;2;41;44;60m 10.000   [49m│
│ Marvin     ┆ 3.295    ┆ 10.724 ┆ 41.529   ┆ 8.766  ┆ 3.450  ┆ 3.855   ┆ 4.849  ┆ 4.756   ┆ 16.941  ┆ 1.834    ┆ 10.000   │
│[48;2;41;44;60m Maximilian [49m┆[48;2;41;44;60m 39.540   [49m┆[48;2;41;44;60m[38;5;9m 0.000  [49m[39m┆[48;2;41;44;60m 9.357    [49m┆[48;2;41;44;60m 13.087 [49m┆[48;2;41;44;60m 7.647  [49m┆[48;2;41;44;60m 5.036   [49m┆[48;2;41;44;60m 6.901  [49m┆[48;2;41;44;60m 6.217   [49m┆[48;2;41;44;60m 7.989   [49m┆[48;2;41;44;60m 4.228    [49m┆[48;2;41;44;60m 10.000   [49m│
│ Sascha     ┆ 3.606    ┆ 27.914 ┆ 6.248    ┆ 9.512  ┆ 2.953  ┆ 4.072   ┆ 5.502  ┆ 30.090  ┆ 6.155   ┆ 3.948    ┆ 10.000   │
╰────────────┴──────────┴────────┴──────────┴────────┴────────┴─────────┴────────┴─────────┴─────────┴──────────┴──────────╯
32170 left -> 14.9734 bits left

MN#4.0 E08
1x Germain -> Victoria
0x Dominic -> Laura
2x Marko -> Sabrina
0x Marvin -> Christin
0x Dario -> Kathleen
1x Maximilian -> Jill
1x Aaron -> Melissa
2x Marc -> Mirjam
1x Sascha -> Vanessa
1x Marcel -> Leonie
---
-> Pr[lights]: {0: 22.9%, 1: 32.7%, 2: 29.1%, 3: 11.8%, 4: 3.0%, 5: 0.4%}
->  E[lights]: 1.407
3 lights => I = 3.0779 bits
╭────────────┬──────────┬────────┬──────────┬────────┬────────┬─────────┬────────┬─────────┬─────────┬──────────┬──────────╮
│            ┆ Christin ┆  Jill  ┆ Kathleen ┆  Laura ┆ Leonie ┆ Melissa ┆ Mirjam ┆ Sabrina ┆ Vanessa ┆ Victoria ┆ VanessaM │
╞════════════╪══════════╪════════╪══════════╪════════╪════════╪═════════╪════════╪═════════╪═════════╪══════════╪══════════╡
│[48;2;41;44;60m Aaron      [49m┆[48;2;41;44;60m 1.050    [49m┆[48;2;41;44;60m 4.199  [49m┆[48;2;41;44;60m[38;5;9m 0.000    [49m[39m┆[48;2;41;44;60m 1.575  [49m┆[48;2;41;44;60m[38;5;9m 0.000  [49m[39m┆[48;2;41;44;60m[38;5;10m 90.026  [49m[39m┆[48;2;41;44;60m[38;5;9m 0.262  [49m[39m┆[48;2;41;44;60m[38;5;9m 0.787   [49m[39m┆[48;2;41;44;60m 1.575   [49m┆[48;2;41;44;60m[38;5;9m 0.525    [49m[39m┆[48;2;41;44;60m 10.000   [49m│
│ Dario      ┆ 3.675    ┆ 8.136  ┆ 8.661    ┆ 12.073 ┆ 6.037  ┆[38;5;9m 0.525   [39m┆ 3.937  ┆ 4.199   ┆ 4.462   ┆[38;5;11m 48.294   [39m┆ 10.000   │
│[48;2;41;44;60m Dominic    [49m┆[48;2;41;44;60m 4.987    [49m┆[48;2;41;44;60m 12.336 [49m┆[48;2;41;44;60m 4.462    [49m┆[48;2;41;44;60m 27.822 [49m┆[48;2;41;44;60m 3.675  [49m┆[48;2;41;44;60m[38;5;9m 0.000   [49m[39m┆[48;2;41;44;60m 4.462  [49m┆[48;2;41;44;60m 4.724   [49m┆[48;2;41;44;60m 32.283  [49m┆[48;2;41;44;60m 5.249    [49m┆[48;2;41;44;60m 10.000   [49m│
│ Germain    ┆ 35.433   ┆ 16.798 ┆ 5.774    ┆ 9.711  ┆ 1.575  ┆ 1.312   ┆ 4.724  ┆ 3.937   ┆ 8.136   ┆ 12.598   ┆ 10.000   │
│[48;2;41;44;60m Marc       [49m┆[48;2;41;44;60m 2.887    [49m┆[48;2;41;44;60m 7.874  [49m┆[48;2;41;44;60m 4.462    [49m┆[48;2;41;44;60m 5.774  [49m┆[48;2;41;44;60m 20.997 [49m┆[48;2;41;44;60m[38;5;9m 0.262   [49m[39m┆[48;2;41;44;60m[38;5;11m 47.244 [49m[39m┆[48;2;41;44;60m 1.575   [49m┆[48;2;41;44;60m 5.512   [49m┆[48;2;41;44;60m 3.412    [49m┆[48;2;41;44;60m 10.000   [49m│
│ Marcel     ┆ 6.299    ┆ 12.598 ┆ 9.449    ┆[38;5;9m 0.000  [39m┆ 43.045 ┆[38;5;9m 0.787   [39m┆ 6.562  ┆ 6.037   ┆ 6.824   ┆ 8.399    ┆ 10.000   │
│[48;2;41;44;60m Marko      [49m┆[48;2;41;44;60m 4.462    [49m┆[48;2;41;44;60m 9.186  [49m┆[48;2;41;44;60m 6.299    [49m┆[48;2;41;44;60m 7.087  [49m┆[48;2;41;44;60m 5.249  [49m┆[48;2;41;44;60m 1.575   [49m┆[48;2;41;44;60m 12.073 [49m┆[48;2;41;44;60m 44.882  [49m┆[48;2;41;44;60m 5.512   [49m┆[48;2;41;44;60m 3.675    [49m┆[48;2;41;44;60m 10.000   [49m│
│ Marvin     ┆ 8.399    ┆ 17.848 ┆ 38.320   ┆ 9.711  ┆ 3.937  ┆[38;5;9m 0.787   [39m┆ 7.087  ┆ 4.462   ┆ 6.299   ┆ 3.150    ┆ 10.000   │
│[48;2;41;44;60m Maximilian [49m┆[48;2;41;44;60m 22.835   [49m┆[48;2;41;44;60m[38;5;9m 0.000  [49m[39m┆[48;2;41;44;60m 14.698   [49m┆[48;2;41;44;60m 13.911 [49m┆[48;2;41;44;60m 11.286 [49m┆[48;2;41;44;60m 3.150   [49m┆[48;2;41;44;60m 6.824  [49m┆[48;2;41;44;60m 6.824   [49m┆[48;2;41;44;60m 12.073  [49m┆[48;2;41;44;60m 8.399    [49m┆[48;2;41;44;60m 10.000   [49m│
│ Sascha     ┆ 9.974    ┆ 11.024 ┆ 7.874    ┆ 12.336 ┆ 4.199  ┆ 1.575   ┆ 6.824  ┆ 22.572  ┆ 17.323  ┆ 6.299    ┆ 10.000   │
╰────────────┴──────────┴────────┴──────────┴────────┴────────┴─────────┴────────┴─────────┴─────────┴──────────┴──────────╯
3810 left -> 11.8956 bits left

MB#5.0 E10
Marcel -> Leonie
---
-> Pr[lights]: {0: 57.0%, 1: 43.0%}
1 lights => I = 1.3681 bits
╭────────────┬──────────┬────────┬──────────┬────────┬─────────┬─────────┬────────┬─────────┬─────────┬──────────┬──────────╮
│            ┆ Christin ┆  Jill  ┆ Kathleen ┆  Laura ┆  Leonie ┆ Melissa ┆ Mirjam ┆ Sabrina ┆ Vanessa ┆ Victoria ┆ VanessaM │
╞════════════╪══════════╪════════╪══════════╪════════╪═════════╪═════════╪════════╪═════════╪═════════╪══════════╪══════════╡
│[48;2;41;44;60m Aaron      [49m┆[48;2;41;44;60m 2.439    [49m┆[48;2;41;44;60m 8.537  [49m┆[48;2;41;44;60m[38;5;9m 0.000    [49m[39m┆[48;2;41;44;60m 3.659  [49m┆[48;2;41;44;60m[38;5;9m 0.000   [49m[39m┆[48;2;41;44;60m[38;5;10m 79.878  [49m[39m┆[48;2;41;44;60m[38;5;9m 0.610  [49m[39m┆[48;2;41;44;60m[38;5;9m 0.610   [49m[39m┆[48;2;41;44;60m 3.049   [49m┆[48;2;41;44;60m 1.220    [49m┆[48;2;41;44;60m 11.111   [49m│
│ Dario      ┆ 2.439    ┆ 1.829  ┆ 6.707    ┆ 3.659  ┆[38;5;9m 0.000   [39m┆[38;5;9m 0.000   [39m┆ 3.659  ┆ 5.488   ┆ 3.049   ┆[38;5;14m 73.171   [39m┆ 11.111   │
│[48;2;41;44;60m Dominic    [49m┆[48;2;41;44;60m 8.537    [49m┆[48;2;41;44;60m 17.683 [49m┆[48;2;41;44;60m 4.878    [49m┆[48;2;41;44;60m 19.512 [49m┆[48;2;41;44;60m[38;5;9m 0.000   [49m[39m┆[48;2;41;44;60m[38;5;9m 0.000   [49m[39m┆[48;2;41;44;60m 3.659  [49m┆[48;2;41;44;60m 5.488   [49m┆[48;2;41;44;60m 34.146  [49m┆[48;2;41;44;60m 6.098    [49m┆[48;2;41;44;60m 11.111   [49m│
│ Germain    ┆ 33.537   ┆ 21.951 ┆ 8.537    ┆ 10.976 ┆[38;5;9m 0.000   [39m┆ 3.049   ┆ 4.268  ┆ 6.098   ┆ 11.585  ┆[38;5;9m 0.000    [39m┆ 11.111   │
│[48;2;41;44;60m Marc       [49m┆[48;2;41;44;60m 5.488    [49m┆[48;2;41;44;60m 12.805 [49m┆[48;2;41;44;60m 6.098    [49m┆[48;2;41;44;60m 7.927  [49m┆[48;2;41;44;60m[38;5;9m 0.000   [49m[39m┆[48;2;41;44;60m[38;5;9m 0.610   [49m[39m┆[48;2;41;44;60m[38;5;11m 48.171 [49m[39m┆[48;2;41;44;60m 3.659   [49m┆[48;2;41;44;60m 9.756   [49m┆[48;2;41;44;60m 5.488    [49m┆[48;2;41;44;60m 11.111   [49m│
│ Marcel     ┆[38;5;9m 0.000    [39m┆[38;5;9m 0.000  [39m┆[38;5;9m 0.000    [39m┆[38;5;9m 0.000  [39m┆[38;5;10m 100.000 [39m┆[38;5;9m 0.000   [39m┆[38;5;9m 0.000  [39m┆[38;5;9m 0.000   [39m┆[38;5;9m 0.000   [39m┆[38;5;9m 0.000    [39m┆[38;5;9m 0.000    [39m│
│[48;2;41;44;60m Marko      [49m┆[48;2;41;44;60m 7.317    [49m┆[48;2;41;44;60m 14.024 [49m┆[48;2;41;44;60m 8.537    [49m┆[48;2;41;44;60m 8.537  [49m┆[48;2;41;44;60m[38;5;9m 0.000   [49m[39m┆[48;2;41;44;60m 3.659   [49m┆[48;2;41;44;60m 12.195 [49m┆[48;2;41;44;60m 32.317  [49m┆[48;2;41;44;60m 9.146   [49m┆[48;2;41;44;60m 4.268    [49m┆[48;2;41;44;60m 11.111   [49m│
│ Marvin     ┆ 6.098    ┆ 23.171 ┆ 36.585   ┆ 14.024 ┆[38;5;9m 0.000   [39m┆ 1.829   ┆ 10.366 ┆ 7.927   ┆[38;5;9m 0.000   [39m┆[38;5;9m 0.000    [39m┆ 11.111   │
│[48;2;41;44;60m Maximilian [49m┆[48;2;41;44;60m 15.854   [49m┆[48;2;41;44;60m[38;5;9m 0.000  [49m[39m┆[48;2;41;44;60m 17.683   [49m┆[48;2;41;44;60m 16.463 [49m┆[48;2;41;44;60m[38;5;9m 0.000   [49m[39m┆[48;2;41;44;60m 7.317   [49m┆[48;2;41;44;60m 6.707  [49m┆[48;2;41;44;60m 7.927   [49m┆[48;2;41;44;60m 21.951  [49m┆[48;2;41;44;60m 6.098    [49m┆[48;2;41;44;60m 11.111   [49m│
│ Sascha     ┆ 18.293   ┆[38;5;9m 0.000  [39m┆ 10.976   ┆ 15.244 ┆[38;5;9m 0.000   [39m┆ 3.659   ┆ 10.366 ┆ 30.488  ┆ 7.317   ┆ 3.659    ┆ 11.111   │
╰────────────┴──────────┴────────┴──────────┴────────┴─────────┴─────────┴────────┴─────────┴─────────┴──────────┴──────────╯
1476 left -> 10.5275 bits left

MN#5.0 E10
2x Dario -> Victoria
0x Maximilian -> Laura
0x Marko -> VanessaM
1x Dominic -> Vanessa
1x Germain -> Christin
1x Marvin -> Kathleen
0x Aaron -> Mirjam
2x Marcel -> Leonie
1x Sascha -> Jill
0x Marc -> Melissa
---
-> Pr[lights]: {1: 1.6%, 2: 20.3%, 3: 51.8%, 4: 23.0%, 5: 3.2%, 6: 0.1%}
->  E[lights]: 3.062
3 lights => I = 0.9482 bits
╭────────────┬──────────┬────────┬──────────┬────────┬─────────┬─────────┬────────┬─────────┬─────────┬──────────┬──────────╮
│            ┆ Christin ┆  Jill  ┆ Kathleen ┆  Laura ┆  Leonie ┆ Melissa ┆ Mirjam ┆ Sabrina ┆ Vanessa ┆ Victoria ┆ VanessaM │
╞════════════╪══════════╪════════╪══════════╪════════╪═════════╪═════════╪════════╪═════════╪═════════╪══════════╪══════════╡
│[48;2;41;44;60m Aaron      [49m┆[48;2;41;44;60m 4.183    [49m┆[48;2;41;44;60m 8.366  [49m┆[48;2;41;44;60m[38;5;9m 0.000    [49m[39m┆[48;2;41;44;60m 6.275  [49m┆[48;2;41;44;60m[38;5;9m 0.000   [49m[39m┆[48;2;41;44;60m[38;5;14m 78.039  [49m[39m┆[48;2;41;44;60m[38;5;9m 0.000  [49m[39m┆[48;2;41;44;60m[38;5;9m 0.000   [49m[39m┆[48;2;41;44;60m 2.092   [49m┆[48;2;41;44;60m 1.046    [49m┆[48;2;41;44;60m 11.895   [49m│
│ Dario      ┆ 1.438    ┆[38;5;9m 0.392  [39m┆ 3.791    ┆[38;5;9m 0.784  [39m┆[38;5;9m 0.000   [39m┆[38;5;9m 0.000   [39m┆ 4.183  ┆ 4.575   ┆ 2.353   ┆[38;5;10m 82.484   [39m┆ 11.895   │
│[48;2;41;44;60m Dominic    [49m┆[48;2;41;44;60m 8.889    [49m┆[48;2;41;44;60m 22.353 [49m┆[48;2;41;44;60m 4.706    [49m┆[48;2;41;44;60m 15.686 [49m┆[48;2;41;44;60m[38;5;9m 0.000   [49m[39m┆[48;2;41;44;60m[38;5;9m 0.000   [49m[39m┆[48;2;41;44;60m 4.183  [49m┆[48;2;41;44;60m 4.575   [49m┆[48;2;41;44;60m 37.647  [49m┆[48;2;41;44;60m 1.961    [49m┆[48;2;41;44;60m 11.895   [49m│
│ Germain    ┆ 33.464   ┆ 23.922 ┆ 5.882    ┆ 11.373 ┆[38;5;9m 0.000   [39m┆ 4.183   ┆ 4.444  ┆ 6.667   ┆ 10.065  ┆[38;5;9m 0.000    [39m┆ 11.895   │
│[48;2;41;44;60m Marc       [49m┆[48;2;41;44;60m 7.320    [49m┆[48;2;41;44;60m 12.026 [49m┆[48;2;41;44;60m 4.706    [49m┆[48;2;41;44;60m 8.889  [49m┆[48;2;41;44;60m[38;5;9m 0.000   [49m[39m┆[48;2;41;44;60m[38;5;9m 0.000   [49m[39m┆[48;2;41;44;60m[38;5;14m 55.948 [49m[39m┆[48;2;41;44;60m 2.614   [49m┆[48;2;41;44;60m 6.667   [49m┆[48;2;41;44;60m 1.830    [49m┆[48;2;41;44;60m 11.895   [49m│
│ Marcel     ┆[38;5;9m 0.000    [39m┆[38;5;9m 0.000  [39m┆[38;5;9m 0.000    [39m┆[38;5;9m 0.000  [39m┆[38;5;10m 100.000 [39m┆[38;5;9m 0.000   [39m┆[38;5;9m 0.000  [39m┆[38;5;9m 0.000   [39m┆[38;5;9m 0.000   [39m┆[38;5;9m 0.000    [39m┆[38;5;9m 0.000    [39m│
│[48;2;41;44;60m Marko      [49m┆[48;2;41;44;60m 8.758    [49m┆[48;2;41;44;60m 16.209 [49m┆[48;2;41;44;60m 7.843    [49m┆[48;2;41;44;60m 10.980 [49m┆[48;2;41;44;60m[38;5;9m 0.000   [49m[39m┆[48;2;41;44;60m 4.183   [49m┆[48;2;41;44;60m 2.222  [49m┆[48;2;41;44;60m 36.601  [49m┆[48;2;41;44;60m 8.758   [49m┆[48;2;41;44;60m 4.444    [49m┆[48;2;41;44;60m 4.837    [49m│
│ Marvin     ┆ 8.366    ┆ 16.732 ┆ 38.431   ┆ 17.647 ┆[38;5;9m 0.000   [39m┆ 3.137   ┆ 8.105  ┆ 7.582   ┆[38;5;9m 0.000   [39m┆[38;5;9m 0.000    [39m┆ 11.895   │
│[48;2;41;44;60m Maximilian [49m┆[48;2;41;44;60m 6.667    [49m┆[48;2;41;44;60m[38;5;9m 0.000  [49m[39m┆[48;2;41;44;60m 23.922   [49m┆[48;2;41;44;60m 3.137  [49m┆[48;2;41;44;60m[38;5;9m 0.000   [49m[39m┆[48;2;41;44;60m 10.458  [49m┆[48;2;41;44;60m 9.412  [49m┆[48;2;41;44;60m 9.673   [49m┆[48;2;41;44;60m 30.850  [49m┆[48;2;41;44;60m 5.882    [49m┆[48;2;41;44;60m 11.895   [49m│
│ Sascha     ┆ 20.915   ┆[38;5;9m 0.000  [39m┆ 10.719   ┆ 25.229 ┆[38;5;9m 0.000   [39m┆[38;5;9m 0.000   [39m┆ 11.503 ┆ 27.712  ┆ 1.569   ┆ 2.353    ┆ 11.895   │
╰────────────┴──────────┴────────┴──────────┴────────┴─────────┴─────────┴────────┴─────────┴─────────┴──────────┴──────────╯
765 left -> 9.5793 bits left

MB#6.0 E12 -- verkauft
Marc -> Mirjam
---
Nothing => I = -0.0000 bits
╭────────────┬──────────┬────────┬──────────┬────────┬─────────┬─────────┬────────┬─────────┬─────────┬──────────┬──────────╮
│            ┆ Christin ┆  Jill  ┆ Kathleen ┆  Laura ┆  Leonie ┆ Melissa ┆ Mirjam ┆ Sabrina ┆ Vanessa ┆ Victoria ┆ VanessaM │
╞════════════╪══════════╪════════╪══════════╪════════╪═════════╪═════════╪════════╪═════════╪═════════╪══════════╪══════════╡
│[48;2;41;44;60m Aaron      [49m┆[48;2;41;44;60m 4.183    [49m┆[48;2;41;44;60m 8.366  [49m┆[48;2;41;44;60m[38;5;9m 0.000    [49m[39m┆[48;2;41;44;60m 6.275  [49m┆[48;2;41;44;60m[38;5;9m 0.000   [49m[39m┆[48;2;41;44;60m[38;5;14m 78.039  [49m[39m┆[48;2;41;44;60m[38;5;9m 0.000  [49m[39m┆[48;2;41;44;60m[38;5;9m 0.000   [49m[39m┆[48;2;41;44;60m 2.092   [49m┆[48;2;41;44;60m 1.046    [49m┆[48;2;41;44;60m 11.895   [49m│
│ Dario      ┆ 1.438    ┆[38;5;9m 0.392  [39m┆ 3.791    ┆[38;5;9m 0.784  [39m┆[38;5;9m 0.000   [39m┆[38;5;9m 0.000   [39m┆ 4.183  ┆ 4.575   ┆ 2.353   ┆[38;5;10m 82.484   [39m┆ 11.895   │
│[48;2;41;44;60m Dominic    [49m┆[48;2;41;44;60m 8.889    [49m┆[48;2;41;44;60m 22.353 [49m┆[48;2;41;44;60m 4.706    [49m┆[48;2;41;44;60m 15.686 [49m┆[48;2;41;44;60m[38;5;9m 0.000   [49m[39m┆[48;2;41;44;60m[38;5;9m 0.000   [49m[39m┆[48;2;41;44;60m 4.183  [49m┆[48;2;41;44;60m 4.575   [49m┆[48;2;41;44;60m 37.647  [49m┆[48;2;41;44;60m 1.961    [49m┆[48;2;41;44;60m 11.895   [49m│
│ Germain    ┆ 33.464   ┆ 23.922 ┆ 5.882    ┆ 11.373 ┆[38;5;9m 0.000   [39m┆ 4.183   ┆ 4.444  ┆ 6.667   ┆ 10.065  ┆[38;5;9m 0.000    [39m┆ 11.895   │
│[48;2;41;44;60m Marc       [49m┆[48;2;41;44;60m 7.320    [49m┆[48;2;41;44;60m 12.026 [49m┆[48;2;41;44;60m 4.706    [49m┆[48;2;41;44;60m 8.889  [49m┆[48;2;41;44;60m[38;5;9m 0.000   [49m[39m┆[48;2;41;44;60m[38;5;9m 0.000   [49m[39m┆[48;2;41;44;60m[38;5;14m 55.948 [49m[39m┆[48;2;41;44;60m 2.614   [49m┆[48;2;41;44;60m 6.667   [49m┆[48;2;41;44;60m 1.830    [49m┆[48;2;41;44;60m 11.895   [49m│
│ Marcel     ┆[38;5;9m 0.000    [39m┆[38;5;9m 0.000  [39m┆[38;5;9m 0.000    [39m┆[38;5;9m 0.000  [39m┆[38;5;10m 100.000 [39m┆[38;5;9m 0.000   [39m┆[38;5;9m 0.000  [39m┆[38;5;9m 0.000   [39m┆[38;5;9m 0.000   [39m┆[38;5;9m 0.000    [39m┆[38;5;9m 0.000    [39m│
│[48;2;41;44;60m Marko      [49m┆[48;2;41;44;60m 8.758    [49m┆[48;2;41;44;60m 16.209 [49m┆[48;2;41;44;60m 7.843    [49m┆[48;2;41;44;60m 10.980 [49m┆[48;2;41;44;60m[38;5;9m 0.000   [49m[39m┆[48;2;41;44;60m 4.183   [49m┆[48;2;41;44;60m 2.222  [49m┆[48;2;41;44;60m 36.601  [49m┆[48;2;41;44;60m 8.758   [49m┆[48;2;41;44;60m 4.444    [49m┆[48;2;41;44;60m 4.837    [49m│
│ Marvin     ┆ 8.366    ┆ 16.732 ┆ 38.431   ┆ 17.647 ┆[38;5;9m 0.000   [39m┆ 3.137   ┆ 8.105  ┆ 7.582   ┆[38;5;9m 0.000   [39m┆[38;5;9m 0.000    [39m┆ 11.895   │
│[48;2;41;44;60m Maximilian [49m┆[48;2;41;44;60m 6.667    [49m┆[48;2;41;44;60m[38;5;9m 0.000  [49m[39m┆[48;2;41;44;60m 23.922   [49m┆[48;2;41;44;60m 3.137  [49m┆[48;2;41;44;60m[38;5;9m 0.000   [49m[39m┆[48;2;41;44;60m 10.458  [49m┆[48;2;41;44;60m 9.412  [49m┆[48;2;41;44;60m 9.673   [49m┆[48;2;41;44;60m 30.850  [49m┆[48;2;41;44;60m 5.882    [49m┆[48;2;41;44;60m 11.895   [49m│
│ Sascha     ┆ 20.915   ┆[38;5;9m 0.000  [39m┆ 10.719   ┆ 25.229 ┆[38;5;9m 0.000   [39m┆[38;5;9m 0.000   [39m┆ 11.503 ┆ 27.712  ┆ 1.569   ┆ 2.353    ┆ 11.895   │
╰────────────┴──────────┴────────┴──────────┴────────┴─────────┴─────────┴────────┴─────────┴─────────┴──────────┴──────────╯
765 left -> 9.5793 bits left

MN#6.0 E12
2x Maximilian -> Christin
2x Aaron -> Melissa
0x Dario -> VanessaM
2x Germain -> Victoria
3x Marcel -> Leonie
2x Sascha -> Jill
2x Dominic -> Vanessa
3x Marc -> Mirjam
3x Marko -> Sabrina
0x Marvin -> Laura
---
-> Pr[lights]: {2: 9.9%, 3: 49.2%, 4: 28.6%, 5: 11.1%, 6: 1.2%}
->  E[lights]: 3.444
4 lights => I = 1.8045 bits
╭────────────┬──────────┬────────┬──────────┬────────┬─────────┬─────────┬────────┬─────────┬─────────┬──────────┬──────────╮
│            ┆ Christin ┆  Jill  ┆ Kathleen ┆  Laura ┆  Leonie ┆ Melissa ┆ Mirjam ┆ Sabrina ┆ Vanessa ┆ Victoria ┆ VanessaM │
╞════════════╪══════════╪════════╪══════════╪════════╪═════════╪═════════╪════════╪═════════╪═════════╪══════════╪══════════╡
│[48;2;41;44;60m Aaron      [49m┆[48;2;41;44;60m[38;5;9m 0.000    [49m[39m┆[48;2;41;44;60m 1.826  [49m┆[48;2;41;44;60m[38;5;9m 0.000    [49m[39m┆[48;2;41;44;60m 2.740  [49m┆[48;2;41;44;60m[38;5;9m 0.000   [49m[39m┆[48;2;41;44;60m[38;5;10m 94.977  [49m[39m┆[48;2;41;44;60m[38;5;9m 0.000  [49m[39m┆[48;2;41;44;60m[38;5;9m 0.000   [49m[39m┆[48;2;41;44;60m[38;5;9m 0.000   [49m[39m┆[48;2;41;44;60m[38;5;9m 0.457    [49m[39m┆[48;2;41;44;60m 10.046   [49m│
│ Dario      ┆ 4.566    ┆[38;5;9m 0.000  [39m┆ 3.653    ┆[38;5;9m 0.000  [39m┆[38;5;9m 0.000   [39m┆[38;5;9m 0.000   [39m┆ 12.785 ┆ 12.785  ┆[38;5;9m 0.913   [39m┆[38;5;14m 65.297   [39m┆ 22.831   │
│[48;2;41;44;60m Dominic    [49m┆[48;2;41;44;60m 5.479    [49m┆[48;2;41;44;60m 21.461 [49m┆[48;2;41;44;60m 5.023    [49m┆[48;2;41;44;60m 1.826  [49m┆[48;2;41;44;60m[38;5;9m 0.000   [49m[39m┆[48;2;41;44;60m[38;5;9m 0.000   [49m[39m┆[48;2;41;44;60m 4.566  [49m┆[48;2;41;44;60m 4.566   [49m┆[48;2;41;44;60m[38;5;14m 56.621  [49m[39m┆[48;2;41;44;60m[38;5;9m 0.457    [49m[39m┆[48;2;41;44;60m 10.046   [49m│
│ Germain    ┆[38;5;11m 53.881   [39m┆ 18.721 ┆ 5.479    ┆ 11.416 ┆[38;5;9m 0.000   [39m┆[38;5;9m 0.913   [39m┆ 2.283  ┆ 3.196   ┆ 4.110   ┆[38;5;9m 0.000    [39m┆ 10.046   │
│[48;2;41;44;60m Marc       [49m┆[48;2;41;44;60m 5.023    [49m┆[48;2;41;44;60m 12.329 [49m┆[48;2;41;44;60m 6.849    [49m┆[48;2;41;44;60m 12.785 [49m┆[48;2;41;44;60m[38;5;9m 0.000   [49m[39m┆[48;2;41;44;60m[38;5;9m 0.000   [49m[39m┆[48;2;41;44;60m[38;5;11m 49.315 [49m[39m┆[48;2;41;44;60m 1.370   [49m┆[48;2;41;44;60m 8.219   [49m┆[48;2;41;44;60m 4.110    [49m┆[48;2;41;44;60m 10.046   [49m│
│ Marcel     ┆[38;5;9m 0.000    [39m┆[38;5;9m 0.000  [39m┆[38;5;9m 0.000    [39m┆[38;5;9m 0.000  [39m┆[38;5;10m 100.000 [39m┆[38;5;9m 0.000   [39m┆[38;5;9m 0.000  [39m┆[38;5;9m 0.000   [39m┆[38;5;9m 0.000   [39m┆[38;5;9m 0.000    [39m┆[38;5;9m 0.000    [39m│
│[48;2;41;44;60m Marko      [49m┆[48;2;41;44;60m 5.936    [49m┆[48;2;41;44;60m 10.959 [49m┆[48;2;41;44;60m 5.936    [49m┆[48;2;41;44;60m 13.699 [49m┆[48;2;41;44;60m[38;5;9m 0.000   [49m[39m┆[48;2;41;44;60m 1.370   [49m┆[48;2;41;44;60m 1.370  [49m┆[48;2;41;44;60m[38;5;11m 46.575  [49m[39m┆[48;2;41;44;60m 5.936   [49m┆[48;2;41;44;60m 8.219    [49m┆[48;2;41;44;60m 6.849    [49m│
│ Marvin     ┆ 3.653    ┆ 34.703 ┆ 13.242   ┆ 25.571 ┆[38;5;9m 0.000   [39m┆[38;5;9m 0.000   [39m┆ 11.416 ┆ 11.416  ┆[38;5;9m 0.000   [39m┆[38;5;9m 0.000    [39m┆ 10.046   │
│[48;2;41;44;60m Maximilian [49m┆[48;2;41;44;60m 4.110    [49m┆[48;2;41;44;60m[38;5;9m 0.000  [49m[39m┆[48;2;41;44;60m 39.726   [49m┆[48;2;41;44;60m 4.110  [49m┆[48;2;41;44;60m[38;5;9m 0.000   [49m[39m┆[48;2;41;44;60m 2.740   [49m┆[48;2;41;44;60m 5.479  [49m┆[48;2;41;44;60m 5.479   [49m┆[48;2;41;44;60m 24.201  [49m┆[48;2;41;44;60m 14.155   [49m┆[48;2;41;44;60m 10.046   [49m│
│ Sascha     ┆ 17.352   ┆[38;5;9m 0.000  [39m┆ 20.091   ┆ 27.854 ┆[38;5;9m 0.000   [39m┆[38;5;9m 0.000   [39m┆ 12.785 ┆ 14.612  ┆[38;5;9m 0.000   [39m┆ 7.306    ┆ 10.046   │
╰────────────┴──────────┴────────┴──────────┴────────┴─────────┴─────────┴────────┴─────────┴─────────┴──────────┴──────────╯
219 left -> 7.7748 bits left

MB#7.0 E14
Dario -> Laura
---
-> Pr[lights]: {0: 100.0%}
0 lights => I = -0.0000 bits
╭────────────┬──────────┬────────┬──────────┬────────┬─────────┬─────────┬────────┬─────────┬─────────┬──────────┬──────────╮
│            ┆ Christin ┆  Jill  ┆ Kathleen ┆  Laura ┆  Leonie ┆ Melissa ┆ Mirjam ┆ Sabrina ┆ Vanessa ┆ Victoria ┆ VanessaM │
╞════════════╪══════════╪════════╪══════════╪════════╪═════════╪═════════╪════════╪═════════╪═════════╪══════════╪══════════╡
│[48;2;41;44;60m Aaron      [49m┆[48;2;41;44;60m[38;5;9m 0.000    [49m[39m┆[48;2;41;44;60m 1.826  [49m┆[48;2;41;44;60m[38;5;9m 0.000    [49m[39m┆[48;2;41;44;60m 2.740  [49m┆[48;2;41;44;60m[38;5;9m 0.000   [49m[39m┆[48;2;41;44;60m[38;5;10m 94.977  [49m[39m┆[48;2;41;44;60m[38;5;9m 0.000  [49m[39m┆[48;2;41;44;60m[38;5;9m 0.000   [49m[39m┆[48;2;41;44;60m[38;5;9m 0.000   [49m[39m┆[48;2;41;44;60m[38;5;9m 0.457    [49m[39m┆[48;2;41;44;60m 10.046   [49m│
│ Dario      ┆ 4.566    ┆[38;5;9m 0.000  [39m┆ 3.653    ┆[38;5;9m 0.000  [39m┆[38;5;9m 0.000   [39m┆[38;5;9m 0.000   [39m┆ 12.785 ┆ 12.785  ┆[38;5;9m 0.913   [39m┆[38;5;14m 65.297   [39m┆ 22.831   │
│[48;2;41;44;60m Dominic    [49m┆[48;2;41;44;60m 5.479    [49m┆[48;2;41;44;60m 21.461 [49m┆[48;2;41;44;60m 5.023    [49m┆[48;2;41;44;60m 1.826  [49m┆[48;2;41;44;60m[38;5;9m 0.000   [49m[39m┆[48;2;41;44;60m[38;5;9m 0.000   [49m[39m┆[48;2;41;44;60m 4.566  [49m┆[48;2;41;44;60m 4.566   [49m┆[48;2;41;44;60m[38;5;14m 56.621  [49m[39m┆[48;2;41;44;60m[38;5;9m 0.457    [49m[39m┆[48;2;41;44;60m 10.046   [49m│
│ Germain    ┆[38;5;11m 53.881   [39m┆ 18.721 ┆ 5.479    ┆ 11.416 ┆[38;5;9m 0.000   [39m┆[38;5;9m 0.913   [39m┆ 2.283  ┆ 3.196   ┆ 4.110   ┆[38;5;9m 0.000    [39m┆ 10.046   │
│[48;2;41;44;60m Marc       [49m┆[48;2;41;44;60m 5.023    [49m┆[48;2;41;44;60m 12.329 [49m┆[48;2;41;44;60m 6.849    [49m┆[48;2;41;44;60m 12.785 [49m┆[48;2;41;44;60m[38;5;9m 0.000   [49m[39m┆[48;2;41;44;60m[38;5;9m 0.000   [49m[39m┆[48;2;41;44;60m[38;5;11m 49.315 [49m[39m┆[48;2;41;44;60m 1.370   [49m┆[48;2;41;44;60m 8.219   [49m┆[48;2;41;44;60m 4.110    [49m┆[48;2;41;44;60m 10.046   [49m│
│ Marcel     ┆[38;5;9m 0.000    [39m┆[38;5;9m 0.000  [39m┆[38;5;9m 0.000    [39m┆[38;5;9m 0.000  [39m┆[38;5;10m 100.000 [39m┆[38;5;9m 0.000   [39m┆[38;5;9m 0.000  [39m┆[38;5;9m 0.000   [39m┆[38;5;9m 0.000   [39m┆[38;5;9m 0.000    [39m┆[38;5;9m 0.000    [39m│
│[48;2;41;44;60m Marko      [49m┆[48;2;41;44;60m 5.936    [49m┆[48;2;41;44;60m 10.959 [49m┆[48;2;41;44;60m 5.936    [49m┆[48;2;41;44;60m 13.699 [49m┆[48;2;41;44;60m[38;5;9m 0.000   [49m[39m┆[48;2;41;44;60m 1.370   [49m┆[48;2;41;44;60m 1.370  [49m┆[48;2;41;44;60m[38;5;11m 46.575  [49m[39m┆[48;2;41;44;60m 5.936   [49m┆[48;2;41;44;60m 8.219    [49m┆[48;2;41;44;60m 6.849    [49m│
│ Marvin     ┆ 3.653    ┆ 34.703 ┆ 13.242   ┆ 25.571 ┆[38;5;9m 0.000   [39m┆[38;5;9m 0.000   [39m┆ 11.416 ┆ 11.416  ┆[38;5;9m 0.000   [39m┆[38;5;9m 0.000    [39m┆ 10.046   │
│[48;2;41;44;60m Maximilian [49m┆[48;2;41;44;60m 4.110    [49m┆[48;2;41;44;60m[38;5;9m 0.000  [49m[39m┆[48;2;41;44;60m 39.726   [49m┆[48;2;41;44;60m 4.110  [49m┆[48;2;41;44;60m[38;5;9m 0.000   [49m[39m┆[48;2;41;44;60m 2.740   [49m┆[48;2;41;44;60m 5.479  [49m┆[48;2;41;44;60m 5.479   [49m┆[48;2;41;44;60m 24.201  [49m┆[48;2;41;44;60m 14.155   [49m┆[48;2;41;44;60m 10.046   [49m│
│ Sascha     ┆ 17.352   ┆[38;5;9m 0.000  [39m┆ 20.091   ┆ 27.854 ┆[38;5;9m 0.000   [39m┆[38;5;9m 0.000   [39m┆ 12.785 ┆ 14.612  ┆[38;5;9m 0.000   [39m┆ 7.306    ┆ 10.046   │
╰────────────┴──────────┴────────┴──────────┴────────┴─────────┴─────────┴────────┴─────────┴─────────┴──────────┴──────────╯
219 left -> 7.7748 bits left

MN#7.0 E14
1x Dominic -> Laura
4x Marc -> Mirjam
0x Germain -> VanessaM
4x Marcel -> Leonie
0x Marko -> Victoria
3x Aaron -> Melissa
2x Marvin -> Kathleen
0x Dario -> Sabrina
3x Maximilian -> Christin
3x Sascha -> Jill
---
-> Pr[lights]: {2: 39.3%, 3: 34.2%, 4: 19.6%, 5: 6.4%, 6: 0.5%}
->  E[lights]: 2.945
4 lights => I = 2.3485 bits
╭────────────┬──────────┬────────┬──────────┬────────┬─────────┬─────────┬────────┬─────────┬─────────┬──────────┬──────────╮
│            ┆ Christin ┆  Jill  ┆ Kathleen ┆  Laura ┆  Leonie ┆ Melissa ┆ Mirjam ┆ Sabrina ┆ Vanessa ┆ Victoria ┆ VanessaM │
╞════════════╪══════════╪════════╪══════════╪════════╪═════════╪═════════╪════════╪═════════╪═════════╪══════════╪══════════╡
│[48;2;41;44;60m Aaron      [49m┆[48;2;41;44;60m[38;5;9m 0.000    [49m[39m┆[48;2;41;44;60m[38;5;9m 0.000  [49m[39m┆[48;2;41;44;60m[38;5;9m 0.000    [49m[39m┆[48;2;41;44;60m[38;5;9m 0.000  [49m[39m┆[48;2;41;44;60m[38;5;9m 0.000   [49m[39m┆[48;2;41;44;60m[38;5;10m 100.000 [49m[39m┆[48;2;41;44;60m[38;5;9m 0.000  [49m[39m┆[48;2;41;44;60m[38;5;9m 0.000   [49m[39m┆[48;2;41;44;60m[38;5;9m 0.000   [49m[39m┆[48;2;41;44;60m[38;5;9m 0.000    [49m[39m┆[48;2;41;44;60m 9.302    [49m│
│ Dario      ┆ 16.279   ┆[38;5;9m 0.000  [39m┆ 2.326    ┆[38;5;9m 0.000  [39m┆[38;5;9m 0.000   [39m┆[38;5;9m 0.000   [39m┆[38;5;9m 0.000  [39m┆ 41.860  ┆ 2.326   ┆ 37.209   ┆ 27.907   │
│[48;2;41;44;60m Dominic    [49m┆[48;2;41;44;60m 6.977    [49m┆[48;2;41;44;60m 13.953 [49m┆[48;2;41;44;60m 2.326    [49m┆[48;2;41;44;60m[38;5;9m 0.000  [49m[39m┆[48;2;41;44;60m[38;5;9m 0.000   [49m[39m┆[48;2;41;44;60m[38;5;9m 0.000   [49m[39m┆[48;2;41;44;60m[38;5;9m 0.000  [49m[39m┆[48;2;41;44;60m 9.302   [49m┆[48;2;41;44;60m[38;5;14m 67.442  [49m[39m┆[48;2;41;44;60m[38;5;9m 0.000    [49m[39m┆[48;2;41;44;60m 9.302    [49m│
│ Germain    ┆[38;5;11m 48.837   [39m┆ 11.628 ┆ 13.953   ┆ 9.302  ┆[38;5;9m 0.000   [39m┆[38;5;9m 0.000   [39m┆ 2.326  ┆ 6.977   ┆ 6.977   ┆[38;5;9m 0.000    [39m┆ 11.628   │
│[48;2;41;44;60m Marc       [49m┆[48;2;41;44;60m[38;5;9m 0.000    [49m[39m┆[48;2;41;44;60m[38;5;9m 0.000  [49m[39m┆[48;2;41;44;60m[38;5;9m 0.000    [49m[39m┆[48;2;41;44;60m 2.326  [49m┆[48;2;41;44;60m[38;5;9m 0.000   [49m[39m┆[48;2;41;44;60m[38;5;9m 0.000   [49m[39m┆[48;2;41;44;60m[38;5;10m 97.674 [49m[39m┆[48;2;41;44;60m[38;5;9m 0.000   [49m[39m┆[48;2;41;44;60m[38;5;9m 0.000   [49m[39m┆[48;2;41;44;60m[38;5;9m 0.000    [49m[39m┆[48;2;41;44;60m 9.302    [49m│
│ Marcel     ┆[38;5;9m 0.000    [39m┆[38;5;9m 0.000  [39m┆[38;5;9m 0.000    [39m┆[38;5;9m 0.000  [39m┆[38;5;10m 100.000 [39m┆[38;5;9m 0.000   [39m┆[38;5;9m 0.000  [39m┆[38;5;9m 0.000   [39m┆[38;5;9m 0.000   [39m┆[38;5;9m 0.000    [39m┆[38;5;9m 0.000    [39m│
│[48;2;41;44;60m Marko      [49m┆[48;2;41;44;60m 9.302    [49m┆[48;2;41;44;60m 11.628 [49m┆[48;2;41;44;60m 13.953   [49m┆[48;2;41;44;60m 37.209 [49m┆[48;2;41;44;60m[38;5;9m 0.000   [49m[39m┆[48;2;41;44;60m[38;5;9m 0.000   [49m[39m┆[48;2;41;44;60m[38;5;9m 0.000  [49m[39m┆[48;2;41;44;60m[38;5;9m 0.000   [49m[39m┆[48;2;41;44;60m 6.977   [49m┆[48;2;41;44;60m 20.930   [49m┆[48;2;41;44;60m 4.651    [49m│
│ Marvin     ┆[38;5;9m 0.000    [39m┆[38;5;14m 62.791 [39m┆ 25.581   ┆ 4.651  ┆[38;5;9m 0.000   [39m┆[38;5;9m 0.000   [39m┆[38;5;9m 0.000  [39m┆ 6.977   ┆[38;5;9m 0.000   [39m┆[38;5;9m 0.000    [39m┆ 9.302    │
│[48;2;41;44;60m Maximilian [49m┆[48;2;41;44;60m 2.326    [49m┆[48;2;41;44;60m[38;5;9m 0.000  [49m[39m┆[48;2;41;44;60m 23.256   [49m┆[48;2;41;44;60m 16.279 [49m┆[48;2;41;44;60m[38;5;9m 0.000   [49m[39m┆[48;2;41;44;60m[38;5;9m 0.000   [49m[39m┆[48;2;41;44;60m[38;5;9m 0.000  [49m[39m┆[48;2;41;44;60m 13.953  [49m┆[48;2;41;44;60m 16.279  [49m┆[48;2;41;44;60m 27.907   [49m┆[48;2;41;44;60m 9.302    [49m│
│ Sascha     ┆ 16.279   ┆[38;5;9m 0.000  [39m┆ 18.605   ┆ 30.233 ┆[38;5;9m 0.000   [39m┆[38;5;9m 0.000   [39m┆[38;5;9m 0.000  [39m┆ 20.930  ┆[38;5;9m 0.000   [39m┆ 13.953   ┆ 9.302    │
╰────────────┴──────────┴────────┴──────────┴────────┴─────────┴─────────┴────────┴─────────┴─────────┴──────────┴──────────╯
43 left -> 5.4263 bits left

MB#8.0 E16
Marko -> Sabrina
---
-> Pr[lights]: {0: 100.0%}
0 lights => I = -0.0000 bits
╭────────────┬──────────┬────────┬──────────┬────────┬─────────┬─────────┬────────┬─────────┬─────────┬──────────┬──────────╮
│            ┆ Christin ┆  Jill  ┆ Kathleen ┆  Laura ┆  Leonie ┆ Melissa ┆ Mirjam ┆ Sabrina ┆ Vanessa ┆ Victoria ┆ VanessaM │
╞════════════╪══════════╪════════╪══════════╪════════╪═════════╪═════════╪════════╪═════════╪═════════╪══════════╪══════════╡
│[48;2;41;44;60m Aaron      [49m┆[48;2;41;44;60m[38;5;9m 0.000    [49m[39m┆[48;2;41;44;60m[38;5;9m 0.000  [49m[39m┆[48;2;41;44;60m[38;5;9m 0.000    [49m[39m┆[48;2;41;44;60m[38;5;9m 0.000  [49m[39m┆[48;2;41;44;60m[38;5;9m 0.000   [49m[39m┆[48;2;41;44;60m[38;5;10m 100.000 [49m[39m┆[48;2;41;44;60m[38;5;9m 0.000  [49m[39m┆[48;2;41;44;60m[38;5;9m 0.000   [49m[39m┆[48;2;41;44;60m[38;5;9m 0.000   [49m[39m┆[48;2;41;44;60m[38;5;9m 0.000    [49m[39m┆[48;2;41;44;60m 9.302    [49m│
│ Dario      ┆ 16.279   ┆[38;5;9m 0.000  [39m┆ 2.326    ┆[38;5;9m 0.000  [39m┆[38;5;9m 0.000   [39m┆[38;5;9m 0.000   [39m┆[38;5;9m 0.000  [39m┆ 41.860  ┆ 2.326   ┆ 37.209   ┆ 27.907   │
│[48;2;41;44;60m Dominic    [49m┆[48;2;41;44;60m 6.977    [49m┆[48;2;41;44;60m 13.953 [49m┆[48;2;41;44;60m 2.326    [49m┆[48;2;41;44;60m[38;5;9m 0.000  [49m[39m┆[48;2;41;44;60m[38;5;9m 0.000   [49m[39m┆[48;2;41;44;60m[38;5;9m 0.000   [49m[39m┆[48;2;41;44;60m[38;5;9m 0.000  [49m[39m┆[48;2;41;44;60m 9.302   [49m┆[48;2;41;44;60m[38;5;14m 67.442  [49m[39m┆[48;2;41;44;60m[38;5;9m 0.000    [49m[39m┆[48;2;41;44;60m 9.302    [49m│
│ Germain    ┆[38;5;11m 48.837   [39m┆ 11.628 ┆ 13.953   ┆ 9.302  ┆[38;5;9m 0.000   [39m┆[38;5;9m 0.000   [39m┆ 2.326  ┆ 6.977   ┆ 6.977   ┆[38;5;9m 0.000    [39m┆ 11.628   │
│[48;2;41;44;60m Marc       [49m┆[48;2;41;44;60m[38;5;9m 0.000    [49m[39m┆[48;2;41;44;60m[38;5;9m 0.000  [49m[39m┆[48;2;41;44;60m[38;5;9m 0.000    [49m[39m┆[48;2;41;44;60m 2.326  [49m┆[48;2;41;44;60m[38;5;9m 0.000   [49m[39m┆[48;2;41;44;60m[38;5;9m 0.000   [49m[39m┆[48;2;41;44;60m[38;5;10m 97.674 [49m[39m┆[48;2;41;44;60m[38;5;9m 0.000   [49m[39m┆[48;2;41;44;60m[38;5;9m 0.000   [49m[39m┆[48;2;41;44;60m[38;5;9m 0.000    [49m[39m┆[48;2;41;44;60m 9.302    [49m│
│ Marcel     ┆[38;5;9m 0.000    [39m┆[38;5;9m 0.000  [39m┆[38;5;9m 0.000    [39m┆[38;5;9m 0.000  [39m┆[38;5;10m 100.000 [39m┆[38;5;9m 0.000   [39m┆[38;5;9m 0.000  [39m┆[38;5;9m 0.000   [39m┆[38;5;9m 0.000   [39m┆[38;5;9m 0.000    [39m┆[38;5;9m 0.000    [39m│
│[48;2;41;44;60m Marko      [49m┆[48;2;41;44;60m 9.302    [49m┆[48;2;41;44;60m 11.628 [49m┆[48;2;41;44;60m 13.953   [49m┆[48;2;41;44;60m 37.209 [49m┆[48;2;41;44;60m[38;5;9m 0.000   [49m[39m┆[48;2;41;44;60m[38;5;9m 0.000   [49m[39m┆[48;2;41;44;60m[38;5;9m 0.000  [49m[39m┆[48;2;41;44;60m[38;5;9m 0.000   [49m[39m┆[48;2;41;44;60m 6.977   [49m┆[48;2;41;44;60m 20.930   [49m┆[48;2;41;44;60m 4.651    [49m│
│ Marvin     ┆[38;5;9m 0.000    [39m┆[38;5;14m 62.791 [39m┆ 25.581   ┆ 4.651  ┆[38;5;9m 0.000   [39m┆[38;5;9m 0.000   [39m┆[38;5;9m 0.000  [39m┆ 6.977   ┆[38;5;9m 0.000   [39m┆[38;5;9m 0.000    [39m┆ 9.302    │
│[48;2;41;44;60m Maximilian [49m┆[48;2;41;44;60m 2.326    [49m┆[48;2;41;44;60m[38;5;9m 0.000  [49m[39m┆[48;2;41;44;60m 23.256   [49m┆[48;2;41;44;60m 16.279 [49m┆[48;2;41;44;60m[38;5;9m 0.000   [49m[39m┆[48;2;41;44;60m[38;5;9m 0.000   [49m[39m┆[48;2;41;44;60m[38;5;9m 0.000  [49m[39m┆[48;2;41;44;60m 13.953  [49m┆[48;2;41;44;60m 16.279  [49m┆[48;2;41;44;60m 27.907   [49m┆[48;2;41;44;60m 9.302    [49m│
│ Sascha     ┆ 16.279   ┆[38;5;9m 0.000  [39m┆ 18.605   ┆ 30.233 ┆[38;5;9m 0.000   [39m┆[38;5;9m 0.000   [39m┆[38;5;9m 0.000  [39m┆ 20.930  ┆[38;5;9m 0.000   [39m┆ 13.953   ┆ 9.302    │
╰────────────┴──────────┴────────┴──────────┴────────┴─────────┴─────────┴────────┴─────────┴─────────┴──────────┴──────────╯
43 left -> 5.4263 bits left

MN#8.0 E16
0x Germain -> Jill
0x Maximilian -> Mirjam
0x Marko -> Laura
3x Marvin -> Kathleen
3x Dario -> Victoria
2x Dominic -> Melissa
5x Marcel -> Leonie
1x Sascha -> Sabrina
0x Marc -> VanessaM
0x Aaron -> Vanessa
---
-> Pr[lights]: {1: 11.6%, 2: 51.2%, 3: 23.3%, 4: 11.6%, 5: 2.3%}
->  E[lights]: 2.419
1 lights => I = 3.1043 bits
╭────────────┬──────────┬─────────┬──────────┬─────────┬─────────┬─────────┬─────────┬─────────┬─────────┬──────────┬──────────╮
│            ┆ Christin ┆   Jill  ┆ Kathleen ┆  Laura  ┆  Leonie ┆ Melissa ┆  Mirjam ┆ Sabrina ┆ Vanessa ┆ Victoria ┆ VanessaM │
╞════════════╪══════════╪═════════╪══════════╪═════════╪═════════╪═════════╪═════════╪═════════╪═════════╪══════════╪══════════╡
│[48;2;41;44;60m Aaron      [49m┆[48;2;41;44;60m[38;5;9m 0.000    [49m[39m┆[48;2;41;44;60m[38;5;9m 0.000   [49m[39m┆[48;2;41;44;60m[38;5;9m 0.000    [49m[39m┆[48;2;41;44;60m[38;5;9m 0.000   [49m[39m┆[48;2;41;44;60m[38;5;9m 0.000   [49m[39m┆[48;2;41;44;60m[38;5;10m 100.000 [49m[39m┆[48;2;41;44;60m[38;5;9m 0.000   [49m[39m┆[48;2;41;44;60m[38;5;9m 0.000   [49m[39m┆[48;2;41;44;60m[38;5;9m 0.000   [49m[39m┆[48;2;41;44;60m[38;5;9m 0.000    [49m[39m┆[48;2;41;44;60m 20.000   [49m│
│ Dario      ┆[38;5;9m 0.000    [39m┆[38;5;9m 0.000   [39m┆[38;5;9m 0.000    [39m┆[38;5;9m 0.000   [39m┆[38;5;9m 0.000   [39m┆[38;5;9m 0.000   [39m┆[38;5;9m 0.000   [39m┆[38;5;10m 100.000 [39m┆[38;5;9m 0.000   [39m┆[38;5;9m 0.000    [39m┆[38;5;9m 0.000    [39m│
│[48;2;41;44;60m Dominic    [49m┆[48;2;41;44;60m[38;5;9m 0.000    [49m[39m┆[48;2;41;44;60m[38;5;9m 0.000   [49m[39m┆[48;2;41;44;60m[38;5;9m 0.000    [49m[39m┆[48;2;41;44;60m[38;5;9m 0.000   [49m[39m┆[48;2;41;44;60m[38;5;9m 0.000   [49m[39m┆[48;2;41;44;60m[38;5;9m 0.000   [49m[39m┆[48;2;41;44;60m[38;5;9m 0.000   [49m[39m┆[48;2;41;44;60m[38;5;9m 0.000   [49m[39m┆[48;2;41;44;60m[38;5;10m 100.000 [49m[39m┆[48;2;41;44;60m[38;5;9m 0.000    [49m[39m┆[48;2;41;44;60m 20.000   [49m│
│ Germain    ┆[38;5;10m 100.000  [39m┆[38;5;9m 0.000   [39m┆[38;5;9m 0.000    [39m┆[38;5;9m 0.000   [39m┆[38;5;9m 0.000   [39m┆[38;5;9m 0.000   [39m┆[38;5;9m 0.000   [39m┆[38;5;9m 0.000   [39m┆[38;5;9m 0.000   [39m┆[38;5;9m 0.000    [39m┆[38;5;9m 0.000    [39m│
│[48;2;41;44;60m Marc       [49m┆[48;2;41;44;60m[38;5;9m 0.000    [49m[39m┆[48;2;41;44;60m[38;5;9m 0.000   [49m[39m┆[48;2;41;44;60m[38;5;9m 0.000    [49m[39m┆[48;2;41;44;60m[38;5;9m 0.000   [49m[39m┆[48;2;41;44;60m[38;5;9m 0.000   [49m[39m┆[48;2;41;44;60m[38;5;9m 0.000   [49m[39m┆[48;2;41;44;60m[38;5;10m 100.000 [49m[39m┆[48;2;41;44;60m[38;5;9m 0.000   [49m[39m┆[48;2;41;44;60m[38;5;9m 0.000   [49m[39m┆[48;2;41;44;60m[38;5;9m 0.000    [49m[39m┆[48;2;41;44;60m[38;5;9m 0.000    [49m[39m│
│ Marcel     ┆[38;5;9m 0.000    [39m┆[38;5;9m 0.000   [39m┆[38;5;9m 0.000    [39m┆[38;5;9m 0.000   [39m┆[38;5;10m 100.000 [39m┆[38;5;9m 0.000   [39m┆[38;5;9m 0.000   [39m┆[38;5;9m 0.000   [39m┆[38;5;9m 0.000   [39m┆[38;5;9m 0.000    [39m┆[38;5;9m 0.000    [39m│
│[48;2;41;44;60m Marko      [49m┆[48;2;41;44;60m[38;5;9m 0.000    [49m[39m┆[48;2;41;44;60m[38;5;9m 0.000   [49m[39m┆[48;2;41;44;60m[38;5;10m 100.000  [49m[39m┆[48;2;41;44;60m[38;5;9m 0.000   [49m[39m┆[48;2;41;44;60m[38;5;9m 0.000   [49m[39m┆[48;2;41;44;60m[38;5;9m 0.000   [49m[39m┆[48;2;41;44;60m[38;5;9m 0.000   [49m[39m┆[48;2;41;44;60m[38;5;9m 0.000   [49m[39m┆[48;2;41;44;60m[38;5;9m 0.000   [49m[39m┆[48;2;41;44;60m[38;5;9m 0.000    [49m[39m┆[48;2;41;44;60m[38;5;9m 0.000    [49m[39m│
│ Marvin     ┆[38;5;9m 0.000    [39m┆[38;5;10m 100.000 [39m┆[38;5;9m 0.000    [39m┆[38;5;9m 0.000   [39m┆[38;5;9m 0.000   [39m┆[38;5;9m 0.000   [39m┆[38;5;9m 0.000   [39m┆[38;5;9m 0.000   [39m┆[38;5;9m 0.000   [39m┆[38;5;9m 0.000    [39m┆ 20.000   │
│[48;2;41;44;60m Maximilian [49m┆[48;2;41;44;60m[38;5;9m 0.000    [49m[39m┆[48;2;41;44;60m[38;5;9m 0.000   [49m[39m┆[48;2;41;44;60m[38;5;9m 0.000    [49m[39m┆[48;2;41;44;60m[38;5;9m 0.000   [49m[39m┆[48;2;41;44;60m[38;5;9m 0.000   [49m[39m┆[48;2;41;44;60m[38;5;9m 0.000   [49m[39m┆[48;2;41;44;60m[38;5;9m 0.000   [49m[39m┆[48;2;41;44;60m[38;5;9m 0.000   [49m[39m┆[48;2;41;44;60m[38;5;9m 0.000   [49m[39m┆[48;2;41;44;60m[38;5;10m 100.000  [49m[39m┆[48;2;41;44;60m 20.000   [49m│
│ Sascha     ┆[38;5;9m 0.000    [39m┆[38;5;9m 0.000   [39m┆[38;5;9m 0.000    [39m┆[38;5;10m 100.000 [39m┆[38;5;9m 0.000   [39m┆[38;5;9m 0.000   [39m┆[38;5;9m 0.000   [39m┆[38;5;9m 0.000   [39m┆[38;5;9m 0.000   [39m┆[38;5;9m 0.000    [39m┆ 20.000   │
╰────────────┴──────────┴─────────┴──────────┴─────────┴─────────┴─────────┴─────────┴─────────┴─────────┴──────────┴──────────╯
5 left -> 2.3219 bits left

MB#9.0 E18
Aaron -> Melissa
---
-> Pr[lights]: {1: 100.0%}
1 lights => I = 0.3219 bits
╭────────────┬──────────┬─────────┬──────────┬─────────┬─────────┬─────────┬─────────┬─────────┬─────────┬──────────┬──────────╮
│            ┆ Christin ┆   Jill  ┆ Kathleen ┆  Laura  ┆  Leonie ┆ Melissa ┆  Mirjam ┆ Sabrina ┆ Vanessa ┆ Victoria ┆ VanessaM │
╞════════════╪══════════╪═════════╪══════════╪═════════╪═════════╪═════════╪═════════╪═════════╪═════════╪══════════╪══════════╡
│[48;2;41;44;60m Aaron      [49m┆[48;2;41;44;60m[38;5;9m 0.000    [49m[39m┆[48;2;41;44;60m[38;5;9m 0.000   [49m[39m┆[48;2;41;44;60m[38;5;9m 0.000    [49m[39m┆[48;2;41;44;60m[38;5;9m 0.000   [49m[39m┆[48;2;41;44;60m[38;5;9m 0.000   [49m[39m┆[48;2;41;44;60m[38;5;10m 100.000 [49m[39m┆[48;2;41;44;60m[38;5;9m 0.000   [49m[39m┆[48;2;41;44;60m[38;5;9m 0.000   [49m[39m┆[48;2;41;44;60m[38;5;9m 0.000   [49m[39m┆[48;2;41;44;60m[38;5;9m 0.000    [49m[39m┆[48;2;41;44;60m[38;5;9m 0.000    [49m[39m│
│ Dario      ┆[38;5;9m 0.000    [39m┆[38;5;9m 0.000   [39m┆[38;5;9m 0.000    [39m┆[38;5;9m 0.000   [39m┆[38;5;9m 0.000   [39m┆[38;5;9m 0.000   [39m┆[38;5;9m 0.000   [39m┆[38;5;10m 100.000 [39m┆[38;5;9m 0.000   [39m┆[38;5;9m 0.000    [39m┆[38;5;9m 0.000    [39m│
│[48;2;41;44;60m Dominic    [49m┆[48;2;41;44;60m[38;5;9m 0.000    [49m[39m┆[48;2;41;44;60m[38;5;9m 0.000   [49m[39m┆[48;2;41;44;60m[38;5;9m 0.000    [49m[39m┆[48;2;41;44;60m[38;5;9m 0.000   [49m[39m┆[48;2;41;44;60m[38;5;9m 0.000   [49m[39m┆[48;2;41;44;60m[38;5;9m 0.000   [49m[39m┆[48;2;41;44;60m[38;5;9m 0.000   [49m[39m┆[48;2;41;44;60m[38;5;9m 0.000   [49m[39m┆[48;2;41;44;60m[38;5;10m 100.000 [49m[39m┆[48;2;41;44;60m[38;5;9m 0.000    [49m[39m┆[48;2;41;44;60m 25.000   [49m│
│ Germain    ┆[38;5;10m 100.000  [39m┆[38;5;9m 0.000   [39m┆[38;5;9m 0.000    [39m┆[38;5;9m 0.000   [39m┆[38;5;9m 0.000   [39m┆[38;5;9m 0.000   [39m┆[38;5;9m 0.000   [39m┆[38;5;9m 0.000   [39m┆[38;5;9m 0.000   [39m┆[38;5;9m 0.000    [39m┆[38;5;9m 0.000    [39m│
│[48;2;41;44;60m Marc       [49m┆[48;2;41;44;60m[38;5;9m 0.000    [49m[39m┆[48;2;41;44;60m[38;5;9m 0.000   [49m[39m┆[48;2;41;44;60m[38;5;9m 0.000    [49m[39m┆[48;2;41;44;60m[38;5;9m 0.000   [49m[39m┆[48;2;41;44;60m[38;5;9m 0.000   [49m[39m┆[48;2;41;44;60m[38;5;9m 0.000   [49m[39m┆[48;2;41;44;60m[38;5;10m 100.000 [49m[39m┆[48;2;41;44;60m[38;5;9m 0.000   [49m[39m┆[48;2;41;44;60m[38;5;9m 0.000   [49m[39m┆[48;2;41;44;60m[38;5;9m 0.000    [49m[39m┆[48;2;41;44;60m[38;5;9m 0.000    [49m[39m│
│ Marcel     ┆[38;5;9m 0.000    [39m┆[38;5;9m 0.000   [39m┆[38;5;9m 0.000    [39m┆[38;5;9m 0.000   [39m┆[38;5;10m 100.000 [39m┆[38;5;9m 0.000   [39m┆[38;5;9m 0.000   [39m┆[38;5;9m 0.000   [39m┆[38;5;9m 0.000   [39m┆[38;5;9m 0.000    [39m┆[38;5;9m 0.000    [39m│
│[48;2;41;44;60m Marko      [49m┆[48;2;41;44;60m[38;5;9m 0.000    [49m[39m┆[48;2;41;44;60m[38;5;9m 0.000   [49m[39m┆[48;2;41;44;60m[38;5;10m 100.000  [49m[39m┆[48;2;41;44;60m[38;5;9m 0.000   [49m[39m┆[48;2;41;44;60m[38;5;9m 0.000   [49m[39m┆[48;2;41;44;60m[38;5;9m 0.000   [49m[39m┆[48;2;41;44;60m[38;5;9m 0.000   [49m[39m┆[48;2;41;44;60m[38;5;9m 0.000   [49m[39m┆[48;2;41;44;60m[38;5;9m 0.000   [49m[39m┆[48;2;41;44;60m[38;5;9m 0.000    [49m[39m┆[48;2;41;44;60m[38;5;9m 0.000    [49m[39m│
│ Marvin     ┆[38;5;9m 0.000    [39m┆[38;5;10m 100.000 [39m┆[38;5;9m 0.000    [39m┆[38;5;9m 0.000   [39m┆[38;5;9m 0.000   [39m┆[38;5;9m 0.000   [39m┆[38;5;9m 0.000   [39m┆[38;5;9m 0.000   [39m┆[38;5;9m 0.000   [39m┆[38;5;9m 0.000    [39m┆ 25.000   │
│[48;2;41;44;60m Maximilian [49m┆[48;2;41;44;60m[38;5;9m 0.000    [49m[39m┆[48;2;41;44;60m[38;5;9m 0.000   [49m[39m┆[48;2;41;44;60m[38;5;9m 0.000    [49m[39m┆[48;2;41;44;60m[38;5;9m 0.000   [49m[39m┆[48;2;41;44;60m[38;5;9m 0.000   [49m[39m┆[48;2;41;44;60m[38;5;9m 0.000   [49m[39m┆[48;2;41;44;60m[38;5;9m 0.000   [49m[39m┆[48;2;41;44;60m[38;5;9m 0.000   [49m[39m┆[48;2;41;44;60m[38;5;9m 0.000   [49m[39m┆[48;2;41;44;60m[38;5;10m 100.000  [49m[39m┆[48;2;41;44;60m 25.000   [49m│
│ Sascha     ┆[38;5;9m 0.000    [39m┆[38;5;9m 0.000   [39m┆[38;5;9m 0.000    [39m┆[38;5;10m 100.000 [39m┆[38;5;9m 0.000   [39m┆[38;5;9m 0.000   [39m┆[38;5;9m 0.000   [39m┆[38;5;9m 0.000   [39m┆[38;5;9m 0.000   [39m┆[38;5;9m 0.000    [39m┆ 25.000   │
╰────────────┴──────────┴─────────┴──────────┴─────────┴─────────┴─────────┴─────────┴─────────┴─────────┴──────────┴──────────╯
4 left -> 2.0000 bits left

MN#9.0 E18
0x Germain -> Laura
4x Sascha -> Jill
0x Dominic -> Sabrina
5x Marc -> Mirjam
1x Marko -> Victoria
1x Dario -> Kathleen
6x Marcel -> Leonie
4x Maximilian -> Christin
1x Marvin -> Vanessa
4x Aaron -> Melissa
---
-> Pr[lights]: {3: 100.0%}
->  E[lights]: 3.000
3 lights => I = -0.0000 bits
╭────────────┬──────────┬─────────┬──────────┬─────────┬─────────┬─────────┬─────────┬─────────┬─────────┬──────────┬──────────╮
│            ┆ Christin ┆   Jill  ┆ Kathleen ┆  Laura  ┆  Leonie ┆ Melissa ┆  Mirjam ┆ Sabrina ┆ Vanessa ┆ Victoria ┆ VanessaM │
╞════════════╪══════════╪═════════╪══════════╪═════════╪═════════╪═════════╪═════════╪═════════╪═════════╪══════════╪══════════╡
│[48;2;41;44;60m Aaron      [49m┆[48;2;41;44;60m[38;5;9m 0.000    [49m[39m┆[48;2;41;44;60m[38;5;9m 0.000   [49m[39m┆[48;2;41;44;60m[38;5;9m 0.000    [49m[39m┆[48;2;41;44;60m[38;5;9m 0.000   [49m[39m┆[48;2;41;44;60m[38;5;9m 0.000   [49m[39m┆[48;2;41;44;60m[38;5;10m 100.000 [49m[39m┆[48;2;41;44;60m[38;5;9m 0.000   [49m[39m┆[48;2;41;44;60m[38;5;9m 0.000   [49m[39m┆[48;2;41;44;60m[38;5;9m 0.000   [49m[39m┆[48;2;41;44;60m[38;5;9m 0.000    [49m[39m┆[48;2;41;44;60m[38;5;9m 0.000    [49m[39m│
│ Dario      ┆[38;5;9m 0.000    [39m┆[38;5;9m 0.000   [39m┆[38;5;9m 0.000    [39m┆[38;5;9m 0.000   [39m┆[38;5;9m 0.000   [39m┆[38;5;9m 0.000   [39m┆[38;5;9m 0.000   [39m┆[38;5;10m 100.000 [39m┆[38;5;9m 0.000   [39m┆[38;5;9m 0.000    [39m┆[38;5;9m 0.000    [39m│
│[48;2;41;44;60m Dominic    [49m┆[48;2;41;44;60m[38;5;9m 0.000    [49m[39m┆[48;2;41;44;60m[38;5;9m 0.000   [49m[39m┆[48;2;41;44;60m[38;5;9m 0.000    [49m[39m┆[48;2;41;44;60m[38;5;9m 0.000   [49m[39m┆[48;2;41;44;60m[38;5;9m 0.000   [49m[39m┆[48;2;41;44;60m[38;5;9m 0.000   [49m[39m┆[48;2;41;44;60m[38;5;9m 0.000   [49m[39m┆[48;2;41;44;60m[38;5;9m 0.000   [49m[39m┆[48;2;41;44;60m[38;5;10m 100.000 [49m[39m┆[48;2;41;44;60m[38;5;9m 0.000    [49m[39m┆[48;2;41;44;60m 25.000   [49m│
│ Germain    ┆[38;5;10m 100.000  [39m┆[38;5;9m 0.000   [39m┆[38;5;9m 0.000    [39m┆[38;5;9m 0.000   [39m┆[38;5;9m 0.000   [39m┆[38;5;9m 0.000   [39m┆[38;5;9m 0.000   [39m┆[38;5;9m 0.000   [39m┆[38;5;9m 0.000   [39m┆[38;5;9m 0.000    [39m┆[38;5;9m 0.000    [39m│
│[48;2;41;44;60m Marc       [49m┆[48;2;41;44;60m[38;5;9m 0.000    [49m[39m┆[48;2;41;44;60m[38;5;9m 0.000   [49m[39m┆[48;2;41;44;60m[38;5;9m 0.000    [49m[39m┆[48;2;41;44;60m[38;5;9m 0.000   [49m[39m┆[48;2;41;44;60m[38;5;9m 0.000   [49m[39m┆[48;2;41;44;60m[38;5;9m 0.000   [49m[39m┆[48;2;41;44;60m[38;5;10m 100.000 [49m[39m┆[48;2;41;44;60m[38;5;9m 0.000   [49m[39m┆[48;2;41;44;60m[38;5;9m 0.000   [49m[39m┆[48;2;41;44;60m[38;5;9m 0.000    [49m[39m┆[48;2;41;44;60m[38;5;9m 0.000    [49m[39m│
│ Marcel     ┆[38;5;9m 0.000    [39m┆[38;5;9m 0.000   [39m┆[38;5;9m 0.000    [39m┆[38;5;9m 0.000   [39m┆[38;5;10m 100.000 [39m┆[38;5;9m 0.000   [39m┆[38;5;9m 0.000   [39m┆[38;5;9m 0.000   [39m┆[38;5;9m 0.000   [39m┆[38;5;9m 0.000    [39m┆[38;5;9m 0.000    [39m│
│[48;2;41;44;60m Marko      [49m┆[48;2;41;44;60m[38;5;9m 0.000    [49m[39m┆[48;2;41;44;60m[38;5;9m 0.000   [49m[39m┆[48;2;41;44;60m[38;5;10m 100.000  [49m[39m┆[48;2;41;44;60m[38;5;9m 0.000   [49m[39m┆[48;2;41;44;60m[38;5;9m 0.000   [49m[39m┆[48;2;41;44;60m[38;5;9m 0.000   [49m[39m┆[48;2;41;44;60m[38;5;9m 0.000   [49m[39m┆[48;2;41;44;60m[38;5;9m 0.000   [49m[39m┆[48;2;41;44;60m[38;5;9m 0.000   [49m[39m┆[48;2;41;44;60m[38;5;9m 0.000    [49m[39m┆[48;2;41;44;60m[38;5;9m 0.000    [49m[39m│
│ Marvin     ┆[38;5;9m 0.000    [39m┆[38;5;10m 100.000 [39m┆[38;5;9m 0.000    [39m┆[38;5;9m 0.000   [39m┆[38;5;9m 0.000   [39m┆[38;5;9m 0.000   [39m┆[38;5;9m 0.000   [39m┆[38;5;9m 0.000   [39m┆[38;5;9m 0.000   [39m┆[38;5;9m 0.000    [39m┆ 25.000   │
│[48;2;41;44;60m Maximilian [49m┆[48;2;41;44;60m[38;5;9m 0.000    [49m[39m┆[48;2;41;44;60m[38;5;9m 0.000   [49m[39m┆[48;2;41;44;60m[38;5;9m 0.000    [49m[39m┆[48;2;41;44;60m[38;5;9m 0.000   [49m[39m┆[48;2;41;44;60m[38;5;9m 0.000   [49m[39m┆[48;2;41;44;60m[38;5;9m 0.000   [49m[39m┆[48;2;41;44;60m[38;5;9m 0.000   [49m[39m┆[48;2;41;44;60m[38;5;9m 0.000   [49m[39m┆[48;2;41;44;60m[38;5;9m 0.000   [49m[39m┆[48;2;41;44;60m[38;5;10m 100.000  [49m[39m┆[48;2;41;44;60m 25.000   [49m│
│ Sascha     ┆[38;5;9m 0.000    [39m┆[38;5;9m 0.000   [39m┆[38;5;9m 0.000    [39m┆[38;5;10m 100.000 [39m┆[38;5;9m 0.000   [39m┆[38;5;9m 0.000   [39m┆[38;5;9m 0.000   [39m┆[38;5;9m 0.000   [39m┆[38;5;9m 0.000   [39m┆[38;5;9m 0.000    [39m┆ 25.000   │
╰────────────┴──────────┴─────────┴──────────┴─────────┴─────────┴─────────┴─────────┴─────────┴─────────┴──────────┴──────────╯
4 left -> 2.0000 bits left

MB#10.0 E20
Marc -> Mirjam
---
-> Pr[lights]: {1: 100.0%}
1 lights => I = -0.0000 bits
╭────────────┬──────────┬─────────┬──────────┬─────────┬─────────┬─────────┬─────────┬─────────┬─────────┬──────────┬──────────╮
│            ┆ Christin ┆   Jill  ┆ Kathleen ┆  Laura  ┆  Leonie ┆ Melissa ┆  Mirjam ┆ Sabrina ┆ Vanessa ┆ Victoria ┆ VanessaM │
╞════════════╪══════════╪═════════╪══════════╪═════════╪═════════╪═════════╪═════════╪═════════╪═════════╪══════════╪══════════╡
│[48;2;41;44;60m Aaron      [49m┆[48;2;41;44;60m[38;5;9m 0.000    [49m[39m┆[48;2;41;44;60m[38;5;9m 0.000   [49m[39m┆[48;2;41;44;60m[38;5;9m 0.000    [49m[39m┆[48;2;41;44;60m[38;5;9m 0.000   [49m[39m┆[48;2;41;44;60m[38;5;9m 0.000   [49m[39m┆[48;2;41;44;60m[38;5;10m 100.000 [49m[39m┆[48;2;41;44;60m[38;5;9m 0.000   [49m[39m┆[48;2;41;44;60m[38;5;9m 0.000   [49m[39m┆[48;2;41;44;60m[38;5;9m 0.000   [49m[39m┆[48;2;41;44;60m[38;5;9m 0.000    [49m[39m┆[48;2;41;44;60m[38;5;9m 0.000    [49m[39m│
│ Dario      ┆[38;5;9m 0.000    [39m┆[38;5;9m 0.000   [39m┆[38;5;9m 0.000    [39m┆[38;5;9m 0.000   [39m┆[38;5;9m 0.000   [39m┆[38;5;9m 0.000   [39m┆[38;5;9m 0.000   [39m┆[38;5;10m 100.000 [39m┆[38;5;9m 0.000   [39m┆[38;5;9m 0.000    [39m┆[38;5;9m 0.000    [39m│
│[48;2;41;44;60m Dominic    [49m┆[48;2;41;44;60m[38;5;9m 0.000    [49m[39m┆[48;2;41;44;60m[38;5;9m 0.000   [49m[39m┆[48;2;41;44;60m[38;5;9m 0.000    [49m[39m┆[48;2;41;44;60m[38;5;9m 0.000   [49m[39m┆[48;2;41;44;60m[38;5;9m 0.000   [49m[39m┆[48;2;41;44;60m[38;5;9m 0.000   [49m[39m┆[48;2;41;44;60m[38;5;9m 0.000   [49m[39m┆[48;2;41;44;60m[38;5;9m 0.000   [49m[39m┆[48;2;41;44;60m[38;5;10m 100.000 [49m[39m┆[48;2;41;44;60m[38;5;9m 0.000    [49m[39m┆[48;2;41;44;60m 25.000   [49m│
│ Germain    ┆[38;5;10m 100.000  [39m┆[38;5;9m 0.000   [39m┆[38;5;9m 0.000    [39m┆[38;5;9m 0.000   [39m┆[38;5;9m 0.000   [39m┆[38;5;9m 0.000   [39m┆[38;5;9m 0.000   [39m┆[38;5;9m 0.000   [39m┆[38;5;9m 0.000   [39m┆[38;5;9m 0.000    [39m┆[38;5;9m 0.000    [39m│
│[48;2;41;44;60m Marc       [49m┆[48;2;41;44;60m[38;5;9m 0.000    [49m[39m┆[48;2;41;44;60m[38;5;9m 0.000   [49m[39m┆[48;2;41;44;60m[38;5;9m 0.000    [49m[39m┆[48;2;41;44;60m[38;5;9m 0.000   [49m[39m┆[48;2;41;44;60m[38;5;9m 0.000   [49m[39m┆[48;2;41;44;60m[38;5;9m 0.000   [49m[39m┆[48;2;41;44;60m[38;5;10m 100.000 [49m[39m┆[48;2;41;44;60m[38;5;9m 0.000   [49m[39m┆[48;2;41;44;60m[38;5;9m 0.000   [49m[39m┆[48;2;41;44;60m[38;5;9m 0.000    [49m[39m┆[48;2;41;44;60m[38;5;9m 0.000    [49m[39m│
│ Marcel     ┆[38;5;9m 0.000    [39m┆[38;5;9m 0.000   [39m┆[38;5;9m 0.000    [39m┆[38;5;9m 0.000   [39m┆[38;5;10m 100.000 [39m┆[38;5;9m 0.000   [39m┆[38;5;9m 0.000   [39m┆[38;5;9m 0.000   [39m┆[38;5;9m 0.000   [39m┆[38;5;9m 0.000    [39m┆[38;5;9m 0.000    [39m│
│[48;2;41;44;60m Marko      [49m┆[48;2;41;44;60m[38;5;9m 0.000    [49m[39m┆[48;2;41;44;60m[38;5;9m 0.000   [49m[39m┆[48;2;41;44;60m[38;5;10m 100.000  [49m[39m┆[48;2;41;44;60m[38;5;9m 0.000   [49m[39m┆[48;2;41;44;60m[38;5;9m 0.000   [49m[39m┆[48;2;41;44;60m[38;5;9m 0.000   [49m[39m┆[48;2;41;44;60m[38;5;9m 0.000   [49m[39m┆[48;2;41;44;60m[38;5;9m 0.000   [49m[39m┆[48;2;41;44;60m[38;5;9m 0.000   [49m[39m┆[48;2;41;44;60m[38;5;9m 0.000    [49m[39m┆[48;2;41;44;60m[38;5;9m 0.000    [49m[39m│
│ Marvin     ┆[38;5;9m 0.000    [39m┆[38;5;10m 100.000 [39m┆[38;5;9m 0.000    [39m┆[38;5;9m 0.000   [39m┆[38;5;9m 0.000   [39m┆[38;5;9m 0.000   [39m┆[38;5;9m 0.000   [39m┆[38;5;9m 0.000   [39m┆[38;5;9m 0.000   [39m┆[38;5;9m 0.000    [39m┆ 25.000   │
│[48;2;41;44;60m Maximilian [49m┆[48;2;41;44;60m[38;5;9m 0.000    [49m[39m┆[48;2;41;44;60m[38;5;9m 0.000   [49m[39m┆[48;2;41;44;60m[38;5;9m 0.000    [49m[39m┆[48;2;41;44;60m[38;5;9m 0.000   [49m[39m┆[48;2;41;44;60m[38;5;9m 0.000   [49m[39m┆[48;2;41;44;60m[38;5;9m 0.000   [49m[39m┆[48;2;41;44;60m[38;5;9m 0.000   [49m[39m┆[48;2;41;44;60m[38;5;9m 0.000   [49m[39m┆[48;2;41;44;60m[38;5;9m 0.000   [49m[39m┆[48;2;41;44;60m[38;5;10m 100.000  [49m[39m┆[48;2;41;44;60m 25.000   [49m│
│ Sascha     ┆[38;5;9m 0.000    [39m┆[38;5;9m 0.000   [39m┆[38;5;9m 0.000    [39m┆[38;5;10m 100.000 [39m┆[38;5;9m 0.000   [39m┆[38;5;9m 0.000   [39m┆[38;5;9m 0.000   [39m┆[38;5;9m 0.000   [39m┆[38;5;9m 0.000   [39m┆[38;5;9m 0.000    [39m┆ 25.000   │
╰────────────┴──────────┴─────────┴──────────┴─────────┴─────────┴─────────┴─────────┴─────────┴─────────┴──────────┴──────────╯
4 left -> 2.0000 bits left

MN#10.0 E20
0x Maximilian -> Victoria
0x Sascha -> Laura
7x Marcel -> Leonie
6x Marc -> Mirjam
3x Dominic -> Vanessa
0x Marko -> Kathleen
5x Aaron -> Melissa
1x Dario -> Sabrina
2x Germain -> Christin
1x Marvin -> Jill
---
-> Pr[lights]: {10: 100.0%}
->  E[lights]: 10.000
10 lights => I = -0.0000 bits
╭────────────┬──────────┬─────────┬──────────┬─────────┬─────────┬─────────┬─────────┬─────────┬─────────┬──────────┬──────────╮
│            ┆ Christin ┆   Jill  ┆ Kathleen ┆  Laura  ┆  Leonie ┆ Melissa ┆  Mirjam ┆ Sabrina ┆ Vanessa ┆ Victoria ┆ VanessaM │
╞════════════╪══════════╪═════════╪══════════╪═════════╪═════════╪═════════╪═════════╪═════════╪═════════╪══════════╪══════════╡
│[48;2;41;44;60m Aaron      [49m┆[48;2;41;44;60m[38;5;9m 0.000    [49m[39m┆[48;2;41;44;60m[38;5;9m 0.000   [49m[39m┆[48;2;41;44;60m[38;5;9m 0.000    [49m[39m┆[48;2;41;44;60m[38;5;9m 0.000   [49m[39m┆[48;2;41;44;60m[38;5;9m 0.000   [49m[39m┆[48;2;41;44;60m[38;5;10m 100.000 [49m[39m┆[48;2;41;44;60m[38;5;9m 0.000   [49m[39m┆[48;2;41;44;60m[38;5;9m 0.000   [49m[39m┆[48;2;41;44;60m[38;5;9m 0.000   [49m[39m┆[48;2;41;44;60m[38;5;9m 0.000    [49m[39m┆[48;2;41;44;60m[38;5;9m 0.000    [49m[39m│
│ Dario      ┆[38;5;9m 0.000    [39m┆[38;5;9m 0.000   [39m┆[38;5;9m 0.000    [39m┆[38;5;9m 0.000   [39m┆[38;5;9m 0.000   [39m┆[38;5;9m 0.000   [39m┆[38;5;9m 0.000   [39m┆[38;5;10m 100.000 [39m┆[38;5;9m 0.000   [39m┆[38;5;9m 0.000    [39m┆[38;5;9m 0.000    [39m│
│[48;2;41;44;60m Dominic    [49m┆[48;2;41;44;60m[38;5;9m 0.000    [49m[39m┆[48;2;41;44;60m[38;5;9m 0.000   [49m[39m┆[48;2;41;44;60m[38;5;9m 0.000    [49m[39m┆[48;2;41;44;60m[38;5;9m 0.000   [49m[39m┆[48;2;41;44;60m[38;5;9m 0.000   [49m[39m┆[48;2;41;44;60m[38;5;9m 0.000   [49m[39m┆[48;2;41;44;60m[38;5;9m 0.000   [49m[39m┆[48;2;41;44;60m[38;5;9m 0.000   [49m[39m┆[48;2;41;44;60m[38;5;10m 100.000 [49m[39m┆[48;2;41;44;60m[38;5;9m 0.000    [49m[39m┆[48;2;41;44;60m 25.000   [49m│
│ Germain    ┆[38;5;10m 100.000  [39m┆[38;5;9m 0.000   [39m┆[38;5;9m 0.000    [39m┆[38;5;9m 0.000   [39m┆[38;5;9m 0.000   [39m┆[38;5;9m 0.000   [39m┆[38;5;9m 0.000   [39m┆[38;5;9m 0.000   [39m┆[38;5;9m 0.000   [39m┆[38;5;9m 0.000    [39m┆[38;5;9m 0.000    [39m│
│[48;2;41;44;60m Marc       [49m┆[48;2;41;44;60m[38;5;9m 0.000    [49m[39m┆[48;2;41;44;60m[38;5;9m 0.000   [49m[39m┆[48;2;41;44;60m[38;5;9m 0.000    [49m[39m┆[48;2;41;44;60m[38;5;9m 0.000   [49m[39m┆[48;2;41;44;60m[38;5;9m 0.000   [49m[39m┆[48;2;41;44;60m[38;5;9m 0.000   [49m[39m┆[48;2;41;44;60m[38;5;10m 100.000 [49m[39m┆[48;2;41;44;60m[38;5;9m 0.000   [49m[39m┆[48;2;41;44;60m[38;5;9m 0.000   [49m[39m┆[48;2;41;44;60m[38;5;9m 0.000    [49m[39m┆[48;2;41;44;60m[38;5;9m 0.000    [49m[39m│
│ Marcel     ┆[38;5;9m 0.000    [39m┆[38;5;9m 0.000   [39m┆[38;5;9m 0.000    [39m┆[38;5;9m 0.000   [39m┆[38;5;10m 100.000 [39m┆[38;5;9m 0.000   [39m┆[38;5;9m 0.000   [39m┆[38;5;9m 0.000   [39m┆[38;5;9m 0.000   [39m┆[38;5;9m 0.000    [39m┆[38;5;9m 0.000    [39m│
│[48;2;41;44;60m Marko      [49m┆[48;2;41;44;60m[38;5;9m 0.000    [49m[39m┆[48;2;41;44;60m[38;5;9m 0.000   [49m[39m┆[48;2;41;44;60m[38;5;10m 100.000  [49m[39m┆[48;2;41;44;60m[38;5;9m 0.000   [49m[39m┆[48;2;41;44;60m[38;5;9m 0.000   [49m[39m┆[48;2;41;44;60m[38;5;9m 0.000   [49m[39m┆[48;2;41;44;60m[38;5;9m 0.000   [49m[39m┆[48;2;41;44;60m[38;5;9m 0.000   [49m[39m┆[48;2;41;44;60m[38;5;9m 0.000   [49m[39m┆[48;2;41;44;60m[38;5;9m 0.000    [49m[39m┆[48;2;41;44;60m[38;5;9m 0.000    [49m[39m│
│ Marvin     ┆[38;5;9m 0.000    [39m┆[38;5;10m 100.000 [39m┆[38;5;9m 0.000    [39m┆[38;5;9m 0.000   [39m┆[38;5;9m 0.000   [39m┆[38;5;9m 0.000   [39m┆[38;5;9m 0.000   [39m┆[38;5;9m 0.000   [39m┆[38;5;9m 0.000   [39m┆[38;5;9m 0.000    [39m┆ 25.000   │
│[48;2;41;44;60m Maximilian [49m┆[48;2;41;44;60m[38;5;9m 0.000    [49m[39m┆[48;2;41;44;60m[38;5;9m 0.000   [49m[39m┆[48;2;41;44;60m[38;5;9m 0.000    [49m[39m┆[48;2;41;44;60m[38;5;9m 0.000   [49m[39m┆[48;2;41;44;60m[38;5;9m 0.000   [49m[39m┆[48;2;41;44;60m[38;5;9m 0.000   [49m[39m┆[48;2;41;44;60m[38;5;9m 0.000   [49m[39m┆[48;2;41;44;60m[38;5;9m 0.000   [49m[39m┆[48;2;41;44;60m[38;5;9m 0.000   [49m[39m┆[48;2;41;44;60m[38;5;10m 100.000  [49m[39m┆[48;2;41;44;60m 25.000   [49m│
│ Sascha     ┆[38;5;9m 0.000    [39m┆[38;5;9m 0.000   [39m┆[38;5;9m 0.000    [39m┆[38;5;10m 100.000 [39m┆[38;5;9m 0.000   [39m┆[38;5;9m 0.000   [39m┆[38;5;9m 0.000   [39m┆[38;5;9m 0.000   [39m┆[38;5;9m 0.000   [39m┆[38;5;9m 0.000    [39m┆ 25.000   │
╰────────────┴──────────┴─────────┴──────────┴─────────┴─────────┴─────────┴─────────┴─────────┴─────────┴──────────┴──────────╯
4 left -> 2.0000 bits left

╭─────────┬────┬───────────┬───────────┬──────────┬───────────┬───────────┬─────────┬───────────┬───────────┬────────────┬──────────┬───┬─────────┬──────┬──────────╮
│         ┆  L ┆   Aaron   ┆   Dario   ┆  Dominic ┆  Germain  ┆    Marc   ┆  Marcel ┆   Marko   ┆   Marvin  ┆ Maximilian ┆  Sascha  ┆   ┆    I    ┆ #new ┆ min dist │
╞═════════╪════╪═══════════╪═══════════╪══════════╪═══════════╪═══════════╪═════════╪═══════════╪═══════════╪════════════╪══════════╪═══╪═════════╪══════╪══════════╡
│ MB#1.0  ┆ 0  ┆           ┆           ┆          ┆           ┆           ┆         ┆           ┆           ┆ Jill       ┆          ┆   ┆ 0.1520  ┆      ┆          │
│ MN#1.0  ┆ 2  ┆ Kathleen* ┆ Victoria* ┆ Melissa* ┆ Leonie*   ┆ Mirjam*   ┆ Laura*  ┆ Sabrina*  ┆ Jill*     ┆ Christin*  ┆ Vanessa* ┆   ┆ 2.4250  ┆ 10   ┆          │
│ MB#2.0  ┆ -  ┆           ┆           ┆          ┆ Victoria  ┆           ┆         ┆           ┆           ┆            ┆          ┆   ┆ -0.0000 ┆      ┆          │
│ MN#2.0  ┆ 2  ┆ Kathleen  ┆ Laura*    ┆ Melissa  ┆ Victoria* ┆ Mirjam    ┆ Leonie* ┆ Sabrina   ┆ Vanessa*  ┆ Christin   ┆ Jill*    ┆   ┆ 1.8314  ┆ 5    ┆ 5/MN#1   │
│ MB#3.0  ┆ 0  ┆ Kathleen  ┆           ┆          ┆           ┆           ┆         ┆           ┆           ┆            ┆          ┆   ┆ 0.4480  ┆      ┆          │
│ MN#3.0  ┆ 3  ┆ Melissa*  ┆ Victoria  ┆ Vanessa* ┆ Christin* ┆ Leonie*   ┆ Laura   ┆ Mirjam*   ┆ Kathleen* ┆ Jill       ┆ Sabrina* ┆   ┆ 4.5343  ┆ 7    ┆ 8/MN#1   │
│ MB#4.0  ┆ 0  ┆           ┆           ┆          ┆           ┆           ┆ Laura   ┆           ┆           ┆            ┆          ┆   ┆ 0.7488  ┆      ┆          │
│ MN#4.0  ┆ 3  ┆ Melissa   ┆ Kathleen* ┆ Laura*   ┆ Victoria  ┆ Mirjam    ┆ Leonie  ┆ Sabrina   ┆ Christin* ┆ Jill       ┆ Vanessa  ┆   ┆ 3.0779  ┆ 3    ┆ 6/MN#2   │
│ MB#5.0  ┆ 1  ┆           ┆           ┆          ┆           ┆           ┆ Leonie  ┆           ┆           ┆            ┆          ┆   ┆ 1.3681  ┆      ┆          │
│ MN#5.0  ┆ 3  ┆ Mirjam*   ┆ Victoria  ┆ Vanessa  ┆ Christin  ┆ Melissa*  ┆ Leonie  ┆ VanessaM* ┆ Kathleen  ┆ Laura*     ┆ Jill     ┆   ┆ 0.9482  ┆ 4    ┆ 6/MN#3   │
│ MB#6.0  ┆ -  ┆           ┆           ┆          ┆           ┆ Mirjam    ┆         ┆           ┆           ┆            ┆          ┆   ┆ -0.0000 ┆      ┆          │
│ MN#6.0  ┆ 4  ┆ Melissa   ┆ VanessaM* ┆ Vanessa  ┆ Victoria  ┆ Mirjam    ┆ Leonie  ┆ Sabrina   ┆ Laura*    ┆ Christin   ┆ Jill     ┆   ┆ 1.8045  ┆ 2    ┆ 4/MN#2   │
│ MB#7.0  ┆ 0  ┆           ┆ Laura     ┆          ┆           ┆           ┆         ┆           ┆           ┆            ┆          ┆   ┆ -0.0000 ┆      ┆          │
│ MN#7.0  ┆ 4  ┆ Melissa   ┆ Sabrina*  ┆ Laura    ┆ VanessaM* ┆ Mirjam    ┆ Leonie  ┆ Victoria* ┆ Kathleen  ┆ Christin   ┆ Jill     ┆   ┆ 2.3485  ┆ 3    ┆ 5/MN#6   │
│ MB#8.0  ┆ 0  ┆           ┆           ┆          ┆           ┆           ┆         ┆ Sabrina   ┆           ┆            ┆          ┆   ┆ -0.0000 ┆      ┆          │
│ MN#8.0  ┆ 1  ┆ Vanessa*  ┆ Victoria  ┆ Melissa  ┆ Jill*     ┆ VanessaM* ┆ Leonie  ┆ Laura*    ┆ Kathleen  ┆ Mirjam*    ┆ Sabrina  ┆   ┆ 3.1043  ┆ 5    ┆ 7/MN#3   │
│ MB#9.0  ┆ 1  ┆ Melissa   ┆           ┆          ┆           ┆           ┆         ┆           ┆           ┆            ┆          ┆   ┆ 0.3219  ┆      ┆          │
│ MN#9.0  ┆ 3  ┆ Melissa   ┆ Kathleen  ┆ Sabrina* ┆ Laura*    ┆ Mirjam    ┆ Leonie  ┆ Victoria  ┆ Vanessa   ┆ Christin   ┆ Jill     ┆   ┆ -0.0000 ┆ 2    ┆ 4/MN#7   │
│ MB#10.0 ┆ 1  ┆           ┆           ┆          ┆           ┆ Mirjam    ┆         ┆           ┆           ┆            ┆          ┆   ┆ -0.0000 ┆      ┆          │
│ MN#10.0 ┆ 10 ┆ Melissa   ┆ Sabrina   ┆ Vanessa  ┆ Christin  ┆ Mirjam    ┆ Leonie  ┆ Kathleen* ┆ Jill      ┆ Victoria*  ┆ Laura*   ┆   ┆ -0.0000 ┆ 3    ┆ 6/MN#6   │
╰─────────┴────┴───────────┴───────────┴──────────┴───────────┴───────────┴─────────┴───────────┴───────────┴────────────┴──────────┴───┴─────────┴──────┴──────────╯
Total permutations: 36288000  Permutations left: 4  Initial combinations for each pair: 3628800

Ran in 10.21s
