╭─────────┬────────┬────────┬──────────┬────────┬────────┬────────┬────────┬────────┬─────────┬────────┬────────╮
│         ┆ Danilo ┆  Elia  ┆ Emanuell ┆  Fabio ┆ Marvin ┆  Mike  ┆  Paco  ┆  Peter ┆ Steffen ┆  Teezy ┆   Max  │
╞═════════╪════════╪════════╪══════════╪════════╪════════╪════════╪════════╪════════╪═════════╪════════╪════════╡
│[48;5;0m Alicia  [49m┆[48;5;0m 10.000 [49m┆[48;5;0m 10.000 [49m┆[48;5;0m 10.000   [49m┆[48;5;0m 10.000 [49m┆[48;5;0m 10.000 [49m┆[48;5;0m 10.000 [49m┆[48;5;0m 10.000 [49m┆[48;5;0m 10.000 [49m┆[48;5;0m 10.000  [49m┆[48;5;0m 10.000 [49m┆[48;5;0m 10.000 [49m│
│ Darya   ┆ 10.000 ┆ 10.000 ┆ 10.000   ┆ 10.000 ┆ 10.000 ┆ 10.000 ┆ 10.000 ┆ 10.000 ┆ 10.000  ┆ 10.000 ┆ 10.000 │
│[48;5;0m Jenny   [49m┆[48;5;0m 10.000 [49m┆[48;5;0m 10.000 [49m┆[48;5;0m 10.000   [49m┆[48;5;0m 10.000 [49m┆[48;5;0m 10.000 [49m┆[48;5;0m 10.000 [49m┆[48;5;0m 10.000 [49m┆[48;5;0m 10.000 [49m┆[48;5;0m 10.000  [49m┆[48;5;0m 10.000 [49m┆[48;5;0m 10.000 [49m│
│ Kim     ┆ 10.000 ┆ 10.000 ┆ 10.000   ┆ 10.000 ┆ 10.000 ┆ 10.000 ┆ 10.000 ┆ 10.000 ┆ 10.000  ┆ 10.000 ┆ 10.000 │
│[48;5;0m Marie   [49m┆[48;5;0m 10.000 [49m┆[48;5;0m 10.000 [49m┆[48;5;0m 10.000   [49m┆[48;5;0m 10.000 [49m┆[48;5;0m 10.000 [49m┆[48;5;0m 10.000 [49m┆[48;5;0m 10.000 [49m┆[48;5;0m 10.000 [49m┆[48;5;0m 10.000  [49m┆[48;5;0m 10.000 [49m┆[48;5;0m 10.000 [49m│
│ Paulina ┆ 10.000 ┆ 10.000 ┆ 10.000   ┆ 10.000 ┆ 10.000 ┆ 10.000 ┆ 10.000 ┆ 10.000 ┆ 10.000  ┆ 10.000 ┆ 10.000 │
│[48;5;0m Sabrina [49m┆[48;5;0m 10.000 [49m┆[48;5;0m 10.000 [49m┆[48;5;0m 10.000   [49m┆[48;5;0m 10.000 [49m┆[48;5;0m 10.000 [49m┆[48;5;0m 10.000 [49m┆[48;5;0m 10.000 [49m┆[48;5;0m 10.000 [49m┆[48;5;0m 10.000  [49m┆[48;5;0m 10.000 [49m┆[48;5;0m 10.000 [49m│
│ Sandra  ┆ 10.000 ┆ 10.000 ┆ 10.000   ┆ 10.000 ┆ 10.000 ┆ 10.000 ┆ 10.000 ┆ 10.000 ┆ 10.000  ┆ 10.000 ┆ 10.000 │
│[48;5;0m Shakira [49m┆[48;5;0m 10.000 [49m┆[48;5;0m 10.000 [49m┆[48;5;0m 10.000   [49m┆[48;5;0m 10.000 [49m┆[48;5;0m 10.000 [49m┆[48;5;0m 10.000 [49m┆[48;5;0m 10.000 [49m┆[48;5;0m 10.000 [49m┆[48;5;0m 10.000  [49m┆[48;5;0m 10.000 [49m┆[48;5;0m 10.000 [49m│
│ Steffi  ┆ 10.000 ┆ 10.000 ┆ 10.000   ┆ 10.000 ┆ 10.000 ┆ 10.000 ┆ 10.000 ┆ 10.000 ┆ 10.000  ┆ 10.000 ┆ 10.000 │
╰─────────┴────────┴────────┴──────────┴────────┴────────┴────────┴────────┴────────┴─────────┴────────┴────────╯
36288000 left -> 25.1130 bits left

MB#1.0 E03
Jenny -> Danilo
---
-> Pr[lights]: {0: 90.0%, 1: 10.0%}
0 lights => I = 0.1520 bits
╭─────────┬─────────┬─────────┬──────────┬─────────┬─────────┬─────────┬─────────┬─────────┬─────────┬─────────┬─────────╮
│         ┆  Danilo ┆   Elia  ┆ Emanuell ┆  Fabio  ┆  Marvin ┆   Mike  ┆   Paco  ┆  Peter  ┆ Steffen ┆  Teezy  ┆   Max   │
╞═════════╪═════════╪═════════╪══════════╪═════════╪═════════╪═════════╪═════════╪═════════╪═════════╪═════════╪═════════╡
│[48;5;0m Alicia  [49m┆[48;5;0m[38;5;9m 0.000   [49m[39m┆[48;5;0m[38;5;10m 100.000 [49m[39m┆[48;5;0m[38;5;9m 0.000    [49m[39m┆[48;5;0m[38;5;9m 0.000   [49m[39m┆[48;5;0m[38;5;9m 0.000   [49m[39m┆[48;5;0m[38;5;9m 0.000   [49m[39m┆[48;5;0m[38;5;9m 0.000   [49m[39m┆[48;5;0m[38;5;9m 0.000   [49m[39m┆[48;5;0m[38;5;9m 0.000   [49m[39m┆[48;5;0m[38;5;9m 0.000   [49m[39m┆[48;5;0m[38;5;9m 0.000   [49m[39m│
│ Darya   ┆[38;5;10m 100.000 [39m┆[38;5;9m 0.000   [39m┆[38;5;9m 0.000    [39m┆[38;5;9m 0.000   [39m┆[38;5;9m 0.000   [39m┆[38;5;9m 0.000   [39m┆[38;5;9m 0.000   [39m┆[38;5;9m 0.000   [39m┆[38;5;9m 0.000   [39m┆[38;5;9m 0.000   [39m┆[38;5;9m 0.000   [39m│
│[48;5;0m Jenny   [49m┆[48;5;0m[38;5;9m 0.000   [49m[39m┆[48;5;0m[38;5;9m 0.000   [49m[39m┆[48;5;0m[38;5;9m 0.000    [49m[39m┆[48;5;0m[38;5;9m 0.000   [49m[39m┆[48;5;0m[38;5;9m 0.000   [49m[39m┆[48;5;0m[38;5;9m 0.000   [49m[39m┆[48;5;0m[38;5;10m 100.000 [49m[39m┆[48;5;0m[38;5;9m 0.000   [49m[39m┆[48;5;0m[38;5;9m 0.000   [49m[39m┆[48;5;0m[38;5;9m 0.000   [49m[39m┆[48;5;0m[38;5;9m 0.000   [49m[39m│
│ Kim     ┆[38;5;9m 0.000   [39m┆[38;5;9m 0.000   [39m┆[38;5;9m 0.000    [39m┆[38;5;9m 0.000   [39m┆[38;5;9m 0.000   [39m┆[38;5;9m 0.000   [39m┆[38;5;9m 0.000   [39m┆[38;5;9m 0.000   [39m┆[38;5;9m 0.000   [39m┆[38;5;10m 100.000 [39m┆[38;5;9m 0.000   [39m│
│[48;5;0m Marie   [49m┆[48;5;0m[38;5;9m 0.000   [49m[39m┆[48;5;0m[38;5;9m 0.000   [49m[39m┆[48;5;0m[38;5;9m 0.000    [49m[39m┆[48;5;0m[38;5;10m 100.000 [49m[39m┆[48;5;0m[38;5;9m 0.000   [49m[39m┆[48;5;0m[38;5;9m 0.000   [49m[39m┆[48;5;0m[38;5;9m 0.000   [49m[39m┆[48;5;0m[38;5;9m 0.000   [49m[39m┆[48;5;0m[38;5;9m 0.000   [49m[39m┆[48;5;0m[38;5;9m 0.000   [49m[39m┆[48;5;0m[38;5;9m 0.000   [49m[39m│
│ Paulina ┆[38;5;9m 0.000   [39m┆[38;5;9m 0.000   [39m┆[38;5;9m 0.000    [39m┆[38;5;9m 0.000   [39m┆[38;5;9m 0.000   [39m┆[38;5;9m 0.000   [39m┆[38;5;9m 0.000   [39m┆[38;5;10m 100.000 [39m┆[38;5;9m 0.000   [39m┆[38;5;9m 0.000   [39m┆[38;5;10m 100.000 [39m│
│[48;5;0m Sabrina [49m┆[48;5;0m[38;5;9m 0.000   [49m[39m┆[48;5;0m[38;5;9m 0.000   [49m[39m┆[48;5;0m[38;5;9m 0.000    [49m[39m┆[48;5;0m[38;5;9m 0.000   [49m[39m┆[48;5;0m[38;5;9m 0.000   [49m[39m┆[48;5;0m[38;5;10m 100.000 [49m[39m┆[48;5;0m[38;5;9m 0.000   [49m[39m┆[48;5;0m[38;5;9m 0.000   [49m[39m┆[48;5;0m[38;5;9m 0.000   [49m[39m┆[48;5;0m[38;5;9m 0.000   [49m[39m┆[48;5;0m[38;5;9m 0.000   [49m[39m│
│ Sandra  ┆[38;5;9m 0.000   [39m┆[38;5;9m 0.000   [39m┆[38;5;9m 0.000    [39m┆[38;5;9m 0.000   [39m┆[38;5;9m 0.000   [39m┆[38;5;9m 0.000   [39m┆[38;5;9m 0.000   [39m┆[38;5;9m 0.000   [39m┆[38;5;10m 100.000 [39m┆[38;5;9m 0.000   [39m┆[38;5;9m 0.000   [39m│
│[48;5;0m Shakira [49m┆[48;5;0m[38;5;9m 0.000   [49m[39m┆[48;5;0m[38;5;9m 0.000   [49m[39m┆[48;5;0m[38;5;9m 0.000    [49m[39m┆[48;5;0m[38;5;9m 0.000   [49m[39m┆[48;5;0m[38;5;10m 100.000 [49m[39m┆[48;5;0m[38;5;9m 0.000   [49m[39m┆[48;5;0m[38;5;9m 0.000   [49m[39m┆[48;5;0m[38;5;9m 0.000   [49m[39m┆[48;5;0m[38;5;9m 0.000   [49m[39m┆[48;5;0m[38;5;9m 0.000   [49m[39m┆[48;5;0m[38;5;9m 0.000   [49m[39m│
│ Steffi  ┆[38;5;9m 0.000   [39m┆[38;5;9m 0.000   [39m┆[38;5;10m 100.000  [39m┆[38;5;9m 0.000   [39m┆[38;5;9m 0.000   [39m┆[38;5;9m 0.000   [39m┆[38;5;9m 0.000   [39m┆[38;5;9m 0.000   [39m┆[38;5;9m 0.000   [39m┆[38;5;9m 0.000   [39m┆[38;5;9m 0.000   [39m│
╰─────────┴─────────┴─────────┴──────────┴─────────┴─────────┴─────────┴─────────┴─────────┴─────────┴─────────┴─────────╯
1 left -> 0.0000 bits left

MN#1.0 E04
0x Darya -> Danilo
0x Kim -> Mike
0x Shakira -> Marvin
0x Marie -> Fabio
0x Paulina -> Steffen
0x Sandra -> Paco
0x Jenny -> Elia
0x Steffi -> Teezy
0x Sabrina -> Emanuell
0x Alicia -> Peter
---
-> Pr[lights]: {0: 36.3%, 1: 36.8%, 2: 18.6%, 3: 6.3%, 4: 1.6%, 5: 0.3%, 6: 0.1%, 7: 0.0%, 8: 0.0%, 10: 0.0%}
->  E[lights]: 1.012
3 lights => I = 3.9926 bits
╭─────────┬─────────┬─────────┬──────────┬─────────┬─────────┬─────────┬─────────┬─────────┬─────────┬─────────┬─────────╮
│         ┆  Danilo ┆   Elia  ┆ Emanuell ┆  Fabio  ┆  Marvin ┆   Mike  ┆   Paco  ┆  Peter  ┆ Steffen ┆  Teezy  ┆   Max   │
╞═════════╪═════════╪═════════╪══════════╪═════════╪═════════╪═════════╪═════════╪═════════╪═════════╪═════════╪═════════╡
│[48;5;0m Alicia  [49m┆[48;5;0m[38;5;9m 0.000   [49m[39m┆[48;5;0m[38;5;10m 100.000 [49m[39m┆[48;5;0m[38;5;9m 0.000    [49m[39m┆[48;5;0m[38;5;9m 0.000   [49m[39m┆[48;5;0m[38;5;9m 0.000   [49m[39m┆[48;5;0m[38;5;9m 0.000   [49m[39m┆[48;5;0m[38;5;9m 0.000   [49m[39m┆[48;5;0m[38;5;9m 0.000   [49m[39m┆[48;5;0m[38;5;9m 0.000   [49m[39m┆[48;5;0m[38;5;9m 0.000   [49m[39m┆[48;5;0m[38;5;9m 0.000   [49m[39m│
│ Darya   ┆[38;5;10m 100.000 [39m┆[38;5;9m 0.000   [39m┆[38;5;9m 0.000    [39m┆[38;5;9m 0.000   [39m┆[38;5;9m 0.000   [39m┆[38;5;9m 0.000   [39m┆[38;5;9m 0.000   [39m┆[38;5;9m 0.000   [39m┆[38;5;9m 0.000   [39m┆[38;5;9m 0.000   [39m┆[38;5;9m 0.000   [39m│
│[48;5;0m Jenny   [49m┆[48;5;0m[38;5;9m 0.000   [49m[39m┆[48;5;0m[38;5;9m 0.000   [49m[39m┆[48;5;0m[38;5;9m 0.000    [49m[39m┆[48;5;0m[38;5;9m 0.000   [49m[39m┆[48;5;0m[38;5;9m 0.000   [49m[39m┆[48;5;0m[38;5;9m 0.000   [49m[39m┆[48;5;0m[38;5;10m 100.000 [49m[39m┆[48;5;0m[38;5;9m 0.000   [49m[39m┆[48;5;0m[38;5;9m 0.000   [49m[39m┆[48;5;0m[38;5;9m 0.000   [49m[39m┆[48;5;0m[38;5;9m 0.000   [49m[39m│
│ Kim     ┆[38;5;9m 0.000   [39m┆[38;5;9m 0.000   [39m┆[38;5;9m 0.000    [39m┆[38;5;9m 0.000   [39m┆[38;5;9m 0.000   [39m┆[38;5;9m 0.000   [39m┆[38;5;9m 0.000   [39m┆[38;5;9m 0.000   [39m┆[38;5;9m 0.000   [39m┆[38;5;10m 100.000 [39m┆[38;5;9m 0.000   [39m│
│[48;5;0m Marie   [49m┆[48;5;0m[38;5;9m 0.000   [49m[39m┆[48;5;0m[38;5;9m 0.000   [49m[39m┆[48;5;0m[38;5;9m 0.000    [49m[39m┆[48;5;0m[38;5;10m 100.000 [49m[39m┆[48;5;0m[38;5;9m 0.000   [49m[39m┆[48;5;0m[38;5;9m 0.000   [49m[39m┆[48;5;0m[38;5;9m 0.000   [49m[39m┆[48;5;0m[38;5;9m 0.000   [49m[39m┆[48;5;0m[38;5;9m 0.000   [49m[39m┆[48;5;0m[38;5;9m 0.000   [49m[39m┆[48;5;0m[38;5;9m 0.000   [49m[39m│
│ Paulina ┆[38;5;9m 0.000   [39m┆[38;5;9m 0.000   [39m┆[38;5;9m 0.000    [39m┆[38;5;9m 0.000   [39m┆[38;5;9m 0.000   [39m┆[38;5;9m 0.000   [39m┆[38;5;9m 0.000   [39m┆[38;5;10m 100.000 [39m┆[38;5;9m 0.000   [39m┆[38;5;9m 0.000   [39m┆[38;5;10m 100.000 [39m│
│[48;5;0m Sabrina [49m┆[48;5;0m[38;5;9m 0.000   [49m[39m┆[48;5;0m[38;5;9m 0.000   [49m[39m┆[48;5;0m[38;5;9m 0.000    [49m[39m┆[48;5;0m[38;5;9m 0.000   [49m[39m┆[48;5;0m[38;5;9m 0.000   [49m[39m┆[48;5;0m[38;5;10m 100.000 [49m[39m┆[48;5;0m[38;5;9m 0.000   [49m[39m┆[48;5;0m[38;5;9m 0.000   [49m[39m┆[48;5;0m[38;5;9m 0.000   [49m[39m┆[48;5;0m[38;5;9m 0.000   [49m[39m┆[48;5;0m[38;5;9m 0.000   [49m[39m│
│ Sandra  ┆[38;5;9m 0.000   [39m┆[38;5;9m 0.000   [39m┆[38;5;9m 0.000    [39m┆[38;5;9m 0.000   [39m┆[38;5;9m 0.000   [39m┆[38;5;9m 0.000   [39m┆[38;5;9m 0.000   [39m┆[38;5;9m 0.000   [39m┆[38;5;10m 100.000 [39m┆[38;5;9m 0.000   [39m┆[38;5;9m 0.000   [39m│
│[48;5;0m Shakira [49m┆[48;5;0m[38;5;9m 0.000   [49m[39m┆[48;5;0m[38;5;9m 0.000   [49m[39m┆[48;5;0m[38;5;9m 0.000    [49m[39m┆[48;5;0m[38;5;9m 0.000   [49m[39m┆[48;5;0m[38;5;10m 100.000 [49m[39m┆[48;5;0m[38;5;9m 0.000   [49m[39m┆[48;5;0m[38;5;9m 0.000   [49m[39m┆[48;5;0m[38;5;9m 0.000   [49m[39m┆[48;5;0m[38;5;9m 0.000   [49m[39m┆[48;5;0m[38;5;9m 0.000   [49m[39m┆[48;5;0m[38;5;9m 0.000   [49m[39m│
│ Steffi  ┆[38;5;9m 0.000   [39m┆[38;5;9m 0.000   [39m┆[38;5;10m 100.000  [39m┆[38;5;9m 0.000   [39m┆[38;5;9m 0.000   [39m┆[38;5;9m 0.000   [39m┆[38;5;9m 0.000   [39m┆[38;5;9m 0.000   [39m┆[38;5;9m 0.000   [39m┆[38;5;9m 0.000   [39m┆[38;5;9m 0.000   [39m│
╰─────────┴─────────┴─────────┴──────────┴─────────┴─────────┴─────────┴─────────┴─────────┴─────────┴─────────┴─────────╯
1 left -> 0.0000 bits left

MB#2.0 E05
Jenny -> Elia
---
-> Pr[lights]: {0: 67.5%, 1: 32.5%}
0 lights => I = 0.5677 bits
╭─────────┬─────────┬─────────┬──────────┬─────────┬─────────┬─────────┬─────────┬─────────┬─────────┬─────────┬─────────╮
│         ┆  Danilo ┆   Elia  ┆ Emanuell ┆  Fabio  ┆  Marvin ┆   Mike  ┆   Paco  ┆  Peter  ┆ Steffen ┆  Teezy  ┆   Max   │
╞═════════╪═════════╪═════════╪══════════╪═════════╪═════════╪═════════╪═════════╪═════════╪═════════╪═════════╪═════════╡
│[48;5;0m Alicia  [49m┆[48;5;0m[38;5;9m 0.000   [49m[39m┆[48;5;0m[38;5;10m 100.000 [49m[39m┆[48;5;0m[38;5;9m 0.000    [49m[39m┆[48;5;0m[38;5;9m 0.000   [49m[39m┆[48;5;0m[38;5;9m 0.000   [49m[39m┆[48;5;0m[38;5;9m 0.000   [49m[39m┆[48;5;0m[38;5;9m 0.000   [49m[39m┆[48;5;0m[38;5;9m 0.000   [49m[39m┆[48;5;0m[38;5;9m 0.000   [49m[39m┆[48;5;0m[38;5;9m 0.000   [49m[39m┆[48;5;0m[38;5;9m 0.000   [49m[39m│
│ Darya   ┆[38;5;10m 100.000 [39m┆[38;5;9m 0.000   [39m┆[38;5;9m 0.000    [39m┆[38;5;9m 0.000   [39m┆[38;5;9m 0.000   [39m┆[38;5;9m 0.000   [39m┆[38;5;9m 0.000   [39m┆[38;5;9m 0.000   [39m┆[38;5;9m 0.000   [39m┆[38;5;9m 0.000   [39m┆[38;5;9m 0.000   [39m│
│[48;5;0m Jenny   [49m┆[48;5;0m[38;5;9m 0.000   [49m[39m┆[48;5;0m[38;5;9m 0.000   [49m[39m┆[48;5;0m[38;5;9m 0.000    [49m[39m┆[48;5;0m[38;5;9m 0.000   [49m[39m┆[48;5;0m[38;5;9m 0.000   [49m[39m┆[48;5;0m[38;5;9m 0.000   [49m[39m┆[48;5;0m[38;5;10m 100.000 [49m[39m┆[48;5;0m[38;5;9m 0.000   [49m[39m┆[48;5;0m[38;5;9m 0.000   [49m[39m┆[48;5;0m[38;5;9m 0.000   [49m[39m┆[48;5;0m[38;5;9m 0.000   [49m[39m│
│ Kim     ┆[38;5;9m 0.000   [39m┆[38;5;9m 0.000   [39m┆[38;5;9m 0.000    [39m┆[38;5;9m 0.000   [39m┆[38;5;9m 0.000   [39m┆[38;5;9m 0.000   [39m┆[38;5;9m 0.000   [39m┆[38;5;9m 0.000   [39m┆[38;5;9m 0.000   [39m┆[38;5;10m 100.000 [39m┆[38;5;9m 0.000   [39m│
│[48;5;0m Marie   [49m┆[48;5;0m[38;5;9m 0.000   [49m[39m┆[48;5;0m[38;5;9m 0.000   [49m[39m┆[48;5;0m[38;5;9m 0.000    [49m[39m┆[48;5;0m[38;5;10m 100.000 [49m[39m┆[48;5;0m[38;5;9m 0.000   [49m[39m┆[48;5;0m[38;5;9m 0.000   [49m[39m┆[48;5;0m[38;5;9m 0.000   [49m[39m┆[48;5;0m[38;5;9m 0.000   [49m[39m┆[48;5;0m[38;5;9m 0.000   [49m[39m┆[48;5;0m[38;5;9m 0.000   [49m[39m┆[48;5;0m[38;5;9m 0.000   [49m[39m│
│ Paulina ┆[38;5;9m 0.000   [39m┆[38;5;9m 0.000   [39m┆[38;5;9m 0.000    [39m┆[38;5;9m 0.000   [39m┆[38;5;9m 0.000   [39m┆[38;5;9m 0.000   [39m┆[38;5;9m 0.000   [39m┆[38;5;10m 100.000 [39m┆[38;5;9m 0.000   [39m┆[38;5;9m 0.000   [39m┆[38;5;10m 100.000 [39m│
│[48;5;0m Sabrina [49m┆[48;5;0m[38;5;9m 0.000   [49m[39m┆[48;5;0m[38;5;9m 0.000   [49m[39m┆[48;5;0m[38;5;9m 0.000    [49m[39m┆[48;5;0m[38;5;9m 0.000   [49m[39m┆[48;5;0m[38;5;9m 0.000   [49m[39m┆[48;5;0m[38;5;10m 100.000 [49m[39m┆[48;5;0m[38;5;9m 0.000   [49m[39m┆[48;5;0m[38;5;9m 0.000   [49m[39m┆[48;5;0m[38;5;9m 0.000   [49m[39m┆[48;5;0m[38;5;9m 0.000   [49m[39m┆[48;5;0m[38;5;9m 0.000   [49m[39m│
│ Sandra  ┆[38;5;9m 0.000   [39m┆[38;5;9m 0.000   [39m┆[38;5;9m 0.000    [39m┆[38;5;9m 0.000   [39m┆[38;5;9m 0.000   [39m┆[38;5;9m 0.000   [39m┆[38;5;9m 0.000   [39m┆[38;5;9m 0.000   [39m┆[38;5;10m 100.000 [39m┆[38;5;9m 0.000   [39m┆[38;5;9m 0.000   [39m│
│[48;5;0m Shakira [49m┆[48;5;0m[38;5;9m 0.000   [49m[39m┆[48;5;0m[38;5;9m 0.000   [49m[39m┆[48;5;0m[38;5;9m 0.000    [49m[39m┆[48;5;0m[38;5;9m 0.000   [49m[39m┆[48;5;0m[38;5;10m 100.000 [49m[39m┆[48;5;0m[38;5;9m 0.000   [49m[39m┆[48;5;0m[38;5;9m 0.000   [49m[39m┆[48;5;0m[38;5;9m 0.000   [49m[39m┆[48;5;0m[38;5;9m 0.000   [49m[39m┆[48;5;0m[38;5;9m 0.000   [49m[39m┆[48;5;0m[38;5;9m 0.000   [49m[39m│
│ Steffi  ┆[38;5;9m 0.000   [39m┆[38;5;9m 0.000   [39m┆[38;5;10m 100.000  [39m┆[38;5;9m 0.000   [39m┆[38;5;9m 0.000   [39m┆[38;5;9m 0.000   [39m┆[38;5;9m 0.000   [39m┆[38;5;9m 0.000   [39m┆[38;5;9m 0.000   [39m┆[38;5;9m 0.000   [39m┆[38;5;9m 0.000   [39m│
╰─────────┴─────────┴─────────┴──────────┴─────────┴─────────┴─────────┴─────────┴─────────┴─────────┴─────────┴─────────╯
1 left -> 0.0000 bits left

MN#2.0 E06
0x Sandra -> Elia
0x Darya -> Emanuell
0x Jenny -> Marvin
0x Sabrina -> Mike
0x Alicia -> Steffen
0x Kim -> Paco
1x Marie -> Fabio
0x Shakira -> Peter
0x Paulina -> Danilo
1x Steffi -> Teezy
---
-> Pr[lights]: {0: 25.3%, 1: 36.9%, 2: 24.1%, 3: 9.9%, 4: 3.0%, 5: 0.7%, 6: 0.1%, 7: 0.0%, 8: 0.0%}
->  E[lights]: 1.311
2 lights => I = 2.0532 bits
╭─────────┬─────────┬─────────┬──────────┬─────────┬─────────┬─────────┬─────────┬─────────┬─────────┬─────────┬─────────╮
│         ┆  Danilo ┆   Elia  ┆ Emanuell ┆  Fabio  ┆  Marvin ┆   Mike  ┆   Paco  ┆  Peter  ┆ Steffen ┆  Teezy  ┆   Max   │
╞═════════╪═════════╪═════════╪══════════╪═════════╪═════════╪═════════╪═════════╪═════════╪═════════╪═════════╪═════════╡
│[48;5;0m Alicia  [49m┆[48;5;0m[38;5;9m 0.000   [49m[39m┆[48;5;0m[38;5;10m 100.000 [49m[39m┆[48;5;0m[38;5;9m 0.000    [49m[39m┆[48;5;0m[38;5;9m 0.000   [49m[39m┆[48;5;0m[38;5;9m 0.000   [49m[39m┆[48;5;0m[38;5;9m 0.000   [49m[39m┆[48;5;0m[38;5;9m 0.000   [49m[39m┆[48;5;0m[38;5;9m 0.000   [49m[39m┆[48;5;0m[38;5;9m 0.000   [49m[39m┆[48;5;0m[38;5;9m 0.000   [49m[39m┆[48;5;0m[38;5;9m 0.000   [49m[39m│
│ Darya   ┆[38;5;10m 100.000 [39m┆[38;5;9m 0.000   [39m┆[38;5;9m 0.000    [39m┆[38;5;9m 0.000   [39m┆[38;5;9m 0.000   [39m┆[38;5;9m 0.000   [39m┆[38;5;9m 0.000   [39m┆[38;5;9m 0.000   [39m┆[38;5;9m 0.000   [39m┆[38;5;9m 0.000   [39m┆[38;5;9m 0.000   [39m│
│[48;5;0m Jenny   [49m┆[48;5;0m[38;5;9m 0.000   [49m[39m┆[48;5;0m[38;5;9m 0.000   [49m[39m┆[48;5;0m[38;5;9m 0.000    [49m[39m┆[48;5;0m[38;5;9m 0.000   [49m[39m┆[48;5;0m[38;5;9m 0.000   [49m[39m┆[48;5;0m[38;5;9m 0.000   [49m[39m┆[48;5;0m[38;5;10m 100.000 [49m[39m┆[48;5;0m[38;5;9m 0.000   [49m[39m┆[48;5;0m[38;5;9m 0.000   [49m[39m┆[48;5;0m[38;5;9m 0.000   [49m[39m┆[48;5;0m[38;5;9m 0.000   [49m[39m│
│ Kim     ┆[38;5;9m 0.000   [39m┆[38;5;9m 0.000   [39m┆[38;5;9m 0.000    [39m┆[38;5;9m 0.000   [39m┆[38;5;9m 0.000   [39m┆[38;5;9m 0.000   [39m┆[38;5;9m 0.000   [39m┆[38;5;9m 0.000   [39m┆[38;5;9m 0.000   [39m┆[38;5;10m 100.000 [39m┆[38;5;9m 0.000   [39m│
│[48;5;0m Marie   [49m┆[48;5;0m[38;5;9m 0.000   [49m[39m┆[48;5;0m[38;5;9m 0.000   [49m[39m┆[48;5;0m[38;5;9m 0.000    [49m[39m┆[48;5;0m[38;5;10m 100.000 [49m[39m┆[48;5;0m[38;5;9m 0.000   [49m[39m┆[48;5;0m[38;5;9m 0.000   [49m[39m┆[48;5;0m[38;5;9m 0.000   [49m[39m┆[48;5;0m[38;5;9m 0.000   [49m[39m┆[48;5;0m[38;5;9m 0.000   [49m[39m┆[48;5;0m[38;5;9m 0.000   [49m[39m┆[48;5;0m[38;5;9m 0.000   [49m[39m│
│ Paulina ┆[38;5;9m 0.000   [39m┆[38;5;9m 0.000   [39m┆[38;5;9m 0.000    [39m┆[38;5;9m 0.000   [39m┆[38;5;9m 0.000   [39m┆[38;5;9m 0.000   [39m┆[38;5;9m 0.000   [39m┆[38;5;10m 100.000 [39m┆[38;5;9m 0.000   [39m┆[38;5;9m 0.000   [39m┆[38;5;10m 100.000 [39m│
│[48;5;0m Sabrina [49m┆[48;5;0m[38;5;9m 0.000   [49m[39m┆[48;5;0m[38;5;9m 0.000   [49m[39m┆[48;5;0m[38;5;9m 0.000    [49m[39m┆[48;5;0m[38;5;9m 0.000   [49m[39m┆[48;5;0m[38;5;9m 0.000   [49m[39m┆[48;5;0m[38;5;10m 100.000 [49m[39m┆[48;5;0m[38;5;9m 0.000   [49m[39m┆[48;5;0m[38;5;9m 0.000   [49m[39m┆[48;5;0m[38;5;9m 0.000   [49m[39m┆[48;5;0m[38;5;9m 0.000   [49m[39m┆[48;5;0m[38;5;9m 0.000   [49m[39m│
│ Sandra  ┆[38;5;9m 0.000   [39m┆[38;5;9m 0.000   [39m┆[38;5;9m 0.000    [39m┆[38;5;9m 0.000   [39m┆[38;5;9m 0.000   [39m┆[38;5;9m 0.000   [39m┆[38;5;9m 0.000   [39m┆[38;5;9m 0.000   [39m┆[38;5;10m 100.000 [39m┆[38;5;9m 0.000   [39m┆[38;5;9m 0.000   [39m│
│[48;5;0m Shakira [49m┆[48;5;0m[38;5;9m 0.000   [49m[39m┆[48;5;0m[38;5;9m 0.000   [49m[39m┆[48;5;0m[38;5;9m 0.000    [49m[39m┆[48;5;0m[38;5;9m 0.000   [49m[39m┆[48;5;0m[38;5;10m 100.000 [49m[39m┆[48;5;0m[38;5;9m 0.000   [49m[39m┆[48;5;0m[38;5;9m 0.000   [49m[39m┆[48;5;0m[38;5;9m 0.000   [49m[39m┆[48;5;0m[38;5;9m 0.000   [49m[39m┆[48;5;0m[38;5;9m 0.000   [49m[39m┆[48;5;0m[38;5;9m 0.000   [49m[39m│
│ Steffi  ┆[38;5;9m 0.000   [39m┆[38;5;9m 0.000   [39m┆[38;5;10m 100.000  [39m┆[38;5;9m 0.000   [39m┆[38;5;9m 0.000   [39m┆[38;5;9m 0.000   [39m┆[38;5;9m 0.000   [39m┆[38;5;9m 0.000   [39m┆[38;5;9m 0.000   [39m┆[38;5;9m 0.000   [39m┆[38;5;9m 0.000   [39m│
╰─────────┴─────────┴─────────┴──────────┴─────────┴─────────┴─────────┴─────────┴─────────┴─────────┴─────────┴─────────╯
1 left -> 0.0000 bits left

MB#3.0 E07
Darya -> Elia
---
-> Pr[lights]: {0: 89.1%, 1: 10.9%}
0 lights => I = 0.1660 bits
╭─────────┬─────────┬─────────┬──────────┬─────────┬─────────┬─────────┬─────────┬─────────┬─────────┬─────────┬─────────╮
│         ┆  Danilo ┆   Elia  ┆ Emanuell ┆  Fabio  ┆  Marvin ┆   Mike  ┆   Paco  ┆  Peter  ┆ Steffen ┆  Teezy  ┆   Max   │
╞═════════╪═════════╪═════════╪══════════╪═════════╪═════════╪═════════╪═════════╪═════════╪═════════╪═════════╪═════════╡
│[48;5;0m Alicia  [49m┆[48;5;0m[38;5;9m 0.000   [49m[39m┆[48;5;0m[38;5;10m 100.000 [49m[39m┆[48;5;0m[38;5;9m 0.000    [49m[39m┆[48;5;0m[38;5;9m 0.000   [49m[39m┆[48;5;0m[38;5;9m 0.000   [49m[39m┆[48;5;0m[38;5;9m 0.000   [49m[39m┆[48;5;0m[38;5;9m 0.000   [49m[39m┆[48;5;0m[38;5;9m 0.000   [49m[39m┆[48;5;0m[38;5;9m 0.000   [49m[39m┆[48;5;0m[38;5;9m 0.000   [49m[39m┆[48;5;0m[38;5;9m 0.000   [49m[39m│
│ Darya   ┆[38;5;10m 100.000 [39m┆[38;5;9m 0.000   [39m┆[38;5;9m 0.000    [39m┆[38;5;9m 0.000   [39m┆[38;5;9m 0.000   [39m┆[38;5;9m 0.000   [39m┆[38;5;9m 0.000   [39m┆[38;5;9m 0.000   [39m┆[38;5;9m 0.000   [39m┆[38;5;9m 0.000   [39m┆[38;5;9m 0.000   [39m│
│[48;5;0m Jenny   [49m┆[48;5;0m[38;5;9m 0.000   [49m[39m┆[48;5;0m[38;5;9m 0.000   [49m[39m┆[48;5;0m[38;5;9m 0.000    [49m[39m┆[48;5;0m[38;5;9m 0.000   [49m[39m┆[48;5;0m[38;5;9m 0.000   [49m[39m┆[48;5;0m[38;5;9m 0.000   [49m[39m┆[48;5;0m[38;5;10m 100.000 [49m[39m┆[48;5;0m[38;5;9m 0.000   [49m[39m┆[48;5;0m[38;5;9m 0.000   [49m[39m┆[48;5;0m[38;5;9m 0.000   [49m[39m┆[48;5;0m[38;5;9m 0.000   [49m[39m│
│ Kim     ┆[38;5;9m 0.000   [39m┆[38;5;9m 0.000   [39m┆[38;5;9m 0.000    [39m┆[38;5;9m 0.000   [39m┆[38;5;9m 0.000   [39m┆[38;5;9m 0.000   [39m┆[38;5;9m 0.000   [39m┆[38;5;9m 0.000   [39m┆[38;5;9m 0.000   [39m┆[38;5;10m 100.000 [39m┆[38;5;9m 0.000   [39m│
│[48;5;0m Marie   [49m┆[48;5;0m[38;5;9m 0.000   [49m[39m┆[48;5;0m[38;5;9m 0.000   [49m[39m┆[48;5;0m[38;5;9m 0.000    [49m[39m┆[48;5;0m[38;5;10m 100.000 [49m[39m┆[48;5;0m[38;5;9m 0.000   [49m[39m┆[48;5;0m[38;5;9m 0.000   [49m[39m┆[48;5;0m[38;5;9m 0.000   [49m[39m┆[48;5;0m[38;5;9m 0.000   [49m[39m┆[48;5;0m[38;5;9m 0.000   [49m[39m┆[48;5;0m[38;5;9m 0.000   [49m[39m┆[48;5;0m[38;5;9m 0.000   [49m[39m│
│ Paulina ┆[38;5;9m 0.000   [39m┆[38;5;9m 0.000   [39m┆[38;5;9m 0.000    [39m┆[38;5;9m 0.000   [39m┆[38;5;9m 0.000   [39m┆[38;5;9m 0.000   [39m┆[38;5;9m 0.000   [39m┆[38;5;10m 100.000 [39m┆[38;5;9m 0.000   [39m┆[38;5;9m 0.000   [39m┆[38;5;10m 100.000 [39m│
│[48;5;0m Sabrina [49m┆[48;5;0m[38;5;9m 0.000   [49m[39m┆[48;5;0m[38;5;9m 0.000   [49m[39m┆[48;5;0m[38;5;9m 0.000    [49m[39m┆[48;5;0m[38;5;9m 0.000   [49m[39m┆[48;5;0m[38;5;9m 0.000   [49m[39m┆[48;5;0m[38;5;10m 100.000 [49m[39m┆[48;5;0m[38;5;9m 0.000   [49m[39m┆[48;5;0m[38;5;9m 0.000   [49m[39m┆[48;5;0m[38;5;9m 0.000   [49m[39m┆[48;5;0m[38;5;9m 0.000   [49m[39m┆[48;5;0m[38;5;9m 0.000   [49m[39m│
│ Sandra  ┆[38;5;9m 0.000   [39m┆[38;5;9m 0.000   [39m┆[38;5;9m 0.000    [39m┆[38;5;9m 0.000   [39m┆[38;5;9m 0.000   [39m┆[38;5;9m 0.000   [39m┆[38;5;9m 0.000   [39m┆[38;5;9m 0.000   [39m┆[38;5;10m 100.000 [39m┆[38;5;9m 0.000   [39m┆[38;5;9m 0.000   [39m│
│[48;5;0m Shakira [49m┆[48;5;0m[38;5;9m 0.000   [49m[39m┆[48;5;0m[38;5;9m 0.000   [49m[39m┆[48;5;0m[38;5;9m 0.000    [49m[39m┆[48;5;0m[38;5;9m 0.000   [49m[39m┆[48;5;0m[38;5;10m 100.000 [49m[39m┆[48;5;0m[38;5;9m 0.000   [49m[39m┆[48;5;0m[38;5;9m 0.000   [49m[39m┆[48;5;0m[38;5;9m 0.000   [49m[39m┆[48;5;0m[38;5;9m 0.000   [49m[39m┆[48;5;0m[38;5;9m 0.000   [49m[39m┆[48;5;0m[38;5;9m 0.000   [49m[39m│
│ Steffi  ┆[38;5;9m 0.000   [39m┆[38;5;9m 0.000   [39m┆[38;5;10m 100.000  [39m┆[38;5;9m 0.000   [39m┆[38;5;9m 0.000   [39m┆[38;5;9m 0.000   [39m┆[38;5;9m 0.000   [39m┆[38;5;9m 0.000   [39m┆[38;5;9m 0.000   [39m┆[38;5;9m 0.000   [39m┆[38;5;9m 0.000   [39m│
╰─────────┴─────────┴─────────┴──────────┴─────────┴─────────┴─────────┴─────────┴─────────┴─────────┴─────────┴─────────╯
1 left -> 0.0000 bits left

MN#3.0 E08
0x Sabrina -> Peter
0x Marie -> Elia
1x Darya -> Danilo
0x Jenny -> Emanuell
0x Shakira -> Fabio
1x Alicia -> Steffen
0x Steffi -> Marvin
1x Sandra -> Paco
0x Paulina -> Mike
0x Kim -> Teezy
---
-> Pr[lights]: {0: 26.5%, 1: 37.6%, 2: 23.4%, 3: 9.1%, 4: 2.6%, 5: 0.7%, 6: 0.1%, 7: 0.0%, 8: 0.0%}
->  E[lights]: 1.264
2 lights => I = 2.0956 bits
╭─────────┬─────────┬─────────┬──────────┬─────────┬─────────┬─────────┬─────────┬─────────┬─────────┬─────────┬─────────╮
│         ┆  Danilo ┆   Elia  ┆ Emanuell ┆  Fabio  ┆  Marvin ┆   Mike  ┆   Paco  ┆  Peter  ┆ Steffen ┆  Teezy  ┆   Max   │
╞═════════╪═════════╪═════════╪══════════╪═════════╪═════════╪═════════╪═════════╪═════════╪═════════╪═════════╪═════════╡
│[48;5;0m Alicia  [49m┆[48;5;0m[38;5;9m 0.000   [49m[39m┆[48;5;0m[38;5;10m 100.000 [49m[39m┆[48;5;0m[38;5;9m 0.000    [49m[39m┆[48;5;0m[38;5;9m 0.000   [49m[39m┆[48;5;0m[38;5;9m 0.000   [49m[39m┆[48;5;0m[38;5;9m 0.000   [49m[39m┆[48;5;0m[38;5;9m 0.000   [49m[39m┆[48;5;0m[38;5;9m 0.000   [49m[39m┆[48;5;0m[38;5;9m 0.000   [49m[39m┆[48;5;0m[38;5;9m 0.000   [49m[39m┆[48;5;0m[38;5;9m 0.000   [49m[39m│
│ Darya   ┆[38;5;10m 100.000 [39m┆[38;5;9m 0.000   [39m┆[38;5;9m 0.000    [39m┆[38;5;9m 0.000   [39m┆[38;5;9m 0.000   [39m┆[38;5;9m 0.000   [39m┆[38;5;9m 0.000   [39m┆[38;5;9m 0.000   [39m┆[38;5;9m 0.000   [39m┆[38;5;9m 0.000   [39m┆[38;5;9m 0.000   [39m│
│[48;5;0m Jenny   [49m┆[48;5;0m[38;5;9m 0.000   [49m[39m┆[48;5;0m[38;5;9m 0.000   [49m[39m┆[48;5;0m[38;5;9m 0.000    [49m[39m┆[48;5;0m[38;5;9m 0.000   [49m[39m┆[48;5;0m[38;5;9m 0.000   [49m[39m┆[48;5;0m[38;5;9m 0.000   [49m[39m┆[48;5;0m[38;5;10m 100.000 [49m[39m┆[48;5;0m[38;5;9m 0.000   [49m[39m┆[48;5;0m[38;5;9m 0.000   [49m[39m┆[48;5;0m[38;5;9m 0.000   [49m[39m┆[48;5;0m[38;5;9m 0.000   [49m[39m│
│ Kim     ┆[38;5;9m 0.000   [39m┆[38;5;9m 0.000   [39m┆[38;5;9m 0.000    [39m┆[38;5;9m 0.000   [39m┆[38;5;9m 0.000   [39m┆[38;5;9m 0.000   [39m┆[38;5;9m 0.000   [39m┆[38;5;9m 0.000   [39m┆[38;5;9m 0.000   [39m┆[38;5;10m 100.000 [39m┆[38;5;9m 0.000   [39m│
│[48;5;0m Marie   [49m┆[48;5;0m[38;5;9m 0.000   [49m[39m┆[48;5;0m[38;5;9m 0.000   [49m[39m┆[48;5;0m[38;5;9m 0.000    [49m[39m┆[48;5;0m[38;5;10m 100.000 [49m[39m┆[48;5;0m[38;5;9m 0.000   [49m[39m┆[48;5;0m[38;5;9m 0.000   [49m[39m┆[48;5;0m[38;5;9m 0.000   [49m[39m┆[48;5;0m[38;5;9m 0.000   [49m[39m┆[48;5;0m[38;5;9m 0.000   [49m[39m┆[48;5;0m[38;5;9m 0.000   [49m[39m┆[48;5;0m[38;5;9m 0.000   [49m[39m│
│ Paulina ┆[38;5;9m 0.000   [39m┆[38;5;9m 0.000   [39m┆[38;5;9m 0.000    [39m┆[38;5;9m 0.000   [39m┆[38;5;9m 0.000   [39m┆[38;5;9m 0.000   [39m┆[38;5;9m 0.000   [39m┆[38;5;10m 100.000 [39m┆[38;5;9m 0.000   [39m┆[38;5;9m 0.000   [39m┆[38;5;10m 100.000 [39m│
│[48;5;0m Sabrina [49m┆[48;5;0m[38;5;9m 0.000   [49m[39m┆[48;5;0m[38;5;9m 0.000   [49m[39m┆[48;5;0m[38;5;9m 0.000    [49m[39m┆[48;5;0m[38;5;9m 0.000   [49m[39m┆[48;5;0m[38;5;9m 0.000   [49m[39m┆[48;5;0m[38;5;10m 100.000 [49m[39m┆[48;5;0m[38;5;9m 0.000   [49m[39m┆[48;5;0m[38;5;9m 0.000   [49m[39m┆[48;5;0m[38;5;9m 0.000   [49m[39m┆[48;5;0m[38;5;9m 0.000   [49m[39m┆[48;5;0m[38;5;9m 0.000   [49m[39m│
│ Sandra  ┆[38;5;9m 0.000   [39m┆[38;5;9m 0.000   [39m┆[38;5;9m 0.000    [39m┆[38;5;9m 0.000   [39m┆[38;5;9m 0.000   [39m┆[38;5;9m 0.000   [39m┆[38;5;9m 0.000   [39m┆[38;5;9m 0.000   [39m┆[38;5;10m 100.000 [39m┆[38;5;9m 0.000   [39m┆[38;5;9m 0.000   [39m│
│[48;5;0m Shakira [49m┆[48;5;0m[38;5;9m 0.000   [49m[39m┆[48;5;0m[38;5;9m 0.000   [49m[39m┆[48;5;0m[38;5;9m 0.000    [49m[39m┆[48;5;0m[38;5;9m 0.000   [49m[39m┆[48;5;0m[38;5;10m 100.000 [49m[39m┆[48;5;0m[38;5;9m 0.000   [49m[39m┆[48;5;0m[38;5;9m 0.000   [49m[39m┆[48;5;0m[38;5;9m 0.000   [49m[39m┆[48;5;0m[38;5;9m 0.000   [49m[39m┆[48;5;0m[38;5;9m 0.000   [49m[39m┆[48;5;0m[38;5;9m 0.000   [49m[39m│
│ Steffi  ┆[38;5;9m 0.000   [39m┆[38;5;9m 0.000   [39m┆[38;5;10m 100.000  [39m┆[38;5;9m 0.000   [39m┆[38;5;9m 0.000   [39m┆[38;5;9m 0.000   [39m┆[38;5;9m 0.000   [39m┆[38;5;9m 0.000   [39m┆[38;5;9m 0.000   [39m┆[38;5;9m 0.000   [39m┆[38;5;9m 0.000   [39m│
╰─────────┴─────────┴─────────┴──────────┴─────────┴─────────┴─────────┴─────────┴─────────┴─────────┴─────────┴─────────╯
1 left -> 0.0000 bits left

MB#4.0 E09
Kim -> Mike
---
-> Pr[lights]: {0: 77.2%, 1: 22.8%}
0 lights => I = 0.3728 bits
╭─────────┬─────────┬─────────┬──────────┬─────────┬─────────┬─────────┬─────────┬─────────┬─────────┬─────────┬─────────╮
│         ┆  Danilo ┆   Elia  ┆ Emanuell ┆  Fabio  ┆  Marvin ┆   Mike  ┆   Paco  ┆  Peter  ┆ Steffen ┆  Teezy  ┆   Max   │
╞═════════╪═════════╪═════════╪══════════╪═════════╪═════════╪═════════╪═════════╪═════════╪═════════╪═════════╪═════════╡
│[48;5;0m Alicia  [49m┆[48;5;0m[38;5;9m 0.000   [49m[39m┆[48;5;0m[38;5;10m 100.000 [49m[39m┆[48;5;0m[38;5;9m 0.000    [49m[39m┆[48;5;0m[38;5;9m 0.000   [49m[39m┆[48;5;0m[38;5;9m 0.000   [49m[39m┆[48;5;0m[38;5;9m 0.000   [49m[39m┆[48;5;0m[38;5;9m 0.000   [49m[39m┆[48;5;0m[38;5;9m 0.000   [49m[39m┆[48;5;0m[38;5;9m 0.000   [49m[39m┆[48;5;0m[38;5;9m 0.000   [49m[39m┆[48;5;0m[38;5;9m 0.000   [49m[39m│
│ Darya   ┆[38;5;10m 100.000 [39m┆[38;5;9m 0.000   [39m┆[38;5;9m 0.000    [39m┆[38;5;9m 0.000   [39m┆[38;5;9m 0.000   [39m┆[38;5;9m 0.000   [39m┆[38;5;9m 0.000   [39m┆[38;5;9m 0.000   [39m┆[38;5;9m 0.000   [39m┆[38;5;9m 0.000   [39m┆[38;5;9m 0.000   [39m│
│[48;5;0m Jenny   [49m┆[48;5;0m[38;5;9m 0.000   [49m[39m┆[48;5;0m[38;5;9m 0.000   [49m[39m┆[48;5;0m[38;5;9m 0.000    [49m[39m┆[48;5;0m[38;5;9m 0.000   [49m[39m┆[48;5;0m[38;5;9m 0.000   [49m[39m┆[48;5;0m[38;5;9m 0.000   [49m[39m┆[48;5;0m[38;5;10m 100.000 [49m[39m┆[48;5;0m[38;5;9m 0.000   [49m[39m┆[48;5;0m[38;5;9m 0.000   [49m[39m┆[48;5;0m[38;5;9m 0.000   [49m[39m┆[48;5;0m[38;5;9m 0.000   [49m[39m│
│ Kim     ┆[38;5;9m 0.000   [39m┆[38;5;9m 0.000   [39m┆[38;5;9m 0.000    [39m┆[38;5;9m 0.000   [39m┆[38;5;9m 0.000   [39m┆[38;5;9m 0.000   [39m┆[38;5;9m 0.000   [39m┆[38;5;9m 0.000   [39m┆[38;5;9m 0.000   [39m┆[38;5;10m 100.000 [39m┆[38;5;9m 0.000   [39m│
│[48;5;0m Marie   [49m┆[48;5;0m[38;5;9m 0.000   [49m[39m┆[48;5;0m[38;5;9m 0.000   [49m[39m┆[48;5;0m[38;5;9m 0.000    [49m[39m┆[48;5;0m[38;5;10m 100.000 [49m[39m┆[48;5;0m[38;5;9m 0.000   [49m[39m┆[48;5;0m[38;5;9m 0.000   [49m[39m┆[48;5;0m[38;5;9m 0.000   [49m[39m┆[48;5;0m[38;5;9m 0.000   [49m[39m┆[48;5;0m[38;5;9m 0.000   [49m[39m┆[48;5;0m[38;5;9m 0.000   [49m[39m┆[48;5;0m[38;5;9m 0.000   [49m[39m│
│ Paulina ┆[38;5;9m 0.000   [39m┆[38;5;9m 0.000   [39m┆[38;5;9m 0.000    [39m┆[38;5;9m 0.000   [39m┆[38;5;9m 0.000   [39m┆[38;5;9m 0.000   [39m┆[38;5;9m 0.000   [39m┆[38;5;10m 100.000 [39m┆[38;5;9m 0.000   [39m┆[38;5;9m 0.000   [39m┆[38;5;10m 100.000 [39m│
│[48;5;0m Sabrina [49m┆[48;5;0m[38;5;9m 0.000   [49m[39m┆[48;5;0m[38;5;9m 0.000   [49m[39m┆[48;5;0m[38;5;9m 0.000    [49m[39m┆[48;5;0m[38;5;9m 0.000   [49m[39m┆[48;5;0m[38;5;9m 0.000   [49m[39m┆[48;5;0m[38;5;10m 100.000 [49m[39m┆[48;5;0m[38;5;9m 0.000   [49m[39m┆[48;5;0m[38;5;9m 0.000   [49m[39m┆[48;5;0m[38;5;9m 0.000   [49m[39m┆[48;5;0m[38;5;9m 0.000   [49m[39m┆[48;5;0m[38;5;9m 0.000   [49m[39m│
│ Sandra  ┆[38;5;9m 0.000   [39m┆[38;5;9m 0.000   [39m┆[38;5;9m 0.000    [39m┆[38;5;9m 0.000   [39m┆[38;5;9m 0.000   [39m┆[38;5;9m 0.000   [39m┆[38;5;9m 0.000   [39m┆[38;5;9m 0.000   [39m┆[38;5;10m 100.000 [39m┆[38;5;9m 0.000   [39m┆[38;5;9m 0.000   [39m│
│[48;5;0m Shakira [49m┆[48;5;0m[38;5;9m 0.000   [49m[39m┆[48;5;0m[38;5;9m 0.000   [49m[39m┆[48;5;0m[38;5;9m 0.000    [49m[39m┆[48;5;0m[38;5;9m 0.000   [49m[39m┆[48;5;0m[38;5;10m 100.000 [49m[39m┆[48;5;0m[38;5;9m 0.000   [49m[39m┆[48;5;0m[38;5;9m 0.000   [49m[39m┆[48;5;0m[38;5;9m 0.000   [49m[39m┆[48;5;0m[38;5;9m 0.000   [49m[39m┆[48;5;0m[38;5;9m 0.000   [49m[39m┆[48;5;0m[38;5;9m 0.000   [49m[39m│
│ Steffi  ┆[38;5;9m 0.000   [39m┆[38;5;9m 0.000   [39m┆[38;5;10m 100.000  [39m┆[38;5;9m 0.000   [39m┆[38;5;9m 0.000   [39m┆[38;5;9m 0.000   [39m┆[38;5;9m 0.000   [39m┆[38;5;9m 0.000   [39m┆[38;5;9m 0.000   [39m┆[38;5;9m 0.000   [39m┆[38;5;9m 0.000   [39m│
╰─────────┴─────────┴─────────┴──────────┴─────────┴─────────┴─────────┴─────────┴─────────┴─────────┴─────────┴─────────╯
1 left -> 0.0000 bits left

MN#4.0 E10
1x Marie -> Elia
0x Alicia -> Teezy
2x Darya -> Danilo
0x Paulina -> Max
0x Sabrina -> Paco
1x Jenny -> Marvin
1x Shakira -> Fabio
0x Kim -> Peter
0x Steffi -> Emanuell
0x Sandra -> Steffen
---
-> Pr[lights]: {0: 19.1%, 1: 37.9%, 2: 28.2%, 3: 11.2%, 4: 3.0%, 5: 0.6%, 6: 0.0%}
->  E[lights]: 1.431
4 lights => I = 5.0811 bits
╭─────────┬─────────┬─────────┬──────────┬─────────┬─────────┬─────────┬─────────┬─────────┬─────────┬─────────┬─────────╮
│         ┆  Danilo ┆   Elia  ┆ Emanuell ┆  Fabio  ┆  Marvin ┆   Mike  ┆   Paco  ┆  Peter  ┆ Steffen ┆  Teezy  ┆   Max   │
╞═════════╪═════════╪═════════╪══════════╪═════════╪═════════╪═════════╪═════════╪═════════╪═════════╪═════════╪═════════╡
│[48;5;0m Alicia  [49m┆[48;5;0m[38;5;9m 0.000   [49m[39m┆[48;5;0m[38;5;10m 100.000 [49m[39m┆[48;5;0m[38;5;9m 0.000    [49m[39m┆[48;5;0m[38;5;9m 0.000   [49m[39m┆[48;5;0m[38;5;9m 0.000   [49m[39m┆[48;5;0m[38;5;9m 0.000   [49m[39m┆[48;5;0m[38;5;9m 0.000   [49m[39m┆[48;5;0m[38;5;9m 0.000   [49m[39m┆[48;5;0m[38;5;9m 0.000   [49m[39m┆[48;5;0m[38;5;9m 0.000   [49m[39m┆[48;5;0m[38;5;9m 0.000   [49m[39m│
│ Darya   ┆[38;5;10m 100.000 [39m┆[38;5;9m 0.000   [39m┆[38;5;9m 0.000    [39m┆[38;5;9m 0.000   [39m┆[38;5;9m 0.000   [39m┆[38;5;9m 0.000   [39m┆[38;5;9m 0.000   [39m┆[38;5;9m 0.000   [39m┆[38;5;9m 0.000   [39m┆[38;5;9m 0.000   [39m┆[38;5;9m 0.000   [39m│
│[48;5;0m Jenny   [49m┆[48;5;0m[38;5;9m 0.000   [49m[39m┆[48;5;0m[38;5;9m 0.000   [49m[39m┆[48;5;0m[38;5;9m 0.000    [49m[39m┆[48;5;0m[38;5;9m 0.000   [49m[39m┆[48;5;0m[38;5;9m 0.000   [49m[39m┆[48;5;0m[38;5;9m 0.000   [49m[39m┆[48;5;0m[38;5;10m 100.000 [49m[39m┆[48;5;0m[38;5;9m 0.000   [49m[39m┆[48;5;0m[38;5;9m 0.000   [49m[39m┆[48;5;0m[38;5;9m 0.000   [49m[39m┆[48;5;0m[38;5;9m 0.000   [49m[39m│
│ Kim     ┆[38;5;9m 0.000   [39m┆[38;5;9m 0.000   [39m┆[38;5;9m 0.000    [39m┆[38;5;9m 0.000   [39m┆[38;5;9m 0.000   [39m┆[38;5;9m 0.000   [39m┆[38;5;9m 0.000   [39m┆[38;5;9m 0.000   [39m┆[38;5;9m 0.000   [39m┆[38;5;10m 100.000 [39m┆[38;5;9m 0.000   [39m│
│[48;5;0m Marie   [49m┆[48;5;0m[38;5;9m 0.000   [49m[39m┆[48;5;0m[38;5;9m 0.000   [49m[39m┆[48;5;0m[38;5;9m 0.000    [49m[39m┆[48;5;0m[38;5;10m 100.000 [49m[39m┆[48;5;0m[38;5;9m 0.000   [49m[39m┆[48;5;0m[38;5;9m 0.000   [49m[39m┆[48;5;0m[38;5;9m 0.000   [49m[39m┆[48;5;0m[38;5;9m 0.000   [49m[39m┆[48;5;0m[38;5;9m 0.000   [49m[39m┆[48;5;0m[38;5;9m 0.000   [49m[39m┆[48;5;0m[38;5;9m 0.000   [49m[39m│
│ Paulina ┆[38;5;9m 0.000   [39m┆[38;5;9m 0.000   [39m┆[38;5;9m 0.000    [39m┆[38;5;9m 0.000   [39m┆[38;5;9m 0.000   [39m┆[38;5;9m 0.000   [39m┆[38;5;9m 0.000   [39m┆[38;5;10m 100.000 [39m┆[38;5;9m 0.000   [39m┆[38;5;9m 0.000   [39m┆[38;5;10m 100.000 [39m│
│[48;5;0m Sabrina [49m┆[48;5;0m[38;5;9m 0.000   [49m[39m┆[48;5;0m[38;5;9m 0.000   [49m[39m┆[48;5;0m[38;5;9m 0.000    [49m[39m┆[48;5;0m[38;5;9m 0.000   [49m[39m┆[48;5;0m[38;5;9m 0.000   [49m[39m┆[48;5;0m[38;5;10m 100.000 [49m[39m┆[48;5;0m[38;5;9m 0.000   [49m[39m┆[48;5;0m[38;5;9m 0.000   [49m[39m┆[48;5;0m[38;5;9m 0.000   [49m[39m┆[48;5;0m[38;5;9m 0.000   [49m[39m┆[48;5;0m[38;5;9m 0.000   [49m[39m│
│ Sandra  ┆[38;5;9m 0.000   [39m┆[38;5;9m 0.000   [39m┆[38;5;9m 0.000    [39m┆[38;5;9m 0.000   [39m┆[38;5;9m 0.000   [39m┆[38;5;9m 0.000   [39m┆[38;5;9m 0.000   [39m┆[38;5;9m 0.000   [39m┆[38;5;10m 100.000 [39m┆[38;5;9m 0.000   [39m┆[38;5;9m 0.000   [39m│
│[48;5;0m Shakira [49m┆[48;5;0m[38;5;9m 0.000   [49m[39m┆[48;5;0m[38;5;9m 0.000   [49m[39m┆[48;5;0m[38;5;9m 0.000    [49m[39m┆[48;5;0m[38;5;9m 0.000   [49m[39m┆[48;5;0m[38;5;10m 100.000 [49m[39m┆[48;5;0m[38;5;9m 0.000   [49m[39m┆[48;5;0m[38;5;9m 0.000   [49m[39m┆[48;5;0m[38;5;9m 0.000   [49m[39m┆[48;5;0m[38;5;9m 0.000   [49m[39m┆[48;5;0m[38;5;9m 0.000   [49m[39m┆[48;5;0m[38;5;9m 0.000   [49m[39m│
│ Steffi  ┆[38;5;9m 0.000   [39m┆[38;5;9m 0.000   [39m┆[38;5;10m 100.000  [39m┆[38;5;9m 0.000   [39m┆[38;5;9m 0.000   [39m┆[38;5;9m 0.000   [39m┆[38;5;9m 0.000   [39m┆[38;5;9m 0.000   [39m┆[38;5;9m 0.000   [39m┆[38;5;9m 0.000   [39m┆[38;5;9m 0.000   [39m│
╰─────────┴─────────┴─────────┴──────────┴─────────┴─────────┴─────────┴─────────┴─────────┴─────────┴─────────┴─────────╯
1 left -> 0.0000 bits left

MB#5.0 E11
Darya -> Danilo
---
-> Pr[lights]: {0: 6.1%, 1: 93.9%}
1 lights => I = 0.2058 bits
╭─────────┬─────────┬─────────┬──────────┬─────────┬─────────┬─────────┬─────────┬─────────┬─────────┬─────────┬─────────╮
│         ┆  Danilo ┆   Elia  ┆ Emanuell ┆  Fabio  ┆  Marvin ┆   Mike  ┆   Paco  ┆  Peter  ┆ Steffen ┆  Teezy  ┆   Max   │
╞═════════╪═════════╪═════════╪══════════╪═════════╪═════════╪═════════╪═════════╪═════════╪═════════╪═════════╪═════════╡
│[48;5;0m Alicia  [49m┆[48;5;0m[38;5;9m 0.000   [49m[39m┆[48;5;0m[38;5;10m 100.000 [49m[39m┆[48;5;0m[38;5;9m 0.000    [49m[39m┆[48;5;0m[38;5;9m 0.000   [49m[39m┆[48;5;0m[38;5;9m 0.000   [49m[39m┆[48;5;0m[38;5;9m 0.000   [49m[39m┆[48;5;0m[38;5;9m 0.000   [49m[39m┆[48;5;0m[38;5;9m 0.000   [49m[39m┆[48;5;0m[38;5;9m 0.000   [49m[39m┆[48;5;0m[38;5;9m 0.000   [49m[39m┆[48;5;0m[38;5;9m 0.000   [49m[39m│
│ Darya   ┆[38;5;10m 100.000 [39m┆[38;5;9m 0.000   [39m┆[38;5;9m 0.000    [39m┆[38;5;9m 0.000   [39m┆[38;5;9m 0.000   [39m┆[38;5;9m 0.000   [39m┆[38;5;9m 0.000   [39m┆[38;5;9m 0.000   [39m┆[38;5;9m 0.000   [39m┆[38;5;9m 0.000   [39m┆[38;5;9m 0.000   [39m│
│[48;5;0m Jenny   [49m┆[48;5;0m[38;5;9m 0.000   [49m[39m┆[48;5;0m[38;5;9m 0.000   [49m[39m┆[48;5;0m[38;5;9m 0.000    [49m[39m┆[48;5;0m[38;5;9m 0.000   [49m[39m┆[48;5;0m[38;5;9m 0.000   [49m[39m┆[48;5;0m[38;5;9m 0.000   [49m[39m┆[48;5;0m[38;5;10m 100.000 [49m[39m┆[48;5;0m[38;5;9m 0.000   [49m[39m┆[48;5;0m[38;5;9m 0.000   [49m[39m┆[48;5;0m[38;5;9m 0.000   [49m[39m┆[48;5;0m[38;5;9m 0.000   [49m[39m│
│ Kim     ┆[38;5;9m 0.000   [39m┆[38;5;9m 0.000   [39m┆[38;5;9m 0.000    [39m┆[38;5;9m 0.000   [39m┆[38;5;9m 0.000   [39m┆[38;5;9m 0.000   [39m┆[38;5;9m 0.000   [39m┆[38;5;9m 0.000   [39m┆[38;5;9m 0.000   [39m┆[38;5;10m 100.000 [39m┆[38;5;9m 0.000   [39m│
│[48;5;0m Marie   [49m┆[48;5;0m[38;5;9m 0.000   [49m[39m┆[48;5;0m[38;5;9m 0.000   [49m[39m┆[48;5;0m[38;5;9m 0.000    [49m[39m┆[48;5;0m[38;5;10m 100.000 [49m[39m┆[48;5;0m[38;5;9m 0.000   [49m[39m┆[48;5;0m[38;5;9m 0.000   [49m[39m┆[48;5;0m[38;5;9m 0.000   [49m[39m┆[48;5;0m[38;5;9m 0.000   [49m[39m┆[48;5;0m[38;5;9m 0.000   [49m[39m┆[48;5;0m[38;5;9m 0.000   [49m[39m┆[48;5;0m[38;5;9m 0.000   [49m[39m│
│ Paulina ┆[38;5;9m 0.000   [39m┆[38;5;9m 0.000   [39m┆[38;5;9m 0.000    [39m┆[38;5;9m 0.000   [39m┆[38;5;9m 0.000   [39m┆[38;5;9m 0.000   [39m┆[38;5;9m 0.000   [39m┆[38;5;10m 100.000 [39m┆[38;5;9m 0.000   [39m┆[38;5;9m 0.000   [39m┆[38;5;10m 100.000 [39m│
│[48;5;0m Sabrina [49m┆[48;5;0m[38;5;9m 0.000   [49m[39m┆[48;5;0m[38;5;9m 0.000   [49m[39m┆[48;5;0m[38;5;9m 0.000    [49m[39m┆[48;5;0m[38;5;9m 0.000   [49m[39m┆[48;5;0m[38;5;9m 0.000   [49m[39m┆[48;5;0m[38;5;10m 100.000 [49m[39m┆[48;5;0m[38;5;9m 0.000   [49m[39m┆[48;5;0m[38;5;9m 0.000   [49m[39m┆[48;5;0m[38;5;9m 0.000   [49m[39m┆[48;5;0m[38;5;9m 0.000   [49m[39m┆[48;5;0m[38;5;9m 0.000   [49m[39m│
│ Sandra  ┆[38;5;9m 0.000   [39m┆[38;5;9m 0.000   [39m┆[38;5;9m 0.000    [39m┆[38;5;9m 0.000   [39m┆[38;5;9m 0.000   [39m┆[38;5;9m 0.000   [39m┆[38;5;9m 0.000   [39m┆[38;5;9m 0.000   [39m┆[38;5;10m 100.000 [39m┆[38;5;9m 0.000   [39m┆[38;5;9m 0.000   [39m│
│[48;5;0m Shakira [49m┆[48;5;0m[38;5;9m 0.000   [49m[39m┆[48;5;0m[38;5;9m 0.000   [49m[39m┆[48;5;0m[38;5;9m 0.000    [49m[39m┆[48;5;0m[38;5;9m 0.000   [49m[39m┆[48;5;0m[38;5;10m 100.000 [49m[39m┆[48;5;0m[38;5;9m 0.000   [49m[39m┆[48;5;0m[38;5;9m 0.000   [49m[39m┆[48;5;0m[38;5;9m 0.000   [49m[39m┆[48;5;0m[38;5;9m 0.000   [49m[39m┆[48;5;0m[38;5;9m 0.000   [49m[39m┆[48;5;0m[38;5;9m 0.000   [49m[39m│
│ Steffi  ┆[38;5;9m 0.000   [39m┆[38;5;9m 0.000   [39m┆[38;5;10m 100.000  [39m┆[38;5;9m 0.000   [39m┆[38;5;9m 0.000   [39m┆[38;5;9m 0.000   [39m┆[38;5;9m 0.000   [39m┆[38;5;9m 0.000   [39m┆[38;5;9m 0.000   [39m┆[38;5;9m 0.000   [39m┆[38;5;9m 0.000   [39m│
╰─────────┴─────────┴─────────┴──────────┴─────────┴─────────┴─────────┴─────────┴─────────┴─────────┴─────────┴─────────╯
1 left -> 0.0000 bits left

MN#5.0 E12
2x Jenny -> Marvin
0x Sandra -> Max
1x Kim -> Teezy
2x Alicia -> Steffen
1x Paulina -> Mike
1x Sabrina -> Emanuell
2x Marie -> Fabio
0x Shakira -> Paco
0x Steffi -> Elia
3x Darya -> Danilo
---
-> Pr[lights]: {1: 10.7%, 2: 35.0%, 3: 33.4%, 4: 13.7%, 5: 5.1%, 6: 1.8%, 7: 0.3%}
->  E[lights]: 2.741
3 lights => I = 1.5839 bits
╭─────────┬─────────┬─────────┬──────────┬─────────┬─────────┬─────────┬─────────┬─────────┬─────────┬─────────┬─────────╮
│         ┆  Danilo ┆   Elia  ┆ Emanuell ┆  Fabio  ┆  Marvin ┆   Mike  ┆   Paco  ┆  Peter  ┆ Steffen ┆  Teezy  ┆   Max   │
╞═════════╪═════════╪═════════╪══════════╪═════════╪═════════╪═════════╪═════════╪═════════╪═════════╪═════════╪═════════╡
│[48;5;0m Alicia  [49m┆[48;5;0m[38;5;9m 0.000   [49m[39m┆[48;5;0m[38;5;10m 100.000 [49m[39m┆[48;5;0m[38;5;9m 0.000    [49m[39m┆[48;5;0m[38;5;9m 0.000   [49m[39m┆[48;5;0m[38;5;9m 0.000   [49m[39m┆[48;5;0m[38;5;9m 0.000   [49m[39m┆[48;5;0m[38;5;9m 0.000   [49m[39m┆[48;5;0m[38;5;9m 0.000   [49m[39m┆[48;5;0m[38;5;9m 0.000   [49m[39m┆[48;5;0m[38;5;9m 0.000   [49m[39m┆[48;5;0m[38;5;9m 0.000   [49m[39m│
│ Darya   ┆[38;5;10m 100.000 [39m┆[38;5;9m 0.000   [39m┆[38;5;9m 0.000    [39m┆[38;5;9m 0.000   [39m┆[38;5;9m 0.000   [39m┆[38;5;9m 0.000   [39m┆[38;5;9m 0.000   [39m┆[38;5;9m 0.000   [39m┆[38;5;9m 0.000   [39m┆[38;5;9m 0.000   [39m┆[38;5;9m 0.000   [39m│
│[48;5;0m Jenny   [49m┆[48;5;0m[38;5;9m 0.000   [49m[39m┆[48;5;0m[38;5;9m 0.000   [49m[39m┆[48;5;0m[38;5;9m 0.000    [49m[39m┆[48;5;0m[38;5;9m 0.000   [49m[39m┆[48;5;0m[38;5;9m 0.000   [49m[39m┆[48;5;0m[38;5;9m 0.000   [49m[39m┆[48;5;0m[38;5;10m 100.000 [49m[39m┆[48;5;0m[38;5;9m 0.000   [49m[39m┆[48;5;0m[38;5;9m 0.000   [49m[39m┆[48;5;0m[38;5;9m 0.000   [49m[39m┆[48;5;0m[38;5;9m 0.000   [49m[39m│
│ Kim     ┆[38;5;9m 0.000   [39m┆[38;5;9m 0.000   [39m┆[38;5;9m 0.000    [39m┆[38;5;9m 0.000   [39m┆[38;5;9m 0.000   [39m┆[38;5;9m 0.000   [39m┆[38;5;9m 0.000   [39m┆[38;5;9m 0.000   [39m┆[38;5;9m 0.000   [39m┆[38;5;10m 100.000 [39m┆[38;5;9m 0.000   [39m│
│[48;5;0m Marie   [49m┆[48;5;0m[38;5;9m 0.000   [49m[39m┆[48;5;0m[38;5;9m 0.000   [49m[39m┆[48;5;0m[38;5;9m 0.000    [49m[39m┆[48;5;0m[38;5;10m 100.000 [49m[39m┆[48;5;0m[38;5;9m 0.000   [49m[39m┆[48;5;0m[38;5;9m 0.000   [49m[39m┆[48;5;0m[38;5;9m 0.000   [49m[39m┆[48;5;0m[38;5;9m 0.000   [49m[39m┆[48;5;0m[38;5;9m 0.000   [49m[39m┆[48;5;0m[38;5;9m 0.000   [49m[39m┆[48;5;0m[38;5;9m 0.000   [49m[39m│
│ Paulina ┆[38;5;9m 0.000   [39m┆[38;5;9m 0.000   [39m┆[38;5;9m 0.000    [39m┆[38;5;9m 0.000   [39m┆[38;5;9m 0.000   [39m┆[38;5;9m 0.000   [39m┆[38;5;9m 0.000   [39m┆[38;5;10m 100.000 [39m┆[38;5;9m 0.000   [39m┆[38;5;9m 0.000   [39m┆[38;5;10m 100.000 [39m│
│[48;5;0m Sabrina [49m┆[48;5;0m[38;5;9m 0.000   [49m[39m┆[48;5;0m[38;5;9m 0.000   [49m[39m┆[48;5;0m[38;5;9m 0.000    [49m[39m┆[48;5;0m[38;5;9m 0.000   [49m[39m┆[48;5;0m[38;5;9m 0.000   [49m[39m┆[48;5;0m[38;5;10m 100.000 [49m[39m┆[48;5;0m[38;5;9m 0.000   [49m[39m┆[48;5;0m[38;5;9m 0.000   [49m[39m┆[48;5;0m[38;5;9m 0.000   [49m[39m┆[48;5;0m[38;5;9m 0.000   [49m[39m┆[48;5;0m[38;5;9m 0.000   [49m[39m│
│ Sandra  ┆[38;5;9m 0.000   [39m┆[38;5;9m 0.000   [39m┆[38;5;9m 0.000    [39m┆[38;5;9m 0.000   [39m┆[38;5;9m 0.000   [39m┆[38;5;9m 0.000   [39m┆[38;5;9m 0.000   [39m┆[38;5;9m 0.000   [39m┆[38;5;10m 100.000 [39m┆[38;5;9m 0.000   [39m┆[38;5;9m 0.000   [39m│
│[48;5;0m Shakira [49m┆[48;5;0m[38;5;9m 0.000   [49m[39m┆[48;5;0m[38;5;9m 0.000   [49m[39m┆[48;5;0m[38;5;9m 0.000    [49m[39m┆[48;5;0m[38;5;9m 0.000   [49m[39m┆[48;5;0m[38;5;10m 100.000 [49m[39m┆[48;5;0m[38;5;9m 0.000   [49m[39m┆[48;5;0m[38;5;9m 0.000   [49m[39m┆[48;5;0m[38;5;9m 0.000   [49m[39m┆[48;5;0m[38;5;9m 0.000   [49m[39m┆[48;5;0m[38;5;9m 0.000   [49m[39m┆[48;5;0m[38;5;9m 0.000   [49m[39m│
│ Steffi  ┆[38;5;9m 0.000   [39m┆[38;5;9m 0.000   [39m┆[38;5;10m 100.000  [39m┆[38;5;9m 0.000   [39m┆[38;5;9m 0.000   [39m┆[38;5;9m 0.000   [39m┆[38;5;9m 0.000   [39m┆[38;5;9m 0.000   [39m┆[38;5;9m 0.000   [39m┆[38;5;9m 0.000   [39m┆[38;5;9m 0.000   [39m│
╰─────────┴─────────┴─────────┴──────────┴─────────┴─────────┴─────────┴─────────┴─────────┴─────────┴─────────┴─────────╯
1 left -> 0.0000 bits left

MB#6.0 E13
Alicia -> Teezy
---
-> Pr[lights]: {0: 71.7%, 1: 28.3%}
0 lights => I = 0.4804 bits
╭─────────┬─────────┬─────────┬──────────┬─────────┬─────────┬─────────┬─────────┬─────────┬─────────┬─────────┬─────────╮
│         ┆  Danilo ┆   Elia  ┆ Emanuell ┆  Fabio  ┆  Marvin ┆   Mike  ┆   Paco  ┆  Peter  ┆ Steffen ┆  Teezy  ┆   Max   │
╞═════════╪═════════╪═════════╪══════════╪═════════╪═════════╪═════════╪═════════╪═════════╪═════════╪═════════╪═════════╡
│[48;5;0m Alicia  [49m┆[48;5;0m[38;5;9m 0.000   [49m[39m┆[48;5;0m[38;5;10m 100.000 [49m[39m┆[48;5;0m[38;5;9m 0.000    [49m[39m┆[48;5;0m[38;5;9m 0.000   [49m[39m┆[48;5;0m[38;5;9m 0.000   [49m[39m┆[48;5;0m[38;5;9m 0.000   [49m[39m┆[48;5;0m[38;5;9m 0.000   [49m[39m┆[48;5;0m[38;5;9m 0.000   [49m[39m┆[48;5;0m[38;5;9m 0.000   [49m[39m┆[48;5;0m[38;5;9m 0.000   [49m[39m┆[48;5;0m[38;5;9m 0.000   [49m[39m│
│ Darya   ┆[38;5;10m 100.000 [39m┆[38;5;9m 0.000   [39m┆[38;5;9m 0.000    [39m┆[38;5;9m 0.000   [39m┆[38;5;9m 0.000   [39m┆[38;5;9m 0.000   [39m┆[38;5;9m 0.000   [39m┆[38;5;9m 0.000   [39m┆[38;5;9m 0.000   [39m┆[38;5;9m 0.000   [39m┆[38;5;9m 0.000   [39m│
│[48;5;0m Jenny   [49m┆[48;5;0m[38;5;9m 0.000   [49m[39m┆[48;5;0m[38;5;9m 0.000   [49m[39m┆[48;5;0m[38;5;9m 0.000    [49m[39m┆[48;5;0m[38;5;9m 0.000   [49m[39m┆[48;5;0m[38;5;9m 0.000   [49m[39m┆[48;5;0m[38;5;9m 0.000   [49m[39m┆[48;5;0m[38;5;10m 100.000 [49m[39m┆[48;5;0m[38;5;9m 0.000   [49m[39m┆[48;5;0m[38;5;9m 0.000   [49m[39m┆[48;5;0m[38;5;9m 0.000   [49m[39m┆[48;5;0m[38;5;9m 0.000   [49m[39m│
│ Kim     ┆[38;5;9m 0.000   [39m┆[38;5;9m 0.000   [39m┆[38;5;9m 0.000    [39m┆[38;5;9m 0.000   [39m┆[38;5;9m 0.000   [39m┆[38;5;9m 0.000   [39m┆[38;5;9m 0.000   [39m┆[38;5;9m 0.000   [39m┆[38;5;9m 0.000   [39m┆[38;5;10m 100.000 [39m┆[38;5;9m 0.000   [39m│
│[48;5;0m Marie   [49m┆[48;5;0m[38;5;9m 0.000   [49m[39m┆[48;5;0m[38;5;9m 0.000   [49m[39m┆[48;5;0m[38;5;9m 0.000    [49m[39m┆[48;5;0m[38;5;10m 100.000 [49m[39m┆[48;5;0m[38;5;9m 0.000   [49m[39m┆[48;5;0m[38;5;9m 0.000   [49m[39m┆[48;5;0m[38;5;9m 0.000   [49m[39m┆[48;5;0m[38;5;9m 0.000   [49m[39m┆[48;5;0m[38;5;9m 0.000   [49m[39m┆[48;5;0m[38;5;9m 0.000   [49m[39m┆[48;5;0m[38;5;9m 0.000   [49m[39m│
│ Paulina ┆[38;5;9m 0.000   [39m┆[38;5;9m 0.000   [39m┆[38;5;9m 0.000    [39m┆[38;5;9m 0.000   [39m┆[38;5;9m 0.000   [39m┆[38;5;9m 0.000   [39m┆[38;5;9m 0.000   [39m┆[38;5;10m 100.000 [39m┆[38;5;9m 0.000   [39m┆[38;5;9m 0.000   [39m┆[38;5;10m 100.000 [39m│
│[48;5;0m Sabrina [49m┆[48;5;0m[38;5;9m 0.000   [49m[39m┆[48;5;0m[38;5;9m 0.000   [49m[39m┆[48;5;0m[38;5;9m 0.000    [49m[39m┆[48;5;0m[38;5;9m 0.000   [49m[39m┆[48;5;0m[38;5;9m 0.000   [49m[39m┆[48;5;0m[38;5;10m 100.000 [49m[39m┆[48;5;0m[38;5;9m 0.000   [49m[39m┆[48;5;0m[38;5;9m 0.000   [49m[39m┆[48;5;0m[38;5;9m 0.000   [49m[39m┆[48;5;0m[38;5;9m 0.000   [49m[39m┆[48;5;0m[38;5;9m 0.000   [49m[39m│
│ Sandra  ┆[38;5;9m 0.000   [39m┆[38;5;9m 0.000   [39m┆[38;5;9m 0.000    [39m┆[38;5;9m 0.000   [39m┆[38;5;9m 0.000   [39m┆[38;5;9m 0.000   [39m┆[38;5;9m 0.000   [39m┆[38;5;9m 0.000   [39m┆[38;5;10m 100.000 [39m┆[38;5;9m 0.000   [39m┆[38;5;9m 0.000   [39m│
│[48;5;0m Shakira [49m┆[48;5;0m[38;5;9m 0.000   [49m[39m┆[48;5;0m[38;5;9m 0.000   [49m[39m┆[48;5;0m[38;5;9m 0.000    [49m[39m┆[48;5;0m[38;5;9m 0.000   [49m[39m┆[48;5;0m[38;5;10m 100.000 [49m[39m┆[48;5;0m[38;5;9m 0.000   [49m[39m┆[48;5;0m[38;5;9m 0.000   [49m[39m┆[48;5;0m[38;5;9m 0.000   [49m[39m┆[48;5;0m[38;5;9m 0.000   [49m[39m┆[48;5;0m[38;5;9m 0.000   [49m[39m┆[48;5;0m[38;5;9m 0.000   [49m[39m│
│ Steffi  ┆[38;5;9m 0.000   [39m┆[38;5;9m 0.000   [39m┆[38;5;10m 100.000  [39m┆[38;5;9m 0.000   [39m┆[38;5;9m 0.000   [39m┆[38;5;9m 0.000   [39m┆[38;5;9m 0.000   [39m┆[38;5;9m 0.000   [39m┆[38;5;9m 0.000   [39m┆[38;5;9m 0.000   [39m┆[38;5;9m 0.000   [39m│
╰─────────┴─────────┴─────────┴──────────┴─────────┴─────────┴─────────┴─────────┴─────────┴─────────┴─────────┴─────────╯
1 left -> 0.0000 bits left

MN#6.0 E14
2x Paulina -> Mike
1x Steffi -> Emanuell
1x Sandra -> Steffen
2x Shakira -> Fabio
2x Marie -> Elia
1x Sabrina -> Peter
0x Alicia -> Paco
3x Jenny -> Marvin
4x Darya -> Danilo
2x Kim -> Teezy
---
-> Pr[lights]: {1: 0.3%, 2: 14.3%, 3: 49.5%, 4: 30.7%, 5: 5.2%}
->  E[lights]: 3.261
4 lights => I = 1.7037 bits
╭─────────┬─────────┬─────────┬──────────┬─────────┬─────────┬─────────┬─────────┬─────────┬─────────┬─────────┬─────────╮
│         ┆  Danilo ┆   Elia  ┆ Emanuell ┆  Fabio  ┆  Marvin ┆   Mike  ┆   Paco  ┆  Peter  ┆ Steffen ┆  Teezy  ┆   Max   │
╞═════════╪═════════╪═════════╪══════════╪═════════╪═════════╪═════════╪═════════╪═════════╪═════════╪═════════╪═════════╡
│[48;5;0m Alicia  [49m┆[48;5;0m[38;5;9m 0.000   [49m[39m┆[48;5;0m[38;5;10m 100.000 [49m[39m┆[48;5;0m[38;5;9m 0.000    [49m[39m┆[48;5;0m[38;5;9m 0.000   [49m[39m┆[48;5;0m[38;5;9m 0.000   [49m[39m┆[48;5;0m[38;5;9m 0.000   [49m[39m┆[48;5;0m[38;5;9m 0.000   [49m[39m┆[48;5;0m[38;5;9m 0.000   [49m[39m┆[48;5;0m[38;5;9m 0.000   [49m[39m┆[48;5;0m[38;5;9m 0.000   [49m[39m┆[48;5;0m[38;5;9m 0.000   [49m[39m│
│ Darya   ┆[38;5;10m 100.000 [39m┆[38;5;9m 0.000   [39m┆[38;5;9m 0.000    [39m┆[38;5;9m 0.000   [39m┆[38;5;9m 0.000   [39m┆[38;5;9m 0.000   [39m┆[38;5;9m 0.000   [39m┆[38;5;9m 0.000   [39m┆[38;5;9m 0.000   [39m┆[38;5;9m 0.000   [39m┆[38;5;9m 0.000   [39m│
│[48;5;0m Jenny   [49m┆[48;5;0m[38;5;9m 0.000   [49m[39m┆[48;5;0m[38;5;9m 0.000   [49m[39m┆[48;5;0m[38;5;9m 0.000    [49m[39m┆[48;5;0m[38;5;9m 0.000   [49m[39m┆[48;5;0m[38;5;9m 0.000   [49m[39m┆[48;5;0m[38;5;9m 0.000   [49m[39m┆[48;5;0m[38;5;10m 100.000 [49m[39m┆[48;5;0m[38;5;9m 0.000   [49m[39m┆[48;5;0m[38;5;9m 0.000   [49m[39m┆[48;5;0m[38;5;9m 0.000   [49m[39m┆[48;5;0m[38;5;9m 0.000   [49m[39m│
│ Kim     ┆[38;5;9m 0.000   [39m┆[38;5;9m 0.000   [39m┆[38;5;9m 0.000    [39m┆[38;5;9m 0.000   [39m┆[38;5;9m 0.000   [39m┆[38;5;9m 0.000   [39m┆[38;5;9m 0.000   [39m┆[38;5;9m 0.000   [39m┆[38;5;9m 0.000   [39m┆[38;5;10m 100.000 [39m┆[38;5;9m 0.000   [39m│
│[48;5;0m Marie   [49m┆[48;5;0m[38;5;9m 0.000   [49m[39m┆[48;5;0m[38;5;9m 0.000   [49m[39m┆[48;5;0m[38;5;9m 0.000    [49m[39m┆[48;5;0m[38;5;10m 100.000 [49m[39m┆[48;5;0m[38;5;9m 0.000   [49m[39m┆[48;5;0m[38;5;9m 0.000   [49m[39m┆[48;5;0m[38;5;9m 0.000   [49m[39m┆[48;5;0m[38;5;9m 0.000   [49m[39m┆[48;5;0m[38;5;9m 0.000   [49m[39m┆[48;5;0m[38;5;9m 0.000   [49m[39m┆[48;5;0m[38;5;9m 0.000   [49m[39m│
│ Paulina ┆[38;5;9m 0.000   [39m┆[38;5;9m 0.000   [39m┆[38;5;9m 0.000    [39m┆[38;5;9m 0.000   [39m┆[38;5;9m 0.000   [39m┆[38;5;9m 0.000   [39m┆[38;5;9m 0.000   [39m┆[38;5;10m 100.000 [39m┆[38;5;9m 0.000   [39m┆[38;5;9m 0.000   [39m┆[38;5;10m 100.000 [39m│
│[48;5;0m Sabrina [49m┆[48;5;0m[38;5;9m 0.000   [49m[39m┆[48;5;0m[38;5;9m 0.000   [49m[39m┆[48;5;0m[38;5;9m 0.000    [49m[39m┆[48;5;0m[38;5;9m 0.000   [49m[39m┆[48;5;0m[38;5;9m 0.000   [49m[39m┆[48;5;0m[38;5;10m 100.000 [49m[39m┆[48;5;0m[38;5;9m 0.000   [49m[39m┆[48;5;0m[38;5;9m 0.000   [49m[39m┆[48;5;0m[38;5;9m 0.000   [49m[39m┆[48;5;0m[38;5;9m 0.000   [49m[39m┆[48;5;0m[38;5;9m 0.000   [49m[39m│
│ Sandra  ┆[38;5;9m 0.000   [39m┆[38;5;9m 0.000   [39m┆[38;5;9m 0.000    [39m┆[38;5;9m 0.000   [39m┆[38;5;9m 0.000   [39m┆[38;5;9m 0.000   [39m┆[38;5;9m 0.000   [39m┆[38;5;9m 0.000   [39m┆[38;5;10m 100.000 [39m┆[38;5;9m 0.000   [39m┆[38;5;9m 0.000   [39m│
│[48;5;0m Shakira [49m┆[48;5;0m[38;5;9m 0.000   [49m[39m┆[48;5;0m[38;5;9m 0.000   [49m[39m┆[48;5;0m[38;5;9m 0.000    [49m[39m┆[48;5;0m[38;5;9m 0.000   [49m[39m┆[48;5;0m[38;5;10m 100.000 [49m[39m┆[48;5;0m[38;5;9m 0.000   [49m[39m┆[48;5;0m[38;5;9m 0.000   [49m[39m┆[48;5;0m[38;5;9m 0.000   [49m[39m┆[48;5;0m[38;5;9m 0.000   [49m[39m┆[48;5;0m[38;5;9m 0.000   [49m[39m┆[48;5;0m[38;5;9m 0.000   [49m[39m│
│ Steffi  ┆[38;5;9m 0.000   [39m┆[38;5;9m 0.000   [39m┆[38;5;10m 100.000  [39m┆[38;5;9m 0.000   [39m┆[38;5;9m 0.000   [39m┆[38;5;9m 0.000   [39m┆[38;5;9m 0.000   [39m┆[38;5;9m 0.000   [39m┆[38;5;9m 0.000   [39m┆[38;5;9m 0.000   [39m┆[38;5;9m 0.000   [39m│
╰─────────┴─────────┴─────────┴──────────┴─────────┴─────────┴─────────┴─────────┴─────────┴─────────┴─────────┴─────────╯
1 left -> 0.0000 bits left

MB#7.0 E15
Alicia -> Peter
Darya -> Max
---
Eq => I = 2.9578 bits
╭─────────┬─────────┬─────────┬──────────┬─────────┬─────────┬─────────┬─────────┬─────────┬─────────┬─────────┬─────────╮
│         ┆  Danilo ┆   Elia  ┆ Emanuell ┆  Fabio  ┆  Marvin ┆   Mike  ┆   Paco  ┆  Peter  ┆ Steffen ┆  Teezy  ┆   Max   │
╞═════════╪═════════╪═════════╪══════════╪═════════╪═════════╪═════════╪═════════╪═════════╪═════════╪═════════╪═════════╡
│[48;5;0m Alicia  [49m┆[48;5;0m[38;5;9m 0.000   [49m[39m┆[48;5;0m[38;5;10m 100.000 [49m[39m┆[48;5;0m[38;5;9m 0.000    [49m[39m┆[48;5;0m[38;5;9m 0.000   [49m[39m┆[48;5;0m[38;5;9m 0.000   [49m[39m┆[48;5;0m[38;5;9m 0.000   [49m[39m┆[48;5;0m[38;5;9m 0.000   [49m[39m┆[48;5;0m[38;5;9m 0.000   [49m[39m┆[48;5;0m[38;5;9m 0.000   [49m[39m┆[48;5;0m[38;5;9m 0.000   [49m[39m┆[48;5;0m[38;5;9m 0.000   [49m[39m│
│ Darya   ┆[38;5;10m 100.000 [39m┆[38;5;9m 0.000   [39m┆[38;5;9m 0.000    [39m┆[38;5;9m 0.000   [39m┆[38;5;9m 0.000   [39m┆[38;5;9m 0.000   [39m┆[38;5;9m 0.000   [39m┆[38;5;9m 0.000   [39m┆[38;5;9m 0.000   [39m┆[38;5;9m 0.000   [39m┆[38;5;9m 0.000   [39m│
│[48;5;0m Jenny   [49m┆[48;5;0m[38;5;9m 0.000   [49m[39m┆[48;5;0m[38;5;9m 0.000   [49m[39m┆[48;5;0m[38;5;9m 0.000    [49m[39m┆[48;5;0m[38;5;9m 0.000   [49m[39m┆[48;5;0m[38;5;9m 0.000   [49m[39m┆[48;5;0m[38;5;9m 0.000   [49m[39m┆[48;5;0m[38;5;10m 100.000 [49m[39m┆[48;5;0m[38;5;9m 0.000   [49m[39m┆[48;5;0m[38;5;9m 0.000   [49m[39m┆[48;5;0m[38;5;9m 0.000   [49m[39m┆[48;5;0m[38;5;9m 0.000   [49m[39m│
│ Kim     ┆[38;5;9m 0.000   [39m┆[38;5;9m 0.000   [39m┆[38;5;9m 0.000    [39m┆[38;5;9m 0.000   [39m┆[38;5;9m 0.000   [39m┆[38;5;9m 0.000   [39m┆[38;5;9m 0.000   [39m┆[38;5;9m 0.000   [39m┆[38;5;9m 0.000   [39m┆[38;5;10m 100.000 [39m┆[38;5;9m 0.000   [39m│
│[48;5;0m Marie   [49m┆[48;5;0m[38;5;9m 0.000   [49m[39m┆[48;5;0m[38;5;9m 0.000   [49m[39m┆[48;5;0m[38;5;9m 0.000    [49m[39m┆[48;5;0m[38;5;10m 100.000 [49m[39m┆[48;5;0m[38;5;9m 0.000   [49m[39m┆[48;5;0m[38;5;9m 0.000   [49m[39m┆[48;5;0m[38;5;9m 0.000   [49m[39m┆[48;5;0m[38;5;9m 0.000   [49m[39m┆[48;5;0m[38;5;9m 0.000   [49m[39m┆[48;5;0m[38;5;9m 0.000   [49m[39m┆[48;5;0m[38;5;9m 0.000   [49m[39m│
│ Paulina ┆[38;5;9m 0.000   [39m┆[38;5;9m 0.000   [39m┆[38;5;9m 0.000    [39m┆[38;5;9m 0.000   [39m┆[38;5;9m 0.000   [39m┆[38;5;9m 0.000   [39m┆[38;5;9m 0.000   [39m┆[38;5;10m 100.000 [39m┆[38;5;9m 0.000   [39m┆[38;5;9m 0.000   [39m┆[38;5;10m 100.000 [39m│
│[48;5;0m Sabrina [49m┆[48;5;0m[38;5;9m 0.000   [49m[39m┆[48;5;0m[38;5;9m 0.000   [49m[39m┆[48;5;0m[38;5;9m 0.000    [49m[39m┆[48;5;0m[38;5;9m 0.000   [49m[39m┆[48;5;0m[38;5;9m 0.000   [49m[39m┆[48;5;0m[38;5;10m 100.000 [49m[39m┆[48;5;0m[38;5;9m 0.000   [49m[39m┆[48;5;0m[38;5;9m 0.000   [49m[39m┆[48;5;0m[38;5;9m 0.000   [49m[39m┆[48;5;0m[38;5;9m 0.000   [49m[39m┆[48;5;0m[38;5;9m 0.000   [49m[39m│
│ Sandra  ┆[38;5;9m 0.000   [39m┆[38;5;9m 0.000   [39m┆[38;5;9m 0.000    [39m┆[38;5;9m 0.000   [39m┆[38;5;9m 0.000   [39m┆[38;5;9m 0.000   [39m┆[38;5;9m 0.000   [39m┆[38;5;9m 0.000   [39m┆[38;5;10m 100.000 [39m┆[38;5;9m 0.000   [39m┆[38;5;9m 0.000   [39m│
│[48;5;0m Shakira [49m┆[48;5;0m[38;5;9m 0.000   [49m[39m┆[48;5;0m[38;5;9m 0.000   [49m[39m┆[48;5;0m[38;5;9m 0.000    [49m[39m┆[48;5;0m[38;5;9m 0.000   [49m[39m┆[48;5;0m[38;5;10m 100.000 [49m[39m┆[48;5;0m[38;5;9m 0.000   [49m[39m┆[48;5;0m[38;5;9m 0.000   [49m[39m┆[48;5;0m[38;5;9m 0.000   [49m[39m┆[48;5;0m[38;5;9m 0.000   [49m[39m┆[48;5;0m[38;5;9m 0.000   [49m[39m┆[48;5;0m[38;5;9m 0.000   [49m[39m│
│ Steffi  ┆[38;5;9m 0.000   [39m┆[38;5;9m 0.000   [39m┆[38;5;10m 100.000  [39m┆[38;5;9m 0.000   [39m┆[38;5;9m 0.000   [39m┆[38;5;9m 0.000   [39m┆[38;5;9m 0.000   [39m┆[38;5;9m 0.000   [39m┆[38;5;9m 0.000   [39m┆[38;5;9m 0.000   [39m┆[38;5;9m 0.000   [39m│
╰─────────┴─────────┴─────────┴──────────┴─────────┴─────────┴─────────┴─────────┴─────────┴─────────┴─────────┴─────────╯
1 left -> 0.0000 bits left

MN#7.0 E16
0x Shakira -> Max
0x Paulina -> Marvin
0x Sandra -> Mike
2x Sabrina -> Emanuell
0x Marie -> Steffen
0x Jenny -> Paco
0x Alicia -> Fabio
1x Steffi -> Elia
3x Kim -> Teezy
5x Darya -> Danilo
---
-> Pr[lights]: {1: 15.4%, 2: 46.2%, 3: 23.1%, 4: 15.4%}
->  E[lights]: 2.385
3 lights => I = 2.1155 bits
╭─────────┬─────────┬─────────┬──────────┬─────────┬─────────┬─────────┬─────────┬─────────┬─────────┬─────────┬─────────╮
│         ┆  Danilo ┆   Elia  ┆ Emanuell ┆  Fabio  ┆  Marvin ┆   Mike  ┆   Paco  ┆  Peter  ┆ Steffen ┆  Teezy  ┆   Max   │
╞═════════╪═════════╪═════════╪══════════╪═════════╪═════════╪═════════╪═════════╪═════════╪═════════╪═════════╪═════════╡
│[48;5;0m Alicia  [49m┆[48;5;0m[38;5;9m 0.000   [49m[39m┆[48;5;0m[38;5;10m 100.000 [49m[39m┆[48;5;0m[38;5;9m 0.000    [49m[39m┆[48;5;0m[38;5;9m 0.000   [49m[39m┆[48;5;0m[38;5;9m 0.000   [49m[39m┆[48;5;0m[38;5;9m 0.000   [49m[39m┆[48;5;0m[38;5;9m 0.000   [49m[39m┆[48;5;0m[38;5;9m 0.000   [49m[39m┆[48;5;0m[38;5;9m 0.000   [49m[39m┆[48;5;0m[38;5;9m 0.000   [49m[39m┆[48;5;0m[38;5;9m 0.000   [49m[39m│
│ Darya   ┆[38;5;10m 100.000 [39m┆[38;5;9m 0.000   [39m┆[38;5;9m 0.000    [39m┆[38;5;9m 0.000   [39m┆[38;5;9m 0.000   [39m┆[38;5;9m 0.000   [39m┆[38;5;9m 0.000   [39m┆[38;5;9m 0.000   [39m┆[38;5;9m 0.000   [39m┆[38;5;9m 0.000   [39m┆[38;5;9m 0.000   [39m│
│[48;5;0m Jenny   [49m┆[48;5;0m[38;5;9m 0.000   [49m[39m┆[48;5;0m[38;5;9m 0.000   [49m[39m┆[48;5;0m[38;5;9m 0.000    [49m[39m┆[48;5;0m[38;5;9m 0.000   [49m[39m┆[48;5;0m[38;5;9m 0.000   [49m[39m┆[48;5;0m[38;5;9m 0.000   [49m[39m┆[48;5;0m[38;5;10m 100.000 [49m[39m┆[48;5;0m[38;5;9m 0.000   [49m[39m┆[48;5;0m[38;5;9m 0.000   [49m[39m┆[48;5;0m[38;5;9m 0.000   [49m[39m┆[48;5;0m[38;5;9m 0.000   [49m[39m│
│ Kim     ┆[38;5;9m 0.000   [39m┆[38;5;9m 0.000   [39m┆[38;5;9m 0.000    [39m┆[38;5;9m 0.000   [39m┆[38;5;9m 0.000   [39m┆[38;5;9m 0.000   [39m┆[38;5;9m 0.000   [39m┆[38;5;9m 0.000   [39m┆[38;5;9m 0.000   [39m┆[38;5;10m 100.000 [39m┆[38;5;9m 0.000   [39m│
│[48;5;0m Marie   [49m┆[48;5;0m[38;5;9m 0.000   [49m[39m┆[48;5;0m[38;5;9m 0.000   [49m[39m┆[48;5;0m[38;5;9m 0.000    [49m[39m┆[48;5;0m[38;5;10m 100.000 [49m[39m┆[48;5;0m[38;5;9m 0.000   [49m[39m┆[48;5;0m[38;5;9m 0.000   [49m[39m┆[48;5;0m[38;5;9m 0.000   [49m[39m┆[48;5;0m[38;5;9m 0.000   [49m[39m┆[48;5;0m[38;5;9m 0.000   [49m[39m┆[48;5;0m[38;5;9m 0.000   [49m[39m┆[48;5;0m[38;5;9m 0.000   [49m[39m│
│ Paulina ┆[38;5;9m 0.000   [39m┆[38;5;9m 0.000   [39m┆[38;5;9m 0.000    [39m┆[38;5;9m 0.000   [39m┆[38;5;9m 0.000   [39m┆[38;5;9m 0.000   [39m┆[38;5;9m 0.000   [39m┆[38;5;10m 100.000 [39m┆[38;5;9m 0.000   [39m┆[38;5;9m 0.000   [39m┆[38;5;10m 100.000 [39m│
│[48;5;0m Sabrina [49m┆[48;5;0m[38;5;9m 0.000   [49m[39m┆[48;5;0m[38;5;9m 0.000   [49m[39m┆[48;5;0m[38;5;9m 0.000    [49m[39m┆[48;5;0m[38;5;9m 0.000   [49m[39m┆[48;5;0m[38;5;9m 0.000   [49m[39m┆[48;5;0m[38;5;10m 100.000 [49m[39m┆[48;5;0m[38;5;9m 0.000   [49m[39m┆[48;5;0m[38;5;9m 0.000   [49m[39m┆[48;5;0m[38;5;9m 0.000   [49m[39m┆[48;5;0m[38;5;9m 0.000   [49m[39m┆[48;5;0m[38;5;9m 0.000   [49m[39m│
│ Sandra  ┆[38;5;9m 0.000   [39m┆[38;5;9m 0.000   [39m┆[38;5;9m 0.000    [39m┆[38;5;9m 0.000   [39m┆[38;5;9m 0.000   [39m┆[38;5;9m 0.000   [39m┆[38;5;9m 0.000   [39m┆[38;5;9m 0.000   [39m┆[38;5;10m 100.000 [39m┆[38;5;9m 0.000   [39m┆[38;5;9m 0.000   [39m│
│[48;5;0m Shakira [49m┆[48;5;0m[38;5;9m 0.000   [49m[39m┆[48;5;0m[38;5;9m 0.000   [49m[39m┆[48;5;0m[38;5;9m 0.000    [49m[39m┆[48;5;0m[38;5;9m 0.000   [49m[39m┆[48;5;0m[38;5;10m 100.000 [49m[39m┆[48;5;0m[38;5;9m 0.000   [49m[39m┆[48;5;0m[38;5;9m 0.000   [49m[39m┆[48;5;0m[38;5;9m 0.000   [49m[39m┆[48;5;0m[38;5;9m 0.000   [49m[39m┆[48;5;0m[38;5;9m 0.000   [49m[39m┆[48;5;0m[38;5;9m 0.000   [49m[39m│
│ Steffi  ┆[38;5;9m 0.000   [39m┆[38;5;9m 0.000   [39m┆[38;5;10m 100.000  [39m┆[38;5;9m 0.000   [39m┆[38;5;9m 0.000   [39m┆[38;5;9m 0.000   [39m┆[38;5;9m 0.000   [39m┆[38;5;9m 0.000   [39m┆[38;5;9m 0.000   [39m┆[38;5;9m 0.000   [39m┆[38;5;9m 0.000   [39m│
╰─────────┴─────────┴─────────┴──────────┴─────────┴─────────┴─────────┴─────────┴─────────┴─────────┴─────────┴─────────╯
1 left -> 0.0000 bits left

MB#8.0 E17
Sabrina -> Max
---
-> Pr[lights]: {0: 100.0%}
0 lights => I = -0.0000 bits
╭─────────┬─────────┬─────────┬──────────┬─────────┬─────────┬─────────┬─────────┬─────────┬─────────┬─────────┬─────────╮
│         ┆  Danilo ┆   Elia  ┆ Emanuell ┆  Fabio  ┆  Marvin ┆   Mike  ┆   Paco  ┆  Peter  ┆ Steffen ┆  Teezy  ┆   Max   │
╞═════════╪═════════╪═════════╪══════════╪═════════╪═════════╪═════════╪═════════╪═════════╪═════════╪═════════╪═════════╡
│[48;5;0m Alicia  [49m┆[48;5;0m[38;5;9m 0.000   [49m[39m┆[48;5;0m[38;5;10m 100.000 [49m[39m┆[48;5;0m[38;5;9m 0.000    [49m[39m┆[48;5;0m[38;5;9m 0.000   [49m[39m┆[48;5;0m[38;5;9m 0.000   [49m[39m┆[48;5;0m[38;5;9m 0.000   [49m[39m┆[48;5;0m[38;5;9m 0.000   [49m[39m┆[48;5;0m[38;5;9m 0.000   [49m[39m┆[48;5;0m[38;5;9m 0.000   [49m[39m┆[48;5;0m[38;5;9m 0.000   [49m[39m┆[48;5;0m[38;5;9m 0.000   [49m[39m│
│ Darya   ┆[38;5;10m 100.000 [39m┆[38;5;9m 0.000   [39m┆[38;5;9m 0.000    [39m┆[38;5;9m 0.000   [39m┆[38;5;9m 0.000   [39m┆[38;5;9m 0.000   [39m┆[38;5;9m 0.000   [39m┆[38;5;9m 0.000   [39m┆[38;5;9m 0.000   [39m┆[38;5;9m 0.000   [39m┆[38;5;9m 0.000   [39m│
│[48;5;0m Jenny   [49m┆[48;5;0m[38;5;9m 0.000   [49m[39m┆[48;5;0m[38;5;9m 0.000   [49m[39m┆[48;5;0m[38;5;9m 0.000    [49m[39m┆[48;5;0m[38;5;9m 0.000   [49m[39m┆[48;5;0m[38;5;9m 0.000   [49m[39m┆[48;5;0m[38;5;9m 0.000   [49m[39m┆[48;5;0m[38;5;10m 100.000 [49m[39m┆[48;5;0m[38;5;9m 0.000   [49m[39m┆[48;5;0m[38;5;9m 0.000   [49m[39m┆[48;5;0m[38;5;9m 0.000   [49m[39m┆[48;5;0m[38;5;9m 0.000   [49m[39m│
│ Kim     ┆[38;5;9m 0.000   [39m┆[38;5;9m 0.000   [39m┆[38;5;9m 0.000    [39m┆[38;5;9m 0.000   [39m┆[38;5;9m 0.000   [39m┆[38;5;9m 0.000   [39m┆[38;5;9m 0.000   [39m┆[38;5;9m 0.000   [39m┆[38;5;9m 0.000   [39m┆[38;5;10m 100.000 [39m┆[38;5;9m 0.000   [39m│
│[48;5;0m Marie   [49m┆[48;5;0m[38;5;9m 0.000   [49m[39m┆[48;5;0m[38;5;9m 0.000   [49m[39m┆[48;5;0m[38;5;9m 0.000    [49m[39m┆[48;5;0m[38;5;10m 100.000 [49m[39m┆[48;5;0m[38;5;9m 0.000   [49m[39m┆[48;5;0m[38;5;9m 0.000   [49m[39m┆[48;5;0m[38;5;9m 0.000   [49m[39m┆[48;5;0m[38;5;9m 0.000   [49m[39m┆[48;5;0m[38;5;9m 0.000   [49m[39m┆[48;5;0m[38;5;9m 0.000   [49m[39m┆[48;5;0m[38;5;9m 0.000   [49m[39m│
│ Paulina ┆[38;5;9m 0.000   [39m┆[38;5;9m 0.000   [39m┆[38;5;9m 0.000    [39m┆[38;5;9m 0.000   [39m┆[38;5;9m 0.000   [39m┆[38;5;9m 0.000   [39m┆[38;5;9m 0.000   [39m┆[38;5;10m 100.000 [39m┆[38;5;9m 0.000   [39m┆[38;5;9m 0.000   [39m┆[38;5;10m 100.000 [39m│
│[48;5;0m Sabrina [49m┆[48;5;0m[38;5;9m 0.000   [49m[39m┆[48;5;0m[38;5;9m 0.000   [49m[39m┆[48;5;0m[38;5;9m 0.000    [49m[39m┆[48;5;0m[38;5;9m 0.000   [49m[39m┆[48;5;0m[38;5;9m 0.000   [49m[39m┆[48;5;0m[38;5;10m 100.000 [49m[39m┆[48;5;0m[38;5;9m 0.000   [49m[39m┆[48;5;0m[38;5;9m 0.000   [49m[39m┆[48;5;0m[38;5;9m 0.000   [49m[39m┆[48;5;0m[38;5;9m 0.000   [49m[39m┆[48;5;0m[38;5;9m 0.000   [49m[39m│
│ Sandra  ┆[38;5;9m 0.000   [39m┆[38;5;9m 0.000   [39m┆[38;5;9m 0.000    [39m┆[38;5;9m 0.000   [39m┆[38;5;9m 0.000   [39m┆[38;5;9m 0.000   [39m┆[38;5;9m 0.000   [39m┆[38;5;9m 0.000   [39m┆[38;5;10m 100.000 [39m┆[38;5;9m 0.000   [39m┆[38;5;9m 0.000   [39m│
│[48;5;0m Shakira [49m┆[48;5;0m[38;5;9m 0.000   [49m[39m┆[48;5;0m[38;5;9m 0.000   [49m[39m┆[48;5;0m[38;5;9m 0.000    [49m[39m┆[48;5;0m[38;5;9m 0.000   [49m[39m┆[48;5;0m[38;5;10m 100.000 [49m[39m┆[48;5;0m[38;5;9m 0.000   [49m[39m┆[48;5;0m[38;5;9m 0.000   [49m[39m┆[48;5;0m[38;5;9m 0.000   [49m[39m┆[48;5;0m[38;5;9m 0.000   [49m[39m┆[48;5;0m[38;5;9m 0.000   [49m[39m┆[48;5;0m[38;5;9m 0.000   [49m[39m│
│ Steffi  ┆[38;5;9m 0.000   [39m┆[38;5;9m 0.000   [39m┆[38;5;10m 100.000  [39m┆[38;5;9m 0.000   [39m┆[38;5;9m 0.000   [39m┆[38;5;9m 0.000   [39m┆[38;5;9m 0.000   [39m┆[38;5;9m 0.000   [39m┆[38;5;9m 0.000   [39m┆[38;5;9m 0.000   [39m┆[38;5;9m 0.000   [39m│
╰─────────┴─────────┴─────────┴──────────┴─────────┴─────────┴─────────┴─────────┴─────────┴─────────┴─────────┴─────────╯
1 left -> 0.0000 bits left

MN#8.0 E18 -- Blackout
0x Sandra -> Fabio
1x Alicia -> Paco
4x Jenny -> Marvin
0x Shakira -> Steffen
0x Steffi -> Mike
6x Darya -> Danilo
0x Kim -> Max
3x Sabrina -> Emanuell
0x Paulina -> Teezy
3x Marie -> Elia
---
-> Pr[lights]: {1: 33.3%, 6: 33.3%, 7: 33.3%}
->  E[lights]: 4.667
1 lights => I = 1.5850 bits
╭─────────┬─────────┬─────────┬──────────┬─────────┬─────────┬─────────┬─────────┬─────────┬─────────┬─────────┬─────────╮
│         ┆  Danilo ┆   Elia  ┆ Emanuell ┆  Fabio  ┆  Marvin ┆   Mike  ┆   Paco  ┆  Peter  ┆ Steffen ┆  Teezy  ┆   Max   │
╞═════════╪═════════╪═════════╪══════════╪═════════╪═════════╪═════════╪═════════╪═════════╪═════════╪═════════╪═════════╡
│[48;5;0m Alicia  [49m┆[48;5;0m[38;5;9m 0.000   [49m[39m┆[48;5;0m[38;5;10m 100.000 [49m[39m┆[48;5;0m[38;5;9m 0.000    [49m[39m┆[48;5;0m[38;5;9m 0.000   [49m[39m┆[48;5;0m[38;5;9m 0.000   [49m[39m┆[48;5;0m[38;5;9m 0.000   [49m[39m┆[48;5;0m[38;5;9m 0.000   [49m[39m┆[48;5;0m[38;5;9m 0.000   [49m[39m┆[48;5;0m[38;5;9m 0.000   [49m[39m┆[48;5;0m[38;5;9m 0.000   [49m[39m┆[48;5;0m[38;5;9m 0.000   [49m[39m│
│ Darya   ┆[38;5;10m 100.000 [39m┆[38;5;9m 0.000   [39m┆[38;5;9m 0.000    [39m┆[38;5;9m 0.000   [39m┆[38;5;9m 0.000   [39m┆[38;5;9m 0.000   [39m┆[38;5;9m 0.000   [39m┆[38;5;9m 0.000   [39m┆[38;5;9m 0.000   [39m┆[38;5;9m 0.000   [39m┆[38;5;9m 0.000   [39m│
│[48;5;0m Jenny   [49m┆[48;5;0m[38;5;9m 0.000   [49m[39m┆[48;5;0m[38;5;9m 0.000   [49m[39m┆[48;5;0m[38;5;9m 0.000    [49m[39m┆[48;5;0m[38;5;9m 0.000   [49m[39m┆[48;5;0m[38;5;9m 0.000   [49m[39m┆[48;5;0m[38;5;9m 0.000   [49m[39m┆[48;5;0m[38;5;10m 100.000 [49m[39m┆[48;5;0m[38;5;9m 0.000   [49m[39m┆[48;5;0m[38;5;9m 0.000   [49m[39m┆[48;5;0m[38;5;9m 0.000   [49m[39m┆[48;5;0m[38;5;9m 0.000   [49m[39m│
│ Kim     ┆[38;5;9m 0.000   [39m┆[38;5;9m 0.000   [39m┆[38;5;9m 0.000    [39m┆[38;5;9m 0.000   [39m┆[38;5;9m 0.000   [39m┆[38;5;9m 0.000   [39m┆[38;5;9m 0.000   [39m┆[38;5;9m 0.000   [39m┆[38;5;9m 0.000   [39m┆[38;5;10m 100.000 [39m┆[38;5;9m 0.000   [39m│
│[48;5;0m Marie   [49m┆[48;5;0m[38;5;9m 0.000   [49m[39m┆[48;5;0m[38;5;9m 0.000   [49m[39m┆[48;5;0m[38;5;9m 0.000    [49m[39m┆[48;5;0m[38;5;10m 100.000 [49m[39m┆[48;5;0m[38;5;9m 0.000   [49m[39m┆[48;5;0m[38;5;9m 0.000   [49m[39m┆[48;5;0m[38;5;9m 0.000   [49m[39m┆[48;5;0m[38;5;9m 0.000   [49m[39m┆[48;5;0m[38;5;9m 0.000   [49m[39m┆[48;5;0m[38;5;9m 0.000   [49m[39m┆[48;5;0m[38;5;9m 0.000   [49m[39m│
│ Paulina ┆[38;5;9m 0.000   [39m┆[38;5;9m 0.000   [39m┆[38;5;9m 0.000    [39m┆[38;5;9m 0.000   [39m┆[38;5;9m 0.000   [39m┆[38;5;9m 0.000   [39m┆[38;5;9m 0.000   [39m┆[38;5;10m 100.000 [39m┆[38;5;9m 0.000   [39m┆[38;5;9m 0.000   [39m┆[38;5;10m 100.000 [39m│
│[48;5;0m Sabrina [49m┆[48;5;0m[38;5;9m 0.000   [49m[39m┆[48;5;0m[38;5;9m 0.000   [49m[39m┆[48;5;0m[38;5;9m 0.000    [49m[39m┆[48;5;0m[38;5;9m 0.000   [49m[39m┆[48;5;0m[38;5;9m 0.000   [49m[39m┆[48;5;0m[38;5;10m 100.000 [49m[39m┆[48;5;0m[38;5;9m 0.000   [49m[39m┆[48;5;0m[38;5;9m 0.000   [49m[39m┆[48;5;0m[38;5;9m 0.000   [49m[39m┆[48;5;0m[38;5;9m 0.000   [49m[39m┆[48;5;0m[38;5;9m 0.000   [49m[39m│
│ Sandra  ┆[38;5;9m 0.000   [39m┆[38;5;9m 0.000   [39m┆[38;5;9m 0.000    [39m┆[38;5;9m 0.000   [39m┆[38;5;9m 0.000   [39m┆[38;5;9m 0.000   [39m┆[38;5;9m 0.000   [39m┆[38;5;9m 0.000   [39m┆[38;5;10m 100.000 [39m┆[38;5;9m 0.000   [39m┆[38;5;9m 0.000   [39m│
│[48;5;0m Shakira [49m┆[48;5;0m[38;5;9m 0.000   [49m[39m┆[48;5;0m[38;5;9m 0.000   [49m[39m┆[48;5;0m[38;5;9m 0.000    [49m[39m┆[48;5;0m[38;5;9m 0.000   [49m[39m┆[48;5;0m[38;5;10m 100.000 [49m[39m┆[48;5;0m[38;5;9m 0.000   [49m[39m┆[48;5;0m[38;5;9m 0.000   [49m[39m┆[48;5;0m[38;5;9m 0.000   [49m[39m┆[48;5;0m[38;5;9m 0.000   [49m[39m┆[48;5;0m[38;5;9m 0.000   [49m[39m┆[48;5;0m[38;5;9m 0.000   [49m[39m│
│ Steffi  ┆[38;5;9m 0.000   [39m┆[38;5;9m 0.000   [39m┆[38;5;10m 100.000  [39m┆[38;5;9m 0.000   [39m┆[38;5;9m 0.000   [39m┆[38;5;9m 0.000   [39m┆[38;5;9m 0.000   [39m┆[38;5;9m 0.000   [39m┆[38;5;9m 0.000   [39m┆[38;5;9m 0.000   [39m┆[38;5;9m 0.000   [39m│
╰─────────┴─────────┴─────────┴──────────┴─────────┴─────────┴─────────┴─────────┴─────────┴─────────┴─────────┴─────────╯
1 left -> 0.0000 bits left

MB#9.0 E19
Steffi -> Emanuell
---
-> Pr[lights]: {1: 100.0%}
1 lights => I = -0.0000 bits
╭─────────┬─────────┬─────────┬──────────┬─────────┬─────────┬─────────┬─────────┬─────────┬─────────┬─────────┬─────────╮
│         ┆  Danilo ┆   Elia  ┆ Emanuell ┆  Fabio  ┆  Marvin ┆   Mike  ┆   Paco  ┆  Peter  ┆ Steffen ┆  Teezy  ┆   Max   │
╞═════════╪═════════╪═════════╪══════════╪═════════╪═════════╪═════════╪═════════╪═════════╪═════════╪═════════╪═════════╡
│[48;5;0m Alicia  [49m┆[48;5;0m[38;5;9m 0.000   [49m[39m┆[48;5;0m[38;5;10m 100.000 [49m[39m┆[48;5;0m[38;5;9m 0.000    [49m[39m┆[48;5;0m[38;5;9m 0.000   [49m[39m┆[48;5;0m[38;5;9m 0.000   [49m[39m┆[48;5;0m[38;5;9m 0.000   [49m[39m┆[48;5;0m[38;5;9m 0.000   [49m[39m┆[48;5;0m[38;5;9m 0.000   [49m[39m┆[48;5;0m[38;5;9m 0.000   [49m[39m┆[48;5;0m[38;5;9m 0.000   [49m[39m┆[48;5;0m[38;5;9m 0.000   [49m[39m│
│ Darya   ┆[38;5;10m 100.000 [39m┆[38;5;9m 0.000   [39m┆[38;5;9m 0.000    [39m┆[38;5;9m 0.000   [39m┆[38;5;9m 0.000   [39m┆[38;5;9m 0.000   [39m┆[38;5;9m 0.000   [39m┆[38;5;9m 0.000   [39m┆[38;5;9m 0.000   [39m┆[38;5;9m 0.000   [39m┆[38;5;9m 0.000   [39m│
│[48;5;0m Jenny   [49m┆[48;5;0m[38;5;9m 0.000   [49m[39m┆[48;5;0m[38;5;9m 0.000   [49m[39m┆[48;5;0m[38;5;9m 0.000    [49m[39m┆[48;5;0m[38;5;9m 0.000   [49m[39m┆[48;5;0m[38;5;9m 0.000   [49m[39m┆[48;5;0m[38;5;9m 0.000   [49m[39m┆[48;5;0m[38;5;10m 100.000 [49m[39m┆[48;5;0m[38;5;9m 0.000   [49m[39m┆[48;5;0m[38;5;9m 0.000   [49m[39m┆[48;5;0m[38;5;9m 0.000   [49m[39m┆[48;5;0m[38;5;9m 0.000   [49m[39m│
│ Kim     ┆[38;5;9m 0.000   [39m┆[38;5;9m 0.000   [39m┆[38;5;9m 0.000    [39m┆[38;5;9m 0.000   [39m┆[38;5;9m 0.000   [39m┆[38;5;9m 0.000   [39m┆[38;5;9m 0.000   [39m┆[38;5;9m 0.000   [39m┆[38;5;9m 0.000   [39m┆[38;5;10m 100.000 [39m┆[38;5;9m 0.000   [39m│
│[48;5;0m Marie   [49m┆[48;5;0m[38;5;9m 0.000   [49m[39m┆[48;5;0m[38;5;9m 0.000   [49m[39m┆[48;5;0m[38;5;9m 0.000    [49m[39m┆[48;5;0m[38;5;10m 100.000 [49m[39m┆[48;5;0m[38;5;9m 0.000   [49m[39m┆[48;5;0m[38;5;9m 0.000   [49m[39m┆[48;5;0m[38;5;9m 0.000   [49m[39m┆[48;5;0m[38;5;9m 0.000   [49m[39m┆[48;5;0m[38;5;9m 0.000   [49m[39m┆[48;5;0m[38;5;9m 0.000   [49m[39m┆[48;5;0m[38;5;9m 0.000   [49m[39m│
│ Paulina ┆[38;5;9m 0.000   [39m┆[38;5;9m 0.000   [39m┆[38;5;9m 0.000    [39m┆[38;5;9m 0.000   [39m┆[38;5;9m 0.000   [39m┆[38;5;9m 0.000   [39m┆[38;5;9m 0.000   [39m┆[38;5;10m 100.000 [39m┆[38;5;9m 0.000   [39m┆[38;5;9m 0.000   [39m┆[38;5;10m 100.000 [39m│
│[48;5;0m Sabrina [49m┆[48;5;0m[38;5;9m 0.000   [49m[39m┆[48;5;0m[38;5;9m 0.000   [49m[39m┆[48;5;0m[38;5;9m 0.000    [49m[39m┆[48;5;0m[38;5;9m 0.000   [49m[39m┆[48;5;0m[38;5;9m 0.000   [49m[39m┆[48;5;0m[38;5;10m 100.000 [49m[39m┆[48;5;0m[38;5;9m 0.000   [49m[39m┆[48;5;0m[38;5;9m 0.000   [49m[39m┆[48;5;0m[38;5;9m 0.000   [49m[39m┆[48;5;0m[38;5;9m 0.000   [49m[39m┆[48;5;0m[38;5;9m 0.000   [49m[39m│
│ Sandra  ┆[38;5;9m 0.000   [39m┆[38;5;9m 0.000   [39m┆[38;5;9m 0.000    [39m┆[38;5;9m 0.000   [39m┆[38;5;9m 0.000   [39m┆[38;5;9m 0.000   [39m┆[38;5;9m 0.000   [39m┆[38;5;9m 0.000   [39m┆[38;5;10m 100.000 [39m┆[38;5;9m 0.000   [39m┆[38;5;9m 0.000   [39m│
│[48;5;0m Shakira [49m┆[48;5;0m[38;5;9m 0.000   [49m[39m┆[48;5;0m[38;5;9m 0.000   [49m[39m┆[48;5;0m[38;5;9m 0.000    [49m[39m┆[48;5;0m[38;5;9m 0.000   [49m[39m┆[48;5;0m[38;5;10m 100.000 [49m[39m┆[48;5;0m[38;5;9m 0.000   [49m[39m┆[48;5;0m[38;5;9m 0.000   [49m[39m┆[48;5;0m[38;5;9m 0.000   [49m[39m┆[48;5;0m[38;5;9m 0.000   [49m[39m┆[48;5;0m[38;5;9m 0.000   [49m[39m┆[48;5;0m[38;5;9m 0.000   [49m[39m│
│ Steffi  ┆[38;5;9m 0.000   [39m┆[38;5;9m 0.000   [39m┆[38;5;10m 100.000  [39m┆[38;5;9m 0.000   [39m┆[38;5;9m 0.000   [39m┆[38;5;9m 0.000   [39m┆[38;5;9m 0.000   [39m┆[38;5;9m 0.000   [39m┆[38;5;9m 0.000   [39m┆[38;5;9m 0.000   [39m┆[38;5;9m 0.000   [39m│
╰─────────┴─────────┴─────────┴──────────┴─────────┴─────────┴─────────┴─────────┴─────────┴─────────┴─────────┴─────────╯
1 left -> 0.0000 bits left

MN#9.0 E20
1x Sabrina -> Mike
7x Darya -> Danilo
3x Marie -> Fabio
1x Shakira -> Marvin
0x Jenny -> Max
0x Paulina -> Paco
4x Kim -> Teezy
1x Sandra -> Elia
3x Alicia -> Steffen
2x Steffi -> Emanuell
---
-> Pr[lights]: {6: 100.0%}
->  E[lights]: 6.000
6 lights => I = -0.0000 bits
╭─────────┬─────────┬─────────┬──────────┬─────────┬─────────┬─────────┬─────────┬─────────┬─────────┬─────────┬─────────╮
│         ┆  Danilo ┆   Elia  ┆ Emanuell ┆  Fabio  ┆  Marvin ┆   Mike  ┆   Paco  ┆  Peter  ┆ Steffen ┆  Teezy  ┆   Max   │
╞═════════╪═════════╪═════════╪══════════╪═════════╪═════════╪═════════╪═════════╪═════════╪═════════╪═════════╪═════════╡
│[48;5;0m Alicia  [49m┆[48;5;0m[38;5;9m 0.000   [49m[39m┆[48;5;0m[38;5;10m 100.000 [49m[39m┆[48;5;0m[38;5;9m 0.000    [49m[39m┆[48;5;0m[38;5;9m 0.000   [49m[39m┆[48;5;0m[38;5;9m 0.000   [49m[39m┆[48;5;0m[38;5;9m 0.000   [49m[39m┆[48;5;0m[38;5;9m 0.000   [49m[39m┆[48;5;0m[38;5;9m 0.000   [49m[39m┆[48;5;0m[38;5;9m 0.000   [49m[39m┆[48;5;0m[38;5;9m 0.000   [49m[39m┆[48;5;0m[38;5;9m 0.000   [49m[39m│
│ Darya   ┆[38;5;10m 100.000 [39m┆[38;5;9m 0.000   [39m┆[38;5;9m 0.000    [39m┆[38;5;9m 0.000   [39m┆[38;5;9m 0.000   [39m┆[38;5;9m 0.000   [39m┆[38;5;9m 0.000   [39m┆[38;5;9m 0.000   [39m┆[38;5;9m 0.000   [39m┆[38;5;9m 0.000   [39m┆[38;5;9m 0.000   [39m│
│[48;5;0m Jenny   [49m┆[48;5;0m[38;5;9m 0.000   [49m[39m┆[48;5;0m[38;5;9m 0.000   [49m[39m┆[48;5;0m[38;5;9m 0.000    [49m[39m┆[48;5;0m[38;5;9m 0.000   [49m[39m┆[48;5;0m[38;5;9m 0.000   [49m[39m┆[48;5;0m[38;5;9m 0.000   [49m[39m┆[48;5;0m[38;5;10m 100.000 [49m[39m┆[48;5;0m[38;5;9m 0.000   [49m[39m┆[48;5;0m[38;5;9m 0.000   [49m[39m┆[48;5;0m[38;5;9m 0.000   [49m[39m┆[48;5;0m[38;5;9m 0.000   [49m[39m│
│ Kim     ┆[38;5;9m 0.000   [39m┆[38;5;9m 0.000   [39m┆[38;5;9m 0.000    [39m┆[38;5;9m 0.000   [39m┆[38;5;9m 0.000   [39m┆[38;5;9m 0.000   [39m┆[38;5;9m 0.000   [39m┆[38;5;9m 0.000   [39m┆[38;5;9m 0.000   [39m┆[38;5;10m 100.000 [39m┆[38;5;9m 0.000   [39m│
│[48;5;0m Marie   [49m┆[48;5;0m[38;5;9m 0.000   [49m[39m┆[48;5;0m[38;5;9m 0.000   [49m[39m┆[48;5;0m[38;5;9m 0.000    [49m[39m┆[48;5;0m[38;5;10m 100.000 [49m[39m┆[48;5;0m[38;5;9m 0.000   [49m[39m┆[48;5;0m[38;5;9m 0.000   [49m[39m┆[48;5;0m[38;5;9m 0.000   [49m[39m┆[48;5;0m[38;5;9m 0.000   [49m[39m┆[48;5;0m[38;5;9m 0.000   [49m[39m┆[48;5;0m[38;5;9m 0.000   [49m[39m┆[48;5;0m[38;5;9m 0.000   [49m[39m│
│ Paulina ┆[38;5;9m 0.000   [39m┆[38;5;9m 0.000   [39m┆[38;5;9m 0.000    [39m┆[38;5;9m 0.000   [39m┆[38;5;9m 0.000   [39m┆[38;5;9m 0.000   [39m┆[38;5;9m 0.000   [39m┆[38;5;10m 100.000 [39m┆[38;5;9m 0.000   [39m┆[38;5;9m 0.000   [39m┆[38;5;10m 100.000 [39m│
│[48;5;0m Sabrina [49m┆[48;5;0m[38;5;9m 0.000   [49m[39m┆[48;5;0m[38;5;9m 0.000   [49m[39m┆[48;5;0m[38;5;9m 0.000    [49m[39m┆[48;5;0m[38;5;9m 0.000   [49m[39m┆[48;5;0m[38;5;9m 0.000   [49m[39m┆[48;5;0m[38;5;10m 100.000 [49m[39m┆[48;5;0m[38;5;9m 0.000   [49m[39m┆[48;5;0m[38;5;9m 0.000   [49m[39m┆[48;5;0m[38;5;9m 0.000   [49m[39m┆[48;5;0m[38;5;9m 0.000   [49m[39m┆[48;5;0m[38;5;9m 0.000   [49m[39m│
│ Sandra  ┆[38;5;9m 0.000   [39m┆[38;5;9m 0.000   [39m┆[38;5;9m 0.000    [39m┆[38;5;9m 0.000   [39m┆[38;5;9m 0.000   [39m┆[38;5;9m 0.000   [39m┆[38;5;9m 0.000   [39m┆[38;5;9m 0.000   [39m┆[38;5;10m 100.000 [39m┆[38;5;9m 0.000   [39m┆[38;5;9m 0.000   [39m│
│[48;5;0m Shakira [49m┆[48;5;0m[38;5;9m 0.000   [49m[39m┆[48;5;0m[38;5;9m 0.000   [49m[39m┆[48;5;0m[38;5;9m 0.000    [49m[39m┆[48;5;0m[38;5;9m 0.000   [49m[39m┆[48;5;0m[38;5;10m 100.000 [49m[39m┆[48;5;0m[38;5;9m 0.000   [49m[39m┆[48;5;0m[38;5;9m 0.000   [49m[39m┆[48;5;0m[38;5;9m 0.000   [49m[39m┆[48;5;0m[38;5;9m 0.000   [49m[39m┆[48;5;0m[38;5;9m 0.000   [49m[39m┆[48;5;0m[38;5;9m 0.000   [49m[39m│
│ Steffi  ┆[38;5;9m 0.000   [39m┆[38;5;9m 0.000   [39m┆[38;5;10m 100.000  [39m┆[38;5;9m 0.000   [39m┆[38;5;9m 0.000   [39m┆[38;5;9m 0.000   [39m┆[38;5;9m 0.000   [39m┆[38;5;9m 0.000   [39m┆[38;5;9m 0.000   [39m┆[38;5;9m 0.000   [39m┆[38;5;9m 0.000   [39m│
╰─────────┴─────────┴─────────┴──────────┴─────────┴─────────┴─────────┴─────────┴─────────┴─────────┴─────────┴─────────╯
1 left -> 0.0000 bits left

MB#10.0 E21
Alicia -> Elia
---
-> Pr[lights]: {1: 100.0%}
1 lights => I = -0.0000 bits
╭─────────┬─────────┬─────────┬──────────┬─────────┬─────────┬─────────┬─────────┬─────────┬─────────┬─────────┬─────────╮
│         ┆  Danilo ┆   Elia  ┆ Emanuell ┆  Fabio  ┆  Marvin ┆   Mike  ┆   Paco  ┆  Peter  ┆ Steffen ┆  Teezy  ┆   Max   │
╞═════════╪═════════╪═════════╪══════════╪═════════╪═════════╪═════════╪═════════╪═════════╪═════════╪═════════╪═════════╡
│[48;5;0m Alicia  [49m┆[48;5;0m[38;5;9m 0.000   [49m[39m┆[48;5;0m[38;5;10m 100.000 [49m[39m┆[48;5;0m[38;5;9m 0.000    [49m[39m┆[48;5;0m[38;5;9m 0.000   [49m[39m┆[48;5;0m[38;5;9m 0.000   [49m[39m┆[48;5;0m[38;5;9m 0.000   [49m[39m┆[48;5;0m[38;5;9m 0.000   [49m[39m┆[48;5;0m[38;5;9m 0.000   [49m[39m┆[48;5;0m[38;5;9m 0.000   [49m[39m┆[48;5;0m[38;5;9m 0.000   [49m[39m┆[48;5;0m[38;5;9m 0.000   [49m[39m│
│ Darya   ┆[38;5;10m 100.000 [39m┆[38;5;9m 0.000   [39m┆[38;5;9m 0.000    [39m┆[38;5;9m 0.000   [39m┆[38;5;9m 0.000   [39m┆[38;5;9m 0.000   [39m┆[38;5;9m 0.000   [39m┆[38;5;9m 0.000   [39m┆[38;5;9m 0.000   [39m┆[38;5;9m 0.000   [39m┆[38;5;9m 0.000   [39m│
│[48;5;0m Jenny   [49m┆[48;5;0m[38;5;9m 0.000   [49m[39m┆[48;5;0m[38;5;9m 0.000   [49m[39m┆[48;5;0m[38;5;9m 0.000    [49m[39m┆[48;5;0m[38;5;9m 0.000   [49m[39m┆[48;5;0m[38;5;9m 0.000   [49m[39m┆[48;5;0m[38;5;9m 0.000   [49m[39m┆[48;5;0m[38;5;10m 100.000 [49m[39m┆[48;5;0m[38;5;9m 0.000   [49m[39m┆[48;5;0m[38;5;9m 0.000   [49m[39m┆[48;5;0m[38;5;9m 0.000   [49m[39m┆[48;5;0m[38;5;9m 0.000   [49m[39m│
│ Kim     ┆[38;5;9m 0.000   [39m┆[38;5;9m 0.000   [39m┆[38;5;9m 0.000    [39m┆[38;5;9m 0.000   [39m┆[38;5;9m 0.000   [39m┆[38;5;9m 0.000   [39m┆[38;5;9m 0.000   [39m┆[38;5;9m 0.000   [39m┆[38;5;9m 0.000   [39m┆[38;5;10m 100.000 [39m┆[38;5;9m 0.000   [39m│
│[48;5;0m Marie   [49m┆[48;5;0m[38;5;9m 0.000   [49m[39m┆[48;5;0m[38;5;9m 0.000   [49m[39m┆[48;5;0m[38;5;9m 0.000    [49m[39m┆[48;5;0m[38;5;10m 100.000 [49m[39m┆[48;5;0m[38;5;9m 0.000   [49m[39m┆[48;5;0m[38;5;9m 0.000   [49m[39m┆[48;5;0m[38;5;9m 0.000   [49m[39m┆[48;5;0m[38;5;9m 0.000   [49m[39m┆[48;5;0m[38;5;9m 0.000   [49m[39m┆[48;5;0m[38;5;9m 0.000   [49m[39m┆[48;5;0m[38;5;9m 0.000   [49m[39m│
│ Paulina ┆[38;5;9m 0.000   [39m┆[38;5;9m 0.000   [39m┆[38;5;9m 0.000    [39m┆[38;5;9m 0.000   [39m┆[38;5;9m 0.000   [39m┆[38;5;9m 0.000   [39m┆[38;5;9m 0.000   [39m┆[38;5;10m 100.000 [39m┆[38;5;9m 0.000   [39m┆[38;5;9m 0.000   [39m┆[38;5;10m 100.000 [39m│
│[48;5;0m Sabrina [49m┆[48;5;0m[38;5;9m 0.000   [49m[39m┆[48;5;0m[38;5;9m 0.000   [49m[39m┆[48;5;0m[38;5;9m 0.000    [49m[39m┆[48;5;0m[38;5;9m 0.000   [49m[39m┆[48;5;0m[38;5;9m 0.000   [49m[39m┆[48;5;0m[38;5;10m 100.000 [49m[39m┆[48;5;0m[38;5;9m 0.000   [49m[39m┆[48;5;0m[38;5;9m 0.000   [49m[39m┆[48;5;0m[38;5;9m 0.000   [49m[39m┆[48;5;0m[38;5;9m 0.000   [49m[39m┆[48;5;0m[38;5;9m 0.000   [49m[39m│
│ Sandra  ┆[38;5;9m 0.000   [39m┆[38;5;9m 0.000   [39m┆[38;5;9m 0.000    [39m┆[38;5;9m 0.000   [39m┆[38;5;9m 0.000   [39m┆[38;5;9m 0.000   [39m┆[38;5;9m 0.000   [39m┆[38;5;9m 0.000   [39m┆[38;5;10m 100.000 [39m┆[38;5;9m 0.000   [39m┆[38;5;9m 0.000   [39m│
│[48;5;0m Shakira [49m┆[48;5;0m[38;5;9m 0.000   [49m[39m┆[48;5;0m[38;5;9m 0.000   [49m[39m┆[48;5;0m[38;5;9m 0.000    [49m[39m┆[48;5;0m[38;5;9m 0.000   [49m[39m┆[48;5;0m[38;5;10m 100.000 [49m[39m┆[48;5;0m[38;5;9m 0.000   [49m[39m┆[48;5;0m[38;5;9m 0.000   [49m[39m┆[48;5;0m[38;5;9m 0.000   [49m[39m┆[48;5;0m[38;5;9m 0.000   [49m[39m┆[48;5;0m[38;5;9m 0.000   [49m[39m┆[48;5;0m[38;5;9m 0.000   [49m[39m│
│ Steffi  ┆[38;5;9m 0.000   [39m┆[38;5;9m 0.000   [39m┆[38;5;10m 100.000  [39m┆[38;5;9m 0.000   [39m┆[38;5;9m 0.000   [39m┆[38;5;9m 0.000   [39m┆[38;5;9m 0.000   [39m┆[38;5;9m 0.000   [39m┆[38;5;9m 0.000   [39m┆[38;5;9m 0.000   [39m┆[38;5;9m 0.000   [39m│
╰─────────┴─────────┴─────────┴──────────┴─────────┴─────────┴─────────┴─────────┴─────────┴─────────┴─────────┴─────────╯
1 left -> 0.0000 bits left

MN#10.0 E22
1x Paulina -> Max
3x Steffi -> Emanuell
2x Shakira -> Marvin
5x Kim -> Teezy
8x Darya -> Danilo
1x Jenny -> Paco
0x Alicia -> Elia
4x Marie -> Fabio
2x Sabrina -> Mike
2x Sandra -> Steffen
---
-> Pr[lights]: {10: 100.0%}
->  E[lights]: 10.000
10 lights => I = -0.0000 bits
╭─────────┬─────────┬─────────┬──────────┬─────────┬─────────┬─────────┬─────────┬─────────┬─────────┬─────────┬─────────╮
│         ┆  Danilo ┆   Elia  ┆ Emanuell ┆  Fabio  ┆  Marvin ┆   Mike  ┆   Paco  ┆  Peter  ┆ Steffen ┆  Teezy  ┆   Max   │
╞═════════╪═════════╪═════════╪══════════╪═════════╪═════════╪═════════╪═════════╪═════════╪═════════╪═════════╪═════════╡
│[48;5;0m Alicia  [49m┆[48;5;0m[38;5;9m 0.000   [49m[39m┆[48;5;0m[38;5;10m 100.000 [49m[39m┆[48;5;0m[38;5;9m 0.000    [49m[39m┆[48;5;0m[38;5;9m 0.000   [49m[39m┆[48;5;0m[38;5;9m 0.000   [49m[39m┆[48;5;0m[38;5;9m 0.000   [49m[39m┆[48;5;0m[38;5;9m 0.000   [49m[39m┆[48;5;0m[38;5;9m 0.000   [49m[39m┆[48;5;0m[38;5;9m 0.000   [49m[39m┆[48;5;0m[38;5;9m 0.000   [49m[39m┆[48;5;0m[38;5;9m 0.000   [49m[39m│
│ Darya   ┆[38;5;10m 100.000 [39m┆[38;5;9m 0.000   [39m┆[38;5;9m 0.000    [39m┆[38;5;9m 0.000   [39m┆[38;5;9m 0.000   [39m┆[38;5;9m 0.000   [39m┆[38;5;9m 0.000   [39m┆[38;5;9m 0.000   [39m┆[38;5;9m 0.000   [39m┆[38;5;9m 0.000   [39m┆[38;5;9m 0.000   [39m│
│[48;5;0m Jenny   [49m┆[48;5;0m[38;5;9m 0.000   [49m[39m┆[48;5;0m[38;5;9m 0.000   [49m[39m┆[48;5;0m[38;5;9m 0.000    [49m[39m┆[48;5;0m[38;5;9m 0.000   [49m[39m┆[48;5;0m[38;5;9m 0.000   [49m[39m┆[48;5;0m[38;5;9m 0.000   [49m[39m┆[48;5;0m[38;5;10m 100.000 [49m[39m┆[48;5;0m[38;5;9m 0.000   [49m[39m┆[48;5;0m[38;5;9m 0.000   [49m[39m┆[48;5;0m[38;5;9m 0.000   [49m[39m┆[48;5;0m[38;5;9m 0.000   [49m[39m│
│ Kim     ┆[38;5;9m 0.000   [39m┆[38;5;9m 0.000   [39m┆[38;5;9m 0.000    [39m┆[38;5;9m 0.000   [39m┆[38;5;9m 0.000   [39m┆[38;5;9m 0.000   [39m┆[38;5;9m 0.000   [39m┆[38;5;9m 0.000   [39m┆[38;5;9m 0.000   [39m┆[38;5;10m 100.000 [39m┆[38;5;9m 0.000   [39m│
│[48;5;0m Marie   [49m┆[48;5;0m[38;5;9m 0.000   [49m[39m┆[48;5;0m[38;5;9m 0.000   [49m[39m┆[48;5;0m[38;5;9m 0.000    [49m[39m┆[48;5;0m[38;5;10m 100.000 [49m[39m┆[48;5;0m[38;5;9m 0.000   [49m[39m┆[48;5;0m[38;5;9m 0.000   [49m[39m┆[48;5;0m[38;5;9m 0.000   [49m[39m┆[48;5;0m[38;5;9m 0.000   [49m[39m┆[48;5;0m[38;5;9m 0.000   [49m[39m┆[48;5;0m[38;5;9m 0.000   [49m[39m┆[48;5;0m[38;5;9m 0.000   [49m[39m│
│ Paulina ┆[38;5;9m 0.000   [39m┆[38;5;9m 0.000   [39m┆[38;5;9m 0.000    [39m┆[38;5;9m 0.000   [39m┆[38;5;9m 0.000   [39m┆[38;5;9m 0.000   [39m┆[38;5;9m 0.000   [39m┆[38;5;10m 100.000 [39m┆[38;5;9m 0.000   [39m┆[38;5;9m 0.000   [39m┆[38;5;10m 100.000 [39m│
│[48;5;0m Sabrina [49m┆[48;5;0m[38;5;9m 0.000   [49m[39m┆[48;5;0m[38;5;9m 0.000   [49m[39m┆[48;5;0m[38;5;9m 0.000    [49m[39m┆[48;5;0m[38;5;9m 0.000   [49m[39m┆[48;5;0m[38;5;9m 0.000   [49m[39m┆[48;5;0m[38;5;10m 100.000 [49m[39m┆[48;5;0m[38;5;9m 0.000   [49m[39m┆[48;5;0m[38;5;9m 0.000   [49m[39m┆[48;5;0m[38;5;9m 0.000   [49m[39m┆[48;5;0m[38;5;9m 0.000   [49m[39m┆[48;5;0m[38;5;9m 0.000   [49m[39m│
│ Sandra  ┆[38;5;9m 0.000   [39m┆[38;5;9m 0.000   [39m┆[38;5;9m 0.000    [39m┆[38;5;9m 0.000   [39m┆[38;5;9m 0.000   [39m┆[38;5;9m 0.000   [39m┆[38;5;9m 0.000   [39m┆[38;5;9m 0.000   [39m┆[38;5;10m 100.000 [39m┆[38;5;9m 0.000   [39m┆[38;5;9m 0.000   [39m│
│[48;5;0m Shakira [49m┆[48;5;0m[38;5;9m 0.000   [49m[39m┆[48;5;0m[38;5;9m 0.000   [49m[39m┆[48;5;0m[38;5;9m 0.000    [49m[39m┆[48;5;0m[38;5;9m 0.000   [49m[39m┆[48;5;0m[38;5;10m 100.000 [49m[39m┆[48;5;0m[38;5;9m 0.000   [49m[39m┆[48;5;0m[38;5;9m 0.000   [49m[39m┆[48;5;0m[38;5;9m 0.000   [49m[39m┆[48;5;0m[38;5;9m 0.000   [49m[39m┆[48;5;0m[38;5;9m 0.000   [49m[39m┆[48;5;0m[38;5;9m 0.000   [49m[39m│
│ Steffi  ┆[38;5;9m 0.000   [39m┆[38;5;9m 0.000   [39m┆[38;5;10m 100.000  [39m┆[38;5;9m 0.000   [39m┆[38;5;9m 0.000   [39m┆[38;5;9m 0.000   [39m┆[38;5;9m 0.000   [39m┆[38;5;9m 0.000   [39m┆[38;5;9m 0.000   [39m┆[38;5;9m 0.000   [39m┆[38;5;9m 0.000   [39m│
╰─────────┴─────────┴─────────┴──────────┴─────────┴─────────┴─────────┴─────────┴─────────┴─────────┴─────────┴─────────╯
1 left -> 0.0000 bits left

╭─────────┬────┬──────────┬───────────┬───────────┬────────┬──────────┬──────────┬───────────┬──────────┬──────────┬───────────┬───┬─────────┬──────┬──────────╮
│         ┆  L ┆  Alicia  ┆   Darya   ┆   Jenny   ┆   Kim  ┆   Marie  ┆  Paulina ┆  Sabrina  ┆  Sandra  ┆  Shakira ┆   Steffi  ┆   ┆    I    ┆ #new ┆ min dist │
╞═════════╪════╪══════════╪═══════════╪═══════════╪════════╪══════════╪══════════╪═══════════╪══════════╪══════════╪═══════════╪═══╪═════════╪══════╪══════════╡
│ MB#1.0  ┆ 0  ┆          ┆           ┆ Danilo    ┆        ┆          ┆          ┆           ┆          ┆          ┆           ┆   ┆ 0.1520  ┆      ┆          │
│ MN#1.0  ┆ 3  ┆ Peter*   ┆ Danilo*   ┆ Elia*     ┆ Mike*  ┆ Fabio*   ┆ Steffen* ┆ Emanuell* ┆ Paco*    ┆ Marvin*  ┆ Teezy*    ┆   ┆ 3.9926  ┆ 10   ┆          │
│ MB#2.0  ┆ 0  ┆          ┆           ┆ Elia      ┆        ┆          ┆          ┆           ┆          ┆          ┆           ┆   ┆ 0.5677  ┆      ┆          │
│ MN#2.0  ┆ 2  ┆ Steffen* ┆ Emanuell* ┆ Marvin*   ┆ Paco*  ┆ Fabio    ┆ Danilo*  ┆ Mike*     ┆ Elia*    ┆ Peter*   ┆ Teezy     ┆   ┆ 2.0532  ┆ 8    ┆ 8/MN#1   │
│ MB#3.0  ┆ 0  ┆          ┆ Elia      ┆           ┆        ┆          ┆          ┆           ┆          ┆          ┆           ┆   ┆ 0.1660  ┆      ┆          │
│ MN#3.0  ┆ 2  ┆ Steffen  ┆ Danilo    ┆ Emanuell* ┆ Teezy* ┆ Elia*    ┆ Mike*    ┆ Peter*    ┆ Paco     ┆ Fabio*   ┆ Marvin*   ┆   ┆ 2.0956  ┆ 7    ┆ 8/MN#1   │
│ MB#4.0  ┆ 0  ┆          ┆           ┆           ┆ Mike   ┆          ┆          ┆           ┆          ┆          ┆           ┆   ┆ 0.3728  ┆      ┆          │
│ MN#4.0  ┆ 4  ┆ Teezy*   ┆ Danilo    ┆ Marvin    ┆ Peter* ┆ Elia     ┆ Max*     ┆ Paco*     ┆ Steffen* ┆ Fabio    ┆ Emanuell* ┆   ┆ 5.0811  ┆ 6    ┆ 7/MN#3   │
│ MB#5.0  ┆ 1  ┆          ┆ Danilo    ┆           ┆        ┆          ┆          ┆           ┆          ┆          ┆           ┆   ┆ 0.2058  ┆      ┆          │
│ MN#5.0  ┆ 3  ┆ Steffen  ┆ Danilo    ┆ Marvin    ┆ Teezy  ┆ Fabio    ┆ Mike     ┆ Emanuell  ┆ Max*     ┆ Paco*    ┆ Elia*     ┆   ┆ 1.5839  ┆ 3    ┆ 6/MN#3   │
│ MB#6.0  ┆ 0  ┆ Teezy    ┆           ┆           ┆        ┆          ┆          ┆           ┆          ┆          ┆           ┆   ┆ 0.4804  ┆      ┆          │
│ MN#6.0  ┆ 4  ┆ Paco*    ┆ Danilo    ┆ Marvin    ┆ Teezy  ┆ Elia     ┆ Mike     ┆ Peter     ┆ Steffen  ┆ Fabio    ┆ Emanuell  ┆   ┆ 1.7037  ┆ 1    ┆ 4/MN#3   │
│ MB#7.0  ┆ E  ┆ Peter    ┆ Max       ┆           ┆        ┆          ┆          ┆           ┆          ┆          ┆           ┆   ┆ 2.9578  ┆      ┆          │
│ MN#7.0  ┆ 3  ┆ Fabio*   ┆ Danilo    ┆ Paco*     ┆ Teezy  ┆ Steffen* ┆ Marvin*  ┆ Emanuell  ┆ Mike*    ┆ Max*     ┆ Elia      ┆   ┆ 2.1155  ┆ 6    ┆ 6/MN#5   │
│ MB#8.0  ┆ 0  ┆          ┆           ┆           ┆        ┆          ┆          ┆ Max       ┆          ┆          ┆           ┆   ┆ -0.0000 ┆      ┆          │
│ MN#8.0  ┆ 1  ┆ Paco     ┆ Danilo    ┆ Marvin    ┆ Max*   ┆ Elia     ┆ Teezy*   ┆ Emanuell  ┆ Fabio*   ┆ Steffen* ┆ Mike*     ┆   ┆ 1.5850  ┆ 5    ┆ 6/MN#6   │
│ MB#9.0  ┆ 1  ┆          ┆           ┆           ┆        ┆          ┆          ┆           ┆          ┆          ┆ Emanuell  ┆   ┆ -0.0000 ┆      ┆          │
│ MN#9.0  ┆ 6  ┆ Steffen  ┆ Danilo    ┆ Max*      ┆ Teezy  ┆ Fabio    ┆ Paco*    ┆ Mike      ┆ Elia     ┆ Marvin   ┆ Emanuell  ┆   ┆ -0.0000 ┆ 2    ┆ 6/MN#2   │
│ MB#10.0 ┆ 1  ┆ Elia     ┆           ┆           ┆        ┆          ┆          ┆           ┆          ┆          ┆           ┆   ┆ -0.0000 ┆      ┆          │
│ MN#10.0 ┆ 10 ┆ Elia     ┆ Danilo    ┆ Paco      ┆ Teezy  ┆ Fabio    ┆ Max      ┆ Mike      ┆ Steffen  ┆ Marvin   ┆ Emanuell  ┆   ┆ -0.0000 ┆ 0    ┆ 4/MN#9   │
╰─────────┴────┴──────────┴───────────┴───────────┴────────┴──────────┴──────────┴───────────┴──────────┴──────────┴───────────┴───┴─────────┴──────┴──────────╯
Total permutations: 36288000  Permutations left: 1  Initial combinations for each pair: 3628800

Ran in 10.40s
